

====================================================================================
Summary
====================================================================================

Date: 2024-09-26 15:13:51
Target Device: /opt/xilinx/platforms/xilinx_u200_gen3x16_xdma_2_202110_1/xilinx_u200_gen3x16_xdma_2_202110_1.xpfm
Target Frequency: 250MHz
Estimated Frequency: 250MHz
+-----------------------------+--------------+------------+------------+--------+----------+-------+------+
|           Kernel            |    Cycles    |    LUT     |     FF     |  BRAM  |   DSP    | URAM  |Detail|
+-----------------------------+--------------+------------+------------+--------+----------+-------+------+
|kernel_gemm (bert_100_64.c:3)|3907 (0.016ms)|300419 (25%)|669728 (28%)|106 (2%)|3984 (58%)|0 (~0%)|-     |
+-----------------------------+--------------+------------+------------+--------+----------+-------+------+


====================================================================================
Interface
====================================================================================

+-------------------+-----------+-----------+----+------------------+
|     Interface     |SW Bitwidth|HW Bitwidth|Type|      Detail      |
+-------------------+-----------+-----------+----+------------------+
|C (bert_100_64.c:3)|         32|        512| R/W|cached & coalesced|
|A (bert_100_64.c:3)|         32|        128|  RO|cached & coalesced|
|B (bert_100_64.c:3)|         32|        512|  RO|cached & coalesced|
+-------------------+-----------+-----------+----+------------------+


====================================================================================
Performance Estimate (TC: Trip Count, AC: Accumulated Cycles, CPC: Cycles Per Call)
====================================================================================

+-------------------------------------+---+-------------+----+-----------------------------+
|              Hierarchy              |TC |     AC      |CPC |           Detail            |
+-------------------------------------+---+-------------+----+-----------------------------+
|kernel_gemm (bert_100_64.c:3)        |   |3907 (100.0%)|3907|-                            |
|    auto memory burst for 'A'(read)  |   |2500 ( 64.0%)|2500|cache size=40000B            |
|    auto memory burst for 'C'(read)  |   | 400 ( 10.2%)| 400|cache size=25600B            |
|    auto memory burst for 'B'(read)  |   | 400 ( 10.2%)| 400|cache size=25600B            |
|    loop i (bert_100_64.c:14)        |100| 854 ( 21.9%)| 854|pipeline II=1                |
|        loop j (bert_100_64.c:21)    | 64|            -|   -|flattened, parallel factor=8x|
|            loop k (bert_100_64.c:25)|100|            -|   -|parallel factor=100x         |
|    auto memory burst for 'C'(write) |   | 400 ( 10.2%)| 400|cache size=25600B            |
+-------------------------------------+---+-------------+----+-----------------------------+


====================================================================================
Resource Estimate
====================================================================================

+-------------------------------------+------------+------------+--------+----------+-------+------+
|              Hierarchy              |    LUT     |     FF     |  BRAM  |   DSP    | URAM  |Detail|
+-------------------------------------+------------+------------+--------+----------+-------+------+
|kernel_gemm (bert_100_64.c:3)        |300419 (25%)|669728 (28%)|106 (2%)|3984 (58%)|0 (~0%)|-     |
|    auto memory burst for 'A'(read)  |           -|           -|       -|         -|      -|-     |
|    auto memory burst for 'C'(read)  |           -|           -|       -|         -|      -|-     |
|    auto memory burst for 'B'(read)  |           -|           -|       -|         -|      -|-     |
|    loop i (bert_100_64.c:14)        |           -|           -|       -|         -|      -|-     |
|        loop j (bert_100_64.c:21)    |           -|           -|       -|         -|      -|-     |
|            loop k (bert_100_64.c:25)|           -|           -|       -|         -|      -|-     |
|    auto memory burst for 'C'(write) |           -|           -|       -|         -|      -|-     |
+-------------------------------------+------------+------------+--------+----------+-------+------+
