

================================================================
== Vitis HLS Report for 'kernel_gemm_Pipeline_L3'
================================================================
* Date:           Thu Sep 26 15:07:01 2024

* Version:        2023.2 (Build 4023990 on Oct 11 2023)
* Project:        kernel_gemm
* Solution:       solution (Vitis Kernel Flow Target)
* Product family: virtexuplus
* Target device:  xcu200-fsgd2104-2-e


================================================================
== Performance Estimates
================================================================
+ Timing: 
    * Summary: 
    +--------+---------+----------+------------+
    |  Clock |  Target | Estimated| Uncertainty|
    +--------+---------+----------+------------+
    |ap_clk  |  4.00 ns|  2.920 ns|     1.08 ns|
    +--------+---------+----------+------------+

+ Latency: 
    * Summary: 
    +---------+---------+----------+----------+-----+-----+---------+
    |  Latency (cycles) |  Latency (absolute) |  Interval | Pipeline|
    |   min   |   max   |    min   |    max   | min | max |   Type  |
    +---------+---------+----------+----------+-----+-----+---------+
    |      403|      403|  1.612 us|  1.612 us|  403|  403|       no|
    +---------+---------+----------+----------+-----+-----+---------+

    + Detail: 
        * Instance: 
        N/A

        * Loop: 
        +----------+---------+---------+----------+-----------+-----------+------+----------+
        |          |  Latency (cycles) | Iteration|  Initiation Interval  | Trip |          |
        | Loop Name|   min   |   max   |  Latency |  achieved |   target  | Count| Pipelined|
        +----------+---------+---------+----------+-----------+-----------+------+----------+
        |- L3      |      401|      401|         3|          1|          1|   400|       yes|
        +----------+---------+---------+----------+-----------+-----------+------+----------+

============================================================
+ Verbose Summary: Synthesis Manager
============================================================
InlineROM: 1
ExposeGlobal: 0
============================================================
+ Verbose Summary: CDFG Model
============================================================
IsTopModel: 0
ResetActiveHigh: 1
IsCombinational: 0
IsDatapathOnly: 0
HasWiredReturn: 1
HasMFsm: 2
HasVarLatency: 1
IsPipeline: 0
IsRtlPipelined: 0
IsInstanceOverlapped: 0
IsDontTouch: 0
HasImplIP: 0
IsGatedGlobalClock: 0

+ Individual pipeline summary: 
  * Pipeline-0: initiation interval (II) = 1, depth = 4


============================================================
+ Verbose Summary: Schedule
============================================================
* Number of FSM states : 4
* Pipeline : 1
  Pipeline-0 : II = 1, D = 4, States = { 1 2 3 4 }
* Dataflow Pipeline: 0

* FSM state transitions: 
1 --> 2 
2 --> 3 
3 --> 4 
4 --> 

* FSM state operations: 

State 1 <SV = 0> <Delay = 0.38>
ST_1 : Operation 6 [1/1] (0.00ns)   --->   "%i = alloca i32 1" [/home/spouget/iccad_24/autodse_tree_reduction/bert_100_64/_done/work_dir/output/fast/0/.merlin_prj/run/implement/exec/hls/mars_wide_bus_3d.h:1785->/home/spouget/iccad_24/autodse_tree_reduction/bert_100_64/_done/work_dir/output/fast/0/.merlin_prj/run/implement/exec/hls/__merlinkernel_kernel_gemm.c:134]   --->   Operation 6 'alloca' 'i' <Predicate = true> <Delay = 0.00>
ST_1 : Operation 7 [1/1] (0.00ns)   --->   "%index3 = alloca i32 1" [/home/spouget/iccad_24/autodse_tree_reduction/bert_100_64/_done/work_dir/output/fast/0/.merlin_prj/run/implement/exec/hls/mars_wide_bus_3d.h:1823->/home/spouget/iccad_24/autodse_tree_reduction/bert_100_64/_done/work_dir/output/fast/0/.merlin_prj/run/implement/exec/hls/__merlinkernel_kernel_gemm.c:134]   --->   Operation 7 'alloca' 'index3' <Predicate = true> <Delay = 0.00>
ST_1 : Operation 8 [1/1] (0.00ns)   --->   "%index2 = alloca i32 1" [/home/spouget/iccad_24/autodse_tree_reduction/bert_100_64/_done/work_dir/output/fast/0/.merlin_prj/run/implement/exec/hls/mars_wide_bus_3d.h:1823->/home/spouget/iccad_24/autodse_tree_reduction/bert_100_64/_done/work_dir/output/fast/0/.merlin_prj/run/implement/exec/hls/__merlinkernel_kernel_gemm.c:134]   --->   Operation 8 'alloca' 'index2' <Predicate = true> <Delay = 0.00>
ST_1 : Operation 9 [1/1] (0.00ns)   --->   "%sext_ln1705_read = read i58 @_ssdm_op_Read.ap_auto.i58, i58 %sext_ln1705"   --->   Operation 9 'read' 'sext_ln1705_read' <Predicate = true> <Delay = 0.00>
ST_1 : Operation 10 [1/1] (0.00ns)   --->   "%sext_ln1705_cast = sext i58 %sext_ln1705_read"   --->   Operation 10 'sext' 'sext_ln1705_cast' <Predicate = true> <Delay = 0.00>
ST_1 : Operation 11 [1/1] (0.00ns)   --->   "%specinterface_ln0 = specinterface void @_ssdm_op_SpecInterface, i512 %merlin_gmem_kernel_gemm_512_C, void @empty_12, i32 0, i32 0, void @empty_0, i32 64, i32 400, void @empty_1, void @empty_8, void @empty_0, i32 16, i32 16, i32 16, i32 16, void @empty_0, void @empty_0, i32 4294967295, i32 0"   --->   Operation 11 'specinterface' 'specinterface_ln0' <Predicate = true> <Delay = 0.00>
ST_1 : Operation 12 [1/1] (0.38ns)   --->   "%store_ln1823 = store i64 0, i64 %index2" [/home/spouget/iccad_24/autodse_tree_reduction/bert_100_64/_done/work_dir/output/fast/0/.merlin_prj/run/implement/exec/hls/mars_wide_bus_3d.h:1823->/home/spouget/iccad_24/autodse_tree_reduction/bert_100_64/_done/work_dir/output/fast/0/.merlin_prj/run/implement/exec/hls/__merlinkernel_kernel_gemm.c:134]   --->   Operation 12 'store' 'store_ln1823' <Predicate = true> <Delay = 0.38>
ST_1 : Operation 13 [1/1] (0.38ns)   --->   "%store_ln1823 = store i64 0, i64 %index3" [/home/spouget/iccad_24/autodse_tree_reduction/bert_100_64/_done/work_dir/output/fast/0/.merlin_prj/run/implement/exec/hls/mars_wide_bus_3d.h:1823->/home/spouget/iccad_24/autodse_tree_reduction/bert_100_64/_done/work_dir/output/fast/0/.merlin_prj/run/implement/exec/hls/__merlinkernel_kernel_gemm.c:134]   --->   Operation 13 'store' 'store_ln1823' <Predicate = true> <Delay = 0.38>
ST_1 : Operation 14 [1/1] (0.38ns)   --->   "%store_ln1785 = store i9 0, i9 %i" [/home/spouget/iccad_24/autodse_tree_reduction/bert_100_64/_done/work_dir/output/fast/0/.merlin_prj/run/implement/exec/hls/mars_wide_bus_3d.h:1785->/home/spouget/iccad_24/autodse_tree_reduction/bert_100_64/_done/work_dir/output/fast/0/.merlin_prj/run/implement/exec/hls/__merlinkernel_kernel_gemm.c:134]   --->   Operation 14 'store' 'store_ln1785' <Predicate = true> <Delay = 0.38>
ST_1 : Operation 15 [1/1] (0.00ns)   --->   "%br_ln0 = br void %for.body92.i"   --->   Operation 15 'br' 'br_ln0' <Predicate = true> <Delay = 0.00>

State 2 <SV = 1> <Delay = 1.94>
ST_2 : Operation 16 [1/1] (0.00ns)   --->   "%i_1 = load i9 %i" [/home/spouget/iccad_24/autodse_tree_reduction/bert_100_64/_done/work_dir/output/fast/0/.merlin_prj/run/implement/exec/hls/mars_wide_bus_3d.h:1845->/home/spouget/iccad_24/autodse_tree_reduction/bert_100_64/_done/work_dir/output/fast/0/.merlin_prj/run/implement/exec/hls/__merlinkernel_kernel_gemm.c:134]   --->   Operation 16 'load' 'i_1' <Predicate = true> <Delay = 0.00>
ST_2 : Operation 17 [1/1] (0.00ns)   --->   "%index3_1 = load i64 %index3" [/home/spouget/iccad_24/autodse_tree_reduction/bert_100_64/_done/work_dir/output/fast/0/.merlin_prj/run/implement/exec/hls/mars_wide_bus_3d.h:1870->/home/spouget/iccad_24/autodse_tree_reduction/bert_100_64/_done/work_dir/output/fast/0/.merlin_prj/run/implement/exec/hls/__merlinkernel_kernel_gemm.c:134]   --->   Operation 17 'load' 'index3_1' <Predicate = true> <Delay = 0.00>
ST_2 : Operation 18 [1/1] (0.00ns)   --->   "%specbitsmap_ln0 = specbitsmap void @_ssdm_op_SpecBitsMap, i512 %merlin_gmem_kernel_gemm_512_C"   --->   Operation 18 'specbitsmap' 'specbitsmap_ln0' <Predicate = true> <Delay = 0.00>
ST_2 : Operation 19 [1/1] (0.00ns)   --->   "%trunc_ln1870 = trunc i64 %index3_1" [/home/spouget/iccad_24/autodse_tree_reduction/bert_100_64/_done/work_dir/output/fast/0/.merlin_prj/run/implement/exec/hls/mars_wide_bus_3d.h:1870->/home/spouget/iccad_24/autodse_tree_reduction/bert_100_64/_done/work_dir/output/fast/0/.merlin_prj/run/implement/exec/hls/__merlinkernel_kernel_gemm.c:134]   --->   Operation 19 'trunc' 'trunc_ln1870' <Predicate = true> <Delay = 0.00>
ST_2 : Operation 20 [1/1] (0.00ns)   --->   "%tmp = bitconcatenate i9 @_ssdm_op_BitConcatenate.i9.i7.i2, i7 %trunc_ln1870, i2 0" [/home/spouget/iccad_24/autodse_tree_reduction/bert_100_64/_done/work_dir/output/fast/0/.merlin_prj/run/implement/exec/hls/mars_wide_bus_3d.h:1870->/home/spouget/iccad_24/autodse_tree_reduction/bert_100_64/_done/work_dir/output/fast/0/.merlin_prj/run/implement/exec/hls/__merlinkernel_kernel_gemm.c:134]   --->   Operation 20 'bitconcatenate' 'tmp' <Predicate = true> <Delay = 0.00>
ST_2 : Operation 21 [1/1] (0.71ns)   --->   "%icmp_ln1845 = icmp_eq  i9 %i_1, i9 400" [/home/spouget/iccad_24/autodse_tree_reduction/bert_100_64/_done/work_dir/output/fast/0/.merlin_prj/run/implement/exec/hls/mars_wide_bus_3d.h:1845->/home/spouget/iccad_24/autodse_tree_reduction/bert_100_64/_done/work_dir/output/fast/0/.merlin_prj/run/implement/exec/hls/__merlinkernel_kernel_gemm.c:134]   --->   Operation 21 'icmp' 'icmp_ln1845' <Predicate = true> <Delay = 0.71> <CoreInst = "Cmp">   --->   Core 9 'Cmp' <Latency = 0> <II = 1> <Delay = 0.71> <FuncUnit> <Opcode : 'icmp'> <InPorts = 2> <OutPorts = 1>
ST_2 : Operation 22 [1/1] (0.71ns)   --->   "%i_2 = add i9 %i_1, i9 1" [/home/spouget/iccad_24/autodse_tree_reduction/bert_100_64/_done/work_dir/output/fast/0/.merlin_prj/run/implement/exec/hls/mars_wide_bus_3d.h:1845->/home/spouget/iccad_24/autodse_tree_reduction/bert_100_64/_done/work_dir/output/fast/0/.merlin_prj/run/implement/exec/hls/__merlinkernel_kernel_gemm.c:134]   --->   Operation 22 'add' 'i_2' <Predicate = true> <Delay = 0.71> <CoreInst = "Adder">   --->   Core 1 'Adder' <Latency = 0> <II = 1> <Delay = 0.71> <FuncUnit> <Opcode : 'add' 'sub'> <InPorts = 2> <OutPorts = 1>
ST_2 : Operation 23 [1/1] (0.00ns)   --->   "%br_ln1845 = br i1 %icmp_ln1845, void %for.body92.i.split, void %memcpy_wide_bus_write_float_3d_8_8_512.exit.exitStub" [/home/spouget/iccad_24/autodse_tree_reduction/bert_100_64/_done/work_dir/output/fast/0/.merlin_prj/run/implement/exec/hls/mars_wide_bus_3d.h:1845->/home/spouget/iccad_24/autodse_tree_reduction/bert_100_64/_done/work_dir/output/fast/0/.merlin_prj/run/implement/exec/hls/__merlinkernel_kernel_gemm.c:134]   --->   Operation 23 'br' 'br_ln1845' <Predicate = true> <Delay = 0.00>
ST_2 : Operation 24 [1/1] (0.00ns)   --->   "%index2_load = load i64 %index2" [/home/spouget/iccad_24/autodse_tree_reduction/bert_100_64/_done/work_dir/output/fast/0/.merlin_prj/run/implement/exec/hls/mars_wide_bus_3d.h:1845->/home/spouget/iccad_24/autodse_tree_reduction/bert_100_64/_done/work_dir/output/fast/0/.merlin_prj/run/implement/exec/hls/__merlinkernel_kernel_gemm.c:134]   --->   Operation 24 'load' 'index2_load' <Predicate = (!icmp_ln1845)> <Delay = 0.00>
ST_2 : Operation 25 [1/1] (0.00ns)   --->   "%trunc_ln1845 = trunc i64 %index2_load" [/home/spouget/iccad_24/autodse_tree_reduction/bert_100_64/_done/work_dir/output/fast/0/.merlin_prj/run/implement/exec/hls/mars_wide_bus_3d.h:1845->/home/spouget/iccad_24/autodse_tree_reduction/bert_100_64/_done/work_dir/output/fast/0/.merlin_prj/run/implement/exec/hls/__merlinkernel_kernel_gemm.c:134]   --->   Operation 25 'trunc' 'trunc_ln1845' <Predicate = (!icmp_ln1845)> <Delay = 0.00>
ST_2 : Operation 26 [1/1] (0.71ns)   --->   "%add_ln1870 = add i9 %tmp, i9 %trunc_ln1845" [/home/spouget/iccad_24/autodse_tree_reduction/bert_100_64/_done/work_dir/output/fast/0/.merlin_prj/run/implement/exec/hls/mars_wide_bus_3d.h:1870->/home/spouget/iccad_24/autodse_tree_reduction/bert_100_64/_done/work_dir/output/fast/0/.merlin_prj/run/implement/exec/hls/__merlinkernel_kernel_gemm.c:134]   --->   Operation 26 'add' 'add_ln1870' <Predicate = (!icmp_ln1845)> <Delay = 0.71> <CoreInst = "Adder">   --->   Core 1 'Adder' <Latency = 0> <II = 1> <Delay = 0.71> <FuncUnit> <Opcode : 'add' 'sub'> <InPorts = 2> <OutPorts = 1>
ST_2 : Operation 27 [1/1] (0.00ns)   --->   "%zext_ln1870 = zext i9 %add_ln1870" [/home/spouget/iccad_24/autodse_tree_reduction/bert_100_64/_done/work_dir/output/fast/0/.merlin_prj/run/implement/exec/hls/mars_wide_bus_3d.h:1870->/home/spouget/iccad_24/autodse_tree_reduction/bert_100_64/_done/work_dir/output/fast/0/.merlin_prj/run/implement/exec/hls/__merlinkernel_kernel_gemm.c:134]   --->   Operation 27 'zext' 'zext_ln1870' <Predicate = (!icmp_ln1845)> <Delay = 0.00>
ST_2 : Operation 28 [1/1] (0.00ns)   --->   "%C_buf_addr = getelementptr i32 %C_buf, i64 0, i64 %zext_ln1870" [/home/spouget/iccad_24/autodse_tree_reduction/bert_100_64/_done/work_dir/output/fast/0/.merlin_prj/run/implement/exec/hls/mars_wide_bus_3d.h:1870->/home/spouget/iccad_24/autodse_tree_reduction/bert_100_64/_done/work_dir/output/fast/0/.merlin_prj/run/implement/exec/hls/__merlinkernel_kernel_gemm.c:134]   --->   Operation 28 'getelementptr' 'C_buf_addr' <Predicate = (!icmp_ln1845)> <Delay = 0.00>
ST_2 : Operation 29 [1/1] (0.00ns)   --->   "%C_buf_16_addr = getelementptr i32 %C_buf_16, i64 0, i64 %zext_ln1870" [/home/spouget/iccad_24/autodse_tree_reduction/bert_100_64/_done/work_dir/output/fast/0/.merlin_prj/run/implement/exec/hls/mars_wide_bus_3d.h:1870->/home/spouget/iccad_24/autodse_tree_reduction/bert_100_64/_done/work_dir/output/fast/0/.merlin_prj/run/implement/exec/hls/__merlinkernel_kernel_gemm.c:134]   --->   Operation 29 'getelementptr' 'C_buf_16_addr' <Predicate = (!icmp_ln1845)> <Delay = 0.00>
ST_2 : Operation 30 [1/1] (0.00ns)   --->   "%C_buf_17_addr = getelementptr i32 %C_buf_17, i64 0, i64 %zext_ln1870" [/home/spouget/iccad_24/autodse_tree_reduction/bert_100_64/_done/work_dir/output/fast/0/.merlin_prj/run/implement/exec/hls/mars_wide_bus_3d.h:1870->/home/spouget/iccad_24/autodse_tree_reduction/bert_100_64/_done/work_dir/output/fast/0/.merlin_prj/run/implement/exec/hls/__merlinkernel_kernel_gemm.c:134]   --->   Operation 30 'getelementptr' 'C_buf_17_addr' <Predicate = (!icmp_ln1845)> <Delay = 0.00>
ST_2 : Operation 31 [1/1] (0.00ns)   --->   "%C_buf_18_addr = getelementptr i32 %C_buf_18, i64 0, i64 %zext_ln1870" [/home/spouget/iccad_24/autodse_tree_reduction/bert_100_64/_done/work_dir/output/fast/0/.merlin_prj/run/implement/exec/hls/mars_wide_bus_3d.h:1870->/home/spouget/iccad_24/autodse_tree_reduction/bert_100_64/_done/work_dir/output/fast/0/.merlin_prj/run/implement/exec/hls/__merlinkernel_kernel_gemm.c:134]   --->   Operation 31 'getelementptr' 'C_buf_18_addr' <Predicate = (!icmp_ln1845)> <Delay = 0.00>
ST_2 : Operation 32 [1/1] (0.00ns)   --->   "%C_buf_19_addr = getelementptr i32 %C_buf_19, i64 0, i64 %zext_ln1870" [/home/spouget/iccad_24/autodse_tree_reduction/bert_100_64/_done/work_dir/output/fast/0/.merlin_prj/run/implement/exec/hls/mars_wide_bus_3d.h:1870->/home/spouget/iccad_24/autodse_tree_reduction/bert_100_64/_done/work_dir/output/fast/0/.merlin_prj/run/implement/exec/hls/__merlinkernel_kernel_gemm.c:134]   --->   Operation 32 'getelementptr' 'C_buf_19_addr' <Predicate = (!icmp_ln1845)> <Delay = 0.00>
ST_2 : Operation 33 [1/1] (0.00ns)   --->   "%C_buf_20_addr = getelementptr i32 %C_buf_20, i64 0, i64 %zext_ln1870" [/home/spouget/iccad_24/autodse_tree_reduction/bert_100_64/_done/work_dir/output/fast/0/.merlin_prj/run/implement/exec/hls/mars_wide_bus_3d.h:1870->/home/spouget/iccad_24/autodse_tree_reduction/bert_100_64/_done/work_dir/output/fast/0/.merlin_prj/run/implement/exec/hls/__merlinkernel_kernel_gemm.c:134]   --->   Operation 33 'getelementptr' 'C_buf_20_addr' <Predicate = (!icmp_ln1845)> <Delay = 0.00>
ST_2 : Operation 34 [1/1] (0.00ns)   --->   "%C_buf_21_addr = getelementptr i32 %C_buf_21, i64 0, i64 %zext_ln1870" [/home/spouget/iccad_24/autodse_tree_reduction/bert_100_64/_done/work_dir/output/fast/0/.merlin_prj/run/implement/exec/hls/mars_wide_bus_3d.h:1870->/home/spouget/iccad_24/autodse_tree_reduction/bert_100_64/_done/work_dir/output/fast/0/.merlin_prj/run/implement/exec/hls/__merlinkernel_kernel_gemm.c:134]   --->   Operation 34 'getelementptr' 'C_buf_21_addr' <Predicate = (!icmp_ln1845)> <Delay = 0.00>
ST_2 : Operation 35 [1/1] (0.00ns)   --->   "%C_buf_22_addr = getelementptr i32 %C_buf_22, i64 0, i64 %zext_ln1870" [/home/spouget/iccad_24/autodse_tree_reduction/bert_100_64/_done/work_dir/output/fast/0/.merlin_prj/run/implement/exec/hls/mars_wide_bus_3d.h:1870->/home/spouget/iccad_24/autodse_tree_reduction/bert_100_64/_done/work_dir/output/fast/0/.merlin_prj/run/implement/exec/hls/__merlinkernel_kernel_gemm.c:134]   --->   Operation 35 'getelementptr' 'C_buf_22_addr' <Predicate = (!icmp_ln1845)> <Delay = 0.00>
ST_2 : Operation 36 [1/1] (0.00ns)   --->   "%C_buf_23_addr = getelementptr i32 %C_buf_23, i64 0, i64 %zext_ln1870" [/home/spouget/iccad_24/autodse_tree_reduction/bert_100_64/_done/work_dir/output/fast/0/.merlin_prj/run/implement/exec/hls/mars_wide_bus_3d.h:1870->/home/spouget/iccad_24/autodse_tree_reduction/bert_100_64/_done/work_dir/output/fast/0/.merlin_prj/run/implement/exec/hls/__merlinkernel_kernel_gemm.c:134]   --->   Operation 36 'getelementptr' 'C_buf_23_addr' <Predicate = (!icmp_ln1845)> <Delay = 0.00>
ST_2 : Operation 37 [1/1] (0.00ns)   --->   "%C_buf_24_addr = getelementptr i32 %C_buf_24, i64 0, i64 %zext_ln1870" [/home/spouget/iccad_24/autodse_tree_reduction/bert_100_64/_done/work_dir/output/fast/0/.merlin_prj/run/implement/exec/hls/mars_wide_bus_3d.h:1870->/home/spouget/iccad_24/autodse_tree_reduction/bert_100_64/_done/work_dir/output/fast/0/.merlin_prj/run/implement/exec/hls/__merlinkernel_kernel_gemm.c:134]   --->   Operation 37 'getelementptr' 'C_buf_24_addr' <Predicate = (!icmp_ln1845)> <Delay = 0.00>
ST_2 : Operation 38 [1/1] (0.00ns)   --->   "%C_buf_25_addr = getelementptr i32 %C_buf_25, i64 0, i64 %zext_ln1870" [/home/spouget/iccad_24/autodse_tree_reduction/bert_100_64/_done/work_dir/output/fast/0/.merlin_prj/run/implement/exec/hls/mars_wide_bus_3d.h:1870->/home/spouget/iccad_24/autodse_tree_reduction/bert_100_64/_done/work_dir/output/fast/0/.merlin_prj/run/implement/exec/hls/__merlinkernel_kernel_gemm.c:134]   --->   Operation 38 'getelementptr' 'C_buf_25_addr' <Predicate = (!icmp_ln1845)> <Delay = 0.00>
ST_2 : Operation 39 [1/1] (0.00ns)   --->   "%C_buf_26_addr = getelementptr i32 %C_buf_26, i64 0, i64 %zext_ln1870" [/home/spouget/iccad_24/autodse_tree_reduction/bert_100_64/_done/work_dir/output/fast/0/.merlin_prj/run/implement/exec/hls/mars_wide_bus_3d.h:1870->/home/spouget/iccad_24/autodse_tree_reduction/bert_100_64/_done/work_dir/output/fast/0/.merlin_prj/run/implement/exec/hls/__merlinkernel_kernel_gemm.c:134]   --->   Operation 39 'getelementptr' 'C_buf_26_addr' <Predicate = (!icmp_ln1845)> <Delay = 0.00>
ST_2 : Operation 40 [1/1] (0.00ns)   --->   "%C_buf_27_addr = getelementptr i32 %C_buf_27, i64 0, i64 %zext_ln1870" [/home/spouget/iccad_24/autodse_tree_reduction/bert_100_64/_done/work_dir/output/fast/0/.merlin_prj/run/implement/exec/hls/mars_wide_bus_3d.h:1870->/home/spouget/iccad_24/autodse_tree_reduction/bert_100_64/_done/work_dir/output/fast/0/.merlin_prj/run/implement/exec/hls/__merlinkernel_kernel_gemm.c:134]   --->   Operation 40 'getelementptr' 'C_buf_27_addr' <Predicate = (!icmp_ln1845)> <Delay = 0.00>
ST_2 : Operation 41 [1/1] (0.00ns)   --->   "%C_buf_28_addr = getelementptr i32 %C_buf_28, i64 0, i64 %zext_ln1870" [/home/spouget/iccad_24/autodse_tree_reduction/bert_100_64/_done/work_dir/output/fast/0/.merlin_prj/run/implement/exec/hls/mars_wide_bus_3d.h:1870->/home/spouget/iccad_24/autodse_tree_reduction/bert_100_64/_done/work_dir/output/fast/0/.merlin_prj/run/implement/exec/hls/__merlinkernel_kernel_gemm.c:134]   --->   Operation 41 'getelementptr' 'C_buf_28_addr' <Predicate = (!icmp_ln1845)> <Delay = 0.00>
ST_2 : Operation 42 [1/1] (0.00ns)   --->   "%C_buf_29_addr = getelementptr i32 %C_buf_29, i64 0, i64 %zext_ln1870" [/home/spouget/iccad_24/autodse_tree_reduction/bert_100_64/_done/work_dir/output/fast/0/.merlin_prj/run/implement/exec/hls/mars_wide_bus_3d.h:1870->/home/spouget/iccad_24/autodse_tree_reduction/bert_100_64/_done/work_dir/output/fast/0/.merlin_prj/run/implement/exec/hls/__merlinkernel_kernel_gemm.c:134]   --->   Operation 42 'getelementptr' 'C_buf_29_addr' <Predicate = (!icmp_ln1845)> <Delay = 0.00>
ST_2 : Operation 43 [1/1] (0.00ns)   --->   "%C_buf_30_addr = getelementptr i32 %C_buf_30, i64 0, i64 %zext_ln1870" [/home/spouget/iccad_24/autodse_tree_reduction/bert_100_64/_done/work_dir/output/fast/0/.merlin_prj/run/implement/exec/hls/mars_wide_bus_3d.h:1870->/home/spouget/iccad_24/autodse_tree_reduction/bert_100_64/_done/work_dir/output/fast/0/.merlin_prj/run/implement/exec/hls/__merlinkernel_kernel_gemm.c:134]   --->   Operation 43 'getelementptr' 'C_buf_30_addr' <Predicate = (!icmp_ln1845)> <Delay = 0.00>
ST_2 : Operation 44 [2/2] (1.19ns)   --->   "%buf_tmp = load i9 %C_buf_addr" [/home/spouget/iccad_24/autodse_tree_reduction/bert_100_64/_done/work_dir/output/fast/0/.merlin_prj/run/implement/exec/hls/mars_wide_bus_3d.h:1870->/home/spouget/iccad_24/autodse_tree_reduction/bert_100_64/_done/work_dir/output/fast/0/.merlin_prj/run/implement/exec/hls/__merlinkernel_kernel_gemm.c:134]   --->   Operation 44 'load' 'buf_tmp' <Predicate = (!icmp_ln1845)> <Delay = 1.19> <CoreInst = "RAM">   --->   Core 83 'RAM' <Latency = 1> <II = 1> <Delay = 1.19> <Storage> <Opcode : 'load' 'store'> <Ports = 2> <Width = 32> <Depth = 400> <RAM>
ST_2 : Operation 45 [2/2] (1.19ns)   --->   "%buf_tmp_8 = load i9 %C_buf_23_addr" [/home/spouget/iccad_24/autodse_tree_reduction/bert_100_64/_done/work_dir/output/fast/0/.merlin_prj/run/implement/exec/hls/mars_wide_bus_3d.h:1870->/home/spouget/iccad_24/autodse_tree_reduction/bert_100_64/_done/work_dir/output/fast/0/.merlin_prj/run/implement/exec/hls/__merlinkernel_kernel_gemm.c:134]   --->   Operation 45 'load' 'buf_tmp_8' <Predicate = (!icmp_ln1845)> <Delay = 1.19> <CoreInst = "RAM">   --->   Core 83 'RAM' <Latency = 1> <II = 1> <Delay = 1.19> <Storage> <Opcode : 'load' 'store'> <Ports = 2> <Width = 32> <Depth = 400> <RAM>
ST_2 : Operation 46 [2/2] (1.19ns)   --->   "%buf_tmp_1 = load i9 %C_buf_16_addr" [/home/spouget/iccad_24/autodse_tree_reduction/bert_100_64/_done/work_dir/output/fast/0/.merlin_prj/run/implement/exec/hls/mars_wide_bus_3d.h:1870->/home/spouget/iccad_24/autodse_tree_reduction/bert_100_64/_done/work_dir/output/fast/0/.merlin_prj/run/implement/exec/hls/__merlinkernel_kernel_gemm.c:134]   --->   Operation 46 'load' 'buf_tmp_1' <Predicate = (!icmp_ln1845)> <Delay = 1.19> <CoreInst = "RAM">   --->   Core 83 'RAM' <Latency = 1> <II = 1> <Delay = 1.19> <Storage> <Opcode : 'load' 'store'> <Ports = 2> <Width = 32> <Depth = 400> <RAM>
ST_2 : Operation 47 [2/2] (1.19ns)   --->   "%buf_tmp_9 = load i9 %C_buf_24_addr" [/home/spouget/iccad_24/autodse_tree_reduction/bert_100_64/_done/work_dir/output/fast/0/.merlin_prj/run/implement/exec/hls/mars_wide_bus_3d.h:1870->/home/spouget/iccad_24/autodse_tree_reduction/bert_100_64/_done/work_dir/output/fast/0/.merlin_prj/run/implement/exec/hls/__merlinkernel_kernel_gemm.c:134]   --->   Operation 47 'load' 'buf_tmp_9' <Predicate = (!icmp_ln1845)> <Delay = 1.19> <CoreInst = "RAM">   --->   Core 83 'RAM' <Latency = 1> <II = 1> <Delay = 1.19> <Storage> <Opcode : 'load' 'store'> <Ports = 2> <Width = 32> <Depth = 400> <RAM>
ST_2 : Operation 48 [2/2] (1.19ns)   --->   "%buf_tmp_2 = load i9 %C_buf_17_addr" [/home/spouget/iccad_24/autodse_tree_reduction/bert_100_64/_done/work_dir/output/fast/0/.merlin_prj/run/implement/exec/hls/mars_wide_bus_3d.h:1870->/home/spouget/iccad_24/autodse_tree_reduction/bert_100_64/_done/work_dir/output/fast/0/.merlin_prj/run/implement/exec/hls/__merlinkernel_kernel_gemm.c:134]   --->   Operation 48 'load' 'buf_tmp_2' <Predicate = (!icmp_ln1845)> <Delay = 1.19> <CoreInst = "RAM">   --->   Core 83 'RAM' <Latency = 1> <II = 1> <Delay = 1.19> <Storage> <Opcode : 'load' 'store'> <Ports = 2> <Width = 32> <Depth = 400> <RAM>
ST_2 : Operation 49 [2/2] (1.19ns)   --->   "%buf_tmp_10 = load i9 %C_buf_25_addr" [/home/spouget/iccad_24/autodse_tree_reduction/bert_100_64/_done/work_dir/output/fast/0/.merlin_prj/run/implement/exec/hls/mars_wide_bus_3d.h:1870->/home/spouget/iccad_24/autodse_tree_reduction/bert_100_64/_done/work_dir/output/fast/0/.merlin_prj/run/implement/exec/hls/__merlinkernel_kernel_gemm.c:134]   --->   Operation 49 'load' 'buf_tmp_10' <Predicate = (!icmp_ln1845)> <Delay = 1.19> <CoreInst = "RAM">   --->   Core 83 'RAM' <Latency = 1> <II = 1> <Delay = 1.19> <Storage> <Opcode : 'load' 'store'> <Ports = 2> <Width = 32> <Depth = 400> <RAM>
ST_2 : Operation 50 [2/2] (1.19ns)   --->   "%buf_tmp_3 = load i9 %C_buf_18_addr" [/home/spouget/iccad_24/autodse_tree_reduction/bert_100_64/_done/work_dir/output/fast/0/.merlin_prj/run/implement/exec/hls/mars_wide_bus_3d.h:1870->/home/spouget/iccad_24/autodse_tree_reduction/bert_100_64/_done/work_dir/output/fast/0/.merlin_prj/run/implement/exec/hls/__merlinkernel_kernel_gemm.c:134]   --->   Operation 50 'load' 'buf_tmp_3' <Predicate = (!icmp_ln1845)> <Delay = 1.19> <CoreInst = "RAM">   --->   Core 83 'RAM' <Latency = 1> <II = 1> <Delay = 1.19> <Storage> <Opcode : 'load' 'store'> <Ports = 2> <Width = 32> <Depth = 400> <RAM>
ST_2 : Operation 51 [2/2] (1.19ns)   --->   "%buf_tmp_11 = load i9 %C_buf_26_addr" [/home/spouget/iccad_24/autodse_tree_reduction/bert_100_64/_done/work_dir/output/fast/0/.merlin_prj/run/implement/exec/hls/mars_wide_bus_3d.h:1870->/home/spouget/iccad_24/autodse_tree_reduction/bert_100_64/_done/work_dir/output/fast/0/.merlin_prj/run/implement/exec/hls/__merlinkernel_kernel_gemm.c:134]   --->   Operation 51 'load' 'buf_tmp_11' <Predicate = (!icmp_ln1845)> <Delay = 1.19> <CoreInst = "RAM">   --->   Core 83 'RAM' <Latency = 1> <II = 1> <Delay = 1.19> <Storage> <Opcode : 'load' 'store'> <Ports = 2> <Width = 32> <Depth = 400> <RAM>
ST_2 : Operation 52 [2/2] (1.19ns)   --->   "%buf_tmp_4 = load i9 %C_buf_19_addr" [/home/spouget/iccad_24/autodse_tree_reduction/bert_100_64/_done/work_dir/output/fast/0/.merlin_prj/run/implement/exec/hls/mars_wide_bus_3d.h:1870->/home/spouget/iccad_24/autodse_tree_reduction/bert_100_64/_done/work_dir/output/fast/0/.merlin_prj/run/implement/exec/hls/__merlinkernel_kernel_gemm.c:134]   --->   Operation 52 'load' 'buf_tmp_4' <Predicate = (!icmp_ln1845)> <Delay = 1.19> <CoreInst = "RAM">   --->   Core 83 'RAM' <Latency = 1> <II = 1> <Delay = 1.19> <Storage> <Opcode : 'load' 'store'> <Ports = 2> <Width = 32> <Depth = 400> <RAM>
ST_2 : Operation 53 [2/2] (1.19ns)   --->   "%buf_tmp_12 = load i9 %C_buf_27_addr" [/home/spouget/iccad_24/autodse_tree_reduction/bert_100_64/_done/work_dir/output/fast/0/.merlin_prj/run/implement/exec/hls/mars_wide_bus_3d.h:1870->/home/spouget/iccad_24/autodse_tree_reduction/bert_100_64/_done/work_dir/output/fast/0/.merlin_prj/run/implement/exec/hls/__merlinkernel_kernel_gemm.c:134]   --->   Operation 53 'load' 'buf_tmp_12' <Predicate = (!icmp_ln1845)> <Delay = 1.19> <CoreInst = "RAM">   --->   Core 83 'RAM' <Latency = 1> <II = 1> <Delay = 1.19> <Storage> <Opcode : 'load' 'store'> <Ports = 2> <Width = 32> <Depth = 400> <RAM>
ST_2 : Operation 54 [2/2] (1.19ns)   --->   "%buf_tmp_5 = load i9 %C_buf_20_addr" [/home/spouget/iccad_24/autodse_tree_reduction/bert_100_64/_done/work_dir/output/fast/0/.merlin_prj/run/implement/exec/hls/mars_wide_bus_3d.h:1870->/home/spouget/iccad_24/autodse_tree_reduction/bert_100_64/_done/work_dir/output/fast/0/.merlin_prj/run/implement/exec/hls/__merlinkernel_kernel_gemm.c:134]   --->   Operation 54 'load' 'buf_tmp_5' <Predicate = (!icmp_ln1845)> <Delay = 1.19> <CoreInst = "RAM">   --->   Core 83 'RAM' <Latency = 1> <II = 1> <Delay = 1.19> <Storage> <Opcode : 'load' 'store'> <Ports = 2> <Width = 32> <Depth = 400> <RAM>
ST_2 : Operation 55 [2/2] (1.19ns)   --->   "%buf_tmp_13 = load i9 %C_buf_28_addr" [/home/spouget/iccad_24/autodse_tree_reduction/bert_100_64/_done/work_dir/output/fast/0/.merlin_prj/run/implement/exec/hls/mars_wide_bus_3d.h:1870->/home/spouget/iccad_24/autodse_tree_reduction/bert_100_64/_done/work_dir/output/fast/0/.merlin_prj/run/implement/exec/hls/__merlinkernel_kernel_gemm.c:134]   --->   Operation 55 'load' 'buf_tmp_13' <Predicate = (!icmp_ln1845)> <Delay = 1.19> <CoreInst = "RAM">   --->   Core 83 'RAM' <Latency = 1> <II = 1> <Delay = 1.19> <Storage> <Opcode : 'load' 'store'> <Ports = 2> <Width = 32> <Depth = 400> <RAM>
ST_2 : Operation 56 [2/2] (1.19ns)   --->   "%buf_tmp_6 = load i9 %C_buf_21_addr" [/home/spouget/iccad_24/autodse_tree_reduction/bert_100_64/_done/work_dir/output/fast/0/.merlin_prj/run/implement/exec/hls/mars_wide_bus_3d.h:1870->/home/spouget/iccad_24/autodse_tree_reduction/bert_100_64/_done/work_dir/output/fast/0/.merlin_prj/run/implement/exec/hls/__merlinkernel_kernel_gemm.c:134]   --->   Operation 56 'load' 'buf_tmp_6' <Predicate = (!icmp_ln1845)> <Delay = 1.19> <CoreInst = "RAM">   --->   Core 83 'RAM' <Latency = 1> <II = 1> <Delay = 1.19> <Storage> <Opcode : 'load' 'store'> <Ports = 2> <Width = 32> <Depth = 400> <RAM>
ST_2 : Operation 57 [2/2] (1.19ns)   --->   "%buf_tmp_14 = load i9 %C_buf_29_addr" [/home/spouget/iccad_24/autodse_tree_reduction/bert_100_64/_done/work_dir/output/fast/0/.merlin_prj/run/implement/exec/hls/mars_wide_bus_3d.h:1870->/home/spouget/iccad_24/autodse_tree_reduction/bert_100_64/_done/work_dir/output/fast/0/.merlin_prj/run/implement/exec/hls/__merlinkernel_kernel_gemm.c:134]   --->   Operation 57 'load' 'buf_tmp_14' <Predicate = (!icmp_ln1845)> <Delay = 1.19> <CoreInst = "RAM">   --->   Core 83 'RAM' <Latency = 1> <II = 1> <Delay = 1.19> <Storage> <Opcode : 'load' 'store'> <Ports = 2> <Width = 32> <Depth = 400> <RAM>
ST_2 : Operation 58 [2/2] (1.19ns)   --->   "%buf_tmp_7 = load i9 %C_buf_22_addr" [/home/spouget/iccad_24/autodse_tree_reduction/bert_100_64/_done/work_dir/output/fast/0/.merlin_prj/run/implement/exec/hls/mars_wide_bus_3d.h:1870->/home/spouget/iccad_24/autodse_tree_reduction/bert_100_64/_done/work_dir/output/fast/0/.merlin_prj/run/implement/exec/hls/__merlinkernel_kernel_gemm.c:134]   --->   Operation 58 'load' 'buf_tmp_7' <Predicate = (!icmp_ln1845)> <Delay = 1.19> <CoreInst = "RAM">   --->   Core 83 'RAM' <Latency = 1> <II = 1> <Delay = 1.19> <Storage> <Opcode : 'load' 'store'> <Ports = 2> <Width = 32> <Depth = 400> <RAM>
ST_2 : Operation 59 [2/2] (1.19ns)   --->   "%buf_tmp_15 = load i9 %C_buf_30_addr" [/home/spouget/iccad_24/autodse_tree_reduction/bert_100_64/_done/work_dir/output/fast/0/.merlin_prj/run/implement/exec/hls/mars_wide_bus_3d.h:1870->/home/spouget/iccad_24/autodse_tree_reduction/bert_100_64/_done/work_dir/output/fast/0/.merlin_prj/run/implement/exec/hls/__merlinkernel_kernel_gemm.c:134]   --->   Operation 59 'load' 'buf_tmp_15' <Predicate = (!icmp_ln1845)> <Delay = 1.19> <CoreInst = "RAM">   --->   Core 83 'RAM' <Latency = 1> <II = 1> <Delay = 1.19> <Storage> <Opcode : 'load' 'store'> <Ports = 2> <Width = 32> <Depth = 400> <RAM>
ST_2 : Operation 60 [1/1] (1.14ns)   --->   "%icmp_ln1875 = icmp_eq  i64 %index2_load, i64 3" [/home/spouget/iccad_24/autodse_tree_reduction/bert_100_64/_done/work_dir/output/fast/0/.merlin_prj/run/implement/exec/hls/mars_wide_bus_3d.h:1875->/home/spouget/iccad_24/autodse_tree_reduction/bert_100_64/_done/work_dir/output/fast/0/.merlin_prj/run/implement/exec/hls/__merlinkernel_kernel_gemm.c:134]   --->   Operation 60 'icmp' 'icmp_ln1875' <Predicate = (!icmp_ln1845)> <Delay = 1.14> <CoreInst = "Cmp">   --->   Core 9 'Cmp' <Latency = 0> <II = 1> <Delay = 1.14> <FuncUnit> <Opcode : 'icmp'> <InPorts = 2> <OutPorts = 1>
ST_2 : Operation 61 [1/1] (1.14ns)   --->   "%index3_2 = add i64 %index3_1, i64 1" [/home/spouget/iccad_24/autodse_tree_reduction/bert_100_64/_done/work_dir/output/fast/0/.merlin_prj/run/implement/exec/hls/mars_wide_bus_3d.h:1875->/home/spouget/iccad_24/autodse_tree_reduction/bert_100_64/_done/work_dir/output/fast/0/.merlin_prj/run/implement/exec/hls/__merlinkernel_kernel_gemm.c:134]   --->   Operation 61 'add' 'index3_2' <Predicate = (!icmp_ln1845)> <Delay = 1.14> <CoreInst = "Adder">   --->   Core 1 'Adder' <Latency = 0> <II = 1> <Delay = 1.14> <FuncUnit> <Opcode : 'add' 'sub'> <InPorts = 2> <OutPorts = 1>
ST_2 : Operation 62 [1/1] (1.14ns)   --->   "%index2_1 = add i64 %index2_load, i64 1" [/home/spouget/iccad_24/autodse_tree_reduction/bert_100_64/_done/work_dir/output/fast/0/.merlin_prj/run/implement/exec/hls/mars_wide_bus_3d.h:1875->/home/spouget/iccad_24/autodse_tree_reduction/bert_100_64/_done/work_dir/output/fast/0/.merlin_prj/run/implement/exec/hls/__merlinkernel_kernel_gemm.c:134]   --->   Operation 62 'add' 'index2_1' <Predicate = (!icmp_ln1845)> <Delay = 1.14> <CoreInst = "Adder">   --->   Core 1 'Adder' <Latency = 0> <II = 1> <Delay = 1.14> <FuncUnit> <Opcode : 'add' 'sub'> <InPorts = 2> <OutPorts = 1>
ST_2 : Operation 63 [1/1] (0.41ns)   --->   "%index3_3 = select i1 %icmp_ln1875, i64 %index3_2, i64 %index3_1" [/home/spouget/iccad_24/autodse_tree_reduction/bert_100_64/_done/work_dir/output/fast/0/.merlin_prj/run/implement/exec/hls/mars_wide_bus_3d.h:1875->/home/spouget/iccad_24/autodse_tree_reduction/bert_100_64/_done/work_dir/output/fast/0/.merlin_prj/run/implement/exec/hls/__merlinkernel_kernel_gemm.c:134]   --->   Operation 63 'select' 'index3_3' <Predicate = (!icmp_ln1845)> <Delay = 0.41> <CoreInst = "Sel">   --->   Core 73 'Sel' <Latency = 0> <II = 1> <Delay = 0.41> <FuncUnit> <Opcode : 'select'> <InPorts = 3> <OutPorts = 1>
ST_2 : Operation 64 [1/1] (0.41ns)   --->   "%index2_2 = select i1 %icmp_ln1875, i64 0, i64 %index2_1" [/home/spouget/iccad_24/autodse_tree_reduction/bert_100_64/_done/work_dir/output/fast/0/.merlin_prj/run/implement/exec/hls/mars_wide_bus_3d.h:1875->/home/spouget/iccad_24/autodse_tree_reduction/bert_100_64/_done/work_dir/output/fast/0/.merlin_prj/run/implement/exec/hls/__merlinkernel_kernel_gemm.c:134]   --->   Operation 64 'select' 'index2_2' <Predicate = (!icmp_ln1845)> <Delay = 0.41> <CoreInst = "Sel">   --->   Core 73 'Sel' <Latency = 0> <II = 1> <Delay = 0.41> <FuncUnit> <Opcode : 'select'> <InPorts = 3> <OutPorts = 1>
ST_2 : Operation 65 [1/1] (0.38ns)   --->   "%store_ln1823 = store i64 %index2_2, i64 %index2" [/home/spouget/iccad_24/autodse_tree_reduction/bert_100_64/_done/work_dir/output/fast/0/.merlin_prj/run/implement/exec/hls/mars_wide_bus_3d.h:1823->/home/spouget/iccad_24/autodse_tree_reduction/bert_100_64/_done/work_dir/output/fast/0/.merlin_prj/run/implement/exec/hls/__merlinkernel_kernel_gemm.c:134]   --->   Operation 65 'store' 'store_ln1823' <Predicate = (!icmp_ln1845)> <Delay = 0.38>
ST_2 : Operation 66 [1/1] (0.38ns)   --->   "%store_ln1823 = store i64 %index3_3, i64 %index3" [/home/spouget/iccad_24/autodse_tree_reduction/bert_100_64/_done/work_dir/output/fast/0/.merlin_prj/run/implement/exec/hls/mars_wide_bus_3d.h:1823->/home/spouget/iccad_24/autodse_tree_reduction/bert_100_64/_done/work_dir/output/fast/0/.merlin_prj/run/implement/exec/hls/__merlinkernel_kernel_gemm.c:134]   --->   Operation 66 'store' 'store_ln1823' <Predicate = (!icmp_ln1845)> <Delay = 0.38>
ST_2 : Operation 67 [1/1] (0.38ns)   --->   "%store_ln1785 = store i9 %i_2, i9 %i" [/home/spouget/iccad_24/autodse_tree_reduction/bert_100_64/_done/work_dir/output/fast/0/.merlin_prj/run/implement/exec/hls/mars_wide_bus_3d.h:1785->/home/spouget/iccad_24/autodse_tree_reduction/bert_100_64/_done/work_dir/output/fast/0/.merlin_prj/run/implement/exec/hls/__merlinkernel_kernel_gemm.c:134]   --->   Operation 67 'store' 'store_ln1785' <Predicate = (!icmp_ln1845)> <Delay = 0.38>

State 3 <SV = 2> <Delay = 1.19>
ST_3 : Operation 68 [1/2] (1.19ns)   --->   "%buf_tmp = load i9 %C_buf_addr" [/home/spouget/iccad_24/autodse_tree_reduction/bert_100_64/_done/work_dir/output/fast/0/.merlin_prj/run/implement/exec/hls/mars_wide_bus_3d.h:1870->/home/spouget/iccad_24/autodse_tree_reduction/bert_100_64/_done/work_dir/output/fast/0/.merlin_prj/run/implement/exec/hls/__merlinkernel_kernel_gemm.c:134]   --->   Operation 68 'load' 'buf_tmp' <Predicate = true> <Delay = 1.19> <CoreInst = "RAM">   --->   Core 83 'RAM' <Latency = 1> <II = 1> <Delay = 1.19> <Storage> <Opcode : 'load' 'store'> <Ports = 2> <Width = 32> <Depth = 400> <RAM>
ST_3 : Operation 69 [1/2] (1.19ns)   --->   "%buf_tmp_8 = load i9 %C_buf_23_addr" [/home/spouget/iccad_24/autodse_tree_reduction/bert_100_64/_done/work_dir/output/fast/0/.merlin_prj/run/implement/exec/hls/mars_wide_bus_3d.h:1870->/home/spouget/iccad_24/autodse_tree_reduction/bert_100_64/_done/work_dir/output/fast/0/.merlin_prj/run/implement/exec/hls/__merlinkernel_kernel_gemm.c:134]   --->   Operation 69 'load' 'buf_tmp_8' <Predicate = true> <Delay = 1.19> <CoreInst = "RAM">   --->   Core 83 'RAM' <Latency = 1> <II = 1> <Delay = 1.19> <Storage> <Opcode : 'load' 'store'> <Ports = 2> <Width = 32> <Depth = 400> <RAM>
ST_3 : Operation 70 [1/2] (1.19ns)   --->   "%buf_tmp_1 = load i9 %C_buf_16_addr" [/home/spouget/iccad_24/autodse_tree_reduction/bert_100_64/_done/work_dir/output/fast/0/.merlin_prj/run/implement/exec/hls/mars_wide_bus_3d.h:1870->/home/spouget/iccad_24/autodse_tree_reduction/bert_100_64/_done/work_dir/output/fast/0/.merlin_prj/run/implement/exec/hls/__merlinkernel_kernel_gemm.c:134]   --->   Operation 70 'load' 'buf_tmp_1' <Predicate = true> <Delay = 1.19> <CoreInst = "RAM">   --->   Core 83 'RAM' <Latency = 1> <II = 1> <Delay = 1.19> <Storage> <Opcode : 'load' 'store'> <Ports = 2> <Width = 32> <Depth = 400> <RAM>
ST_3 : Operation 71 [1/2] (1.19ns)   --->   "%buf_tmp_9 = load i9 %C_buf_24_addr" [/home/spouget/iccad_24/autodse_tree_reduction/bert_100_64/_done/work_dir/output/fast/0/.merlin_prj/run/implement/exec/hls/mars_wide_bus_3d.h:1870->/home/spouget/iccad_24/autodse_tree_reduction/bert_100_64/_done/work_dir/output/fast/0/.merlin_prj/run/implement/exec/hls/__merlinkernel_kernel_gemm.c:134]   --->   Operation 71 'load' 'buf_tmp_9' <Predicate = true> <Delay = 1.19> <CoreInst = "RAM">   --->   Core 83 'RAM' <Latency = 1> <II = 1> <Delay = 1.19> <Storage> <Opcode : 'load' 'store'> <Ports = 2> <Width = 32> <Depth = 400> <RAM>
ST_3 : Operation 72 [1/2] (1.19ns)   --->   "%buf_tmp_2 = load i9 %C_buf_17_addr" [/home/spouget/iccad_24/autodse_tree_reduction/bert_100_64/_done/work_dir/output/fast/0/.merlin_prj/run/implement/exec/hls/mars_wide_bus_3d.h:1870->/home/spouget/iccad_24/autodse_tree_reduction/bert_100_64/_done/work_dir/output/fast/0/.merlin_prj/run/implement/exec/hls/__merlinkernel_kernel_gemm.c:134]   --->   Operation 72 'load' 'buf_tmp_2' <Predicate = true> <Delay = 1.19> <CoreInst = "RAM">   --->   Core 83 'RAM' <Latency = 1> <II = 1> <Delay = 1.19> <Storage> <Opcode : 'load' 'store'> <Ports = 2> <Width = 32> <Depth = 400> <RAM>
ST_3 : Operation 73 [1/2] (1.19ns)   --->   "%buf_tmp_10 = load i9 %C_buf_25_addr" [/home/spouget/iccad_24/autodse_tree_reduction/bert_100_64/_done/work_dir/output/fast/0/.merlin_prj/run/implement/exec/hls/mars_wide_bus_3d.h:1870->/home/spouget/iccad_24/autodse_tree_reduction/bert_100_64/_done/work_dir/output/fast/0/.merlin_prj/run/implement/exec/hls/__merlinkernel_kernel_gemm.c:134]   --->   Operation 73 'load' 'buf_tmp_10' <Predicate = true> <Delay = 1.19> <CoreInst = "RAM">   --->   Core 83 'RAM' <Latency = 1> <II = 1> <Delay = 1.19> <Storage> <Opcode : 'load' 'store'> <Ports = 2> <Width = 32> <Depth = 400> <RAM>
ST_3 : Operation 74 [1/2] (1.19ns)   --->   "%buf_tmp_3 = load i9 %C_buf_18_addr" [/home/spouget/iccad_24/autodse_tree_reduction/bert_100_64/_done/work_dir/output/fast/0/.merlin_prj/run/implement/exec/hls/mars_wide_bus_3d.h:1870->/home/spouget/iccad_24/autodse_tree_reduction/bert_100_64/_done/work_dir/output/fast/0/.merlin_prj/run/implement/exec/hls/__merlinkernel_kernel_gemm.c:134]   --->   Operation 74 'load' 'buf_tmp_3' <Predicate = true> <Delay = 1.19> <CoreInst = "RAM">   --->   Core 83 'RAM' <Latency = 1> <II = 1> <Delay = 1.19> <Storage> <Opcode : 'load' 'store'> <Ports = 2> <Width = 32> <Depth = 400> <RAM>
ST_3 : Operation 75 [1/2] (1.19ns)   --->   "%buf_tmp_11 = load i9 %C_buf_26_addr" [/home/spouget/iccad_24/autodse_tree_reduction/bert_100_64/_done/work_dir/output/fast/0/.merlin_prj/run/implement/exec/hls/mars_wide_bus_3d.h:1870->/home/spouget/iccad_24/autodse_tree_reduction/bert_100_64/_done/work_dir/output/fast/0/.merlin_prj/run/implement/exec/hls/__merlinkernel_kernel_gemm.c:134]   --->   Operation 75 'load' 'buf_tmp_11' <Predicate = true> <Delay = 1.19> <CoreInst = "RAM">   --->   Core 83 'RAM' <Latency = 1> <II = 1> <Delay = 1.19> <Storage> <Opcode : 'load' 'store'> <Ports = 2> <Width = 32> <Depth = 400> <RAM>
ST_3 : Operation 76 [1/2] (1.19ns)   --->   "%buf_tmp_4 = load i9 %C_buf_19_addr" [/home/spouget/iccad_24/autodse_tree_reduction/bert_100_64/_done/work_dir/output/fast/0/.merlin_prj/run/implement/exec/hls/mars_wide_bus_3d.h:1870->/home/spouget/iccad_24/autodse_tree_reduction/bert_100_64/_done/work_dir/output/fast/0/.merlin_prj/run/implement/exec/hls/__merlinkernel_kernel_gemm.c:134]   --->   Operation 76 'load' 'buf_tmp_4' <Predicate = true> <Delay = 1.19> <CoreInst = "RAM">   --->   Core 83 'RAM' <Latency = 1> <II = 1> <Delay = 1.19> <Storage> <Opcode : 'load' 'store'> <Ports = 2> <Width = 32> <Depth = 400> <RAM>
ST_3 : Operation 77 [1/2] (1.19ns)   --->   "%buf_tmp_12 = load i9 %C_buf_27_addr" [/home/spouget/iccad_24/autodse_tree_reduction/bert_100_64/_done/work_dir/output/fast/0/.merlin_prj/run/implement/exec/hls/mars_wide_bus_3d.h:1870->/home/spouget/iccad_24/autodse_tree_reduction/bert_100_64/_done/work_dir/output/fast/0/.merlin_prj/run/implement/exec/hls/__merlinkernel_kernel_gemm.c:134]   --->   Operation 77 'load' 'buf_tmp_12' <Predicate = true> <Delay = 1.19> <CoreInst = "RAM">   --->   Core 83 'RAM' <Latency = 1> <II = 1> <Delay = 1.19> <Storage> <Opcode : 'load' 'store'> <Ports = 2> <Width = 32> <Depth = 400> <RAM>
ST_3 : Operation 78 [1/2] (1.19ns)   --->   "%buf_tmp_5 = load i9 %C_buf_20_addr" [/home/spouget/iccad_24/autodse_tree_reduction/bert_100_64/_done/work_dir/output/fast/0/.merlin_prj/run/implement/exec/hls/mars_wide_bus_3d.h:1870->/home/spouget/iccad_24/autodse_tree_reduction/bert_100_64/_done/work_dir/output/fast/0/.merlin_prj/run/implement/exec/hls/__merlinkernel_kernel_gemm.c:134]   --->   Operation 78 'load' 'buf_tmp_5' <Predicate = true> <Delay = 1.19> <CoreInst = "RAM">   --->   Core 83 'RAM' <Latency = 1> <II = 1> <Delay = 1.19> <Storage> <Opcode : 'load' 'store'> <Ports = 2> <Width = 32> <Depth = 400> <RAM>
ST_3 : Operation 79 [1/2] (1.19ns)   --->   "%buf_tmp_13 = load i9 %C_buf_28_addr" [/home/spouget/iccad_24/autodse_tree_reduction/bert_100_64/_done/work_dir/output/fast/0/.merlin_prj/run/implement/exec/hls/mars_wide_bus_3d.h:1870->/home/spouget/iccad_24/autodse_tree_reduction/bert_100_64/_done/work_dir/output/fast/0/.merlin_prj/run/implement/exec/hls/__merlinkernel_kernel_gemm.c:134]   --->   Operation 79 'load' 'buf_tmp_13' <Predicate = true> <Delay = 1.19> <CoreInst = "RAM">   --->   Core 83 'RAM' <Latency = 1> <II = 1> <Delay = 1.19> <Storage> <Opcode : 'load' 'store'> <Ports = 2> <Width = 32> <Depth = 400> <RAM>
ST_3 : Operation 80 [1/2] (1.19ns)   --->   "%buf_tmp_6 = load i9 %C_buf_21_addr" [/home/spouget/iccad_24/autodse_tree_reduction/bert_100_64/_done/work_dir/output/fast/0/.merlin_prj/run/implement/exec/hls/mars_wide_bus_3d.h:1870->/home/spouget/iccad_24/autodse_tree_reduction/bert_100_64/_done/work_dir/output/fast/0/.merlin_prj/run/implement/exec/hls/__merlinkernel_kernel_gemm.c:134]   --->   Operation 80 'load' 'buf_tmp_6' <Predicate = true> <Delay = 1.19> <CoreInst = "RAM">   --->   Core 83 'RAM' <Latency = 1> <II = 1> <Delay = 1.19> <Storage> <Opcode : 'load' 'store'> <Ports = 2> <Width = 32> <Depth = 400> <RAM>
ST_3 : Operation 81 [1/2] (1.19ns)   --->   "%buf_tmp_14 = load i9 %C_buf_29_addr" [/home/spouget/iccad_24/autodse_tree_reduction/bert_100_64/_done/work_dir/output/fast/0/.merlin_prj/run/implement/exec/hls/mars_wide_bus_3d.h:1870->/home/spouget/iccad_24/autodse_tree_reduction/bert_100_64/_done/work_dir/output/fast/0/.merlin_prj/run/implement/exec/hls/__merlinkernel_kernel_gemm.c:134]   --->   Operation 81 'load' 'buf_tmp_14' <Predicate = true> <Delay = 1.19> <CoreInst = "RAM">   --->   Core 83 'RAM' <Latency = 1> <II = 1> <Delay = 1.19> <Storage> <Opcode : 'load' 'store'> <Ports = 2> <Width = 32> <Depth = 400> <RAM>
ST_3 : Operation 82 [1/2] (1.19ns)   --->   "%buf_tmp_7 = load i9 %C_buf_22_addr" [/home/spouget/iccad_24/autodse_tree_reduction/bert_100_64/_done/work_dir/output/fast/0/.merlin_prj/run/implement/exec/hls/mars_wide_bus_3d.h:1870->/home/spouget/iccad_24/autodse_tree_reduction/bert_100_64/_done/work_dir/output/fast/0/.merlin_prj/run/implement/exec/hls/__merlinkernel_kernel_gemm.c:134]   --->   Operation 82 'load' 'buf_tmp_7' <Predicate = true> <Delay = 1.19> <CoreInst = "RAM">   --->   Core 83 'RAM' <Latency = 1> <II = 1> <Delay = 1.19> <Storage> <Opcode : 'load' 'store'> <Ports = 2> <Width = 32> <Depth = 400> <RAM>
ST_3 : Operation 83 [1/2] (1.19ns)   --->   "%buf_tmp_15 = load i9 %C_buf_30_addr" [/home/spouget/iccad_24/autodse_tree_reduction/bert_100_64/_done/work_dir/output/fast/0/.merlin_prj/run/implement/exec/hls/mars_wide_bus_3d.h:1870->/home/spouget/iccad_24/autodse_tree_reduction/bert_100_64/_done/work_dir/output/fast/0/.merlin_prj/run/implement/exec/hls/__merlinkernel_kernel_gemm.c:134]   --->   Operation 83 'load' 'buf_tmp_15' <Predicate = true> <Delay = 1.19> <CoreInst = "RAM">   --->   Core 83 'RAM' <Latency = 1> <II = 1> <Delay = 1.19> <Storage> <Opcode : 'load' 'store'> <Ports = 2> <Width = 32> <Depth = 400> <RAM>
ST_3 : Operation 107 [1/1] (0.00ns)   --->   "%ret_ln0 = ret"   --->   Operation 107 'ret' 'ret_ln0' <Predicate = (icmp_ln1845)> <Delay = 0.00>

State 4 <SV = 3> <Delay = 2.92>
ST_4 : Operation 84 [1/1] (0.00ns)   --->   "%merlin_gmem_kernel_gemm_512_C_addr = getelementptr i512 %merlin_gmem_kernel_gemm_512_C, i64 %sext_ln1705_cast" [/home/spouget/iccad_24/autodse_tree_reduction/bert_100_64/_done/work_dir/output/fast/0/.merlin_prj/run/implement/exec/hls/mars_wide_bus_3d.h:1705->/home/spouget/iccad_24/autodse_tree_reduction/bert_100_64/_done/work_dir/output/fast/0/.merlin_prj/run/implement/exec/hls/__merlinkernel_kernel_gemm.c:74]   --->   Operation 84 'getelementptr' 'merlin_gmem_kernel_gemm_512_C_addr' <Predicate = true> <Delay = 0.00>
ST_4 : Operation 85 [1/1] (0.00ns)   --->   "%specpipeline_ln1850 = specpipeline void @_ssdm_op_SpecPipeline, i32 4294967295, i32 0, i32 0, i32 0, void @empty_0" [/home/spouget/iccad_24/autodse_tree_reduction/bert_100_64/_done/work_dir/output/fast/0/.merlin_prj/run/implement/exec/hls/mars_wide_bus_3d.h:1850->/home/spouget/iccad_24/autodse_tree_reduction/bert_100_64/_done/work_dir/output/fast/0/.merlin_prj/run/implement/exec/hls/__merlinkernel_kernel_gemm.c:134]   --->   Operation 85 'specpipeline' 'specpipeline_ln1850' <Predicate = true> <Delay = 0.00>
ST_4 : Operation 86 [1/1] (0.00ns)   --->   "%speclooptripcount_ln1785 = speclooptripcount void @_ssdm_op_SpecLoopTripCount, i64 400, i64 400, i64 400" [/home/spouget/iccad_24/autodse_tree_reduction/bert_100_64/_done/work_dir/output/fast/0/.merlin_prj/run/implement/exec/hls/mars_wide_bus_3d.h:1785->/home/spouget/iccad_24/autodse_tree_reduction/bert_100_64/_done/work_dir/output/fast/0/.merlin_prj/run/implement/exec/hls/__merlinkernel_kernel_gemm.c:134]   --->   Operation 86 'speclooptripcount' 'speclooptripcount_ln1785' <Predicate = true> <Delay = 0.00>
ST_4 : Operation 87 [1/1] (0.00ns)   --->   "%specloopname_ln1845 = specloopname void @_ssdm_op_SpecLoopName, void @empty_4" [/home/spouget/iccad_24/autodse_tree_reduction/bert_100_64/_done/work_dir/output/fast/0/.merlin_prj/run/implement/exec/hls/mars_wide_bus_3d.h:1845->/home/spouget/iccad_24/autodse_tree_reduction/bert_100_64/_done/work_dir/output/fast/0/.merlin_prj/run/implement/exec/hls/__merlinkernel_kernel_gemm.c:134]   --->   Operation 87 'specloopname' 'specloopname_ln1845' <Predicate = true> <Delay = 0.00>
ST_4 : Operation 88 [1/1] (0.00ns)   --->   "%raw_bits = bitcast i32 %buf_tmp" [/home/spouget/iccad_24/autodse_tree_reduction/bert_100_64/_done/work_dir/output/fast/0/.merlin_prj/run/implement/exec/hls/mars_wide_bus_3d.h:1871->/home/spouget/iccad_24/autodse_tree_reduction/bert_100_64/_done/work_dir/output/fast/0/.merlin_prj/run/implement/exec/hls/__merlinkernel_kernel_gemm.c:134]   --->   Operation 88 'bitcast' 'raw_bits' <Predicate = true> <Delay = 0.00>
ST_4 : Operation 89 [1/1] (0.00ns)   --->   "%raw_bits_1 = bitcast i32 %buf_tmp_1" [/home/spouget/iccad_24/autodse_tree_reduction/bert_100_64/_done/work_dir/output/fast/0/.merlin_prj/run/implement/exec/hls/mars_wide_bus_3d.h:1871->/home/spouget/iccad_24/autodse_tree_reduction/bert_100_64/_done/work_dir/output/fast/0/.merlin_prj/run/implement/exec/hls/__merlinkernel_kernel_gemm.c:134]   --->   Operation 89 'bitcast' 'raw_bits_1' <Predicate = true> <Delay = 0.00>
ST_4 : Operation 90 [1/1] (0.00ns)   --->   "%raw_bits_2 = bitcast i32 %buf_tmp_2" [/home/spouget/iccad_24/autodse_tree_reduction/bert_100_64/_done/work_dir/output/fast/0/.merlin_prj/run/implement/exec/hls/mars_wide_bus_3d.h:1871->/home/spouget/iccad_24/autodse_tree_reduction/bert_100_64/_done/work_dir/output/fast/0/.merlin_prj/run/implement/exec/hls/__merlinkernel_kernel_gemm.c:134]   --->   Operation 90 'bitcast' 'raw_bits_2' <Predicate = true> <Delay = 0.00>
ST_4 : Operation 91 [1/1] (0.00ns)   --->   "%raw_bits_3 = bitcast i32 %buf_tmp_3" [/home/spouget/iccad_24/autodse_tree_reduction/bert_100_64/_done/work_dir/output/fast/0/.merlin_prj/run/implement/exec/hls/mars_wide_bus_3d.h:1871->/home/spouget/iccad_24/autodse_tree_reduction/bert_100_64/_done/work_dir/output/fast/0/.merlin_prj/run/implement/exec/hls/__merlinkernel_kernel_gemm.c:134]   --->   Operation 91 'bitcast' 'raw_bits_3' <Predicate = true> <Delay = 0.00>
ST_4 : Operation 92 [1/1] (0.00ns)   --->   "%raw_bits_4 = bitcast i32 %buf_tmp_4" [/home/spouget/iccad_24/autodse_tree_reduction/bert_100_64/_done/work_dir/output/fast/0/.merlin_prj/run/implement/exec/hls/mars_wide_bus_3d.h:1871->/home/spouget/iccad_24/autodse_tree_reduction/bert_100_64/_done/work_dir/output/fast/0/.merlin_prj/run/implement/exec/hls/__merlinkernel_kernel_gemm.c:134]   --->   Operation 92 'bitcast' 'raw_bits_4' <Predicate = true> <Delay = 0.00>
ST_4 : Operation 93 [1/1] (0.00ns)   --->   "%raw_bits_5 = bitcast i32 %buf_tmp_5" [/home/spouget/iccad_24/autodse_tree_reduction/bert_100_64/_done/work_dir/output/fast/0/.merlin_prj/run/implement/exec/hls/mars_wide_bus_3d.h:1871->/home/spouget/iccad_24/autodse_tree_reduction/bert_100_64/_done/work_dir/output/fast/0/.merlin_prj/run/implement/exec/hls/__merlinkernel_kernel_gemm.c:134]   --->   Operation 93 'bitcast' 'raw_bits_5' <Predicate = true> <Delay = 0.00>
ST_4 : Operation 94 [1/1] (0.00ns)   --->   "%raw_bits_6 = bitcast i32 %buf_tmp_6" [/home/spouget/iccad_24/autodse_tree_reduction/bert_100_64/_done/work_dir/output/fast/0/.merlin_prj/run/implement/exec/hls/mars_wide_bus_3d.h:1871->/home/spouget/iccad_24/autodse_tree_reduction/bert_100_64/_done/work_dir/output/fast/0/.merlin_prj/run/implement/exec/hls/__merlinkernel_kernel_gemm.c:134]   --->   Operation 94 'bitcast' 'raw_bits_6' <Predicate = true> <Delay = 0.00>
ST_4 : Operation 95 [1/1] (0.00ns)   --->   "%raw_bits_7 = bitcast i32 %buf_tmp_7" [/home/spouget/iccad_24/autodse_tree_reduction/bert_100_64/_done/work_dir/output/fast/0/.merlin_prj/run/implement/exec/hls/mars_wide_bus_3d.h:1871->/home/spouget/iccad_24/autodse_tree_reduction/bert_100_64/_done/work_dir/output/fast/0/.merlin_prj/run/implement/exec/hls/__merlinkernel_kernel_gemm.c:134]   --->   Operation 95 'bitcast' 'raw_bits_7' <Predicate = true> <Delay = 0.00>
ST_4 : Operation 96 [1/1] (0.00ns)   --->   "%raw_bits_8 = bitcast i32 %buf_tmp_8" [/home/spouget/iccad_24/autodse_tree_reduction/bert_100_64/_done/work_dir/output/fast/0/.merlin_prj/run/implement/exec/hls/mars_wide_bus_3d.h:1871->/home/spouget/iccad_24/autodse_tree_reduction/bert_100_64/_done/work_dir/output/fast/0/.merlin_prj/run/implement/exec/hls/__merlinkernel_kernel_gemm.c:134]   --->   Operation 96 'bitcast' 'raw_bits_8' <Predicate = true> <Delay = 0.00>
ST_4 : Operation 97 [1/1] (0.00ns)   --->   "%raw_bits_9 = bitcast i32 %buf_tmp_9" [/home/spouget/iccad_24/autodse_tree_reduction/bert_100_64/_done/work_dir/output/fast/0/.merlin_prj/run/implement/exec/hls/mars_wide_bus_3d.h:1871->/home/spouget/iccad_24/autodse_tree_reduction/bert_100_64/_done/work_dir/output/fast/0/.merlin_prj/run/implement/exec/hls/__merlinkernel_kernel_gemm.c:134]   --->   Operation 97 'bitcast' 'raw_bits_9' <Predicate = true> <Delay = 0.00>
ST_4 : Operation 98 [1/1] (0.00ns)   --->   "%raw_bits_10 = bitcast i32 %buf_tmp_10" [/home/spouget/iccad_24/autodse_tree_reduction/bert_100_64/_done/work_dir/output/fast/0/.merlin_prj/run/implement/exec/hls/mars_wide_bus_3d.h:1871->/home/spouget/iccad_24/autodse_tree_reduction/bert_100_64/_done/work_dir/output/fast/0/.merlin_prj/run/implement/exec/hls/__merlinkernel_kernel_gemm.c:134]   --->   Operation 98 'bitcast' 'raw_bits_10' <Predicate = true> <Delay = 0.00>
ST_4 : Operation 99 [1/1] (0.00ns)   --->   "%raw_bits_11 = bitcast i32 %buf_tmp_11" [/home/spouget/iccad_24/autodse_tree_reduction/bert_100_64/_done/work_dir/output/fast/0/.merlin_prj/run/implement/exec/hls/mars_wide_bus_3d.h:1871->/home/spouget/iccad_24/autodse_tree_reduction/bert_100_64/_done/work_dir/output/fast/0/.merlin_prj/run/implement/exec/hls/__merlinkernel_kernel_gemm.c:134]   --->   Operation 99 'bitcast' 'raw_bits_11' <Predicate = true> <Delay = 0.00>
ST_4 : Operation 100 [1/1] (0.00ns)   --->   "%raw_bits_12 = bitcast i32 %buf_tmp_12" [/home/spouget/iccad_24/autodse_tree_reduction/bert_100_64/_done/work_dir/output/fast/0/.merlin_prj/run/implement/exec/hls/mars_wide_bus_3d.h:1871->/home/spouget/iccad_24/autodse_tree_reduction/bert_100_64/_done/work_dir/output/fast/0/.merlin_prj/run/implement/exec/hls/__merlinkernel_kernel_gemm.c:134]   --->   Operation 100 'bitcast' 'raw_bits_12' <Predicate = true> <Delay = 0.00>
ST_4 : Operation 101 [1/1] (0.00ns)   --->   "%raw_bits_13 = bitcast i32 %buf_tmp_13" [/home/spouget/iccad_24/autodse_tree_reduction/bert_100_64/_done/work_dir/output/fast/0/.merlin_prj/run/implement/exec/hls/mars_wide_bus_3d.h:1871->/home/spouget/iccad_24/autodse_tree_reduction/bert_100_64/_done/work_dir/output/fast/0/.merlin_prj/run/implement/exec/hls/__merlinkernel_kernel_gemm.c:134]   --->   Operation 101 'bitcast' 'raw_bits_13' <Predicate = true> <Delay = 0.00>
ST_4 : Operation 102 [1/1] (0.00ns)   --->   "%raw_bits_14 = bitcast i32 %buf_tmp_14" [/home/spouget/iccad_24/autodse_tree_reduction/bert_100_64/_done/work_dir/output/fast/0/.merlin_prj/run/implement/exec/hls/mars_wide_bus_3d.h:1871->/home/spouget/iccad_24/autodse_tree_reduction/bert_100_64/_done/work_dir/output/fast/0/.merlin_prj/run/implement/exec/hls/__merlinkernel_kernel_gemm.c:134]   --->   Operation 102 'bitcast' 'raw_bits_14' <Predicate = true> <Delay = 0.00>
ST_4 : Operation 103 [1/1] (0.00ns)   --->   "%raw_bits_15 = bitcast i32 %buf_tmp_15" [/home/spouget/iccad_24/autodse_tree_reduction/bert_100_64/_done/work_dir/output/fast/0/.merlin_prj/run/implement/exec/hls/mars_wide_bus_3d.h:1871->/home/spouget/iccad_24/autodse_tree_reduction/bert_100_64/_done/work_dir/output/fast/0/.merlin_prj/run/implement/exec/hls/__merlinkernel_kernel_gemm.c:134]   --->   Operation 103 'bitcast' 'raw_bits_15' <Predicate = true> <Delay = 0.00>
ST_4 : Operation 104 [1/1] (0.00ns)   --->   "%or_ln95_s = bitconcatenate i512 @_ssdm_op_BitConcatenate.i512.i32.i32.i32.i32.i32.i32.i32.i32.i32.i32.i32.i32.i32.i32.i32.i32, i32 %raw_bits_15, i32 %raw_bits_14, i32 %raw_bits_13, i32 %raw_bits_12, i32 %raw_bits_11, i32 %raw_bits_10, i32 %raw_bits_9, i32 %raw_bits_8, i32 %raw_bits_7, i32 %raw_bits_6, i32 %raw_bits_5, i32 %raw_bits_4, i32 %raw_bits_3, i32 %raw_bits_2, i32 %raw_bits_1, i32 %raw_bits" [/home/spouget/iccad_24/autodse_tree_reduction/bert_100_64/_done/work_dir/output/fast/0/.merlin_prj/run/implement/exec/hls/memcpy_512.h:95->/home/spouget/iccad_24/autodse_tree_reduction/bert_100_64/_done/work_dir/output/fast/0/.merlin_prj/run/implement/exec/hls/mars_wide_bus_3d.h:1872->/home/spouget/iccad_24/autodse_tree_reduction/bert_100_64/_done/work_dir/output/fast/0/.merlin_prj/run/implement/exec/hls/__merlinkernel_kernel_gemm.c:134]   --->   Operation 104 'bitconcatenate' 'or_ln95_s' <Predicate = true> <Delay = 0.00>
ST_4 : Operation 105 [1/1] (2.92ns)   --->   "%write_ln95 = write void @_ssdm_op_Write.m_axi.p1i512, i512 %merlin_gmem_kernel_gemm_512_C_addr, i512 %or_ln95_s, i64 18446744073709551615" [/home/spouget/iccad_24/autodse_tree_reduction/bert_100_64/_done/work_dir/output/fast/0/.merlin_prj/run/implement/exec/hls/memcpy_512.h:95->/home/spouget/iccad_24/autodse_tree_reduction/bert_100_64/_done/work_dir/output/fast/0/.merlin_prj/run/implement/exec/hls/mars_wide_bus_3d.h:1872->/home/spouget/iccad_24/autodse_tree_reduction/bert_100_64/_done/work_dir/output/fast/0/.merlin_prj/run/implement/exec/hls/__merlinkernel_kernel_gemm.c:134]   --->   Operation 105 'write' 'write_ln95' <Predicate = true> <Delay = 2.92> <CoreInst = "m_axi">   --->   Core 121 'm_axi' <Latency = 0> <II = 1> <Delay = 1.00> <Adapter> <Opcode : 'read' 'write' 'readreq' 'writereq' 'writeresp'>
ST_4 : Operation 106 [1/1] (0.00ns)   --->   "%br_ln1845 = br void %for.body92.i" [/home/spouget/iccad_24/autodse_tree_reduction/bert_100_64/_done/work_dir/output/fast/0/.merlin_prj/run/implement/exec/hls/mars_wide_bus_3d.h:1845->/home/spouget/iccad_24/autodse_tree_reduction/bert_100_64/_done/work_dir/output/fast/0/.merlin_prj/run/implement/exec/hls/__merlinkernel_kernel_gemm.c:134]   --->   Operation 106 'br' 'br_ln1845' <Predicate = true> <Delay = 0.00>


============================================================
+ Verbose Summary: Timing violations
============================================================
Target clock period: 4.000ns, clock uncertainty: 1.080ns.

 <State 1>: 0.387ns
The critical path consists of the following:
	'alloca' operation 64 bit ('index2', /home/spouget/iccad_24/autodse_tree_reduction/bert_100_64/_done/work_dir/output/fast/0/.merlin_prj/run/implement/exec/hls/mars_wide_bus_3d.h:1823->/home/spouget/iccad_24/autodse_tree_reduction/bert_100_64/_done/work_dir/output/fast/0/.merlin_prj/run/implement/exec/hls/__merlinkernel_kernel_gemm.c:134) [21]  (0.000 ns)
	'store' operation 0 bit ('store_ln1823', /home/spouget/iccad_24/autodse_tree_reduction/bert_100_64/_done/work_dir/output/fast/0/.merlin_prj/run/implement/exec/hls/mars_wide_bus_3d.h:1823->/home/spouget/iccad_24/autodse_tree_reduction/bert_100_64/_done/work_dir/output/fast/0/.merlin_prj/run/implement/exec/hls/__merlinkernel_kernel_gemm.c:134) of constant 0 on local variable 'index2', /home/spouget/iccad_24/autodse_tree_reduction/bert_100_64/_done/work_dir/output/fast/0/.merlin_prj/run/implement/exec/hls/mars_wide_bus_3d.h:1823->/home/spouget/iccad_24/autodse_tree_reduction/bert_100_64/_done/work_dir/output/fast/0/.merlin_prj/run/implement/exec/hls/__merlinkernel_kernel_gemm.c:134 [25]  (0.387 ns)

 <State 2>: 1.945ns
The critical path consists of the following:
	'load' operation 64 bit ('index2_load', /home/spouget/iccad_24/autodse_tree_reduction/bert_100_64/_done/work_dir/output/fast/0/.merlin_prj/run/implement/exec/hls/mars_wide_bus_3d.h:1845->/home/spouget/iccad_24/autodse_tree_reduction/bert_100_64/_done/work_dir/output/fast/0/.merlin_prj/run/implement/exec/hls/__merlinkernel_kernel_gemm.c:134) on local variable 'index2', /home/spouget/iccad_24/autodse_tree_reduction/bert_100_64/_done/work_dir/output/fast/0/.merlin_prj/run/implement/exec/hls/mars_wide_bus_3d.h:1823->/home/spouget/iccad_24/autodse_tree_reduction/bert_100_64/_done/work_dir/output/fast/0/.merlin_prj/run/implement/exec/hls/__merlinkernel_kernel_gemm.c:134 [39]  (0.000 ns)
	'icmp' operation 1 bit ('icmp_ln1875', /home/spouget/iccad_24/autodse_tree_reduction/bert_100_64/_done/work_dir/output/fast/0/.merlin_prj/run/implement/exec/hls/mars_wide_bus_3d.h:1875->/home/spouget/iccad_24/autodse_tree_reduction/bert_100_64/_done/work_dir/output/fast/0/.merlin_prj/run/implement/exec/hls/__merlinkernel_kernel_gemm.c:134) [97]  (1.147 ns)
	'select' operation 64 bit ('index2', /home/spouget/iccad_24/autodse_tree_reduction/bert_100_64/_done/work_dir/output/fast/0/.merlin_prj/run/implement/exec/hls/mars_wide_bus_3d.h:1875->/home/spouget/iccad_24/autodse_tree_reduction/bert_100_64/_done/work_dir/output/fast/0/.merlin_prj/run/implement/exec/hls/__merlinkernel_kernel_gemm.c:134) [101]  (0.411 ns)
	'store' operation 0 bit ('store_ln1823', /home/spouget/iccad_24/autodse_tree_reduction/bert_100_64/_done/work_dir/output/fast/0/.merlin_prj/run/implement/exec/hls/mars_wide_bus_3d.h:1823->/home/spouget/iccad_24/autodse_tree_reduction/bert_100_64/_done/work_dir/output/fast/0/.merlin_prj/run/implement/exec/hls/__merlinkernel_kernel_gemm.c:134) of variable 'index2', /home/spouget/iccad_24/autodse_tree_reduction/bert_100_64/_done/work_dir/output/fast/0/.merlin_prj/run/implement/exec/hls/mars_wide_bus_3d.h:1875->/home/spouget/iccad_24/autodse_tree_reduction/bert_100_64/_done/work_dir/output/fast/0/.merlin_prj/run/implement/exec/hls/__merlinkernel_kernel_gemm.c:134 on local variable 'index2', /home/spouget/iccad_24/autodse_tree_reduction/bert_100_64/_done/work_dir/output/fast/0/.merlin_prj/run/implement/exec/hls/mars_wide_bus_3d.h:1823->/home/spouget/iccad_24/autodse_tree_reduction/bert_100_64/_done/work_dir/output/fast/0/.merlin_prj/run/implement/exec/hls/__merlinkernel_kernel_gemm.c:134 [102]  (0.387 ns)

 <State 3>: 1.196ns
The critical path consists of the following:
	'load' operation 32 bit ('buf_tmp', /home/spouget/iccad_24/autodse_tree_reduction/bert_100_64/_done/work_dir/output/fast/0/.merlin_prj/run/implement/exec/hls/mars_wide_bus_3d.h:1870->/home/spouget/iccad_24/autodse_tree_reduction/bert_100_64/_done/work_dir/output/fast/0/.merlin_prj/run/implement/exec/hls/__merlinkernel_kernel_gemm.c:134) on array 'C_buf' [63]  (1.196 ns)

 <State 4>: 2.920ns
The critical path consists of the following:
	'getelementptr' operation 512 bit ('merlin_gmem_kernel_gemm_512_C_addr', /home/spouget/iccad_24/autodse_tree_reduction/bert_100_64/_done/work_dir/output/fast/0/.merlin_prj/run/implement/exec/hls/mars_wide_bus_3d.h:1705->/home/spouget/iccad_24/autodse_tree_reduction/bert_100_64/_done/work_dir/output/fast/0/.merlin_prj/run/implement/exec/hls/__merlinkernel_kernel_gemm.c:74) [40]  (0.000 ns)
	bus write operation ('write_ln95', /home/spouget/iccad_24/autodse_tree_reduction/bert_100_64/_done/work_dir/output/fast/0/.merlin_prj/run/implement/exec/hls/memcpy_512.h:95->/home/spouget/iccad_24/autodse_tree_reduction/bert_100_64/_done/work_dir/output/fast/0/.merlin_prj/run/implement/exec/hls/mars_wide_bus_3d.h:1872->/home/spouget/iccad_24/autodse_tree_reduction/bert_100_64/_done/work_dir/output/fast/0/.merlin_prj/run/implement/exec/hls/__merlinkernel_kernel_gemm.c:134) on port 'merlin_gmem_kernel_gemm_512_C' (/home/spouget/iccad_24/autodse_tree_reduction/bert_100_64/_done/work_dir/output/fast/0/.merlin_prj/run/implement/exec/hls/memcpy_512.h:95->/home/spouget/iccad_24/autodse_tree_reduction/bert_100_64/_done/work_dir/output/fast/0/.merlin_prj/run/implement/exec/hls/mars_wide_bus_3d.h:1872->/home/spouget/iccad_24/autodse_tree_reduction/bert_100_64/_done/work_dir/output/fast/0/.merlin_prj/run/implement/exec/hls/__merlinkernel_kernel_gemm.c:134) [96]  (2.920 ns)


============================================================
+ Verbose Summary: Binding
============================================================
N/A
* FSMD analyzer results:
  - Output states:
 - Input state : 
  - Chain level:
	State 1
	State 2
	State 3
	State 4


============================================================
+ Verbose Summary: Datapath Resource usage 
============================================================
N/A
