DSE Summary
+----------------------------+-----+
| Total Explored             | 728 |
+----------------------------+-----+
| Level 1 Timeout            | 0   |
+----------------------------+-----+
| Level 1 Analysis Error     | 0   |
+----------------------------+-----+
| Level 1 Early Reject       | 628 |
+----------------------------+-----+
| Level 1 Result Unavailable | 0   |
+----------------------------+-----+
| Level 2 Timeout            | 10  |
+----------------------------+-----+
| Level 2 Analysis Error     | 0   |
+----------------------------+-----+
| Level 2 Duplicate          | 0   |
+----------------------------+-----+
| Level 2 Result Unavailable | 23  |
+----------------------------+-----+

Level 2 Result Details
+----+----------+---------------------------+-------------+-------+------+
| ID |  Perf.   |    BRAM, DSP, LUT, FF     |   Status    | Valid | Time |
+====+==========+===========================+=============+=======+======+
| 0  | 4.25e+06 |  5.0%, 0.0%, 1.0%, 0.0%   |  Finished   |  Yes  | 0.0  |
+----+----------+---------------------------+-------------+-------+------+
| 1  |   ----   |           ----            | Unavailable |  No   | 0.0  |
+----+----------+---------------------------+-------------+-------+------+
| 2  | 1.06e+07 |  6.0%, 0.0%, 1.0%, 0.0%   |  Finished   |  Yes  | 0.0  |
+----+----------+---------------------------+-------------+-------+------+
| 3  | 9.21e+04 | 1.0%, 43.0%, 54.0%, 39.0% |  Finished   |  Yes  | 0.0  |
+----+----------+---------------------------+-------------+-------+------+
| 4  | 7.25e+04 | 1.0%, 43.0%, 54.0%, 39.0% |  Finished   |  Yes  | 0.0  |
+----+----------+---------------------------+-------------+-------+------+
| 5  | 7.93e+04 | 1.0%, 43.0%, 54.0%, 39.0% |  Finished   |  Yes  | 0.0  |
+----+----------+---------------------------+-------------+-------+------+
| 6  |   ----   |           ----            | Unavailable |  No   | 0.0  |
+----+----------+---------------------------+-------------+-------+------+
| 7  | 7.16e+04 | 1.0%, 43.0%, 54.0%, 39.0% |  Finished   |  Yes  | 0.0  |
+----+----------+---------------------------+-------------+-------+------+
| 8  | 1.01e+07 |  3.0%, 0.0%, 1.0%, 0.0%   |  Finished   |  Yes  | 0.0  |
+----+----------+---------------------------+-------------+-------+------+
| 9  | 2.11e+07 |  9.0%, 0.0%, 3.0%, 2.0%   |  Finished   |  Yes  | 0.0  |
+----+----------+---------------------------+-------------+-------+------+
| 10 | 8.69e+04 | 1.0%, 43.0%, 54.0%, 39.0% |  Finished   |  Yes  | 0.0  |
+----+----------+---------------------------+-------------+-------+------+
| 11 |   ----   |           ----            | Unavailable |  No   | 0.0  |
+----+----------+---------------------------+-------------+-------+------+
| 12 | 1.17e+05 | 1.0%, 43.0%, 55.0%, 42.0% |  Finished   |  Yes  | 0.0  |
+----+----------+---------------------------+-------------+-------+------+
| 13 |   ----   |           ----            |   Timeout   |  No   | 0.0  |
+----+----------+---------------------------+-------------+-------+------+
| 14 | 2.74e+05 | 7.0%, 43.0%, 46.0%, 35.0% |  Finished   |  Yes  | 0.0  |
+----+----------+---------------------------+-------------+-------+------+
| 15 |   ----   |           ----            | Unavailable |  No   | 0.0  |
+----+----------+---------------------------+-------------+-------+------+
| 16 |   ----   |           ----            |   Timeout   |  No   | 0.0  |
+----+----------+---------------------------+-------------+-------+------+
| 17 | 4.78e+06 |  5.0%, 0.0%, 1.0%, 0.0%   |  Finished   |  Yes  | 0.0  |
+----+----------+---------------------------+-------------+-------+------+
| 18 | 3.25e+05 | 7.0%, 10.0%, 13.0%, 9.0%  |  Finished   |  Yes  | 0.0  |
+----+----------+---------------------------+-------------+-------+------+
| 19 |   ----   |           ----            |   Timeout   |  No   | 0.0  |
+----+----------+---------------------------+-------------+-------+------+
| 20 | 4.61e+06 |  3.0%, 0.0%, 1.0%, 0.0%   |  Finished   |  Yes  | 0.0  |
+----+----------+---------------------------+-------------+-------+------+
| 21 |   ----   |           ----            | Unavailable |  No   | 0.0  |
+----+----------+---------------------------+-------------+-------+------+
| 22 | 3.95e+05 |  7.0%, 5.0%, 9.0%, 5.0%   |  Finished   |  Yes  | 0.0  |
+----+----------+---------------------------+-------------+-------+------+
| 23 | 5.24e+06 |  5.0%, 0.0%, 1.0%, 0.0%   |  Finished   |  Yes  | 0.0  |
+----+----------+---------------------------+-------------+-------+------+
| 24 | 3.38e+06 |  3.0%, 0.0%, 1.0%, 0.0%   |  Finished   |  Yes  | 0.0  |
+----+----------+---------------------------+-------------+-------+------+
| 25 |   ----   |           ----            | Unavailable |  No   | 0.0  |
+----+----------+---------------------------+-------------+-------+------+
| 26 | 3.02e+06 |  6.0%, 0.0%, 1.0%, 0.0%   |  Finished   |  Yes  | 0.0  |
+----+----------+---------------------------+-------------+-------+------+
| 27 | 2.67e+06 |  6.0%, 3.0%, 3.0%, 2.0%   |  Finished   |  Yes  | 0.0  |
+----+----------+---------------------------+-------------+-------+------+
| 28 | 1.19e+05 | 1.0%, 43.0%, 51.0%, 39.0% |  Finished   |  Yes  | 0.0  |
+----+----------+---------------------------+-------------+-------+------+
| 29 |   ----   |           ----            | Unavailable |  No   | 0.0  |
+----+----------+---------------------------+-------------+-------+------+
| 30 |   ----   |           ----            | Unavailable |  No   | 0.0  |
+----+----------+---------------------------+-------------+-------+------+
| 31 | 8.72e+06 |  5.0%, 0.0%, 1.0%, 0.0%   |  Finished   |  Yes  | 0.0  |
+----+----------+---------------------------+-------------+-------+------+
| 32 |   ----   |           ----            |   Timeout   |  No   | 0.0  |
+----+----------+---------------------------+-------------+-------+------+
| 33 |   ----   |           ----            |   Timeout   |  No   | 0.0  |
+----+----------+---------------------------+-------------+-------+------+
| 34 | 2.67e+06 |  7.0%, 3.0%, 5.0%, 2.0%   |  Finished   |  Yes  | 0.0  |
+----+----------+---------------------------+-------------+-------+------+
| 35 |   ----   |           ----            | Unavailable |  No   | 0.0  |
+----+----------+---------------------------+-------------+-------+------+
| 36 | 1.18e+05 | 6.0%, 43.0%, 56.0%, 39.0% |  Finished   |  Yes  | 0.0  |
+----+----------+---------------------------+-------------+-------+------+
| 37 | 1.09e+05 | 7.0%, 43.0%, 46.0%, 35.0% |  Finished   |  Yes  | 0.0  |
+----+----------+---------------------------+-------------+-------+------+
| 38 | 3.51e+06 |  6.0%, 0.0%, 1.0%, 0.0%   |  Finished   |  Yes  | 0.0  |
+----+----------+---------------------------+-------------+-------+------+
| 39 |   ----   |           ----            | Unavailable |  No   | 0.0  |
+----+----------+---------------------------+-------------+-------+------+
| 40 | 1.27e+07 |  5.0%, 0.0%, 1.0%, 0.0%   |  Finished   |  Yes  | 0.0  |
+----+----------+---------------------------+-------------+-------+------+
| 41 |   ----   |           ----            | Unavailable |  No   | 0.0  |
+----+----------+---------------------------+-------------+-------+------+
| 42 | 2.69e+06 |  6.0%, 0.0%, 1.0%, 0.0%   |  Finished   |  Yes  | 0.0  |
+----+----------+---------------------------+-------------+-------+------+
| 43 | 2.69e+06 |  6.0%, 0.0%, 1.0%, 0.0%   |  Finished   |  Yes  | 0.0  |
+----+----------+---------------------------+-------------+-------+------+
| 44 | 7.69e+04 | 1.0%, 43.0%, 54.0%, 39.0% |  Finished   |  Yes  | 0.0  |
+----+----------+---------------------------+-------------+-------+------+
| 45 | 4.00e+06 |  6.0%, 0.0%, 1.0%, 0.0%   |  Finished   |  Yes  | 0.0  |
+----+----------+---------------------------+-------------+-------+------+
| 46 | 2.69e+06 |  6.0%, 0.0%, 1.0%, 0.0%   |  Finished   |  Yes  | 0.0  |
+----+----------+---------------------------+-------------+-------+------+
| 47 | 2.68e+06 |  6.0%, 0.0%, 1.0%, 0.0%   |  Finished   |  Yes  | 0.0  |
+----+----------+---------------------------+-------------+-------+------+
| 48 | 1.09e+05 | 7.0%, 43.0%, 46.0%, 35.0% |  Finished   |  Yes  | 0.0  |
+----+----------+---------------------------+-------------+-------+------+
| 49 | 3.27e+06 |  5.0%, 0.0%, 1.0%, 0.0%   |  Finished   |  Yes  | 0.0  |
+----+----------+---------------------------+-------------+-------+------+
| 50 | 2.68e+06 |  6.0%, 1.0%, 2.0%, 1.0%   |  Finished   |  Yes  | 0.0  |
+----+----------+---------------------------+-------------+-------+------+
| 51 | 5.74e+06 |  5.0%, 0.0%, 1.0%, 0.0%   |  Finished   |  Yes  | 0.0  |
+----+----------+---------------------------+-------------+-------+------+
| 52 | 4.25e+06 |  5.0%, 0.0%, 1.0%, 0.0%   |  Finished   |  Yes  | 0.0  |
+----+----------+---------------------------+-------------+-------+------+
| 53 |   ----   |           ----            |   Timeout   |  No   | 0.0  |
+----+----------+---------------------------+-------------+-------+------+
| 54 | 3.38e+06 |  3.0%, 0.0%, 1.0%, 0.0%   |  Finished   |  Yes  | 0.0  |
+----+----------+---------------------------+-------------+-------+------+
| 55 |   ----   |           ----            | Unavailable |  No   | 0.0  |
+----+----------+---------------------------+-------------+-------+------+
| 56 |   ----   |           ----            | Unavailable |  No   | 0.0  |
+----+----------+---------------------------+-------------+-------+------+
| 57 | 2.90e+05 | 7.0%, 21.0%, 24.0%, 18.0% |  Finished   |  Yes  | 0.0  |
+----+----------+---------------------------+-------------+-------+------+
| 58 | 3.51e+06 |  6.0%, 0.0%, 1.0%, 0.0%   |  Finished   |  Yes  | 0.0  |
+----+----------+---------------------------+-------------+-------+------+
| 59 |   ----   |           ----            | Unavailable |  No   | 0.0  |
+----+----------+---------------------------+-------------+-------+------+
| 60 | 3.14e+06 |  3.0%, 0.0%, 1.0%, 0.0%   |  Finished   |  Yes  | 0.0  |
+----+----------+---------------------------+-------------+-------+------+
| 61 | 3.27e+06 |  5.0%, 0.0%, 1.0%, 0.0%   |  Finished   |  Yes  | 0.0  |
+----+----------+---------------------------+-------------+-------+------+
| 62 | 3.14e+06 |  3.0%, 0.0%, 1.0%, 0.0%   |  Finished   |  Yes  | 0.0  |
+----+----------+---------------------------+-------------+-------+------+
| 63 | 1.64e+05 | 7.0%, 43.0%, 46.0%, 35.0% |  Finished   |  Yes  | 0.0  |
+----+----------+---------------------------+-------------+-------+------+
| 64 | 4.00e+06 |  6.0%, 0.0%, 1.0%, 0.0%   |  Finished   |  Yes  | 0.0  |
+----+----------+---------------------------+-------------+-------+------+
| 65 | 2.68e+06 |  6.0%, 0.0%, 1.0%, 0.0%   |  Finished   |  Yes  | 0.0  |
+----+----------+---------------------------+-------------+-------+------+
| 66 |   ----   |           ----            | Unavailable |  No   | 0.0  |
+----+----------+---------------------------+-------------+-------+------+
| 67 | 1.75e+07 |  3.0%, 0.0%, 1.0%, 0.0%   |  Finished   |  Yes  | 0.0  |
+----+----------+---------------------------+-------------+-------+------+
| 68 | 2.68e+06 |  6.0%, 0.0%, 1.0%, 0.0%   |  Finished   |  Yes  | 0.0  |
+----+----------+---------------------------+-------------+-------+------+
| 69 |   ----   |           ----            | Unavailable |  No   | 0.0  |
+----+----------+---------------------------+-------------+-------+------+
| 70 | 2.67e+06 |  4.0%, 1.0%, 2.0%, 1.0%   |  Finished   |  Yes  | 0.0  |
+----+----------+---------------------------+-------------+-------+------+
| 71 | 7.19e+04 | 1.0%, 43.0%, 54.0%, 39.0% |  Finished   |  Yes  | 0.0  |
+----+----------+---------------------------+-------------+-------+------+
| 72 | 7.19e+04 | 1.0%, 43.0%, 54.0%, 39.0% |  Finished   |  Yes  | 0.0  |
+----+----------+---------------------------+-------------+-------+------+
| 73 |   ----   |           ----            | Unavailable |  No   | 0.0  |
+----+----------+---------------------------+-------------+-------+------+
| 74 |   ----   |           ----            |   Timeout   |  No   | 0.0  |
+----+----------+---------------------------+-------------+-------+------+
| 75 | 2.67e+06 |  4.0%, 1.0%, 3.0%, 1.0%   |  Finished   |  Yes  | 0.0  |
+----+----------+---------------------------+-------------+-------+------+
| 76 | 2.12e+07 |  9.0%, 1.0%, 4.0%, 2.0%   |  Finished   |  Yes  | 0.0  |
+----+----------+---------------------------+-------------+-------+------+
| 77 | 5.37e+05 |  12.0%, 2.0%, 5.0%, 2.0%  |  Finished   |  Yes  | 0.0  |
+----+----------+---------------------------+-------------+-------+------+
| 78 | 5.35e+06 |  6.0%, 0.0%, 1.0%, 0.0%   |  Finished   |  Yes  | 0.0  |
+----+----------+---------------------------+-------------+-------+------+
| 79 | 4.61e+06 |  3.0%, 0.0%, 1.0%, 0.0%   |  Finished   |  Yes  | 0.0  |
+----+----------+---------------------------+-------------+-------+------+
| 80 | 2.67e+06 |  7.0%, 3.0%, 5.0%, 2.0%   |  Finished   |  Yes  | 0.0  |
+----+----------+---------------------------+-------------+-------+------+
| 81 | 7.16e+04 | 1.0%, 43.0%, 54.0%, 39.0% |  Finished   |  Yes  | 0.0  |
+----+----------+---------------------------+-------------+-------+------+
| 82 |   ----   |           ----            | Unavailable |  No   | 0.0  |
+----+----------+---------------------------+-------------+-------+------+
| 83 |   ----   |           ----            |   Timeout   |  No   | 0.0  |
+----+----------+---------------------------+-------------+-------+------+
| 84 | 6.45e+06 |  3.0%, 0.0%, 1.0%, 0.0%   |  Finished   |  Yes  | 0.0  |
+----+----------+---------------------------+-------------+-------+------+
| 85 |   ----   |           ----            | Unavailable |  No   | 0.0  |
+----+----------+---------------------------+-------------+-------+------+
| 86 | 3.02e+06 |  6.0%, 0.0%, 1.0%, 0.0%   |  Finished   |  Yes  | 0.0  |
+----+----------+---------------------------+-------------+-------+------+
| 87 | 2.67e+06 |  6.0%, 2.0%, 3.0%, 1.0%   |  Finished   |  Yes  | 0.0  |
+----+----------+---------------------------+-------------+-------+------+
| 88 | 2.71e+06 |  6.0%, 0.0%, 1.0%, 0.0%   |  Finished   |  Yes  | 0.0  |
+----+----------+---------------------------+-------------+-------+------+
| 89 |   ----   |           ----            |   Timeout   |  No   | 0.0  |
+----+----------+---------------------------+-------------+-------+------+
| 90 | 2.67e+06 |  7.0%, 3.0%, 5.0%, 2.0%   |  Finished   |  Yes  | 0.0  |
+----+----------+---------------------------+-------------+-------+------+
| 91 |   ----   |           ----            | Unavailable |  No   | 0.0  |
+----+----------+---------------------------+-------------+-------+------+
| 92 |   ----   |           ----            | Unavailable |  No   | 0.0  |
+----+----------+---------------------------+-------------+-------+------+
| 93 |   ----   |           ----            | Unavailable |  No   | 0.0  |
+----+----------+---------------------------+-------------+-------+------+
| 94 | 3.77e+06 |  5.0%, 0.0%, 1.0%, 0.0%   |  Finished   |  Yes  | 0.0  |
+----+----------+---------------------------+-------------+-------+------+
| 95 | 3.77e+06 |  5.0%, 0.0%, 1.0%, 0.0%   |  Finished   |  Yes  | 0.0  |
+----+----------+---------------------------+-------------+-------+------+
| 96 | 2.68e+06 |  8.0%, 1.0%, 2.0%, 1.0%   |  Finished   |  Yes  | 0.0  |
+----+----------+---------------------------+-------------+-------+------+
| 97 |   ----   |           ----            | Unavailable |  No   | 0.0  |
+----+----------+---------------------------+-------------+-------+------+
| 98 |   ----   |           ----            |   Timeout   |  No   | 0.0  |
+----+----------+---------------------------+-------------+-------+------+
| 99 | 7.71e+06 |  5.0%, 0.0%, 1.0%, 0.0%   |  Finished   |  Yes  | 0.0  |
+----+----------+---------------------------+-------------+-------+------+

Explored Points
+----+-----------+-----------+-----------+-----------+-----------+-----------+----------+----------+
| ID | __PARA__L | __PARA__L | __PARA__L | __PARA__L | __PIPE__L | __PIPE__L | __TILE__ | __TILE__ |
|    |     0     |     1     |     2     |     3     |     0     |     2     |    L0    |    L2    |
+====+===========+===========+===========+===========+===========+===========+==========+==========+
| 0  |     1     |    55     |     1     |     4     |    off    |           |    1     |    20    |
+----+-----------+-----------+-----------+-----------+-----------+-----------+----------+----------+
| 1  |     1     |     1     |     1     |     1     |  flatten  |    off    |    2     |    1     |
+----+-----------+-----------+-----------+-----------+-----------+-----------+----------+----------+
| 2  |     1     |     1     |     1     |     1     |    off    |    off    |    1     |    1     |
+----+-----------+-----------+-----------+-----------+-----------+-----------+----------+----------+
| 3  |     1     |     4     |    16     |     1     |    off    |  flatten  |    50    |    1     |
+----+-----------+-----------+-----------+-----------+-----------+-----------+----------+----------+
| 4  |     1     |     4     |    16     |     1     |    off    |  flatten  |    10    |    1     |
+----+-----------+-----------+-----------+-----------+-----------+-----------+----------+----------+
| 5  |     1     |     4     |    16     |     1     |    off    |  flatten  |    25    |    1     |
+----+-----------+-----------+-----------+-----------+-----------+-----------+----------+----------+
| 6  |    200    |     4     |    16     |     1     |    off    |  flatten  |    1     |    1     |
+----+-----------+-----------+-----------+-----------+-----------+-----------+----------+----------+
| 7  |     1     |     4     |    16     |     1     |           |  flatten  |    5     |    1     |
+----+-----------+-----------+-----------+-----------+-----------+-----------+----------+----------+
| 8  |     1     |    55     |     1     |     4     |    off    |    off    |    1     |    4     |
+----+-----------+-----------+-----------+-----------+-----------+-----------+----------+----------+
| 9  |     1     |    220    |     1     |     4     |    off    |    off    |    1     |    1     |
+----+-----------+-----------+-----------+-----------+-----------+-----------+----------+----------+
| 10 |     1     |     4     |    16     |     1     |    off    |  flatten  |    40    |    1     |
+----+-----------+-----------+-----------+-----------+-----------+-----------+----------+----------+
| 11 |    20     |     4     |    16     |     1     |    off    |  flatten  |    5     |    1     |
+----+-----------+-----------+-----------+-----------+-----------+-----------+----------+----------+
| 12 |     1     |     4     |    16     |     1     |    off    |  flatten  |    4     |    1     |
+----+-----------+-----------+-----------+-----------+-----------+-----------+----------+----------+
| 13 |    100    |     1     |     1     |     1     |  flatten  |    off    |    1     |    1     |
+----+-----------+-----------+-----------+-----------+-----------+-----------+----------+----------+
| 14 |     1     |     1     |    16     |     1     |    off    |  flatten  |    1     |    1     |
+----+-----------+-----------+-----------+-----------+-----------+-----------+----------+----------+
| 15 |     2     |     1     |     1     |     1     |  flatten  |    off    |    1     |    1     |
+----+-----------+-----------+-----------+-----------+-----------+-----------+----------+----------+
| 16 |    50     |     1     |     1     |     1     |  flatten  |    off    |    1     |    1     |
+----+-----------+-----------+-----------+-----------+-----------+-----------+----------+----------+
| 17 |     1     |    55     |     1     |     4     |    off    |    off    |    1     |    15    |
+----+-----------+-----------+-----------+-----------+-----------+-----------+----------+----------+
| 18 |     1     |     1     |     4     |     1     |    off    |  flatten  |    1     |    1     |
+----+-----------+-----------+-----------+-----------+-----------+-----------+----------+----------+
| 19 |    200    |    55     |     1     |     4     |    off    |    off    |    1     |    1     |
+----+-----------+-----------+-----------+-----------+-----------+-----------+----------+----------+
| 20 |     1     |    55     |     1     |     4     |    off    |           |    1     |    16    |
+----+-----------+-----------+-----------+-----------+-----------+-----------+----------+----------+
| 21 |    200    |     2     |     1     |     4     |    off    |    off    |    1     |    1     |
+----+-----------+-----------+-----------+-----------+-----------+-----------+----------+----------+
| 22 |     1     |     1     |     2     |     1     |    off    |  flatten  |    1     |    1     |
+----+-----------+-----------+-----------+-----------+-----------+-----------+----------+----------+
| 23 |     1     |    55     |     1     |     4     |    off    |    off    |    1     |    12    |
+----+-----------+-----------+-----------+-----------+-----------+-----------+----------+----------+
| 24 |     1     |    55     |     1     |     4     |    off    |           |    1     |    48    |
+----+-----------+-----------+-----------+-----------+-----------+-----------+----------+----------+
| 25 |     1     |     1     |     1     |     1     |  flatten  |    off    |   100    |    1     |
+----+-----------+-----------+-----------+-----------+-----------+-----------+----------+----------+
| 26 |     1     |    55     |     1     |     4     |    off    |    off    |    1     |   120    |
+----+-----------+-----------+-----------+-----------+-----------+-----------+----------+----------+
| 27 |     1     |    44     |     1     |     4     |    off    |    off    |    1     |    1     |
+----+-----------+-----------+-----------+-----------+-----------+-----------+----------+----------+
| 28 |     1     |     4     |    16     |     1     |    off    |  flatten  |    2     |    1     |
+----+-----------+-----------+-----------+-----------+-----------+-----------+----------+----------+
| 29 |     4     |     1     |     1     |     1     |  flatten  |    off    |    1     |    1     |
+----+-----------+-----------+-----------+-----------+-----------+-----------+----------+----------+
| 30 |    200    |     1     |     1     |     1     |  flatten  |    off    |    1     |    1     |
+----+-----------+-----------+-----------+-----------+-----------+-----------+----------+----------+
| 31 |     1     |    55     |     1     |     4     |    off    |    off    |    1     |    5     |
+----+-----------+-----------+-----------+-----------+-----------+-----------+----------+----------+
| 32 |    10     |     1     |     1     |     1     |  flatten  |    off    |    1     |    1     |
+----+-----------+-----------+-----------+-----------+-----------+-----------+----------+----------+
| 33 |    25     |     1     |     1     |     1     |  flatten  |    off    |    1     |    1     |
+----+-----------+-----------+-----------+-----------+-----------+-----------+----------+----------+
| 34 |     1     |    55     |     1     |     4     |    off    |    off    |    1     |    1     |
+----+-----------+-----------+-----------+-----------+-----------+-----------+----------+----------+
| 35 |    200    |     2     |     1     |     4     |    off    |    off    |    1     |   240    |
+----+-----------+-----------+-----------+-----------+-----------+-----------+----------+----------+
| 36 |     1     |     4     |    16     |     1     |    off    |  flatten  |   100    |    1     |
+----+-----------+-----------+-----------+-----------+-----------+-----------+----------+----------+
| 37 |     1     |     4     |    16     |     1     |    off    |  flatten  |   200    |    1     |
+----+-----------+-----------+-----------+-----------+-----------+-----------+----------+----------+
| 38 |     1     |    55     |     1     |     4     |    off    |           |    1     |    40    |
+----+-----------+-----------+-----------+-----------+-----------+-----------+----------+----------+
| 39 |     1     |     1     |     1     |     1     |  flatten  |    off    |    1     |    1     |
+----+-----------+-----------+-----------+-----------+-----------+-----------+----------+----------+
| 40 |     1     |    55     |     1     |     4     |    off    |    off    |    1     |    3     |
+----+-----------+-----------+-----------+-----------+-----------+-----------+----------+----------+
| 41 |     1     |     1     |     1     |     1     |  flatten  |    off    |    5     |    1     |
+----+-----------+-----------+-----------+-----------+-----------+-----------+----------+----------+
| 42 |     1     |     2     |     1     |     4     |    off    |    off    |   200    |    1     |
+----+-----------+-----------+-----------+-----------+-----------+-----------+----------+----------+
| 43 |     1     |     2     |     1     |     4     |    off    |    off    |    1     |   240    |
+----+-----------+-----------+-----------+-----------+-----------+-----------+----------+----------+
| 44 |     1     |     4     |    16     |     1     |    off    |  flatten  |    20    |    1     |
+----+-----------+-----------+-----------+-----------+-----------+-----------+----------+----------+
| 45 |     1     |    55     |     1     |     4     |    off    |           |    1     |    24    |
+----+-----------+-----------+-----------+-----------+-----------+-----------+----------+----------+
| 46 |     1     |     2     |     1     |     4     |    off    |    off    |    1     |    1     |
+----+-----------+-----------+-----------+-----------+-----------+-----------+----------+----------+
| 47 |     1     |     4     |     1     |     4     |    off    |    off    |    1     |    1     |
+----+-----------+-----------+-----------+-----------+-----------+-----------+----------+----------+
| 48 |     1     |     4     |    16     |     1     |    off    |  flatten  |    1     |    1     |
+----+-----------+-----------+-----------+-----------+-----------+-----------+----------+----------+
| 49 |     1     |    55     |     1     |     4     |    off    |    off    |    1     |    60    |
+----+-----------+-----------+-----------+-----------+-----------+-----------+----------+----------+
| 50 |     1     |     5     |     1     |     4     |    off    |    off    |    1     |    1     |
+----+-----------+-----------+-----------+-----------+-----------+-----------+----------+----------+
| 51 |     1     |    55     |     1     |     4     |    off    |    off    |    1     |    10    |
+----+-----------+-----------+-----------+-----------+-----------+-----------+----------+----------+
| 52 |     1     |    55     |     1     |     4     |    off    |    off    |    1     |    20    |
+----+-----------+-----------+-----------+-----------+-----------+-----------+----------+----------+
| 53 |    200    |    55     |     1     |     4     |    off    |    off    |    1     |   240    |
+----+-----------+-----------+-----------+-----------+-----------+-----------+----------+----------+
| 54 |     1     |    55     |     1     |     4     |    off    |    off    |    1     |    48    |
+----+-----------+-----------+-----------+-----------+-----------+-----------+----------+----------+
| 55 |     1     |     1     |     1     |     1     |  flatten  |    off    |    25    |    1     |
+----+-----------+-----------+-----------+-----------+-----------+-----------+----------+----------+
| 56 |     1     |     1     |     1     |     1     |  flatten  |    off    |    10    |    1     |
+----+-----------+-----------+-----------+-----------+-----------+-----------+----------+----------+
| 57 |     1     |     1     |     8     |     1     |    off    |  flatten  |    1     |    1     |
+----+-----------+-----------+-----------+-----------+-----------+-----------+----------+----------+
| 58 |     1     |    55     |     1     |     4     |    off    |    off    |    1     |    40    |
+----+-----------+-----------+-----------+-----------+-----------+-----------+----------+----------+
| 59 |     1     |     1     |     1     |     1     |  flatten  |    off    |    50    |    1     |
+----+-----------+-----------+-----------+-----------+-----------+-----------+----------+----------+
| 60 |     1     |    55     |     1     |     4     |    off    |           |    1     |    80    |
+----+-----------+-----------+-----------+-----------+-----------+-----------+----------+----------+
| 61 |     1     |    55     |     1     |     4     |    off    |           |    1     |    60    |
+----+-----------+-----------+-----------+-----------+-----------+-----------+----------+----------+
| 62 |     1     |    55     |     1     |     4     |    off    |    off    |    1     |    80    |
+----+-----------+-----------+-----------+-----------+-----------+-----------+----------+----------+
| 63 |     1     |     2     |    16     |     1     |    off    |  flatten  |    1     |    1     |
+----+-----------+-----------+-----------+-----------+-----------+-----------+----------+----------+
| 64 |     1     |    55     |     1     |     4     |    off    |    off    |    1     |    24    |
+----+-----------+-----------+-----------+-----------+-----------+-----------+----------+----------+
| 65 |     1     |     4     |     1     |     4     |    off    |    off    |   200    |    1     |
+----+-----------+-----------+-----------+-----------+-----------+-----------+----------+----------+
| 66 |    200    |     4     |     1     |     4     |    off    |    off    |    1     |    1     |
+----+-----------+-----------+-----------+-----------+-----------+-----------+----------+----------+
| 67 |     1     |    55     |     1     |     4     |    off    |    off    |    1     |    2     |
+----+-----------+-----------+-----------+-----------+-----------+-----------+----------+----------+
| 68 |     1     |     4     |     1     |     4     |    off    |    off    |    1     |   240    |
+----+-----------+-----------+-----------+-----------+-----------+-----------+----------+----------+
| 69 |     1     |     1     |     1     |     1     |  flatten  |    off    |    8     |    1     |
+----+-----------+-----------+-----------+-----------+-----------+-----------+----------+----------+
| 70 |     1     |    20     |     1     |     4     |    off    |    off    |    1     |    1     |
+----+-----------+-----------+-----------+-----------+-----------+-----------+----------+----------+
| 71 |     1     |     4     |    16     |     1     |           |  flatten  |    8     |    1     |
+----+-----------+-----------+-----------+-----------+-----------+-----------+----------+----------+
| 72 |     1     |     4     |    16     |     1     |    off    |  flatten  |    8     |    1     |
+----+-----------+-----------+-----------+-----------+-----------+-----------+----------+----------+
| 73 |     1     |     1     |     1     |     1     |  flatten  |    off    |    4     |    1     |
+----+-----------+-----------+-----------+-----------+-----------+-----------+----------+----------+
| 74 |    20     |     1     |     1     |     1     |  flatten  |    off    |    1     |    1     |
+----+-----------+-----------+-----------+-----------+-----------+-----------+----------+----------+
| 75 |     1     |    11     |     1     |     4     |    off    |    off    |    1     |    1     |
+----+-----------+-----------+-----------+-----------+-----------+-----------+----------+----------+
| 76 |     1     |    110    |     1     |     4     |    off    |    off    |    1     |    1     |
+----+-----------+-----------+-----------+-----------+-----------+-----------+----------+----------+
| 77 |     1     |     1     |     1     |     1     |    off    |  flatten  |    1     |    1     |
+----+-----------+-----------+-----------+-----------+-----------+-----------+----------+----------+
| 78 |     1     |     1     |     1     |     2     |    off    |    off    |    1     |    1     |
+----+-----------+-----------+-----------+-----------+-----------+-----------+----------+----------+
| 79 |     1     |    55     |     1     |     4     |    off    |    off    |    1     |    16    |
+----+-----------+-----------+-----------+-----------+-----------+-----------+----------+----------+
| 80 |     1     |    55     |     1     |     4     |    off    |    off    |    1     |   240    |
+----+-----------+-----------+-----------+-----------+-----------+-----------+----------+----------+
| 81 |     1     |     4     |    16     |     1     |    off    |  flatten  |    5     |    1     |
+----+-----------+-----------+-----------+-----------+-----------+-----------+----------+----------+
| 82 |    20     |     4     |    16     |     1     |           |  flatten  |    5     |    1     |
+----+-----------+-----------+-----------+-----------+-----------+-----------+----------+----------+
| 83 |     5     |     1     |     1     |     1     |  flatten  |    off    |    1     |    1     |
+----+-----------+-----------+-----------+-----------+-----------+-----------+----------+----------+
| 84 |     1     |    55     |     1     |     4     |    off    |    off    |    1     |    8     |
+----+-----------+-----------+-----------+-----------+-----------+-----------+----------+----------+
| 85 |    200    |     4     |     1     |     4     |    off    |    off    |    1     |   240    |
+----+-----------+-----------+-----------+-----------+-----------+-----------+----------+----------+
| 86 |     1     |    55     |     1     |     4     |    off    |           |    1     |   120    |
+----+-----------+-----------+-----------+-----------+-----------+-----------+----------+----------+
| 87 |     1     |    22     |     1     |     4     |    off    |    off    |    1     |    1     |
+----+-----------+-----------+-----------+-----------+-----------+-----------+----------+----------+
| 88 |     1     |     1     |     1     |     4     |    off    |    off    |    1     |    1     |
+----+-----------+-----------+-----------+-----------+-----------+-----------+----------+----------+
| 89 |    40     |     1     |     1     |     1     |  flatten  |    off    |    1     |    1     |
+----+-----------+-----------+-----------+-----------+-----------+-----------+----------+----------+
| 90 |     1     |    55     |     1     |     4     |    off    |    off    |   200    |    1     |
+----+-----------+-----------+-----------+-----------+-----------+-----------+----------+----------+
| 91 |     1     |     1     |     1     |     1     |  flatten  |    off    |   200    |    1     |
+----+-----------+-----------+-----------+-----------+-----------+-----------+----------+----------+
| 92 |     1     |     1     |     1     |     1     |  flatten  |    off    |    40    |    1     |
+----+-----------+-----------+-----------+-----------+-----------+-----------+----------+----------+
| 93 |    200    |     1     |     1     |     4     |    off    |    off    |    1     |    1     |
+----+-----------+-----------+-----------+-----------+-----------+-----------+----------+----------+
| 94 |     1     |    55     |     1     |     4     |    off    |           |    1     |    30    |
+----+-----------+-----------+-----------+-----------+-----------+-----------+----------+----------+
| 95 |     1     |    55     |     1     |     4     |    off    |    off    |    1     |    30    |
+----+-----------+-----------+-----------+-----------+-----------+-----------+----------+----------+
| 96 |     1     |    10     |     1     |     4     |    off    |    off    |    1     |    1     |
+----+-----------+-----------+-----------+-----------+-----------+-----------+----------+----------+
| 97 |     1     |     1     |     1     |     1     |  flatten  |    off    |    20    |    1     |
+----+-----------+-----------+-----------+-----------+-----------+-----------+----------+----------+
| 98 |     8     |     1     |     1     |     1     |  flatten  |    off    |    1     |    1     |
+----+-----------+-----------+-----------+-----------+-----------+-----------+----------+----------+
| 99 |     1     |    55     |     1     |     4     |    off    |    off    |    1     |    6     |
+----+-----------+-----------+-----------+-----------+-----------+-----------+----------+----------+
