

================================================================
== Vitis HLS Report for 'load_u2_Pipeline_VITIS_LOOP_39_1'
================================================================
* Date:           Tue Sep 17 03:58:06 2024

* Version:        2023.2 (Build 4023990 on Oct 11 2023)
* Project:        kernel_nlp
* Solution:       solution (Vitis Kernel Flow Target)
* Product family: virtexuplus
* Target device:  xcu200-fsgd2104-2-e


================================================================
== Performance Estimates
================================================================
+ Timing: 
    * Summary: 
    +--------+---------+----------+------------+
    |  Clock |  Target | Estimated| Uncertainty|
    +--------+---------+----------+------------+
    |ap_clk  |  4.00 ns|  2.920 ns|     1.08 ns|
    +--------+---------+----------+------------+

+ Latency: 
    * Summary: 
    +---------+---------+----------+----------+-----+-----+---------+
    |  Latency (cycles) |  Latency (absolute) |  Interval | Pipeline|
    |   min   |   max   |    min   |    max   | min | max |   Type  |
    +---------+---------+----------+----------+-----+-----+---------+
    |       28|       28|  0.112 us|  0.112 us|   28|   28|       no|
    +---------+---------+----------+----------+-----+-----+---------+

    + Detail: 
        * Instance: 
        N/A

        * Loop: 
        +-------------------+---------+---------+----------+-----------+-----------+------+----------+
        |                   |  Latency (cycles) | Iteration|  Initiation Interval  | Trip |          |
        |     Loop Name     |   min   |   max   |  Latency |  achieved |   target  | Count| Pipelined|
        +-------------------+---------+---------+----------+-----------+-----------+------+----------+
        |- VITIS_LOOP_39_1  |       26|       26|         3|          1|          1|    25|       yes|
        +-------------------+---------+---------+----------+-----------+-----------+------+----------+



================================================================
== Utilization Estimates
================================================================
* Summary: 
+---------------------+---------+------+---------+---------+-----+
|         Name        | BRAM_18K|  DSP |    FF   |   LUT   | URAM|
+---------------------+---------+------+---------+---------+-----+
|DSP                  |        -|     -|        -|        -|    -|
|Expression           |        -|     -|        0|       44|    -|
|FIFO                 |        -|     -|        -|        -|    -|
|Instance             |        -|     -|        -|        -|    -|
|Memory               |        -|     -|        -|        -|    -|
|Multiplexer          |        -|     -|        -|       54|    -|
|Register             |        -|     -|      531|        -|    -|
+---------------------+---------+------+---------+---------+-----+
|Total                |        0|     0|      531|       98|    0|
+---------------------+---------+------+---------+---------+-----+
|Available SLR        |     1440|  2280|   788160|   394080|  320|
+---------------------+---------+------+---------+---------+-----+
|Utilization SLR (%)  |        0|     0|       ~0|       ~0|    0|
+---------------------+---------+------+---------+---------+-----+
|Available            |     4320|  6840|  2364480|  1182240|  960|
+---------------------+---------+------+---------+---------+-----+
|Utilization (%)      |        0|     0|       ~0|       ~0|    0|
+---------------------+---------+------+---------+---------+-----+

+ Detail: 
    * Instance: 
    N/A

    * DSP: 
    N/A

    * Memory: 
    N/A

    * FIFO: 
    N/A

    * Expression: 
    +---------------------------+----------+----+---+----+------------+------------+
    |       Variable Name       | Operation| DSP| FF| LUT| Bitwidth P0| Bitwidth P1|
    +---------------------------+----------+----+---+----+------------+------------+
    |add_ln39_1_fu_398_p2       |         +|   0|  0|  12|           5|           1|
    |add_ln39_fu_666_p2         |         +|   0|  0|  16|           9|           5|
    |ap_block_pp0_stage0_11001  |       and|   0|  0|   2|           1|           1|
    |icmp_ln39_fu_392_p2        |      icmp|   0|  0|  12|           5|           4|
    |ap_enable_pp0              |       xor|   0|  0|   2|           1|           2|
    +---------------------------+----------+----+---+----+------------+------------+
    |Total                      |          |   0|  0|  44|          21|          13|
    +---------------------------+----------+----+---+----+------------+------------+

    * Multiplexer: 
    +------------------------------+----+-----------+-----+-----------+
    |             Name             | LUT| Input Size| Bits| Total Bits|
    +------------------------------+----+-----------+-----+-----------+
    |ap_done_int                   |   9|          2|    1|          2|
    |ap_enable_reg_pp0_iter1       |   9|          2|    1|          2|
    |ap_sig_allocacmp_indvar_load  |   9|          2|    5|         10|
    |i0_fu_148                     |   9|          2|    9|         18|
    |indvar_fu_152                 |   9|          2|    5|         10|
    |kernel_u2_blk_n_R             |   9|          2|    1|          2|
    +------------------------------+----+-----------+-----+-----------+
    |Total                         |  54|         12|   22|         44|
    +------------------------------+----+-----------+-----+-----------+

    * Register: 
    +----------------------------------+----+----+-----+-----------+
    |               Name               | FF | LUT| Bits| Const Bits|
    +----------------------------------+----+----+-----+-----------+
    |ap_CS_fsm                         |   1|   0|    1|          0|
    |ap_done_reg                       |   1|   0|    1|          0|
    |ap_enable_reg_pp0_iter1           |   1|   0|    1|          0|
    |ap_enable_reg_pp0_iter2           |   1|   0|    1|          0|
    |ap_loop_exit_ready_pp0_iter1_reg  |   1|   0|    1|          0|
    |i0_fu_148                         |   9|   0|    9|          0|
    |indvar_fu_152                     |   5|   0|    5|          0|
    |trunc_ln41_10_reg_755             |  32|   0|   32|          0|
    |trunc_ln41_11_reg_760             |  32|   0|   32|          0|
    |trunc_ln41_12_reg_765             |  32|   0|   32|          0|
    |trunc_ln41_13_reg_770             |  32|   0|   32|          0|
    |trunc_ln41_14_reg_775             |  32|   0|   32|          0|
    |trunc_ln41_1_reg_705              |  32|   0|   32|          0|
    |trunc_ln41_2_reg_710              |  32|   0|   32|          0|
    |trunc_ln41_3_reg_715              |  32|   0|   32|          0|
    |trunc_ln41_4_reg_720              |  32|   0|   32|          0|
    |trunc_ln41_5_reg_725              |  32|   0|   32|          0|
    |trunc_ln41_6_reg_730              |  32|   0|   32|          0|
    |trunc_ln41_7_reg_735              |  32|   0|   32|          0|
    |trunc_ln41_8_reg_740              |  32|   0|   32|          0|
    |trunc_ln41_9_reg_745              |  32|   0|   32|          0|
    |trunc_ln41_reg_700                |  32|   0|   32|          0|
    |trunc_ln41_s_reg_750              |  32|   0|   32|          0|
    +----------------------------------+----+----+-----+-----------+
    |Total                             | 531|   0|  531|          0|
    +----------------------------------+----+----+-----+-----------+



================================================================
== Interface
================================================================
* Summary: 
+--------------------------+-----+-----+------------+----------------------------------+--------------+
|         RTL Ports        | Dir | Bits|  Protocol  |           Source Object          |    C Type    |
+--------------------------+-----+-----+------------+----------------------------------+--------------+
|ap_clk                    |   in|    1|  ap_ctrl_hs|  load_u2_Pipeline_VITIS_LOOP_39_1|  return value|
|ap_rst                    |   in|    1|  ap_ctrl_hs|  load_u2_Pipeline_VITIS_LOOP_39_1|  return value|
|ap_start                  |   in|    1|  ap_ctrl_hs|  load_u2_Pipeline_VITIS_LOOP_39_1|  return value|
|ap_done                   |  out|    1|  ap_ctrl_hs|  load_u2_Pipeline_VITIS_LOOP_39_1|  return value|
|ap_idle                   |  out|    1|  ap_ctrl_hs|  load_u2_Pipeline_VITIS_LOOP_39_1|  return value|
|ap_ready                  |  out|    1|  ap_ctrl_hs|  load_u2_Pipeline_VITIS_LOOP_39_1|  return value|
|m_axi_kernel_u2_AWVALID   |  out|    1|       m_axi|                         kernel_u2|       pointer|
|m_axi_kernel_u2_AWREADY   |   in|    1|       m_axi|                         kernel_u2|       pointer|
|m_axi_kernel_u2_AWADDR    |  out|   64|       m_axi|                         kernel_u2|       pointer|
|m_axi_kernel_u2_AWID      |  out|    1|       m_axi|                         kernel_u2|       pointer|
|m_axi_kernel_u2_AWLEN     |  out|   32|       m_axi|                         kernel_u2|       pointer|
|m_axi_kernel_u2_AWSIZE    |  out|    3|       m_axi|                         kernel_u2|       pointer|
|m_axi_kernel_u2_AWBURST   |  out|    2|       m_axi|                         kernel_u2|       pointer|
|m_axi_kernel_u2_AWLOCK    |  out|    2|       m_axi|                         kernel_u2|       pointer|
|m_axi_kernel_u2_AWCACHE   |  out|    4|       m_axi|                         kernel_u2|       pointer|
|m_axi_kernel_u2_AWPROT    |  out|    3|       m_axi|                         kernel_u2|       pointer|
|m_axi_kernel_u2_AWQOS     |  out|    4|       m_axi|                         kernel_u2|       pointer|
|m_axi_kernel_u2_AWREGION  |  out|    4|       m_axi|                         kernel_u2|       pointer|
|m_axi_kernel_u2_AWUSER    |  out|    1|       m_axi|                         kernel_u2|       pointer|
|m_axi_kernel_u2_WVALID    |  out|    1|       m_axi|                         kernel_u2|       pointer|
|m_axi_kernel_u2_WREADY    |   in|    1|       m_axi|                         kernel_u2|       pointer|
|m_axi_kernel_u2_WDATA     |  out|  512|       m_axi|                         kernel_u2|       pointer|
|m_axi_kernel_u2_WSTRB     |  out|   64|       m_axi|                         kernel_u2|       pointer|
|m_axi_kernel_u2_WLAST     |  out|    1|       m_axi|                         kernel_u2|       pointer|
|m_axi_kernel_u2_WID       |  out|    1|       m_axi|                         kernel_u2|       pointer|
|m_axi_kernel_u2_WUSER     |  out|    1|       m_axi|                         kernel_u2|       pointer|
|m_axi_kernel_u2_ARVALID   |  out|    1|       m_axi|                         kernel_u2|       pointer|
|m_axi_kernel_u2_ARREADY   |   in|    1|       m_axi|                         kernel_u2|       pointer|
|m_axi_kernel_u2_ARADDR    |  out|   64|       m_axi|                         kernel_u2|       pointer|
|m_axi_kernel_u2_ARID      |  out|    1|       m_axi|                         kernel_u2|       pointer|
|m_axi_kernel_u2_ARLEN     |  out|   32|       m_axi|                         kernel_u2|       pointer|
|m_axi_kernel_u2_ARSIZE    |  out|    3|       m_axi|                         kernel_u2|       pointer|
|m_axi_kernel_u2_ARBURST   |  out|    2|       m_axi|                         kernel_u2|       pointer|
|m_axi_kernel_u2_ARLOCK    |  out|    2|       m_axi|                         kernel_u2|       pointer|
|m_axi_kernel_u2_ARCACHE   |  out|    4|       m_axi|                         kernel_u2|       pointer|
|m_axi_kernel_u2_ARPROT    |  out|    3|       m_axi|                         kernel_u2|       pointer|
|m_axi_kernel_u2_ARQOS     |  out|    4|       m_axi|                         kernel_u2|       pointer|
|m_axi_kernel_u2_ARREGION  |  out|    4|       m_axi|                         kernel_u2|       pointer|
|m_axi_kernel_u2_ARUSER    |  out|    1|       m_axi|                         kernel_u2|       pointer|
|m_axi_kernel_u2_RVALID    |   in|    1|       m_axi|                         kernel_u2|       pointer|
|m_axi_kernel_u2_RREADY    |  out|    1|       m_axi|                         kernel_u2|       pointer|
|m_axi_kernel_u2_RDATA     |   in|  512|       m_axi|                         kernel_u2|       pointer|
|m_axi_kernel_u2_RLAST     |   in|    1|       m_axi|                         kernel_u2|       pointer|
|m_axi_kernel_u2_RID       |   in|    1|       m_axi|                         kernel_u2|       pointer|
|m_axi_kernel_u2_RFIFONUM  |   in|    9|       m_axi|                         kernel_u2|       pointer|
|m_axi_kernel_u2_RUSER     |   in|    1|       m_axi|                         kernel_u2|       pointer|
|m_axi_kernel_u2_RRESP     |   in|    2|       m_axi|                         kernel_u2|       pointer|
|m_axi_kernel_u2_BVALID    |   in|    1|       m_axi|                         kernel_u2|       pointer|
|m_axi_kernel_u2_BREADY    |  out|    1|       m_axi|                         kernel_u2|       pointer|
|m_axi_kernel_u2_BRESP     |   in|    2|       m_axi|                         kernel_u2|       pointer|
|m_axi_kernel_u2_BID       |   in|    1|       m_axi|                         kernel_u2|       pointer|
|m_axi_kernel_u2_BUSER     |   in|    1|       m_axi|                         kernel_u2|       pointer|
|sext_ln39                 |   in|   58|     ap_none|                         sext_ln39|        scalar|
|u2_15_address0            |  out|    5|   ap_memory|                             u2_15|         array|
|u2_15_ce0                 |  out|    1|   ap_memory|                             u2_15|         array|
|u2_15_we0                 |  out|    1|   ap_memory|                             u2_15|         array|
|u2_15_d0                  |  out|   32|   ap_memory|                             u2_15|         array|
|u2_14_address0            |  out|    5|   ap_memory|                             u2_14|         array|
|u2_14_ce0                 |  out|    1|   ap_memory|                             u2_14|         array|
|u2_14_we0                 |  out|    1|   ap_memory|                             u2_14|         array|
|u2_14_d0                  |  out|   32|   ap_memory|                             u2_14|         array|
|u2_13_address0            |  out|    5|   ap_memory|                             u2_13|         array|
|u2_13_ce0                 |  out|    1|   ap_memory|                             u2_13|         array|
|u2_13_we0                 |  out|    1|   ap_memory|                             u2_13|         array|
|u2_13_d0                  |  out|   32|   ap_memory|                             u2_13|         array|
|u2_12_address0            |  out|    5|   ap_memory|                             u2_12|         array|
|u2_12_ce0                 |  out|    1|   ap_memory|                             u2_12|         array|
|u2_12_we0                 |  out|    1|   ap_memory|                             u2_12|         array|
|u2_12_d0                  |  out|   32|   ap_memory|                             u2_12|         array|
|u2_11_address0            |  out|    5|   ap_memory|                             u2_11|         array|
|u2_11_ce0                 |  out|    1|   ap_memory|                             u2_11|         array|
|u2_11_we0                 |  out|    1|   ap_memory|                             u2_11|         array|
|u2_11_d0                  |  out|   32|   ap_memory|                             u2_11|         array|
|u2_10_address0            |  out|    5|   ap_memory|                             u2_10|         array|
|u2_10_ce0                 |  out|    1|   ap_memory|                             u2_10|         array|
|u2_10_we0                 |  out|    1|   ap_memory|                             u2_10|         array|
|u2_10_d0                  |  out|   32|   ap_memory|                             u2_10|         array|
|u2_9_address0             |  out|    5|   ap_memory|                              u2_9|         array|
|u2_9_ce0                  |  out|    1|   ap_memory|                              u2_9|         array|
|u2_9_we0                  |  out|    1|   ap_memory|                              u2_9|         array|
|u2_9_d0                   |  out|   32|   ap_memory|                              u2_9|         array|
|u2_8_address0             |  out|    5|   ap_memory|                              u2_8|         array|
|u2_8_ce0                  |  out|    1|   ap_memory|                              u2_8|         array|
|u2_8_we0                  |  out|    1|   ap_memory|                              u2_8|         array|
|u2_8_d0                   |  out|   32|   ap_memory|                              u2_8|         array|
|u2_7_address0             |  out|    5|   ap_memory|                              u2_7|         array|
|u2_7_ce0                  |  out|    1|   ap_memory|                              u2_7|         array|
|u2_7_we0                  |  out|    1|   ap_memory|                              u2_7|         array|
|u2_7_d0                   |  out|   32|   ap_memory|                              u2_7|         array|
|u2_6_address0             |  out|    5|   ap_memory|                              u2_6|         array|
|u2_6_ce0                  |  out|    1|   ap_memory|                              u2_6|         array|
|u2_6_we0                  |  out|    1|   ap_memory|                              u2_6|         array|
|u2_6_d0                   |  out|   32|   ap_memory|                              u2_6|         array|
|u2_5_address0             |  out|    5|   ap_memory|                              u2_5|         array|
|u2_5_ce0                  |  out|    1|   ap_memory|                              u2_5|         array|
|u2_5_we0                  |  out|    1|   ap_memory|                              u2_5|         array|
|u2_5_d0                   |  out|   32|   ap_memory|                              u2_5|         array|
|u2_4_address0             |  out|    5|   ap_memory|                              u2_4|         array|
|u2_4_ce0                  |  out|    1|   ap_memory|                              u2_4|         array|
|u2_4_we0                  |  out|    1|   ap_memory|                              u2_4|         array|
|u2_4_d0                   |  out|   32|   ap_memory|                              u2_4|         array|
|u2_3_address0             |  out|    5|   ap_memory|                              u2_3|         array|
|u2_3_ce0                  |  out|    1|   ap_memory|                              u2_3|         array|
|u2_3_we0                  |  out|    1|   ap_memory|                              u2_3|         array|
|u2_3_d0                   |  out|   32|   ap_memory|                              u2_3|         array|
|u2_2_address0             |  out|    5|   ap_memory|                              u2_2|         array|
|u2_2_ce0                  |  out|    1|   ap_memory|                              u2_2|         array|
|u2_2_we0                  |  out|    1|   ap_memory|                              u2_2|         array|
|u2_2_d0                   |  out|   32|   ap_memory|                              u2_2|         array|
|u2_1_address0             |  out|    5|   ap_memory|                              u2_1|         array|
|u2_1_ce0                  |  out|    1|   ap_memory|                              u2_1|         array|
|u2_1_we0                  |  out|    1|   ap_memory|                              u2_1|         array|
|u2_1_d0                   |  out|   32|   ap_memory|                              u2_1|         array|
|u2_0_address0             |  out|    5|   ap_memory|                              u2_0|         array|
|u2_0_ce0                  |  out|    1|   ap_memory|                              u2_0|         array|
|u2_0_we0                  |  out|    1|   ap_memory|                              u2_0|         array|
|u2_0_d0                   |  out|   32|   ap_memory|                              u2_0|         array|
+--------------------------+-----+-----+------------+----------------------------------+--------------+

