Copyright 1986-2022 Xilinx, Inc. All Rights Reserved. Copyright 2022-2023 Advanced Micro Devices, Inc. All Rights Reserved.
-------------------------------------------------------------------------------------------------------------------------------------------------------------------------------
| Tool Version : Vivado v.2023.2 (lin64) Build 4029153 Fri Oct 13 20:13:54 MDT 2023
| Date         : Fri Dec 13 04:29:57 2024
| Host         : c02 running 64-bit Ubuntu 22.04.4 LTS
| Command      : report_accelerator_utilization -kernels { kernel_nlp:level0_i/ulp/kernel_nlp_1/inst:kernel_nlp_1} -file kernel_util_placed.rpt -name kernel_util_placed -json
| Design       : level0_wrapper
| Device       : xcu55c
| Design State : Fully Placed
-------------------------------------------------------------------------------------------------------------------------------------------------------------------------------

Accelerator Utilization Design Information

Table of Contents
-----------------
1. System Utilization

1. System Utilization
---------------------

+---------------------+-------------------+------------------+-------------------+----------------+---------------+----------------+
| Name                | LUT               | LUTAsMem         | REG               | BRAM           | URAM          | DSP            |
+---------------------+-------------------+------------------+-------------------+----------------+---------------+----------------+
| Platform            |  125827 [  9.65%] |  10021 [  1.67%] |  172971 [  6.63%] |  198 [  9.82%] |   0 [  0.00%] |    4 [  0.04%] |
| User Budget         | 1177853 [100.00%] | 590939 [100.00%] | 2434389 [100.00%] | 1818 [100.00%] | 960 [100.00%] | 9020 [100.00%] |
|    Used Resources   |   44228 [  3.75%] |   2616 [  0.44%] |   39550 [  1.62%] |  432 [ 23.76%] |   0 [  0.00%] |  448 [  4.97%] |
|    Unused Resources | 1133625 [ 96.25%] | 588323 [ 99.56%] | 2394839 [ 98.38%] | 1386 [ 76.24%] | 960 [100.00%] | 8572 [ 95.03%] |
| kernel_nlp          |   44228 [  3.75%] |   2616 [  0.44%] |   39550 [  1.62%] |  432 [ 23.76%] |   0 [  0.00%] |  448 [  4.97%] |
|    kernel_nlp_1     |   44228 [  3.75%] |   2616 [  0.44%] |   39550 [  1.62%] |  432 [ 23.76%] |   0 [  0.00%] |  448 [  4.97%] |
+---------------------+-------------------+------------------+-------------------+----------------+---------------+----------------+


