DSE Summary
+----------------------------+-----+
| Total Explored             | 903 |
+----------------------------+-----+
| Level 1 Timeout            | 0   |
+----------------------------+-----+
| Level 1 Analysis Error     | 0   |
+----------------------------+-----+
| Level 1 Early Reject       | 758 |
+----------------------------+-----+
| Level 1 Result Unavailable | 0   |
+----------------------------+-----+
| Level 2 Timeout            | 11  |
+----------------------------+-----+
| Level 2 Analysis Error     | 0   |
+----------------------------+-----+
| Level 2 Duplicate          | 0   |
+----------------------------+-----+
| Level 2 Result Unavailable | 37  |
+----------------------------+-----+

Level 2 Result Details
+-----+----------+--------------------------+-------------+-------+------+
| ID  |  Perf.   |    BRAM, DSP, LUT, FF    |   Status    | Valid | Time |
+=====+==========+==========================+=============+=======+======+
|  0  | 3.62e+05 | 6.0%, 2.0%, 12.0%, 6.0%  |  Finished   |  Yes  | 0.0  |
+-----+----------+--------------------------+-------------+-------+------+
|  1  |   ----   |           ----           | Unavailable |  No   | 0.0  |
+-----+----------+--------------------------+-------------+-------+------+
|  2  |   ----   |           ----           | Unavailable |  No   | 0.0  |
+-----+----------+--------------------------+-------------+-------+------+
|  3  | 3.77e+06 |  5.0%, 0.0%, 1.0%, 0.0%  |  Finished   |  Yes  | 0.0  |
+-----+----------+--------------------------+-------------+-------+------+
|  4  | 3.38e+06 |  3.0%, 0.0%, 1.0%, 0.0%  |  Finished   |  Yes  | 0.0  |
+-----+----------+--------------------------+-------------+-------+------+
|  5  | 3.27e+06 |  5.0%, 0.0%, 1.0%, 0.0%  |  Finished   |  Yes  | 0.0  |
+-----+----------+--------------------------+-------------+-------+------+
|  6  | 3.73e+05 | 12.0%, 2.0%, 5.0%, 2.0%  |  Finished   |  Yes  | 0.0  |
+-----+----------+--------------------------+-------------+-------+------+
|  7  | 4.32e+05 | 10.0%, 2.0%, 18.0%, 9.0% |  Finished   |  Yes  | 0.0  |
+-----+----------+--------------------------+-------------+-------+------+
|  8  | 4.61e+06 |  3.0%, 0.0%, 1.0%, 0.0%  |  Finished   |  Yes  | 0.0  |
+-----+----------+--------------------------+-------------+-------+------+
|  9  |   ----   |           ----           | Unavailable |  No   | 0.0  |
+-----+----------+--------------------------+-------------+-------+------+
| 10  | 3.57e+05 | 6.0%, 2.0%, 12.0%, 6.0%  |  Finished   |  Yes  | 0.0  |
+-----+----------+--------------------------+-------------+-------+------+
| 11  |   ----   |           ----           |   Timeout   |  No   | 0.0  |
+-----+----------+--------------------------+-------------+-------+------+
| 12  | 2.68e+06 |  8.0%, 1.0%, 2.0%, 1.0%  |  Finished   |  Yes  | 0.0  |
+-----+----------+--------------------------+-------------+-------+------+
| 13  | 5.23e+05 | 1.0%, 2.0%, 29.0%, 13.0% |  Finished   |  Yes  | 0.0  |
+-----+----------+--------------------------+-------------+-------+------+
| 14  | 3.02e+06 |  6.0%, 0.0%, 1.0%, 0.0%  |  Finished   |  Yes  | 0.0  |
+-----+----------+--------------------------+-------------+-------+------+
| 15  | 4.56e+05 | 6.0%, 2.0%, 12.0%, 6.0%  |  Finished   |  Yes  | 0.0  |
+-----+----------+--------------------------+-------------+-------+------+
| 16  | 3.14e+06 |  3.0%, 0.0%, 1.0%, 0.0%  |  Finished   |  Yes  | 0.0  |
+-----+----------+--------------------------+-------------+-------+------+
| 17  |   ----   |           ----           |   Timeout   |  No   | 0.0  |
+-----+----------+--------------------------+-------------+-------+------+
| 18  | 4.56e+05 | 9.0%, 2.0%, 10.0%, 4.0%  |  Finished   |  Yes  | 0.0  |
+-----+----------+--------------------------+-------------+-------+------+
| 19  | 3.51e+06 |  6.0%, 0.0%, 1.0%, 0.0%  |  Finished   |  Yes  | 0.0  |
+-----+----------+--------------------------+-------------+-------+------+
| 20  |   ----   |           ----           | Unavailable |  No   | 0.0  |
+-----+----------+--------------------------+-------------+-------+------+
| 21  | 2.68e+06 |  6.0%, 0.0%, 1.0%, 0.0%  |  Finished   |  Yes  | 0.0  |
+-----+----------+--------------------------+-------------+-------+------+
| 22  | 4.09e+05 | 6.0%, 2.0%, 12.0%, 6.0%  |  Finished   |  Yes  | 0.0  |
+-----+----------+--------------------------+-------------+-------+------+
| 23  | 3.99e+05 | 1.0%, 2.0%, 29.0%, 13.0% |  Finished   |  Yes  | 0.0  |
+-----+----------+--------------------------+-------------+-------+------+
| 24  | 4.78e+06 |  5.0%, 0.0%, 1.0%, 0.0%  |  Finished   |  Yes  | 0.0  |
+-----+----------+--------------------------+-------------+-------+------+
| 25  |   ----   |           ----           | Unavailable |  No   | 0.0  |
+-----+----------+--------------------------+-------------+-------+------+
| 26  | 4.41e+05 | 1.0%, 2.0%, 30.0%, 17.0% |  Finished   |  Yes  | 0.0  |
+-----+----------+--------------------------+-------------+-------+------+
| 27  | 3.02e+06 |  6.0%, 0.0%, 1.0%, 0.0%  |  Finished   |  Yes  | 0.0  |
+-----+----------+--------------------------+-------------+-------+------+
| 28  | 4.87e+05 | 6.0%, 2.0%, 12.0%, 6.0%  |  Finished   |  Yes  | 0.0  |
+-----+----------+--------------------------+-------------+-------+------+
| 29  | 4.69e+05 | 1.0%, 2.0%, 29.0%, 13.0% |  Finished   |  Yes  | 0.0  |
+-----+----------+--------------------------+-------------+-------+------+
| 30  |   ----   |           ----           | Unavailable |  No   | 0.0  |
+-----+----------+--------------------------+-------------+-------+------+
| 31  | 4.56e+05 | 7.0%, 2.0%, 25.0%, 12.0% |  Finished   |  Yes  | 0.0  |
+-----+----------+--------------------------+-------------+-------+------+
| 32  | 4.08e+05 | 1.0%, 2.0%, 29.0%, 13.0% |  Finished   |  Yes  | 0.0  |
+-----+----------+--------------------------+-------------+-------+------+
| 33  |   ----   |           ----           | Unavailable |  No   | 0.0  |
+-----+----------+--------------------------+-------------+-------+------+
| 34  |   ----   |           ----           |   Timeout   |  No   | 0.0  |
+-----+----------+--------------------------+-------------+-------+------+
| 35  | 5.35e+06 |  6.0%, 0.0%, 1.0%, 0.0%  |  Finished   |  Yes  | 0.0  |
+-----+----------+--------------------------+-------------+-------+------+
| 36  | 4.15e+05 | 1.0%, 2.0%, 29.0%, 13.0% |  Finished   |  Yes  | 0.0  |
+-----+----------+--------------------------+-------------+-------+------+
| 37  | 3.88e+05 |  6.0%, 2.0%, 9.0%, 6.0%  |  Finished   |  Yes  | 0.0  |
+-----+----------+--------------------------+-------------+-------+------+
| 38  |   ----   |           ----           |   Timeout   |  No   | 0.0  |
+-----+----------+--------------------------+-------------+-------+------+
| 39  | 2.68e+06 |  6.0%, 0.0%, 1.0%, 0.0%  |  Finished   |  Yes  | 0.0  |
+-----+----------+--------------------------+-------------+-------+------+
| 40  |   ----   |           ----           | Unavailable |  No   | 0.0  |
+-----+----------+--------------------------+-------------+-------+------+
| 41  | 2.71e+06 |  6.0%, 0.0%, 1.0%, 0.0%  |  Finished   |  Yes  | 0.0  |
+-----+----------+--------------------------+-------------+-------+------+
| 42  | 5.59e+05 | 1.0%, 2.0%, 29.0%, 14.0% |  Finished   |  Yes  | 0.0  |
+-----+----------+--------------------------+-------------+-------+------+
| 43  | 1.75e+07 |  3.0%, 0.0%, 1.0%, 0.0%  |  Finished   |  Yes  | 0.0  |
+-----+----------+--------------------------+-------------+-------+------+
| 44  | 3.38e+06 |  3.0%, 0.0%, 1.0%, 0.0%  |  Finished   |  Yes  | 0.0  |
+-----+----------+--------------------------+-------------+-------+------+
| 45  |   ----   |           ----           |   Timeout   |  No   | 0.0  |
+-----+----------+--------------------------+-------------+-------+------+
| 46  | 4.21e+05 |  7.0%, 2.0%, 8.0%, 4.0%  |  Finished   |  Yes  | 0.0  |
+-----+----------+--------------------------+-------------+-------+------+
| 47  | 3.14e+06 |  3.0%, 0.0%, 1.0%, 0.0%  |  Finished   |  Yes  | 0.0  |
+-----+----------+--------------------------+-------------+-------+------+
| 48  |   ----   |           ----           | Unavailable |  No   | 0.0  |
+-----+----------+--------------------------+-------------+-------+------+
| 49  |   ----   |           ----           | Unavailable |  No   | 0.0  |
+-----+----------+--------------------------+-------------+-------+------+
| 50  | 2.69e+06 |  6.0%, 0.0%, 1.0%, 0.0%  |  Finished   |  Yes  | 0.0  |
+-----+----------+--------------------------+-------------+-------+------+
| 51  | 1.06e+07 |  6.0%, 0.0%, 1.0%, 0.0%  |  Finished   |  Yes  | 0.0  |
+-----+----------+--------------------------+-------------+-------+------+
| 52  | 4.32e+05 | 9.0%, 2.0%, 12.0%, 6.0%  |  Finished   |  Yes  | 0.0  |
+-----+----------+--------------------------+-------------+-------+------+
| 53  | 2.69e+06 |  6.0%, 0.0%, 1.0%, 0.0%  |  Finished   |  Yes  | 0.0  |
+-----+----------+--------------------------+-------------+-------+------+
| 54  | 3.93e+05 | 6.0%, 2.0%, 12.0%, 6.0%  |  Finished   |  Yes  | 0.0  |
+-----+----------+--------------------------+-------------+-------+------+
| 55  | 2.68e+06 |  6.0%, 0.0%, 1.0%, 0.0%  |  Finished   |  Yes  | 0.0  |
+-----+----------+--------------------------+-------------+-------+------+
| 56  | 3.91e+05 | 6.0%, 2.0%, 13.0%, 10.0% |  Finished   |  Yes  | 0.0  |
+-----+----------+--------------------------+-------------+-------+------+
| 57  | 2.69e+06 |  6.0%, 0.0%, 1.0%, 0.0%  |  Finished   |  Yes  | 0.0  |
+-----+----------+--------------------------+-------------+-------+------+
| 58  |   ----   |           ----           | Unavailable |  No   | 0.0  |
+-----+----------+--------------------------+-------------+-------+------+
| 59  |   ----   |           ----           | Unavailable |  No   | 0.0  |
+-----+----------+--------------------------+-------------+-------+------+
| 60  |   ----   |           ----           | Unavailable |  No   | 0.0  |
+-----+----------+--------------------------+-------------+-------+------+
| 61  |   ----   |           ----           | Unavailable |  No   | 0.0  |
+-----+----------+--------------------------+-------------+-------+------+
| 62  | 2.67e+06 |  4.0%, 1.0%, 3.0%, 1.0%  |  Finished   |  Yes  | 0.0  |
+-----+----------+--------------------------+-------------+-------+------+
| 63  |   ----   |           ----           | Unavailable |  No   | 0.0  |
+-----+----------+--------------------------+-------------+-------+------+
| 64  |   ----   |           ----           | Unavailable |  No   | 0.0  |
+-----+----------+--------------------------+-------------+-------+------+
| 65  |   ----   |           ----           | Unavailable |  No   | 0.0  |
+-----+----------+--------------------------+-------------+-------+------+
| 66  |   ----   |           ----           | Unavailable |  No   | 0.0  |
+-----+----------+--------------------------+-------------+-------+------+
| 67  | 4.51e+05 | 1.0%, 2.0%, 29.0%, 13.0% |  Finished   |  Yes  | 0.0  |
+-----+----------+--------------------------+-------------+-------+------+
| 68  | 3.27e+06 |  5.0%, 0.0%, 1.0%, 0.0%  |  Finished   |  Yes  | 0.0  |
+-----+----------+--------------------------+-------------+-------+------+
| 69  | 3.88e+05 |  6.0%, 2.0%, 9.0%, 6.0%  |  Finished   |  Yes  | 0.0  |
+-----+----------+--------------------------+-------------+-------+------+
| 70  |   ----   |           ----           | Unavailable |  No   | 0.0  |
+-----+----------+--------------------------+-------------+-------+------+
| 71  | 5.24e+06 |  5.0%, 0.0%, 1.0%, 0.0%  |  Finished   |  Yes  | 0.0  |
+-----+----------+--------------------------+-------------+-------+------+
| 72  | 5.85e+05 |  7.0%, 2.0%, 8.0%, 4.0%  |  Finished   |  Yes  | 0.0  |
+-----+----------+--------------------------+-------------+-------+------+
| 73  |   ----   |           ----           | Unavailable |  No   | 0.0  |
+-----+----------+--------------------------+-------------+-------+------+
| 74  | 2.67e+06 |  7.0%, 3.0%, 5.0%, 2.0%  |  Finished   |  Yes  | 0.0  |
+-----+----------+--------------------------+-------------+-------+------+
| 75  | 3.48e+05 | 6.0%, 2.0%, 12.0%, 6.0%  |  Finished   |  Yes  | 0.0  |
+-----+----------+--------------------------+-------------+-------+------+
| 76  |   ----   |           ----           | Unavailable |  No   | 0.0  |
+-----+----------+--------------------------+-------------+-------+------+
| 77  | 4.21e+05 |  7.0%, 2.0%, 9.0%, 5.0%  |  Finished   |  Yes  | 0.0  |
+-----+----------+--------------------------+-------------+-------+------+
| 78  | 4.25e+06 |  5.0%, 0.0%, 1.0%, 0.0%  |  Finished   |  Yes  | 0.0  |
+-----+----------+--------------------------+-------------+-------+------+
| 79  | 3.48e+05 | 6.0%, 2.0%, 12.0%, 6.0%  |  Finished   |  Yes  | 0.0  |
+-----+----------+--------------------------+-------------+-------+------+
| 80  | 1.27e+07 |  5.0%, 0.0%, 1.0%, 0.0%  |  Finished   |  Yes  | 0.0  |
+-----+----------+--------------------------+-------------+-------+------+
| 81  |   ----   |           ----           | Unavailable |  No   | 0.0  |
+-----+----------+--------------------------+-------------+-------+------+
| 82  |   ----   |           ----           | Unavailable |  No   | 0.0  |
+-----+----------+--------------------------+-------------+-------+------+
| 83  |   ----   |           ----           | Unavailable |  No   | 0.0  |
+-----+----------+--------------------------+-------------+-------+------+
| 84  |   ----   |           ----           | Unavailable |  No   | 0.0  |
+-----+----------+--------------------------+-------------+-------+------+
| 85  | 2.67e+06 |  4.0%, 1.0%, 2.0%, 1.0%  |  Finished   |  Yes  | 0.0  |
+-----+----------+--------------------------+-------------+-------+------+
| 86  | 4.00e+06 |  6.0%, 0.0%, 1.0%, 0.0%  |  Finished   |  Yes  | 0.0  |
+-----+----------+--------------------------+-------------+-------+------+
| 87  | 2.67e+06 |  7.0%, 3.0%, 5.0%, 2.0%  |  Finished   |  Yes  | 0.0  |
+-----+----------+--------------------------+-------------+-------+------+
| 88  | 2.11e+07 |  9.0%, 0.0%, 3.0%, 2.0%  |  Finished   |  Yes  | 0.0  |
+-----+----------+--------------------------+-------------+-------+------+
| 89  |   ----   |           ----           | Unavailable |  No   | 0.0  |
+-----+----------+--------------------------+-------------+-------+------+
| 90  | 5.85e+05 |  7.0%, 2.0%, 9.0%, 5.0%  |  Finished   |  Yes  | 0.0  |
+-----+----------+--------------------------+-------------+-------+------+
| 91  | 6.45e+05 | 11.0%, 2.0%, 14.0%, 6.0% |  Finished   |  Yes  | 0.0  |
+-----+----------+--------------------------+-------------+-------+------+
| 92  | 2.67e+06 |  6.0%, 2.0%, 3.0%, 1.0%  |  Finished   |  Yes  | 0.0  |
+-----+----------+--------------------------+-------------+-------+------+
| 93  | 4.21e+05 | 7.0%, 2.0%, 21.0%, 10.0% |  Finished   |  Yes  | 0.0  |
+-----+----------+--------------------------+-------------+-------+------+
| 94  | 4.21e+05 | 7.0%, 2.0%, 27.0%, 12.0% |  Finished   |  Yes  | 0.0  |
+-----+----------+--------------------------+-------------+-------+------+
| 95  | 4.00e+06 |  6.0%, 0.0%, 1.0%, 0.0%  |  Finished   |  Yes  | 0.0  |
+-----+----------+--------------------------+-------------+-------+------+
| 96  |   ----   |           ----           | Unavailable |  No   | 0.0  |
+-----+----------+--------------------------+-------------+-------+------+
| 97  | 4.87e+05 | 6.0%, 2.0%, 12.0%, 6.0%  |  Finished   |  Yes  | 0.0  |
+-----+----------+--------------------------+-------------+-------+------+
| 98  | 5.37e+05 | 12.0%, 2.0%, 5.0%, 2.0%  |  Finished   |  Yes  | 0.0  |
+-----+----------+--------------------------+-------------+-------+------+
| 99  |   ----   |           ----           | Unavailable |  No   | 0.0  |
+-----+----------+--------------------------+-------------+-------+------+
| 100 |   ----   |           ----           | Unavailable |  No   | 0.0  |
+-----+----------+--------------------------+-------------+-------+------+
| 101 | 6.45e+06 |  3.0%, 0.0%, 1.0%, 0.0%  |  Finished   |  Yes  | 0.0  |
+-----+----------+--------------------------+-------------+-------+------+
| 102 | 1.01e+07 |  3.0%, 0.0%, 1.0%, 0.0%  |  Finished   |  Yes  | 0.0  |
+-----+----------+--------------------------+-------------+-------+------+
| 103 |   ----   |           ----           |   Timeout   |  No   | 0.0  |
+-----+----------+--------------------------+-------------+-------+------+
| 104 |   ----   |           ----           | Unavailable |  No   | 0.0  |
+-----+----------+--------------------------+-------------+-------+------+
| 105 |   ----   |           ----           |   Timeout   |  No   | 0.0  |
+-----+----------+--------------------------+-------------+-------+------+
| 106 |   ----   |           ----           |   Timeout   |  No   | 0.0  |
+-----+----------+--------------------------+-------------+-------+------+
| 107 | 2.12e+07 |  9.0%, 1.0%, 4.0%, 2.0%  |  Finished   |  Yes  | 0.0  |
+-----+----------+--------------------------+-------------+-------+------+
| 108 | 4.56e+05 | 9.0%, 2.0%, 11.0%, 6.0%  |  Finished   |  Yes  | 0.0  |
+-----+----------+--------------------------+-------------+-------+------+
| 109 | 5.74e+06 |  5.0%, 0.0%, 1.0%, 0.0%  |  Finished   |  Yes  | 0.0  |
+-----+----------+--------------------------+-------------+-------+------+
| 110 | 7.41e+05 | 4.0%, 2.0%, 31.0%, 13.0% |  Finished   |  Yes  | 0.0  |
+-----+----------+--------------------------+-------------+-------+------+
| 111 |   ----   |           ----           |   Timeout   |  No   | 0.0  |
+-----+----------+--------------------------+-------------+-------+------+
| 112 | 4.25e+06 |  5.0%, 0.0%, 1.0%, 0.0%  |  Finished   |  Yes  | 0.0  |
+-----+----------+--------------------------+-------------+-------+------+
| 113 |   ----   |           ----           | Unavailable |  No   | 0.0  |
+-----+----------+--------------------------+-------------+-------+------+
| 114 | 3.77e+06 |  5.0%, 0.0%, 1.0%, 0.0%  |  Finished   |  Yes  | 0.0  |
+-----+----------+--------------------------+-------------+-------+------+
| 115 | 4.21e+05 | 7.0%, 2.0%, 21.0%, 10.0% |  Finished   |  Yes  | 0.0  |
+-----+----------+--------------------------+-------------+-------+------+
| 116 | 4.09e+05 | 6.0%, 2.0%, 12.0%, 6.0%  |  Finished   |  Yes  | 0.0  |
+-----+----------+--------------------------+-------------+-------+------+
| 117 | 4.21e+05 | 7.0%, 2.0%, 27.0%, 12.0% |  Finished   |  Yes  | 0.0  |
+-----+----------+--------------------------+-------------+-------+------+
| 118 |   ----   |           ----           | Unavailable |  No   | 0.0  |
+-----+----------+--------------------------+-------------+-------+------+
| 119 | 3.93e+05 | 6.0%, 2.0%, 12.0%, 6.0%  |  Finished   |  Yes  | 0.0  |
+-----+----------+--------------------------+-------------+-------+------+
| 120 | 4.61e+06 |  3.0%, 0.0%, 1.0%, 0.0%  |  Finished   |  Yes  | 0.0  |
+-----+----------+--------------------------+-------------+-------+------+
| 121 | 4.21e+05 | 7.0%, 2.0%, 15.0%, 7.0%  |  Finished   |  Yes  | 0.0  |
+-----+----------+--------------------------+-------------+-------+------+
| 122 | 3.73e+05 | 12.0%, 2.0%, 5.0%, 2.0%  |  Finished   |  Yes  | 0.0  |
+-----+----------+--------------------------+-------------+-------+------+
| 123 |   ----   |           ----           | Unavailable |  No   | 0.0  |
+-----+----------+--------------------------+-------------+-------+------+
| 124 | 2.67e+06 |  7.0%, 3.0%, 5.0%, 2.0%  |  Finished   |  Yes  | 0.0  |
+-----+----------+--------------------------+-------------+-------+------+
| 125 |   ----   |           ----           | Unavailable |  No   | 0.0  |
+-----+----------+--------------------------+-------------+-------+------+
| 126 | 8.72e+06 |  5.0%, 0.0%, 1.0%, 0.0%  |  Finished   |  Yes  | 0.0  |
+-----+----------+--------------------------+-------------+-------+------+
| 127 |   ----   |           ----           | Unavailable |  No   | 0.0  |
+-----+----------+--------------------------+-------------+-------+------+
| 128 | 7.71e+06 |  5.0%, 0.0%, 1.0%, 0.0%  |  Finished   |  Yes  | 0.0  |
+-----+----------+--------------------------+-------------+-------+------+
| 129 | 5.85e+05 | 7.0%, 2.0%, 15.0%, 7.0%  |  Finished   |  Yes  | 0.0  |
+-----+----------+--------------------------+-------------+-------+------+
| 130 | 3.91e+05 | 6.0%, 2.0%, 13.0%, 10.0% |  Finished   |  Yes  | 0.0  |
+-----+----------+--------------------------+-------------+-------+------+
| 131 | 4.56e+05 | 6.0%, 2.0%, 12.0%, 6.0%  |  Finished   |  Yes  | 0.0  |
+-----+----------+--------------------------+-------------+-------+------+
| 132 | 3.57e+05 | 6.0%, 2.0%, 12.0%, 6.0%  |  Finished   |  Yes  | 0.0  |
+-----+----------+--------------------------+-------------+-------+------+
| 133 | 5.85e+05 | 7.0%, 2.0%, 27.0%, 12.0% |  Finished   |  Yes  | 0.0  |
+-----+----------+--------------------------+-------------+-------+------+
| 134 |   ----   |           ----           | Unavailable |  No   | 0.0  |
+-----+----------+--------------------------+-------------+-------+------+
| 135 | 2.68e+06 |  6.0%, 1.0%, 2.0%, 1.0%  |  Finished   |  Yes  | 0.0  |
+-----+----------+--------------------------+-------------+-------+------+
| 136 | 3.62e+05 | 6.0%, 2.0%, 12.0%, 6.0%  |  Finished   |  Yes  | 0.0  |
+-----+----------+--------------------------+-------------+-------+------+
| 137 | 4.37e+05 | 1.0%, 2.0%, 26.0%, 13.0% |  Finished   |  Yes  | 0.0  |
+-----+----------+--------------------------+-------------+-------+------+
| 138 |   ----   |           ----           | Unavailable |  No   | 0.0  |
+-----+----------+--------------------------+-------------+-------+------+
| 139 | 4.76e+05 | 7.0%, 2.0%, 27.0%, 12.0% |  Finished   |  Yes  | 0.0  |
+-----+----------+--------------------------+-------------+-------+------+
| 140 |   ----   |           ----           |   Timeout   |  No   | 0.0  |
+-----+----------+--------------------------+-------------+-------+------+
| 141 |   ----   |           ----           |   Timeout   |  No   | 0.0  |
+-----+----------+--------------------------+-------------+-------+------+
| 142 | 6.45e+05 | 11.0%, 2.0%, 14.0%, 6.0% |  Finished   |  Yes  | 0.0  |
+-----+----------+--------------------------+-------------+-------+------+
| 143 | 2.67e+06 |  6.0%, 3.0%, 3.0%, 2.0%  |  Finished   |  Yes  | 0.0  |
+-----+----------+--------------------------+-------------+-------+------+
| 144 | 3.51e+06 |  6.0%, 0.0%, 1.0%, 0.0%  |  Finished   |  Yes  | 0.0  |
+-----+----------+--------------------------+-------------+-------+------+

Explored Points
+-----+-----------+-----------+-----------+-----------+-----------+----------+----------+----------+
| ID  | __PARA__L | __PARA__L | __PARA__L | __PARA__L | __PIPE__L | __PIPE__ | __TILE__ | __TILE__ |
|     |     0     |     1     |     2     |     3     |     0     |    L2    |    L0    |    L2    |
+=====+===========+===========+===========+===========+===========+==========+==========+==========+
|  0  |     1     |     4     |     1     |     1     |    off    | flatten  |    10    |    1     |
+-----+-----------+-----------+-----------+-----------+-----------+----------+----------+----------+
|  1  |    200    |     1     |     1     |     4     |    off    |   off    |    1     |    1     |
+-----+-----------+-----------+-----------+-----------+-----------+----------+----------+----------+
|  2  |     2     |     4     |     1     |     1     |    off    | flatten  |    50    |    1     |
+-----+-----------+-----------+-----------+-----------+-----------+----------+----------+----------+
|  3  |     1     |    55     |     1     |     4     |    off    |   off    |    1     |    30    |
+-----+-----------+-----------+-----------+-----------+-----------+----------+----------+----------+
|  4  |     1     |    55     |     1     |     4     |    off    |          |    1     |    48    |
+-----+-----------+-----------+-----------+-----------+-----------+----------+----------+----------+
|  5  |     1     |    55     |     1     |     4     |    off    |          |    1     |    60    |
+-----+-----------+-----------+-----------+-----------+-----------+----------+----------+----------+
|  6  |     1     |     4     |     1     |     1     |    off    | flatten  |    1     |   240    |
+-----+-----------+-----------+-----------+-----------+-----------+----------+----------+----------+
|  7  |     1     |     4     |    10     |     1     |    off    | flatten  |    1     |    24    |
+-----+-----------+-----------+-----------+-----------+-----------+----------+----------+----------+
|  8  |     1     |    55     |     1     |     4     |    off    |   off    |    1     |    16    |
+-----+-----------+-----------+-----------+-----------+-----------+----------+----------+----------+
|  9  |     4     |     1     |     1     |     1     |  flatten  |   off    |    1     |    1     |
+-----+-----------+-----------+-----------+-----------+-----------+----------+----------+----------+
| 10  |     1     |     4     |     1     |     1     |           | flatten  |    8     |    1     |
+-----+-----------+-----------+-----------+-----------+-----------+----------+----------+----------+
| 11  |    40     |     1     |     1     |     1     |  flatten  |   off    |    1     |    1     |
+-----+-----------+-----------+-----------+-----------+-----------+----------+----------+----------+
| 12  |     1     |    10     |     1     |     4     |    off    |   off    |    1     |    1     |
+-----+-----------+-----------+-----------+-----------+-----------+----------+----------+----------+
| 13  |     1     |     4     |    12     |     1     |    off    | flatten  |    40    |    1     |
+-----+-----------+-----------+-----------+-----------+-----------+----------+----------+----------+
| 14  |     1     |    55     |     1     |     4     |    off    |   off    |    1     |   120    |
+-----+-----------+-----------+-----------+-----------+-----------+----------+----------+----------+
| 15  |     1     |     4     |     1     |     1     |           | flatten  |    40    |    1     |
+-----+-----------+-----------+-----------+-----------+-----------+----------+----------+----------+
| 16  |     1     |    55     |     1     |     4     |    off    |   off    |    1     |    80    |
+-----+-----------+-----------+-----------+-----------+-----------+----------+----------+----------+
| 17  |    50     |     1     |     1     |     1     |  flatten  |   off    |    1     |    1     |
+-----+-----------+-----------+-----------+-----------+-----------+----------+----------+----------+
| 18  |     1     |     4     |     3     |     1     |    off    | flatten  |    1     |    80    |
+-----+-----------+-----------+-----------+-----------+-----------+----------+----------+----------+
| 19  |     1     |    55     |     1     |     4     |    off    |   off    |    1     |    40    |
+-----+-----------+-----------+-----------+-----------+-----------+----------+----------+----------+
| 20  |     1     |     1     |     1     |     1     |  flatten  |   off    |    25    |    1     |
+-----+-----------+-----------+-----------+-----------+-----------+----------+----------+----------+
| 21  |     1     |     4     |     1     |     4     |    off    |   off    |    1     |   240    |
+-----+-----------+-----------+-----------+-----------+-----------+----------+----------+----------+
| 22  |     1     |     4     |     1     |     1     |    off    | flatten  |    25    |    1     |
+-----+-----------+-----------+-----------+-----------+-----------+----------+----------+----------+
| 23  |     1     |     4     |    12     |     1     |    off    | flatten  |    5     |    1     |
+-----+-----------+-----------+-----------+-----------+-----------+----------+----------+----------+
| 24  |     1     |    55     |     1     |     4     |    off    |   off    |    1     |    15    |
+-----+-----------+-----------+-----------+-----------+-----------+----------+----------+----------+
| 25  |    200    |     2     |     1     |     4     |    off    |   off    |    1     |    1     |
+-----+-----------+-----------+-----------+-----------+-----------+----------+----------+----------+
| 26  |     1     |     4     |    12     |     1     |    off    | flatten  |    4     |    1     |
+-----+-----------+-----------+-----------+-----------+-----------+----------+----------+----------+
| 27  |     1     |    55     |     1     |     4     |    off    |          |    1     |   120    |
+-----+-----------+-----------+-----------+-----------+-----------+----------+----------+----------+
| 28  |     1     |     4     |     1     |     1     |           | flatten  |    50    |    1     |
+-----+-----------+-----------+-----------+-----------+-----------+----------+----------+----------+
| 29  |     1     |     4     |    12     |     1     |    off    | flatten  |    25    |    1     |
+-----+-----------+-----------+-----------+-----------+-----------+----------+----------+----------+
| 30  |     2     |     4     |     1     |     1     |           | flatten  |    50    |    1     |
+-----+-----------+-----------+-----------+-----------+-----------+----------+----------+----------+
| 31  |     1     |     4     |    15     |     1     |    off    | flatten  |    1     |    16    |
+-----+-----------+-----------+-----------+-----------+-----------+----------+----------+----------+
| 32  |     1     |     4     |    12     |     1     |    off    | flatten  |    8     |    1     |
+-----+-----------+-----------+-----------+-----------+-----------+----------+----------+----------+
| 33  |     5     |     4     |     1     |     1     |    off    | flatten  |    20    |    1     |
+-----+-----------+-----------+-----------+-----------+-----------+----------+----------+----------+
| 34  |    200    |     4     |     1     |     1     |    off    | flatten  |    1     |   240    |
+-----+-----------+-----------+-----------+-----------+-----------+----------+----------+----------+
| 35  |     1     |     1     |     1     |     2     |    off    |   off    |    1     |    1     |
+-----+-----------+-----------+-----------+-----------+-----------+----------+----------+----------+
| 36  |     1     |     4     |    12     |     1     |    off    | flatten  |    10    |    1     |
+-----+-----------+-----------+-----------+-----------+-----------+----------+----------+----------+
| 37  |     1     |     4     |     1     |     1     |           | flatten  |    2     |    1     |
+-----+-----------+-----------+-----------+-----------+-----------+----------+----------+----------+
| 38  |    10     |     1     |     1     |     1     |  flatten  |   off    |    1     |    1     |
+-----+-----------+-----------+-----------+-----------+-----------+----------+----------+----------+
| 39  |     1     |     4     |     1     |     4     |    off    |   off    |    1     |    1     |
+-----+-----------+-----------+-----------+-----------+-----------+----------+----------+----------+
| 40  |     1     |     1     |     1     |     1     |  flatten  |   off    |    20    |    1     |
+-----+-----------+-----------+-----------+-----------+-----------+----------+----------+----------+
| 41  |     1     |     1     |     1     |     4     |    off    |   off    |    1     |    1     |
+-----+-----------+-----------+-----------+-----------+-----------+----------+----------+----------+
| 42  |     1     |     4     |    12     |     1     |    off    | flatten  |    50    |    1     |
+-----+-----------+-----------+-----------+-----------+-----------+----------+----------+----------+
| 43  |     1     |    55     |     1     |     4     |    off    |   off    |    1     |    2     |
+-----+-----------+-----------+-----------+-----------+-----------+----------+----------+----------+
| 44  |     1     |    55     |     1     |     4     |    off    |   off    |    1     |    48    |
+-----+-----------+-----------+-----------+-----------+-----------+----------+----------+----------+
| 45  |    20     |     1     |     1     |     1     |  flatten  |   off    |    1     |    1     |
+-----+-----------+-----------+-----------+-----------+-----------+----------+----------+----------+
| 46  |     1     |     4     |     2     |     1     |    off    | flatten  |    1     |   120    |
+-----+-----------+-----------+-----------+-----------+-----------+----------+----------+----------+
| 47  |     1     |    55     |     1     |     4     |    off    |          |    1     |    80    |
+-----+-----------+-----------+-----------+-----------+-----------+----------+----------+----------+
| 48  |     1     |     1     |     1     |     1     |  flatten  |   off    |    2     |    1     |
+-----+-----------+-----------+-----------+-----------+-----------+----------+----------+----------+
| 49  |     1     |     1     |     1     |     1     |  flatten  |   off    |   200    |    1     |
+-----+-----------+-----------+-----------+-----------+-----------+----------+----------+----------+
| 50  |     1     |     2     |     1     |     4     |    off    |   off    |    1     |   240    |
+-----+-----------+-----------+-----------+-----------+-----------+----------+----------+----------+
| 51  |     1     |     1     |     1     |     1     |    off    |   off    |    1     |    1     |
+-----+-----------+-----------+-----------+-----------+-----------+----------+----------+----------+
| 52  |     1     |     4     |     6     |     1     |    off    | flatten  |    1     |    40    |
+-----+-----------+-----------+-----------+-----------+-----------+----------+----------+----------+
| 53  |     1     |     2     |     1     |     4     |    off    |   off    |   200    |    1     |
+-----+-----------+-----------+-----------+-----------+-----------+----------+----------+----------+
| 54  |     1     |     4     |     1     |     1     |    off    | flatten  |    20    |    1     |
+-----+-----------+-----------+-----------+-----------+-----------+----------+----------+----------+
| 55  |     1     |     4     |     1     |     4     |    off    |   off    |   200    |    1     |
+-----+-----------+-----------+-----------+-----------+-----------+----------+----------+----------+
| 56  |     1     |     4     |     1     |     1     |           | flatten  |    4     |    1     |
+-----+-----------+-----------+-----------+-----------+-----------+----------+----------+----------+
| 57  |     1     |     2     |     1     |     4     |    off    |   off    |    1     |    1     |
+-----+-----------+-----------+-----------+-----------+-----------+----------+----------+----------+
| 58  |    25     |     4     |     1     |     1     |           | flatten  |    4     |    1     |
+-----+-----------+-----------+-----------+-----------+-----------+----------+----------+----------+
| 59  |    200    |     4     |     1     |     4     |    off    |   off    |    1     |    1     |
+-----+-----------+-----------+-----------+-----------+-----------+----------+----------+----------+
| 60  |     1     |     1     |     1     |     1     |  flatten  |   off    |    1     |    1     |
+-----+-----------+-----------+-----------+-----------+-----------+----------+----------+----------+
| 61  |     1     |     1     |     1     |     1     |  flatten  |   off    |    50    |    1     |
+-----+-----------+-----------+-----------+-----------+-----------+----------+----------+----------+
| 62  |     1     |    11     |     1     |     4     |    off    |   off    |    1     |    1     |
+-----+-----------+-----------+-----------+-----------+-----------+----------+----------+----------+
| 63  |    50     |     4     |     1     |     1     |           | flatten  |    2     |    1     |
+-----+-----------+-----------+-----------+-----------+-----------+----------+----------+----------+
| 64  |    200    |     1     |     1     |     1     |  flatten  |   off    |    1     |    1     |
+-----+-----------+-----------+-----------+-----------+-----------+----------+----------+----------+
| 65  |     2     |     1     |     1     |     1     |  flatten  |   off    |    1     |    1     |
+-----+-----------+-----------+-----------+-----------+-----------+----------+----------+----------+
| 66  |     4     |     4     |     1     |     1     |    off    | flatten  |    25    |    1     |
+-----+-----------+-----------+-----------+-----------+-----------+----------+----------+----------+
| 67  |     1     |     4     |    12     |     1     |    off    | flatten  |    20    |    1     |
+-----+-----------+-----------+-----------+-----------+-----------+----------+----------+----------+
| 68  |     1     |    55     |     1     |     4     |    off    |   off    |    1     |    60    |
+-----+-----------+-----------+-----------+-----------+-----------+----------+----------+----------+
| 69  |     1     |     4     |     1     |     1     |    off    | flatten  |    2     |    1     |
+-----+-----------+-----------+-----------+-----------+-----------+----------+----------+----------+
| 70  |    10     |     4     |     1     |     1     |    off    | flatten  |    10    |    1     |
+-----+-----------+-----------+-----------+-----------+-----------+----------+----------+----------+
| 71  |     1     |    55     |     1     |     4     |    off    |   off    |    1     |    12    |
+-----+-----------+-----------+-----------+-----------+-----------+----------+----------+----------+
| 72  |     1     |     1     |     2     |     1     |    off    | flatten  |    1     |    1     |
+-----+-----------+-----------+-----------+-----------+-----------+----------+----------+----------+
| 73  |    20     |     4     |     1     |     1     |           | flatten  |    5     |    1     |
+-----+-----------+-----------+-----------+-----------+-----------+----------+----------+----------+
| 74  |     1     |    55     |     1     |     4     |    off    |   off    |   200    |    1     |
+-----+-----------+-----------+-----------+-----------+-----------+----------+----------+----------+
| 75  |     1     |     4     |     1     |     1     |           | flatten  |    5     |    1     |
+-----+-----------+-----------+-----------+-----------+-----------+----------+----------+----------+
| 76  |    200    |     4     |     1     |     4     |    off    |   off    |    1     |   240    |
+-----+-----------+-----------+-----------+-----------+-----------+----------+----------+----------+
| 77  |     1     |     4     |     4     |     1     |    off    | flatten  |    1     |    60    |
+-----+-----------+-----------+-----------+-----------+-----------+----------+----------+----------+
| 78  |     1     |    55     |     1     |     4     |    off    |          |    1     |    20    |
+-----+-----------+-----------+-----------+-----------+-----------+----------+----------+----------+
| 79  |     1     |     4     |     1     |     1     |    off    | flatten  |    5     |    1     |
+-----+-----------+-----------+-----------+-----------+-----------+----------+----------+----------+
| 80  |     1     |    55     |     1     |     4     |    off    |   off    |    1     |    3     |
+-----+-----------+-----------+-----------+-----------+-----------+----------+----------+----------+
| 81  |     1     |     1     |     1     |     1     |  flatten  |   off    |   100    |    1     |
+-----+-----------+-----------+-----------+-----------+-----------+----------+----------+----------+
| 82  |     1     |     1     |     1     |     1     |  flatten  |   off    |    8     |    1     |
+-----+-----------+-----------+-----------+-----------+-----------+----------+----------+----------+
| 83  |    200    |     1     |    16     |     1     |    off    | flatten  |    1     |    1     |
+-----+-----------+-----------+-----------+-----------+-----------+----------+----------+----------+
| 84  |     5     |     4     |     1     |     1     |           | flatten  |    20    |    1     |
+-----+-----------+-----------+-----------+-----------+-----------+----------+----------+----------+
| 85  |     1     |    20     |     1     |     4     |    off    |   off    |    1     |    1     |
+-----+-----------+-----------+-----------+-----------+-----------+----------+----------+----------+
| 86  |     1     |    55     |     1     |     4     |    off    |   off    |    1     |    24    |
+-----+-----------+-----------+-----------+-----------+-----------+----------+----------+----------+
| 87  |     1     |    55     |     1     |     4     |    off    |   off    |    1     |    1     |
+-----+-----------+-----------+-----------+-----------+-----------+----------+----------+----------+
| 88  |     1     |    220    |     1     |     4     |    off    |   off    |    1     |    1     |
+-----+-----------+-----------+-----------+-----------+-----------+----------+----------+----------+
| 89  |    50     |     4     |     1     |     1     |    off    | flatten  |    2     |    1     |
+-----+-----------+-----------+-----------+-----------+-----------+----------+----------+----------+
| 90  |     1     |     1     |     4     |     1     |    off    | flatten  |    1     |    1     |
+-----+-----------+-----------+-----------+-----------+-----------+----------+----------+----------+
| 91  |     1     |     4     |     1     |     1     |    off    | flatten  |   100    |    1     |
+-----+-----------+-----------+-----------+-----------+-----------+----------+----------+----------+
| 92  |     1     |    22     |     1     |     4     |    off    |   off    |    1     |    1     |
+-----+-----------+-----------+-----------+-----------+-----------+----------+----------+----------+
| 93  |     1     |     4     |    12     |     1     |    off    | flatten  |    1     |    20    |
+-----+-----------+-----------+-----------+-----------+-----------+----------+----------+----------+
| 94  |     1     |     4     |    16     |     1     |    off    | flatten  |    1     |    15    |
+-----+-----------+-----------+-----------+-----------+-----------+----------+----------+----------+
| 95  |     1     |    55     |     1     |     4     |    off    |          |    1     |    24    |
+-----+-----------+-----------+-----------+-----------+-----------+----------+----------+----------+
| 96  |    200    |     4     |    12     |     1     |    off    | flatten  |    1     |    20    |
+-----+-----------+-----------+-----------+-----------+-----------+----------+----------+----------+
| 97  |     1     |     4     |     1     |     1     |    off    | flatten  |    50    |    1     |
+-----+-----------+-----------+-----------+-----------+-----------+----------+----------+----------+
| 98  |     1     |     1     |     1     |     1     |    off    | flatten  |    1     |    1     |
+-----+-----------+-----------+-----------+-----------+-----------+----------+----------+----------+
| 99  |     1     |     1     |     1     |     1     |  flatten  |   off    |    4     |    1     |
+-----+-----------+-----------+-----------+-----------+-----------+----------+----------+----------+
| 100 |     1     |     1     |     1     |     1     |  flatten  |   off    |    10    |    1     |
+-----+-----------+-----------+-----------+-----------+-----------+----------+----------+----------+
| 101 |     1     |    55     |     1     |     4     |    off    |   off    |    1     |    8     |
+-----+-----------+-----------+-----------+-----------+-----------+----------+----------+----------+
| 102 |     1     |    55     |     1     |     4     |    off    |   off    |    1     |    4     |
+-----+-----------+-----------+-----------+-----------+-----------+----------+----------+----------+
| 103 |    25     |     1     |     1     |     1     |  flatten  |   off    |    1     |    1     |
+-----+-----------+-----------+-----------+-----------+-----------+----------+----------+----------+
| 104 |     1     |     1     |     1     |     1     |  flatten  |   off    |    5     |    1     |
+-----+-----------+-----------+-----------+-----------+-----------+----------+----------+----------+
| 105 |     8     |     1     |     1     |     1     |  flatten  |   off    |    1     |    1     |
+-----+-----------+-----------+-----------+-----------+-----------+----------+----------+----------+
| 106 |    200    |    55     |     1     |     4     |    off    |   off    |    1     |   240    |
+-----+-----------+-----------+-----------+-----------+-----------+----------+----------+----------+
| 107 |     1     |    110    |     1     |     4     |    off    |   off    |    1     |    1     |
+-----+-----------+-----------+-----------+-----------+-----------+----------+----------+----------+
| 108 |     1     |     4     |     5     |     1     |    off    | flatten  |    1     |    48    |
+-----+-----------+-----------+-----------+-----------+-----------+----------+----------+----------+
| 109 |     1     |    55     |     1     |     4     |    off    |   off    |    1     |    10    |
+-----+-----------+-----------+-----------+-----------+-----------+----------+----------+----------+
| 110 |     1     |     4     |    12     |     1     |    off    | flatten  |   100    |    1     |
+-----+-----------+-----------+-----------+-----------+-----------+----------+----------+----------+
| 111 |    200    |    55     |     1     |     4     |    off    |   off    |    1     |    1     |
+-----+-----------+-----------+-----------+-----------+-----------+----------+----------+----------+
| 112 |     1     |    55     |     1     |     4     |    off    |   off    |    1     |    20    |
+-----+-----------+-----------+-----------+-----------+-----------+----------+----------+----------+
| 113 |    200    |     4     |    16     |     1     |    off    | flatten  |    1     |    1     |
+-----+-----------+-----------+-----------+-----------+-----------+----------+----------+----------+
| 114 |     1     |    55     |     1     |     4     |    off    |          |    1     |    30    |
+-----+-----------+-----------+-----------+-----------+-----------+----------+----------+----------+
| 115 |     1     |     4     |    12     |     1     |    off    | flatten  |   200    |    1     |
+-----+-----------+-----------+-----------+-----------+-----------+----------+----------+----------+
| 116 |     1     |     4     |     1     |     1     |           | flatten  |    25    |    1     |
+-----+-----------+-----------+-----------+-----------+-----------+----------+----------+----------+
| 117 |     1     |     4     |    16     |     1     |    off    | flatten  |    1     |    1     |
+-----+-----------+-----------+-----------+-----------+-----------+----------+----------+----------+
| 118 |     4     |     4     |     1     |     1     |           | flatten  |    25    |    1     |
+-----+-----------+-----------+-----------+-----------+-----------+----------+----------+----------+
| 119 |     1     |     4     |     1     |     1     |           | flatten  |    20    |    1     |
+-----+-----------+-----------+-----------+-----------+-----------+----------+----------+----------+
| 120 |     1     |    55     |     1     |     4     |    off    |          |    1     |    16    |
+-----+-----------+-----------+-----------+-----------+-----------+----------+----------+----------+
| 121 |     1     |     4     |     8     |     1     |    off    | flatten  |    1     |    30    |
+-----+-----------+-----------+-----------+-----------+-----------+----------+----------+----------+
| 122 |     1     |     4     |     1     |     1     |    off    | flatten  |   200    |    1     |
+-----+-----------+-----------+-----------+-----------+-----------+----------+----------+----------+
| 123 |     1     |     1     |     1     |     1     |  flatten  |   off    |    40    |    1     |
+-----+-----------+-----------+-----------+-----------+-----------+----------+----------+----------+
| 124 |     1     |    55     |     1     |     4     |    off    |   off    |    1     |   240    |
+-----+-----------+-----------+-----------+-----------+-----------+----------+----------+----------+
| 125 |    10     |     4     |     1     |     1     |           | flatten  |    10    |    1     |
+-----+-----------+-----------+-----------+-----------+-----------+----------+----------+----------+
| 126 |     1     |    55     |     1     |     4     |    off    |   off    |    1     |    5     |
+-----+-----------+-----------+-----------+-----------+-----------+----------+----------+----------+
| 127 |    20     |     4     |     1     |     1     |    off    | flatten  |    5     |    1     |
+-----+-----------+-----------+-----------+-----------+-----------+----------+----------+----------+
| 128 |     1     |    55     |     1     |     4     |    off    |   off    |    1     |    6     |
+-----+-----------+-----------+-----------+-----------+-----------+----------+----------+----------+
| 129 |     1     |     1     |     8     |     1     |    off    | flatten  |    1     |    1     |
+-----+-----------+-----------+-----------+-----------+-----------+----------+----------+----------+
| 130 |     1     |     4     |     1     |     1     |    off    | flatten  |    4     |    1     |
+-----+-----------+-----------+-----------+-----------+-----------+----------+----------+----------+
| 131 |     1     |     4     |     1     |     1     |    off    | flatten  |    40    |    1     |
+-----+-----------+-----------+-----------+-----------+-----------+----------+----------+----------+
| 132 |     1     |     4     |     1     |     1     |    off    | flatten  |    8     |    1     |
+-----+-----------+-----------+-----------+-----------+-----------+----------+----------+----------+
| 133 |     1     |     1     |    16     |     1     |    off    | flatten  |    1     |    1     |
+-----+-----------+-----------+-----------+-----------+-----------+----------+----------+----------+
| 134 |    200    |     2     |     1     |     4     |    off    |   off    |    1     |   240    |
+-----+-----------+-----------+-----------+-----------+-----------+----------+----------+----------+
| 135 |     1     |     5     |     1     |     4     |    off    |   off    |    1     |    1     |
+-----+-----------+-----------+-----------+-----------+-----------+----------+----------+----------+
| 136 |     1     |     4     |     1     |     1     |           | flatten  |    10    |    1     |
+-----+-----------+-----------+-----------+-----------+-----------+----------+----------+----------+
| 137 |     1     |     4     |    12     |     1     |    off    | flatten  |    2     |    1     |
+-----+-----------+-----------+-----------+-----------+-----------+----------+----------+----------+
| 138 |    25     |     4     |     1     |     1     |    off    | flatten  |    4     |    1     |
+-----+-----------+-----------+-----------+-----------+-----------+----------+----------+----------+
| 139 |     1     |     2     |    16     |     1     |    off    | flatten  |    1     |    1     |
+-----+-----------+-----------+-----------+-----------+-----------+----------+----------+----------+
| 140 |    100    |     1     |     1     |     1     |  flatten  |   off    |    1     |    1     |
+-----+-----------+-----------+-----------+-----------+-----------+----------+----------+----------+
| 141 |     5     |     1     |     1     |     1     |  flatten  |   off    |    1     |    1     |
+-----+-----------+-----------+-----------+-----------+-----------+----------+----------+----------+
| 142 |     1     |     4     |     1     |     1     |           | flatten  |   100    |    1     |
+-----+-----------+-----------+-----------+-----------+-----------+----------+----------+----------+
| 143 |     1     |    44     |     1     |     4     |    off    |   off    |    1     |    1     |
+-----+-----------+-----------+-----------+-----------+-----------+----------+----------+----------+
| 144 |     1     |    55     |     1     |     4     |    off    |          |    1     |    40    |
+-----+-----------+-----------+-----------+-----------+-----------+----------+----------+----------+
