[   3m]    INFO Search: Computation order (high to low): ['PARALLEL', 'PIPELINE']
[   3m]    INFO Search: Communication order (high to low): ['INTERFACE', 'CACHE', 'PIPELINE', 'TILE', 'TILING']
[   3m]    INFO Search: Launch gradient search algorithm
[  20m] WARNING Search: Default point is invalid: {'__PARA__L0': 1, '__PARA__L1': 1, '__PARA__L2': 1, '__PARA__L3': 1, '__PARA__L4': 1, '__PARA__L5': 1, '__PIPE__L0': 'flatten', '__PIPE__L1': 'off', '__PIPE__L2': 'off', '__PIPE__L3': 'off', '__TILE__L0': 1, '__TILE__L1': 1, '__TILE__L2': 1, '__TILE__L3': 1}
[  20m] WARNING Search: This exploration is low confidence to achieve high QoR.
[  20m]    INFO Search: Focus parameters (high order goes to tail): ['__PARA__L0', '__PARA__L1', '__PARA__L2', '__PARA__L3', '__PARA__L4', '__PARA__L5', '__PIPE__L0', '__PIPE__L1', '__PIPE__L2', '__PIPE__L3', '__TILE__L0', '__TILE__L1', '__TILE__L2', '__TILE__L3']
[  20m]    INFO Search: === ITERATION 1 ===
[  20m]    INFO Search: Tree Level 0
[  20m]    INFO Search: Working Node:
[  20m]    INFO Search: +---------+------------------------------------------------------------------------------------------------------------+
[  20m]    INFO Search: | Point   | __PARA__L0-1.__PARA__L1-1.__PARA__L2-1.__PARA__L3-1.__PARA__L4-1.__PARA__L5-1.__PIPE__L0-                  |
[  20m]    INFO Search: |         | flatten.__PIPE__L1-off.__PIPE__L2-off.__PIPE__L3-off.__TILE__L0-1.__TILE__L1-1.__TILE__L2-1.__TILE__L3-1   |
[  20m]    INFO Search: +---------+------------------------------------------------------------------------------------------------------------+
[  20m]    INFO Search: | Quality | 0.00e+00                                                                                                   |
[  20m]    INFO Search: +---------+------------------------------------------------------------------------------------------------------------+
[  20m]    INFO Search: | Perf.   | 0.00e+00                                                                                                   |
[  20m]    INFO Search: +---------+------------------------------------------------------------------------------------------------------------+
[  20m]    INFO Search: | Child   | ('__PARA__L0', '15,2')<-('__PARA__L1', '15,2')<-('__PARA__L2', '')<-('__PARA__L3', '9,2')<-('__PARA__L4',  |
[  20m]    INFO Search: |         | '')<-('__PARA__L5', '6,1')<-('__PIPE__L0', '')<-('__PIPE__L1', '1')<-('__PIPE__L2', '')<-('__PIPE__L3',    |
[  20m]    INFO Search: |         | '1,1')<-('__TILE__L0', '17')<-('__TILE__L1', '17')<-('__TILE__L2', '')<-('__TILE__L3', '11')<-('builtin',  |
[  20m]    INFO Search: |         | '1')                                                                                                       |
[  20m]    INFO Search: +---------+------------------------------------------------------------------------------------------------------------+
[  20m]    INFO Search: | Tuned   |                                                                                                            |
[  20m]    INFO Search: +---------+------------------------------------------------------------------------------------------------------------+
[  20m]    INFO Search: Working batch: builtin
[  20m]    INFO Search: Evaluating 1 poitns
[  38m]    INFO Search: Received results from evaluator
[  38m]    INFO Search: Results
[  38m]    INFO Search: +--------------------+---------+----------+--------------------+-------------+-------+
[  38m]    INFO Search: |        Tag         | Quality |  Perf.   | BRAM, DSP, LUT, FF |   Status    | Valid |
[  38m]    INFO Search: +====================+=========+==========+====================+=============+=======+
[  38m]    INFO Search: | __PIPE__L3-flatten | -inf    | 0.00e+00 | 0.0, 0.0, 0.0, 0.0 | UNAVAILABLE | False |
[  38m]    INFO Search: +--------------------+---------+----------+--------------------+-------------+-------+
[  38m]    INFO Search: -> No quality, abandon
[  38m]    INFO Search: Run out of batches of parameter builtin
[  38m]    INFO Search: === ITERATION 2 ===
[  38m]    INFO Search: Tree Level 0
[  38m]    INFO Search: Working Node:
[  38m]    INFO Search: +---------+------------------------------------------------------------------------------------------------------------+
[  38m]    INFO Search: | Point   | __PARA__L0-1.__PARA__L1-1.__PARA__L2-1.__PARA__L3-1.__PARA__L4-1.__PARA__L5-1.__PIPE__L0-                  |
[  38m]    INFO Search: |         | flatten.__PIPE__L1-off.__PIPE__L2-off.__PIPE__L3-off.__TILE__L0-1.__TILE__L1-1.__TILE__L2-1.__TILE__L3-1   |
[  38m]    INFO Search: +---------+------------------------------------------------------------------------------------------------------------+
[  38m]    INFO Search: | Quality | 0.00e+00                                                                                                   |
[  38m]    INFO Search: +---------+------------------------------------------------------------------------------------------------------------+
[  38m]    INFO Search: | Perf.   | 0.00e+00                                                                                                   |
[  38m]    INFO Search: +---------+------------------------------------------------------------------------------------------------------------+
[  38m]    INFO Search: | Child   | ('__PARA__L0', '15,2')<-('__PARA__L1', '15,2')<-('__PARA__L2', '')<-('__PARA__L3', '9,2')<-('__PARA__L4',  |
[  38m]    INFO Search: |         | '')<-('__PARA__L5', '6,1')<-('__PIPE__L0', '')<-('__PIPE__L1', '1')<-('__PIPE__L2', '')<-('__PIPE__L3',    |
[  38m]    INFO Search: |         | '1,1')<-('__TILE__L0', '17')<-('__TILE__L1', '17')<-('__TILE__L2', '')<-('__TILE__L3', '11')               |
[  38m]    INFO Search: +---------+------------------------------------------------------------------------------------------------------------+
[  38m]    INFO Search: | Tuned   |                                                                                                            |
[  38m]    INFO Search: +---------+------------------------------------------------------------------------------------------------------------+
[  38m]    INFO Search: Working batch: __TILE__L3
[  38m]    INFO Search: Evaluating 11 poitns
[  65m]    INFO Search: Received results from evaluator
[  65m]    INFO Search: Results
[  65m]    INFO Search: +--------------+---------+----------+--------------------+--------------+-------+
[  65m]    INFO Search: |     Tag      | Quality |  Perf.   | BRAM, DSP, LUT, FF |    Status    | Valid |
[  65m]    INFO Search: +==============+=========+==========+====================+==============+=======+
[  65m]    INFO Search: | __TILE__L3-2 | -inf    | 0.00e+00 | 0.0, 0.0, 0.0, 0.0 | EARLY_REJECT | False |
[  65m]    INFO Search: +--------------+---------+----------+--------------------+--------------+-------+
[  65m]    INFO Search: -> No quality, abandon
[  65m]    INFO Search: +--------------+---------+----------+--------------------+--------------+-------+
[  65m]    INFO Search: |     Tag      | Quality |  Perf.   | BRAM, DSP, LUT, FF |    Status    | Valid |
[  65m]    INFO Search: +==============+=========+==========+====================+==============+=======+
[  65m]    INFO Search: | __TILE__L3-4 | -inf    | 0.00e+00 | 0.0, 0.0, 0.0, 0.0 | EARLY_REJECT | False |
[  65m]    INFO Search: +--------------+---------+----------+--------------------+--------------+-------+
[  65m]    INFO Search: -> No quality, abandon
[  65m]    INFO Search: +--------------+---------+----------+--------------------+--------------+-------+
[  65m]    INFO Search: |     Tag      | Quality |  Perf.   | BRAM, DSP, LUT, FF |    Status    | Valid |
[  65m]    INFO Search: +==============+=========+==========+====================+==============+=======+
[  65m]    INFO Search: | __TILE__L3-5 | -inf    | 0.00e+00 | 0.0, 0.0, 0.0, 0.0 | EARLY_REJECT | False |
[  65m]    INFO Search: +--------------+---------+----------+--------------------+--------------+-------+
[  65m]    INFO Search: -> No quality, abandon
[  65m]    INFO Search: +---------------+---------+----------+--------------------+--------------+-------+
[  65m]    INFO Search: |      Tag      | Quality |  Perf.   | BRAM, DSP, LUT, FF |    Status    | Valid |
[  65m]    INFO Search: +===============+=========+==========+====================+==============+=======+
[  65m]    INFO Search: | __TILE__L3-10 | -inf    | 0.00e+00 | 0.0, 0.0, 0.0, 0.0 | EARLY_REJECT | False |
[  65m]    INFO Search: +---------------+---------+----------+--------------------+--------------+-------+
[  65m]    INFO Search: -> No quality, abandon
[  65m]    INFO Search: +---------------+---------+----------+--------------------+--------------+-------+
[  65m]    INFO Search: |      Tag      | Quality |  Perf.   | BRAM, DSP, LUT, FF |    Status    | Valid |
[  65m]    INFO Search: +===============+=========+==========+====================+==============+=======+
[  65m]    INFO Search: | __TILE__L3-11 | -inf    | 0.00e+00 | 0.0, 0.0, 0.0, 0.0 | EARLY_REJECT | False |
[  65m]    INFO Search: +---------------+---------+----------+--------------------+--------------+-------+
[  65m]    INFO Search: -> No quality, abandon
[  65m]    INFO Search: +---------------+---------+----------+--------------------+--------------+-------+
[  65m]    INFO Search: |      Tag      | Quality |  Perf.   | BRAM, DSP, LUT, FF |    Status    | Valid |
[  65m]    INFO Search: +===============+=========+==========+====================+==============+=======+
[  65m]    INFO Search: | __TILE__L3-20 | -inf    | 0.00e+00 | 0.0, 0.0, 0.0, 0.0 | EARLY_REJECT | False |
[  65m]    INFO Search: +---------------+---------+----------+--------------------+--------------+-------+
[  65m]    INFO Search: -> No quality, abandon
[  65m]    INFO Search: +---------------+---------+----------+--------------------+--------------+-------+
[  65m]    INFO Search: |      Tag      | Quality |  Perf.   | BRAM, DSP, LUT, FF |    Status    | Valid |
[  65m]    INFO Search: +===============+=========+==========+====================+==============+=======+
[  65m]    INFO Search: | __TILE__L3-22 | -inf    | 0.00e+00 | 0.0, 0.0, 0.0, 0.0 | EARLY_REJECT | False |
[  65m]    INFO Search: +---------------+---------+----------+--------------------+--------------+-------+
[  65m]    INFO Search: -> No quality, abandon
[  65m]    INFO Search: +---------------+---------+----------+--------------------+--------------+-------+
[  65m]    INFO Search: |      Tag      | Quality |  Perf.   | BRAM, DSP, LUT, FF |    Status    | Valid |
[  65m]    INFO Search: +===============+=========+==========+====================+==============+=======+
[  65m]    INFO Search: | __TILE__L3-44 | -inf    | 0.00e+00 | 0.0, 0.0, 0.0, 0.0 | EARLY_REJECT | False |
[  65m]    INFO Search: +---------------+---------+----------+--------------------+--------------+-------+
[  65m]    INFO Search: -> No quality, abandon
[  65m]    INFO Search: +---------------+---------+----------+--------------------+--------------+-------+
[  65m]    INFO Search: |      Tag      | Quality |  Perf.   | BRAM, DSP, LUT, FF |    Status    | Valid |
[  65m]    INFO Search: +===============+=========+==========+====================+==============+=======+
[  65m]    INFO Search: | __TILE__L3-55 | -inf    | 0.00e+00 | 0.0, 0.0, 0.0, 0.0 | EARLY_REJECT | False |
[  65m]    INFO Search: +---------------+---------+----------+--------------------+--------------+-------+
[  65m]    INFO Search: -> No quality, abandon
[  65m]    INFO Search: +----------------+---------+----------+--------------------+--------------+-------+
[  65m]    INFO Search: |      Tag       | Quality |  Perf.   | BRAM, DSP, LUT, FF |    Status    | Valid |
[  65m]    INFO Search: +================+=========+==========+====================+==============+=======+
[  65m]    INFO Search: | __TILE__L3-110 | -inf    | 0.00e+00 | 0.0, 0.0, 0.0, 0.0 | EARLY_REJECT | False |
[  65m]    INFO Search: +----------------+---------+----------+--------------------+--------------+-------+
[  65m]    INFO Search: -> No quality, abandon
[  65m]    INFO Search: +----------------+---------+----------+--------------------+-------------+-------+
[  65m]    INFO Search: |      Tag       | Quality |  Perf.   | BRAM, DSP, LUT, FF |   Status    | Valid |
[  65m]    INFO Search: +================+=========+==========+====================+=============+=======+
[  65m]    INFO Search: | __TILE__L3-220 | -inf    | 0.00e+00 | 0.0, 0.0, 0.0, 0.0 | UNAVAILABLE | False |
[  65m]    INFO Search: +----------------+---------+----------+--------------------+-------------+-------+
[  65m]    INFO Search: -> No quality, abandon
[  65m]    INFO Search: Run out of batches of parameter __TILE__L3
[  65m]    INFO Search: === ITERATION 3 ===
[  65m]    INFO Search: Tree Level 0
[  65m]    INFO Search: Working Node:
[  65m]    INFO Search: +---------+------------------------------------------------------------------------------------------------------------+
[  65m]    INFO Search: | Point   | __PARA__L0-1.__PARA__L1-1.__PARA__L2-1.__PARA__L3-1.__PARA__L4-1.__PARA__L5-1.__PIPE__L0-                  |
[  65m]    INFO Search: |         | flatten.__PIPE__L1-off.__PIPE__L2-off.__PIPE__L3-off.__TILE__L0-1.__TILE__L1-1.__TILE__L2-1.__TILE__L3-1   |
[  65m]    INFO Search: +---------+------------------------------------------------------------------------------------------------------------+
[  65m]    INFO Search: | Quality | 0.00e+00                                                                                                   |
[  65m]    INFO Search: +---------+------------------------------------------------------------------------------------------------------------+
[  65m]    INFO Search: | Perf.   | 0.00e+00                                                                                                   |
[  65m]    INFO Search: +---------+------------------------------------------------------------------------------------------------------------+
[  65m]    INFO Search: | Child   | ('__PARA__L0', '15,2')<-('__PARA__L1', '15,2')<-('__PARA__L2', '')<-('__PARA__L3', '9,2')<-('__PARA__L4',  |
[  65m]    INFO Search: |         | '')<-('__PARA__L5', '6,1')<-('__PIPE__L0', '')<-('__PIPE__L1', '1')<-('__PIPE__L2', '')<-('__PIPE__L3',    |
[  65m]    INFO Search: |         | '1,1')<-('__TILE__L0', '17')<-('__TILE__L1', '17')<-('__TILE__L2', '')                                     |
[  65m]    INFO Search: +---------+------------------------------------------------------------------------------------------------------------+
[  65m]    INFO Search: | Tuned   |                                                                                                            |
[  65m]    INFO Search: +---------+------------------------------------------------------------------------------------------------------------+
[  65m]    INFO Search: No batch to be worked
[  65m]    INFO Search: Run out of batches of parameter __TILE__L2
[  65m]    INFO Search: === ITERATION 4 ===
[  65m]    INFO Search: Tree Level 0
[  65m]    INFO Search: Working Node:
[  65m]    INFO Search: +---------+------------------------------------------------------------------------------------------------------------+
[  65m]    INFO Search: | Point   | __PARA__L0-1.__PARA__L1-1.__PARA__L2-1.__PARA__L3-1.__PARA__L4-1.__PARA__L5-1.__PIPE__L0-                  |
[  65m]    INFO Search: |         | flatten.__PIPE__L1-off.__PIPE__L2-off.__PIPE__L3-off.__TILE__L0-1.__TILE__L1-1.__TILE__L2-1.__TILE__L3-1   |
[  65m]    INFO Search: +---------+------------------------------------------------------------------------------------------------------------+
[  65m]    INFO Search: | Quality | 0.00e+00                                                                                                   |
[  65m]    INFO Search: +---------+------------------------------------------------------------------------------------------------------------+
[  65m]    INFO Search: | Perf.   | 0.00e+00                                                                                                   |
[  65m]    INFO Search: +---------+------------------------------------------------------------------------------------------------------------+
[  65m]    INFO Search: | Child   | ('__PARA__L0', '15,2')<-('__PARA__L1', '15,2')<-('__PARA__L2', '')<-('__PARA__L3', '9,2')<-('__PARA__L4',  |
[  65m]    INFO Search: |         | '')<-('__PARA__L5', '6,1')<-('__PIPE__L0', '')<-('__PIPE__L1', '1')<-('__PIPE__L2', '')<-('__PIPE__L3',    |
[  65m]    INFO Search: |         | '1,1')<-('__TILE__L0', '17')<-('__TILE__L1', '17')                                                         |
[  65m]    INFO Search: +---------+------------------------------------------------------------------------------------------------------------+
[  65m]    INFO Search: | Tuned   |                                                                                                            |
[  65m]    INFO Search: +---------+------------------------------------------------------------------------------------------------------------+
[  65m]    INFO Search: Working batch: __TILE__L1
[  65m]    INFO Search: Evaluating 17 poitns
[  97m]    INFO Search: Received results from evaluator
[  97m]    INFO Search: Results
[  97m]    INFO Search: +--------------+---------+----------+--------------------+--------------+-------+
[  97m]    INFO Search: |     Tag      | Quality |  Perf.   | BRAM, DSP, LUT, FF |    Status    | Valid |
[  97m]    INFO Search: +==============+=========+==========+====================+==============+=======+
[  97m]    INFO Search: | __TILE__L1-2 | -inf    | 0.00e+00 | 0.0, 0.0, 0.0, 0.0 | EARLY_REJECT | False |
[  97m]    INFO Search: +--------------+---------+----------+--------------------+--------------+-------+
[  97m]    INFO Search: -> No quality, abandon
[  97m]    INFO Search: +--------------+---------+----------+--------------------+--------------+-------+
[  97m]    INFO Search: |     Tag      | Quality |  Perf.   | BRAM, DSP, LUT, FF |    Status    | Valid |
[  97m]    INFO Search: +==============+=========+==========+====================+==============+=======+
[  97m]    INFO Search: | __TILE__L1-3 | -inf    | 0.00e+00 | 0.0, 0.0, 0.0, 0.0 | EARLY_REJECT | False |
[  97m]    INFO Search: +--------------+---------+----------+--------------------+--------------+-------+
[  97m]    INFO Search: -> No quality, abandon
[  97m]    INFO Search: +--------------+---------+----------+--------------------+--------------+-------+
[  97m]    INFO Search: |     Tag      | Quality |  Perf.   | BRAM, DSP, LUT, FF |    Status    | Valid |
[  97m]    INFO Search: +==============+=========+==========+====================+==============+=======+
[  97m]    INFO Search: | __TILE__L1-4 | -inf    | 0.00e+00 | 0.0, 0.0, 0.0, 0.0 | EARLY_REJECT | False |
[  97m]    INFO Search: +--------------+---------+----------+--------------------+--------------+-------+
[  97m]    INFO Search: -> No quality, abandon
[  97m]    INFO Search: +--------------+---------+----------+--------------------+--------------+-------+
[  97m]    INFO Search: |     Tag      | Quality |  Perf.   | BRAM, DSP, LUT, FF |    Status    | Valid |
[  97m]    INFO Search: +==============+=========+==========+====================+==============+=======+
[  97m]    INFO Search: | __TILE__L1-5 | -inf    | 0.00e+00 | 0.0, 0.0, 0.0, 0.0 | EARLY_REJECT | False |
[  97m]    INFO Search: +--------------+---------+----------+--------------------+--------------+-------+
[  97m]    INFO Search: -> No quality, abandon
[  97m]    INFO Search: +--------------+---------+----------+--------------------+--------------+-------+
[  97m]    INFO Search: |     Tag      | Quality |  Perf.   | BRAM, DSP, LUT, FF |    Status    | Valid |
[  97m]    INFO Search: +==============+=========+==========+====================+==============+=======+
[  97m]    INFO Search: | __TILE__L1-6 | -inf    | 0.00e+00 | 0.0, 0.0, 0.0, 0.0 | EARLY_REJECT | False |
[  97m]    INFO Search: +--------------+---------+----------+--------------------+--------------+-------+
[  97m]    INFO Search: -> No quality, abandon
[  97m]    INFO Search: +--------------+---------+----------+--------------------+--------------+-------+
[  97m]    INFO Search: |     Tag      | Quality |  Perf.   | BRAM, DSP, LUT, FF |    Status    | Valid |
[  97m]    INFO Search: +==============+=========+==========+====================+==============+=======+
[  97m]    INFO Search: | __TILE__L1-9 | -inf    | 0.00e+00 | 0.0, 0.0, 0.0, 0.0 | EARLY_REJECT | False |
[  97m]    INFO Search: +--------------+---------+----------+--------------------+--------------+-------+
[  97m]    INFO Search: -> No quality, abandon
[  97m]    INFO Search: +---------------+---------+----------+--------------------+--------------+-------+
[  97m]    INFO Search: |      Tag      | Quality |  Perf.   | BRAM, DSP, LUT, FF |    Status    | Valid |
[  97m]    INFO Search: +===============+=========+==========+====================+==============+=======+
[  97m]    INFO Search: | __TILE__L1-10 | -inf    | 0.00e+00 | 0.0, 0.0, 0.0, 0.0 | EARLY_REJECT | False |
[  97m]    INFO Search: +---------------+---------+----------+--------------------+--------------+-------+
[  97m]    INFO Search: -> No quality, abandon
[  97m]    INFO Search: +---------------+---------+----------+--------------------+--------------+-------+
[  97m]    INFO Search: |      Tag      | Quality |  Perf.   | BRAM, DSP, LUT, FF |    Status    | Valid |
[  97m]    INFO Search: +===============+=========+==========+====================+==============+=======+
[  97m]    INFO Search: | __TILE__L1-12 | -inf    | 0.00e+00 | 0.0, 0.0, 0.0, 0.0 | EARLY_REJECT | False |
[  97m]    INFO Search: +---------------+---------+----------+--------------------+--------------+-------+
[  97m]    INFO Search: -> No quality, abandon
[  97m]    INFO Search: +---------------+---------+----------+--------------------+--------------+-------+
[  97m]    INFO Search: |      Tag      | Quality |  Perf.   | BRAM, DSP, LUT, FF |    Status    | Valid |
[  97m]    INFO Search: +===============+=========+==========+====================+==============+=======+
[  97m]    INFO Search: | __TILE__L1-15 | -inf    | 0.00e+00 | 0.0, 0.0, 0.0, 0.0 | EARLY_REJECT | False |
[  97m]    INFO Search: +---------------+---------+----------+--------------------+--------------+-------+
[  97m]    INFO Search: -> No quality, abandon
[  97m]    INFO Search: +---------------+---------+----------+--------------------+--------------+-------+
[  97m]    INFO Search: |      Tag      | Quality |  Perf.   | BRAM, DSP, LUT, FF |    Status    | Valid |
[  97m]    INFO Search: +===============+=========+==========+====================+==============+=======+
[  97m]    INFO Search: | __TILE__L1-18 | -inf    | 0.00e+00 | 0.0, 0.0, 0.0, 0.0 | EARLY_REJECT | False |
[  97m]    INFO Search: +---------------+---------+----------+--------------------+--------------+-------+
[  97m]    INFO Search: -> No quality, abandon
[  97m]    INFO Search: +---------------+---------+----------+--------------------+--------------+-------+
[  97m]    INFO Search: |      Tag      | Quality |  Perf.   | BRAM, DSP, LUT, FF |    Status    | Valid |
[  97m]    INFO Search: +===============+=========+==========+====================+==============+=======+
[  97m]    INFO Search: | __TILE__L1-20 | -inf    | 0.00e+00 | 0.0, 0.0, 0.0, 0.0 | EARLY_REJECT | False |
[  97m]    INFO Search: +---------------+---------+----------+--------------------+--------------+-------+
[  97m]    INFO Search: -> No quality, abandon
[  97m]    INFO Search: +---------------+---------+----------+--------------------+--------------+-------+
[  97m]    INFO Search: |      Tag      | Quality |  Perf.   | BRAM, DSP, LUT, FF |    Status    | Valid |
[  97m]    INFO Search: +===============+=========+==========+====================+==============+=======+
[  97m]    INFO Search: | __TILE__L1-30 | -inf    | 0.00e+00 | 0.0, 0.0, 0.0, 0.0 | EARLY_REJECT | False |
[  97m]    INFO Search: +---------------+---------+----------+--------------------+--------------+-------+
[  97m]    INFO Search: -> No quality, abandon
[  97m]    INFO Search: +---------------+---------+----------+--------------------+--------------+-------+
[  97m]    INFO Search: |      Tag      | Quality |  Perf.   | BRAM, DSP, LUT, FF |    Status    | Valid |
[  97m]    INFO Search: +===============+=========+==========+====================+==============+=======+
[  97m]    INFO Search: | __TILE__L1-36 | -inf    | 0.00e+00 | 0.0, 0.0, 0.0, 0.0 | EARLY_REJECT | False |
[  97m]    INFO Search: +---------------+---------+----------+--------------------+--------------+-------+
[  97m]    INFO Search: -> No quality, abandon
[  97m]    INFO Search: +---------------+---------+----------+--------------------+--------------+-------+
[  97m]    INFO Search: |      Tag      | Quality |  Perf.   | BRAM, DSP, LUT, FF |    Status    | Valid |
[  97m]    INFO Search: +===============+=========+==========+====================+==============+=======+
[  97m]    INFO Search: | __TILE__L1-45 | -inf    | 0.00e+00 | 0.0, 0.0, 0.0, 0.0 | EARLY_REJECT | False |
[  97m]    INFO Search: +---------------+---------+----------+--------------------+--------------+-------+
[  97m]    INFO Search: -> No quality, abandon
[  97m]    INFO Search: +---------------+---------+----------+--------------------+--------------+-------+
[  97m]    INFO Search: |      Tag      | Quality |  Perf.   | BRAM, DSP, LUT, FF |    Status    | Valid |
[  97m]    INFO Search: +===============+=========+==========+====================+==============+=======+
[  97m]    INFO Search: | __TILE__L1-60 | -inf    | 0.00e+00 | 0.0, 0.0, 0.0, 0.0 | EARLY_REJECT | False |
[  97m]    INFO Search: +---------------+---------+----------+--------------------+--------------+-------+
[  97m]    INFO Search: -> No quality, abandon
[  97m]    INFO Search: +---------------+---------+----------+--------------------+--------------+-------+
[  97m]    INFO Search: |      Tag      | Quality |  Perf.   | BRAM, DSP, LUT, FF |    Status    | Valid |
[  97m]    INFO Search: +===============+=========+==========+====================+==============+=======+
[  97m]    INFO Search: | __TILE__L1-90 | -inf    | 0.00e+00 | 0.0, 0.0, 0.0, 0.0 | EARLY_REJECT | False |
[  97m]    INFO Search: +---------------+---------+----------+--------------------+--------------+-------+
[  97m]    INFO Search: -> No quality, abandon
[  97m]    INFO Search: +----------------+---------+----------+--------------------+-------------+-------+
[  97m]    INFO Search: |      Tag       | Quality |  Perf.   | BRAM, DSP, LUT, FF |   Status    | Valid |
[  97m]    INFO Search: +================+=========+==========+====================+=============+=======+
[  97m]    INFO Search: | __TILE__L1-180 | -inf    | 0.00e+00 | 0.0, 0.0, 0.0, 0.0 | UNAVAILABLE | False |
[  97m]    INFO Search: +----------------+---------+----------+--------------------+-------------+-------+
[  97m]    INFO Search: -> No quality, abandon
[  97m]    INFO Search: Run out of batches of parameter __TILE__L1
[  97m]    INFO Search: === ITERATION 5 ===
[  97m]    INFO Search: Tree Level 0
[  97m]    INFO Search: Working Node:
[  97m]    INFO Search: +---------+------------------------------------------------------------------------------------------------------------+
[  97m]    INFO Search: | Point   | __PARA__L0-1.__PARA__L1-1.__PARA__L2-1.__PARA__L3-1.__PARA__L4-1.__PARA__L5-1.__PIPE__L0-                  |
[  97m]    INFO Search: |         | flatten.__PIPE__L1-off.__PIPE__L2-off.__PIPE__L3-off.__TILE__L0-1.__TILE__L1-1.__TILE__L2-1.__TILE__L3-1   |
[  97m]    INFO Search: +---------+------------------------------------------------------------------------------------------------------------+
[  97m]    INFO Search: | Quality | 0.00e+00                                                                                                   |
[  97m]    INFO Search: +---------+------------------------------------------------------------------------------------------------------------+
[  97m]    INFO Search: | Perf.   | 0.00e+00                                                                                                   |
[  97m]    INFO Search: +---------+------------------------------------------------------------------------------------------------------------+
[  97m]    INFO Search: | Child   | ('__PARA__L0', '15,2')<-('__PARA__L1', '15,2')<-('__PARA__L2', '')<-('__PARA__L3', '9,2')<-('__PARA__L4',  |
[  97m]    INFO Search: |         | '')<-('__PARA__L5', '6,1')<-('__PIPE__L0', '')<-('__PIPE__L1', '1')<-('__PIPE__L2', '')<-('__PIPE__L3',    |
[  97m]    INFO Search: |         | '1,1')<-('__TILE__L0', '17')                                                                               |
[  97m]    INFO Search: +---------+------------------------------------------------------------------------------------------------------------+
[  97m]    INFO Search: | Tuned   |                                                                                                            |
[  97m]    INFO Search: +---------+------------------------------------------------------------------------------------------------------------+
[  97m]    INFO Search: Working batch: __TILE__L0
[  97m]    INFO Search: Evaluating 17 poitns
[ 248m]    INFO Search: Received results from evaluator
[ 248m]    INFO Search: Results
[ 248m]    INFO Search: +--------------+---------+----------+--------------------+-------------+-------+
[ 248m]    INFO Search: |     Tag      | Quality |  Perf.   | BRAM, DSP, LUT, FF |   Status    | Valid |
[ 248m]    INFO Search: +==============+=========+==========+====================+=============+=======+
[ 248m]    INFO Search: | __TILE__L0-2 | -inf    | 0.00e+00 | 0.0, 0.0, 0.0, 0.0 | UNAVAILABLE | False |
[ 248m]    INFO Search: +--------------+---------+----------+--------------------+-------------+-------+
[ 248m]    INFO Search: -> No quality, abandon
[ 248m]    INFO Search: +--------------+---------+----------+--------------------+-------------+-------+
[ 248m]    INFO Search: |     Tag      | Quality |  Perf.   | BRAM, DSP, LUT, FF |   Status    | Valid |
[ 248m]    INFO Search: +==============+=========+==========+====================+=============+=======+
[ 248m]    INFO Search: | __TILE__L0-3 | -inf    | 0.00e+00 | 0.0, 0.0, 0.0, 0.0 | UNAVAILABLE | False |
[ 248m]    INFO Search: +--------------+---------+----------+--------------------+-------------+-------+
[ 248m]    INFO Search: -> No quality, abandon
[ 248m]    INFO Search: +--------------+---------+----------+--------------------+-------------+-------+
[ 248m]    INFO Search: |     Tag      | Quality |  Perf.   | BRAM, DSP, LUT, FF |   Status    | Valid |
[ 248m]    INFO Search: +==============+=========+==========+====================+=============+=======+
[ 248m]    INFO Search: | __TILE__L0-4 | -inf    | 0.00e+00 | 0.0, 0.0, 0.0, 0.0 | UNAVAILABLE | False |
[ 248m]    INFO Search: +--------------+---------+----------+--------------------+-------------+-------+
[ 248m]    INFO Search: -> No quality, abandon
[ 248m]    INFO Search: +--------------+---------+----------+--------------------+-------------+-------+
[ 248m]    INFO Search: |     Tag      | Quality |  Perf.   | BRAM, DSP, LUT, FF |   Status    | Valid |
[ 248m]    INFO Search: +==============+=========+==========+====================+=============+=======+
[ 248m]    INFO Search: | __TILE__L0-5 | -inf    | 0.00e+00 | 0.0, 0.0, 0.0, 0.0 | UNAVAILABLE | False |
[ 248m]    INFO Search: +--------------+---------+----------+--------------------+-------------+-------+
[ 248m]    INFO Search: -> No quality, abandon
[ 248m]    INFO Search: +--------------+---------+----------+--------------------+-------------+-------+
[ 248m]    INFO Search: |     Tag      | Quality |  Perf.   | BRAM, DSP, LUT, FF |   Status    | Valid |
[ 248m]    INFO Search: +==============+=========+==========+====================+=============+=======+
[ 248m]    INFO Search: | __TILE__L0-6 | -inf    | 0.00e+00 | 0.0, 0.0, 0.0, 0.0 | UNAVAILABLE | False |
[ 248m]    INFO Search: +--------------+---------+----------+--------------------+-------------+-------+
[ 248m]    INFO Search: -> No quality, abandon
[ 248m]    INFO Search: +--------------+---------+----------+--------------------+-------------+-------+
[ 248m]    INFO Search: |     Tag      | Quality |  Perf.   | BRAM, DSP, LUT, FF |   Status    | Valid |
[ 248m]    INFO Search: +==============+=========+==========+====================+=============+=======+
[ 248m]    INFO Search: | __TILE__L0-9 | -inf    | 0.00e+00 | 0.0, 0.0, 0.0, 0.0 | UNAVAILABLE | False |
[ 248m]    INFO Search: +--------------+---------+----------+--------------------+-------------+-------+
[ 248m]    INFO Search: -> No quality, abandon
[ 248m]    INFO Search: +---------------+---------+----------+--------------------+-------------+-------+
[ 248m]    INFO Search: |      Tag      | Quality |  Perf.   | BRAM, DSP, LUT, FF |   Status    | Valid |
[ 248m]    INFO Search: +===============+=========+==========+====================+=============+=======+
[ 248m]    INFO Search: | __TILE__L0-10 | -inf    | 0.00e+00 | 0.0, 0.0, 0.0, 0.0 | UNAVAILABLE | False |
[ 248m]    INFO Search: +---------------+---------+----------+--------------------+-------------+-------+
[ 248m]    INFO Search: -> No quality, abandon
[ 248m]    INFO Search: +---------------+---------+----------+--------------------+-------------+-------+
[ 248m]    INFO Search: |      Tag      | Quality |  Perf.   | BRAM, DSP, LUT, FF |   Status    | Valid |
[ 248m]    INFO Search: +===============+=========+==========+====================+=============+=======+
[ 248m]    INFO Search: | __TILE__L0-12 | -inf    | 0.00e+00 | 0.0, 0.0, 0.0, 0.0 | UNAVAILABLE | False |
[ 248m]    INFO Search: +---------------+---------+----------+--------------------+-------------+-------+
[ 248m]    INFO Search: -> No quality, abandon
[ 248m]    INFO Search: +---------------+---------+----------+--------------------+-------------+-------+
[ 248m]    INFO Search: |      Tag      | Quality |  Perf.   | BRAM, DSP, LUT, FF |   Status    | Valid |
[ 248m]    INFO Search: +===============+=========+==========+====================+=============+=======+
[ 248m]    INFO Search: | __TILE__L0-15 | -inf    | 0.00e+00 | 0.0, 0.0, 0.0, 0.0 | UNAVAILABLE | False |
[ 248m]    INFO Search: +---------------+---------+----------+--------------------+-------------+-------+
[ 248m]    INFO Search: -> No quality, abandon
[ 248m]    INFO Search: +---------------+---------+----------+--------------------+-------------+-------+
[ 248m]    INFO Search: |      Tag      | Quality |  Perf.   | BRAM, DSP, LUT, FF |   Status    | Valid |
[ 248m]    INFO Search: +===============+=========+==========+====================+=============+=======+
[ 248m]    INFO Search: | __TILE__L0-18 | -inf    | 0.00e+00 | 0.0, 0.0, 0.0, 0.0 | UNAVAILABLE | False |
[ 248m]    INFO Search: +---------------+---------+----------+--------------------+-------------+-------+
[ 248m]    INFO Search: -> No quality, abandon
[ 248m]    INFO Search: +---------------+---------+----------+--------------------+-------------+-------+
[ 248m]    INFO Search: |      Tag      | Quality |  Perf.   | BRAM, DSP, LUT, FF |   Status    | Valid |
[ 248m]    INFO Search: +===============+=========+==========+====================+=============+=======+
[ 248m]    INFO Search: | __TILE__L0-20 | -inf    | 0.00e+00 | 0.0, 0.0, 0.0, 0.0 | UNAVAILABLE | False |
[ 248m]    INFO Search: +---------------+---------+----------+--------------------+-------------+-------+
[ 248m]    INFO Search: -> No quality, abandon
[ 248m]    INFO Search: +---------------+---------+----------+--------------------+-------------+-------+
[ 248m]    INFO Search: |      Tag      | Quality |  Perf.   | BRAM, DSP, LUT, FF |   Status    | Valid |
[ 248m]    INFO Search: +===============+=========+==========+====================+=============+=======+
[ 248m]    INFO Search: | __TILE__L0-30 | -inf    | 0.00e+00 | 0.0, 0.0, 0.0, 0.0 | UNAVAILABLE | False |
[ 248m]    INFO Search: +---------------+---------+----------+--------------------+-------------+-------+
[ 248m]    INFO Search: -> No quality, abandon
[ 248m]    INFO Search: +---------------+---------+----------+--------------------+-------------+-------+
[ 248m]    INFO Search: |      Tag      | Quality |  Perf.   | BRAM, DSP, LUT, FF |   Status    | Valid |
[ 248m]    INFO Search: +===============+=========+==========+====================+=============+=======+
[ 248m]    INFO Search: | __TILE__L0-36 | -inf    | 0.00e+00 | 0.0, 0.0, 0.0, 0.0 | UNAVAILABLE | False |
[ 248m]    INFO Search: +---------------+---------+----------+--------------------+-------------+-------+
[ 248m]    INFO Search: -> No quality, abandon
[ 248m]    INFO Search: +---------------+---------+----------+--------------------+-------------+-------+
[ 248m]    INFO Search: |      Tag      | Quality |  Perf.   | BRAM, DSP, LUT, FF |   Status    | Valid |
[ 248m]    INFO Search: +===============+=========+==========+====================+=============+=======+
[ 248m]    INFO Search: | __TILE__L0-45 | -inf    | 0.00e+00 | 0.0, 0.0, 0.0, 0.0 | UNAVAILABLE | False |
[ 248m]    INFO Search: +---------------+---------+----------+--------------------+-------------+-------+
[ 248m]    INFO Search: -> No quality, abandon
[ 248m]    INFO Search: +---------------+---------+----------+--------------------+-------------+-------+
[ 248m]    INFO Search: |      Tag      | Quality |  Perf.   | BRAM, DSP, LUT, FF |   Status    | Valid |
[ 248m]    INFO Search: +===============+=========+==========+====================+=============+=======+
[ 248m]    INFO Search: | __TILE__L0-60 | -inf    | 0.00e+00 | 0.0, 0.0, 0.0, 0.0 | UNAVAILABLE | False |
[ 248m]    INFO Search: +---------------+---------+----------+--------------------+-------------+-------+
[ 248m]    INFO Search: -> No quality, abandon
[ 248m]    INFO Search: +---------------+---------+----------+--------------------+-------------+-------+
[ 248m]    INFO Search: |      Tag      | Quality |  Perf.   | BRAM, DSP, LUT, FF |   Status    | Valid |
[ 248m]    INFO Search: +===============+=========+==========+====================+=============+=======+
[ 248m]    INFO Search: | __TILE__L0-90 | -inf    | 0.00e+00 | 0.0, 0.0, 0.0, 0.0 | UNAVAILABLE | False |
[ 248m]    INFO Search: +---------------+---------+----------+--------------------+-------------+-------+
[ 248m]    INFO Search: -> No quality, abandon
[ 248m]    INFO Search: +----------------+---------+----------+--------------------+-------------+-------+
[ 248m]    INFO Search: |      Tag       | Quality |  Perf.   | BRAM, DSP, LUT, FF |   Status    | Valid |
[ 248m]    INFO Search: +================+=========+==========+====================+=============+=======+
[ 248m]    INFO Search: | __TILE__L0-180 | -inf    | 0.00e+00 | 0.0, 0.0, 0.0, 0.0 | UNAVAILABLE | False |
[ 248m]    INFO Search: +----------------+---------+----------+--------------------+-------------+-------+
[ 248m]    INFO Search: -> No quality, abandon
[ 248m]    INFO Search: Run out of batches of parameter __TILE__L0
[ 248m]    INFO Search: === ITERATION 6 ===
[ 248m]    INFO Search: Tree Level 0
[ 248m]    INFO Search: Working Node:
[ 248m]    INFO Search: +---------+------------------------------------------------------------------------------------------------------------+
[ 248m]    INFO Search: | Point   | __PARA__L0-1.__PARA__L1-1.__PARA__L2-1.__PARA__L3-1.__PARA__L4-1.__PARA__L5-1.__PIPE__L0-                  |
[ 248m]    INFO Search: |         | flatten.__PIPE__L1-off.__PIPE__L2-off.__PIPE__L3-off.__TILE__L0-1.__TILE__L1-1.__TILE__L2-1.__TILE__L3-1   |
[ 248m]    INFO Search: +---------+------------------------------------------------------------------------------------------------------------+
[ 248m]    INFO Search: | Quality | 0.00e+00                                                                                                   |
[ 248m]    INFO Search: +---------+------------------------------------------------------------------------------------------------------------+
[ 248m]    INFO Search: | Perf.   | 0.00e+00                                                                                                   |
[ 248m]    INFO Search: +---------+------------------------------------------------------------------------------------------------------------+
[ 248m]    INFO Search: | Child   | ('__PARA__L0', '15,2')<-('__PARA__L1', '15,2')<-('__PARA__L2', '')<-('__PARA__L3', '9,2')<-('__PARA__L4',  |
[ 248m]    INFO Search: |         | '')<-('__PARA__L5', '6,1')<-('__PIPE__L0', '')<-('__PIPE__L1', '1')<-('__PIPE__L2', '')<-('__PIPE__L3',    |
[ 248m]    INFO Search: |         | '1,1')                                                                                                     |
[ 248m]    INFO Search: +---------+------------------------------------------------------------------------------------------------------------+
[ 248m]    INFO Search: | Tuned   |                                                                                                            |
[ 248m]    INFO Search: +---------+------------------------------------------------------------------------------------------------------------+
[ 248m]    INFO Search: Working batch: __PIPE__L3
[ 248m]    INFO Search: Evaluating 1 poitns
[ 250m]    INFO Search: Received results from evaluator
[ 250m]    INFO Search: Results
[ 250m]    INFO Search: +-------------+---------+----------+--------------------+--------------+-------+
[ 250m]    INFO Search: |     Tag     | Quality |  Perf.   | BRAM, DSP, LUT, FF |    Status    | Valid |
[ 250m]    INFO Search: +=============+=========+==========+====================+==============+=======+
[ 250m]    INFO Search: | __PIPE__L3- | -inf    | 0.00e+00 | 0.0, 0.0, 0.0, 0.0 | EARLY_REJECT | False |
[ 250m]    INFO Search: +-------------+---------+----------+--------------------+--------------+-------+
[ 250m]    INFO Search: -> No quality, abandon
[ 250m]    INFO Search: === ITERATION 7 ===
[ 250m]    INFO Search: Tree Level 0
[ 250m]    INFO Search: Working Node:
[ 250m]    INFO Search: +---------+------------------------------------------------------------------------------------------------------------+
[ 250m]    INFO Search: | Point   | __PARA__L0-1.__PARA__L1-1.__PARA__L2-1.__PARA__L3-1.__PARA__L4-1.__PARA__L5-1.__PIPE__L0-                  |
[ 250m]    INFO Search: |         | flatten.__PIPE__L1-off.__PIPE__L2-off.__PIPE__L3-off.__TILE__L0-1.__TILE__L1-1.__TILE__L2-1.__TILE__L3-1   |
[ 250m]    INFO Search: +---------+------------------------------------------------------------------------------------------------------------+
[ 250m]    INFO Search: | Quality | 0.00e+00                                                                                                   |
[ 250m]    INFO Search: +---------+------------------------------------------------------------------------------------------------------------+
[ 250m]    INFO Search: | Perf.   | 0.00e+00                                                                                                   |
[ 250m]    INFO Search: +---------+------------------------------------------------------------------------------------------------------------+
[ 250m]    INFO Search: | Child   | ('__PARA__L0', '15,2')<-('__PARA__L1', '15,2')<-('__PARA__L2', '')<-('__PARA__L3', '9,2')<-('__PARA__L4',  |
[ 250m]    INFO Search: |         | '')<-('__PARA__L5', '6,1')<-('__PIPE__L0', '')<-('__PIPE__L1', '1')<-('__PIPE__L2', '')<-('__PIPE__L3',    |
[ 250m]    INFO Search: |         | '1')                                                                                                       |
[ 250m]    INFO Search: +---------+------------------------------------------------------------------------------------------------------------+
[ 250m]    INFO Search: | Tuned   |                                                                                                            |
[ 250m]    INFO Search: +---------+------------------------------------------------------------------------------------------------------------+
[ 250m]    INFO Search: Working batch: __PIPE__L3
[ 250m]    INFO Search: Evaluating 1 poitns
[ 250m]    INFO Search: Received results from evaluator
[ 250m]    INFO Search: Results
[ 250m]    INFO Search: +--------------------+---------+----------+--------------------+-------------+-------+
[ 250m]    INFO Search: |        Tag         | Quality |  Perf.   | BRAM, DSP, LUT, FF |   Status    | Valid |
[ 250m]    INFO Search: +====================+=========+==========+====================+=============+=======+
[ 250m]    INFO Search: | __PIPE__L3-flatten | -inf    | 0.00e+00 | 0.0, 0.0, 0.0, 0.0 | UNAVAILABLE | False |
[ 250m]    INFO Search: +--------------------+---------+----------+--------------------+-------------+-------+
[ 250m]    INFO Search: -> No quality, abandon
[ 250m]    INFO Search: Run out of batches of parameter __PIPE__L3
[ 250m]    INFO Search: === ITERATION 8 ===
[ 250m]    INFO Search: Tree Level 0
[ 250m]    INFO Search: Working Node:
[ 250m]    INFO Search: +---------+------------------------------------------------------------------------------------------------------------+
[ 250m]    INFO Search: | Point   | __PARA__L0-1.__PARA__L1-1.__PARA__L2-1.__PARA__L3-1.__PARA__L4-1.__PARA__L5-1.__PIPE__L0-                  |
[ 250m]    INFO Search: |         | flatten.__PIPE__L1-off.__PIPE__L2-off.__PIPE__L3-off.__TILE__L0-1.__TILE__L1-1.__TILE__L2-1.__TILE__L3-1   |
[ 250m]    INFO Search: +---------+------------------------------------------------------------------------------------------------------------+
[ 250m]    INFO Search: | Quality | 0.00e+00                                                                                                   |
[ 250m]    INFO Search: +---------+------------------------------------------------------------------------------------------------------------+
[ 250m]    INFO Search: | Perf.   | 0.00e+00                                                                                                   |
[ 250m]    INFO Search: +---------+------------------------------------------------------------------------------------------------------------+
[ 250m]    INFO Search: | Child   | ('__PARA__L0', '15,2')<-('__PARA__L1', '15,2')<-('__PARA__L2', '')<-('__PARA__L3', '9,2')<-('__PARA__L4',  |
[ 250m]    INFO Search: |         | '')<-('__PARA__L5', '6,1')<-('__PIPE__L0', '')<-('__PIPE__L1', '1')<-('__PIPE__L2', '')                    |
[ 250m]    INFO Search: +---------+------------------------------------------------------------------------------------------------------------+
[ 250m]    INFO Search: | Tuned   |                                                                                                            |
[ 250m]    INFO Search: +---------+------------------------------------------------------------------------------------------------------------+
[ 250m]    INFO Search: No batch to be worked
[ 250m]    INFO Search: Run out of batches of parameter __PIPE__L2
[ 250m]    INFO Search: === ITERATION 9 ===
[ 250m]    INFO Search: Tree Level 0
[ 250m]    INFO Search: Working Node:
[ 250m]    INFO Search: +---------+------------------------------------------------------------------------------------------------------------+
[ 250m]    INFO Search: | Point   | __PARA__L0-1.__PARA__L1-1.__PARA__L2-1.__PARA__L3-1.__PARA__L4-1.__PARA__L5-1.__PIPE__L0-                  |
[ 250m]    INFO Search: |         | flatten.__PIPE__L1-off.__PIPE__L2-off.__PIPE__L3-off.__TILE__L0-1.__TILE__L1-1.__TILE__L2-1.__TILE__L3-1   |
[ 250m]    INFO Search: +---------+------------------------------------------------------------------------------------------------------------+
[ 250m]    INFO Search: | Quality | 0.00e+00                                                                                                   |
[ 250m]    INFO Search: +---------+------------------------------------------------------------------------------------------------------------+
[ 250m]    INFO Search: | Perf.   | 0.00e+00                                                                                                   |
[ 250m]    INFO Search: +---------+------------------------------------------------------------------------------------------------------------+
[ 250m]    INFO Search: | Child   | ('__PARA__L0', '15,2')<-('__PARA__L1', '15,2')<-('__PARA__L2', '')<-('__PARA__L3', '9,2')<-('__PARA__L4',  |
[ 250m]    INFO Search: |         | '')<-('__PARA__L5', '6,1')<-('__PIPE__L0', '')<-('__PIPE__L1', '1')                                        |
[ 250m]    INFO Search: +---------+------------------------------------------------------------------------------------------------------------+
[ 250m]    INFO Search: | Tuned   |                                                                                                            |
[ 250m]    INFO Search: +---------+------------------------------------------------------------------------------------------------------------+
[ 250m]    INFO Search: Working batch: __PIPE__L1
[ 250m]    INFO Search: Evaluating 1 poitns
[ 251m]    INFO Search: Received results from evaluator
[ 251m]    INFO Search: Results
[ 251m]    INFO Search: +-------------+---------+----------+--------------------+--------------+-------+
[ 251m]    INFO Search: |     Tag     | Quality |  Perf.   | BRAM, DSP, LUT, FF |    Status    | Valid |
[ 251m]    INFO Search: +=============+=========+==========+====================+==============+=======+
[ 251m]    INFO Search: | __PIPE__L1- | -inf    | 0.00e+00 | 0.0, 0.0, 0.0, 0.0 | EARLY_REJECT | False |
[ 251m]    INFO Search: +-------------+---------+----------+--------------------+--------------+-------+
[ 251m]    INFO Search: -> No quality, abandon
[ 251m]    INFO Search: Run out of batches of parameter __PIPE__L1
[ 251m]    INFO Search: === ITERATION 10 ===
[ 251m]    INFO Search: Tree Level 0
[ 251m]    INFO Search: Working Node:
[ 251m]    INFO Search: +---------+------------------------------------------------------------------------------------------------------------+
[ 251m]    INFO Search: | Point   | __PARA__L0-1.__PARA__L1-1.__PARA__L2-1.__PARA__L3-1.__PARA__L4-1.__PARA__L5-1.__PIPE__L0-                  |
[ 251m]    INFO Search: |         | flatten.__PIPE__L1-off.__PIPE__L2-off.__PIPE__L3-off.__TILE__L0-1.__TILE__L1-1.__TILE__L2-1.__TILE__L3-1   |
[ 251m]    INFO Search: +---------+------------------------------------------------------------------------------------------------------------+
[ 251m]    INFO Search: | Quality | 0.00e+00                                                                                                   |
[ 251m]    INFO Search: +---------+------------------------------------------------------------------------------------------------------------+
[ 251m]    INFO Search: | Perf.   | 0.00e+00                                                                                                   |
[ 251m]    INFO Search: +---------+------------------------------------------------------------------------------------------------------------+
[ 251m]    INFO Search: | Child   | ('__PARA__L0', '15,2')<-('__PARA__L1', '15,2')<-('__PARA__L2', '')<-('__PARA__L3', '9,2')<-('__PARA__L4',  |
[ 251m]    INFO Search: |         | '')<-('__PARA__L5', '6,1')<-('__PIPE__L0', '')                                                             |
[ 251m]    INFO Search: +---------+------------------------------------------------------------------------------------------------------------+
[ 251m]    INFO Search: | Tuned   |                                                                                                            |
[ 251m]    INFO Search: +---------+------------------------------------------------------------------------------------------------------------+
[ 251m]    INFO Search: No batch to be worked
[ 251m]    INFO Search: Run out of batches of parameter __PIPE__L0
[ 251m]    INFO Search: === ITERATION 11 ===
[ 251m]    INFO Search: Tree Level 0
[ 251m]    INFO Search: Working Node:
[ 251m]    INFO Search: +---------+------------------------------------------------------------------------------------------------------------+
[ 251m]    INFO Search: | Point   | __PARA__L0-1.__PARA__L1-1.__PARA__L2-1.__PARA__L3-1.__PARA__L4-1.__PARA__L5-1.__PIPE__L0-                  |
[ 251m]    INFO Search: |         | flatten.__PIPE__L1-off.__PIPE__L2-off.__PIPE__L3-off.__TILE__L0-1.__TILE__L1-1.__TILE__L2-1.__TILE__L3-1   |
[ 251m]    INFO Search: +---------+------------------------------------------------------------------------------------------------------------+
[ 251m]    INFO Search: | Quality | 0.00e+00                                                                                                   |
[ 251m]    INFO Search: +---------+------------------------------------------------------------------------------------------------------------+
[ 251m]    INFO Search: | Perf.   | 0.00e+00                                                                                                   |
[ 251m]    INFO Search: +---------+------------------------------------------------------------------------------------------------------------+
[ 251m]    INFO Search: | Child   | ('__PARA__L0', '15,2')<-('__PARA__L1', '15,2')<-('__PARA__L2', '')<-('__PARA__L3', '9,2')<-('__PARA__L4',  |
[ 251m]    INFO Search: |         | '')<-('__PARA__L5', '6,1')                                                                                 |
[ 251m]    INFO Search: +---------+------------------------------------------------------------------------------------------------------------+
[ 251m]    INFO Search: | Tuned   |                                                                                                            |
[ 251m]    INFO Search: +---------+------------------------------------------------------------------------------------------------------------+
[ 251m]    INFO Search: Working batch: __PARA__L5
[ 251m]    INFO Search: Evaluating 1 poitns
[ 269m]    INFO Search: Received results from evaluator
[ 269m]    INFO Search: Results
[ 269m]    INFO Search: +--------------+---------+----------+--------------------+-------------+-------+
[ 269m]    INFO Search: |     Tag      | Quality |  Perf.   | BRAM, DSP, LUT, FF |   Status    | Valid |
[ 269m]    INFO Search: +==============+=========+==========+====================+=============+=======+
[ 269m]    INFO Search: | __PARA__L5-2 | -inf    | 0.00e+00 | 0.0, 0.0, 0.0, 0.0 | UNAVAILABLE | False |
[ 269m]    INFO Search: +--------------+---------+----------+--------------------+-------------+-------+
[ 269m]    INFO Search: -> No quality, abandon
[ 269m]    INFO Search: === ITERATION 12 ===
[ 269m]    INFO Search: Tree Level 0
[ 269m]    INFO Search: Working Node:
[ 269m]    INFO Search: +---------+------------------------------------------------------------------------------------------------------------+
[ 269m]    INFO Search: | Point   | __PARA__L0-1.__PARA__L1-1.__PARA__L2-1.__PARA__L3-1.__PARA__L4-1.__PARA__L5-1.__PIPE__L0-                  |
[ 269m]    INFO Search: |         | flatten.__PIPE__L1-off.__PIPE__L2-off.__PIPE__L3-off.__TILE__L0-1.__TILE__L1-1.__TILE__L2-1.__TILE__L3-1   |
[ 269m]    INFO Search: +---------+------------------------------------------------------------------------------------------------------------+
[ 269m]    INFO Search: | Quality | 0.00e+00                                                                                                   |
[ 269m]    INFO Search: +---------+------------------------------------------------------------------------------------------------------------+
[ 269m]    INFO Search: | Perf.   | 0.00e+00                                                                                                   |
[ 269m]    INFO Search: +---------+------------------------------------------------------------------------------------------------------------+
[ 269m]    INFO Search: | Child   | ('__PARA__L0', '15,2')<-('__PARA__L1', '15,2')<-('__PARA__L2', '')<-('__PARA__L3', '9,2')<-('__PARA__L4',  |
[ 269m]    INFO Search: |         | '')<-('__PARA__L5', '6')                                                                                   |
[ 269m]    INFO Search: +---------+------------------------------------------------------------------------------------------------------------+
[ 269m]    INFO Search: | Tuned   |                                                                                                            |
[ 269m]    INFO Search: +---------+------------------------------------------------------------------------------------------------------------+
[ 269m]    INFO Search: Working batch: __PARA__L5
[ 269m]    INFO Search: Evaluating 6 poitns
[ 323m]    INFO Search: Received results from evaluator
[ 323m]    INFO Search: Results
[ 323m]    INFO Search: +--------------+---------+----------+--------------------+-------------+-------+
[ 323m]    INFO Search: |     Tag      | Quality |  Perf.   | BRAM, DSP, LUT, FF |   Status    | Valid |
[ 323m]    INFO Search: +==============+=========+==========+====================+=============+=======+
[ 323m]    INFO Search: | __PARA__L5-5 | -inf    | 0.00e+00 | 0.0, 0.0, 0.0, 0.0 | UNAVAILABLE | False |
[ 323m]    INFO Search: +--------------+---------+----------+--------------------+-------------+-------+
[ 323m]    INFO Search: -> No quality, abandon
[ 323m]    INFO Search: +---------------+---------+----------+--------------------+-------------+-------+
[ 323m]    INFO Search: |      Tag      | Quality |  Perf.   | BRAM, DSP, LUT, FF |   Status    | Valid |
[ 323m]    INFO Search: +===============+=========+==========+====================+=============+=======+
[ 323m]    INFO Search: | __PARA__L5-10 | -inf    | 0.00e+00 | 0.0, 0.0, 0.0, 0.0 | UNAVAILABLE | False |
[ 323m]    INFO Search: +---------------+---------+----------+--------------------+-------------+-------+
[ 323m]    INFO Search: -> No quality, abandon
[ 323m]    INFO Search: +---------------+---------+----------+--------------------+-------------+-------+
[ 323m]    INFO Search: |      Tag      | Quality |  Perf.   | BRAM, DSP, LUT, FF |   Status    | Valid |
[ 323m]    INFO Search: +===============+=========+==========+====================+=============+=======+
[ 323m]    INFO Search: | __PARA__L5-19 | -inf    | 0.00e+00 | 0.0, 0.0, 0.0, 0.0 | UNAVAILABLE | False |
[ 323m]    INFO Search: +---------------+---------+----------+--------------------+-------------+-------+
[ 323m]    INFO Search: -> No quality, abandon
[ 323m]    INFO Search: +---------------+---------+----------+--------------------+-------------+-------+
[ 323m]    INFO Search: |      Tag      | Quality |  Perf.   | BRAM, DSP, LUT, FF |   Status    | Valid |
[ 323m]    INFO Search: +===============+=========+==========+====================+=============+=======+
[ 323m]    INFO Search: | __PARA__L5-38 | -inf    | 0.00e+00 | 0.0, 0.0, 0.0, 0.0 | UNAVAILABLE | False |
[ 323m]    INFO Search: +---------------+---------+----------+--------------------+-------------+-------+
[ 323m]    INFO Search: -> No quality, abandon
[ 323m]    INFO Search: +---------------+---------+----------+--------------------+-------------+-------+
[ 323m]    INFO Search: |      Tag      | Quality |  Perf.   | BRAM, DSP, LUT, FF |   Status    | Valid |
[ 323m]    INFO Search: +===============+=========+==========+====================+=============+=======+
[ 323m]    INFO Search: | __PARA__L5-95 | -inf    | 0.00e+00 | 0.0, 0.0, 0.0, 0.0 | UNAVAILABLE | False |
[ 323m]    INFO Search: +---------------+---------+----------+--------------------+-------------+-------+
[ 323m]    INFO Search: -> No quality, abandon
[ 323m]    INFO Search: +----------------+---------+----------+--------------------+-------------+-------+
[ 323m]    INFO Search: |      Tag       | Quality |  Perf.   | BRAM, DSP, LUT, FF |   Status    | Valid |
[ 323m]    INFO Search: +================+=========+==========+====================+=============+=======+
[ 323m]    INFO Search: | __PARA__L5-190 | -inf    | 0.00e+00 | 0.0, 0.0, 0.0, 0.0 | UNAVAILABLE | False |
[ 323m]    INFO Search: +----------------+---------+----------+--------------------+-------------+-------+
[ 323m]    INFO Search: -> No quality, abandon
[ 323m]    INFO Search: Run out of batches of parameter __PARA__L5
[ 323m]    INFO Search: === ITERATION 13 ===
[ 323m]    INFO Search: Tree Level 0
[ 323m]    INFO Search: Working Node:
[ 323m]    INFO Search: +---------+------------------------------------------------------------------------------------------------------------+
[ 323m]    INFO Search: | Point   | __PARA__L0-1.__PARA__L1-1.__PARA__L2-1.__PARA__L3-1.__PARA__L4-1.__PARA__L5-1.__PIPE__L0-                  |
[ 323m]    INFO Search: |         | flatten.__PIPE__L1-off.__PIPE__L2-off.__PIPE__L3-off.__TILE__L0-1.__TILE__L1-1.__TILE__L2-1.__TILE__L3-1   |
[ 323m]    INFO Search: +---------+------------------------------------------------------------------------------------------------------------+
[ 323m]    INFO Search: | Quality | 0.00e+00                                                                                                   |
[ 323m]    INFO Search: +---------+------------------------------------------------------------------------------------------------------------+
[ 323m]    INFO Search: | Perf.   | 0.00e+00                                                                                                   |
[ 323m]    INFO Search: +---------+------------------------------------------------------------------------------------------------------------+
[ 323m]    INFO Search: | Child   | ('__PARA__L0', '15,2')<-('__PARA__L1', '15,2')<-('__PARA__L2', '')<-('__PARA__L3', '9,2')<-('__PARA__L4',  |
[ 323m]    INFO Search: |         | '')                                                                                                        |
[ 323m]    INFO Search: +---------+------------------------------------------------------------------------------------------------------------+
[ 323m]    INFO Search: | Tuned   |                                                                                                            |
[ 323m]    INFO Search: +---------+------------------------------------------------------------------------------------------------------------+
[ 323m]    INFO Search: No batch to be worked
[ 323m]    INFO Search: Run out of batches of parameter __PARA__L4
[ 323m]    INFO Search: === ITERATION 14 ===
[ 323m]    INFO Search: Tree Level 0
[ 323m]    INFO Search: Working Node:
[ 323m]    INFO Search: +---------+------------------------------------------------------------------------------------------------------------+
[ 323m]    INFO Search: | Point   | __PARA__L0-1.__PARA__L1-1.__PARA__L2-1.__PARA__L3-1.__PARA__L4-1.__PARA__L5-1.__PIPE__L0-                  |
[ 323m]    INFO Search: |         | flatten.__PIPE__L1-off.__PIPE__L2-off.__PIPE__L3-off.__TILE__L0-1.__TILE__L1-1.__TILE__L2-1.__TILE__L3-1   |
[ 323m]    INFO Search: +---------+------------------------------------------------------------------------------------------------------------+
[ 323m]    INFO Search: | Quality | 0.00e+00                                                                                                   |
[ 323m]    INFO Search: +---------+------------------------------------------------------------------------------------------------------------+
[ 323m]    INFO Search: | Perf.   | 0.00e+00                                                                                                   |
[ 323m]    INFO Search: +---------+------------------------------------------------------------------------------------------------------------+
[ 323m]    INFO Search: | Child   | ('__PARA__L0', '15,2')<-('__PARA__L1', '15,2')<-('__PARA__L2', '')<-('__PARA__L3', '9,2')                  |
[ 323m]    INFO Search: +---------+------------------------------------------------------------------------------------------------------------+
[ 323m]    INFO Search: | Tuned   |                                                                                                            |
[ 323m]    INFO Search: +---------+------------------------------------------------------------------------------------------------------------+
[ 323m]    INFO Search: Working batch: __PARA__L3
[ 323m]    INFO Search: Evaluating 2 poitns
[ 325m]    INFO Search: Received results from evaluator
[ 325m]    INFO Search: Results
[ 325m]    INFO Search: +--------------+---------+----------+--------------------+--------------+-------+
[ 325m]    INFO Search: |     Tag      | Quality |  Perf.   | BRAM, DSP, LUT, FF |    Status    | Valid |
[ 325m]    INFO Search: +==============+=========+==========+====================+==============+=======+
[ 325m]    INFO Search: | __PARA__L3-2 | -inf    | 0.00e+00 | 0.0, 0.0, 0.0, 0.0 | EARLY_REJECT | False |
[ 325m]    INFO Search: +--------------+---------+----------+--------------------+--------------+-------+
[ 325m]    INFO Search: -> No quality, abandon
[ 325m]    INFO Search: +--------------+---------+----------+--------------------+--------------+-------+
[ 325m]    INFO Search: |     Tag      | Quality |  Perf.   | BRAM, DSP, LUT, FF |    Status    | Valid |
[ 325m]    INFO Search: +==============+=========+==========+====================+==============+=======+
[ 325m]    INFO Search: | __PARA__L3-4 | -inf    | 0.00e+00 | 0.0, 0.0, 0.0, 0.0 | EARLY_REJECT | False |
[ 325m]    INFO Search: +--------------+---------+----------+--------------------+--------------+-------+
[ 325m]    INFO Search: -> No quality, abandon
[ 325m]    INFO Search: === ITERATION 15 ===
[ 325m]    INFO Search: Tree Level 0
[ 325m]    INFO Search: Working Node:
[ 325m]    INFO Search: +---------+------------------------------------------------------------------------------------------------------------+
[ 325m]    INFO Search: | Point   | __PARA__L0-1.__PARA__L1-1.__PARA__L2-1.__PARA__L3-1.__PARA__L4-1.__PARA__L5-1.__PIPE__L0-                  |
[ 325m]    INFO Search: |         | flatten.__PIPE__L1-off.__PIPE__L2-off.__PIPE__L3-off.__TILE__L0-1.__TILE__L1-1.__TILE__L2-1.__TILE__L3-1   |
[ 325m]    INFO Search: +---------+------------------------------------------------------------------------------------------------------------+
[ 325m]    INFO Search: | Quality | 0.00e+00                                                                                                   |
[ 325m]    INFO Search: +---------+------------------------------------------------------------------------------------------------------------+
[ 325m]    INFO Search: | Perf.   | 0.00e+00                                                                                                   |
[ 325m]    INFO Search: +---------+------------------------------------------------------------------------------------------------------------+
[ 325m]    INFO Search: | Child   | ('__PARA__L0', '15,2')<-('__PARA__L1', '15,2')<-('__PARA__L2', '')<-('__PARA__L3', '9')                    |
[ 325m]    INFO Search: +---------+------------------------------------------------------------------------------------------------------------+
[ 325m]    INFO Search: | Tuned   |                                                                                                            |
[ 325m]    INFO Search: +---------+------------------------------------------------------------------------------------------------------------+
[ 325m]    INFO Search: Working batch: __PARA__L3
[ 325m]    INFO Search: Evaluating 9 poitns
[ 351m]    INFO Search: Received results from evaluator
[ 351m]    INFO Search: Results
[ 351m]    INFO Search: +--------------+---------+----------+--------------------+--------------+-------+
[ 351m]    INFO Search: |     Tag      | Quality |  Perf.   | BRAM, DSP, LUT, FF |    Status    | Valid |
[ 351m]    INFO Search: +==============+=========+==========+====================+==============+=======+
[ 351m]    INFO Search: | __PARA__L3-5 | -inf    | 0.00e+00 | 0.0, 0.0, 0.0, 0.0 | EARLY_REJECT | False |
[ 351m]    INFO Search: +--------------+---------+----------+--------------------+--------------+-------+
[ 351m]    INFO Search: -> No quality, abandon
[ 351m]    INFO Search: +---------------+---------+----------+--------------------+--------------+-------+
[ 351m]    INFO Search: |      Tag      | Quality |  Perf.   | BRAM, DSP, LUT, FF |    Status    | Valid |
[ 351m]    INFO Search: +===============+=========+==========+====================+==============+=======+
[ 351m]    INFO Search: | __PARA__L3-10 | -inf    | 0.00e+00 | 0.0, 0.0, 0.0, 0.0 | EARLY_REJECT | False |
[ 351m]    INFO Search: +---------------+---------+----------+--------------------+--------------+-------+
[ 351m]    INFO Search: -> No quality, abandon
[ 351m]    INFO Search: +---------------+---------+----------+--------------------+--------------+-------+
[ 351m]    INFO Search: |      Tag      | Quality |  Perf.   | BRAM, DSP, LUT, FF |    Status    | Valid |
[ 351m]    INFO Search: +===============+=========+==========+====================+==============+=======+
[ 351m]    INFO Search: | __PARA__L3-11 | -inf    | 0.00e+00 | 0.0, 0.0, 0.0, 0.0 | EARLY_REJECT | False |
[ 351m]    INFO Search: +---------------+---------+----------+--------------------+--------------+-------+
[ 351m]    INFO Search: -> No quality, abandon
[ 351m]    INFO Search: +---------------+---------+----------+--------------------+--------------+-------+
[ 351m]    INFO Search: |      Tag      | Quality |  Perf.   | BRAM, DSP, LUT, FF |    Status    | Valid |
[ 351m]    INFO Search: +===============+=========+==========+====================+==============+=======+
[ 351m]    INFO Search: | __PARA__L3-20 | -inf    | 0.00e+00 | 0.0, 0.0, 0.0, 0.0 | EARLY_REJECT | False |
[ 351m]    INFO Search: +---------------+---------+----------+--------------------+--------------+-------+
[ 351m]    INFO Search: -> No quality, abandon
[ 351m]    INFO Search: +---------------+---------+----------+--------------------+--------------+-------+
[ 351m]    INFO Search: |      Tag      | Quality |  Perf.   | BRAM, DSP, LUT, FF |    Status    | Valid |
[ 351m]    INFO Search: +===============+=========+==========+====================+==============+=======+
[ 351m]    INFO Search: | __PARA__L3-22 | -inf    | 0.00e+00 | 0.0, 0.0, 0.0, 0.0 | EARLY_REJECT | False |
[ 351m]    INFO Search: +---------------+---------+----------+--------------------+--------------+-------+
[ 351m]    INFO Search: -> No quality, abandon
[ 351m]    INFO Search: +---------------+---------+----------+--------------------+--------------+-------+
[ 351m]    INFO Search: |      Tag      | Quality |  Perf.   | BRAM, DSP, LUT, FF |    Status    | Valid |
[ 351m]    INFO Search: +===============+=========+==========+====================+==============+=======+
[ 351m]    INFO Search: | __PARA__L3-44 | -inf    | 0.00e+00 | 0.0, 0.0, 0.0, 0.0 | EARLY_REJECT | False |
[ 351m]    INFO Search: +---------------+---------+----------+--------------------+--------------+-------+
[ 351m]    INFO Search: -> No quality, abandon
[ 351m]    INFO Search: +---------------+---------+----------+--------------------+--------------+-------+
[ 351m]    INFO Search: |      Tag      | Quality |  Perf.   | BRAM, DSP, LUT, FF |    Status    | Valid |
[ 351m]    INFO Search: +===============+=========+==========+====================+==============+=======+
[ 351m]    INFO Search: | __PARA__L3-55 | -inf    | 0.00e+00 | 0.0, 0.0, 0.0, 0.0 | EARLY_REJECT | False |
[ 351m]    INFO Search: +---------------+---------+----------+--------------------+--------------+-------+
[ 351m]    INFO Search: -> No quality, abandon
[ 351m]    INFO Search: +----------------+---------+----------+--------------------+--------------+-------+
[ 351m]    INFO Search: |      Tag       | Quality |  Perf.   | BRAM, DSP, LUT, FF |    Status    | Valid |
[ 351m]    INFO Search: +================+=========+==========+====================+==============+=======+
[ 351m]    INFO Search: | __PARA__L3-110 | -inf    | 0.00e+00 | 0.0, 0.0, 0.0, 0.0 | EARLY_REJECT | False |
[ 351m]    INFO Search: +----------------+---------+----------+--------------------+--------------+-------+
[ 351m]    INFO Search: -> No quality, abandon
[ 351m]    INFO Search: +----------------+---------+----------+--------------------+-------------+-------+
[ 351m]    INFO Search: |      Tag       | Quality |  Perf.   | BRAM, DSP, LUT, FF |   Status    | Valid |
[ 351m]    INFO Search: +================+=========+==========+====================+=============+=======+
[ 351m]    INFO Search: | __PARA__L3-220 | -inf    | 0.00e+00 | 0.0, 0.0, 0.0, 0.0 | UNAVAILABLE | False |
[ 351m]    INFO Search: +----------------+---------+----------+--------------------+-------------+-------+
[ 351m]    INFO Search: -> No quality, abandon
[ 351m]    INFO Search: Run out of batches of parameter __PARA__L3
[ 351m]    INFO Search: === ITERATION 16 ===
[ 351m]    INFO Search: Tree Level 0
[ 351m]    INFO Search: Working Node:
[ 351m]    INFO Search: +---------+------------------------------------------------------------------------------------------------------------+
[ 351m]    INFO Search: | Point   | __PARA__L0-1.__PARA__L1-1.__PARA__L2-1.__PARA__L3-1.__PARA__L4-1.__PARA__L5-1.__PIPE__L0-                  |
[ 351m]    INFO Search: |         | flatten.__PIPE__L1-off.__PIPE__L2-off.__PIPE__L3-off.__TILE__L0-1.__TILE__L1-1.__TILE__L2-1.__TILE__L3-1   |
[ 351m]    INFO Search: +---------+------------------------------------------------------------------------------------------------------------+
[ 351m]    INFO Search: | Quality | 0.00e+00                                                                                                   |
[ 351m]    INFO Search: +---------+------------------------------------------------------------------------------------------------------------+
[ 351m]    INFO Search: | Perf.   | 0.00e+00                                                                                                   |
[ 351m]    INFO Search: +---------+------------------------------------------------------------------------------------------------------------+
[ 351m]    INFO Search: | Child   | ('__PARA__L0', '15,2')<-('__PARA__L1', '15,2')<-('__PARA__L2', '')                                         |
[ 351m]    INFO Search: +---------+------------------------------------------------------------------------------------------------------------+
[ 351m]    INFO Search: | Tuned   |                                                                                                            |
[ 351m]    INFO Search: +---------+------------------------------------------------------------------------------------------------------------+
[ 351m]    INFO Search: No batch to be worked
[ 351m]    INFO Search: Run out of batches of parameter __PARA__L2
[ 351m]    INFO Search: === ITERATION 17 ===
[ 351m]    INFO Search: Tree Level 0
[ 351m]    INFO Search: Working Node:
[ 351m]    INFO Search: +---------+------------------------------------------------------------------------------------------------------------+
[ 351m]    INFO Search: | Point   | __PARA__L0-1.__PARA__L1-1.__PARA__L2-1.__PARA__L3-1.__PARA__L4-1.__PARA__L5-1.__PIPE__L0-                  |
[ 351m]    INFO Search: |         | flatten.__PIPE__L1-off.__PIPE__L2-off.__PIPE__L3-off.__TILE__L0-1.__TILE__L1-1.__TILE__L2-1.__TILE__L3-1   |
[ 351m]    INFO Search: +---------+------------------------------------------------------------------------------------------------------------+
[ 351m]    INFO Search: | Quality | 0.00e+00                                                                                                   |
[ 351m]    INFO Search: +---------+------------------------------------------------------------------------------------------------------------+
[ 351m]    INFO Search: | Perf.   | 0.00e+00                                                                                                   |
[ 351m]    INFO Search: +---------+------------------------------------------------------------------------------------------------------------+
[ 351m]    INFO Search: | Child   | ('__PARA__L0', '15,2')<-('__PARA__L1', '15,2')                                                             |
[ 351m]    INFO Search: +---------+------------------------------------------------------------------------------------------------------------+
[ 351m]    INFO Search: | Tuned   |                                                                                                            |
[ 351m]    INFO Search: +---------+------------------------------------------------------------------------------------------------------------+
[ 351m]    INFO Search: Working batch: __PARA__L1
[ 351m]    INFO Search: Evaluating 2 poitns
[ 352m]    INFO Search: Received results from evaluator
[ 352m]    INFO Search: Results
[ 352m]    INFO Search: +--------------+---------+----------+--------------------+--------------+-------+
[ 352m]    INFO Search: |     Tag      | Quality |  Perf.   | BRAM, DSP, LUT, FF |    Status    | Valid |
[ 352m]    INFO Search: +==============+=========+==========+====================+==============+=======+
[ 352m]    INFO Search: | __PARA__L1-2 | -inf    | 0.00e+00 | 0.0, 0.0, 0.0, 0.0 | EARLY_REJECT | False |
[ 352m]    INFO Search: +--------------+---------+----------+--------------------+--------------+-------+
[ 352m]    INFO Search: -> No quality, abandon
[ 352m]    INFO Search: +--------------+---------+----------+--------------------+--------------+-------+
[ 352m]    INFO Search: |     Tag      | Quality |  Perf.   | BRAM, DSP, LUT, FF |    Status    | Valid |
[ 352m]    INFO Search: +==============+=========+==========+====================+==============+=======+
[ 352m]    INFO Search: | __PARA__L1-4 | -inf    | 0.00e+00 | 0.0, 0.0, 0.0, 0.0 | EARLY_REJECT | False |
[ 352m]    INFO Search: +--------------+---------+----------+--------------------+--------------+-------+
[ 352m]    INFO Search: -> No quality, abandon
[ 352m]    INFO Search: === ITERATION 18 ===
[ 352m]    INFO Search: Tree Level 0
[ 352m]    INFO Search: Working Node:
[ 352m]    INFO Search: +---------+------------------------------------------------------------------------------------------------------------+
[ 352m]    INFO Search: | Point   | __PARA__L0-1.__PARA__L1-1.__PARA__L2-1.__PARA__L3-1.__PARA__L4-1.__PARA__L5-1.__PIPE__L0-                  |
[ 352m]    INFO Search: |         | flatten.__PIPE__L1-off.__PIPE__L2-off.__PIPE__L3-off.__TILE__L0-1.__TILE__L1-1.__TILE__L2-1.__TILE__L3-1   |
[ 352m]    INFO Search: +---------+------------------------------------------------------------------------------------------------------------+
[ 352m]    INFO Search: | Quality | 0.00e+00                                                                                                   |
[ 352m]    INFO Search: +---------+------------------------------------------------------------------------------------------------------------+
[ 352m]    INFO Search: | Perf.   | 0.00e+00                                                                                                   |
[ 352m]    INFO Search: +---------+------------------------------------------------------------------------------------------------------------+
[ 352m]    INFO Search: | Child   | ('__PARA__L0', '15,2')<-('__PARA__L1', '15')                                                               |
[ 352m]    INFO Search: +---------+------------------------------------------------------------------------------------------------------------+
[ 352m]    INFO Search: | Tuned   |                                                                                                            |
[ 352m]    INFO Search: +---------+------------------------------------------------------------------------------------------------------------+
[ 352m]    INFO Search: Working batch: __PARA__L1
[ 352m]    INFO Search: Evaluating 15 poitns
[ 382m]    INFO Search: Received results from evaluator
[ 382m]    INFO Search: Results
[ 382m]    INFO Search: +--------------+---------+----------+--------------------+--------------+-------+
[ 382m]    INFO Search: |     Tag      | Quality |  Perf.   | BRAM, DSP, LUT, FF |    Status    | Valid |
[ 382m]    INFO Search: +==============+=========+==========+====================+==============+=======+
[ 382m]    INFO Search: | __PARA__L1-3 | -inf    | 0.00e+00 | 0.0, 0.0, 0.0, 0.0 | EARLY_REJECT | False |
[ 382m]    INFO Search: +--------------+---------+----------+--------------------+--------------+-------+
[ 382m]    INFO Search: -> No quality, abandon
[ 382m]    INFO Search: +--------------+---------+----------+--------------------+--------------+-------+
[ 382m]    INFO Search: |     Tag      | Quality |  Perf.   | BRAM, DSP, LUT, FF |    Status    | Valid |
[ 382m]    INFO Search: +==============+=========+==========+====================+==============+=======+
[ 382m]    INFO Search: | __PARA__L1-5 | -inf    | 0.00e+00 | 0.0, 0.0, 0.0, 0.0 | EARLY_REJECT | False |
[ 382m]    INFO Search: +--------------+---------+----------+--------------------+--------------+-------+
[ 382m]    INFO Search: -> No quality, abandon
[ 382m]    INFO Search: +--------------+---------+----------+--------------------+--------------+-------+
[ 382m]    INFO Search: |     Tag      | Quality |  Perf.   | BRAM, DSP, LUT, FF |    Status    | Valid |
[ 382m]    INFO Search: +==============+=========+==========+====================+==============+=======+
[ 382m]    INFO Search: | __PARA__L1-6 | -inf    | 0.00e+00 | 0.0, 0.0, 0.0, 0.0 | EARLY_REJECT | False |
[ 382m]    INFO Search: +--------------+---------+----------+--------------------+--------------+-------+
[ 382m]    INFO Search: -> No quality, abandon
[ 382m]    INFO Search: +--------------+---------+----------+--------------------+--------------+-------+
[ 382m]    INFO Search: |     Tag      | Quality |  Perf.   | BRAM, DSP, LUT, FF |    Status    | Valid |
[ 382m]    INFO Search: +==============+=========+==========+====================+==============+=======+
[ 382m]    INFO Search: | __PARA__L1-9 | -inf    | 0.00e+00 | 0.0, 0.0, 0.0, 0.0 | EARLY_REJECT | False |
[ 382m]    INFO Search: +--------------+---------+----------+--------------------+--------------+-------+
[ 382m]    INFO Search: -> No quality, abandon
[ 382m]    INFO Search: +---------------+---------+----------+--------------------+--------------+-------+
[ 382m]    INFO Search: |      Tag      | Quality |  Perf.   | BRAM, DSP, LUT, FF |    Status    | Valid |
[ 382m]    INFO Search: +===============+=========+==========+====================+==============+=======+
[ 382m]    INFO Search: | __PARA__L1-10 | -inf    | 0.00e+00 | 0.0, 0.0, 0.0, 0.0 | EARLY_REJECT | False |
[ 382m]    INFO Search: +---------------+---------+----------+--------------------+--------------+-------+
[ 382m]    INFO Search: -> No quality, abandon
[ 382m]    INFO Search: +---------------+---------+----------+--------------------+--------------+-------+
[ 382m]    INFO Search: |      Tag      | Quality |  Perf.   | BRAM, DSP, LUT, FF |    Status    | Valid |
[ 382m]    INFO Search: +===============+=========+==========+====================+==============+=======+
[ 382m]    INFO Search: | __PARA__L1-12 | -inf    | 0.00e+00 | 0.0, 0.0, 0.0, 0.0 | EARLY_REJECT | False |
[ 382m]    INFO Search: +---------------+---------+----------+--------------------+--------------+-------+
[ 382m]    INFO Search: -> No quality, abandon
[ 382m]    INFO Search: +---------------+---------+----------+--------------------+--------------+-------+
[ 382m]    INFO Search: |      Tag      | Quality |  Perf.   | BRAM, DSP, LUT, FF |    Status    | Valid |
[ 382m]    INFO Search: +===============+=========+==========+====================+==============+=======+
[ 382m]    INFO Search: | __PARA__L1-15 | -inf    | 0.00e+00 | 0.0, 0.0, 0.0, 0.0 | EARLY_REJECT | False |
[ 382m]    INFO Search: +---------------+---------+----------+--------------------+--------------+-------+
[ 382m]    INFO Search: -> No quality, abandon
[ 382m]    INFO Search: +---------------+---------+----------+--------------------+--------------+-------+
[ 382m]    INFO Search: |      Tag      | Quality |  Perf.   | BRAM, DSP, LUT, FF |    Status    | Valid |
[ 382m]    INFO Search: +===============+=========+==========+====================+==============+=======+
[ 382m]    INFO Search: | __PARA__L1-18 | -inf    | 0.00e+00 | 0.0, 0.0, 0.0, 0.0 | EARLY_REJECT | False |
[ 382m]    INFO Search: +---------------+---------+----------+--------------------+--------------+-------+
[ 382m]    INFO Search: -> No quality, abandon
[ 382m]    INFO Search: +---------------+---------+----------+--------------------+--------------+-------+
[ 382m]    INFO Search: |      Tag      | Quality |  Perf.   | BRAM, DSP, LUT, FF |    Status    | Valid |
[ 382m]    INFO Search: +===============+=========+==========+====================+==============+=======+
[ 382m]    INFO Search: | __PARA__L1-20 | -inf    | 0.00e+00 | 0.0, 0.0, 0.0, 0.0 | EARLY_REJECT | False |
[ 382m]    INFO Search: +---------------+---------+----------+--------------------+--------------+-------+
[ 382m]    INFO Search: -> No quality, abandon
[ 382m]    INFO Search: +---------------+---------+----------+--------------------+--------------+-------+
[ 382m]    INFO Search: |      Tag      | Quality |  Perf.   | BRAM, DSP, LUT, FF |    Status    | Valid |
[ 382m]    INFO Search: +===============+=========+==========+====================+==============+=======+
[ 382m]    INFO Search: | __PARA__L1-30 | -inf    | 0.00e+00 | 0.0, 0.0, 0.0, 0.0 | EARLY_REJECT | False |
[ 382m]    INFO Search: +---------------+---------+----------+--------------------+--------------+-------+
[ 382m]    INFO Search: -> No quality, abandon
[ 382m]    INFO Search: +---------------+---------+----------+--------------------+--------------+-------+
[ 382m]    INFO Search: |      Tag      | Quality |  Perf.   | BRAM, DSP, LUT, FF |    Status    | Valid |
[ 382m]    INFO Search: +===============+=========+==========+====================+==============+=======+
[ 382m]    INFO Search: | __PARA__L1-36 | -inf    | 0.00e+00 | 0.0, 0.0, 0.0, 0.0 | EARLY_REJECT | False |
[ 382m]    INFO Search: +---------------+---------+----------+--------------------+--------------+-------+
[ 382m]    INFO Search: -> No quality, abandon
[ 382m]    INFO Search: +---------------+---------+----------+--------------------+--------------+-------+
[ 382m]    INFO Search: |      Tag      | Quality |  Perf.   | BRAM, DSP, LUT, FF |    Status    | Valid |
[ 382m]    INFO Search: +===============+=========+==========+====================+==============+=======+
[ 382m]    INFO Search: | __PARA__L1-45 | -inf    | 0.00e+00 | 0.0, 0.0, 0.0, 0.0 | EARLY_REJECT | False |
[ 382m]    INFO Search: +---------------+---------+----------+--------------------+--------------+-------+
[ 382m]    INFO Search: -> No quality, abandon
[ 382m]    INFO Search: +---------------+---------+----------+--------------------+--------------+-------+
[ 382m]    INFO Search: |      Tag      | Quality |  Perf.   | BRAM, DSP, LUT, FF |    Status    | Valid |
[ 382m]    INFO Search: +===============+=========+==========+====================+==============+=======+
[ 382m]    INFO Search: | __PARA__L1-60 | -inf    | 0.00e+00 | 0.0, 0.0, 0.0, 0.0 | EARLY_REJECT | False |
[ 382m]    INFO Search: +---------------+---------+----------+--------------------+--------------+-------+
[ 382m]    INFO Search: -> No quality, abandon
[ 382m]    INFO Search: +---------------+---------+----------+--------------------+--------------+-------+
[ 382m]    INFO Search: |      Tag      | Quality |  Perf.   | BRAM, DSP, LUT, FF |    Status    | Valid |
[ 382m]    INFO Search: +===============+=========+==========+====================+==============+=======+
[ 382m]    INFO Search: | __PARA__L1-90 | -inf    | 0.00e+00 | 0.0, 0.0, 0.0, 0.0 | EARLY_REJECT | False |
[ 382m]    INFO Search: +---------------+---------+----------+--------------------+--------------+-------+
[ 382m]    INFO Search: -> No quality, abandon
[ 382m]    INFO Search: +----------------+---------+----------+--------------------+-------------+-------+
[ 382m]    INFO Search: |      Tag       | Quality |  Perf.   | BRAM, DSP, LUT, FF |   Status    | Valid |
[ 382m]    INFO Search: +================+=========+==========+====================+=============+=======+
[ 382m]    INFO Search: | __PARA__L1-180 | -inf    | 0.00e+00 | 0.0, 0.0, 0.0, 0.0 | UNAVAILABLE | False |
[ 382m]    INFO Search: +----------------+---------+----------+--------------------+-------------+-------+
[ 382m]    INFO Search: -> No quality, abandon
[ 382m]    INFO Search: Run out of batches of parameter __PARA__L1
[ 382m]    INFO Search: === ITERATION 19 ===
[ 382m]    INFO Search: Tree Level 0
[ 382m]    INFO Search: Working Node:
[ 382m]    INFO Search: +---------+------------------------------------------------------------------------------------------------------------+
[ 382m]    INFO Search: | Point   | __PARA__L0-1.__PARA__L1-1.__PARA__L2-1.__PARA__L3-1.__PARA__L4-1.__PARA__L5-1.__PIPE__L0-                  |
[ 382m]    INFO Search: |         | flatten.__PIPE__L1-off.__PIPE__L2-off.__PIPE__L3-off.__TILE__L0-1.__TILE__L1-1.__TILE__L2-1.__TILE__L3-1   |
[ 382m]    INFO Search: +---------+------------------------------------------------------------------------------------------------------------+
[ 382m]    INFO Search: | Quality | 0.00e+00                                                                                                   |
[ 382m]    INFO Search: +---------+------------------------------------------------------------------------------------------------------------+
[ 382m]    INFO Search: | Perf.   | 0.00e+00                                                                                                   |
[ 382m]    INFO Search: +---------+------------------------------------------------------------------------------------------------------------+
[ 382m]    INFO Search: | Child   | ('__PARA__L0', '15,2')                                                                                     |
[ 382m]    INFO Search: +---------+------------------------------------------------------------------------------------------------------------+
[ 382m]    INFO Search: | Tuned   |                                                                                                            |
[ 382m]    INFO Search: +---------+------------------------------------------------------------------------------------------------------------+
[ 382m]    INFO Search: Working batch: __PARA__L0
[ 382m]    INFO Search: Evaluating 2 poitns
[ 471m]    INFO Search: Received results from evaluator
[ 471m]    INFO Search: Results
[ 471m]    INFO Search: +--------------+---------+----------+--------------------+-------------+-------+
[ 471m]    INFO Search: |     Tag      | Quality |  Perf.   | BRAM, DSP, LUT, FF |   Status    | Valid |
[ 471m]    INFO Search: +==============+=========+==========+====================+=============+=======+
[ 471m]    INFO Search: | __PARA__L0-2 | -inf    | 0.00e+00 | 0.0, 0.0, 0.0, 0.0 | UNAVAILABLE | False |
[ 471m]    INFO Search: +--------------+---------+----------+--------------------+-------------+-------+
[ 471m]    INFO Search: -> No quality, abandon
[ 471m]    INFO Search: +--------------+---------+----------+--------------------+-------------+-------+
[ 471m]    INFO Search: |     Tag      | Quality |  Perf.   | BRAM, DSP, LUT, FF |   Status    | Valid |
[ 471m]    INFO Search: +==============+=========+==========+====================+=============+=======+
[ 471m]    INFO Search: | __PARA__L0-4 | -inf    | 0.00e+00 | 0.0, 0.0, 0.0, 0.0 | UNAVAILABLE | False |
[ 471m]    INFO Search: +--------------+---------+----------+--------------------+-------------+-------+
[ 471m]    INFO Search: -> No quality, abandon
[ 471m]    INFO Search: === ITERATION 20 ===
[ 471m]    INFO Search: Tree Level 0
[ 471m]    INFO Search: Working Node:
[ 471m]    INFO Search: +---------+------------------------------------------------------------------------------------------------------------+
[ 471m]    INFO Search: | Point   | __PARA__L0-1.__PARA__L1-1.__PARA__L2-1.__PARA__L3-1.__PARA__L4-1.__PARA__L5-1.__PIPE__L0-                  |
[ 471m]    INFO Search: |         | flatten.__PIPE__L1-off.__PIPE__L2-off.__PIPE__L3-off.__TILE__L0-1.__TILE__L1-1.__TILE__L2-1.__TILE__L3-1   |
[ 471m]    INFO Search: +---------+------------------------------------------------------------------------------------------------------------+
[ 471m]    INFO Search: | Quality | 0.00e+00                                                                                                   |
[ 471m]    INFO Search: +---------+------------------------------------------------------------------------------------------------------------+
[ 471m]    INFO Search: | Perf.   | 0.00e+00                                                                                                   |
[ 471m]    INFO Search: +---------+------------------------------------------------------------------------------------------------------------+
[ 471m]    INFO Search: | Child   | ('__PARA__L0', '15')                                                                                       |
[ 471m]    INFO Search: +---------+------------------------------------------------------------------------------------------------------------+
[ 471m]    INFO Search: | Tuned   |                                                                                                            |
[ 471m]    INFO Search: +---------+------------------------------------------------------------------------------------------------------------+
[ 471m]    INFO Search: Working batch: __PARA__L0
[ 471m]    INFO Search: Evaluating 15 poitns
