[   3m]    INFO Search: Computation order (high to low): ['PARALLEL', 'PIPELINE']
[   3m]    INFO Search: Communication order (high to low): ['INTERFACE', 'CACHE', 'PIPELINE', 'TILE', 'TILING']
[   3m]    INFO Search: Launch gradient search algorithm
[  22m] WARNING Search: Default point is invalid: {'__PARA__L0': 1, '__PARA__L1': 1, '__PARA__L2': 1, '__PARA__L3': 1, '__PARA__L4': 1, '__PARA__L5': 1, '__PIPE__L0': 'off', '__PIPE__L1': 'flatten', '__PIPE__L2': 'off', '__PIPE__L3': 'off', '__TILE__L0': 1, '__TILE__L1': 1, '__TILE__L2': 1, '__TILE__L3': 1}
[  22m] WARNING Search: This exploration is low confidence to achieve high QoR.
[  22m]    INFO Search: Focus parameters (high order goes to tail): ['__PARA__L0', '__PARA__L1', '__PARA__L2', '__PARA__L3', '__PARA__L4', '__PARA__L5', '__PIPE__L0', '__PIPE__L1', '__PIPE__L2', '__PIPE__L3', '__TILE__L0', '__TILE__L1', '__TILE__L2', '__TILE__L3']
[  22m]    INFO Search: === ITERATION 1 ===
[  22m]    INFO Search: Tree Level 0
[  22m]    INFO Search: Working Node:
[  22m]    INFO Search: +---------+------------------------------------------------------------------------------------------------------------+
[  22m]    INFO Search: | Point   | __PARA__L0-1.__PARA__L1-1.__PARA__L2-1.__PARA__L3-1.__PARA__L4-1.__PARA__L5-1.__PIPE__L0-off.__PIPE__L1-   |
[  22m]    INFO Search: |         | flatten.__PIPE__L2-off.__PIPE__L3-off.__TILE__L0-1.__TILE__L1-1.__TILE__L2-1.__TILE__L3-1                  |
[  22m]    INFO Search: +---------+------------------------------------------------------------------------------------------------------------+
[  22m]    INFO Search: | Quality | 0.00e+00                                                                                                   |
[  22m]    INFO Search: +---------+------------------------------------------------------------------------------------------------------------+
[  22m]    INFO Search: | Perf.   | 0.00e+00                                                                                                   |
[  22m]    INFO Search: +---------+------------------------------------------------------------------------------------------------------------+
[  22m]    INFO Search: | Child   | ('__PARA__L0', '15,2')<-('__PARA__L1', '15,2')<-('__PARA__L2', '6,1')<-('__PARA__L3', '')<-('__PARA__L4',  |
[  22m]    INFO Search: |         | '14,1')<-('__PARA__L5', '')<-('__PIPE__L0', '1')<-('__PIPE__L1', '')<-('__PIPE__L2',                       |
[  22m]    INFO Search: |         | '1,1')<-('__PIPE__L3', '')<-('__TILE__L0', '17')<-('__TILE__L1', '17')<-('__TILE__L2',                     |
[  22m]    INFO Search: |         | '7')<-('__TILE__L3', '')<-('builtin', '1')                                                                 |
[  22m]    INFO Search: +---------+------------------------------------------------------------------------------------------------------------+
[  22m]    INFO Search: | Tuned   |                                                                                                            |
[  22m]    INFO Search: +---------+------------------------------------------------------------------------------------------------------------+
[  22m]    INFO Search: Working batch: builtin
[  22m]    INFO Search: Evaluating 1 poitns
[  41m]    INFO Search: Received results from evaluator
[  41m]    INFO Search: Results
[  41m]    INFO Search: +--------------------+---------+----------+--------------------+-------------+-------+
[  41m]    INFO Search: |        Tag         | Quality |  Perf.   | BRAM, DSP, LUT, FF |   Status    | Valid |
[  41m]    INFO Search: +====================+=========+==========+====================+=============+=======+
[  41m]    INFO Search: | __PIPE__L2-flatten | -inf    | 0.00e+00 | 0.0, 0.0, 0.0, 0.0 | UNAVAILABLE | False |
[  41m]    INFO Search: +--------------------+---------+----------+--------------------+-------------+-------+
[  41m]    INFO Search: -> No quality, abandon
[  41m]    INFO Search: Run out of batches of parameter builtin
[  41m]    INFO Search: === ITERATION 2 ===
[  41m]    INFO Search: Tree Level 0
[  41m]    INFO Search: Working Node:
[  41m]    INFO Search: +---------+------------------------------------------------------------------------------------------------------------+
[  41m]    INFO Search: | Point   | __PARA__L0-1.__PARA__L1-1.__PARA__L2-1.__PARA__L3-1.__PARA__L4-1.__PARA__L5-1.__PIPE__L0-off.__PIPE__L1-   |
[  41m]    INFO Search: |         | flatten.__PIPE__L2-off.__PIPE__L3-off.__TILE__L0-1.__TILE__L1-1.__TILE__L2-1.__TILE__L3-1                  |
[  41m]    INFO Search: +---------+------------------------------------------------------------------------------------------------------------+
[  41m]    INFO Search: | Quality | 0.00e+00                                                                                                   |
[  41m]    INFO Search: +---------+------------------------------------------------------------------------------------------------------------+
[  41m]    INFO Search: | Perf.   | 0.00e+00                                                                                                   |
[  41m]    INFO Search: +---------+------------------------------------------------------------------------------------------------------------+
[  41m]    INFO Search: | Child   | ('__PARA__L0', '15,2')<-('__PARA__L1', '15,2')<-('__PARA__L2', '6,1')<-('__PARA__L3', '')<-('__PARA__L4',  |
[  41m]    INFO Search: |         | '14,1')<-('__PARA__L5', '')<-('__PIPE__L0', '1')<-('__PIPE__L1', '')<-('__PIPE__L2',                       |
[  41m]    INFO Search: |         | '1,1')<-('__PIPE__L3', '')<-('__TILE__L0', '17')<-('__TILE__L1', '17')<-('__TILE__L2',                     |
[  41m]    INFO Search: |         | '7')<-('__TILE__L3', '')                                                                                   |
[  41m]    INFO Search: +---------+------------------------------------------------------------------------------------------------------------+
[  41m]    INFO Search: | Tuned   |                                                                                                            |
[  41m]    INFO Search: +---------+------------------------------------------------------------------------------------------------------------+
[  41m]    INFO Search: No batch to be worked
[  41m]    INFO Search: Run out of batches of parameter __TILE__L3
[  41m]    INFO Search: === ITERATION 3 ===
[  41m]    INFO Search: Tree Level 0
[  41m]    INFO Search: Working Node:
[  41m]    INFO Search: +---------+------------------------------------------------------------------------------------------------------------+
[  41m]    INFO Search: | Point   | __PARA__L0-1.__PARA__L1-1.__PARA__L2-1.__PARA__L3-1.__PARA__L4-1.__PARA__L5-1.__PIPE__L0-off.__PIPE__L1-   |
[  41m]    INFO Search: |         | flatten.__PIPE__L2-off.__PIPE__L3-off.__TILE__L0-1.__TILE__L1-1.__TILE__L2-1.__TILE__L3-1                  |
[  41m]    INFO Search: +---------+------------------------------------------------------------------------------------------------------------+
[  41m]    INFO Search: | Quality | 0.00e+00                                                                                                   |
[  41m]    INFO Search: +---------+------------------------------------------------------------------------------------------------------------+
[  41m]    INFO Search: | Perf.   | 0.00e+00                                                                                                   |
[  41m]    INFO Search: +---------+------------------------------------------------------------------------------------------------------------+
[  41m]    INFO Search: | Child   | ('__PARA__L0', '15,2')<-('__PARA__L1', '15,2')<-('__PARA__L2', '6,1')<-('__PARA__L3', '')<-('__PARA__L4',  |
[  41m]    INFO Search: |         | '14,1')<-('__PARA__L5', '')<-('__PIPE__L0', '1')<-('__PIPE__L1', '')<-('__PIPE__L2',                       |
[  41m]    INFO Search: |         | '1,1')<-('__PIPE__L3', '')<-('__TILE__L0', '17')<-('__TILE__L1', '17')<-('__TILE__L2', '7')                |
[  41m]    INFO Search: +---------+------------------------------------------------------------------------------------------------------------+
[  41m]    INFO Search: | Tuned   |                                                                                                            |
[  41m]    INFO Search: +---------+------------------------------------------------------------------------------------------------------------+
[  41m]    INFO Search: Working batch: __TILE__L2
[  41m]    INFO Search: Evaluating 7 poitns
[  85m]    INFO Search: Received results from evaluator
[  85m]    INFO Search: Results
[  85m]    INFO Search: +--------------+---------+----------+--------------------+--------------+-------+
[  85m]    INFO Search: |     Tag      | Quality |  Perf.   | BRAM, DSP, LUT, FF |    Status    | Valid |
[  85m]    INFO Search: +==============+=========+==========+====================+==============+=======+
[  85m]    INFO Search: | __TILE__L2-5 | -inf    | 0.00e+00 | 0.0, 0.0, 0.0, 0.0 | EARLY_REJECT | False |
[  85m]    INFO Search: +--------------+---------+----------+--------------------+--------------+-------+
[  85m]    INFO Search: -> No quality, abandon
[  85m]    INFO Search: +---------------+---------+----------+--------------------+--------------+-------+
[  85m]    INFO Search: |      Tag      | Quality |  Perf.   | BRAM, DSP, LUT, FF |    Status    | Valid |
[  85m]    INFO Search: +===============+=========+==========+====================+==============+=======+
[  85m]    INFO Search: | __TILE__L2-19 | -inf    | 0.00e+00 | 0.0, 0.0, 0.0, 0.0 | EARLY_REJECT | False |
[  85m]    INFO Search: +---------------+---------+----------+--------------------+--------------+-------+
[  85m]    INFO Search: -> No quality, abandon
[  85m]    INFO Search: +---------------+---------+----------+--------------------+--------------+-------+
[  85m]    INFO Search: |      Tag      | Quality |  Perf.   | BRAM, DSP, LUT, FF |    Status    | Valid |
[  85m]    INFO Search: +===============+=========+==========+====================+==============+=======+
[  85m]    INFO Search: | __TILE__L2-95 | -inf    | 0.00e+00 | 0.0, 0.0, 0.0, 0.0 | EARLY_REJECT | False |
[  85m]    INFO Search: +---------------+---------+----------+--------------------+--------------+-------+
[  85m]    INFO Search: -> No quality, abandon
[  85m]    INFO Search: +--------------+---------+----------+--------------------+-------------+-------+
[  85m]    INFO Search: |     Tag      | Quality |  Perf.   | BRAM, DSP, LUT, FF |   Status    | Valid |
[  85m]    INFO Search: +==============+=========+==========+====================+=============+=======+
[  85m]    INFO Search: | __TILE__L2-2 | -inf    | 0.00e+00 | 0.0, 0.0, 0.0, 0.0 | UNAVAILABLE | False |
[  85m]    INFO Search: +--------------+---------+----------+--------------------+-------------+-------+
[  85m]    INFO Search: -> No quality, abandon
[  85m]    INFO Search: +---------------+---------+----------+--------------------+-------------+-------+
[  85m]    INFO Search: |      Tag      | Quality |  Perf.   | BRAM, DSP, LUT, FF |   Status    | Valid |
[  85m]    INFO Search: +===============+=========+==========+====================+=============+=======+
[  85m]    INFO Search: | __TILE__L2-10 | -inf    | 0.00e+00 | 0.0, 0.0, 0.0, 0.0 | UNAVAILABLE | False |
[  85m]    INFO Search: +---------------+---------+----------+--------------------+-------------+-------+
[  85m]    INFO Search: -> No quality, abandon
[  85m]    INFO Search: +---------------+---------+----------+--------------------+-------------+-------+
[  85m]    INFO Search: |      Tag      | Quality |  Perf.   | BRAM, DSP, LUT, FF |   Status    | Valid |
[  85m]    INFO Search: +===============+=========+==========+====================+=============+=======+
[  85m]    INFO Search: | __TILE__L2-38 | -inf    | 0.00e+00 | 0.0, 0.0, 0.0, 0.0 | UNAVAILABLE | False |
[  85m]    INFO Search: +---------------+---------+----------+--------------------+-------------+-------+
[  85m]    INFO Search: -> No quality, abandon
[  85m]    INFO Search: +----------------+---------+----------+--------------------+-------------+-------+
[  85m]    INFO Search: |      Tag       | Quality |  Perf.   | BRAM, DSP, LUT, FF |   Status    | Valid |
[  85m]    INFO Search: +================+=========+==========+====================+=============+=======+
[  85m]    INFO Search: | __TILE__L2-190 | -inf    | 0.00e+00 | 0.0, 0.0, 0.0, 0.0 | UNAVAILABLE | False |
[  85m]    INFO Search: +----------------+---------+----------+--------------------+-------------+-------+
[  85m]    INFO Search: -> No quality, abandon
[  85m]    INFO Search: Run out of batches of parameter __TILE__L2
[  85m]    INFO Search: === ITERATION 4 ===
[  85m]    INFO Search: Tree Level 0
[  85m]    INFO Search: Working Node:
[  85m]    INFO Search: +---------+------------------------------------------------------------------------------------------------------------+
[  85m]    INFO Search: | Point   | __PARA__L0-1.__PARA__L1-1.__PARA__L2-1.__PARA__L3-1.__PARA__L4-1.__PARA__L5-1.__PIPE__L0-off.__PIPE__L1-   |
[  85m]    INFO Search: |         | flatten.__PIPE__L2-off.__PIPE__L3-off.__TILE__L0-1.__TILE__L1-1.__TILE__L2-1.__TILE__L3-1                  |
[  85m]    INFO Search: +---------+------------------------------------------------------------------------------------------------------------+
[  85m]    INFO Search: | Quality | 0.00e+00                                                                                                   |
[  85m]    INFO Search: +---------+------------------------------------------------------------------------------------------------------------+
[  85m]    INFO Search: | Perf.   | 0.00e+00                                                                                                   |
[  85m]    INFO Search: +---------+------------------------------------------------------------------------------------------------------------+
[  85m]    INFO Search: | Child   | ('__PARA__L0', '15,2')<-('__PARA__L1', '15,2')<-('__PARA__L2', '6,1')<-('__PARA__L3', '')<-('__PARA__L4',  |
[  85m]    INFO Search: |         | '14,1')<-('__PARA__L5', '')<-('__PIPE__L0', '1')<-('__PIPE__L1', '')<-('__PIPE__L2',                       |
[  85m]    INFO Search: |         | '1,1')<-('__PIPE__L3', '')<-('__TILE__L0', '17')<-('__TILE__L1', '17')                                     |
[  85m]    INFO Search: +---------+------------------------------------------------------------------------------------------------------------+
[  85m]    INFO Search: | Tuned   |                                                                                                            |
[  85m]    INFO Search: +---------+------------------------------------------------------------------------------------------------------------+
[  85m]    INFO Search: Working batch: __TILE__L1
[  85m]    INFO Search: Evaluating 17 poitns
[ 247m]    INFO Search: Received results from evaluator
[ 247m]    INFO Search: Results
[ 247m]    INFO Search: +--------------+---------+----------+--------------------+-------------+-------+
[ 247m]    INFO Search: |     Tag      | Quality |  Perf.   | BRAM, DSP, LUT, FF |   Status    | Valid |
[ 247m]    INFO Search: +==============+=========+==========+====================+=============+=======+
[ 247m]    INFO Search: | __TILE__L1-2 | -inf    | 0.00e+00 | 0.0, 0.0, 0.0, 0.0 | UNAVAILABLE | False |
[ 247m]    INFO Search: +--------------+---------+----------+--------------------+-------------+-------+
[ 247m]    INFO Search: -> No quality, abandon
[ 247m]    INFO Search: +--------------+---------+----------+--------------------+-------------+-------+
[ 247m]    INFO Search: |     Tag      | Quality |  Perf.   | BRAM, DSP, LUT, FF |   Status    | Valid |
[ 247m]    INFO Search: +==============+=========+==========+====================+=============+=======+
[ 247m]    INFO Search: | __TILE__L1-3 | -inf    | 0.00e+00 | 0.0, 0.0, 0.0, 0.0 | UNAVAILABLE | False |
[ 247m]    INFO Search: +--------------+---------+----------+--------------------+-------------+-------+
[ 247m]    INFO Search: -> No quality, abandon
[ 247m]    INFO Search: +--------------+---------+----------+--------------------+-------------+-------+
[ 247m]    INFO Search: |     Tag      | Quality |  Perf.   | BRAM, DSP, LUT, FF |   Status    | Valid |
[ 247m]    INFO Search: +==============+=========+==========+====================+=============+=======+
[ 247m]    INFO Search: | __TILE__L1-4 | -inf    | 0.00e+00 | 0.0, 0.0, 0.0, 0.0 | UNAVAILABLE | False |
[ 247m]    INFO Search: +--------------+---------+----------+--------------------+-------------+-------+
[ 247m]    INFO Search: -> No quality, abandon
[ 247m]    INFO Search: +--------------+---------+----------+--------------------+-------------+-------+
[ 247m]    INFO Search: |     Tag      | Quality |  Perf.   | BRAM, DSP, LUT, FF |   Status    | Valid |
[ 247m]    INFO Search: +==============+=========+==========+====================+=============+=======+
[ 247m]    INFO Search: | __TILE__L1-5 | -inf    | 0.00e+00 | 0.0, 0.0, 0.0, 0.0 | UNAVAILABLE | False |
[ 247m]    INFO Search: +--------------+---------+----------+--------------------+-------------+-------+
[ 247m]    INFO Search: -> No quality, abandon
[ 247m]    INFO Search: +--------------+---------+----------+--------------------+-------------+-------+
[ 247m]    INFO Search: |     Tag      | Quality |  Perf.   | BRAM, DSP, LUT, FF |   Status    | Valid |
[ 247m]    INFO Search: +==============+=========+==========+====================+=============+=======+
[ 247m]    INFO Search: | __TILE__L1-6 | -inf    | 0.00e+00 | 0.0, 0.0, 0.0, 0.0 | UNAVAILABLE | False |
[ 247m]    INFO Search: +--------------+---------+----------+--------------------+-------------+-------+
[ 247m]    INFO Search: -> No quality, abandon
[ 247m]    INFO Search: +--------------+---------+----------+--------------------+-------------+-------+
[ 247m]    INFO Search: |     Tag      | Quality |  Perf.   | BRAM, DSP, LUT, FF |   Status    | Valid |
[ 247m]    INFO Search: +==============+=========+==========+====================+=============+=======+
[ 247m]    INFO Search: | __TILE__L1-9 | -inf    | 0.00e+00 | 0.0, 0.0, 0.0, 0.0 | UNAVAILABLE | False |
[ 247m]    INFO Search: +--------------+---------+----------+--------------------+-------------+-------+
[ 247m]    INFO Search: -> No quality, abandon
[ 247m]    INFO Search: +---------------+---------+----------+--------------------+-------------+-------+
[ 247m]    INFO Search: |      Tag      | Quality |  Perf.   | BRAM, DSP, LUT, FF |   Status    | Valid |
[ 247m]    INFO Search: +===============+=========+==========+====================+=============+=======+
[ 247m]    INFO Search: | __TILE__L1-10 | -inf    | 0.00e+00 | 0.0, 0.0, 0.0, 0.0 | UNAVAILABLE | False |
[ 247m]    INFO Search: +---------------+---------+----------+--------------------+-------------+-------+
[ 247m]    INFO Search: -> No quality, abandon
[ 247m]    INFO Search: +---------------+---------+----------+--------------------+-------------+-------+
[ 247m]    INFO Search: |      Tag      | Quality |  Perf.   | BRAM, DSP, LUT, FF |   Status    | Valid |
[ 247m]    INFO Search: +===============+=========+==========+====================+=============+=======+
[ 247m]    INFO Search: | __TILE__L1-12 | -inf    | 0.00e+00 | 0.0, 0.0, 0.0, 0.0 | UNAVAILABLE | False |
[ 247m]    INFO Search: +---------------+---------+----------+--------------------+-------------+-------+
[ 247m]    INFO Search: -> No quality, abandon
[ 247m]    INFO Search: +---------------+---------+----------+--------------------+-------------+-------+
[ 247m]    INFO Search: |      Tag      | Quality |  Perf.   | BRAM, DSP, LUT, FF |   Status    | Valid |
[ 247m]    INFO Search: +===============+=========+==========+====================+=============+=======+
[ 247m]    INFO Search: | __TILE__L1-15 | -inf    | 0.00e+00 | 0.0, 0.0, 0.0, 0.0 | UNAVAILABLE | False |
[ 247m]    INFO Search: +---------------+---------+----------+--------------------+-------------+-------+
[ 247m]    INFO Search: -> No quality, abandon
[ 247m]    INFO Search: +---------------+---------+----------+--------------------+-------------+-------+
[ 247m]    INFO Search: |      Tag      | Quality |  Perf.   | BRAM, DSP, LUT, FF |   Status    | Valid |
[ 247m]    INFO Search: +===============+=========+==========+====================+=============+=======+
[ 247m]    INFO Search: | __TILE__L1-18 | -inf    | 0.00e+00 | 0.0, 0.0, 0.0, 0.0 | UNAVAILABLE | False |
[ 247m]    INFO Search: +---------------+---------+----------+--------------------+-------------+-------+
[ 247m]    INFO Search: -> No quality, abandon
[ 247m]    INFO Search: +---------------+---------+----------+--------------------+-------------+-------+
[ 247m]    INFO Search: |      Tag      | Quality |  Perf.   | BRAM, DSP, LUT, FF |   Status    | Valid |
[ 247m]    INFO Search: +===============+=========+==========+====================+=============+=======+
[ 247m]    INFO Search: | __TILE__L1-20 | -inf    | 0.00e+00 | 0.0, 0.0, 0.0, 0.0 | UNAVAILABLE | False |
[ 247m]    INFO Search: +---------------+---------+----------+--------------------+-------------+-------+
[ 247m]    INFO Search: -> No quality, abandon
[ 247m]    INFO Search: +---------------+---------+----------+--------------------+-------------+-------+
[ 247m]    INFO Search: |      Tag      | Quality |  Perf.   | BRAM, DSP, LUT, FF |   Status    | Valid |
[ 247m]    INFO Search: +===============+=========+==========+====================+=============+=======+
[ 247m]    INFO Search: | __TILE__L1-30 | -inf    | 0.00e+00 | 0.0, 0.0, 0.0, 0.0 | UNAVAILABLE | False |
[ 247m]    INFO Search: +---------------+---------+----------+--------------------+-------------+-------+
[ 247m]    INFO Search: -> No quality, abandon
[ 247m]    INFO Search: +---------------+---------+----------+--------------------+-------------+-------+
[ 247m]    INFO Search: |      Tag      | Quality |  Perf.   | BRAM, DSP, LUT, FF |   Status    | Valid |
[ 247m]    INFO Search: +===============+=========+==========+====================+=============+=======+
[ 247m]    INFO Search: | __TILE__L1-36 | -inf    | 0.00e+00 | 0.0, 0.0, 0.0, 0.0 | UNAVAILABLE | False |
[ 247m]    INFO Search: +---------------+---------+----------+--------------------+-------------+-------+
[ 247m]    INFO Search: -> No quality, abandon
[ 247m]    INFO Search: +---------------+---------+----------+--------------------+-------------+-------+
[ 247m]    INFO Search: |      Tag      | Quality |  Perf.   | BRAM, DSP, LUT, FF |   Status    | Valid |
[ 247m]    INFO Search: +===============+=========+==========+====================+=============+=======+
[ 247m]    INFO Search: | __TILE__L1-45 | -inf    | 0.00e+00 | 0.0, 0.0, 0.0, 0.0 | UNAVAILABLE | False |
[ 247m]    INFO Search: +---------------+---------+----------+--------------------+-------------+-------+
[ 247m]    INFO Search: -> No quality, abandon
[ 247m]    INFO Search: +---------------+---------+----------+--------------------+-------------+-------+
[ 247m]    INFO Search: |      Tag      | Quality |  Perf.   | BRAM, DSP, LUT, FF |   Status    | Valid |
[ 247m]    INFO Search: +===============+=========+==========+====================+=============+=======+
[ 247m]    INFO Search: | __TILE__L1-60 | -inf    | 0.00e+00 | 0.0, 0.0, 0.0, 0.0 | UNAVAILABLE | False |
[ 247m]    INFO Search: +---------------+---------+----------+--------------------+-------------+-------+
[ 247m]    INFO Search: -> No quality, abandon
[ 247m]    INFO Search: +---------------+---------+----------+--------------------+-------------+-------+
[ 247m]    INFO Search: |      Tag      | Quality |  Perf.   | BRAM, DSP, LUT, FF |   Status    | Valid |
[ 247m]    INFO Search: +===============+=========+==========+====================+=============+=======+
[ 247m]    INFO Search: | __TILE__L1-90 | -inf    | 0.00e+00 | 0.0, 0.0, 0.0, 0.0 | UNAVAILABLE | False |
[ 247m]    INFO Search: +---------------+---------+----------+--------------------+-------------+-------+
[ 247m]    INFO Search: -> No quality, abandon
[ 247m]    INFO Search: +----------------+---------+----------+--------------------+-------------+-------+
[ 247m]    INFO Search: |      Tag       | Quality |  Perf.   | BRAM, DSP, LUT, FF |   Status    | Valid |
[ 247m]    INFO Search: +================+=========+==========+====================+=============+=======+
[ 247m]    INFO Search: | __TILE__L1-180 | -inf    | 0.00e+00 | 0.0, 0.0, 0.0, 0.0 | UNAVAILABLE | False |
[ 247m]    INFO Search: +----------------+---------+----------+--------------------+-------------+-------+
[ 247m]    INFO Search: -> No quality, abandon
[ 247m]    INFO Search: Run out of batches of parameter __TILE__L1
[ 247m]    INFO Search: === ITERATION 5 ===
[ 247m]    INFO Search: Tree Level 0
[ 247m]    INFO Search: Working Node:
[ 247m]    INFO Search: +---------+------------------------------------------------------------------------------------------------------------+
[ 247m]    INFO Search: | Point   | __PARA__L0-1.__PARA__L1-1.__PARA__L2-1.__PARA__L3-1.__PARA__L4-1.__PARA__L5-1.__PIPE__L0-off.__PIPE__L1-   |
[ 247m]    INFO Search: |         | flatten.__PIPE__L2-off.__PIPE__L3-off.__TILE__L0-1.__TILE__L1-1.__TILE__L2-1.__TILE__L3-1                  |
[ 247m]    INFO Search: +---------+------------------------------------------------------------------------------------------------------------+
[ 247m]    INFO Search: | Quality | 0.00e+00                                                                                                   |
[ 247m]    INFO Search: +---------+------------------------------------------------------------------------------------------------------------+
[ 247m]    INFO Search: | Perf.   | 0.00e+00                                                                                                   |
[ 247m]    INFO Search: +---------+------------------------------------------------------------------------------------------------------------+
[ 247m]    INFO Search: | Child   | ('__PARA__L0', '15,2')<-('__PARA__L1', '15,2')<-('__PARA__L2', '6,1')<-('__PARA__L3', '')<-('__PARA__L4',  |
[ 247m]    INFO Search: |         | '14,1')<-('__PARA__L5', '')<-('__PIPE__L0', '1')<-('__PIPE__L1', '')<-('__PIPE__L2',                       |
[ 247m]    INFO Search: |         | '1,1')<-('__PIPE__L3', '')<-('__TILE__L0', '17')                                                           |
[ 247m]    INFO Search: +---------+------------------------------------------------------------------------------------------------------------+
[ 247m]    INFO Search: | Tuned   |                                                                                                            |
[ 247m]    INFO Search: +---------+------------------------------------------------------------------------------------------------------------+
[ 247m]    INFO Search: Working batch: __TILE__L0
[ 247m]    INFO Search: Evaluating 17 poitns
[ 277m]    INFO Search: Received results from evaluator
[ 277m]    INFO Search: Results
[ 277m]    INFO Search: +--------------+---------+----------+--------------------+--------------+-------+
[ 277m]    INFO Search: |     Tag      | Quality |  Perf.   | BRAM, DSP, LUT, FF |    Status    | Valid |
[ 277m]    INFO Search: +==============+=========+==========+====================+==============+=======+
[ 277m]    INFO Search: | __TILE__L0-2 | -inf    | 0.00e+00 | 0.0, 0.0, 0.0, 0.0 | EARLY_REJECT | False |
[ 277m]    INFO Search: +--------------+---------+----------+--------------------+--------------+-------+
[ 277m]    INFO Search: -> No quality, abandon
[ 277m]    INFO Search: +--------------+---------+----------+--------------------+--------------+-------+
[ 277m]    INFO Search: |     Tag      | Quality |  Perf.   | BRAM, DSP, LUT, FF |    Status    | Valid |
[ 277m]    INFO Search: +==============+=========+==========+====================+==============+=======+
[ 277m]    INFO Search: | __TILE__L0-3 | -inf    | 0.00e+00 | 0.0, 0.0, 0.0, 0.0 | EARLY_REJECT | False |
[ 277m]    INFO Search: +--------------+---------+----------+--------------------+--------------+-------+
[ 277m]    INFO Search: -> No quality, abandon
[ 277m]    INFO Search: +--------------+---------+----------+--------------------+--------------+-------+
[ 277m]    INFO Search: |     Tag      | Quality |  Perf.   | BRAM, DSP, LUT, FF |    Status    | Valid |
[ 277m]    INFO Search: +==============+=========+==========+====================+==============+=======+
[ 277m]    INFO Search: | __TILE__L0-4 | -inf    | 0.00e+00 | 0.0, 0.0, 0.0, 0.0 | EARLY_REJECT | False |
[ 277m]    INFO Search: +--------------+---------+----------+--------------------+--------------+-------+
[ 277m]    INFO Search: -> No quality, abandon
[ 277m]    INFO Search: +--------------+---------+----------+--------------------+--------------+-------+
[ 277m]    INFO Search: |     Tag      | Quality |  Perf.   | BRAM, DSP, LUT, FF |    Status    | Valid |
[ 277m]    INFO Search: +==============+=========+==========+====================+==============+=======+
[ 277m]    INFO Search: | __TILE__L0-5 | -inf    | 0.00e+00 | 0.0, 0.0, 0.0, 0.0 | EARLY_REJECT | False |
[ 277m]    INFO Search: +--------------+---------+----------+--------------------+--------------+-------+
[ 277m]    INFO Search: -> No quality, abandon
[ 277m]    INFO Search: +--------------+---------+----------+--------------------+--------------+-------+
[ 277m]    INFO Search: |     Tag      | Quality |  Perf.   | BRAM, DSP, LUT, FF |    Status    | Valid |
[ 277m]    INFO Search: +==============+=========+==========+====================+==============+=======+
[ 277m]    INFO Search: | __TILE__L0-6 | -inf    | 0.00e+00 | 0.0, 0.0, 0.0, 0.0 | EARLY_REJECT | False |
[ 277m]    INFO Search: +--------------+---------+----------+--------------------+--------------+-------+
[ 277m]    INFO Search: -> No quality, abandon
[ 277m]    INFO Search: +--------------+---------+----------+--------------------+--------------+-------+
[ 277m]    INFO Search: |     Tag      | Quality |  Perf.   | BRAM, DSP, LUT, FF |    Status    | Valid |
[ 277m]    INFO Search: +==============+=========+==========+====================+==============+=======+
[ 277m]    INFO Search: | __TILE__L0-9 | -inf    | 0.00e+00 | 0.0, 0.0, 0.0, 0.0 | EARLY_REJECT | False |
[ 277m]    INFO Search: +--------------+---------+----------+--------------------+--------------+-------+
[ 277m]    INFO Search: -> No quality, abandon
[ 277m]    INFO Search: +---------------+---------+----------+--------------------+--------------+-------+
[ 277m]    INFO Search: |      Tag      | Quality |  Perf.   | BRAM, DSP, LUT, FF |    Status    | Valid |
[ 277m]    INFO Search: +===============+=========+==========+====================+==============+=======+
[ 277m]    INFO Search: | __TILE__L0-10 | -inf    | 0.00e+00 | 0.0, 0.0, 0.0, 0.0 | EARLY_REJECT | False |
[ 277m]    INFO Search: +---------------+---------+----------+--------------------+--------------+-------+
[ 277m]    INFO Search: -> No quality, abandon
[ 277m]    INFO Search: +---------------+---------+----------+--------------------+--------------+-------+
[ 277m]    INFO Search: |      Tag      | Quality |  Perf.   | BRAM, DSP, LUT, FF |    Status    | Valid |
[ 277m]    INFO Search: +===============+=========+==========+====================+==============+=======+
[ 277m]    INFO Search: | __TILE__L0-12 | -inf    | 0.00e+00 | 0.0, 0.0, 0.0, 0.0 | EARLY_REJECT | False |
[ 277m]    INFO Search: +---------------+---------+----------+--------------------+--------------+-------+
[ 277m]    INFO Search: -> No quality, abandon
[ 277m]    INFO Search: +---------------+---------+----------+--------------------+--------------+-------+
[ 277m]    INFO Search: |      Tag      | Quality |  Perf.   | BRAM, DSP, LUT, FF |    Status    | Valid |
[ 277m]    INFO Search: +===============+=========+==========+====================+==============+=======+
[ 277m]    INFO Search: | __TILE__L0-15 | -inf    | 0.00e+00 | 0.0, 0.0, 0.0, 0.0 | EARLY_REJECT | False |
[ 277m]    INFO Search: +---------------+---------+----------+--------------------+--------------+-------+
[ 277m]    INFO Search: -> No quality, abandon
[ 277m]    INFO Search: +---------------+---------+----------+--------------------+--------------+-------+
[ 277m]    INFO Search: |      Tag      | Quality |  Perf.   | BRAM, DSP, LUT, FF |    Status    | Valid |
[ 277m]    INFO Search: +===============+=========+==========+====================+==============+=======+
[ 277m]    INFO Search: | __TILE__L0-18 | -inf    | 0.00e+00 | 0.0, 0.0, 0.0, 0.0 | EARLY_REJECT | False |
[ 277m]    INFO Search: +---------------+---------+----------+--------------------+--------------+-------+
[ 277m]    INFO Search: -> No quality, abandon
[ 277m]    INFO Search: +---------------+---------+----------+--------------------+--------------+-------+
[ 277m]    INFO Search: |      Tag      | Quality |  Perf.   | BRAM, DSP, LUT, FF |    Status    | Valid |
[ 277m]    INFO Search: +===============+=========+==========+====================+==============+=======+
[ 277m]    INFO Search: | __TILE__L0-20 | -inf    | 0.00e+00 | 0.0, 0.0, 0.0, 0.0 | EARLY_REJECT | False |
[ 277m]    INFO Search: +---------------+---------+----------+--------------------+--------------+-------+
[ 277m]    INFO Search: -> No quality, abandon
[ 277m]    INFO Search: +---------------+---------+----------+--------------------+--------------+-------+
[ 277m]    INFO Search: |      Tag      | Quality |  Perf.   | BRAM, DSP, LUT, FF |    Status    | Valid |
[ 277m]    INFO Search: +===============+=========+==========+====================+==============+=======+
[ 277m]    INFO Search: | __TILE__L0-30 | -inf    | 0.00e+00 | 0.0, 0.0, 0.0, 0.0 | EARLY_REJECT | False |
[ 277m]    INFO Search: +---------------+---------+----------+--------------------+--------------+-------+
[ 277m]    INFO Search: -> No quality, abandon
[ 277m]    INFO Search: +---------------+---------+----------+--------------------+--------------+-------+
[ 277m]    INFO Search: |      Tag      | Quality |  Perf.   | BRAM, DSP, LUT, FF |    Status    | Valid |
[ 277m]    INFO Search: +===============+=========+==========+====================+==============+=======+
[ 277m]    INFO Search: | __TILE__L0-36 | -inf    | 0.00e+00 | 0.0, 0.0, 0.0, 0.0 | EARLY_REJECT | False |
[ 277m]    INFO Search: +---------------+---------+----------+--------------------+--------------+-------+
[ 277m]    INFO Search: -> No quality, abandon
[ 277m]    INFO Search: +---------------+---------+----------+--------------------+--------------+-------+
[ 277m]    INFO Search: |      Tag      | Quality |  Perf.   | BRAM, DSP, LUT, FF |    Status    | Valid |
[ 277m]    INFO Search: +===============+=========+==========+====================+==============+=======+
[ 277m]    INFO Search: | __TILE__L0-45 | -inf    | 0.00e+00 | 0.0, 0.0, 0.0, 0.0 | EARLY_REJECT | False |
[ 277m]    INFO Search: +---------------+---------+----------+--------------------+--------------+-------+
[ 277m]    INFO Search: -> No quality, abandon
[ 277m]    INFO Search: +---------------+---------+----------+--------------------+--------------+-------+
[ 277m]    INFO Search: |      Tag      | Quality |  Perf.   | BRAM, DSP, LUT, FF |    Status    | Valid |
[ 277m]    INFO Search: +===============+=========+==========+====================+==============+=======+
[ 277m]    INFO Search: | __TILE__L0-60 | -inf    | 0.00e+00 | 0.0, 0.0, 0.0, 0.0 | EARLY_REJECT | False |
[ 277m]    INFO Search: +---------------+---------+----------+--------------------+--------------+-------+
[ 277m]    INFO Search: -> No quality, abandon
[ 277m]    INFO Search: +---------------+---------+----------+--------------------+--------------+-------+
[ 277m]    INFO Search: |      Tag      | Quality |  Perf.   | BRAM, DSP, LUT, FF |    Status    | Valid |
[ 277m]    INFO Search: +===============+=========+==========+====================+==============+=======+
[ 277m]    INFO Search: | __TILE__L0-90 | -inf    | 0.00e+00 | 0.0, 0.0, 0.0, 0.0 | EARLY_REJECT | False |
[ 277m]    INFO Search: +---------------+---------+----------+--------------------+--------------+-------+
[ 277m]    INFO Search: -> No quality, abandon
[ 277m]    INFO Search: +----------------+---------+----------+--------------------+-------------+-------+
[ 277m]    INFO Search: |      Tag       | Quality |  Perf.   | BRAM, DSP, LUT, FF |   Status    | Valid |
[ 277m]    INFO Search: +================+=========+==========+====================+=============+=======+
[ 277m]    INFO Search: | __TILE__L0-180 | -inf    | 0.00e+00 | 0.0, 0.0, 0.0, 0.0 | UNAVAILABLE | False |
[ 277m]    INFO Search: +----------------+---------+----------+--------------------+-------------+-------+
[ 277m]    INFO Search: -> No quality, abandon
[ 277m]    INFO Search: Run out of batches of parameter __TILE__L0
[ 277m]    INFO Search: === ITERATION 6 ===
[ 277m]    INFO Search: Tree Level 0
[ 277m]    INFO Search: Working Node:
[ 277m]    INFO Search: +---------+------------------------------------------------------------------------------------------------------------+
[ 277m]    INFO Search: | Point   | __PARA__L0-1.__PARA__L1-1.__PARA__L2-1.__PARA__L3-1.__PARA__L4-1.__PARA__L5-1.__PIPE__L0-off.__PIPE__L1-   |
[ 277m]    INFO Search: |         | flatten.__PIPE__L2-off.__PIPE__L3-off.__TILE__L0-1.__TILE__L1-1.__TILE__L2-1.__TILE__L3-1                  |
[ 277m]    INFO Search: +---------+------------------------------------------------------------------------------------------------------------+
[ 277m]    INFO Search: | Quality | 0.00e+00                                                                                                   |
[ 277m]    INFO Search: +---------+------------------------------------------------------------------------------------------------------------+
[ 277m]    INFO Search: | Perf.   | 0.00e+00                                                                                                   |
[ 277m]    INFO Search: +---------+------------------------------------------------------------------------------------------------------------+
[ 277m]    INFO Search: | Child   | ('__PARA__L0', '15,2')<-('__PARA__L1', '15,2')<-('__PARA__L2', '6,1')<-('__PARA__L3', '')<-('__PARA__L4',  |
[ 277m]    INFO Search: |         | '14,1')<-('__PARA__L5', '')<-('__PIPE__L0', '1')<-('__PIPE__L1', '')<-('__PIPE__L2',                       |
[ 277m]    INFO Search: |         | '1,1')<-('__PIPE__L3', '')                                                                                 |
[ 277m]    INFO Search: +---------+------------------------------------------------------------------------------------------------------------+
[ 277m]    INFO Search: | Tuned   |                                                                                                            |
[ 277m]    INFO Search: +---------+------------------------------------------------------------------------------------------------------------+
[ 277m]    INFO Search: No batch to be worked
[ 277m]    INFO Search: Run out of batches of parameter __PIPE__L3
[ 277m]    INFO Search: === ITERATION 7 ===
[ 277m]    INFO Search: Tree Level 0
[ 277m]    INFO Search: Working Node:
[ 277m]    INFO Search: +---------+------------------------------------------------------------------------------------------------------------+
[ 277m]    INFO Search: | Point   | __PARA__L0-1.__PARA__L1-1.__PARA__L2-1.__PARA__L3-1.__PARA__L4-1.__PARA__L5-1.__PIPE__L0-off.__PIPE__L1-   |
[ 277m]    INFO Search: |         | flatten.__PIPE__L2-off.__PIPE__L3-off.__TILE__L0-1.__TILE__L1-1.__TILE__L2-1.__TILE__L3-1                  |
[ 277m]    INFO Search: +---------+------------------------------------------------------------------------------------------------------------+
[ 277m]    INFO Search: | Quality | 0.00e+00                                                                                                   |
[ 277m]    INFO Search: +---------+------------------------------------------------------------------------------------------------------------+
[ 277m]    INFO Search: | Perf.   | 0.00e+00                                                                                                   |
[ 277m]    INFO Search: +---------+------------------------------------------------------------------------------------------------------------+
[ 277m]    INFO Search: | Child   | ('__PARA__L0', '15,2')<-('__PARA__L1', '15,2')<-('__PARA__L2', '6,1')<-('__PARA__L3', '')<-('__PARA__L4',  |
[ 277m]    INFO Search: |         | '14,1')<-('__PARA__L5', '')<-('__PIPE__L0', '1')<-('__PIPE__L1', '')<-('__PIPE__L2', '1,1')                |
[ 277m]    INFO Search: +---------+------------------------------------------------------------------------------------------------------------+
[ 277m]    INFO Search: | Tuned   |                                                                                                            |
[ 277m]    INFO Search: +---------+------------------------------------------------------------------------------------------------------------+
[ 277m]    INFO Search: Working batch: __PIPE__L2
[ 277m]    INFO Search: Evaluating 1 poitns
[ 278m]    INFO Search: Received results from evaluator
[ 278m]    INFO Search: Results
[ 278m]    INFO Search: +-------------+---------+----------+--------------------+--------------+-------+
[ 278m]    INFO Search: |     Tag     | Quality |  Perf.   | BRAM, DSP, LUT, FF |    Status    | Valid |
[ 278m]    INFO Search: +=============+=========+==========+====================+==============+=======+
[ 278m]    INFO Search: | __PIPE__L2- | -inf    | 0.00e+00 | 0.0, 0.0, 0.0, 0.0 | EARLY_REJECT | False |
[ 278m]    INFO Search: +-------------+---------+----------+--------------------+--------------+-------+
[ 278m]    INFO Search: -> No quality, abandon
[ 278m]    INFO Search: === ITERATION 8 ===
[ 278m]    INFO Search: Tree Level 0
[ 278m]    INFO Search: Working Node:
[ 278m]    INFO Search: +---------+------------------------------------------------------------------------------------------------------------+
[ 278m]    INFO Search: | Point   | __PARA__L0-1.__PARA__L1-1.__PARA__L2-1.__PARA__L3-1.__PARA__L4-1.__PARA__L5-1.__PIPE__L0-off.__PIPE__L1-   |
[ 278m]    INFO Search: |         | flatten.__PIPE__L2-off.__PIPE__L3-off.__TILE__L0-1.__TILE__L1-1.__TILE__L2-1.__TILE__L3-1                  |
[ 278m]    INFO Search: +---------+------------------------------------------------------------------------------------------------------------+
[ 278m]    INFO Search: | Quality | 0.00e+00                                                                                                   |
[ 278m]    INFO Search: +---------+------------------------------------------------------------------------------------------------------------+
[ 278m]    INFO Search: | Perf.   | 0.00e+00                                                                                                   |
[ 278m]    INFO Search: +---------+------------------------------------------------------------------------------------------------------------+
[ 278m]    INFO Search: | Child   | ('__PARA__L0', '15,2')<-('__PARA__L1', '15,2')<-('__PARA__L2', '6,1')<-('__PARA__L3', '')<-('__PARA__L4',  |
[ 278m]    INFO Search: |         | '14,1')<-('__PARA__L5', '')<-('__PIPE__L0', '1')<-('__PIPE__L1', '')<-('__PIPE__L2', '1')                  |
[ 278m]    INFO Search: +---------+------------------------------------------------------------------------------------------------------------+
[ 278m]    INFO Search: | Tuned   |                                                                                                            |
[ 278m]    INFO Search: +---------+------------------------------------------------------------------------------------------------------------+
[ 278m]    INFO Search: Working batch: __PIPE__L2
[ 278m]    INFO Search: Evaluating 1 poitns
[ 278m]    INFO Search: Received results from evaluator
[ 278m]    INFO Search: Results
[ 278m]    INFO Search: +--------------------+---------+----------+--------------------+-------------+-------+
[ 278m]    INFO Search: |        Tag         | Quality |  Perf.   | BRAM, DSP, LUT, FF |   Status    | Valid |
[ 278m]    INFO Search: +====================+=========+==========+====================+=============+=======+
[ 278m]    INFO Search: | __PIPE__L2-flatten | -inf    | 0.00e+00 | 0.0, 0.0, 0.0, 0.0 | UNAVAILABLE | False |
[ 278m]    INFO Search: +--------------------+---------+----------+--------------------+-------------+-------+
[ 278m]    INFO Search: -> No quality, abandon
[ 278m]    INFO Search: Run out of batches of parameter __PIPE__L2
[ 278m]    INFO Search: === ITERATION 9 ===
[ 278m]    INFO Search: Tree Level 0
[ 278m]    INFO Search: Working Node:
[ 278m]    INFO Search: +---------+------------------------------------------------------------------------------------------------------------+
[ 278m]    INFO Search: | Point   | __PARA__L0-1.__PARA__L1-1.__PARA__L2-1.__PARA__L3-1.__PARA__L4-1.__PARA__L5-1.__PIPE__L0-off.__PIPE__L1-   |
[ 278m]    INFO Search: |         | flatten.__PIPE__L2-off.__PIPE__L3-off.__TILE__L0-1.__TILE__L1-1.__TILE__L2-1.__TILE__L3-1                  |
[ 278m]    INFO Search: +---------+------------------------------------------------------------------------------------------------------------+
[ 278m]    INFO Search: | Quality | 0.00e+00                                                                                                   |
[ 278m]    INFO Search: +---------+------------------------------------------------------------------------------------------------------------+
[ 278m]    INFO Search: | Perf.   | 0.00e+00                                                                                                   |
[ 278m]    INFO Search: +---------+------------------------------------------------------------------------------------------------------------+
[ 278m]    INFO Search: | Child   | ('__PARA__L0', '15,2')<-('__PARA__L1', '15,2')<-('__PARA__L2', '6,1')<-('__PARA__L3', '')<-('__PARA__L4',  |
[ 278m]    INFO Search: |         | '14,1')<-('__PARA__L5', '')<-('__PIPE__L0', '1')<-('__PIPE__L1', '')                                       |
[ 278m]    INFO Search: +---------+------------------------------------------------------------------------------------------------------------+
[ 278m]    INFO Search: | Tuned   |                                                                                                            |
[ 278m]    INFO Search: +---------+------------------------------------------------------------------------------------------------------------+
[ 278m]    INFO Search: No batch to be worked
[ 278m]    INFO Search: Run out of batches of parameter __PIPE__L1
[ 278m]    INFO Search: === ITERATION 10 ===
[ 278m]    INFO Search: Tree Level 0
[ 278m]    INFO Search: Working Node:
[ 278m]    INFO Search: +---------+------------------------------------------------------------------------------------------------------------+
[ 278m]    INFO Search: | Point   | __PARA__L0-1.__PARA__L1-1.__PARA__L2-1.__PARA__L3-1.__PARA__L4-1.__PARA__L5-1.__PIPE__L0-off.__PIPE__L1-   |
[ 278m]    INFO Search: |         | flatten.__PIPE__L2-off.__PIPE__L3-off.__TILE__L0-1.__TILE__L1-1.__TILE__L2-1.__TILE__L3-1                  |
[ 278m]    INFO Search: +---------+------------------------------------------------------------------------------------------------------------+
[ 278m]    INFO Search: | Quality | 0.00e+00                                                                                                   |
[ 278m]    INFO Search: +---------+------------------------------------------------------------------------------------------------------------+
[ 278m]    INFO Search: | Perf.   | 0.00e+00                                                                                                   |
[ 278m]    INFO Search: +---------+------------------------------------------------------------------------------------------------------------+
[ 278m]    INFO Search: | Child   | ('__PARA__L0', '15,2')<-('__PARA__L1', '15,2')<-('__PARA__L2', '6,1')<-('__PARA__L3', '')<-('__PARA__L4',  |
[ 278m]    INFO Search: |         | '14,1')<-('__PARA__L5', '')<-('__PIPE__L0', '1')                                                           |
[ 278m]    INFO Search: +---------+------------------------------------------------------------------------------------------------------------+
[ 278m]    INFO Search: | Tuned   |                                                                                                            |
[ 278m]    INFO Search: +---------+------------------------------------------------------------------------------------------------------------+
[ 278m]    INFO Search: Working batch: __PIPE__L0
[ 278m]    INFO Search: Evaluating 1 poitns
[ 280m]    INFO Search: Received results from evaluator
[ 280m]    INFO Search: Results
[ 280m]    INFO Search: +-------------+---------+----------+--------------------+--------------+-------+
[ 280m]    INFO Search: |     Tag     | Quality |  Perf.   | BRAM, DSP, LUT, FF |    Status    | Valid |
[ 280m]    INFO Search: +=============+=========+==========+====================+==============+=======+
[ 280m]    INFO Search: | __PIPE__L0- | -inf    | 0.00e+00 | 0.0, 0.0, 0.0, 0.0 | EARLY_REJECT | False |
[ 280m]    INFO Search: +-------------+---------+----------+--------------------+--------------+-------+
[ 280m]    INFO Search: -> No quality, abandon
[ 280m]    INFO Search: Run out of batches of parameter __PIPE__L0
[ 280m]    INFO Search: === ITERATION 11 ===
[ 280m]    INFO Search: Tree Level 0
[ 280m]    INFO Search: Working Node:
[ 280m]    INFO Search: +---------+------------------------------------------------------------------------------------------------------------+
[ 280m]    INFO Search: | Point   | __PARA__L0-1.__PARA__L1-1.__PARA__L2-1.__PARA__L3-1.__PARA__L4-1.__PARA__L5-1.__PIPE__L0-off.__PIPE__L1-   |
[ 280m]    INFO Search: |         | flatten.__PIPE__L2-off.__PIPE__L3-off.__TILE__L0-1.__TILE__L1-1.__TILE__L2-1.__TILE__L3-1                  |
[ 280m]    INFO Search: +---------+------------------------------------------------------------------------------------------------------------+
[ 280m]    INFO Search: | Quality | 0.00e+00                                                                                                   |
[ 280m]    INFO Search: +---------+------------------------------------------------------------------------------------------------------------+
[ 280m]    INFO Search: | Perf.   | 0.00e+00                                                                                                   |
[ 280m]    INFO Search: +---------+------------------------------------------------------------------------------------------------------------+
[ 280m]    INFO Search: | Child   | ('__PARA__L0', '15,2')<-('__PARA__L1', '15,2')<-('__PARA__L2', '6,1')<-('__PARA__L3', '')<-('__PARA__L4',  |
[ 280m]    INFO Search: |         | '14,1')<-('__PARA__L5', '')                                                                                |
[ 280m]    INFO Search: +---------+------------------------------------------------------------------------------------------------------------+
[ 280m]    INFO Search: | Tuned   |                                                                                                            |
[ 280m]    INFO Search: +---------+------------------------------------------------------------------------------------------------------------+
[ 280m]    INFO Search: No batch to be worked
[ 280m]    INFO Search: Run out of batches of parameter __PARA__L5
[ 280m]    INFO Search: === ITERATION 12 ===
[ 280m]    INFO Search: Tree Level 0
[ 280m]    INFO Search: Working Node:
[ 280m]    INFO Search: +---------+------------------------------------------------------------------------------------------------------------+
[ 280m]    INFO Search: | Point   | __PARA__L0-1.__PARA__L1-1.__PARA__L2-1.__PARA__L3-1.__PARA__L4-1.__PARA__L5-1.__PIPE__L0-off.__PIPE__L1-   |
[ 280m]    INFO Search: |         | flatten.__PIPE__L2-off.__PIPE__L3-off.__TILE__L0-1.__TILE__L1-1.__TILE__L2-1.__TILE__L3-1                  |
[ 280m]    INFO Search: +---------+------------------------------------------------------------------------------------------------------------+
[ 280m]    INFO Search: | Quality | 0.00e+00                                                                                                   |
[ 280m]    INFO Search: +---------+------------------------------------------------------------------------------------------------------------+
[ 280m]    INFO Search: | Perf.   | 0.00e+00                                                                                                   |
[ 280m]    INFO Search: +---------+------------------------------------------------------------------------------------------------------------+
[ 280m]    INFO Search: | Child   | ('__PARA__L0', '15,2')<-('__PARA__L1', '15,2')<-('__PARA__L2', '6,1')<-('__PARA__L3', '')<-('__PARA__L4',  |
[ 280m]    INFO Search: |         | '14,1')                                                                                                    |
[ 280m]    INFO Search: +---------+------------------------------------------------------------------------------------------------------------+
[ 280m]    INFO Search: | Tuned   |                                                                                                            |
[ 280m]    INFO Search: +---------+------------------------------------------------------------------------------------------------------------+
[ 280m]    INFO Search: Working batch: __PARA__L4
[ 280m]    INFO Search: Evaluating 1 poitns
[ 297m]    INFO Search: Received results from evaluator
[ 297m]    INFO Search: Results
[ 297m]    INFO Search: +--------------+---------+----------+--------------------+-------------+-------+
[ 297m]    INFO Search: |     Tag      | Quality |  Perf.   | BRAM, DSP, LUT, FF |   Status    | Valid |
[ 297m]    INFO Search: +==============+=========+==========+====================+=============+=======+
[ 297m]    INFO Search: | __PARA__L4-2 | -inf    | 0.00e+00 | 0.0, 0.0, 0.0, 0.0 | UNAVAILABLE | False |
[ 297m]    INFO Search: +--------------+---------+----------+--------------------+-------------+-------+
[ 297m]    INFO Search: -> No quality, abandon
[ 297m]    INFO Search: === ITERATION 13 ===
[ 297m]    INFO Search: Tree Level 0
[ 297m]    INFO Search: Working Node:
[ 297m]    INFO Search: +---------+------------------------------------------------------------------------------------------------------------+
[ 297m]    INFO Search: | Point   | __PARA__L0-1.__PARA__L1-1.__PARA__L2-1.__PARA__L3-1.__PARA__L4-1.__PARA__L5-1.__PIPE__L0-off.__PIPE__L1-   |
[ 297m]    INFO Search: |         | flatten.__PIPE__L2-off.__PIPE__L3-off.__TILE__L0-1.__TILE__L1-1.__TILE__L2-1.__TILE__L3-1                  |
[ 297m]    INFO Search: +---------+------------------------------------------------------------------------------------------------------------+
[ 297m]    INFO Search: | Quality | 0.00e+00                                                                                                   |
[ 297m]    INFO Search: +---------+------------------------------------------------------------------------------------------------------------+
[ 297m]    INFO Search: | Perf.   | 0.00e+00                                                                                                   |
[ 297m]    INFO Search: +---------+------------------------------------------------------------------------------------------------------------+
[ 297m]    INFO Search: | Child   | ('__PARA__L0', '15,2')<-('__PARA__L1', '15,2')<-('__PARA__L2', '6,1')<-('__PARA__L3', '')<-('__PARA__L4',  |
[ 297m]    INFO Search: |         | '14')                                                                                                      |
[ 297m]    INFO Search: +---------+------------------------------------------------------------------------------------------------------------+
[ 297m]    INFO Search: | Tuned   |                                                                                                            |
[ 297m]    INFO Search: +---------+------------------------------------------------------------------------------------------------------------+
[ 297m]    INFO Search: Working batch: __PARA__L4
[ 297m]    INFO Search: Evaluating 14 poitns
[ 430m]    INFO Search: Received results from evaluator
[ 430m]    INFO Search: Results
[ 430m]    INFO Search: +--------------+---------+----------+--------------------+-------------+-------+
[ 430m]    INFO Search: |     Tag      | Quality |  Perf.   | BRAM, DSP, LUT, FF |   Status    | Valid |
[ 430m]    INFO Search: +==============+=========+==========+====================+=============+=======+
[ 430m]    INFO Search: | __PARA__L4-3 | -inf    | 0.00e+00 | 0.0, 0.0, 0.0, 0.0 | UNAVAILABLE | False |
[ 430m]    INFO Search: +--------------+---------+----------+--------------------+-------------+-------+
[ 430m]    INFO Search: -> No quality, abandon
[ 430m]    INFO Search: +--------------+---------+----------+--------------------+-------------+-------+
[ 430m]    INFO Search: |     Tag      | Quality |  Perf.   | BRAM, DSP, LUT, FF |   Status    | Valid |
[ 430m]    INFO Search: +==============+=========+==========+====================+=============+=======+
[ 430m]    INFO Search: | __PARA__L4-5 | -inf    | 0.00e+00 | 0.0, 0.0, 0.0, 0.0 | UNAVAILABLE | False |
[ 430m]    INFO Search: +--------------+---------+----------+--------------------+-------------+-------+
[ 430m]    INFO Search: -> No quality, abandon
[ 430m]    INFO Search: +--------------+---------+----------+--------------------+-------------+-------+
[ 430m]    INFO Search: |     Tag      | Quality |  Perf.   | BRAM, DSP, LUT, FF |   Status    | Valid |
[ 430m]    INFO Search: +==============+=========+==========+====================+=============+=======+
[ 430m]    INFO Search: | __PARA__L4-6 | -inf    | 0.00e+00 | 0.0, 0.0, 0.0, 0.0 | UNAVAILABLE | False |
[ 430m]    INFO Search: +--------------+---------+----------+--------------------+-------------+-------+
[ 430m]    INFO Search: -> No quality, abandon
[ 430m]    INFO Search: +--------------+---------+----------+--------------------+-------------+-------+
[ 430m]    INFO Search: |     Tag      | Quality |  Perf.   | BRAM, DSP, LUT, FF |   Status    | Valid |
[ 430m]    INFO Search: +==============+=========+==========+====================+=============+=======+
[ 430m]    INFO Search: | __PARA__L4-7 | -inf    | 0.00e+00 | 0.0, 0.0, 0.0, 0.0 | UNAVAILABLE | False |
[ 430m]    INFO Search: +--------------+---------+----------+--------------------+-------------+-------+
[ 430m]    INFO Search: -> No quality, abandon
[ 430m]    INFO Search: +---------------+---------+----------+--------------------+-------------+-------+
[ 430m]    INFO Search: |      Tag      | Quality |  Perf.   | BRAM, DSP, LUT, FF |   Status    | Valid |
[ 430m]    INFO Search: +===============+=========+==========+====================+=============+=======+
[ 430m]    INFO Search: | __PARA__L4-10 | -inf    | 0.00e+00 | 0.0, 0.0, 0.0, 0.0 | UNAVAILABLE | False |
[ 430m]    INFO Search: +---------------+---------+----------+--------------------+-------------+-------+
[ 430m]    INFO Search: -> No quality, abandon
[ 430m]    INFO Search: +---------------+---------+----------+--------------------+-------------+-------+
[ 430m]    INFO Search: |      Tag      | Quality |  Perf.   | BRAM, DSP, LUT, FF |   Status    | Valid |
[ 430m]    INFO Search: +===============+=========+==========+====================+=============+=======+
[ 430m]    INFO Search: | __PARA__L4-14 | -inf    | 0.00e+00 | 0.0, 0.0, 0.0, 0.0 | UNAVAILABLE | False |
[ 430m]    INFO Search: +---------------+---------+----------+--------------------+-------------+-------+
[ 430m]    INFO Search: -> No quality, abandon
[ 430m]    INFO Search: +---------------+---------+----------+--------------------+-------------+-------+
[ 430m]    INFO Search: |      Tag      | Quality |  Perf.   | BRAM, DSP, LUT, FF |   Status    | Valid |
[ 430m]    INFO Search: +===============+=========+==========+====================+=============+=======+
[ 430m]    INFO Search: | __PARA__L4-15 | -inf    | 0.00e+00 | 0.0, 0.0, 0.0, 0.0 | UNAVAILABLE | False |
[ 430m]    INFO Search: +---------------+---------+----------+--------------------+-------------+-------+
[ 430m]    INFO Search: -> No quality, abandon
[ 430m]    INFO Search: +---------------+---------+----------+--------------------+-------------+-------+
[ 430m]    INFO Search: |      Tag      | Quality |  Perf.   | BRAM, DSP, LUT, FF |   Status    | Valid |
[ 430m]    INFO Search: +===============+=========+==========+====================+=============+=======+
[ 430m]    INFO Search: | __PARA__L4-21 | -inf    | 0.00e+00 | 0.0, 0.0, 0.0, 0.0 | UNAVAILABLE | False |
[ 430m]    INFO Search: +---------------+---------+----------+--------------------+-------------+-------+
[ 430m]    INFO Search: -> No quality, abandon
[ 430m]    INFO Search: +---------------+---------+----------+--------------------+-------------+-------+
[ 430m]    INFO Search: |      Tag      | Quality |  Perf.   | BRAM, DSP, LUT, FF |   Status    | Valid |
[ 430m]    INFO Search: +===============+=========+==========+====================+=============+=======+
[ 430m]    INFO Search: | __PARA__L4-30 | -inf    | 0.00e+00 | 0.0, 0.0, 0.0, 0.0 | UNAVAILABLE | False |
[ 430m]    INFO Search: +---------------+---------+----------+--------------------+-------------+-------+
[ 430m]    INFO Search: -> No quality, abandon
[ 430m]    INFO Search: +---------------+---------+----------+--------------------+-------------+-------+
[ 430m]    INFO Search: |      Tag      | Quality |  Perf.   | BRAM, DSP, LUT, FF |   Status    | Valid |
[ 430m]    INFO Search: +===============+=========+==========+====================+=============+=======+
[ 430m]    INFO Search: | __PARA__L4-35 | -inf    | 0.00e+00 | 0.0, 0.0, 0.0, 0.0 | UNAVAILABLE | False |
[ 430m]    INFO Search: +---------------+---------+----------+--------------------+-------------+-------+
[ 430m]    INFO Search: -> No quality, abandon
[ 430m]    INFO Search: +---------------+---------+----------+--------------------+-------------+-------+
[ 430m]    INFO Search: |      Tag      | Quality |  Perf.   | BRAM, DSP, LUT, FF |   Status    | Valid |
[ 430m]    INFO Search: +===============+=========+==========+====================+=============+=======+
[ 430m]    INFO Search: | __PARA__L4-42 | -inf    | 0.00e+00 | 0.0, 0.0, 0.0, 0.0 | UNAVAILABLE | False |
[ 430m]    INFO Search: +---------------+---------+----------+--------------------+-------------+-------+
[ 430m]    INFO Search: -> No quality, abandon
[ 430m]    INFO Search: +---------------+---------+----------+--------------------+-------------+-------+
[ 430m]    INFO Search: |      Tag      | Quality |  Perf.   | BRAM, DSP, LUT, FF |   Status    | Valid |
[ 430m]    INFO Search: +===============+=========+==========+====================+=============+=======+
[ 430m]    INFO Search: | __PARA__L4-70 | -inf    | 0.00e+00 | 0.0, 0.0, 0.0, 0.0 | UNAVAILABLE | False |
[ 430m]    INFO Search: +---------------+---------+----------+--------------------+-------------+-------+
[ 430m]    INFO Search: -> No quality, abandon
[ 430m]    INFO Search: +----------------+---------+----------+--------------------+-------------+-------+
[ 430m]    INFO Search: |      Tag       | Quality |  Perf.   | BRAM, DSP, LUT, FF |   Status    | Valid |
[ 430m]    INFO Search: +================+=========+==========+====================+=============+=======+
[ 430m]    INFO Search: | __PARA__L4-105 | -inf    | 0.00e+00 | 0.0, 0.0, 0.0, 0.0 | UNAVAILABLE | False |
[ 430m]    INFO Search: +----------------+---------+----------+--------------------+-------------+-------+
[ 430m]    INFO Search: -> No quality, abandon
[ 430m]    INFO Search: +----------------+---------+----------+--------------------+-------------+-------+
[ 430m]    INFO Search: |      Tag       | Quality |  Perf.   | BRAM, DSP, LUT, FF |   Status    | Valid |
[ 430m]    INFO Search: +================+=========+==========+====================+=============+=======+
[ 430m]    INFO Search: | __PARA__L4-210 | -inf    | 0.00e+00 | 0.0, 0.0, 0.0, 0.0 | UNAVAILABLE | False |
[ 430m]    INFO Search: +----------------+---------+----------+--------------------+-------------+-------+
[ 430m]    INFO Search: -> No quality, abandon
[ 430m]    INFO Search: Run out of batches of parameter __PARA__L4
[ 430m]    INFO Search: === ITERATION 14 ===
[ 430m]    INFO Search: Tree Level 0
[ 430m]    INFO Search: Working Node:
[ 430m]    INFO Search: +---------+------------------------------------------------------------------------------------------------------------+
[ 430m]    INFO Search: | Point   | __PARA__L0-1.__PARA__L1-1.__PARA__L2-1.__PARA__L3-1.__PARA__L4-1.__PARA__L5-1.__PIPE__L0-off.__PIPE__L1-   |
[ 430m]    INFO Search: |         | flatten.__PIPE__L2-off.__PIPE__L3-off.__TILE__L0-1.__TILE__L1-1.__TILE__L2-1.__TILE__L3-1                  |
[ 430m]    INFO Search: +---------+------------------------------------------------------------------------------------------------------------+
[ 430m]    INFO Search: | Quality | 0.00e+00                                                                                                   |
[ 430m]    INFO Search: +---------+------------------------------------------------------------------------------------------------------------+
[ 430m]    INFO Search: | Perf.   | 0.00e+00                                                                                                   |
[ 430m]    INFO Search: +---------+------------------------------------------------------------------------------------------------------------+
[ 430m]    INFO Search: | Child   | ('__PARA__L0', '15,2')<-('__PARA__L1', '15,2')<-('__PARA__L2', '6,1')<-('__PARA__L3', '')                  |
[ 430m]    INFO Search: +---------+------------------------------------------------------------------------------------------------------------+
[ 430m]    INFO Search: | Tuned   |                                                                                                            |
[ 430m]    INFO Search: +---------+------------------------------------------------------------------------------------------------------------+
[ 430m]    INFO Search: No batch to be worked
[ 430m]    INFO Search: Run out of batches of parameter __PARA__L3
[ 430m]    INFO Search: === ITERATION 15 ===
[ 430m]    INFO Search: Tree Level 0
[ 430m]    INFO Search: Working Node:
[ 430m]    INFO Search: +---------+------------------------------------------------------------------------------------------------------------+
[ 430m]    INFO Search: | Point   | __PARA__L0-1.__PARA__L1-1.__PARA__L2-1.__PARA__L3-1.__PARA__L4-1.__PARA__L5-1.__PIPE__L0-off.__PIPE__L1-   |
[ 430m]    INFO Search: |         | flatten.__PIPE__L2-off.__PIPE__L3-off.__TILE__L0-1.__TILE__L1-1.__TILE__L2-1.__TILE__L3-1                  |
[ 430m]    INFO Search: +---------+------------------------------------------------------------------------------------------------------------+
[ 430m]    INFO Search: | Quality | 0.00e+00                                                                                                   |
[ 430m]    INFO Search: +---------+------------------------------------------------------------------------------------------------------------+
[ 430m]    INFO Search: | Perf.   | 0.00e+00                                                                                                   |
[ 430m]    INFO Search: +---------+------------------------------------------------------------------------------------------------------------+
[ 430m]    INFO Search: | Child   | ('__PARA__L0', '15,2')<-('__PARA__L1', '15,2')<-('__PARA__L2', '6,1')                                      |
[ 430m]    INFO Search: +---------+------------------------------------------------------------------------------------------------------------+
[ 430m]    INFO Search: | Tuned   |                                                                                                            |
[ 430m]    INFO Search: +---------+------------------------------------------------------------------------------------------------------------+
[ 430m]    INFO Search: Working batch: __PARA__L2
[ 430m]    INFO Search: Evaluating 1 poitns
[ 449m]    INFO Search: Received results from evaluator
[ 449m]    INFO Search: Results
[ 449m]    INFO Search: +--------------+---------+----------+--------------------+-------------+-------+
[ 449m]    INFO Search: |     Tag      | Quality |  Perf.   | BRAM, DSP, LUT, FF |   Status    | Valid |
[ 449m]    INFO Search: +==============+=========+==========+====================+=============+=======+
[ 449m]    INFO Search: | __PARA__L2-2 | -inf    | 0.00e+00 | 0.0, 0.0, 0.0, 0.0 | UNAVAILABLE | False |
[ 449m]    INFO Search: +--------------+---------+----------+--------------------+-------------+-------+
[ 449m]    INFO Search: -> No quality, abandon
[ 449m]    INFO Search: === ITERATION 16 ===
[ 449m]    INFO Search: Tree Level 0
[ 449m]    INFO Search: Working Node:
[ 449m]    INFO Search: +---------+------------------------------------------------------------------------------------------------------------+
[ 449m]    INFO Search: | Point   | __PARA__L0-1.__PARA__L1-1.__PARA__L2-1.__PARA__L3-1.__PARA__L4-1.__PARA__L5-1.__PIPE__L0-off.__PIPE__L1-   |
[ 449m]    INFO Search: |         | flatten.__PIPE__L2-off.__PIPE__L3-off.__TILE__L0-1.__TILE__L1-1.__TILE__L2-1.__TILE__L3-1                  |
[ 449m]    INFO Search: +---------+------------------------------------------------------------------------------------------------------------+
[ 449m]    INFO Search: | Quality | 0.00e+00                                                                                                   |
[ 449m]    INFO Search: +---------+------------------------------------------------------------------------------------------------------------+
[ 449m]    INFO Search: | Perf.   | 0.00e+00                                                                                                   |
[ 449m]    INFO Search: +---------+------------------------------------------------------------------------------------------------------------+
[ 449m]    INFO Search: | Child   | ('__PARA__L0', '15,2')<-('__PARA__L1', '15,2')<-('__PARA__L2', '6')                                        |
[ 449m]    INFO Search: +---------+------------------------------------------------------------------------------------------------------------+
[ 449m]    INFO Search: | Tuned   |                                                                                                            |
[ 449m]    INFO Search: +---------+------------------------------------------------------------------------------------------------------------+
[ 449m]    INFO Search: Working batch: __PARA__L2
[ 449m]    INFO Search: Evaluating 6 poitns
[ 486m]    INFO Search: Received results from evaluator
[ 486m]    INFO Search: Results
[ 486m]    INFO Search: +--------------+---------+----------+--------------------+--------------+-------+
[ 486m]    INFO Search: |     Tag      | Quality |  Perf.   | BRAM, DSP, LUT, FF |    Status    | Valid |
[ 486m]    INFO Search: +==============+=========+==========+====================+==============+=======+
[ 486m]    INFO Search: | __PARA__L2-5 | -inf    | 0.00e+00 | 0.0, 0.0, 0.0, 0.0 | EARLY_REJECT | False |
[ 486m]    INFO Search: +--------------+---------+----------+--------------------+--------------+-------+
[ 486m]    INFO Search: -> No quality, abandon
[ 486m]    INFO Search: +---------------+---------+----------+--------------------+--------------+-------+
[ 486m]    INFO Search: |      Tag      | Quality |  Perf.   | BRAM, DSP, LUT, FF |    Status    | Valid |
[ 486m]    INFO Search: +===============+=========+==========+====================+==============+=======+
[ 486m]    INFO Search: | __PARA__L2-19 | -inf    | 0.00e+00 | 0.0, 0.0, 0.0, 0.0 | EARLY_REJECT | False |
[ 486m]    INFO Search: +---------------+---------+----------+--------------------+--------------+-------+
[ 486m]    INFO Search: -> No quality, abandon
[ 486m]    INFO Search: +---------------+---------+----------+--------------------+--------------+-------+
[ 486m]    INFO Search: |      Tag      | Quality |  Perf.   | BRAM, DSP, LUT, FF |    Status    | Valid |
[ 486m]    INFO Search: +===============+=========+==========+====================+==============+=======+
[ 486m]    INFO Search: | __PARA__L2-95 | -inf    | 0.00e+00 | 0.0, 0.0, 0.0, 0.0 | EARLY_REJECT | False |
[ 486m]    INFO Search: +---------------+---------+----------+--------------------+--------------+-------+
[ 486m]    INFO Search: -> No quality, abandon
[ 486m]    INFO Search: +---------------+---------+----------+--------------------+-------------+-------+
[ 486m]    INFO Search: |      Tag      | Quality |  Perf.   | BRAM, DSP, LUT, FF |   Status    | Valid |
[ 486m]    INFO Search: +===============+=========+==========+====================+=============+=======+
[ 486m]    INFO Search: | __PARA__L2-10 | -inf    | 0.00e+00 | 0.0, 0.0, 0.0, 0.0 | UNAVAILABLE | False |
[ 486m]    INFO Search: +---------------+---------+----------+--------------------+-------------+-------+
[ 486m]    INFO Search: -> No quality, abandon
[ 486m]    INFO Search: +---------------+---------+----------+--------------------+-------------+-------+
[ 486m]    INFO Search: |      Tag      | Quality |  Perf.   | BRAM, DSP, LUT, FF |   Status    | Valid |
[ 486m]    INFO Search: +===============+=========+==========+====================+=============+=======+
[ 486m]    INFO Search: | __PARA__L2-38 | -inf    | 0.00e+00 | 0.0, 0.0, 0.0, 0.0 | UNAVAILABLE | False |
[ 486m]    INFO Search: +---------------+---------+----------+--------------------+-------------+-------+
[ 486m]    INFO Search: -> No quality, abandon
[ 486m]    INFO Search: +----------------+---------+----------+--------------------+-------------+-------+
[ 486m]    INFO Search: |      Tag       | Quality |  Perf.   | BRAM, DSP, LUT, FF |   Status    | Valid |
[ 486m]    INFO Search: +================+=========+==========+====================+=============+=======+
[ 486m]    INFO Search: | __PARA__L2-190 | -inf    | 0.00e+00 | 0.0, 0.0, 0.0, 0.0 | UNAVAILABLE | False |
[ 486m]    INFO Search: +----------------+---------+----------+--------------------+-------------+-------+
[ 486m]    INFO Search: -> No quality, abandon
[ 486m]    INFO Search: Run out of batches of parameter __PARA__L2
[ 486m]    INFO Search: === ITERATION 17 ===
[ 486m]    INFO Search: Tree Level 0
[ 486m]    INFO Search: Working Node:
[ 486m]    INFO Search: +---------+------------------------------------------------------------------------------------------------------------+
[ 486m]    INFO Search: | Point   | __PARA__L0-1.__PARA__L1-1.__PARA__L2-1.__PARA__L3-1.__PARA__L4-1.__PARA__L5-1.__PIPE__L0-off.__PIPE__L1-   |
[ 486m]    INFO Search: |         | flatten.__PIPE__L2-off.__PIPE__L3-off.__TILE__L0-1.__TILE__L1-1.__TILE__L2-1.__TILE__L3-1                  |
[ 486m]    INFO Search: +---------+------------------------------------------------------------------------------------------------------------+
[ 486m]    INFO Search: | Quality | 0.00e+00                                                                                                   |
[ 486m]    INFO Search: +---------+------------------------------------------------------------------------------------------------------------+
[ 486m]    INFO Search: | Perf.   | 0.00e+00                                                                                                   |
[ 486m]    INFO Search: +---------+------------------------------------------------------------------------------------------------------------+
[ 486m]    INFO Search: | Child   | ('__PARA__L0', '15,2')<-('__PARA__L1', '15,2')                                                             |
[ 486m]    INFO Search: +---------+------------------------------------------------------------------------------------------------------------+
[ 486m]    INFO Search: | Tuned   |                                                                                                            |
[ 486m]    INFO Search: +---------+------------------------------------------------------------------------------------------------------------+
[ 486m]    INFO Search: Working batch: __PARA__L1
[ 486m]    INFO Search: Evaluating 2 poitns
[ 581m]    INFO Search: Received results from evaluator
[ 581m]    INFO Search: Results
[ 581m]    INFO Search: +--------------+---------+----------+--------------------+-------------+-------+
[ 581m]    INFO Search: |     Tag      | Quality |  Perf.   | BRAM, DSP, LUT, FF |   Status    | Valid |
[ 581m]    INFO Search: +==============+=========+==========+====================+=============+=======+
[ 581m]    INFO Search: | __PARA__L1-2 | -inf    | 0.00e+00 | 0.0, 0.0, 0.0, 0.0 | UNAVAILABLE | False |
[ 581m]    INFO Search: +--------------+---------+----------+--------------------+-------------+-------+
[ 581m]    INFO Search: -> No quality, abandon
[ 581m]    INFO Search: +--------------+---------+----------+--------------------+-------------+-------+
[ 581m]    INFO Search: |     Tag      | Quality |  Perf.   | BRAM, DSP, LUT, FF |   Status    | Valid |
[ 581m]    INFO Search: +==============+=========+==========+====================+=============+=======+
[ 581m]    INFO Search: | __PARA__L1-4 | -inf    | 0.00e+00 | 0.0, 0.0, 0.0, 0.0 | UNAVAILABLE | False |
[ 581m]    INFO Search: +--------------+---------+----------+--------------------+-------------+-------+
[ 581m]    INFO Search: -> No quality, abandon
[ 581m]    INFO Search: === ITERATION 18 ===
[ 581m]    INFO Search: Tree Level 0
[ 581m]    INFO Search: Working Node:
[ 581m]    INFO Search: +---------+------------------------------------------------------------------------------------------------------------+
[ 581m]    INFO Search: | Point   | __PARA__L0-1.__PARA__L1-1.__PARA__L2-1.__PARA__L3-1.__PARA__L4-1.__PARA__L5-1.__PIPE__L0-off.__PIPE__L1-   |
[ 581m]    INFO Search: |         | flatten.__PIPE__L2-off.__PIPE__L3-off.__TILE__L0-1.__TILE__L1-1.__TILE__L2-1.__TILE__L3-1                  |
[ 581m]    INFO Search: +---------+------------------------------------------------------------------------------------------------------------+
[ 581m]    INFO Search: | Quality | 0.00e+00                                                                                                   |
[ 581m]    INFO Search: +---------+------------------------------------------------------------------------------------------------------------+
[ 581m]    INFO Search: | Perf.   | 0.00e+00                                                                                                   |
[ 581m]    INFO Search: +---------+------------------------------------------------------------------------------------------------------------+
[ 581m]    INFO Search: | Child   | ('__PARA__L0', '15,2')<-('__PARA__L1', '15')                                                               |
[ 581m]    INFO Search: +---------+------------------------------------------------------------------------------------------------------------+
[ 581m]    INFO Search: | Tuned   |                                                                                                            |
[ 581m]    INFO Search: +---------+------------------------------------------------------------------------------------------------------------+
[ 581m]    INFO Search: Working batch: __PARA__L1
[ 581m]    INFO Search: Evaluating 15 poitns
