

================================================================
== Vitis HLS Report for 'compute_operation_task3'
================================================================
* Date:           Tue Sep 17 05:20:45 2024

* Version:        2023.2 (Build 4023990 on Oct 11 2023)
* Project:        kernel_nlp
* Solution:       solution (Vitis Kernel Flow Target)
* Product family: virtexuplus
* Target device:  xcu200-fsgd2104-2-e


================================================================
== Performance Estimates
================================================================
+ Timing: 
    * Summary: 
    +--------+---------+----------+------------+
    |  Clock |  Target | Estimated| Uncertainty|
    +--------+---------+----------+------------+
    |ap_clk  |  4.00 ns|  2.569 ns|     1.08 ns|
    +--------+---------+----------+------------+

+ Latency: 
    * Summary: 
    +---------+---------+-----------+-----------+-----+-----+---------+
    |  Latency (cycles) |   Latency (absolute)  |  Interval | Pipeline|
    |   min   |   max   |    min    |    max    | min | max |   Type  |
    +---------+---------+-----------+-----------+-----+-----+---------+
    |       14|       14|  56.000 ns|  56.000 ns|    1|    1|      yes|
    +---------+---------+-----------+-----------+-----+-----+---------+

    + Detail: 
        * Instance: 
        N/A

        * Loop: 
        N/A



================================================================
== Utilization Estimates
================================================================
* Summary: 
+---------------------+---------+------+---------+---------+-----+
|         Name        | BRAM_18K|  DSP |    FF   |   LUT   | URAM|
+---------------------+---------+------+---------+---------+-----+
|DSP                  |        -|     -|        -|        -|    -|
|Expression           |        -|     -|        0|       47|    -|
|FIFO                 |        -|     -|        -|        -|    -|
|Instance             |        -|     8|      604|      354|    -|
|Memory               |        -|     -|        -|        -|    -|
|Multiplexer          |        -|     -|        -|        -|    -|
|Register             |        -|     -|      593|      128|    -|
+---------------------+---------+------+---------+---------+-----+
|Total                |        0|     8|     1197|      529|    0|
+---------------------+---------+------+---------+---------+-----+
|Available SLR        |     1440|  2280|   788160|   394080|  320|
+---------------------+---------+------+---------+---------+-----+
|Utilization SLR (%)  |        0|    ~0|       ~0|       ~0|    0|
+---------------------+---------+------+---------+---------+-----+
|Available            |     4320|  6840|  2364480|  1182240|  960|
+---------------------+---------+------+---------+---------+-----+
|Utilization (%)      |        0|    ~0|       ~0|       ~0|    0|
+---------------------+---------+------+---------+---------+-----+

+ Detail: 
    * Instance: 
    +--------------------------------------+--------------------------------+---------+----+-----+-----+-----+
    |               Instance               |             Module             | BRAM_18K| DSP|  FF | LUT | URAM|
    +--------------------------------------+--------------------------------+---------+----+-----+-----+-----+
    |fadd_32ns_32ns_32_7_full_dsp_0_U9495  |fadd_32ns_32ns_32_7_full_dsp_0  |        0|   2|  318|  198|    0|
    |fmul_32ns_32ns_32_4_max_dsp_0_U9496   |fmul_32ns_32ns_32_4_max_dsp_0   |        0|   3|  143|   78|    0|
    |fmul_32ns_32ns_32_4_max_dsp_0_U9497   |fmul_32ns_32ns_32_4_max_dsp_0   |        0|   3|  143|   78|    0|
    +--------------------------------------+--------------------------------+---------+----+-----+-----+-----+
    |Total                                 |                                |        0|   8|  604|  354|    0|
    +--------------------------------------+--------------------------------+---------+----+-----+-----+-----+

    * DSP: 
    N/A

    * Memory: 
    N/A

    * FIFO: 
    N/A

    * Expression: 
    +---------------------+----------+----+---+----+------------+------------+
    |    Variable Name    | Operation| DSP| FF| LUT| Bitwidth P0| Bitwidth P1|
    +---------------------+----------+----+---+----+------------+------------+
    |icmp_ln230_fu_74_p2  |      icmp|   0|  0|  15|           8|           8|
    |ap_return            |    select|   0|  0|  32|           1|          32|
    +---------------------+----------+----+---+----+------------+------------+
    |Total                |          |   0|  0|  47|           9|          40|
    +---------------------+----------+----+---+----+------------+------------+

    * Multiplexer: 
    N/A

    * Register: 
    +---------------------+----+----+-----+-----------+
    |         Name        | FF | LUT| Bits| Const Bits|
    +---------------------+----+----+-----+-----------+
    |arg0_int_reg         |  32|   0|   32|          0|
    |arg0_read_reg_101    |  32|   0|   32|          0|
    |arg1_int_reg         |  32|   0|   32|          0|
    |arg2_int_reg         |  32|   0|   32|          0|
    |arg3_int_reg         |  32|   0|   32|          0|
    |arg3_read_reg_86     |  32|   0|   32|          0|
    |i_int_reg            |   8|   0|    8|          0|
    |icmp_ln230_reg_111   |   1|   0|    1|          0|
    |k_int_reg            |   8|   0|    8|          0|
    |mul1_reg_121         |  32|   0|   32|          0|
    |mul_reg_116          |  32|   0|   32|          0|
    |output_r_int_reg     |  32|   0|   32|          0|
    |output_read_reg_106  |  32|   0|   32|          0|
    |arg0_read_reg_101    |  64|  32|   32|          0|
    |arg3_read_reg_86     |  64|  32|   32|          0|
    |icmp_ln230_reg_111   |  64|  32|    1|          0|
    |output_read_reg_106  |  64|  32|   32|          0|
    +---------------------+----+----+-----+-----------+
    |Total                | 593| 128|  434|          0|
    +---------------------+----+----+-----+-----------+



================================================================
== Interface
================================================================
* Summary: 
+-----------+-----+-----+------------+-------------------------+--------------+
| RTL Ports | Dir | Bits|  Protocol  |      Source Object      |    C Type    |
+-----------+-----+-----+------------+-------------------------+--------------+
|ap_clk     |   in|    1|  ap_ctrl_hs|  compute_operation_task3|  return value|
|ap_rst     |   in|    1|  ap_ctrl_hs|  compute_operation_task3|  return value|
|ap_return  |  out|   32|  ap_ctrl_hs|  compute_operation_task3|  return value|
|output_r   |   in|   32|     ap_none|                 output_r|        scalar|
|arg0       |   in|   32|     ap_none|                     arg0|        scalar|
|arg1       |   in|   32|     ap_none|                     arg1|        scalar|
|arg2       |   in|   32|     ap_none|                     arg2|        scalar|
|arg3       |   in|   32|     ap_none|                     arg3|        scalar|
|k          |   in|    8|     ap_none|                        k|        scalar|
|i          |   in|    8|     ap_none|                        i|        scalar|
+-----------+-----+-----+------------+-------------------------+--------------+

