

================================================================
== Vitis HLS Report for 'kernel_nlp_Pipeline_VITIS_LOOP_73_4_VITIS_LOOP_74_5'
================================================================
* Date:           Fri Sep 27 19:03:10 2024

* Version:        2023.2 (Build 4023990 on Oct 11 2023)
* Project:        kernel_nlp
* Solution:       solution (Vitis Kernel Flow Target)
* Product family: virtexuplus
* Target device:  xcu200-fsgd2104-2-e


================================================================
== Performance Estimates
================================================================
+ Timing: 
    * Summary: 
    +--------+---------+----------+------------+
    |  Clock |  Target | Estimated| Uncertainty|
    +--------+---------+----------+------------+
    |ap_clk  |  4.55 ns|  3.318 ns|     1.23 ns|
    +--------+---------+----------+------------+

+ Latency: 
    * Summary: 
    +---------+---------+-----------+-----------+-------+-------+---------+
    |  Latency (cycles) |   Latency (absolute)  |    Interval   | Pipeline|
    |   min   |   max   |    min    |    max    |  min  |  max  |   Type  |
    +---------+---------+-----------+-----------+-------+-------+---------+
    |    16012|    16012|  72.775 us|  72.775 us|  16012|  16012|       no|
    +---------+---------+-----------+-----------+-------+-------+---------+

    + Detail: 
        * Instance: 
        N/A

        * Loop: 
        +-----------------------------------+---------+---------+----------+-----------+-----------+------+----------+
        |                                   |  Latency (cycles) | Iteration|  Initiation Interval  | Trip |          |
        |             Loop Name             |   min   |   max   |  Latency |  achieved |   target  | Count| Pipelined|
        +-----------------------------------+---------+---------+----------+-----------+-----------+------+----------+
        |- VITIS_LOOP_73_4_VITIS_LOOP_74_5  |    16010|    16010|        15|          4|          1|  4000|       yes|
        +-----------------------------------+---------+---------+----------+-----------+-----------+------+----------+



================================================================
== Utilization Estimates
================================================================
* Summary: 
+---------------------+---------+------+---------+---------+-----+
|         Name        | BRAM_18K|  DSP |    FF   |   LUT   | URAM|
+---------------------+---------+------+---------+---------+-----+
|DSP                  |        -|     -|        -|        -|    -|
|Expression           |        -|     -|        0|      445|    -|
|FIFO                 |        -|     -|        -|        -|    -|
|Instance             |        -|     0|      189|      208|    -|
|Memory               |        -|     -|        -|        -|    -|
|Multiplexer          |        -|     -|        -|     2232|    -|
|Register             |        -|     -|     1028|       96|    -|
+---------------------+---------+------+---------+---------+-----+
|Total                |        0|     0|     1217|     2981|    0|
+---------------------+---------+------+---------+---------+-----+
|Available SLR        |     1440|  2280|   788160|   394080|  320|
+---------------------+---------+------+---------+---------+-----+
|Utilization SLR (%)  |        0|     0|       ~0|       ~0|    0|
+---------------------+---------+------+---------+---------+-----+
|Available            |     4320|  6840|  2364480|  1182240|  960|
+---------------------+---------+------+---------+---------+-----+
|Utilization (%)      |        0|     0|       ~0|       ~0|    0|
+---------------------+---------+------+---------+---------+-----+

+ Detail: 
    * Instance: 
    +-------------------------+---------------------+---------+----+-----+-----+-----+
    |         Instance        |        Module       | BRAM_18K| DSP|  FF | LUT | URAM|
    +-------------------------+---------------------+---------+----+-----+-----+-----+
    |mul_5ns_8ns_12_1_1_U31   |mul_5ns_8ns_12_1_1   |        0|   0|    0|   40|    0|
    |mul_8ns_10ns_17_1_1_U30  |mul_8ns_10ns_17_1_1  |        0|   0|    0|   62|    0|
    |urem_8ns_5ns_4_12_1_U29  |urem_8ns_5ns_4_12_1  |        0|   0|  189|  106|    0|
    +-------------------------+---------------------+---------+----+-----+-----+-----+
    |Total                    |                     |        0|   0|  189|  208|    0|
    +-------------------------+---------------------+---------+----+-----+-----+-----+

    * DSP: 
    N/A

    * Memory: 
    N/A

    * FIFO: 
    N/A

    * Expression: 
    +------------------------------+----------+----+---+----+------------+------------+
    |         Variable Name        | Operation| DSP| FF| LUT| Bitwidth P0| Bitwidth P1|
    +------------------------------+----------+----+---+----+------------+------------+
    |add_ln73_1_fu_1745_p2         |         +|   0|  0|  19|          12|           1|
    |add_ln73_fu_1754_p2           |         +|   0|  0|  15|           8|           1|
    |add_ln74_1_fu_1790_p2         |         +|   0|  0|  12|           5|           1|
    |add_ln74_fu_2147_p2           |         +|   0|  0|  16|           9|           5|
    |add_ln78_1_fu_2092_p2         |         +|   0|  0|  19|          12|          12|
    |add_ln78_2_fu_2167_p2         |         +|   0|  0|  19|          12|          12|
    |add_ln78_3_fu_2231_p2         |         +|   0|  0|  19|          12|          12|
    |add_ln78_4_fu_2352_p2         |         +|   0|  0|  19|          12|          12|
    |add_ln78_5_fu_2416_p2         |         +|   0|  0|  19|          12|          12|
    |add_ln78_6_fu_2454_p2         |         +|   0|  0|  19|          12|          12|
    |add_ln78_7_fu_2492_p2         |         +|   0|  0|  19|          12|          12|
    |add_ln78_fu_2027_p2           |         +|   0|  0|  19|          12|          12|
    |ap_block_pp0_stage1_11001     |       and|   0|  0|   2|           1|           1|
    |ap_predicate_pred718_state15  |       and|   0|  0|   2|           1|           1|
    |ap_predicate_pred725_state15  |       and|   0|  0|   2|           1|           1|
    |ap_predicate_pred751_state15  |       and|   0|  0|   2|           1|           1|
    |ap_predicate_pred756_state15  |       and|   0|  0|   2|           1|           1|
    |ap_predicate_pred776_state15  |       and|   0|  0|   2|           1|           1|
    |ap_predicate_pred781_state15  |       and|   0|  0|   2|           1|           1|
    |ap_predicate_pred801_state15  |       and|   0|  0|   2|           1|           1|
    |ap_predicate_pred806_state15  |       and|   0|  0|   2|           1|           1|
    |ap_predicate_pred826_state15  |       and|   0|  0|   2|           1|           1|
    |ap_predicate_pred831_state15  |       and|   0|  0|   2|           1|           1|
    |ap_predicate_pred851_state15  |       and|   0|  0|   2|           1|           1|
    |ap_predicate_pred856_state15  |       and|   0|  0|   2|           1|           1|
    |ap_predicate_pred876_state15  |       and|   0|  0|   2|           1|           1|
    |ap_predicate_pred881_state15  |       and|   0|  0|   2|           1|           1|
    |ap_predicate_pred901_state15  |       and|   0|  0|   2|           1|           1|
    |ap_predicate_pred906_state15  |       and|   0|  0|   2|           1|           1|
    |ap_predicate_pred925_state15  |       and|   0|  0|   2|           1|           1|
    |ap_predicate_pred930_state15  |       and|   0|  0|   2|           1|           1|
    |ap_predicate_pred981_state15  |       and|   0|  0|   2|           1|           1|
    |ap_predicate_pred986_state15  |       and|   0|  0|   2|           1|           1|
    |icmp_ln73_fu_1739_p2          |      icmp|   0|  0|  19|          12|           8|
    |icmp_ln74_fu_1760_p2          |      icmp|   0|  0|  13|           5|           6|
    |icmp_ln77_1_fu_2300_p2        |      icmp|   0|  0|  15|           8|           4|
    |icmp_ln77_2_fu_2314_p2        |      icmp|   0|  0|  15|           8|           4|
    |icmp_ln77_3_fu_2331_p2        |      icmp|   0|  0|  15|           8|           4|
    |icmp_ln77_fu_2291_p2          |      icmp|   0|  0|  15|           8|           4|
    |or_ln77_1_fu_2158_p2          |        or|   0|  0|   7|           7|           2|
    |or_ln77_2_fu_2222_p2          |        or|   0|  0|   7|           7|           2|
    |or_ln77_3_fu_2343_p2          |        or|   0|  0|   7|           7|           3|
    |or_ln77_4_fu_2286_p2          |        or|   0|  0|   8|           8|           4|
    |or_ln77_5_fu_2407_p2          |        or|   0|  0|   7|           7|           3|
    |or_ln77_6_fu_2309_p2          |        or|   0|  0|   8|           8|           4|
    |or_ln77_7_fu_2445_p2          |        or|   0|  0|   7|           7|           3|
    |or_ln77_8_fu_2326_p2          |        or|   0|  0|   8|           8|           4|
    |or_ln77_9_fu_2483_p2          |        or|   0|  0|   7|           7|           3|
    |or_ln77_fu_2082_p2            |        or|   0|  0|   7|           7|           1|
    |grp_fu_1774_p0                |    select|   0|  0|   8|           1|           8|
    |select_ln73_fu_1998_p3        |    select|   0|  0|   9|           1|           1|
    |select_ln74_fu_1795_p3        |    select|   0|  0|   5|           1|           1|
    |ap_enable_pp0                 |       xor|   0|  0|   2|           1|           2|
    +------------------------------+----------+----+---+----+------------+------------+
    |Total                         |          |   0|  0| 445|         277|         196|
    +------------------------------+----------+----+---+----+------------+------------+

    * Multiplexer: 
    +---------------------------------------+----+-----------+-----+-----------+
    |                  Name                 | LUT| Input Size| Bits| Total Bits|
    +---------------------------------------+----+-----------+-----+-----------+
    |ap_NS_fsm                              |  26|          5|    1|          5|
    |ap_done_int                            |   9|          2|    1|          2|
    |ap_enable_reg_pp0_iter0                |   9|          2|    1|          2|
    |ap_enable_reg_pp0_iter1                |   9|          2|    1|          2|
    |ap_enable_reg_pp0_iter3                |   9|          2|    1|          2|
    |ap_loop_exit_ready_pp0_iter1_reg       |   9|          2|    1|          2|
    |ap_loop_exit_ready_pp0_iter2_reg       |   9|          2|    1|          2|
    |ap_sig_allocacmp_i_load                |   9|          2|    8|         16|
    |ap_sig_allocacmp_indvar117_load        |   9|          2|    5|         10|
    |ap_sig_allocacmp_indvar_flatten6_load  |   9|          2|   12|         24|
    |gmem3_blk_n_R                          |   9|          2|    1|          2|
    |i_fu_230                               |   9|          2|    8|         16|
    |indvar117_fu_226                       |   9|          2|    5|         10|
    |indvar_flatten6_fu_234                 |   9|          2|   12|         24|
    |j_2_fu_222                             |   9|          2|    9|         18|
    |v3_10_address0                         |  26|          5|   12|         60|
    |v3_10_address1                         |  26|          5|   12|         60|
    |v3_10_d0                               |  26|          5|   32|        160|
    |v3_10_d1                               |  26|          5|   32|        160|
    |v3_11_address0                         |  26|          5|   12|         60|
    |v3_11_address1                         |  26|          5|   12|         60|
    |v3_11_d0                               |  26|          5|   32|        160|
    |v3_11_d1                               |  26|          5|   32|        160|
    |v3_12_address0                         |  26|          5|   12|         60|
    |v3_12_address1                         |  26|          5|   12|         60|
    |v3_12_d0                               |  26|          5|   32|        160|
    |v3_12_d1                               |  26|          5|   32|        160|
    |v3_13_address0                         |  26|          5|   12|         60|
    |v3_13_address1                         |  26|          5|   12|         60|
    |v3_13_d0                               |  26|          5|   32|        160|
    |v3_13_d1                               |  26|          5|   32|        160|
    |v3_14_address0                         |  26|          5|   12|         60|
    |v3_14_address1                         |  26|          5|   12|         60|
    |v3_14_d0                               |  26|          5|   32|        160|
    |v3_14_d1                               |  26|          5|   32|        160|
    |v3_15_address0                         |  26|          5|   12|         60|
    |v3_15_address1                         |  26|          5|   12|         60|
    |v3_15_d0                               |  26|          5|   32|        160|
    |v3_15_d1                               |  26|          5|   32|        160|
    |v3_16_address0                         |  26|          5|   12|         60|
    |v3_16_address1                         |  26|          5|   12|         60|
    |v3_16_d0                               |  26|          5|   32|        160|
    |v3_16_d1                               |  26|          5|   32|        160|
    |v3_17_address0                         |  26|          5|   12|         60|
    |v3_17_address1                         |  26|          5|   12|         60|
    |v3_17_d0                               |  26|          5|   32|        160|
    |v3_17_d1                               |  26|          5|   32|        160|
    |v3_18_address0                         |  26|          5|   12|         60|
    |v3_18_address1                         |  26|          5|   12|         60|
    |v3_18_d0                               |  26|          5|   32|        160|
    |v3_18_d1                               |  26|          5|   32|        160|
    |v3_19_address0                         |  26|          5|   12|         60|
    |v3_19_address1                         |  26|          5|   12|         60|
    |v3_19_d0                               |  26|          5|   32|        160|
    |v3_19_d1                               |  26|          5|   32|        160|
    |v3_1_address0                          |  26|          5|   12|         60|
    |v3_1_address1                          |  26|          5|   12|         60|
    |v3_1_d0                                |  26|          5|   32|        160|
    |v3_1_d1                                |  26|          5|   32|        160|
    |v3_2_address0                          |  26|          5|   12|         60|
    |v3_2_address1                          |  26|          5|   12|         60|
    |v3_2_d0                                |  26|          5|   32|        160|
    |v3_2_d1                                |  26|          5|   32|        160|
    |v3_3_address0                          |  26|          5|   12|         60|
    |v3_3_address1                          |  26|          5|   12|         60|
    |v3_3_d0                                |  26|          5|   32|        160|
    |v3_3_d1                                |  26|          5|   32|        160|
    |v3_4_address0                          |  26|          5|   12|         60|
    |v3_4_address1                          |  26|          5|   12|         60|
    |v3_4_d0                                |  26|          5|   32|        160|
    |v3_4_d1                                |  26|          5|   32|        160|
    |v3_5_address0                          |  26|          5|   12|         60|
    |v3_5_address1                          |  26|          5|   12|         60|
    |v3_5_d0                                |  26|          5|   32|        160|
    |v3_5_d1                                |  26|          5|   32|        160|
    |v3_6_address0                          |  26|          5|   12|         60|
    |v3_6_address1                          |  26|          5|   12|         60|
    |v3_6_d0                                |  26|          5|   32|        160|
    |v3_6_d1                                |  26|          5|   32|        160|
    |v3_7_address0                          |  26|          5|   12|         60|
    |v3_7_address1                          |  26|          5|   12|         60|
    |v3_7_d0                                |  26|          5|   32|        160|
    |v3_7_d1                                |  26|          5|   32|        160|
    |v3_8_address0                          |  26|          5|   12|         60|
    |v3_8_address1                          |  26|          5|   12|         60|
    |v3_8_d0                                |  26|          5|   32|        160|
    |v3_8_d1                                |  26|          5|   32|        160|
    |v3_9_address0                          |  26|          5|   12|         60|
    |v3_9_address1                          |  26|          5|   12|         60|
    |v3_9_d0                                |  26|          5|   32|        160|
    |v3_9_d1                                |  26|          5|   32|        160|
    |v3_address0                            |  26|          5|   12|         60|
    |v3_address1                            |  26|          5|   12|         60|
    |v3_d0                                  |  26|          5|   32|        160|
    |v3_d1                                  |  26|          5|   32|        160|
    +---------------------------------------+----+-----------+-----+-----------+
    |Total                                  |2232|        433| 1827|       8937|
    +---------------------------------------+----+-----------+-----+-----------+

    * Register: 
    +----------------------------------+----+----+-----+-----------+
    |               Name               | FF | LUT| Bits| Const Bits|
    +----------------------------------+----+----+-----+-----------+
    |ap_CS_fsm                         |   4|   0|    4|          0|
    |ap_done_reg                       |   1|   0|    1|          0|
    |ap_enable_reg_pp0_iter0_reg       |   1|   0|    1|          0|
    |ap_enable_reg_pp0_iter1           |   1|   0|    1|          0|
    |ap_enable_reg_pp0_iter2           |   1|   0|    1|          0|
    |ap_enable_reg_pp0_iter3           |   1|   0|    1|          0|
    |ap_loop_exit_ready_pp0_iter1_reg  |   1|   0|    1|          0|
    |ap_loop_exit_ready_pp0_iter2_reg  |   1|   0|    1|          0|
    |ap_predicate_pred718_state15      |   1|   0|    1|          0|
    |ap_predicate_pred725_state15      |   1|   0|    1|          0|
    |ap_predicate_pred751_state15      |   1|   0|    1|          0|
    |ap_predicate_pred756_state15      |   1|   0|    1|          0|
    |ap_predicate_pred776_state15      |   1|   0|    1|          0|
    |ap_predicate_pred781_state15      |   1|   0|    1|          0|
    |ap_predicate_pred801_state15      |   1|   0|    1|          0|
    |ap_predicate_pred806_state15      |   1|   0|    1|          0|
    |ap_predicate_pred826_state15      |   1|   0|    1|          0|
    |ap_predicate_pred831_state15      |   1|   0|    1|          0|
    |ap_predicate_pred851_state15      |   1|   0|    1|          0|
    |ap_predicate_pred856_state15      |   1|   0|    1|          0|
    |ap_predicate_pred876_state15      |   1|   0|    1|          0|
    |ap_predicate_pred881_state15      |   1|   0|    1|          0|
    |ap_predicate_pred901_state15      |   1|   0|    1|          0|
    |ap_predicate_pred906_state15      |   1|   0|    1|          0|
    |ap_predicate_pred925_state15      |   1|   0|    1|          0|
    |ap_predicate_pred930_state15      |   1|   0|    1|          0|
    |ap_predicate_pred981_state15      |   1|   0|    1|          0|
    |ap_predicate_pred986_state15      |   1|   0|    1|          0|
    |bitcast_ln78_10_reg_2697          |  32|   0|   32|          0|
    |bitcast_ln78_11_reg_2715          |  32|   0|   32|          0|
    |bitcast_ln78_12_reg_2733          |  32|   0|   32|          0|
    |bitcast_ln78_13_reg_2747          |  32|   0|   32|          0|
    |bitcast_ln78_14_reg_2765          |  32|   0|   32|          0|
    |bitcast_ln78_15_reg_2779          |  32|   0|   32|          0|
    |i_fu_230                          |   8|   0|    8|          0|
    |icmp_ln73_reg_2559                |   1|   0|    1|          0|
    |icmp_ln74_reg_2563                |   1|   0|    1|          0|
    |icmp_ln77_1_reg_2711              |   1|   0|    1|          0|
    |icmp_ln77_2_reg_2729              |   1|   0|    1|          0|
    |icmp_ln77_3_reg_2761              |   1|   0|    1|          0|
    |icmp_ln77_reg_2693                |   1|   0|    1|          0|
    |indvar117_fu_226                  |   5|   0|    5|          0|
    |indvar117_load_reg_2554           |   5|   0|    5|          0|
    |indvar_flatten6_fu_234            |  12|   0|   12|          0|
    |indvars_iv207_udiv_reg_2683       |   7|   0|    7|          0|
    |j_2_fu_222                        |   9|   0|    9|          0|
    |mul_ln78_reg_2580                 |  12|   0|   12|          0|
    |mul_ln78_reg_2580_pp0_iter3_reg   |  12|   0|   12|          0|
    |select_ln73_1_reg_2569            |   8|   0|    8|          0|
    |tmp_reg_2575                      |   5|   0|    5|          0|
    |trunc_ln73_reg_2672               |   4|   0|    4|          0|
    |trunc_ln74_reg_2676               |   8|   0|    8|          0|
    |trunc_ln75_10_reg_2647            |  32|   0|   32|          0|
    |trunc_ln75_11_reg_2652            |  32|   0|   32|          0|
    |trunc_ln75_12_reg_2657            |  32|   0|   32|          0|
    |trunc_ln75_13_reg_2662            |  32|   0|   32|          0|
    |trunc_ln75_14_reg_2667            |  32|   0|   32|          0|
    |trunc_ln75_1_reg_2597             |  32|   0|   32|          0|
    |trunc_ln75_2_reg_2602             |  32|   0|   32|          0|
    |trunc_ln75_3_reg_2607             |  32|   0|   32|          0|
    |trunc_ln75_4_reg_2612             |  32|   0|   32|          0|
    |trunc_ln75_5_reg_2617             |  32|   0|   32|          0|
    |trunc_ln75_6_reg_2622             |  32|   0|   32|          0|
    |trunc_ln75_7_reg_2627             |  32|   0|   32|          0|
    |trunc_ln75_8_reg_2632             |  32|   0|   32|          0|
    |trunc_ln75_9_reg_2637             |  32|   0|   32|          0|
    |trunc_ln75_reg_2592               |  32|   0|   32|          0|
    |trunc_ln75_s_reg_2642             |  32|   0|   32|          0|
    |icmp_ln73_reg_2559                |  64|  32|    1|          0|
    |icmp_ln74_reg_2563                |  64|  32|    1|          0|
    |select_ln73_1_reg_2569            |  64|  32|    8|          0|
    +----------------------------------+----+----+-----+-----------+
    |Total                             |1028|  96|  846|          0|
    +----------------------------------+----+----+-----+-----------+



================================================================
== Interface
================================================================
* Summary: 
+----------------------+-----+-----+------------+-----------------------------------------------------+--------------+
|       RTL Ports      | Dir | Bits|  Protocol  |                    Source Object                    |    C Type    |
+----------------------+-----+-----+------------+-----------------------------------------------------+--------------+
|ap_clk                |   in|    1|  ap_ctrl_hs|  kernel_nlp_Pipeline_VITIS_LOOP_73_4_VITIS_LOOP_74_5|  return value|
|ap_rst                |   in|    1|  ap_ctrl_hs|  kernel_nlp_Pipeline_VITIS_LOOP_73_4_VITIS_LOOP_74_5|  return value|
|ap_start              |   in|    1|  ap_ctrl_hs|  kernel_nlp_Pipeline_VITIS_LOOP_73_4_VITIS_LOOP_74_5|  return value|
|ap_done               |  out|    1|  ap_ctrl_hs|  kernel_nlp_Pipeline_VITIS_LOOP_73_4_VITIS_LOOP_74_5|  return value|
|ap_idle               |  out|    1|  ap_ctrl_hs|  kernel_nlp_Pipeline_VITIS_LOOP_73_4_VITIS_LOOP_74_5|  return value|
|ap_ready              |  out|    1|  ap_ctrl_hs|  kernel_nlp_Pipeline_VITIS_LOOP_73_4_VITIS_LOOP_74_5|  return value|
|m_axi_gmem3_AWVALID   |  out|    1|       m_axi|                                                gmem3|       pointer|
|m_axi_gmem3_AWREADY   |   in|    1|       m_axi|                                                gmem3|       pointer|
|m_axi_gmem3_AWADDR    |  out|   64|       m_axi|                                                gmem3|       pointer|
|m_axi_gmem3_AWID      |  out|    1|       m_axi|                                                gmem3|       pointer|
|m_axi_gmem3_AWLEN     |  out|   32|       m_axi|                                                gmem3|       pointer|
|m_axi_gmem3_AWSIZE    |  out|    3|       m_axi|                                                gmem3|       pointer|
|m_axi_gmem3_AWBURST   |  out|    2|       m_axi|                                                gmem3|       pointer|
|m_axi_gmem3_AWLOCK    |  out|    2|       m_axi|                                                gmem3|       pointer|
|m_axi_gmem3_AWCACHE   |  out|    4|       m_axi|                                                gmem3|       pointer|
|m_axi_gmem3_AWPROT    |  out|    3|       m_axi|                                                gmem3|       pointer|
|m_axi_gmem3_AWQOS     |  out|    4|       m_axi|                                                gmem3|       pointer|
|m_axi_gmem3_AWREGION  |  out|    4|       m_axi|                                                gmem3|       pointer|
|m_axi_gmem3_AWUSER    |  out|    1|       m_axi|                                                gmem3|       pointer|
|m_axi_gmem3_WVALID    |  out|    1|       m_axi|                                                gmem3|       pointer|
|m_axi_gmem3_WREADY    |   in|    1|       m_axi|                                                gmem3|       pointer|
|m_axi_gmem3_WDATA     |  out|  512|       m_axi|                                                gmem3|       pointer|
|m_axi_gmem3_WSTRB     |  out|   64|       m_axi|                                                gmem3|       pointer|
|m_axi_gmem3_WLAST     |  out|    1|       m_axi|                                                gmem3|       pointer|
|m_axi_gmem3_WID       |  out|    1|       m_axi|                                                gmem3|       pointer|
|m_axi_gmem3_WUSER     |  out|    1|       m_axi|                                                gmem3|       pointer|
|m_axi_gmem3_ARVALID   |  out|    1|       m_axi|                                                gmem3|       pointer|
|m_axi_gmem3_ARREADY   |   in|    1|       m_axi|                                                gmem3|       pointer|
|m_axi_gmem3_ARADDR    |  out|   64|       m_axi|                                                gmem3|       pointer|
|m_axi_gmem3_ARID      |  out|    1|       m_axi|                                                gmem3|       pointer|
|m_axi_gmem3_ARLEN     |  out|   32|       m_axi|                                                gmem3|       pointer|
|m_axi_gmem3_ARSIZE    |  out|    3|       m_axi|                                                gmem3|       pointer|
|m_axi_gmem3_ARBURST   |  out|    2|       m_axi|                                                gmem3|       pointer|
|m_axi_gmem3_ARLOCK    |  out|    2|       m_axi|                                                gmem3|       pointer|
|m_axi_gmem3_ARCACHE   |  out|    4|       m_axi|                                                gmem3|       pointer|
|m_axi_gmem3_ARPROT    |  out|    3|       m_axi|                                                gmem3|       pointer|
|m_axi_gmem3_ARQOS     |  out|    4|       m_axi|                                                gmem3|       pointer|
|m_axi_gmem3_ARREGION  |  out|    4|       m_axi|                                                gmem3|       pointer|
|m_axi_gmem3_ARUSER    |  out|    1|       m_axi|                                                gmem3|       pointer|
|m_axi_gmem3_RVALID    |   in|    1|       m_axi|                                                gmem3|       pointer|
|m_axi_gmem3_RREADY    |  out|    1|       m_axi|                                                gmem3|       pointer|
|m_axi_gmem3_RDATA     |   in|  512|       m_axi|                                                gmem3|       pointer|
|m_axi_gmem3_RLAST     |   in|    1|       m_axi|                                                gmem3|       pointer|
|m_axi_gmem3_RID       |   in|    1|       m_axi|                                                gmem3|       pointer|
|m_axi_gmem3_RFIFONUM  |   in|    9|       m_axi|                                                gmem3|       pointer|
|m_axi_gmem3_RUSER     |   in|    1|       m_axi|                                                gmem3|       pointer|
|m_axi_gmem3_RRESP     |   in|    2|       m_axi|                                                gmem3|       pointer|
|m_axi_gmem3_BVALID    |   in|    1|       m_axi|                                                gmem3|       pointer|
|m_axi_gmem3_BREADY    |  out|    1|       m_axi|                                                gmem3|       pointer|
|m_axi_gmem3_BRESP     |   in|    2|       m_axi|                                                gmem3|       pointer|
|m_axi_gmem3_BID       |   in|    1|       m_axi|                                                gmem3|       pointer|
|m_axi_gmem3_BUSER     |   in|    1|       m_axi|                                                gmem3|       pointer|
|v3_address0           |  out|   12|   ap_memory|                                                   v3|         array|
|v3_ce0                |  out|    1|   ap_memory|                                                   v3|         array|
|v3_we0                |  out|    1|   ap_memory|                                                   v3|         array|
|v3_d0                 |  out|   32|   ap_memory|                                                   v3|         array|
|v3_address1           |  out|   12|   ap_memory|                                                   v3|         array|
|v3_ce1                |  out|    1|   ap_memory|                                                   v3|         array|
|v3_we1                |  out|    1|   ap_memory|                                                   v3|         array|
|v3_d1                 |  out|   32|   ap_memory|                                                   v3|         array|
|v3_1_address0         |  out|   12|   ap_memory|                                                 v3_1|         array|
|v3_1_ce0              |  out|    1|   ap_memory|                                                 v3_1|         array|
|v3_1_we0              |  out|    1|   ap_memory|                                                 v3_1|         array|
|v3_1_d0               |  out|   32|   ap_memory|                                                 v3_1|         array|
|v3_1_address1         |  out|   12|   ap_memory|                                                 v3_1|         array|
|v3_1_ce1              |  out|    1|   ap_memory|                                                 v3_1|         array|
|v3_1_we1              |  out|    1|   ap_memory|                                                 v3_1|         array|
|v3_1_d1               |  out|   32|   ap_memory|                                                 v3_1|         array|
|v3_2_address0         |  out|   12|   ap_memory|                                                 v3_2|         array|
|v3_2_ce0              |  out|    1|   ap_memory|                                                 v3_2|         array|
|v3_2_we0              |  out|    1|   ap_memory|                                                 v3_2|         array|
|v3_2_d0               |  out|   32|   ap_memory|                                                 v3_2|         array|
|v3_2_address1         |  out|   12|   ap_memory|                                                 v3_2|         array|
|v3_2_ce1              |  out|    1|   ap_memory|                                                 v3_2|         array|
|v3_2_we1              |  out|    1|   ap_memory|                                                 v3_2|         array|
|v3_2_d1               |  out|   32|   ap_memory|                                                 v3_2|         array|
|v3_3_address0         |  out|   12|   ap_memory|                                                 v3_3|         array|
|v3_3_ce0              |  out|    1|   ap_memory|                                                 v3_3|         array|
|v3_3_we0              |  out|    1|   ap_memory|                                                 v3_3|         array|
|v3_3_d0               |  out|   32|   ap_memory|                                                 v3_3|         array|
|v3_3_address1         |  out|   12|   ap_memory|                                                 v3_3|         array|
|v3_3_ce1              |  out|    1|   ap_memory|                                                 v3_3|         array|
|v3_3_we1              |  out|    1|   ap_memory|                                                 v3_3|         array|
|v3_3_d1               |  out|   32|   ap_memory|                                                 v3_3|         array|
|v3_4_address0         |  out|   12|   ap_memory|                                                 v3_4|         array|
|v3_4_ce0              |  out|    1|   ap_memory|                                                 v3_4|         array|
|v3_4_we0              |  out|    1|   ap_memory|                                                 v3_4|         array|
|v3_4_d0               |  out|   32|   ap_memory|                                                 v3_4|         array|
|v3_4_address1         |  out|   12|   ap_memory|                                                 v3_4|         array|
|v3_4_ce1              |  out|    1|   ap_memory|                                                 v3_4|         array|
|v3_4_we1              |  out|    1|   ap_memory|                                                 v3_4|         array|
|v3_4_d1               |  out|   32|   ap_memory|                                                 v3_4|         array|
|v3_5_address0         |  out|   12|   ap_memory|                                                 v3_5|         array|
|v3_5_ce0              |  out|    1|   ap_memory|                                                 v3_5|         array|
|v3_5_we0              |  out|    1|   ap_memory|                                                 v3_5|         array|
|v3_5_d0               |  out|   32|   ap_memory|                                                 v3_5|         array|
|v3_5_address1         |  out|   12|   ap_memory|                                                 v3_5|         array|
|v3_5_ce1              |  out|    1|   ap_memory|                                                 v3_5|         array|
|v3_5_we1              |  out|    1|   ap_memory|                                                 v3_5|         array|
|v3_5_d1               |  out|   32|   ap_memory|                                                 v3_5|         array|
|v3_6_address0         |  out|   12|   ap_memory|                                                 v3_6|         array|
|v3_6_ce0              |  out|    1|   ap_memory|                                                 v3_6|         array|
|v3_6_we0              |  out|    1|   ap_memory|                                                 v3_6|         array|
|v3_6_d0               |  out|   32|   ap_memory|                                                 v3_6|         array|
|v3_6_address1         |  out|   12|   ap_memory|                                                 v3_6|         array|
|v3_6_ce1              |  out|    1|   ap_memory|                                                 v3_6|         array|
|v3_6_we1              |  out|    1|   ap_memory|                                                 v3_6|         array|
|v3_6_d1               |  out|   32|   ap_memory|                                                 v3_6|         array|
|v3_7_address0         |  out|   12|   ap_memory|                                                 v3_7|         array|
|v3_7_ce0              |  out|    1|   ap_memory|                                                 v3_7|         array|
|v3_7_we0              |  out|    1|   ap_memory|                                                 v3_7|         array|
|v3_7_d0               |  out|   32|   ap_memory|                                                 v3_7|         array|
|v3_7_address1         |  out|   12|   ap_memory|                                                 v3_7|         array|
|v3_7_ce1              |  out|    1|   ap_memory|                                                 v3_7|         array|
|v3_7_we1              |  out|    1|   ap_memory|                                                 v3_7|         array|
|v3_7_d1               |  out|   32|   ap_memory|                                                 v3_7|         array|
|v3_8_address0         |  out|   12|   ap_memory|                                                 v3_8|         array|
|v3_8_ce0              |  out|    1|   ap_memory|                                                 v3_8|         array|
|v3_8_we0              |  out|    1|   ap_memory|                                                 v3_8|         array|
|v3_8_d0               |  out|   32|   ap_memory|                                                 v3_8|         array|
|v3_8_address1         |  out|   12|   ap_memory|                                                 v3_8|         array|
|v3_8_ce1              |  out|    1|   ap_memory|                                                 v3_8|         array|
|v3_8_we1              |  out|    1|   ap_memory|                                                 v3_8|         array|
|v3_8_d1               |  out|   32|   ap_memory|                                                 v3_8|         array|
|v3_9_address0         |  out|   12|   ap_memory|                                                 v3_9|         array|
|v3_9_ce0              |  out|    1|   ap_memory|                                                 v3_9|         array|
|v3_9_we0              |  out|    1|   ap_memory|                                                 v3_9|         array|
|v3_9_d0               |  out|   32|   ap_memory|                                                 v3_9|         array|
|v3_9_address1         |  out|   12|   ap_memory|                                                 v3_9|         array|
|v3_9_ce1              |  out|    1|   ap_memory|                                                 v3_9|         array|
|v3_9_we1              |  out|    1|   ap_memory|                                                 v3_9|         array|
|v3_9_d1               |  out|   32|   ap_memory|                                                 v3_9|         array|
|v3_10_address0        |  out|   12|   ap_memory|                                                v3_10|         array|
|v3_10_ce0             |  out|    1|   ap_memory|                                                v3_10|         array|
|v3_10_we0             |  out|    1|   ap_memory|                                                v3_10|         array|
|v3_10_d0              |  out|   32|   ap_memory|                                                v3_10|         array|
|v3_10_address1        |  out|   12|   ap_memory|                                                v3_10|         array|
|v3_10_ce1             |  out|    1|   ap_memory|                                                v3_10|         array|
|v3_10_we1             |  out|    1|   ap_memory|                                                v3_10|         array|
|v3_10_d1              |  out|   32|   ap_memory|                                                v3_10|         array|
|v3_11_address0        |  out|   12|   ap_memory|                                                v3_11|         array|
|v3_11_ce0             |  out|    1|   ap_memory|                                                v3_11|         array|
|v3_11_we0             |  out|    1|   ap_memory|                                                v3_11|         array|
|v3_11_d0              |  out|   32|   ap_memory|                                                v3_11|         array|
|v3_11_address1        |  out|   12|   ap_memory|                                                v3_11|         array|
|v3_11_ce1             |  out|    1|   ap_memory|                                                v3_11|         array|
|v3_11_we1             |  out|    1|   ap_memory|                                                v3_11|         array|
|v3_11_d1              |  out|   32|   ap_memory|                                                v3_11|         array|
|v3_12_address0        |  out|   12|   ap_memory|                                                v3_12|         array|
|v3_12_ce0             |  out|    1|   ap_memory|                                                v3_12|         array|
|v3_12_we0             |  out|    1|   ap_memory|                                                v3_12|         array|
|v3_12_d0              |  out|   32|   ap_memory|                                                v3_12|         array|
|v3_12_address1        |  out|   12|   ap_memory|                                                v3_12|         array|
|v3_12_ce1             |  out|    1|   ap_memory|                                                v3_12|         array|
|v3_12_we1             |  out|    1|   ap_memory|                                                v3_12|         array|
|v3_12_d1              |  out|   32|   ap_memory|                                                v3_12|         array|
|v3_13_address0        |  out|   12|   ap_memory|                                                v3_13|         array|
|v3_13_ce0             |  out|    1|   ap_memory|                                                v3_13|         array|
|v3_13_we0             |  out|    1|   ap_memory|                                                v3_13|         array|
|v3_13_d0              |  out|   32|   ap_memory|                                                v3_13|         array|
|v3_13_address1        |  out|   12|   ap_memory|                                                v3_13|         array|
|v3_13_ce1             |  out|    1|   ap_memory|                                                v3_13|         array|
|v3_13_we1             |  out|    1|   ap_memory|                                                v3_13|         array|
|v3_13_d1              |  out|   32|   ap_memory|                                                v3_13|         array|
|v3_14_address0        |  out|   12|   ap_memory|                                                v3_14|         array|
|v3_14_ce0             |  out|    1|   ap_memory|                                                v3_14|         array|
|v3_14_we0             |  out|    1|   ap_memory|                                                v3_14|         array|
|v3_14_d0              |  out|   32|   ap_memory|                                                v3_14|         array|
|v3_14_address1        |  out|   12|   ap_memory|                                                v3_14|         array|
|v3_14_ce1             |  out|    1|   ap_memory|                                                v3_14|         array|
|v3_14_we1             |  out|    1|   ap_memory|                                                v3_14|         array|
|v3_14_d1              |  out|   32|   ap_memory|                                                v3_14|         array|
|v3_15_address0        |  out|   12|   ap_memory|                                                v3_15|         array|
|v3_15_ce0             |  out|    1|   ap_memory|                                                v3_15|         array|
|v3_15_we0             |  out|    1|   ap_memory|                                                v3_15|         array|
|v3_15_d0              |  out|   32|   ap_memory|                                                v3_15|         array|
|v3_15_address1        |  out|   12|   ap_memory|                                                v3_15|         array|
|v3_15_ce1             |  out|    1|   ap_memory|                                                v3_15|         array|
|v3_15_we1             |  out|    1|   ap_memory|                                                v3_15|         array|
|v3_15_d1              |  out|   32|   ap_memory|                                                v3_15|         array|
|v3_16_address0        |  out|   12|   ap_memory|                                                v3_16|         array|
|v3_16_ce0             |  out|    1|   ap_memory|                                                v3_16|         array|
|v3_16_we0             |  out|    1|   ap_memory|                                                v3_16|         array|
|v3_16_d0              |  out|   32|   ap_memory|                                                v3_16|         array|
|v3_16_address1        |  out|   12|   ap_memory|                                                v3_16|         array|
|v3_16_ce1             |  out|    1|   ap_memory|                                                v3_16|         array|
|v3_16_we1             |  out|    1|   ap_memory|                                                v3_16|         array|
|v3_16_d1              |  out|   32|   ap_memory|                                                v3_16|         array|
|v3_17_address0        |  out|   12|   ap_memory|                                                v3_17|         array|
|v3_17_ce0             |  out|    1|   ap_memory|                                                v3_17|         array|
|v3_17_we0             |  out|    1|   ap_memory|                                                v3_17|         array|
|v3_17_d0              |  out|   32|   ap_memory|                                                v3_17|         array|
|v3_17_address1        |  out|   12|   ap_memory|                                                v3_17|         array|
|v3_17_ce1             |  out|    1|   ap_memory|                                                v3_17|         array|
|v3_17_we1             |  out|    1|   ap_memory|                                                v3_17|         array|
|v3_17_d1              |  out|   32|   ap_memory|                                                v3_17|         array|
|v3_18_address0        |  out|   12|   ap_memory|                                                v3_18|         array|
|v3_18_ce0             |  out|    1|   ap_memory|                                                v3_18|         array|
|v3_18_we0             |  out|    1|   ap_memory|                                                v3_18|         array|
|v3_18_d0              |  out|   32|   ap_memory|                                                v3_18|         array|
|v3_18_address1        |  out|   12|   ap_memory|                                                v3_18|         array|
|v3_18_ce1             |  out|    1|   ap_memory|                                                v3_18|         array|
|v3_18_we1             |  out|    1|   ap_memory|                                                v3_18|         array|
|v3_18_d1              |  out|   32|   ap_memory|                                                v3_18|         array|
|v3_19_address0        |  out|   12|   ap_memory|                                                v3_19|         array|
|v3_19_ce0             |  out|    1|   ap_memory|                                                v3_19|         array|
|v3_19_we0             |  out|    1|   ap_memory|                                                v3_19|         array|
|v3_19_d0              |  out|   32|   ap_memory|                                                v3_19|         array|
|v3_19_address1        |  out|   12|   ap_memory|                                                v3_19|         array|
|v3_19_ce1             |  out|    1|   ap_memory|                                                v3_19|         array|
|v3_19_we1             |  out|    1|   ap_memory|                                                v3_19|         array|
|v3_19_d1              |  out|   32|   ap_memory|                                                v3_19|         array|
|sext_ln73             |   in|   58|     ap_none|                                            sext_ln73|        scalar|
+----------------------+-----+-----+------------+-----------------------------------------------------+--------------+

