DSE Summary
+----------------------------+------+
| Total Explored             | 1076 |
+----------------------------+------+
| Level 1 Timeout            | 16   |
+----------------------------+------+
| Level 1 Analysis Error     | 0    |
+----------------------------+------+
| Level 1 Early Reject       | 917  |
+----------------------------+------+
| Level 1 Result Unavailable | 0    |
+----------------------------+------+
| Level 2 Timeout            | 11   |
+----------------------------+------+
| Level 2 Analysis Error     | 0    |
+----------------------------+------+
| Level 2 Duplicate          | 5    |
+----------------------------+------+
| Level 2 Result Unavailable | 2    |
+----------------------------+------+

Level 2 Result Details
+-----+----------+-------------------------------+-------------+-------+------+
| ID  |  Perf.   |      BRAM, DSP, LUT, FF       |   Status    | Valid | Time |
+=====+==========+===============================+=============+=======+======+
|  0  | 7.84e+07 |    28.0%, 3.0%, 2.0%, 1.0%    |  Finished   |  Yes  | 0.0  |
+-----+----------+-------------------------------+-------------+-------+------+
|  1  | 8.59e+07 |    29.0%, 3.0%, 2.0%, 1.0%    |  Finished   |  Yes  | 0.0  |
+-----+----------+-------------------------------+-------------+-------+------+
|  2  | 7.92e+07 |    29.0%, 3.0%, 2.0%, 1.0%    |  Finished   |  Yes  | 0.0  |
+-----+----------+-------------------------------+-------------+-------+------+
|  3  | 3.99e+07 |    15.0%, 3.0%, 3.0%, 2.0%    |  Finished   |  Yes  | 0.0  |
+-----+----------+-------------------------------+-------------+-------+------+
|  4  | 8.58e+07 |    29.0%, 3.0%, 2.0%, 1.0%    |  Finished   |  Yes  | 0.0  |
+-----+----------+-------------------------------+-------------+-------+------+
|  5  | 8.02e+07 |    30.0%, 3.0%, 2.0%, 1.0%    |  Finished   |  Yes  | 0.0  |
+-----+----------+-------------------------------+-------------+-------+------+
|  6  |   ----   |             ----              |   Timeout   |  No   | 0.0  |
+-----+----------+-------------------------------+-------------+-------+------+
|  7  | 3.86e+06 |    1.0%, 1.0%, 2.0%, 1.0%     |  Finished   |  Yes  | 0.0  |
+-----+----------+-------------------------------+-------------+-------+------+
|  8  | 8.67e+07 |    30.0%, 3.0%, 2.0%, 1.0%    |  Finished   |  Yes  | 0.0  |
+-----+----------+-------------------------------+-------------+-------+------+
|  9  | 8.51e+07 |  46.0%, 58.0%, 33.0%, 25.0%   |  Finished   |  Yes  | 0.0  |
+-----+----------+-------------------------------+-------------+-------+------+
| 10  | 7.85e+07 |    29.0%, 3.0%, 2.0%, 1.0%    |  Finished   |  Yes  | 0.0  |
+-----+----------+-------------------------------+-------------+-------+------+
| 11  |   ----   |             ----              |   Timeout   |  No   | 0.0  |
+-----+----------+-------------------------------+-------------+-------+------+
| 12  | 7.85e+07 |    29.0%, 3.0%, 2.0%, 1.0%    |  Finished   |  Yes  | 0.0  |
+-----+----------+-------------------------------+-------------+-------+------+
| 13  | 8.58e+07 |    29.0%, 3.0%, 2.0%, 1.0%    |  Finished   |  Yes  | 0.0  |
+-----+----------+-------------------------------+-------------+-------+------+
| 14  | 7.83e+07 |    28.0%, 3.0%, 2.0%, 1.0%    |  Finished   |  Yes  | 0.0  |
+-----+----------+-------------------------------+-------------+-------+------+
| 15  | 8.59e+07 |    29.0%, 3.0%, 2.0%, 1.0%    |  Finished   |  Yes  | 0.0  |
+-----+----------+-------------------------------+-------------+-------+------+
| 16  | 9.32e+07 |    30.0%, 3.0%, 3.0%, 1.0%    |  Finished   |  Yes  | 0.0  |
+-----+----------+-------------------------------+-------------+-------+------+
| 17  | 7.83e+07 |    28.0%, 3.0%, 2.0%, 1.0%    |  Finished   |  Yes  | 0.0  |
+-----+----------+-------------------------------+-------------+-------+------+
| 18  | 7.84e+07 |    28.0%, 3.0%, 2.0%, 1.0%    |  Finished   |  Yes  | 0.0  |
+-----+----------+-------------------------------+-------------+-------+------+
| 19  | 8.59e+07 |    29.0%, 3.0%, 2.0%, 1.0%    |  Finished   |  Yes  | 0.0  |
+-----+----------+-------------------------------+-------------+-------+------+
| 20  | 8.58e+07 |    29.0%, 3.0%, 2.0%, 1.0%    |  Finished   |  Yes  | 0.0  |
+-----+----------+-------------------------------+-------------+-------+------+
| 21  | 7.83e+07 |    28.0%, 3.0%, 2.0%, 1.0%    |  Finished   |  Yes  | 0.0  |
+-----+----------+-------------------------------+-------------+-------+------+
| 22  | 7.85e+07 |    29.0%, 3.0%, 2.0%, 1.0%    |  Finished   |  Yes  | 0.0  |
+-----+----------+-------------------------------+-------------+-------+------+
| 23  | 9.32e+07 |    29.0%, 3.0%, 3.0%, 1.0%    |  Finished   |  Yes  | 0.0  |
+-----+----------+-------------------------------+-------------+-------+------+
| 24  | 7.84e+07 |    28.0%, 3.0%, 2.0%, 1.0%    |  Finished   |  Yes  | 0.0  |
+-----+----------+-------------------------------+-------------+-------+------+
| 25  | 7.84e+07 |    28.0%, 3.0%, 2.0%, 1.0%    |  Finished   |  Yes  | 0.0  |
+-----+----------+-------------------------------+-------------+-------+------+
| 26  | 7.85e+07 |    29.0%, 3.0%, 2.0%, 1.0%    |  Finished   |  Yes  | 0.0  |
+-----+----------+-------------------------------+-------------+-------+------+
| 27  |   ----   |             ----              |   Timeout   |  No   | 0.0  |
+-----+----------+-------------------------------+-------------+-------+------+
| 28  | 8.60e+07 |    29.0%, 3.0%, 2.0%, 1.0%    |  Finished   |  Yes  | 0.0  |
+-----+----------+-------------------------------+-------------+-------+------+
| 29  | 7.92e+07 |    29.0%, 3.0%, 2.0%, 1.0%    |  Finished   |  Yes  | 0.0  |
+-----+----------+-------------------------------+-------------+-------+------+
| 30  | 8.58e+07 |    29.0%, 3.0%, 2.0%, 1.0%    |  Finished   |  Yes  | 0.0  |
+-----+----------+-------------------------------+-------------+-------+------+
| 31  | 8.29e+07 |  48.0%, 58.0%, 27.0%, 24.0%   |  Finished   |  Yes  | 0.0  |
+-----+----------+-------------------------------+-------------+-------+------+
| 32  | 7.71e+06 |    1.0%, 0.0%, 1.0%, 0.0%     |  Finished   |  Yes  | 0.0  |
+-----+----------+-------------------------------+-------------+-------+------+
| 33  | 8.20e+07 |  49.0%, 59.0%, 28.0%, 25.0%   |  Finished   |  Yes  | 0.0  |
+-----+----------+-------------------------------+-------------+-------+------+
| 34  | 9.32e+07 |    29.0%, 3.0%, 2.0%, 1.0%    |  Duplicate  |  Yes  | 0.0  |
+-----+----------+-------------------------------+-------------+-------+------+
| 35  | 4.01e+07 |    15.0%, 3.0%, 2.0%, 1.0%    |  Finished   |  Yes  | 0.0  |
+-----+----------+-------------------------------+-------------+-------+------+
| 36  | 8.67e+07 |    30.0%, 3.0%, 2.0%, 1.0%    |  Finished   |  Yes  | 0.0  |
+-----+----------+-------------------------------+-------------+-------+------+
| 37  | 9.32e+07 |    29.0%, 3.0%, 2.0%, 1.0%    |  Duplicate  |  Yes  | 0.0  |
+-----+----------+-------------------------------+-------------+-------+------+
| 38  | 7.84e+07 |    28.0%, 3.0%, 2.0%, 1.0%    |  Finished   |  Yes  | 0.0  |
+-----+----------+-------------------------------+-------------+-------+------+
| 39  | 7.92e+07 |    29.0%, 3.0%, 2.0%, 1.0%    |  Finished   |  Yes  | 0.0  |
+-----+----------+-------------------------------+-------------+-------+------+
| 40  | 3.99e+07 |    15.0%, 3.0%, 3.0%, 2.0%    |  Finished   |  Yes  | 0.0  |
+-----+----------+-------------------------------+-------------+-------+------+
| 41  | 7.85e+07 |    29.0%, 3.0%, 2.0%, 1.0%    |  Finished   |  Yes  | 0.0  |
+-----+----------+-------------------------------+-------------+-------+------+
| 42  | 8.67e+07 |    30.0%, 3.0%, 2.0%, 1.0%    |  Finished   |  Yes  | 0.0  |
+-----+----------+-------------------------------+-------------+-------+------+
| 43  | 8.20e+07 |  49.0%, 58.0%, 27.0%, 24.0%   |  Finished   |  Yes  | 0.0  |
+-----+----------+-------------------------------+-------------+-------+------+
| 44  |   ----   |             ----              |   Timeout   |  No   | 0.0  |
+-----+----------+-------------------------------+-------------+-------+------+
| 45  | 8.58e+07 |    29.0%, 3.0%, 2.0%, 1.0%    |  Finished   |  Yes  | 0.0  |
+-----+----------+-------------------------------+-------------+-------+------+
| 46  | 8.20e+07 |  49.0%, 58.0%, 27.0%, 24.0%   |  Finished   |  Yes  | 0.0  |
+-----+----------+-------------------------------+-------------+-------+------+
| 47  | 1.56e+06 |    1.0%, 1.0%, 2.0%, 1.0%     |  Finished   |  Yes  | 0.0  |
+-----+----------+-------------------------------+-------------+-------+------+
| 48  | 7.92e+07 |    29.0%, 3.0%, 2.0%, 1.0%    |  Finished   |  Yes  | 0.0  |
+-----+----------+-------------------------------+-------------+-------+------+
| 49  | 8.58e+07 |    29.0%, 3.0%, 2.0%, 1.0%    |  Finished   |  Yes  | 0.0  |
+-----+----------+-------------------------------+-------------+-------+------+
| 50  | 7.92e+07 |    29.0%, 3.0%, 2.0%, 1.0%    |  Finished   |  Yes  | 0.0  |
+-----+----------+-------------------------------+-------------+-------+------+
| 51  | 1.18e+08 |  16.0%, 58.0%, 65.0%, 30.0%   |  Finished   |  Yes  | 0.0  |
+-----+----------+-------------------------------+-------------+-------+------+
| 52  | 8.20e+07 |  49.0%, 59.0%, 28.0%, 24.0%   |  Finished   |  Yes  | 0.0  |
+-----+----------+-------------------------------+-------------+-------+------+
| 53  | 8.59e+07 |    29.0%, 3.0%, 2.0%, 1.0%    |  Finished   |  Yes  | 0.0  |
+-----+----------+-------------------------------+-------------+-------+------+
| 54  | 9.01e+07 |  45.0%, 58.0%, 33.0%, 25.0%   |  Finished   |  Yes  | 0.0  |
+-----+----------+-------------------------------+-------------+-------+------+
| 55  | 8.86e+07 | 16.0%, 174.0%, 110.0%, 79.0%  |  Finished   |  No   | 0.0  |
+-----+----------+-------------------------------+-------------+-------+------+
| 56  | 7.84e+07 |    28.0%, 3.0%, 2.0%, 1.0%    |  Finished   |  Yes  | 0.0  |
+-----+----------+-------------------------------+-------------+-------+------+
| 57  | 7.84e+07 |    28.0%, 3.0%, 2.0%, 1.0%    |  Finished   |  Yes  | 0.0  |
+-----+----------+-------------------------------+-------------+-------+------+
| 58  |   ----   |             ----              |   Timeout   |  No   | 0.0  |
+-----+----------+-------------------------------+-------------+-------+------+
| 59  | 8.59e+07 |    29.0%, 3.0%, 2.0%, 1.0%    |  Finished   |  Yes  | 0.0  |
+-----+----------+-------------------------------+-------------+-------+------+
| 60  | 8.35e+07 |  46.0%, 59.0%, 33.0%, 25.0%   |  Finished   |  Yes  | 0.0  |
+-----+----------+-------------------------------+-------------+-------+------+
| 61  |   ----   |             ----              | Unavailable |  No   | 0.0  |
+-----+----------+-------------------------------+-------------+-------+------+
| 62  |   ----   |             ----              | Unavailable |  No   | 0.0  |
+-----+----------+-------------------------------+-------------+-------+------+
| 63  |   ----   |             ----              |   Timeout   |  No   | 0.0  |
+-----+----------+-------------------------------+-------------+-------+------+
| 64  | 8.59e+07 |    29.0%, 3.0%, 2.0%, 1.0%    |  Finished   |  Yes  | 0.0  |
+-----+----------+-------------------------------+-------------+-------+------+
| 65  | 8.58e+07 |    29.0%, 3.0%, 2.0%, 1.0%    |  Finished   |  Yes  | 0.0  |
+-----+----------+-------------------------------+-------------+-------+------+
| 66  | 7.84e+07 |    28.0%, 3.0%, 2.0%, 1.0%    |  Finished   |  Yes  | 0.0  |
+-----+----------+-------------------------------+-------------+-------+------+
| 67  | 8.21e+07 |  49.0%, 58.0%, 27.0%, 24.0%   |  Finished   |  Yes  | 0.0  |
+-----+----------+-------------------------------+-------------+-------+------+
| 68  | 8.02e+07 |    30.0%, 3.0%, 2.0%, 1.0%    |  Finished   |  Yes  | 0.0  |
+-----+----------+-------------------------------+-------------+-------+------+
| 69  | 7.85e+07 |    29.0%, 3.0%, 2.0%, 1.0%    |  Finished   |  Yes  | 0.0  |
+-----+----------+-------------------------------+-------------+-------+------+
| 70  | 7.85e+07 |    29.0%, 3.0%, 2.0%, 1.0%    |  Finished   |  Yes  | 0.0  |
+-----+----------+-------------------------------+-------------+-------+------+
| 71  | 3.99e+07 |    15.0%, 3.0%, 3.0%, 2.0%    |  Finished   |  Yes  | 0.0  |
+-----+----------+-------------------------------+-------------+-------+------+
| 72  | 7.83e+07 |    28.0%, 3.0%, 2.0%, 1.0%    |  Finished   |  Yes  | 0.0  |
+-----+----------+-------------------------------+-------------+-------+------+
| 73  | 8.40e+07 |  50.0%, 58.0%, 27.0%, 24.0%   |  Finished   |  Yes  | 0.0  |
+-----+----------+-------------------------------+-------------+-------+------+
| 74  | 8.58e+07 |    29.0%, 3.0%, 2.0%, 1.0%    |  Finished   |  Yes  | 0.0  |
+-----+----------+-------------------------------+-------------+-------+------+
| 75  |   ----   |             ----              |   Timeout   |  No   | 0.0  |
+-----+----------+-------------------------------+-------------+-------+------+
| 76  | 7.83e+07 |    28.0%, 3.0%, 2.0%, 1.0%    |  Finished   |  Yes  | 0.0  |
+-----+----------+-------------------------------+-------------+-------+------+
| 77  | 8.60e+07 |    29.0%, 3.0%, 2.0%, 1.0%    |  Finished   |  Yes  | 0.0  |
+-----+----------+-------------------------------+-------------+-------+------+
| 78  | 7.83e+07 |    28.0%, 3.0%, 2.0%, 1.0%    |  Finished   |  Yes  | 0.0  |
+-----+----------+-------------------------------+-------------+-------+------+
| 79  | 7.92e+07 |    29.0%, 3.0%, 2.0%, 1.0%    |  Finished   |  Yes  | 0.0  |
+-----+----------+-------------------------------+-------------+-------+------+
| 80  | 7.83e+07 |    28.0%, 3.0%, 2.0%, 1.0%    |  Finished   |  Yes  | 0.0  |
+-----+----------+-------------------------------+-------------+-------+------+
| 81  | 8.59e+07 |    29.0%, 3.0%, 2.0%, 1.0%    |  Finished   |  Yes  | 0.0  |
+-----+----------+-------------------------------+-------------+-------+------+
| 82  | 8.60e+07 |    29.0%, 3.0%, 2.0%, 1.0%    |  Finished   |  Yes  | 0.0  |
+-----+----------+-------------------------------+-------------+-------+------+
| 83  | 7.92e+07 |    29.0%, 3.0%, 2.0%, 1.0%    |  Finished   |  Yes  | 0.0  |
+-----+----------+-------------------------------+-------------+-------+------+
| 84  | 7.84e+07 |    28.0%, 3.0%, 2.0%, 1.0%    |  Finished   |  Yes  | 0.0  |
+-----+----------+-------------------------------+-------------+-------+------+
| 85  | 8.82e+07 |  45.0%, 58.0%, 30.0%, 32.0%   |  Finished   |  Yes  | 0.0  |
+-----+----------+-------------------------------+-------------+-------+------+
| 86  | 8.58e+07 |    29.0%, 3.0%, 2.0%, 1.0%    |  Finished   |  Yes  | 0.0  |
+-----+----------+-------------------------------+-------------+-------+------+
| 87  |   ----   |             ----              |   Timeout   |  No   | 0.0  |
+-----+----------+-------------------------------+-------------+-------+------+
| 88  | 4.00e+07 |    15.0%, 3.0%, 3.0%, 2.0%    |  Finished   |  Yes  | 0.0  |
+-----+----------+-------------------------------+-------------+-------+------+
| 89  | 8.58e+07 |    29.0%, 3.0%, 2.0%, 1.0%    |  Finished   |  Yes  | 0.0  |
+-----+----------+-------------------------------+-------------+-------+------+
| 90  | 9.25e+06 |    1.0%, 0.0%, 1.0%, 0.0%     |  Finished   |  Yes  | 0.0  |
+-----+----------+-------------------------------+-------------+-------+------+
| 91  | 7.92e+07 |    29.0%, 3.0%, 2.0%, 1.0%    |  Finished   |  Yes  | 0.0  |
+-----+----------+-------------------------------+-------------+-------+------+
| 92  | 1.12e+08 |  60.0%, 58.0%, 27.0%, 24.0%   |  Finished   |  Yes  | 0.0  |
+-----+----------+-------------------------------+-------------+-------+------+
| 93  | 8.82e+07 |  45.0%, 58.0%, 33.0%, 25.0%   |  Finished   |  Yes  | 0.0  |
+-----+----------+-------------------------------+-------------+-------+------+
| 94  | 8.20e+07 |  49.0%, 58.0%, 27.0%, 24.0%   |  Finished   |  Yes  | 0.0  |
+-----+----------+-------------------------------+-------------+-------+------+
| 95  | 7.83e+07 |    28.0%, 3.0%, 2.0%, 1.0%    |  Finished   |  Yes  | 0.0  |
+-----+----------+-------------------------------+-------------+-------+------+
| 96  | 3.99e+07 |    15.0%, 3.0%, 3.0%, 2.0%    |  Finished   |  Yes  | 0.0  |
+-----+----------+-------------------------------+-------------+-------+------+
| 97  | 6.94e+06 |    1.0%, 1.0%, 2.0%, 1.0%     |  Finished   |  Yes  | 0.0  |
+-----+----------+-------------------------------+-------------+-------+------+
| 98  | 7.85e+07 |    29.0%, 3.0%, 2.0%, 1.0%    |  Finished   |  Yes  | 0.0  |
+-----+----------+-------------------------------+-------------+-------+------+
| 99  |   ----   |             ----              |   Timeout   |  No   | 0.0  |
+-----+----------+-------------------------------+-------------+-------+------+
| 100 | 1.23e+07 |    1.0%, 0.0%, 1.0%, 0.0%     |  Finished   |  Yes  | 0.0  |
+-----+----------+-------------------------------+-------------+-------+------+
| 101 | 8.90e+07 |  45.0%, 58.0%, 28.0%, 28.0%   |  Finished   |  Yes  | 0.0  |
+-----+----------+-------------------------------+-------------+-------+------+
| 102 | 2.33e+06 |    1.0%, 1.0%, 2.0%, 1.0%     |  Finished   |  Yes  | 0.0  |
+-----+----------+-------------------------------+-------------+-------+------+
| 103 | 7.85e+07 |    29.0%, 3.0%, 2.0%, 1.0%    |  Finished   |  Yes  | 0.0  |
+-----+----------+-------------------------------+-------------+-------+------+
| 104 | 8.59e+07 |    29.0%, 3.0%, 2.0%, 1.0%    |  Finished   |  Yes  | 0.0  |
+-----+----------+-------------------------------+-------------+-------+------+
| 105 | 8.60e+07 |    29.0%, 3.0%, 2.0%, 1.0%    |  Finished   |  Yes  | 0.0  |
+-----+----------+-------------------------------+-------------+-------+------+
| 106 | 7.83e+07 |    28.0%, 3.0%, 2.0%, 1.0%    |  Finished   |  Yes  | 0.0  |
+-----+----------+-------------------------------+-------------+-------+------+
| 107 |   ----   |             ----              |   Timeout   |  No   | 0.0  |
+-----+----------+-------------------------------+-------------+-------+------+
| 108 | 3.99e+07 |    15.0%, 3.0%, 3.0%, 2.0%    |  Finished   |  Yes  | 0.0  |
+-----+----------+-------------------------------+-------------+-------+------+
| 109 | 8.28e+07 |  46.0%, 59.0%, 33.0%, 25.0%   |  Finished   |  Yes  | 0.0  |
+-----+----------+-------------------------------+-------------+-------+------+
| 110 | 8.58e+07 |    29.0%, 3.0%, 2.0%, 1.0%    |  Duplicate  |  Yes  | 0.0  |
+-----+----------+-------------------------------+-------------+-------+------+
| 111 | 7.92e+07 |    29.0%, 3.0%, 2.0%, 1.0%    |  Finished   |  Yes  | 0.0  |
+-----+----------+-------------------------------+-------------+-------+------+
| 112 | 7.85e+07 |    29.0%, 3.0%, 2.0%, 1.0%    |  Finished   |  Yes  | 0.0  |
+-----+----------+-------------------------------+-------------+-------+------+
| 113 | 8.67e+07 |    30.0%, 3.0%, 2.0%, 1.0%    |  Finished   |  Yes  | 0.0  |
+-----+----------+-------------------------------+-------------+-------+------+
| 114 | 9.32e+07 |    29.0%, 3.0%, 3.0%, 1.0%    |  Finished   |  Yes  | 0.0  |
+-----+----------+-------------------------------+-------------+-------+------+
| 115 |   ----   |             ----              |   Timeout   |  No   | 0.0  |
+-----+----------+-------------------------------+-------------+-------+------+
| 116 | 8.58e+07 |    29.0%, 3.0%, 2.0%, 1.0%    |  Duplicate  |  Yes  | 0.0  |
+-----+----------+-------------------------------+-------------+-------+------+
| 117 | 8.46e+07 |    32.0%, 3.0%, 2.0%, 1.0%    |  Duplicate  |  Yes  | 0.0  |
+-----+----------+-------------------------------+-------------+-------+------+
| 118 | 7.82e+07 | 14.0%, 465.0%, 203.0%, 186.0% |  Finished   |  No   | 0.0  |
+-----+----------+-------------------------------+-------------+-------+------+
| 119 | 7.83e+07 |    28.0%, 3.0%, 2.0%, 1.0%    |  Finished   |  Yes  | 0.0  |
+-----+----------+-------------------------------+-------------+-------+------+
| 120 | 8.70e+07 |  50.0%, 58.0%, 27.0%, 24.0%   |  Finished   |  Yes  | 0.0  |
+-----+----------+-------------------------------+-------------+-------+------+
| 121 | 7.92e+07 |    29.0%, 3.0%, 2.0%, 1.0%    |  Finished   |  Yes  | 0.0  |
+-----+----------+-------------------------------+-------------+-------+------+
| 122 | 9.32e+07 |    30.0%, 3.0%, 3.0%, 1.0%    |  Finished   |  Yes  | 0.0  |
+-----+----------+-------------------------------+-------------+-------+------+
| 123 | 9.31e+07 |  45.0%, 58.0%, 33.0%, 25.0%   |  Finished   |  Yes  | 0.0  |
+-----+----------+-------------------------------+-------------+-------+------+
| 124 | 7.84e+07 |    28.0%, 3.0%, 2.0%, 1.0%    |  Finished   |  Yes  | 0.0  |
+-----+----------+-------------------------------+-------------+-------+------+

Explored Points
+-----+-----------+-----------+-----------+-----------+-----------+----------+----------+----------+
| ID  | __PARA__L | __PARA__L | __PARA__L | __PARA__L | __PARA__L | __PIPE__ | __PIPE__ | __PIPE__ |
|     |     0     |     1     |     2     |     3     |     4     |    L0    |    L1    |    L2    |
+=====+===========+===========+===========+===========+===========+==========+==========+==========+
|  0  |     1     |     2     |     4     |     8     |     8     |   off    |          |          |
+-----+-----------+-----------+-----------+-----------+-----------+----------+----------+----------+
|  1  |     1     |     2     |     4     |     8     |     8     |   off    |          |   off    |
+-----+-----------+-----------+-----------+-----------+-----------+----------+----------+----------+
|  2  |     1     |     2     |    31     |     8     |     8     |   off    |          |          |
+-----+-----------+-----------+-----------+-----------+-----------+----------+----------+----------+
|  3  |     1     |     2     |     1     |     8     |     8     |   off    |          |   off    |
+-----+-----------+-----------+-----------+-----------+-----------+----------+----------+----------+
|  4  |     1     |     2     |     4     |     8     |     8     |   off    |          |   off    |
+-----+-----------+-----------+-----------+-----------+-----------+----------+----------+----------+
|  5  |     1     |     2     |    62     |     8     |     8     |   off    |          |   off    |
+-----+-----------+-----------+-----------+-----------+-----------+----------+----------+----------+
|  6  |     1     |     2     |    124    |     8     |     8     |   off    |          |   off    |
+-----+-----------+-----------+-----------+-----------+-----------+----------+----------+----------+
|  7  |     1     |     1     |     1     |     8     |     2     |   off    |   off    |   off    |
+-----+-----------+-----------+-----------+-----------+-----------+----------+----------+----------+
|  8  |     1     |     2     |    31     |     8     |     8     |   off    |          |   off    |
+-----+-----------+-----------+-----------+-----------+-----------+----------+----------+----------+
|  9  |     1     |     1     |     1     |     2     |     1     |   off    |   off    | flatten  |
+-----+-----------+-----------+-----------+-----------+-----------+----------+----------+----------+
| 10  |     1     |     2     |     8     |     8     |     8     |   off    |          |   off    |
+-----+-----------+-----------+-----------+-----------+-----------+----------+----------+----------+
| 11  |     1     |     1     |    31     |     1     |     1     |   off    | flatten  |   off    |
+-----+-----------+-----------+-----------+-----------+-----------+----------+----------+----------+
| 12  |     1     |     2     |     8     |     8     |     8     |   off    |          |   off    |
+-----+-----------+-----------+-----------+-----------+-----------+----------+----------+----------+
| 13  |     1     |     2     |     2     |     8     |     8     |   off    |          |          |
+-----+-----------+-----------+-----------+-----------+-----------+----------+----------+----------+
| 14  |     1     |     2     |     2     |     8     |     8     |   off    |          |   off    |
+-----+-----------+-----------+-----------+-----------+-----------+----------+----------+----------+
| 15  |     1     |     2     |    31     |     8     |     8     |   off    |          |   off    |
+-----+-----------+-----------+-----------+-----------+-----------+----------+----------+----------+
| 16  |     1     |     2     |    31     |     8     |     8     |   off    |          |   off    |
+-----+-----------+-----------+-----------+-----------+-----------+----------+----------+----------+
| 17  |     1     |     2     |     2     |     8     |     8     |   off    |          |          |
+-----+-----------+-----------+-----------+-----------+-----------+----------+----------+----------+
| 18  |     1     |     2     |     4     |     8     |     8     |   off    |          |   off    |
+-----+-----------+-----------+-----------+-----------+-----------+----------+----------+----------+
| 19  |     1     |     2     |     4     |     8     |     8     |   off    |          |          |
+-----+-----------+-----------+-----------+-----------+-----------+----------+----------+----------+
| 20  |     1     |     2     |     2     |     8     |     8     |   off    |          |          |
+-----+-----------+-----------+-----------+-----------+-----------+----------+----------+----------+
| 21  |     1     |     2     |     2     |     8     |     8     |   off    |          |   off    |
+-----+-----------+-----------+-----------+-----------+-----------+----------+----------+----------+
| 22  |     1     |     2     |     8     |     8     |     8     |   off    |          |          |
+-----+-----------+-----------+-----------+-----------+-----------+----------+----------+----------+
| 23  |     1     |     2     |     4     |     8     |     8     |   off    |          |          |
+-----+-----------+-----------+-----------+-----------+-----------+----------+----------+----------+
| 24  |     1     |     2     |     4     |     8     |     8     |   off    |          |   off    |
+-----+-----------+-----------+-----------+-----------+-----------+----------+----------+----------+
| 25  |     1     |     2     |     4     |     8     |     8     |   off    |          |          |
+-----+-----------+-----------+-----------+-----------+-----------+----------+----------+----------+
| 26  |     1     |     2     |     8     |     8     |     8     |   off    |          |   off    |
+-----+-----------+-----------+-----------+-----------+-----------+----------+----------+----------+
| 27  |     1     |     1     |     1     |     1     |     1     |   off    | flatten  |   off    |
+-----+-----------+-----------+-----------+-----------+-----------+----------+----------+----------+
| 28  |     1     |     2     |     8     |     8     |     8     |   off    |          |   off    |
+-----+-----------+-----------+-----------+-----------+-----------+----------+----------+----------+
| 29  |     1     |     2     |    31     |     8     |     8     |   off    |          |   off    |
+-----+-----------+-----------+-----------+-----------+-----------+----------+----------+----------+
| 30  |     1     |     2     |     4     |     8     |     8     |   off    |          |          |
+-----+-----------+-----------+-----------+-----------+-----------+----------+----------+----------+
| 31  |     1     |     1     |     1     |     1     |     1     |   off    | flatten  |   off    |
+-----+-----------+-----------+-----------+-----------+-----------+----------+----------+----------+
| 32  |     1     |     1     |     1     |     4     |     1     |   off    |   off    |   off    |
+-----+-----------+-----------+-----------+-----------+-----------+----------+----------+----------+
| 33  |     1     |     1     |     1     |     1     |     8     |   off    | flatten  |          |
+-----+-----------+-----------+-----------+-----------+-----------+----------+----------+----------+
| 34  |     1     |     2     |     2     |     8     |     8     |   off    |          |   off    |
+-----+-----------+-----------+-----------+-----------+-----------+----------+----------+----------+
| 35  |     1     |     8     |     1     |     8     |     8     |   off    |   off    |   off    |
+-----+-----------+-----------+-----------+-----------+-----------+----------+----------+----------+
| 36  |     1     |     2     |    31     |     8     |     8     |   off    |          |          |
+-----+-----------+-----------+-----------+-----------+-----------+----------+----------+----------+
| 37  |     1     |     2     |     2     |     8     |     8     |   off    |          |          |
+-----+-----------+-----------+-----------+-----------+-----------+----------+----------+----------+
| 38  |     1     |     2     |     4     |     8     |     8     |   off    |          |   off    |
+-----+-----------+-----------+-----------+-----------+-----------+----------+----------+----------+
| 39  |     1     |     2     |    31     |     8     |     8     |   off    |          |   off    |
+-----+-----------+-----------+-----------+-----------+-----------+----------+----------+----------+
| 40  |     1     |     2     |     1     |     8     |     8     |   off    |          |   off    |
+-----+-----------+-----------+-----------+-----------+-----------+----------+----------+----------+
| 41  |     1     |     2     |     8     |     8     |     8     |   off    |          |   off    |
+-----+-----------+-----------+-----------+-----------+-----------+----------+----------+----------+
| 42  |     1     |     2     |    31     |     8     |     8     |   off    |          |          |
+-----+-----------+-----------+-----------+-----------+-----------+----------+----------+----------+
| 43  |     1     |     1     |     1     |     1     |     1     |   off    | flatten  |   off    |
+-----+-----------+-----------+-----------+-----------+-----------+----------+----------+----------+
| 44  |     1     |     1     |    31     |     1     |     1     |   off    | flatten  |          |
+-----+-----------+-----------+-----------+-----------+-----------+----------+----------+----------+
| 45  |     1     |     2     |     4     |     8     |     8     |   off    |          |   off    |
+-----+-----------+-----------+-----------+-----------+-----------+----------+----------+----------+
| 46  |     1     |     1     |     1     |     1     |     1     |   off    | flatten  |          |
+-----+-----------+-----------+-----------+-----------+-----------+----------+----------+----------+
| 47  |     1     |     1     |     1     |     8     |     8     |   off    |   off    |   off    |
+-----+-----------+-----------+-----------+-----------+-----------+----------+----------+----------+
| 48  |     1     |     2     |    31     |     8     |     8     |   off    |          |          |
+-----+-----------+-----------+-----------+-----------+-----------+----------+----------+----------+
| 49  |     1     |     2     |     4     |     8     |     8     |   off    |          |          |
+-----+-----------+-----------+-----------+-----------+-----------+----------+----------+----------+
| 50  |     1     |     2     |    31     |     8     |     8     |   off    |          |   off    |
+-----+-----------+-----------+-----------+-----------+-----------+----------+----------+----------+
| 51  |     1     |     1     |     1     |     1     |     1     |   off    |   off    | flatten  |
+-----+-----------+-----------+-----------+-----------+-----------+----------+----------+----------+
| 52  |     1     |     1     |     1     |     1     |     4     |   off    | flatten  |          |
+-----+-----------+-----------+-----------+-----------+-----------+----------+----------+----------+
| 53  |     1     |     2     |    31     |     8     |     8     |   off    |          |          |
+-----+-----------+-----------+-----------+-----------+-----------+----------+----------+----------+
| 54  |     1     |     1     |     1     |     1     |     1     |   off    |   off    | flatten  |
+-----+-----------+-----------+-----------+-----------+-----------+----------+----------+----------+
| 55  |     1     |     1     |     2     |     1     |     1     |   off    |   off    | flatten  |
+-----+-----------+-----------+-----------+-----------+-----------+----------+----------+----------+
| 56  |     1     |     2     |     4     |     8     |     8     |   off    |          |   off    |
+-----+-----------+-----------+-----------+-----------+-----------+----------+----------+----------+
| 57  |     1     |     2     |     4     |     8     |     8     |   off    |          |          |
+-----+-----------+-----------+-----------+-----------+-----------+----------+----------+----------+
| 58  |     1     |     1     |     1     |     1     |     1     |   off    |   off    | flatten  |
+-----+-----------+-----------+-----------+-----------+-----------+----------+----------+----------+
| 59  |     1     |     2     |     4     |     8     |     8     |   off    |          |   off    |
+-----+-----------+-----------+-----------+-----------+-----------+----------+----------+----------+
| 60  |     1     |     1     |     1     |     4     |     1     |   off    |   off    | flatten  |
+-----+-----------+-----------+-----------+-----------+-----------+----------+----------+----------+
| 61  |    100    |     1     |     1     |     1     |     1     | flatten  |   off    |   off    |
+-----+-----------+-----------+-----------+-----------+-----------+----------+----------+----------+
| 62  |     1     |     1     |     1     |     1     |     1     |   off    | flatten  | flatten  |
+-----+-----------+-----------+-----------+-----------+-----------+----------+----------+----------+
| 63  |     1     |     1     |    31     |     1     |     1     |   off    |   off    | flatten  |
+-----+-----------+-----------+-----------+-----------+-----------+----------+----------+----------+
| 64  |     1     |     2     |    31     |     8     |     8     |   off    |          |   off    |
+-----+-----------+-----------+-----------+-----------+-----------+----------+----------+----------+
| 65  |     1     |     2     |     2     |     8     |     8     |   off    |          |   off    |
+-----+-----------+-----------+-----------+-----------+-----------+----------+----------+----------+
| 66  |     1     |     2     |     4     |     8     |     8     |   off    |          |          |
+-----+-----------+-----------+-----------+-----------+-----------+----------+----------+----------+
| 67  |     1     |     1     |     1     |     1     |     1     |   off    | flatten  |   off    |
+-----+-----------+-----------+-----------+-----------+-----------+----------+----------+----------+
| 68  |     1     |     2     |    62     |     8     |     8     |   off    |          |          |
+-----+-----------+-----------+-----------+-----------+-----------+----------+----------+----------+
| 69  |     1     |     2     |     8     |     8     |     8     |   off    |          |          |
+-----+-----------+-----------+-----------+-----------+-----------+----------+----------+----------+
| 70  |     1     |     2     |     8     |     8     |     8     |   off    |          |          |
+-----+-----------+-----------+-----------+-----------+-----------+----------+----------+----------+
| 71  |     1     |     2     |     1     |     8     |     8     |   off    |          |   off    |
+-----+-----------+-----------+-----------+-----------+-----------+----------+----------+----------+
| 72  |     1     |     2     |     2     |     8     |     8     |   off    |          |   off    |
+-----+-----------+-----------+-----------+-----------+-----------+----------+----------+----------+
| 73  |     1     |     1     |     1     |     1     |     1     |   off    | flatten  |   off    |
+-----+-----------+-----------+-----------+-----------+-----------+----------+----------+----------+
| 74  |     1     |     2     |     2     |     8     |     8     |   off    |          |   off    |
+-----+-----------+-----------+-----------+-----------+-----------+----------+----------+----------+
| 75  |     1     |     1     |    31     |     1     |     8     |   off    | flatten  |          |
+-----+-----------+-----------+-----------+-----------+-----------+----------+----------+----------+
| 76  |     1     |     2     |     2     |     8     |     8     |   off    |          |          |
+-----+-----------+-----------+-----------+-----------+-----------+----------+----------+----------+
| 77  |     1     |     2     |     8     |     8     |     8     |   off    |          |          |
+-----+-----------+-----------+-----------+-----------+-----------+----------+----------+----------+
| 78  |     1     |     2     |     2     |     8     |     8     |   off    |          |          |
+-----+-----------+-----------+-----------+-----------+-----------+----------+----------+----------+
| 79  |     1     |     2     |    31     |     8     |     8     |   off    |          |          |
+-----+-----------+-----------+-----------+-----------+-----------+----------+----------+----------+
| 80  |     1     |     2     |     2     |     8     |     8     |   off    |          |          |
+-----+-----------+-----------+-----------+-----------+-----------+----------+----------+----------+
| 81  |     1     |     2     |     4     |     8     |     8     |   off    |          |          |
+-----+-----------+-----------+-----------+-----------+-----------+----------+----------+----------+
| 82  |     1     |     2     |     8     |     8     |     8     |   off    |          |          |
+-----+-----------+-----------+-----------+-----------+-----------+----------+----------+----------+
| 83  |     1     |     2     |    31     |     8     |     8     |   off    |          |          |
+-----+-----------+-----------+-----------+-----------+-----------+----------+----------+----------+
| 84  |     1     |     2     |     4     |     8     |     8     |   off    |          |          |
+-----+-----------+-----------+-----------+-----------+-----------+----------+----------+----------+
| 85  |     1     |     1     |     1     |     1     |     1     |   off    |   off    | flatten  |
+-----+-----------+-----------+-----------+-----------+-----------+----------+----------+----------+
| 86  |     1     |     2     |     2     |     8     |     8     |   off    |          |   off    |
+-----+-----------+-----------+-----------+-----------+-----------+----------+----------+----------+
| 87  |     1     |     1     |     8     |     1     |     1     |   off    |   off    | flatten  |
+-----+-----------+-----------+-----------+-----------+-----------+----------+----------+----------+
| 88  |     1     |     4     |     1     |     8     |     8     |   off    |   off    |   off    |
+-----+-----------+-----------+-----------+-----------+-----------+----------+----------+----------+
| 89  |     1     |     2     |     2     |     8     |     8     |   off    |          |          |
+-----+-----------+-----------+-----------+-----------+-----------+----------+----------+----------+
| 90  |     1     |     1     |     1     |     2     |     1     |   off    |   off    |   off    |
+-----+-----------+-----------+-----------+-----------+-----------+----------+----------+----------+
| 91  |     1     |     2     |    31     |     8     |     8     |   off    |          |   off    |
+-----+-----------+-----------+-----------+-----------+-----------+----------+----------+----------+
| 92  |     1     |     1     |     1     |     1     |     1     |   off    | flatten  |   off    |
+-----+-----------+-----------+-----------+-----------+-----------+----------+----------+----------+
| 93  |     1     |     1     |     1     |     1     |     1     |   off    |   off    | flatten  |
+-----+-----------+-----------+-----------+-----------+-----------+----------+----------+----------+
| 94  |     1     |     1     |     1     |     1     |     2     |   off    | flatten  |          |
+-----+-----------+-----------+-----------+-----------+-----------+----------+----------+----------+
| 95  |     1     |     2     |     2     |     8     |     8     |   off    |          |   off    |
+-----+-----------+-----------+-----------+-----------+-----------+----------+----------+----------+
| 96  |     1     |     2     |     1     |     8     |     8     |   off    |          |   off    |
+-----+-----------+-----------+-----------+-----------+-----------+----------+----------+----------+
| 97  |     1     |     1     |     1     |     8     |     1     |   off    |   off    |   off    |
+-----+-----------+-----------+-----------+-----------+-----------+----------+----------+----------+
| 98  |     1     |     2     |     8     |     8     |     8     |   off    |          |          |
+-----+-----------+-----------+-----------+-----------+-----------+----------+----------+----------+
| 99  |     1     |     1     |     4     |     1     |     1     |   off    |   off    | flatten  |
+-----+-----------+-----------+-----------+-----------+-----------+----------+----------+----------+
| 100 |     1     |     1     |     1     |     1     |     1     |   off    |   off    |   off    |
+-----+-----------+-----------+-----------+-----------+-----------+----------+----------+----------+
| 101 |     1     |     1     |     1     |     1     |     1     |   off    |   off    | flatten  |
+-----+-----------+-----------+-----------+-----------+-----------+----------+----------+----------+
| 102 |     1     |     1     |     1     |     8     |     4     |   off    |   off    |   off    |
+-----+-----------+-----------+-----------+-----------+-----------+----------+----------+----------+
| 103 |     1     |     2     |     8     |     8     |     8     |   off    |          |   off    |
+-----+-----------+-----------+-----------+-----------+-----------+----------+----------+----------+
| 104 |     1     |     2     |    31     |     8     |     8     |   off    |          |          |
+-----+-----------+-----------+-----------+-----------+-----------+----------+----------+----------+
| 105 |     1     |     2     |     8     |     8     |     8     |   off    |          |   off    |
+-----+-----------+-----------+-----------+-----------+-----------+----------+----------+----------+
| 106 |     1     |     2     |     2     |     8     |     8     |   off    |          |   off    |
+-----+-----------+-----------+-----------+-----------+-----------+----------+----------+----------+
| 107 |     1     |     1     |     1     |     1     |     1     |   off    | flatten  |   off    |
+-----+-----------+-----------+-----------+-----------+-----------+----------+----------+----------+
| 108 |     1     |     2     |     1     |     8     |     8     |   off    |   off    |   off    |
+-----+-----------+-----------+-----------+-----------+-----------+----------+----------+----------+
| 109 |     1     |     1     |     1     |     8     |     1     |   off    |   off    | flatten  |
+-----+-----------+-----------+-----------+-----------+-----------+----------+----------+----------+
| 110 |     1     |     2     |     2     |     8     |     8     |   off    |          |   off    |
+-----+-----------+-----------+-----------+-----------+-----------+----------+----------+----------+
| 111 |     1     |     2     |    31     |     8     |     8     |   off    |          |          |
+-----+-----------+-----------+-----------+-----------+-----------+----------+----------+----------+
| 112 |     1     |     2     |     8     |     8     |     8     |   off    |          |          |
+-----+-----------+-----------+-----------+-----------+-----------+----------+----------+----------+
| 113 |     1     |     2     |    31     |     8     |     8     |   off    |          |   off    |
+-----+-----------+-----------+-----------+-----------+-----------+----------+----------+----------+
| 114 |     1     |     2     |     4     |     8     |     8     |   off    |          |   off    |
+-----+-----------+-----------+-----------+-----------+-----------+----------+----------+----------+
| 115 |     1     |     1     |     1     |     1     |     1     |   off    |   off    | flatten  |
+-----+-----------+-----------+-----------+-----------+-----------+----------+----------+----------+
| 116 |     1     |     2     |     2     |     8     |     8     |   off    |          |          |
+-----+-----------+-----------+-----------+-----------+-----------+----------+----------+----------+
| 117 |     1     |     2     |     1     |     8     |     8     |   off    |          |   off    |
+-----+-----------+-----------+-----------+-----------+-----------+----------+----------+----------+
| 118 |     1     |     2     |    248    |     8     |     8     |   off    |          |   off    |
+-----+-----------+-----------+-----------+-----------+-----------+----------+----------+----------+
| 119 |     1     |     2     |     2     |     8     |     8     |   off    |          |          |
+-----+-----------+-----------+-----------+-----------+-----------+----------+----------+----------+
| 120 |     1     |     1     |     1     |     1     |     1     |   off    | flatten  |   off    |
+-----+-----------+-----------+-----------+-----------+-----------+----------+----------+----------+
| 121 |     1     |     2     |    31     |     8     |     8     |   off    |          |   off    |
+-----+-----------+-----------+-----------+-----------+-----------+----------+----------+----------+
| 122 |     1     |     2     |    31     |     8     |     8     |   off    |          |          |
+-----+-----------+-----------+-----------+-----------+-----------+----------+----------+----------+
| 123 |     1     |     1     |     1     |     1     |     1     |   off    |   off    | flatten  |
+-----+-----------+-----------+-----------+-----------+-----------+----------+----------+----------+
| 124 |     1     |     2     |     4     |     8     |     8     |   off    |          |   off    |
+-----+-----------+-----------+-----------+-----------+-----------+----------+----------+----------+
+-----+------------+------------+------------+
| ID  | __TILE__L0 | __TILE__L1 | __TILE__L2 |
+=====+============+============+============+
|  0  |     1      |     1      |     1      |
+-----+------------+------------+------------+
|  1  |     1      |     62     |     1      |
+-----+------------+------------+------------+
|  2  |     1      |     1      |     1      |
+-----+------------+------------+------------+
|  3  |    100     |     1      |     1      |
+-----+------------+------------+------------+
|  4  |     1      |    124     |     31     |
+-----+------------+------------+------------+
|  5  |     1      |     1      |     1      |
+-----+------------+------------+------------+
|  6  |     1      |     1      |     1      |
+-----+------------+------------+------------+
|  7  |     1      |     1      |     1      |
+-----+------------+------------+------------+
|  8  |     1      |     62     |     8      |
+-----+------------+------------+------------+
|  9  |     1      |     1      |     8      |
+-----+------------+------------+------------+
| 10  |     1      |     1      |     31     |
+-----+------------+------------+------------+
| 11  |     1      |     1      |     8      |
+-----+------------+------------+------------+
| 12  |     1      |     1      |     1      |
+-----+------------+------------+------------+
| 13  |     1      |     1      |     62     |
+-----+------------+------------+------------+
| 14  |     1      |    124     |    124     |
+-----+------------+------------+------------+
| 15  |     1      |    124     |     4      |
+-----+------------+------------+------------+
| 16  |     1      |     62     |     4      |
+-----+------------+------------+------------+
| 17  |     1      |    124     |     1      |
+-----+------------+------------+------------+
| 18  |     1      |    124     |     62     |
+-----+------------+------------+------------+
| 19  |     1      |     62     |     1      |
+-----+------------+------------+------------+
| 20  |     1      |     62     |     1      |
+-----+------------+------------+------------+
| 21  |     1      |     1      |     1      |
+-----+------------+------------+------------+
| 22  |     1      |     1      |     31     |
+-----+------------+------------+------------+
| 23  |     1      |     62     |     31     |
+-----+------------+------------+------------+
| 24  |    100     |     1      |     1      |
+-----+------------+------------+------------+
| 25  |     1      |    124     |     1      |
+-----+------------+------------+------------+
| 26  |     1      |    124     |     31     |
+-----+------------+------------+------------+
| 27  |     1      |     1      |     1      |
+-----+------------+------------+------------+
| 28  |     1      |     62     |     31     |
+-----+------------+------------+------------+
| 29  |     1      |    124     |     1      |
+-----+------------+------------+------------+
| 30  |     1      |     1      |     31     |
+-----+------------+------------+------------+
| 31  |     1      |     1      |     2      |
+-----+------------+------------+------------+
| 32  |     1      |     1      |     1      |
+-----+------------+------------+------------+
| 33  |     1      |     1      |     8      |
+-----+------------+------------+------------+
| 34  |     1      |     62     |     62     |
+-----+------------+------------+------------+
| 35  |     1      |     1      |     1      |
+-----+------------+------------+------------+
| 36  |     1      |     62     |     1      |
+-----+------------+------------+------------+
| 37  |     1      |     62     |     62     |
+-----+------------+------------+------------+
| 38  |     1      |     1      |     1      |
+-----+------------+------------+------------+
| 39  |     1      |     1      |     8      |
+-----+------------+------------+------------+
| 40  |     1      |    124     |    248     |
+-----+------------+------------+------------+
| 41  |    100     |     1      |     1      |
+-----+------------+------------+------------+
| 42  |     1      |     62     |     8      |
+-----+------------+------------+------------+
| 43  |     1      |     1      |     8      |
+-----+------------+------------+------------+
| 44  |     1      |     1      |     8      |
+-----+------------+------------+------------+
| 45  |     1      |     1      |     31     |
+-----+------------+------------+------------+
| 46  |     1      |     1      |     8      |
+-----+------------+------------+------------+
| 47  |     1      |     1      |     1      |
+-----+------------+------------+------------+
| 48  |     1      |    124     |     8      |
+-----+------------+------------+------------+
| 49  |     1      |    124     |     31     |
+-----+------------+------------+------------+
| 50  |     1      |    124     |     8      |
+-----+------------+------------+------------+
| 51  |     1      |     1      |    124     |
+-----+------------+------------+------------+
| 52  |     1      |     1      |     8      |
+-----+------------+------------+------------+
| 53  |     1      |    124     |     4      |
+-----+------------+------------+------------+
| 54  |     1      |     1      |     31     |
+-----+------------+------------+------------+
| 55  |     1      |     1      |     8      |
+-----+------------+------------+------------+
| 56  |     1      |     1      |     62     |
+-----+------------+------------+------------+
| 57  |     1      |    124     |     62     |
+-----+------------+------------+------------+
| 58  |     1      |     1      |     1      |
+-----+------------+------------+------------+
| 59  |     1      |     62     |     62     |
+-----+------------+------------+------------+
| 60  |     1      |     1      |     8      |
+-----+------------+------------+------------+
| 61  |     1      |     1      |     1      |
+-----+------------+------------+------------+
| 62  |     1      |     1      |     1      |
+-----+------------+------------+------------+
| 63  |     1      |     1      |     8      |
+-----+------------+------------+------------+
| 64  |     1      |     1      |     4      |
+-----+------------+------------+------------+
| 65  |     1      |    124     |     62     |
+-----+------------+------------+------------+
| 66  |    100     |     1      |     1      |
+-----+------------+------------+------------+
| 67  |     1      |     1      |     4      |
+-----+------------+------------+------------+
| 68  |     1      |     1      |     1      |
+-----+------------+------------+------------+
| 69  |     1      |    124     |     31     |
+-----+------------+------------+------------+
| 70  |    100     |     1      |     1      |
+-----+------------+------------+------------+
| 71  |     1      |     1      |    248     |
+-----+------------+------------+------------+
| 72  |    100     |     1      |     1      |
+-----+------------+------------+------------+
| 73  |     1      |     1      |     31     |
+-----+------------+------------+------------+
| 74  |     1      |     62     |     1      |
+-----+------------+------------+------------+
| 75  |     1      |     1      |     8      |
+-----+------------+------------+------------+
| 76  |     1      |     1      |    124     |
+-----+------------+------------+------------+
| 77  |     1      |     62     |     31     |
+-----+------------+------------+------------+
| 78  |    100     |     1      |     1      |
+-----+------------+------------+------------+
| 79  |    100     |     1      |     1      |
+-----+------------+------------+------------+
| 80  |     1      |    124     |    124     |
+-----+------------+------------+------------+
| 81  |     1      |     62     |     62     |
+-----+------------+------------+------------+
| 82  |     1      |     62     |     1      |
+-----+------------+------------+------------+
| 83  |     1      |     1      |     8      |
+-----+------------+------------+------------+
| 84  |     1      |     1      |     62     |
+-----+------------+------------+------------+
| 85  |     1      |     1      |     4      |
+-----+------------+------------+------------+
| 86  |     1      |     1      |     62     |
+-----+------------+------------+------------+
| 87  |     1      |     1      |     8      |
+-----+------------+------------+------------+
| 88  |     1      |     1      |     1      |
+-----+------------+------------+------------+
| 89  |     1      |    124     |     62     |
+-----+------------+------------+------------+
| 90  |     1      |     1      |     1      |
+-----+------------+------------+------------+
| 91  |     1      |     1      |     1      |
+-----+------------+------------+------------+
| 92  |     1      |     1      |    124     |
+-----+------------+------------+------------+
| 93  |     1      |     1      |     8      |
+-----+------------+------------+------------+
| 94  |     1      |     1      |     8      |
+-----+------------+------------+------------+
| 95  |     1      |     1      |    124     |
+-----+------------+------------+------------+
| 96  |     1      |     1      |     1      |
+-----+------------+------------+------------+
| 97  |     1      |     1      |     1      |
+-----+------------+------------+------------+
| 98  |     1      |     1      |     1      |
+-----+------------+------------+------------+
| 99  |     1      |     1      |     8      |
+-----+------------+------------+------------+
| 100 |     1      |     1      |     1      |
+-----+------------+------------+------------+
| 101 |     1      |     1      |     2      |
+-----+------------+------------+------------+
| 102 |     1      |     1      |     1      |
+-----+------------+------------+------------+
| 103 |     1      |    124     |     1      |
+-----+------------+------------+------------+
| 104 |     1      |     1      |     4      |
+-----+------------+------------+------------+
| 105 |     1      |     62     |     1      |
+-----+------------+------------+------------+
| 106 |     1      |    124     |     1      |
+-----+------------+------------+------------+
| 107 |     1      |     1      |    248     |
+-----+------------+------------+------------+
| 108 |     1      |     1      |     1      |
+-----+------------+------------+------------+
| 109 |     1      |     1      |     8      |
+-----+------------+------------+------------+
| 110 |     1      |     62     |    124     |
+-----+------------+------------+------------+
| 111 |     1      |    124     |     1      |
+-----+------------+------------+------------+
| 112 |     1      |    124     |     1      |
+-----+------------+------------+------------+
| 113 |     1      |     62     |     1      |
+-----+------------+------------+------------+
| 114 |     1      |     62     |     31     |
+-----+------------+------------+------------+
| 115 |     1      |     1      |    248     |
+-----+------------+------------+------------+
| 116 |     1      |     62     |    124     |
+-----+------------+------------+------------+
| 117 |     1      |     62     |    248     |
+-----+------------+------------+------------+
| 118 |     1      |     1      |     1      |
+-----+------------+------------+------------+
| 119 |     1      |     1      |     1      |
+-----+------------+------------+------------+
| 120 |     1      |     1      |     62     |
+-----+------------+------------+------------+
| 121 |    100     |     1      |     1      |
+-----+------------+------------+------------+
| 122 |     1      |     62     |     4      |
+-----+------------+------------+------------+
| 123 |     1      |     1      |     62     |
+-----+------------+------------+------------+
| 124 |     1      |    124     |     1      |
+-----+------------+------------+------------+
