

================================================================
== Vitis HLS Report for 'kernel_nlp_Pipeline_VITIS_LOOP_60_1_VITIS_LOOP_63_2'
================================================================
* Date:           Wed Dec 11 02:29:50 2024

* Version:        2023.2 (Build 4023990 on Oct 11 2023)
* Project:        kernel_nlp
* Solution:       solution (Vitis Kernel Flow Target)
* Product family: virtexuplusHBM
* Target device:  xcu55c-fsvh2892-2L-e


================================================================
== Performance Estimates
================================================================
+ Timing: 
    * Summary: 
    +--------+---------+----------+------------+
    |  Clock |  Target | Estimated| Uncertainty|
    +--------+---------+----------+------------+
    |ap_clk  |  4.55 ns|  3.318 ns|     1.23 ns|
    +--------+---------+----------+------------+

+ Latency: 
    * Summary: 
    +---------+---------+----------+----------+-------+-------+---------+
    |  Latency (cycles) |  Latency (absolute) |    Interval   | Pipeline|
    |   min   |   max   |    min   |    max   |  min  |  max  |   Type  |
    +---------+---------+----------+----------+-------+-------+---------+
    |    39912|    39912|  0.181 ms|  0.181 ms|  39912|  39912|       no|
    +---------+---------+----------+----------+-------+-------+---------+

    + Detail: 
        * Instance: 
        N/A

        * Loop: 
        +-----------------------------------+---------+---------+----------+-----------+-----------+-------+----------+
        |                                   |  Latency (cycles) | Iteration|  Initiation Interval  |  Trip |          |
        |             Loop Name             |   min   |   max   |  Latency |  achieved |   target  | Count | Pipelined|
        +-----------------------------------+---------+---------+----------+-----------+-----------+-------+----------+
        |- VITIS_LOOP_60_1_VITIS_LOOP_63_2  |    39910|    39910|        13|          2|          1|  19950|       yes|
        +-----------------------------------+---------+---------+----------+-----------+-----------+-------+----------+



================================================================
== Utilization Estimates
================================================================
* Summary: 
+---------------------+---------+------+---------+---------+-----+
|         Name        | BRAM_18K|  DSP |    FF   |   LUT   | URAM|
+---------------------+---------+------+---------+---------+-----+
|DSP                  |        -|     1|        -|        -|    -|
|Expression           |        -|     -|        0|      137|    -|
|FIFO                 |        -|     -|        -|        -|    -|
|Instance             |        -|     0|      567|      442|    -|
|Memory               |        -|     -|        -|        -|    -|
|Multiplexer          |        -|     -|        -|     1486|    -|
|Register             |        -|     -|      801|       64|    -|
+---------------------+---------+------+---------+---------+-----+
|Total                |        0|     1|     1368|     2129|    0|
+---------------------+---------+------+---------+---------+-----+
|Available SLR        |     1344|  3008|   869120|   434560|  320|
+---------------------+---------+------+---------+---------+-----+
|Utilization SLR (%)  |        0|    ~0|       ~0|       ~0|    0|
+---------------------+---------+------+---------+---------+-----+
|Available            |     4032|  9024|  2607360|  1303680|  960|
+---------------------+---------+------+---------+---------+-----+
|Utilization (%)      |        0|    ~0|       ~0|       ~0|    0|
+---------------------+---------+------+---------+---------+-----+

+ Detail: 
    * Instance: 
    +--------------------------+---------------------+---------+----+-----+-----+-----+
    |         Instance         |        Module       | BRAM_18K| DSP|  FF | LUT | URAM|
    +--------------------------+---------------------+---------+----+-----+-----+-----+
    |mul_8ns_10ns_17_1_1_U263  |mul_8ns_10ns_17_1_1  |        0|   0|    0|   62|    0|
    |mul_8ns_10ns_17_1_1_U264  |mul_8ns_10ns_17_1_1  |        0|   0|    0|   62|    0|
    |urem_8ns_4ns_3_12_1_U260  |urem_8ns_4ns_3_12_1  |        0|   0|  189|  106|    0|
    |urem_8ns_5ns_4_12_1_U261  |urem_8ns_5ns_4_12_1  |        0|   0|  189|  106|    0|
    |urem_8ns_5ns_4_12_1_U262  |urem_8ns_5ns_4_12_1  |        0|   0|  189|  106|    0|
    +--------------------------+---------------------+---------+----+-----+-----+-----+
    |Total                     |                     |        0|   0|  567|  442|    0|
    +--------------------------+---------------------+---------+----+-----+-----+-----+

    * DSP: 
    +------------------------------------+-------------------------------+--------------+
    |              Instance              |             Module            |  Expression  |
    +------------------------------------+-------------------------------+--------------+
    |mac_muladd_6ns_5ns_5ns_10_4_1_U265  |mac_muladd_6ns_5ns_5ns_10_4_1  |  i0 * i1 + i2|
    +------------------------------------+-------------------------------+--------------+

    * Memory: 
    N/A

    * FIFO: 
    N/A

    * Expression: 
    +---------------------------+----------+----+---+----+------------+------------+
    |       Variable Name       | Operation| DSP| FF| LUT| Bitwidth P0| Bitwidth P1|
    +---------------------------+----------+----+---+----+------------+------------+
    |add_ln60_1_fu_929_p2       |         +|   0|  0|  22|          15|           1|
    |add_ln60_fu_941_p2         |         +|   0|  0|  15|           8|           1|
    |add_ln63_1_fu_1005_p2      |         +|   0|  0|  14|           7|           1|
    |add_ln63_fu_999_p2         |         +|   0|  0|  15|           8|           2|
    |ap_block_pp0_stage0_11001  |       and|   0|  0|   2|           1|           1|
    |icmp_ln60_fu_923_p2        |      icmp|   0|  0|  22|          15|          15|
    |icmp_ln63_fu_947_p2        |      icmp|   0|  0|  14|           7|           7|
    |grp_fu_1044_p0             |        or|   0|  0|   8|           8|           1|
    |grp_fu_969_p0              |    select|   0|  0|   8|           1|           8|
    |select_ln60_fu_953_p3      |    select|   0|  0|   8|           1|           1|
    |select_ln63_fu_1011_p3     |    select|   0|  0|   7|           1|           1|
    |ap_enable_pp0              |       xor|   0|  0|   2|           1|           2|
    +---------------------------+----------+----+---+----+------------+------------+
    |Total                      |          |   0|  0| 137|          73|          41|
    +---------------------------+----------+----+---+----+------------+------------+

    * Multiplexer: 
    +--------------------------+----+-----------+-----+-----------+
    |           Name           | LUT| Input Size| Bits| Total Bits|
    +--------------------------+----+-----------+-----+-----------+
    |B_10_address0             |  14|          3|   10|         30|
    |B_10_d0                   |  14|          3|   32|         96|
    |B_11_address0             |  14|          3|   10|         30|
    |B_11_d0                   |  14|          3|   32|         96|
    |B_12_address0             |  14|          3|   10|         30|
    |B_12_d0                   |  14|          3|   32|         96|
    |B_13_address0             |  14|          3|   10|         30|
    |B_13_d0                   |  14|          3|   32|         96|
    |B_14_address0             |  14|          3|   10|         30|
    |B_14_d0                   |  14|          3|   32|         96|
    |B_15_address0             |  14|          3|   10|         30|
    |B_15_d0                   |  14|          3|   32|         96|
    |B_16_address0             |  14|          3|   10|         30|
    |B_16_d0                   |  14|          3|   32|         96|
    |B_17_address0             |  14|          3|   10|         30|
    |B_17_d0                   |  14|          3|   32|         96|
    |B_18_address0             |  14|          3|   10|         30|
    |B_18_d0                   |  14|          3|   32|         96|
    |B_19_address0             |  14|          3|   10|         30|
    |B_19_d0                   |  14|          3|   32|         96|
    |B_1_address0              |  14|          3|   10|         30|
    |B_1_d0                    |  14|          3|   32|         96|
    |B_20_address0             |  14|          3|   10|         30|
    |B_20_d0                   |  14|          3|   32|         96|
    |B_21_address0             |  14|          3|   10|         30|
    |B_21_d0                   |  14|          3|   32|         96|
    |B_22_address0             |  14|          3|   10|         30|
    |B_22_d0                   |  14|          3|   32|         96|
    |B_23_address0             |  14|          3|   10|         30|
    |B_23_d0                   |  14|          3|   32|         96|
    |B_24_address0             |  14|          3|   10|         30|
    |B_24_d0                   |  14|          3|   32|         96|
    |B_25_address0             |  14|          3|   10|         30|
    |B_25_d0                   |  14|          3|   32|         96|
    |B_26_address0             |  14|          3|   10|         30|
    |B_26_d0                   |  14|          3|   32|         96|
    |B_27_address0             |  14|          3|   10|         30|
    |B_27_d0                   |  14|          3|   32|         96|
    |B_28_address0             |  14|          3|   10|         30|
    |B_28_d0                   |  14|          3|   32|         96|
    |B_29_address0             |  14|          3|   10|         30|
    |B_29_d0                   |  14|          3|   32|         96|
    |B_2_address0              |  14|          3|   10|         30|
    |B_2_d0                    |  14|          3|   32|         96|
    |B_30_address0             |  14|          3|   10|         30|
    |B_30_d0                   |  14|          3|   32|         96|
    |B_31_address0             |  14|          3|   10|         30|
    |B_31_d0                   |  14|          3|   32|         96|
    |B_32_address0             |  14|          3|   10|         30|
    |B_32_d0                   |  14|          3|   32|         96|
    |B_33_address0             |  14|          3|   10|         30|
    |B_33_d0                   |  14|          3|   32|         96|
    |B_34_address0             |  14|          3|   10|         30|
    |B_34_d0                   |  14|          3|   32|         96|
    |B_35_address0             |  14|          3|   10|         30|
    |B_35_d0                   |  14|          3|   32|         96|
    |B_36_address0             |  14|          3|   10|         30|
    |B_36_d0                   |  14|          3|   32|         96|
    |B_37_address0             |  14|          3|   10|         30|
    |B_37_d0                   |  14|          3|   32|         96|
    |B_38_address0             |  14|          3|   10|         30|
    |B_38_d0                   |  14|          3|   32|         96|
    |B_39_address0             |  14|          3|   10|         30|
    |B_39_d0                   |  14|          3|   32|         96|
    |B_3_address0              |  14|          3|   10|         30|
    |B_3_d0                    |  14|          3|   32|         96|
    |B_40_address0             |  14|          3|   10|         30|
    |B_40_d0                   |  14|          3|   32|         96|
    |B_41_address0             |  14|          3|   10|         30|
    |B_41_d0                   |  14|          3|   32|         96|
    |B_42_address0             |  14|          3|   10|         30|
    |B_42_d0                   |  14|          3|   32|         96|
    |B_43_address0             |  14|          3|   10|         30|
    |B_43_d0                   |  14|          3|   32|         96|
    |B_44_address0             |  14|          3|   10|         30|
    |B_44_d0                   |  14|          3|   32|         96|
    |B_45_address0             |  14|          3|   10|         30|
    |B_45_d0                   |  14|          3|   32|         96|
    |B_46_address0             |  14|          3|   10|         30|
    |B_46_d0                   |  14|          3|   32|         96|
    |B_47_address0             |  14|          3|   10|         30|
    |B_47_d0                   |  14|          3|   32|         96|
    |B_48_address0             |  14|          3|   10|         30|
    |B_48_d0                   |  14|          3|   32|         96|
    |B_49_address0             |  14|          3|   10|         30|
    |B_49_d0                   |  14|          3|   32|         96|
    |B_4_address0              |  14|          3|   10|         30|
    |B_4_d0                    |  14|          3|   32|         96|
    |B_5_address0              |  14|          3|   10|         30|
    |B_5_d0                    |  14|          3|   32|         96|
    |B_6_address0              |  14|          3|   10|         30|
    |B_6_d0                    |  14|          3|   32|         96|
    |B_7_address0              |  14|          3|   10|         30|
    |B_7_d0                    |  14|          3|   32|         96|
    |B_8_address0              |  14|          3|   10|         30|
    |B_8_d0                    |  14|          3|   32|         96|
    |B_9_address0              |  14|          3|   10|         30|
    |B_9_d0                    |  14|          3|   32|         96|
    |B_address0                |  14|          3|   10|         30|
    |B_d0                      |  14|          3|   32|         96|
    |ap_NS_fsm                 |  14|          3|    1|          3|
    |ap_done_int               |   9|          2|    1|          2|
    |ap_enable_reg_pp0_iter0   |   9|          2|    1|          2|
    |ap_enable_reg_pp0_iter1   |   9|          2|    1|          2|
    |i0_fu_224                 |   9|          2|    8|         16|
    |i1_fu_216                 |   9|          2|    8|         16|
    |indvar10_fu_220           |   9|          2|    7|         14|
    |indvar_flatten133_fu_228  |   9|          2|   15|         30|
    |kernel_B_blk_n_R          |   9|          2|    1|          2|
    +--------------------------+----+-----------+-----+-----------+
    |Total                     |1486|        319| 2143|       6387|
    +--------------------------+----+-----------+-----+-----------+

    * Register: 
    +-------------------------------------+----+----+-----+-----------+
    |                 Name                | FF | LUT| Bits| Const Bits|
    +-------------------------------------+----+----+-----+-----------+
    |B_10_addr_reg_1436                   |  10|   0|   10|          0|
    |B_11_addr_reg_1441                   |  10|   0|   10|          0|
    |B_12_addr_reg_1446                   |  10|   0|   10|          0|
    |B_13_addr_reg_1451                   |  10|   0|   10|          0|
    |B_14_addr_reg_1456                   |  10|   0|   10|          0|
    |B_15_addr_reg_1461                   |  10|   0|   10|          0|
    |B_16_addr_reg_1466                   |  10|   0|   10|          0|
    |B_17_addr_reg_1471                   |  10|   0|   10|          0|
    |B_18_addr_reg_1476                   |  10|   0|   10|          0|
    |B_19_addr_reg_1481                   |  10|   0|   10|          0|
    |B_1_addr_reg_1391                    |  10|   0|   10|          0|
    |B_20_addr_reg_1486                   |  10|   0|   10|          0|
    |B_21_addr_reg_1491                   |  10|   0|   10|          0|
    |B_22_addr_reg_1496                   |  10|   0|   10|          0|
    |B_23_addr_reg_1501                   |  10|   0|   10|          0|
    |B_24_addr_reg_1506                   |  10|   0|   10|          0|
    |B_25_addr_reg_1511                   |  10|   0|   10|          0|
    |B_26_addr_reg_1516                   |  10|   0|   10|          0|
    |B_27_addr_reg_1521                   |  10|   0|   10|          0|
    |B_28_addr_reg_1526                   |  10|   0|   10|          0|
    |B_29_addr_reg_1531                   |  10|   0|   10|          0|
    |B_2_addr_reg_1396                    |  10|   0|   10|          0|
    |B_30_addr_reg_1536                   |  10|   0|   10|          0|
    |B_31_addr_reg_1541                   |  10|   0|   10|          0|
    |B_32_addr_reg_1546                   |  10|   0|   10|          0|
    |B_33_addr_reg_1551                   |  10|   0|   10|          0|
    |B_34_addr_reg_1556                   |  10|   0|   10|          0|
    |B_35_addr_reg_1561                   |  10|   0|   10|          0|
    |B_36_addr_reg_1566                   |  10|   0|   10|          0|
    |B_37_addr_reg_1571                   |  10|   0|   10|          0|
    |B_38_addr_reg_1576                   |  10|   0|   10|          0|
    |B_39_addr_reg_1581                   |  10|   0|   10|          0|
    |B_3_addr_reg_1401                    |  10|   0|   10|          0|
    |B_40_addr_reg_1586                   |  10|   0|   10|          0|
    |B_41_addr_reg_1591                   |  10|   0|   10|          0|
    |B_42_addr_reg_1596                   |  10|   0|   10|          0|
    |B_43_addr_reg_1601                   |  10|   0|   10|          0|
    |B_44_addr_reg_1606                   |  10|   0|   10|          0|
    |B_45_addr_reg_1611                   |  10|   0|   10|          0|
    |B_46_addr_reg_1616                   |  10|   0|   10|          0|
    |B_47_addr_reg_1621                   |  10|   0|   10|          0|
    |B_48_addr_reg_1626                   |  10|   0|   10|          0|
    |B_49_addr_reg_1631                   |  10|   0|   10|          0|
    |B_4_addr_reg_1406                    |  10|   0|   10|          0|
    |B_5_addr_reg_1411                    |  10|   0|   10|          0|
    |B_6_addr_reg_1416                    |  10|   0|   10|          0|
    |B_7_addr_reg_1421                    |  10|   0|   10|          0|
    |B_8_addr_reg_1426                    |  10|   0|   10|          0|
    |B_9_addr_reg_1431                    |  10|   0|   10|          0|
    |B_addr_reg_1386                      |  10|   0|   10|          0|
    |ap_CS_fsm                            |   2|   0|    2|          0|
    |ap_done_reg                          |   1|   0|    1|          0|
    |ap_enable_reg_pp0_iter0_reg          |   1|   0|    1|          0|
    |ap_enable_reg_pp0_iter1              |   1|   0|    1|          0|
    |ap_enable_reg_pp0_iter2              |   1|   0|    1|          0|
    |ap_enable_reg_pp0_iter3              |   1|   0|    1|          0|
    |ap_enable_reg_pp0_iter4              |   1|   0|    1|          0|
    |ap_enable_reg_pp0_iter5              |   1|   0|    1|          0|
    |ap_enable_reg_pp0_iter6              |   1|   0|    1|          0|
    |ap_loop_exit_ready_pp0_iter1_reg     |   1|   0|    1|          0|
    |ap_loop_exit_ready_pp0_iter2_reg     |   1|   0|    1|          0|
    |ap_loop_exit_ready_pp0_iter3_reg     |   1|   0|    1|          0|
    |ap_loop_exit_ready_pp0_iter4_reg     |   1|   0|    1|          0|
    |ap_loop_exit_ready_pp0_iter5_reg     |   1|   0|    1|          0|
    |empty_41_reg_1379                    |   3|   0|    3|          0|
    |i0_fu_224                            |   8|   0|    8|          0|
    |i1_fu_216                            |   8|   0|    8|          0|
    |indvar10_fu_220                      |   7|   0|    7|          0|
    |indvar_flatten133_fu_228             |  15|   0|   15|          0|
    |select_ln60_1_reg_1338               |   8|   0|    8|          0|
    |select_ln60_reg_1332                 |   8|   0|    8|          0|
    |tmp_1_reg_1369                       |   5|   0|    5|          0|
    |trunc_ln67_1_reg_1364                |  32|   0|   32|          0|
    |trunc_ln67_1_reg_1364_pp0_iter6_reg  |  32|   0|   32|          0|
    |trunc_ln67_reg_1359                  |  32|   0|   32|          0|
    |select_ln60_1_reg_1338               |  64|  32|    8|          0|
    |select_ln60_reg_1332                 |  64|  32|    8|          0|
    +-------------------------------------+----+----+-----+-----------+
    |Total                                | 801|  64|  689|          0|
    +-------------------------------------+----+----+-----+-----------+



================================================================
== Interface
================================================================
* Summary: 
+-------------------------+-----+-----+------------+-----------------------------------------------------+--------------+
|        RTL Ports        | Dir | Bits|  Protocol  |                    Source Object                    |    C Type    |
+-------------------------+-----+-----+------------+-----------------------------------------------------+--------------+
|ap_clk                   |   in|    1|  ap_ctrl_hs|  kernel_nlp_Pipeline_VITIS_LOOP_60_1_VITIS_LOOP_63_2|  return value|
|ap_rst                   |   in|    1|  ap_ctrl_hs|  kernel_nlp_Pipeline_VITIS_LOOP_60_1_VITIS_LOOP_63_2|  return value|
|ap_start                 |   in|    1|  ap_ctrl_hs|  kernel_nlp_Pipeline_VITIS_LOOP_60_1_VITIS_LOOP_63_2|  return value|
|ap_done                  |  out|    1|  ap_ctrl_hs|  kernel_nlp_Pipeline_VITIS_LOOP_60_1_VITIS_LOOP_63_2|  return value|
|ap_idle                  |  out|    1|  ap_ctrl_hs|  kernel_nlp_Pipeline_VITIS_LOOP_60_1_VITIS_LOOP_63_2|  return value|
|ap_ready                 |  out|    1|  ap_ctrl_hs|  kernel_nlp_Pipeline_VITIS_LOOP_60_1_VITIS_LOOP_63_2|  return value|
|m_axi_kernel_B_AWVALID   |  out|    1|       m_axi|                                             kernel_B|       pointer|
|m_axi_kernel_B_AWREADY   |   in|    1|       m_axi|                                             kernel_B|       pointer|
|m_axi_kernel_B_AWADDR    |  out|   64|       m_axi|                                             kernel_B|       pointer|
|m_axi_kernel_B_AWID      |  out|    1|       m_axi|                                             kernel_B|       pointer|
|m_axi_kernel_B_AWLEN     |  out|   32|       m_axi|                                             kernel_B|       pointer|
|m_axi_kernel_B_AWSIZE    |  out|    3|       m_axi|                                             kernel_B|       pointer|
|m_axi_kernel_B_AWBURST   |  out|    2|       m_axi|                                             kernel_B|       pointer|
|m_axi_kernel_B_AWLOCK    |  out|    2|       m_axi|                                             kernel_B|       pointer|
|m_axi_kernel_B_AWCACHE   |  out|    4|       m_axi|                                             kernel_B|       pointer|
|m_axi_kernel_B_AWPROT    |  out|    3|       m_axi|                                             kernel_B|       pointer|
|m_axi_kernel_B_AWQOS     |  out|    4|       m_axi|                                             kernel_B|       pointer|
|m_axi_kernel_B_AWREGION  |  out|    4|       m_axi|                                             kernel_B|       pointer|
|m_axi_kernel_B_AWUSER    |  out|    1|       m_axi|                                             kernel_B|       pointer|
|m_axi_kernel_B_WVALID    |  out|    1|       m_axi|                                             kernel_B|       pointer|
|m_axi_kernel_B_WREADY    |   in|    1|       m_axi|                                             kernel_B|       pointer|
|m_axi_kernel_B_WDATA     |  out|   64|       m_axi|                                             kernel_B|       pointer|
|m_axi_kernel_B_WSTRB     |  out|    8|       m_axi|                                             kernel_B|       pointer|
|m_axi_kernel_B_WLAST     |  out|    1|       m_axi|                                             kernel_B|       pointer|
|m_axi_kernel_B_WID       |  out|    1|       m_axi|                                             kernel_B|       pointer|
|m_axi_kernel_B_WUSER     |  out|    1|       m_axi|                                             kernel_B|       pointer|
|m_axi_kernel_B_ARVALID   |  out|    1|       m_axi|                                             kernel_B|       pointer|
|m_axi_kernel_B_ARREADY   |   in|    1|       m_axi|                                             kernel_B|       pointer|
|m_axi_kernel_B_ARADDR    |  out|   64|       m_axi|                                             kernel_B|       pointer|
|m_axi_kernel_B_ARID      |  out|    1|       m_axi|                                             kernel_B|       pointer|
|m_axi_kernel_B_ARLEN     |  out|   32|       m_axi|                                             kernel_B|       pointer|
|m_axi_kernel_B_ARSIZE    |  out|    3|       m_axi|                                             kernel_B|       pointer|
|m_axi_kernel_B_ARBURST   |  out|    2|       m_axi|                                             kernel_B|       pointer|
|m_axi_kernel_B_ARLOCK    |  out|    2|       m_axi|                                             kernel_B|       pointer|
|m_axi_kernel_B_ARCACHE   |  out|    4|       m_axi|                                             kernel_B|       pointer|
|m_axi_kernel_B_ARPROT    |  out|    3|       m_axi|                                             kernel_B|       pointer|
|m_axi_kernel_B_ARQOS     |  out|    4|       m_axi|                                             kernel_B|       pointer|
|m_axi_kernel_B_ARREGION  |  out|    4|       m_axi|                                             kernel_B|       pointer|
|m_axi_kernel_B_ARUSER    |  out|    1|       m_axi|                                             kernel_B|       pointer|
|m_axi_kernel_B_RVALID    |   in|    1|       m_axi|                                             kernel_B|       pointer|
|m_axi_kernel_B_RREADY    |  out|    1|       m_axi|                                             kernel_B|       pointer|
|m_axi_kernel_B_RDATA     |   in|   64|       m_axi|                                             kernel_B|       pointer|
|m_axi_kernel_B_RLAST     |   in|    1|       m_axi|                                             kernel_B|       pointer|
|m_axi_kernel_B_RID       |   in|    1|       m_axi|                                             kernel_B|       pointer|
|m_axi_kernel_B_RFIFONUM  |   in|    9|       m_axi|                                             kernel_B|       pointer|
|m_axi_kernel_B_RUSER     |   in|    1|       m_axi|                                             kernel_B|       pointer|
|m_axi_kernel_B_RRESP     |   in|    2|       m_axi|                                             kernel_B|       pointer|
|m_axi_kernel_B_BVALID    |   in|    1|       m_axi|                                             kernel_B|       pointer|
|m_axi_kernel_B_BREADY    |  out|    1|       m_axi|                                             kernel_B|       pointer|
|m_axi_kernel_B_BRESP     |   in|    2|       m_axi|                                             kernel_B|       pointer|
|m_axi_kernel_B_BID       |   in|    1|       m_axi|                                             kernel_B|       pointer|
|m_axi_kernel_B_BUSER     |   in|    1|       m_axi|                                             kernel_B|       pointer|
|sext_ln60                |   in|   61|     ap_none|                                            sext_ln60|        scalar|
|B_49_address0            |  out|   10|   ap_memory|                                                 B_49|         array|
|B_49_ce0                 |  out|    1|   ap_memory|                                                 B_49|         array|
|B_49_we0                 |  out|    1|   ap_memory|                                                 B_49|         array|
|B_49_d0                  |  out|   32|   ap_memory|                                                 B_49|         array|
|B_48_address0            |  out|   10|   ap_memory|                                                 B_48|         array|
|B_48_ce0                 |  out|    1|   ap_memory|                                                 B_48|         array|
|B_48_we0                 |  out|    1|   ap_memory|                                                 B_48|         array|
|B_48_d0                  |  out|   32|   ap_memory|                                                 B_48|         array|
|B_47_address0            |  out|   10|   ap_memory|                                                 B_47|         array|
|B_47_ce0                 |  out|    1|   ap_memory|                                                 B_47|         array|
|B_47_we0                 |  out|    1|   ap_memory|                                                 B_47|         array|
|B_47_d0                  |  out|   32|   ap_memory|                                                 B_47|         array|
|B_46_address0            |  out|   10|   ap_memory|                                                 B_46|         array|
|B_46_ce0                 |  out|    1|   ap_memory|                                                 B_46|         array|
|B_46_we0                 |  out|    1|   ap_memory|                                                 B_46|         array|
|B_46_d0                  |  out|   32|   ap_memory|                                                 B_46|         array|
|B_45_address0            |  out|   10|   ap_memory|                                                 B_45|         array|
|B_45_ce0                 |  out|    1|   ap_memory|                                                 B_45|         array|
|B_45_we0                 |  out|    1|   ap_memory|                                                 B_45|         array|
|B_45_d0                  |  out|   32|   ap_memory|                                                 B_45|         array|
|B_44_address0            |  out|   10|   ap_memory|                                                 B_44|         array|
|B_44_ce0                 |  out|    1|   ap_memory|                                                 B_44|         array|
|B_44_we0                 |  out|    1|   ap_memory|                                                 B_44|         array|
|B_44_d0                  |  out|   32|   ap_memory|                                                 B_44|         array|
|B_43_address0            |  out|   10|   ap_memory|                                                 B_43|         array|
|B_43_ce0                 |  out|    1|   ap_memory|                                                 B_43|         array|
|B_43_we0                 |  out|    1|   ap_memory|                                                 B_43|         array|
|B_43_d0                  |  out|   32|   ap_memory|                                                 B_43|         array|
|B_42_address0            |  out|   10|   ap_memory|                                                 B_42|         array|
|B_42_ce0                 |  out|    1|   ap_memory|                                                 B_42|         array|
|B_42_we0                 |  out|    1|   ap_memory|                                                 B_42|         array|
|B_42_d0                  |  out|   32|   ap_memory|                                                 B_42|         array|
|B_41_address0            |  out|   10|   ap_memory|                                                 B_41|         array|
|B_41_ce0                 |  out|    1|   ap_memory|                                                 B_41|         array|
|B_41_we0                 |  out|    1|   ap_memory|                                                 B_41|         array|
|B_41_d0                  |  out|   32|   ap_memory|                                                 B_41|         array|
|B_40_address0            |  out|   10|   ap_memory|                                                 B_40|         array|
|B_40_ce0                 |  out|    1|   ap_memory|                                                 B_40|         array|
|B_40_we0                 |  out|    1|   ap_memory|                                                 B_40|         array|
|B_40_d0                  |  out|   32|   ap_memory|                                                 B_40|         array|
|B_39_address0            |  out|   10|   ap_memory|                                                 B_39|         array|
|B_39_ce0                 |  out|    1|   ap_memory|                                                 B_39|         array|
|B_39_we0                 |  out|    1|   ap_memory|                                                 B_39|         array|
|B_39_d0                  |  out|   32|   ap_memory|                                                 B_39|         array|
|B_38_address0            |  out|   10|   ap_memory|                                                 B_38|         array|
|B_38_ce0                 |  out|    1|   ap_memory|                                                 B_38|         array|
|B_38_we0                 |  out|    1|   ap_memory|                                                 B_38|         array|
|B_38_d0                  |  out|   32|   ap_memory|                                                 B_38|         array|
|B_37_address0            |  out|   10|   ap_memory|                                                 B_37|         array|
|B_37_ce0                 |  out|    1|   ap_memory|                                                 B_37|         array|
|B_37_we0                 |  out|    1|   ap_memory|                                                 B_37|         array|
|B_37_d0                  |  out|   32|   ap_memory|                                                 B_37|         array|
|B_36_address0            |  out|   10|   ap_memory|                                                 B_36|         array|
|B_36_ce0                 |  out|    1|   ap_memory|                                                 B_36|         array|
|B_36_we0                 |  out|    1|   ap_memory|                                                 B_36|         array|
|B_36_d0                  |  out|   32|   ap_memory|                                                 B_36|         array|
|B_35_address0            |  out|   10|   ap_memory|                                                 B_35|         array|
|B_35_ce0                 |  out|    1|   ap_memory|                                                 B_35|         array|
|B_35_we0                 |  out|    1|   ap_memory|                                                 B_35|         array|
|B_35_d0                  |  out|   32|   ap_memory|                                                 B_35|         array|
|B_34_address0            |  out|   10|   ap_memory|                                                 B_34|         array|
|B_34_ce0                 |  out|    1|   ap_memory|                                                 B_34|         array|
|B_34_we0                 |  out|    1|   ap_memory|                                                 B_34|         array|
|B_34_d0                  |  out|   32|   ap_memory|                                                 B_34|         array|
|B_33_address0            |  out|   10|   ap_memory|                                                 B_33|         array|
|B_33_ce0                 |  out|    1|   ap_memory|                                                 B_33|         array|
|B_33_we0                 |  out|    1|   ap_memory|                                                 B_33|         array|
|B_33_d0                  |  out|   32|   ap_memory|                                                 B_33|         array|
|B_32_address0            |  out|   10|   ap_memory|                                                 B_32|         array|
|B_32_ce0                 |  out|    1|   ap_memory|                                                 B_32|         array|
|B_32_we0                 |  out|    1|   ap_memory|                                                 B_32|         array|
|B_32_d0                  |  out|   32|   ap_memory|                                                 B_32|         array|
|B_31_address0            |  out|   10|   ap_memory|                                                 B_31|         array|
|B_31_ce0                 |  out|    1|   ap_memory|                                                 B_31|         array|
|B_31_we0                 |  out|    1|   ap_memory|                                                 B_31|         array|
|B_31_d0                  |  out|   32|   ap_memory|                                                 B_31|         array|
|B_30_address0            |  out|   10|   ap_memory|                                                 B_30|         array|
|B_30_ce0                 |  out|    1|   ap_memory|                                                 B_30|         array|
|B_30_we0                 |  out|    1|   ap_memory|                                                 B_30|         array|
|B_30_d0                  |  out|   32|   ap_memory|                                                 B_30|         array|
|B_29_address0            |  out|   10|   ap_memory|                                                 B_29|         array|
|B_29_ce0                 |  out|    1|   ap_memory|                                                 B_29|         array|
|B_29_we0                 |  out|    1|   ap_memory|                                                 B_29|         array|
|B_29_d0                  |  out|   32|   ap_memory|                                                 B_29|         array|
|B_28_address0            |  out|   10|   ap_memory|                                                 B_28|         array|
|B_28_ce0                 |  out|    1|   ap_memory|                                                 B_28|         array|
|B_28_we0                 |  out|    1|   ap_memory|                                                 B_28|         array|
|B_28_d0                  |  out|   32|   ap_memory|                                                 B_28|         array|
|B_27_address0            |  out|   10|   ap_memory|                                                 B_27|         array|
|B_27_ce0                 |  out|    1|   ap_memory|                                                 B_27|         array|
|B_27_we0                 |  out|    1|   ap_memory|                                                 B_27|         array|
|B_27_d0                  |  out|   32|   ap_memory|                                                 B_27|         array|
|B_26_address0            |  out|   10|   ap_memory|                                                 B_26|         array|
|B_26_ce0                 |  out|    1|   ap_memory|                                                 B_26|         array|
|B_26_we0                 |  out|    1|   ap_memory|                                                 B_26|         array|
|B_26_d0                  |  out|   32|   ap_memory|                                                 B_26|         array|
|B_25_address0            |  out|   10|   ap_memory|                                                 B_25|         array|
|B_25_ce0                 |  out|    1|   ap_memory|                                                 B_25|         array|
|B_25_we0                 |  out|    1|   ap_memory|                                                 B_25|         array|
|B_25_d0                  |  out|   32|   ap_memory|                                                 B_25|         array|
|B_24_address0            |  out|   10|   ap_memory|                                                 B_24|         array|
|B_24_ce0                 |  out|    1|   ap_memory|                                                 B_24|         array|
|B_24_we0                 |  out|    1|   ap_memory|                                                 B_24|         array|
|B_24_d0                  |  out|   32|   ap_memory|                                                 B_24|         array|
|B_23_address0            |  out|   10|   ap_memory|                                                 B_23|         array|
|B_23_ce0                 |  out|    1|   ap_memory|                                                 B_23|         array|
|B_23_we0                 |  out|    1|   ap_memory|                                                 B_23|         array|
|B_23_d0                  |  out|   32|   ap_memory|                                                 B_23|         array|
|B_22_address0            |  out|   10|   ap_memory|                                                 B_22|         array|
|B_22_ce0                 |  out|    1|   ap_memory|                                                 B_22|         array|
|B_22_we0                 |  out|    1|   ap_memory|                                                 B_22|         array|
|B_22_d0                  |  out|   32|   ap_memory|                                                 B_22|         array|
|B_21_address0            |  out|   10|   ap_memory|                                                 B_21|         array|
|B_21_ce0                 |  out|    1|   ap_memory|                                                 B_21|         array|
|B_21_we0                 |  out|    1|   ap_memory|                                                 B_21|         array|
|B_21_d0                  |  out|   32|   ap_memory|                                                 B_21|         array|
|B_20_address0            |  out|   10|   ap_memory|                                                 B_20|         array|
|B_20_ce0                 |  out|    1|   ap_memory|                                                 B_20|         array|
|B_20_we0                 |  out|    1|   ap_memory|                                                 B_20|         array|
|B_20_d0                  |  out|   32|   ap_memory|                                                 B_20|         array|
|B_19_address0            |  out|   10|   ap_memory|                                                 B_19|         array|
|B_19_ce0                 |  out|    1|   ap_memory|                                                 B_19|         array|
|B_19_we0                 |  out|    1|   ap_memory|                                                 B_19|         array|
|B_19_d0                  |  out|   32|   ap_memory|                                                 B_19|         array|
|B_18_address0            |  out|   10|   ap_memory|                                                 B_18|         array|
|B_18_ce0                 |  out|    1|   ap_memory|                                                 B_18|         array|
|B_18_we0                 |  out|    1|   ap_memory|                                                 B_18|         array|
|B_18_d0                  |  out|   32|   ap_memory|                                                 B_18|         array|
|B_17_address0            |  out|   10|   ap_memory|                                                 B_17|         array|
|B_17_ce0                 |  out|    1|   ap_memory|                                                 B_17|         array|
|B_17_we0                 |  out|    1|   ap_memory|                                                 B_17|         array|
|B_17_d0                  |  out|   32|   ap_memory|                                                 B_17|         array|
|B_16_address0            |  out|   10|   ap_memory|                                                 B_16|         array|
|B_16_ce0                 |  out|    1|   ap_memory|                                                 B_16|         array|
|B_16_we0                 |  out|    1|   ap_memory|                                                 B_16|         array|
|B_16_d0                  |  out|   32|   ap_memory|                                                 B_16|         array|
|B_15_address0            |  out|   10|   ap_memory|                                                 B_15|         array|
|B_15_ce0                 |  out|    1|   ap_memory|                                                 B_15|         array|
|B_15_we0                 |  out|    1|   ap_memory|                                                 B_15|         array|
|B_15_d0                  |  out|   32|   ap_memory|                                                 B_15|         array|
|B_14_address0            |  out|   10|   ap_memory|                                                 B_14|         array|
|B_14_ce0                 |  out|    1|   ap_memory|                                                 B_14|         array|
|B_14_we0                 |  out|    1|   ap_memory|                                                 B_14|         array|
|B_14_d0                  |  out|   32|   ap_memory|                                                 B_14|         array|
|B_13_address0            |  out|   10|   ap_memory|                                                 B_13|         array|
|B_13_ce0                 |  out|    1|   ap_memory|                                                 B_13|         array|
|B_13_we0                 |  out|    1|   ap_memory|                                                 B_13|         array|
|B_13_d0                  |  out|   32|   ap_memory|                                                 B_13|         array|
|B_12_address0            |  out|   10|   ap_memory|                                                 B_12|         array|
|B_12_ce0                 |  out|    1|   ap_memory|                                                 B_12|         array|
|B_12_we0                 |  out|    1|   ap_memory|                                                 B_12|         array|
|B_12_d0                  |  out|   32|   ap_memory|                                                 B_12|         array|
|B_11_address0            |  out|   10|   ap_memory|                                                 B_11|         array|
|B_11_ce0                 |  out|    1|   ap_memory|                                                 B_11|         array|
|B_11_we0                 |  out|    1|   ap_memory|                                                 B_11|         array|
|B_11_d0                  |  out|   32|   ap_memory|                                                 B_11|         array|
|B_10_address0            |  out|   10|   ap_memory|                                                 B_10|         array|
|B_10_ce0                 |  out|    1|   ap_memory|                                                 B_10|         array|
|B_10_we0                 |  out|    1|   ap_memory|                                                 B_10|         array|
|B_10_d0                  |  out|   32|   ap_memory|                                                 B_10|         array|
|B_9_address0             |  out|   10|   ap_memory|                                                  B_9|         array|
|B_9_ce0                  |  out|    1|   ap_memory|                                                  B_9|         array|
|B_9_we0                  |  out|    1|   ap_memory|                                                  B_9|         array|
|B_9_d0                   |  out|   32|   ap_memory|                                                  B_9|         array|
|B_8_address0             |  out|   10|   ap_memory|                                                  B_8|         array|
|B_8_ce0                  |  out|    1|   ap_memory|                                                  B_8|         array|
|B_8_we0                  |  out|    1|   ap_memory|                                                  B_8|         array|
|B_8_d0                   |  out|   32|   ap_memory|                                                  B_8|         array|
|B_7_address0             |  out|   10|   ap_memory|                                                  B_7|         array|
|B_7_ce0                  |  out|    1|   ap_memory|                                                  B_7|         array|
|B_7_we0                  |  out|    1|   ap_memory|                                                  B_7|         array|
|B_7_d0                   |  out|   32|   ap_memory|                                                  B_7|         array|
|B_6_address0             |  out|   10|   ap_memory|                                                  B_6|         array|
|B_6_ce0                  |  out|    1|   ap_memory|                                                  B_6|         array|
|B_6_we0                  |  out|    1|   ap_memory|                                                  B_6|         array|
|B_6_d0                   |  out|   32|   ap_memory|                                                  B_6|         array|
|B_5_address0             |  out|   10|   ap_memory|                                                  B_5|         array|
|B_5_ce0                  |  out|    1|   ap_memory|                                                  B_5|         array|
|B_5_we0                  |  out|    1|   ap_memory|                                                  B_5|         array|
|B_5_d0                   |  out|   32|   ap_memory|                                                  B_5|         array|
|B_4_address0             |  out|   10|   ap_memory|                                                  B_4|         array|
|B_4_ce0                  |  out|    1|   ap_memory|                                                  B_4|         array|
|B_4_we0                  |  out|    1|   ap_memory|                                                  B_4|         array|
|B_4_d0                   |  out|   32|   ap_memory|                                                  B_4|         array|
|B_3_address0             |  out|   10|   ap_memory|                                                  B_3|         array|
|B_3_ce0                  |  out|    1|   ap_memory|                                                  B_3|         array|
|B_3_we0                  |  out|    1|   ap_memory|                                                  B_3|         array|
|B_3_d0                   |  out|   32|   ap_memory|                                                  B_3|         array|
|B_2_address0             |  out|   10|   ap_memory|                                                  B_2|         array|
|B_2_ce0                  |  out|    1|   ap_memory|                                                  B_2|         array|
|B_2_we0                  |  out|    1|   ap_memory|                                                  B_2|         array|
|B_2_d0                   |  out|   32|   ap_memory|                                                  B_2|         array|
|B_1_address0             |  out|   10|   ap_memory|                                                  B_1|         array|
|B_1_ce0                  |  out|    1|   ap_memory|                                                  B_1|         array|
|B_1_we0                  |  out|    1|   ap_memory|                                                  B_1|         array|
|B_1_d0                   |  out|   32|   ap_memory|                                                  B_1|         array|
|B_address0               |  out|   10|   ap_memory|                                                    B|         array|
|B_ce0                    |  out|    1|   ap_memory|                                                    B|         array|
|B_we0                    |  out|    1|   ap_memory|                                                    B|         array|
|B_d0                     |  out|   32|   ap_memory|                                                    B|         array|
+-------------------------+-----+-----+------------+-----------------------------------------------------+--------------+

