[   5m]    INFO Explorer: Found a better result at #0000: Quality 8.1e-08, Perf 1.2e+07
[  13m]    INFO Explorer: Found a better result at #0001: Quality 1.1e-07, Perf 9.2e+06
[  13m]    INFO Explorer: Found a better result at #0001: Quality 1.3e-07, Perf 7.7e+06
[  13m]    INFO Explorer: Found a better result at #0001: Quality 1.4e-07, Perf 6.9e+06
[  20m]    INFO Explorer: Found a better result at #0004: Quality 2.6e-07, Perf 3.9e+06
[  20m]    INFO Explorer: Found a better result at #0004: Quality 4.3e-07, Perf 2.3e+06
[  20m]    INFO Explorer: Found a better result at #0004: Quality 6.4e-07, Perf 1.6e+06
[  33m]    INFO Explorer: All points are stopped at level 1
[  36m]    INFO Explorer: All points are stopped at level 1
[  38m]    INFO Explorer: All points are stopped at level 1
[  46m]    INFO Explorer: All points are stopped at level 1
[  49m]    INFO Explorer: All points are stopped at level 1
[  51m]    INFO Explorer: All points are stopped at level 1
[  55m]    INFO Explorer: All points are stopped at level 1
[  59m]    INFO Explorer: All points are stopped at level 1
[  60m]    INFO Explorer: All points are stopped at level 1
[  68m]    INFO Explorer: All points are stopped at level 1
[  71m]    INFO Explorer: All points are stopped at level 1
[  72m]    INFO Explorer: All points are stopped at level 1
[  80m]    INFO Explorer: All points are stopped at level 1
[  89m]    INFO Explorer: All points are stopped at level 1
[  92m]    INFO Explorer: All points are stopped at level 1
[  93m]    INFO Explorer: All points are stopped at level 1
[  94m]    INFO Explorer: All points are stopped at level 1
[  98m]    INFO Explorer: All points are stopped at level 1
[  99m]    INFO Explorer: All points are stopped at level 1
[ 100m]    INFO Explorer: All points are stopped at level 1
[ 103m]    INFO Explorer: All points are stopped at level 1
[ 104m]    INFO Explorer: All points are stopped at level 1
[ 112m]    INFO Explorer: All points are stopped at level 1
[ 116m]    INFO Explorer: All points are stopped at level 1
[ 117m]    INFO Explorer: All points are stopped at level 1
[ 118m]    INFO Explorer: All points are stopped at level 1
[ 122m]    INFO Explorer: All points are stopped at level 1
[ 123m]    INFO Explorer: All points are stopped at level 1
[ 131m]    INFO Explorer: All points are stopped at level 1
[ 134m]    INFO Explorer: All points are stopped at level 1
[ 135m]    INFO Explorer: All points are stopped at level 1
[ 140m]    INFO Explorer: All points are stopped at level 1
[ 143m]    INFO Explorer: All points are stopped at level 1
[ 144m]    INFO Explorer: All points are stopped at level 1
[ 156m]    INFO Explorer: All points are stopped at level 1
[ 159m]    INFO Explorer: All points are stopped at level 1
[ 160m]    INFO Explorer: All points are stopped at level 1
[ 168m]    INFO Explorer: All points are stopped at level 1
[ 179m]    INFO Explorer: All points are stopped at level 1
[ 182m]    INFO Explorer: All points are stopped at level 1
[ 184m]    INFO Explorer: All points are stopped at level 1
[ 192m]    INFO Explorer: All points are stopped at level 1
[ 194m]    INFO Explorer: All points are stopped at level 1
[ 195m]    INFO Explorer: All points are stopped at level 1
[ 198m]    INFO Explorer: All points are stopped at level 1
[ 199m]    INFO Explorer: All points are stopped at level 1
[ 200m]    INFO Explorer: All points are stopped at level 1
[ 204m]    INFO Explorer: All points are stopped at level 1
[ 205m]    INFO Explorer: All points are stopped at level 1
[ 206m]    INFO Explorer: All points are stopped at level 1
[ 210m]    INFO Explorer: All points are stopped at level 1
[ 211m]    INFO Explorer: All points are stopped at level 1
[ 221m]    INFO Explorer: All points are stopped at level 1
[ 225m]    INFO Explorer: All points are stopped at level 1
[ 226m]    INFO Explorer: All points are stopped at level 1
[ 227m]    INFO Explorer: All points are stopped at level 1
[ 230m]    INFO Explorer: All points are stopped at level 1
[ 232m]    INFO Explorer: All points are stopped at level 1
[ 233m]    INFO Explorer: All points are stopped at level 1
[ 236m]    INFO Explorer: All points are stopped at level 1
[ 237m]    INFO Explorer: All points are stopped at level 1
[ 248m]    INFO Explorer: All points are stopped at level 1
[ 252m]    INFO Explorer: All points are stopped at level 1
[ 253m]    INFO Explorer: All points are stopped at level 1
[ 258m]    INFO Explorer: All points are stopped at level 1
[ 261m]    INFO Explorer: All points are stopped at level 1
[ 262m]    INFO Explorer: All points are stopped at level 1
[ 269m]    INFO Explorer: All points are stopped at level 1
[ 272m]    INFO Explorer: All points are stopped at level 1
[ 273m]    INFO Explorer: All points are stopped at level 1
[ 281m]    INFO Explorer: All points are stopped at level 1
[ 284m]    INFO Explorer: All points are stopped at level 1
[ 285m]    INFO Explorer: All points are stopped at level 1
[ 292m]    INFO Explorer: All points are stopped at level 1
[ 295m]    INFO Explorer: All points are stopped at level 1
[ 297m]    INFO Explorer: All points are stopped at level 1
[ 304m]    INFO Explorer: All points are stopped at level 1
[ 312m]    INFO Explorer: All points are stopped at level 1
[ 316m]    INFO Explorer: All points are stopped at level 1
[ 317m]    INFO Explorer: All points are stopped at level 1
[ 318m]    INFO Explorer: All points are stopped at level 1
[ 321m]    INFO Explorer: All points are stopped at level 1
[ 322m]    INFO Explorer: All points are stopped at level 1
[ 323m]    INFO Explorer: All points are stopped at level 1
[ 326m]    INFO Explorer: All points are stopped at level 1
[ 328m]    INFO Explorer: All points are stopped at level 1
[ 336m]    INFO Explorer: All points are stopped at level 1
[ 339m]    INFO Explorer: All points are stopped at level 1
[ 340m]    INFO Explorer: All points are stopped at level 1
[ 341m]    INFO Explorer: All points are stopped at level 1
[ 344m]    INFO Explorer: All points are stopped at level 1
[ 345m]    INFO Explorer: All points are stopped at level 1
[ 353m]    INFO Explorer: All points are stopped at level 1
[ 357m]    INFO Explorer: All points are stopped at level 1
[ 358m]    INFO Explorer: All points are stopped at level 1
[ 360m]    INFO Explorer: All points are stopped at level 1
[ 361m]    INFO Explorer: All points are stopped at level 1
[ 364m]    INFO Explorer: All points are stopped at level 1
[ 365m]    INFO Explorer: All points are stopped at level 1
[ 367m]    INFO Explorer: All points are stopped at level 1
[ 369m]    INFO Explorer: All points are stopped at level 1
[ 372m]    INFO Explorer: All points are stopped at level 1
[ 373m]    INFO Explorer: All points are stopped at level 1
[ 383m]    INFO Explorer: All points are stopped at level 1
[ 387m]    INFO Explorer: All points are stopped at level 1
[ 388m]    INFO Explorer: All points are stopped at level 1
[ 396m]    INFO Explorer: All points are stopped at level 1
[ 404m]    INFO Explorer: All points are stopped at level 1
[ 407m]    INFO Explorer: All points are stopped at level 1
[ 408m]    INFO Explorer: All points are stopped at level 1
[ 409m]    INFO Explorer: All points are stopped at level 1
[ 413m]    INFO Explorer: All points are stopped at level 1
[ 414m]    INFO Explorer: All points are stopped at level 1
[ 415m]    INFO Explorer: All points are stopped at level 1
[ 418m]    INFO Explorer: All points are stopped at level 1
[ 419m]    INFO Explorer: All points are stopped at level 1
[ 428m]    INFO Explorer: All points are stopped at level 1
[ 431m]    INFO Explorer: All points are stopped at level 1
[ 432m]    INFO Explorer: All points are stopped at level 1
[ 433m]    INFO Explorer: All points are stopped at level 1
[ 437m]    INFO Explorer: All points are stopped at level 1
[ 438m]    INFO Explorer: All points are stopped at level 1
[ 446m]    INFO Explorer: All points are stopped at level 1
[ 449m]    INFO Explorer: All points are stopped at level 1
[ 450m]    INFO Explorer: All points are stopped at level 1
[ 453m]    INFO Explorer: All points are stopped at level 1
[ 454m]    INFO Explorer: All points are stopped at level 1
[ 457m]    INFO Explorer: All points are stopped at level 1
[ 458m]    INFO Explorer: All points are stopped at level 1
[ 460m]    INFO Explorer: All points are stopped at level 1
[ 465m]    INFO Explorer: All points are stopped at level 1
[ 468m]    INFO Explorer: All points are stopped at level 1
[ 469m]    INFO Explorer: All points are stopped at level 1
[ 476m]    INFO Explorer: All points are stopped at level 1
[ 480m]    INFO Explorer: All points are stopped at level 1
[ 481m]    INFO Explorer: All points are stopped at level 1
[ 489m]    INFO Explorer: All points are stopped at level 1
[ 497m]    INFO Explorer: All points are stopped at level 1
[ 501m]    INFO Explorer: All points are stopped at level 1
[ 502m]    INFO Explorer: All points are stopped at level 1
[ 503m]    INFO Explorer: All points are stopped at level 1
[ 506m]    INFO Explorer: All points are stopped at level 1
[ 508m]    INFO Explorer: All points are stopped at level 1
[ 516m]    INFO Explorer: All points are stopped at level 1
[ 519m]    INFO Explorer: All points are stopped at level 1
[ 520m]    INFO Explorer: All points are stopped at level 1
[ 523m]    INFO Explorer: All points are stopped at level 1
[ 524m]    INFO Explorer: All points are stopped at level 1
[ 527m]    INFO Explorer: All points are stopped at level 1
[ 528m]    INFO Explorer: All points are stopped at level 1
[ 530m]    INFO Explorer: All points are stopped at level 1
[ 531m]    INFO Explorer: All points are stopped at level 1
[ 535m]    INFO Explorer: All points are stopped at level 1
[ 536m]    INFO Explorer: All points are stopped at level 1
[ 545m]    INFO Explorer: All points are stopped at level 1
[ 548m]    INFO Explorer: All points are stopped at level 1
[ 549m]    INFO Explorer: All points are stopped at level 1
[ 557m]    INFO Explorer: All points are stopped at level 1
[ 565m]    INFO Explorer: All points are stopped at level 1
[ 568m]    INFO Explorer: All points are stopped at level 1
[ 569m]    INFO Explorer: All points are stopped at level 1
[ 570m]    INFO Explorer: All points are stopped at level 1
[ 574m]    INFO Explorer: All points are stopped at level 1
[ 575m]    INFO Explorer: All points are stopped at level 1
[ 583m]    INFO Explorer: All points are stopped at level 1
[ 586m]    INFO Explorer: All points are stopped at level 1
[ 587m]    INFO Explorer: All points are stopped at level 1
[ 589m]    INFO Explorer: All points are stopped at level 1
[ 590m]    INFO Explorer: All points are stopped at level 1
[ 594m]    INFO Explorer: All points are stopped at level 1
[ 595m]    INFO Explorer: All points are stopped at level 1
[ 597m]    INFO Explorer: All points are stopped at level 1
[ 773m]    INFO Explorer: All points are stopped at level 1
[ 776m]    INFO Explorer: All points are stopped at level 1
[ 777m]    INFO Explorer: All points are stopped at level 1
[ 784m]    INFO Explorer: All points are stopped at level 1
[ 787m]    INFO Explorer: All points are stopped at level 1
[ 788m]    INFO Explorer: All points are stopped at level 1
[ 796m]    INFO Explorer: All points are stopped at level 1
[ 804m]    INFO Explorer: All points are stopped at level 1
[ 807m]    INFO Explorer: All points are stopped at level 1
[ 808m]    INFO Explorer: All points are stopped at level 1
[ 809m]    INFO Explorer: All points are stopped at level 1
[ 813m]    INFO Explorer: All points are stopped at level 1
[ 814m]    INFO Explorer: All points are stopped at level 1
[ 815m]    INFO Explorer: All points are stopped at level 1
[ 818m]    INFO Explorer: All points are stopped at level 1
[ 820m]    INFO Explorer: All points are stopped at level 1
[ 828m]    INFO Explorer: All points are stopped at level 1
[ 831m]    INFO Explorer: All points are stopped at level 1
[ 832m]    INFO Explorer: All points are stopped at level 1
[ 833m]    INFO Explorer: All points are stopped at level 1
[ 837m]    INFO Explorer: All points are stopped at level 1
[ 838m]    INFO Explorer: All points are stopped at level 1
[ 846m]    INFO Explorer: All points are stopped at level 1
[ 849m]    INFO Explorer: All points are stopped at level 1
[ 850m]    INFO Explorer: All points are stopped at level 1
[ 851m]    INFO Explorer: All points are stopped at level 1
[ 853m]    INFO Explorer: All points are stopped at level 1
[ 856m]    INFO Explorer: All points are stopped at level 1
[ 857m]    INFO Explorer: All points are stopped at level 1
[ 858m]    INFO Explorer: All points are stopped at level 1
[ 859m]    INFO Explorer: All points are stopped at level 1
[ 863m]    INFO Explorer: All points are stopped at level 1
[ 864m]    INFO Explorer: All points are stopped at level 1
[ 873m]    INFO Explorer: All points are stopped at level 1
[ 876m]    INFO Explorer: All points are stopped at level 1
[ 878m]    INFO Explorer: All points are stopped at level 1
[ 886m]    INFO Explorer: All points are stopped at level 1
[ 894m]    INFO Explorer: All points are stopped at level 1
[ 897m]    INFO Explorer: All points are stopped at level 1
[ 898m]    INFO Explorer: All points are stopped at level 1
[ 899m]    INFO Explorer: All points are stopped at level 1
[ 903m]    INFO Explorer: All points are stopped at level 1
[ 904m]    INFO Explorer: All points are stopped at level 1
[ 905m]    INFO Explorer: All points are stopped at level 1
[ 908m]    INFO Explorer: All points are stopped at level 1
[ 909m]    INFO Explorer: All points are stopped at level 1
[ 917m]    INFO Explorer: All points are stopped at level 1
[ 921m]    INFO Explorer: All points are stopped at level 1
[ 922m]    INFO Explorer: All points are stopped at level 1
[ 923m]    INFO Explorer: All points are stopped at level 1
[ 926m]    INFO Explorer: All points are stopped at level 1
[ 927m]    INFO Explorer: All points are stopped at level 1
[ 935m]    INFO Explorer: All points are stopped at level 1
[ 939m]    INFO Explorer: All points are stopped at level 1
[ 940m]    INFO Explorer: All points are stopped at level 1
[ 941m]    INFO Explorer: All points are stopped at level 1
[ 942m]    INFO Explorer: All points are stopped at level 1
[ 945m]    INFO Explorer: All points are stopped at level 1
[ 946m]    INFO Explorer: All points are stopped at level 1
[ 947m]    INFO Explorer: All points are stopped at level 1
[ 952m]    INFO Explorer: All points are stopped at level 1
[ 955m]    INFO Explorer: All points are stopped at level 1
[ 956m]    INFO Explorer: All points are stopped at level 1
[ 962m]    INFO Explorer: All points are stopped at level 1
[ 965m]    INFO Explorer: All points are stopped at level 1
[ 966m]    INFO Explorer: All points are stopped at level 1
[ 974m]    INFO Explorer: All points are stopped at level 1
[ 982m]    INFO Explorer: All points are stopped at level 1
[ 985m]    INFO Explorer: All points are stopped at level 1
[ 987m]    INFO Explorer: All points are stopped at level 1
[ 988m]    INFO Explorer: All points are stopped at level 1
[ 991m]    INFO Explorer: All points are stopped at level 1
[ 992m]    INFO Explorer: All points are stopped at level 1
[ 993m]    INFO Explorer: All points are stopped at level 1
[ 997m]    INFO Explorer: All points are stopped at level 1
[ 998m]    INFO Explorer: All points are stopped at level 1
[1005m]    INFO Explorer: Explored 1064 points
