[   2m]    INFO Search: Computation order (high to low): ['PARALLEL', 'PIPELINE']
[   2m]    INFO Search: Communication order (high to low): ['INTERFACE', 'CACHE', 'PIPELINE', 'TILE', 'TILING']
[   2m]    INFO Search: Launch gradient search algorithm
[ 183m] WARNING Search: Default point is invalid: {'__PARA__L0': 1, '__PARA__L1': 1, '__PARA__L2': 1, '__PARA__L3': 1, '__PARA__L4': 1, '__PIPE__L0': 'off', '__PIPE__L1': 'off', '__PIPE__L2': 'flatten', '__TILE__L0': 1, '__TILE__L1': 1, '__TILE__L2': 1}
[ 183m] WARNING Search: This exploration is low confidence to achieve high QoR.
[ 183m]    INFO Search: Focus parameters (high order goes to tail): ['__PARA__L0', '__PARA__L1', '__PARA__L2', '__PARA__L3', '__PARA__L4', '__PIPE__L0', '__PIPE__L1', '__PIPE__L2', '__TILE__L0', '__TILE__L1', '__TILE__L2']
[ 183m]    INFO Search: === ITERATION 1 ===
[ 183m]    INFO Search: Tree Level 0
[ 183m]    INFO Search: Working Node:
[ 183m]    INFO Search: +---------+------------------------------------------------------------------------------------------------------------+
[ 183m]    INFO Search: | Point   | __PARA__L0-1.__PARA__L1-1.__PARA__L2-1.__PARA__L3-1.__PARA__L4-1.__PIPE__L0-off.__PIPE__L1-off.__PIPE__L2- |
[ 183m]    INFO Search: |         | flatten.__TILE__L0-1.__TILE__L1-1.__TILE__L2-1                                                             |
[ 183m]    INFO Search: +---------+------------------------------------------------------------------------------------------------------------+
[ 183m]    INFO Search: | Quality | 0.00e+00                                                                                                   |
[ 183m]    INFO Search: +---------+------------------------------------------------------------------------------------------------------------+
[ 183m]    INFO Search: | Perf.   | 0.00e+00                                                                                                   |
[ 183m]    INFO Search: +---------+------------------------------------------------------------------------------------------------------------+
[ 183m]    INFO Search: | Child   | ('__PARA__L0', '6,2')<-('__PARA__L1', '4,3')<-('__PARA__L2', '4,3')<-('__PARA__L3', '4,3')<-('__PARA__L4', |
[ 183m]    INFO Search: |         | '')<-('__PIPE__L0', '1')<-('__PIPE__L1', '1')<-('__PIPE__L2', '')<-('__TILE__L0', '8')<-('__TILE__L1',     |
[ 183m]    INFO Search: |         | '7')<-('__TILE__L2', '7')                                                                                  |
[ 183m]    INFO Search: +---------+------------------------------------------------------------------------------------------------------------+
[ 183m]    INFO Search: | Tuned   |                                                                                                            |
[ 183m]    INFO Search: +---------+------------------------------------------------------------------------------------------------------------+
[ 183m]    INFO Search: Working batch: __TILE__L2
[ 183m]    INFO Search: Evaluating 7 poitns
[ 440m]    INFO Search: Received results from evaluator
[ 440m]    INFO Search: Results
[ 440m]    INFO Search: +--------------+----------+----------+--------------------+--------+-------+
[ 440m]    INFO Search: |     Tag      | Quality  |  Perf.   | BRAM, DSP, LUT, FF | Status | Valid |
[ 440m]    INFO Search: +==============+==========+==========+====================+========+=======+
[ 440m]    INFO Search: | __TILE__L2-2 | 1.12e-08 | 8.90e+07 | 0.5, 0.6, 0.3, 0.3 | PASS   | True  |
[ 440m]    INFO Search: +--------------+----------+----------+--------------------+--------+-------+
[ 440m]    INFO Search: -> Add to level 1 with 9 tunable parameters: ['__TILE__L1', '__TILE__L0', '__PIPE__L1', '__PARA__L1', '__PARA__L3', '__PIPE__L0', '__PARA__L0', '__PIPE__L2', '__PARA__L2']
[ 440m]    INFO Search: +--------------+----------+----------+--------------------+--------+-------+
[ 440m]    INFO Search: |     Tag      | Quality  |  Perf.   | BRAM, DSP, LUT, FF | Status | Valid |
[ 440m]    INFO Search: +==============+==========+==========+====================+========+=======+
[ 440m]    INFO Search: | __TILE__L2-4 | 1.13e-08 | 8.82e+07 | 0.5, 0.6, 0.3, 0.3 | PASS   | True  |
[ 440m]    INFO Search: +--------------+----------+----------+--------------------+--------+-------+
[ 440m]    INFO Search: -> Add to level 1 with 9 tunable parameters: ['__TILE__L1', '__TILE__L0', '__PIPE__L1', '__PARA__L1', '__PARA__L3', '__PIPE__L0', '__PARA__L0', '__PIPE__L2', '__PARA__L2']
[ 440m]    INFO Search: +--------------+----------+----------+--------------------+--------+-------+
[ 440m]    INFO Search: |     Tag      | Quality  |  Perf.   | BRAM, DSP, LUT, FF | Status | Valid |
[ 440m]    INFO Search: +==============+==========+==========+====================+========+=======+
[ 440m]    INFO Search: | __TILE__L2-8 | 1.13e-08 | 8.82e+07 | 0.5, 0.6, 0.3, 0.2 | PASS   | True  |
[ 440m]    INFO Search: +--------------+----------+----------+--------------------+--------+-------+
[ 440m]    INFO Search: -> Add to level 1 with 9 tunable parameters: ['__TILE__L1', '__TILE__L0', '__PIPE__L1', '__PARA__L1', '__PARA__L3', '__PIPE__L0', '__PARA__L0', '__PIPE__L2', '__PARA__L2']
[ 440m]    INFO Search: +---------------+----------+----------+--------------------+--------+-------+
[ 440m]    INFO Search: |      Tag      | Quality  |  Perf.   | BRAM, DSP, LUT, FF | Status | Valid |
[ 440m]    INFO Search: +===============+==========+==========+====================+========+=======+
[ 440m]    INFO Search: | __TILE__L2-31 | 1.11e-08 | 9.01e+07 | 0.5, 0.6, 0.3, 0.2 | PASS   | True  |
[ 440m]    INFO Search: +---------------+----------+----------+--------------------+--------+-------+
[ 440m]    INFO Search: -> Add to level 1 with 9 tunable parameters: ['__TILE__L1', '__TILE__L0', '__PIPE__L1', '__PARA__L1', '__PARA__L3', '__PIPE__L0', '__PARA__L0', '__PIPE__L2', '__PARA__L2']
[ 440m]    INFO Search: +---------------+----------+----------+--------------------+--------+-------+
[ 440m]    INFO Search: |      Tag      | Quality  |  Perf.   | BRAM, DSP, LUT, FF | Status | Valid |
[ 440m]    INFO Search: +===============+==========+==========+====================+========+=======+
[ 440m]    INFO Search: | __TILE__L2-62 | 1.07e-08 | 9.31e+07 | 0.5, 0.6, 0.3, 0.2 | PASS   | True  |
[ 440m]    INFO Search: +---------------+----------+----------+--------------------+--------+-------+
[ 440m]    INFO Search: -> Add to level 1 with 9 tunable parameters: ['__TILE__L1', '__TILE__L0', '__PIPE__L1', '__PARA__L1', '__PARA__L3', '__PIPE__L0', '__PARA__L0', '__PIPE__L2', '__PARA__L2']
[ 440m]    INFO Search: +----------------+----------+----------+--------------------+--------+-------+
[ 440m]    INFO Search: |      Tag       | Quality  |  Perf.   | BRAM, DSP, LUT, FF | Status | Valid |
[ 440m]    INFO Search: +================+==========+==========+====================+========+=======+
[ 440m]    INFO Search: | __TILE__L2-124 | 8.48e-09 | 1.18e+08 | 0.2, 0.6, 0.6, 0.3 | PASS   | True  |
[ 440m]    INFO Search: +----------------+----------+----------+--------------------+--------+-------+
[ 440m]    INFO Search: -> Add to level 1 with 9 tunable parameters: ['__TILE__L1', '__TILE__L0', '__PIPE__L1', '__PARA__L1', '__PARA__L3', '__PIPE__L0', '__PARA__L0', '__PIPE__L2', '__PARA__L2']
[ 440m]    INFO Search: +----------------+---------+----------+--------------------+---------+-------+
[ 440m]    INFO Search: |      Tag       | Quality |  Perf.   | BRAM, DSP, LUT, FF | Status  | Valid |
[ 440m]    INFO Search: +================+=========+==========+====================+=========+=======+
[ 440m]    INFO Search: | __TILE__L2-248 | -inf    | 0.00e+00 | 0.0, 0.0, 0.0, 0.0 | TIMEOUT | False |
[ 440m]    INFO Search: +----------------+---------+----------+--------------------+---------+-------+
[ 440m]    INFO Search: -> No quality, abandon
[ 440m]    INFO Search: Run out of batches of parameter __TILE__L2
[ 440m]    INFO Search: === ITERATION 2 ===
[ 440m]    INFO Search: Tree Level 1
[ 440m]    INFO Search: Working Node:
[ 440m]    INFO Search: +---------+------------------------------------------------------------------------------------------------------------+
[ 440m]    INFO Search: | Point   | __PARA__L0-1.__PARA__L1-1.__PARA__L2-1.__PARA__L3-1.__PARA__L4-1.__PIPE__L0-off.__PIPE__L1-off.__PIPE__L2- |
[ 440m]    INFO Search: |         | flatten.__TILE__L0-1.__TILE__L1-1.__TILE__L2-8                                                             |
[ 440m]    INFO Search: +---------+------------------------------------------------------------------------------------------------------------+
[ 440m]    INFO Search: | Quality | 1.13e-08                                                                                                   |
[ 440m]    INFO Search: +---------+------------------------------------------------------------------------------------------------------------+
[ 440m]    INFO Search: | Perf.   | 8.82e+07                                                                                                   |
[ 440m]    INFO Search: +---------+------------------------------------------------------------------------------------------------------------+
[ 440m]    INFO Search: | Child   | ('__TILE__L1', '7')<-('__TILE__L0', '8')<-('__PIPE__L1', '1')<-('__PARA__L1', '4,3')<-('__PARA__L3',       |
[ 440m]    INFO Search: |         | '4,3')<-('__PIPE__L0', '1')<-('__PARA__L0', '6,2')<-('__PIPE__L2', '')<-('__PARA__L2', '1,3')              |
[ 440m]    INFO Search: +---------+------------------------------------------------------------------------------------------------------------+
[ 440m]    INFO Search: | Tuned   | __TILE__L2                                                                                                 |
[ 440m]    INFO Search: +---------+------------------------------------------------------------------------------------------------------------+
[ 440m]    INFO Search: Working batch: __PARA__L2
[ 440m]    INFO Search: Evaluating 3 poitns
[ 803m]    INFO Search: Received results from evaluator
[ 803m]    INFO Search: Results
[ 803m]    INFO Search: +--------------+---------+----------+--------------------+--------+-------+
[ 803m]    INFO Search: |     Tag      | Quality |  Perf.   | BRAM, DSP, LUT, FF | Status | Valid |
[ 803m]    INFO Search: +==============+=========+==========+====================+========+=======+
[ 803m]    INFO Search: | __PARA__L2-2 | -inf    | 8.86e+07 | 0.2, 1.7, 1.1, 0.8 | PASS   | False |
[ 803m]    INFO Search: +--------------+---------+----------+--------------------+--------+-------+
[ 803m]    INFO Search: -> No quality, abandon
[ 803m]    INFO Search: +--------------+---------+----------+--------------------+---------+-------+
[ 803m]    INFO Search: |     Tag      | Quality |  Perf.   | BRAM, DSP, LUT, FF | Status  | Valid |
[ 803m]    INFO Search: +==============+=========+==========+====================+=========+=======+
[ 803m]    INFO Search: | __PARA__L2-4 | -inf    | 0.00e+00 | 0.0, 0.0, 0.0, 0.0 | TIMEOUT | False |
[ 803m]    INFO Search: +--------------+---------+----------+--------------------+---------+-------+
[ 803m]    INFO Search: -> No quality, abandon
[ 803m]    INFO Search: +--------------+---------+----------+--------------------+---------+-------+
[ 803m]    INFO Search: |     Tag      | Quality |  Perf.   | BRAM, DSP, LUT, FF | Status  | Valid |
[ 803m]    INFO Search: +==============+=========+==========+====================+=========+=======+
[ 803m]    INFO Search: | __PARA__L2-8 | -inf    | 0.00e+00 | 0.0, 0.0, 0.0, 0.0 | TIMEOUT | False |
[ 803m]    INFO Search: +--------------+---------+----------+--------------------+---------+-------+
[ 803m]    INFO Search: -> No quality, abandon
[ 803m]    INFO Search: === ITERATION 3 ===
[ 803m]    INFO Search: Tree Level 1
[ 803m]    INFO Search: Working Node:
[ 803m]    INFO Search: +---------+------------------------------------------------------------------------------------------------------------+
[ 803m]    INFO Search: | Point   | __PARA__L0-1.__PARA__L1-1.__PARA__L2-1.__PARA__L3-1.__PARA__L4-1.__PIPE__L0-off.__PIPE__L1-off.__PIPE__L2- |
[ 803m]    INFO Search: |         | flatten.__TILE__L0-1.__TILE__L1-1.__TILE__L2-8                                                             |
[ 803m]    INFO Search: +---------+------------------------------------------------------------------------------------------------------------+
[ 803m]    INFO Search: | Quality | 1.13e-08                                                                                                   |
[ 803m]    INFO Search: +---------+------------------------------------------------------------------------------------------------------------+
[ 803m]    INFO Search: | Perf.   | 8.82e+07                                                                                                   |
[ 803m]    INFO Search: +---------+------------------------------------------------------------------------------------------------------------+
[ 803m]    INFO Search: | Child   | ('__TILE__L1', '7')<-('__TILE__L0', '8')<-('__PIPE__L1', '1')<-('__PARA__L1', '4,3')<-('__PARA__L3',       |
[ 803m]    INFO Search: |         | '4,3')<-('__PIPE__L0', '1')<-('__PARA__L0', '6,2')<-('__PIPE__L2', '')<-('__PARA__L2', '1')                |
[ 803m]    INFO Search: +---------+------------------------------------------------------------------------------------------------------------+
[ 803m]    INFO Search: | Tuned   | __TILE__L2                                                                                                 |
[ 803m]    INFO Search: +---------+------------------------------------------------------------------------------------------------------------+
[ 803m]    INFO Search: Working batch: __PARA__L2
[ 803m]    INFO Search: Evaluating 1 poitns
[ 987m]    INFO Search: Received results from evaluator
[ 987m]    INFO Search: Results
[ 987m]    INFO Search: +---------------+---------+----------+--------------------+---------+-------+
[ 987m]    INFO Search: |      Tag      | Quality |  Perf.   | BRAM, DSP, LUT, FF | Status  | Valid |
[ 987m]    INFO Search: +===============+=========+==========+====================+=========+=======+
[ 987m]    INFO Search: | __PARA__L2-31 | -inf    | 0.00e+00 | 0.0, 0.0, 0.0, 0.0 | TIMEOUT | False |
[ 987m]    INFO Search: +---------------+---------+----------+--------------------+---------+-------+
[ 987m]    INFO Search: -> No quality, abandon
[ 987m]    INFO Search: Run out of batches of parameter __PARA__L2
[ 987m]    INFO Search: === ITERATION 4 ===
[ 987m]    INFO Search: Tree Level 1
[ 987m]    INFO Search: Working Node:
[ 987m]    INFO Search: +---------+------------------------------------------------------------------------------------------------------------+
[ 987m]    INFO Search: | Point   | __PARA__L0-1.__PARA__L1-1.__PARA__L2-1.__PARA__L3-1.__PARA__L4-1.__PIPE__L0-off.__PIPE__L1-off.__PIPE__L2- |
[ 987m]    INFO Search: |         | flatten.__TILE__L0-1.__TILE__L1-1.__TILE__L2-8                                                             |
[ 987m]    INFO Search: +---------+------------------------------------------------------------------------------------------------------------+
[ 987m]    INFO Search: | Quality | 1.13e-08                                                                                                   |
[ 987m]    INFO Search: +---------+------------------------------------------------------------------------------------------------------------+
[ 987m]    INFO Search: | Perf.   | 8.82e+07                                                                                                   |
[ 987m]    INFO Search: +---------+------------------------------------------------------------------------------------------------------------+
[ 987m]    INFO Search: | Child   | ('__TILE__L1', '7')<-('__TILE__L0', '8')<-('__PIPE__L1', '1')<-('__PARA__L1', '4,3')<-('__PARA__L3',       |
[ 987m]    INFO Search: |         | '4,3')<-('__PIPE__L0', '1')<-('__PARA__L0', '6,2')<-('__PIPE__L2', '')                                     |
[ 987m]    INFO Search: +---------+------------------------------------------------------------------------------------------------------------+
[ 987m]    INFO Search: | Tuned   | __TILE__L2                                                                                                 |
[ 987m]    INFO Search: +---------+------------------------------------------------------------------------------------------------------------+
[ 987m]    INFO Search: No batch to be worked
[ 987m]    INFO Search: Run out of batches of parameter __PIPE__L2
[ 987m]    INFO Search: === ITERATION 5 ===
[ 987m]    INFO Search: Tree Level 1
[ 987m]    INFO Search: Working Node:
[ 987m]    INFO Search: +---------+------------------------------------------------------------------------------------------------------------+
[ 987m]    INFO Search: | Point   | __PARA__L0-1.__PARA__L1-1.__PARA__L2-1.__PARA__L3-1.__PARA__L4-1.__PIPE__L0-off.__PIPE__L1-off.__PIPE__L2- |
[ 987m]    INFO Search: |         | flatten.__TILE__L0-1.__TILE__L1-1.__TILE__L2-8                                                             |
[ 987m]    INFO Search: +---------+------------------------------------------------------------------------------------------------------------+
[ 987m]    INFO Search: | Quality | 1.13e-08                                                                                                   |
[ 987m]    INFO Search: +---------+------------------------------------------------------------------------------------------------------------+
[ 987m]    INFO Search: | Perf.   | 8.82e+07                                                                                                   |
[ 987m]    INFO Search: +---------+------------------------------------------------------------------------------------------------------------+
[ 987m]    INFO Search: | Child   | ('__TILE__L1', '7')<-('__TILE__L0', '8')<-('__PIPE__L1', '1')<-('__PARA__L1', '4,3')<-('__PARA__L3',       |
[ 987m]    INFO Search: |         | '4,3')<-('__PIPE__L0', '1')<-('__PARA__L0', '6,2')                                                         |
[ 987m]    INFO Search: +---------+------------------------------------------------------------------------------------------------------------+
[ 987m]    INFO Search: | Tuned   | __TILE__L2                                                                                                 |
[ 987m]    INFO Search: +---------+------------------------------------------------------------------------------------------------------------+
[ 987m]    INFO Search: Working batch: __PARA__L0
[ 987m]    INFO Search: Evaluating 2 poitns
[ 988m]    INFO Search: Received results from evaluator
[ 988m]    INFO Search: Results
[ 988m]    INFO Search: +--------------+---------+----------+--------------------+--------------+-------+
[ 988m]    INFO Search: |     Tag      | Quality |  Perf.   | BRAM, DSP, LUT, FF |    Status    | Valid |
[ 988m]    INFO Search: +==============+=========+==========+====================+==============+=======+
[ 988m]    INFO Search: | __PARA__L0-2 | -inf    | 0.00e+00 | 0.0, 0.0, 0.0, 0.0 | EARLY_REJECT | False |
[ 988m]    INFO Search: +--------------+---------+----------+--------------------+--------------+-------+
[ 988m]    INFO Search: -> No quality, abandon
[ 988m]    INFO Search: +--------------+---------+----------+--------------------+--------------+-------+
[ 988m]    INFO Search: |     Tag      | Quality |  Perf.   | BRAM, DSP, LUT, FF |    Status    | Valid |
[ 988m]    INFO Search: +==============+=========+==========+====================+==============+=======+
[ 988m]    INFO Search: | __PARA__L0-4 | -inf    | 0.00e+00 | 0.0, 0.0, 0.0, 0.0 | EARLY_REJECT | False |
[ 988m]    INFO Search: +--------------+---------+----------+--------------------+--------------+-------+
[ 988m]    INFO Search: -> No quality, abandon
[ 988m]    INFO Search: === ITERATION 6 ===
[ 988m]    INFO Search: Tree Level 1
[ 988m]    INFO Search: Working Node:
[ 988m]    INFO Search: +---------+------------------------------------------------------------------------------------------------------------+
[ 988m]    INFO Search: | Point   | __PARA__L0-1.__PARA__L1-1.__PARA__L2-1.__PARA__L3-1.__PARA__L4-1.__PIPE__L0-off.__PIPE__L1-off.__PIPE__L2- |
[ 988m]    INFO Search: |         | flatten.__TILE__L0-1.__TILE__L1-1.__TILE__L2-8                                                             |
[ 988m]    INFO Search: +---------+------------------------------------------------------------------------------------------------------------+
[ 988m]    INFO Search: | Quality | 1.13e-08                                                                                                   |
[ 988m]    INFO Search: +---------+------------------------------------------------------------------------------------------------------------+
[ 988m]    INFO Search: | Perf.   | 8.82e+07                                                                                                   |
[ 988m]    INFO Search: +---------+------------------------------------------------------------------------------------------------------------+
[ 988m]    INFO Search: | Child   | ('__TILE__L1', '7')<-('__TILE__L0', '8')<-('__PIPE__L1', '1')<-('__PARA__L1', '4,3')<-('__PARA__L3',       |
[ 988m]    INFO Search: |         | '4,3')<-('__PIPE__L0', '1')<-('__PARA__L0', '6')                                                           |
[ 988m]    INFO Search: +---------+------------------------------------------------------------------------------------------------------------+
[ 988m]    INFO Search: | Tuned   | __TILE__L2                                                                                                 |
[ 988m]    INFO Search: +---------+------------------------------------------------------------------------------------------------------------+
[ 988m]    INFO Search: Working batch: __PARA__L0
[ 988m]    INFO Search: Evaluating 6 poitns
[ 991m]    INFO Search: Received results from evaluator
[ 991m]    INFO Search: Results
[ 991m]    INFO Search: +--------------+---------+----------+--------------------+--------------+-------+
[ 991m]    INFO Search: |     Tag      | Quality |  Perf.   | BRAM, DSP, LUT, FF |    Status    | Valid |
[ 991m]    INFO Search: +==============+=========+==========+====================+==============+=======+
[ 991m]    INFO Search: | __PARA__L0-5 | -inf    | 0.00e+00 | 0.0, 0.0, 0.0, 0.0 | EARLY_REJECT | False |
[ 991m]    INFO Search: +--------------+---------+----------+--------------------+--------------+-------+
[ 991m]    INFO Search: -> No quality, abandon
[ 991m]    INFO Search: +---------------+---------+----------+--------------------+--------------+-------+
[ 991m]    INFO Search: |      Tag      | Quality |  Perf.   | BRAM, DSP, LUT, FF |    Status    | Valid |
[ 991m]    INFO Search: +===============+=========+==========+====================+==============+=======+
[ 991m]    INFO Search: | __PARA__L0-10 | -inf    | 0.00e+00 | 0.0, 0.0, 0.0, 0.0 | EARLY_REJECT | False |
[ 991m]    INFO Search: +---------------+---------+----------+--------------------+--------------+-------+
[ 991m]    INFO Search: -> No quality, abandon
[ 991m]    INFO Search: +---------------+---------+----------+--------------------+--------------+-------+
[ 991m]    INFO Search: |      Tag      | Quality |  Perf.   | BRAM, DSP, LUT, FF |    Status    | Valid |
[ 991m]    INFO Search: +===============+=========+==========+====================+==============+=======+
[ 991m]    INFO Search: | __PARA__L0-20 | -inf    | 0.00e+00 | 0.0, 0.0, 0.0, 0.0 | EARLY_REJECT | False |
[ 991m]    INFO Search: +---------------+---------+----------+--------------------+--------------+-------+
[ 991m]    INFO Search: -> No quality, abandon
[ 991m]    INFO Search: +---------------+---------+----------+--------------------+--------------+-------+
[ 991m]    INFO Search: |      Tag      | Quality |  Perf.   | BRAM, DSP, LUT, FF |    Status    | Valid |
[ 991m]    INFO Search: +===============+=========+==========+====================+==============+=======+
[ 991m]    INFO Search: | __PARA__L0-25 | -inf    | 0.00e+00 | 0.0, 0.0, 0.0, 0.0 | EARLY_REJECT | False |
[ 991m]    INFO Search: +---------------+---------+----------+--------------------+--------------+-------+
[ 991m]    INFO Search: -> No quality, abandon
[ 991m]    INFO Search: +---------------+---------+----------+--------------------+--------------+-------+
[ 991m]    INFO Search: |      Tag      | Quality |  Perf.   | BRAM, DSP, LUT, FF |    Status    | Valid |
[ 991m]    INFO Search: +===============+=========+==========+====================+==============+=======+
[ 991m]    INFO Search: | __PARA__L0-50 | -inf    | 0.00e+00 | 0.0, 0.0, 0.0, 0.0 | EARLY_REJECT | False |
[ 991m]    INFO Search: +---------------+---------+----------+--------------------+--------------+-------+
[ 991m]    INFO Search: -> No quality, abandon
[ 991m]    INFO Search: +----------------+---------+----------+--------------------+--------------+-------+
[ 991m]    INFO Search: |      Tag       | Quality |  Perf.   | BRAM, DSP, LUT, FF |    Status    | Valid |
[ 991m]    INFO Search: +================+=========+==========+====================+==============+=======+
[ 991m]    INFO Search: | __PARA__L0-100 | -inf    | 0.00e+00 | 0.0, 0.0, 0.0, 0.0 | EARLY_REJECT | False |
[ 991m]    INFO Search: +----------------+---------+----------+--------------------+--------------+-------+
[ 991m]    INFO Search: -> No quality, abandon
[ 991m]    INFO Search: Run out of batches of parameter __PARA__L0
[ 991m]    INFO Search: === ITERATION 7 ===
[ 991m]    INFO Search: Tree Level 1
[ 991m]    INFO Search: Working Node:
[ 991m]    INFO Search: +---------+------------------------------------------------------------------------------------------------------------+
[ 991m]    INFO Search: | Point   | __PARA__L0-1.__PARA__L1-1.__PARA__L2-1.__PARA__L3-1.__PARA__L4-1.__PIPE__L0-off.__PIPE__L1-off.__PIPE__L2- |
[ 991m]    INFO Search: |         | flatten.__TILE__L0-1.__TILE__L1-1.__TILE__L2-8                                                             |
[ 991m]    INFO Search: +---------+------------------------------------------------------------------------------------------------------------+
[ 991m]    INFO Search: | Quality | 1.13e-08                                                                                                   |
[ 991m]    INFO Search: +---------+------------------------------------------------------------------------------------------------------------+
[ 991m]    INFO Search: | Perf.   | 8.82e+07                                                                                                   |
[ 991m]    INFO Search: +---------+------------------------------------------------------------------------------------------------------------+
[ 991m]    INFO Search: | Child   | ('__TILE__L1', '7')<-('__TILE__L0', '8')<-('__PIPE__L1', '1')<-('__PARA__L1', '4,3')<-('__PARA__L3',       |
[ 991m]    INFO Search: |         | '4,3')<-('__PIPE__L0', '1')                                                                                |
[ 991m]    INFO Search: +---------+------------------------------------------------------------------------------------------------------------+
[ 991m]    INFO Search: | Tuned   | __TILE__L2                                                                                                 |
[ 991m]    INFO Search: +---------+------------------------------------------------------------------------------------------------------------+
[ 991m]    INFO Search: Working batch: __PIPE__L0
[ 991m]    INFO Search: Evaluating 1 poitns
[ 992m]    INFO Search: Received results from evaluator
[ 992m]    INFO Search: Results
[ 992m]    INFO Search: +-------------+---------+----------+--------------------+--------------+-------+
[ 992m]    INFO Search: |     Tag     | Quality |  Perf.   | BRAM, DSP, LUT, FF |    Status    | Valid |
[ 992m]    INFO Search: +=============+=========+==========+====================+==============+=======+
[ 992m]    INFO Search: | __PIPE__L0- | -inf    | 0.00e+00 | 0.0, 0.0, 0.0, 0.0 | EARLY_REJECT | False |
[ 992m]    INFO Search: +-------------+---------+----------+--------------------+--------------+-------+
[ 992m]    INFO Search: -> No quality, abandon
[ 992m]    INFO Search: Run out of batches of parameter __PIPE__L0
[ 992m]    INFO Search: === ITERATION 8 ===
[ 992m]    INFO Search: Tree Level 1
[ 992m]    INFO Search: Working Node:
[ 992m]    INFO Search: +---------+------------------------------------------------------------------------------------------------------------+
[ 992m]    INFO Search: | Point   | __PARA__L0-1.__PARA__L1-1.__PARA__L2-1.__PARA__L3-1.__PARA__L4-1.__PIPE__L0-off.__PIPE__L1-off.__PIPE__L2- |
[ 992m]    INFO Search: |         | flatten.__TILE__L0-1.__TILE__L1-1.__TILE__L2-8                                                             |
[ 992m]    INFO Search: +---------+------------------------------------------------------------------------------------------------------------+
[ 992m]    INFO Search: | Quality | 1.13e-08                                                                                                   |
[ 992m]    INFO Search: +---------+------------------------------------------------------------------------------------------------------------+
[ 992m]    INFO Search: | Perf.   | 8.82e+07                                                                                                   |
[ 992m]    INFO Search: +---------+------------------------------------------------------------------------------------------------------------+
[ 992m]    INFO Search: | Child   | ('__TILE__L1', '7')<-('__TILE__L0', '8')<-('__PIPE__L1', '1')<-('__PARA__L1', '4,3')<-('__PARA__L3',       |
[ 992m]    INFO Search: |         | '4,3')                                                                                                     |
[ 992m]    INFO Search: +---------+------------------------------------------------------------------------------------------------------------+
[ 992m]    INFO Search: | Tuned   | __TILE__L2                                                                                                 |
[ 992m]    INFO Search: +---------+------------------------------------------------------------------------------------------------------------+
[ 992m]    INFO Search: Working batch: __PARA__L3
[ 992m]    INFO Search: Evaluating 3 poitns
