[   0m]    INFO Main: Workspace initialized
[   0m]    INFO Main: Loading configurations
[   0m]    INFO Main: Initializing the database at port 6005
[   0m]    INFO Main: Initializing the evaluator
[   0m]    INFO Main: Compiling design space for scope map
[   0m]    INFO DSProc: Design space contains 8640693 valid design points
[   0m]    INFO DSProc: Finished design space compilation
[   0m]    INFO Main: Building the scope map
[   2m]    INFO Report: DSE Configure
[   2m]    INFO Report: +--------------------+--------------+
[   2m]    INFO Report: |       Config       |    Value     |
[   2m]    INFO Report: +====================+==============+
[   2m]    INFO Report: | Project            | dse_project  |
[   2m]    INFO Report: +--------------------+--------------+
[   2m]    INFO Report: | Backup mode        | BACKUP_ERROR |
[   2m]    INFO Report: +--------------------+--------------+
[   2m]    INFO Report: | Fast mode output # | 4            |
[   2m]    INFO Report: +--------------------+--------------+
[   2m]    INFO Report: | Execution mode     | fast-dse     |
[   2m]    INFO Report: +--------------------+--------------+
[   2m]    INFO Report: | Search approach    | gradient     |
[   2m]    INFO Report: +--------------------+--------------+
[   2m]    INFO Report: | DSE time           | 1000         |
[   2m]    INFO Report: +--------------------+--------------+
[   2m]    INFO Report: | HLS time           | 180          |
[   2m]    INFO Report: +--------------------+--------------+
[   2m]    INFO Report: The actual elapsed time may be over the set up exploration time
[   2m]    INFO Report: because we do not abandon the effort of running cases
[   2m]    INFO Main: Compiling design space
[   2m]    INFO DSProc: Design space contains 8640693 valid design points
[   2m]    INFO DSProc: Finished design space compilation
[   2m]    INFO Main: Partitioning the design space to at maximum 4 parts
[   2m]    INFO Main: 4 parts generated
[   2m]    INFO Main: Start the exploration
[   2m]    INFO Main: 4 explorers have been launched
[   3m]    INFO Report: Best result reporting...
[   3m]    INFO Report: +-------+-------+-------------------------------------------+
[   3m]    INFO Report: |Quality|Perf.  |Resource                                   |
[   3m]    INFO Report: +-------+-------+-------------------------------------------+
[   6m]    INFO Report: |2.2e-08|4.5e+07|BRAM:13.0%, DSP:0.0%, LUT:1.0%, FF:0.0%    |
[   6m]    INFO Report: +-------+-------+-------------------------------------------+
[   6m]    INFO Report: |8.5e-07|1.2e+06|BRAM:13.0%, DSP:4.0%, LUT:4.0%, FF:2.0%    |
[   6m]    INFO Report: +-------+-------+-------------------------------------------+
[  10m]    INFO Report: |9.3e-07|1.1e+06|BRAM:13.0%, DSP:17.0%, LUT:8.0%, FF:6.0%   |
[  10m]    INFO Report: +-------+-------+-------------------------------------------+
[  20m]    INFO Report: |1.6e-05|6.3e+04|BRAM:13.0%, DSP:263.0%, LUT:86.0%, FF:86.0%|
[  20m]    INFO Report: +-------+-------+-------------------------------------------+
[ 336m]    INFO Report: |1.6e-05|6.1e+04|BRAM:13.0%, DSP:1052.0%, LUT:342.0%, FF:327.0%|
[ 336m]    INFO Report: +-------+-------+-------------------------------------------+
[1255m]    INFO Main: DSE Summary
[1255m]    INFO Main: +----------------------------+-----+
[1255m]    INFO Main: | Total Explored             | 428 |
[1255m]    INFO Main: +----------------------------+-----+
[1255m]    INFO Main: | Level 1 Timeout            | 0   |
[1255m]    INFO Main: +----------------------------+-----+
[1255m]    INFO Main: | Level 1 Analysis Error     | 0   |
[1255m]    INFO Main: +----------------------------+-----+
[1255m]    INFO Main: | Level 1 Early Reject       | 337 |
[1255m]    INFO Main: +----------------------------+-----+
[1255m]    INFO Main: | Level 1 Result Unavailable | 0   |
[1255m]    INFO Main: +----------------------------+-----+
[1255m]    INFO Main: | Level 2 Timeout            | 23  |
[1255m]    INFO Main: +----------------------------+-----+
[1255m]    INFO Main: | Level 2 Analysis Error     | 0   |
[1255m]    INFO Main: +----------------------------+-----+
[1255m]    INFO Main: | Level 2 Duplicate          | 0   |
[1255m]    INFO Main: +----------------------------+-----+
[1255m]    INFO Main: | Level 2 Result Unavailable | 10  |
[1255m]    INFO Main: +----------------------------+-----+
[1255m]    INFO Main: Outputs of fast exploration are generated
[1255m]    INFO Main: Finish the exploration
