[   6m]    INFO Explorer: Found a better result at #0000: Quality 2.2e-08, Perf 4.5e+07
[  11m]    INFO Explorer: All points are stopped at level 1
[  21m]    INFO Explorer: All points are stopped at level 1
[  24m]    INFO Explorer: All points are stopped at level 1
[  30m]    INFO Explorer: Found a better result at #0018: Quality 7.3e-07, Perf 1.4e+06
[  31m]    INFO Explorer: All points are stopped at level 1
[  42m]    INFO Explorer: All points are stopped at level 1
[  47m]    INFO Explorer: All points are stopped at level 1
[  49m]    INFO Explorer: All points are stopped at level 1
[ 239m]    INFO Explorer: Found a better result at #0041: Quality 7.4e-07, Perf 1.3e+06
[ 240m]    INFO Explorer: All points are stopped at level 1
[ 242m]    INFO Explorer: All points are stopped at level 1
[ 283m]    INFO Explorer: All points are stopped at level 1
[ 285m]    INFO Explorer: All points are stopped at level 1
[ 473m]    INFO Explorer: All points are stopped at level 1
[ 484m]    INFO Explorer: All points are stopped at level 1
[ 490m]    INFO Explorer: All points are stopped at level 1
[ 501m]    INFO Explorer: All points are stopped at level 1
[ 514m]    INFO Explorer: All points are stopped at level 1
[ 515m]    INFO Explorer: All points are stopped at level 1
[ 703m]    INFO Explorer: All points are stopped at level 1
[ 711m]    INFO Explorer: All points are stopped at level 1
[ 717m]    INFO Explorer: All points are stopped at level 1
[ 725m]    INFO Explorer: All points are stopped at level 1
[ 727m]    INFO Explorer: All points are stopped at level 1
[ 918m]    INFO Explorer: All points are stopped at level 1
[ 920m]    INFO Explorer: All points are stopped at level 1
[1102m]    INFO Explorer: Explored 146 points
