

================================================================
== Vitis HLS Report for 'kernel_nlp_Pipeline_VITIS_LOOP_37_1'
================================================================
* Date:           Thu Aug 15 16:08:28 2024

* Version:        2021.1 (Build 3247384 on Thu Jun 10 19:36:07 MDT 2021)
* Project:        kernel_nlp
* Solution:       solution (Vitis Kernel Flow Target)
* Product family: virtexuplus
* Target device:  xcu200-fsgd2104-2-e


================================================================
== Performance Estimates
================================================================
+ Timing: 
    * Summary: 
    +--------+---------+----------+------------+
    |  Clock |  Target | Estimated| Uncertainty|
    +--------+---------+----------+------------+
    |ap_clk  |  4.00 ns|  2.920 ns|     1.08 ns|
    +--------+---------+----------+------------+

+ Latency: 
    * Summary: 
    +---------+---------+----------+----------+-----+-----+---------+
    |  Latency (cycles) |  Latency (absolute) |  Interval | Pipeline|
    |   min   |   max   |    min   |    max   | min | max |   Type  |
    +---------+---------+----------+----------+-----+-----+---------+
    |       38|       38|  0.152 us|  0.152 us|   38|   38|       no|
    +---------+---------+----------+----------+-----+-----+---------+

    + Detail: 
        * Instance: 
        N/A

        * Loop: 
        +-------------------+---------+---------+----------+-----------+-----------+------+----------+
        |                   |  Latency (cycles) | Iteration|  Initiation Interval  | Trip |          |
        |     Loop Name     |   min   |   max   |  Latency |  achieved |   target  | Count| Pipelined|
        +-------------------+---------+---------+----------+-----------+-----------+------+----------+
        |- VITIS_LOOP_37_1  |       36|       36|        13|          1|          1|    25|       yes|
        +-------------------+---------+---------+----------+-----------+-----------+------+----------+



================================================================
== Utilization Estimates
================================================================
* Summary: 
+---------------------+---------+------+---------+---------+-----+
|         Name        | BRAM_18K|  DSP |    FF   |   LUT   | URAM|
+---------------------+---------+------+---------+---------+-----+
|DSP                  |        -|    16|        -|        -|    -|
|Expression           |        -|     -|        0|      180|    -|
|FIFO                 |        -|     -|        -|        -|    -|
|Instance             |        -|     -|      235|      150|    -|
|Memory               |        -|     -|        -|        -|    -|
|Multiplexer          |        -|     -|        -|     1192|    -|
|Register             |        -|     -|     1201|       64|    -|
+---------------------+---------+------+---------+---------+-----+
|Total                |        0|    16|     1436|     1586|    0|
+---------------------+---------+------+---------+---------+-----+
|Available SLR        |     1440|  2280|   788160|   394080|  320|
+---------------------+---------+------+---------+---------+-----+
|Utilization SLR (%)  |        0|    ~0|       ~0|       ~0|    0|
+---------------------+---------+------+---------+---------+-----+
|Available            |     4320|  6840|  2364480|  1182240|  960|
+---------------------+---------+------+---------+---------+-----+
|Utilization (%)      |        0|    ~0|       ~0|       ~0|    0|
+---------------------+---------+------+---------+---------+-----+

+ Detail: 
    * Instance: 
    +-------------------------+---------------------+---------+----+-----+-----+-----+
    |         Instance        |        Module       | BRAM_18K| DSP|  FF | LUT | URAM|
    +-------------------------+---------------------+---------+----+-----+-----+-----+
    |urem_9ns_7ns_6_13_1_U11  |urem_9ns_7ns_6_13_1  |        0|   0|  235|  150|    0|
    +-------------------------+---------------------+---------+----+-----+-----+-----+
    |Total                    |                     |        0|   0|  235|  150|    0|
    +-------------------------+---------------------+---------+----+-----+-----+-----+

    * DSP: 
    +-----------------------------+-------------------------+-----------+
    |           Instance          |          Module         | Expression|
    +-----------------------------+-------------------------+-----------+
    |mul_mul_9ns_10ns_19_4_1_U12  |mul_mul_9ns_10ns_19_4_1  |    i0 * i1|
    |mul_mul_9ns_10ns_19_4_1_U13  |mul_mul_9ns_10ns_19_4_1  |    i0 * i1|
    |mul_mul_9ns_10ns_19_4_1_U14  |mul_mul_9ns_10ns_19_4_1  |    i0 * i1|
    |mul_mul_9ns_10ns_19_4_1_U15  |mul_mul_9ns_10ns_19_4_1  |    i0 * i1|
    |mul_mul_9ns_10ns_19_4_1_U16  |mul_mul_9ns_10ns_19_4_1  |    i0 * i1|
    |mul_mul_9ns_10ns_19_4_1_U17  |mul_mul_9ns_10ns_19_4_1  |    i0 * i1|
    |mul_mul_9ns_10ns_19_4_1_U18  |mul_mul_9ns_10ns_19_4_1  |    i0 * i1|
    |mul_mul_9ns_10ns_19_4_1_U19  |mul_mul_9ns_10ns_19_4_1  |    i0 * i1|
    |mul_mul_9ns_10ns_19_4_1_U20  |mul_mul_9ns_10ns_19_4_1  |    i0 * i1|
    |mul_mul_9ns_10ns_19_4_1_U21  |mul_mul_9ns_10ns_19_4_1  |    i0 * i1|
    |mul_mul_9ns_10ns_19_4_1_U22  |mul_mul_9ns_10ns_19_4_1  |    i0 * i1|
    |mul_mul_9ns_10ns_19_4_1_U23  |mul_mul_9ns_10ns_19_4_1  |    i0 * i1|
    |mul_mul_9ns_10ns_19_4_1_U24  |mul_mul_9ns_10ns_19_4_1  |    i0 * i1|
    |mul_mul_9ns_10ns_19_4_1_U25  |mul_mul_9ns_10ns_19_4_1  |    i0 * i1|
    |mul_mul_9ns_10ns_19_4_1_U26  |mul_mul_9ns_10ns_19_4_1  |    i0 * i1|
    |mul_mul_9ns_10ns_19_4_1_U27  |mul_mul_9ns_10ns_19_4_1  |    i0 * i1|
    +-----------------------------+-------------------------+-----------+

    * Memory: 
    N/A

    * FIFO: 
    N/A

    * Expression: 
    +------------------------------------+----------+----+---+----+------------+------------+
    |            Variable Name           | Operation| DSP| FF| LUT| Bitwidth P0| Bitwidth P1|
    +------------------------------------+----------+----+---+----+------------+------------+
    |add_ln37_1_fu_1118_p2               |         +|   0|  0|  12|           5|           1|
    |add_ln37_fu_1136_p2                 |         +|   0|  0|  16|           9|           5|
    |ap_block_pp0_stage0_11001           |       and|   0|  0|   2|           1|           1|
    |ap_block_state12_pp0_stage0_iter11  |       and|   0|  0|   2|           1|           1|
    |ap_condition_718                    |       and|   0|  0|   2|           1|           1|
    |icmp_ln37_fu_1112_p2                |      icmp|   0|  0|   9|           5|           4|
    |or_ln41_fu_1155_p2                  |        or|   0|  0|   9|           9|           1|
    |or_ln42_fu_1164_p2                  |        or|   0|  0|   9|           9|           2|
    |or_ln43_fu_1173_p2                  |        or|   0|  0|   9|           9|           2|
    |or_ln44_fu_1182_p2                  |        or|   0|  0|   9|           9|           3|
    |or_ln45_fu_1191_p2                  |        or|   0|  0|   9|           9|           3|
    |or_ln46_fu_1200_p2                  |        or|   0|  0|   9|           9|           3|
    |or_ln47_fu_1209_p2                  |        or|   0|  0|   9|           9|           3|
    |or_ln48_fu_1218_p2                  |        or|   0|  0|   9|           9|           4|
    |or_ln49_fu_1227_p2                  |        or|   0|  0|   9|           9|           4|
    |or_ln50_fu_1236_p2                  |        or|   0|  0|   9|           9|           4|
    |or_ln51_fu_1245_p2                  |        or|   0|  0|   9|           9|           4|
    |or_ln52_fu_1254_p2                  |        or|   0|  0|   9|           9|           4|
    |or_ln53_fu_1263_p2                  |        or|   0|  0|   9|           9|           4|
    |or_ln54_fu_1272_p2                  |        or|   0|  0|   9|           9|           4|
    |or_ln55_fu_1281_p2                  |        or|   0|  0|   9|           9|           4|
    |ap_enable_pp0                       |       xor|   0|  0|   2|           1|           2|
    +------------------------------------+----------+----+---+----+------------+------------+
    |Total                               |          |   0|  0| 180|         158|          64|
    +------------------------------------+----------+----+---+----+------------+------------+

    * Multiplexer: 
    +--------------------------------+----+-----------+-----+-----------+
    |              Name              | LUT| Input Size| Bits| Total Bits|
    +--------------------------------+----+-----------+-----+-----------+
    |ap_done_int                     |   9|          2|    1|          2|
    |ap_enable_reg_pp0_iter12        |   9|          2|    1|          2|
    |ap_sig_allocacmp_i0_load        |   9|          2|    9|         18|
    |ap_sig_allocacmp_i0_load_1      |   9|          2|    9|         18|
    |ap_sig_allocacmp_indvar39_load  |   9|          2|    5|         10|
    |e1_0_address0                   |  14|          3|    4|         12|
    |e1_0_d0                         |  14|          3|   64|        192|
    |e1_10_address0                  |  14|          3|    4|         12|
    |e1_10_d0                        |  14|          3|   64|        192|
    |e1_11_address0                  |  14|          3|    4|         12|
    |e1_11_d0                        |  14|          3|   64|        192|
    |e1_12_address0                  |  14|          3|    4|         12|
    |e1_12_d0                        |  14|          3|   64|        192|
    |e1_13_address0                  |  14|          3|    4|         12|
    |e1_13_d0                        |  14|          3|   64|        192|
    |e1_14_address0                  |  14|          3|    4|         12|
    |e1_14_d0                        |  14|          3|   64|        192|
    |e1_15_address0                  |  14|          3|    4|         12|
    |e1_15_d0                        |  14|          3|   64|        192|
    |e1_16_address0                  |  14|          3|    4|         12|
    |e1_16_d0                        |  14|          3|   64|        192|
    |e1_17_address0                  |  14|          3|    4|         12|
    |e1_17_d0                        |  14|          3|   64|        192|
    |e1_18_address0                  |  14|          3|    4|         12|
    |e1_18_d0                        |  14|          3|   64|        192|
    |e1_19_address0                  |  14|          3|    4|         12|
    |e1_19_d0                        |  14|          3|   64|        192|
    |e1_1_address0                   |  14|          3|    4|         12|
    |e1_1_d0                         |  14|          3|   64|        192|
    |e1_20_address0                  |  14|          3|    4|         12|
    |e1_20_d0                        |  14|          3|   64|        192|
    |e1_21_address0                  |  14|          3|    4|         12|
    |e1_21_d0                        |  14|          3|   64|        192|
    |e1_22_address0                  |  14|          3|    4|         12|
    |e1_22_d0                        |  14|          3|   64|        192|
    |e1_23_address0                  |  14|          3|    4|         12|
    |e1_23_d0                        |  14|          3|   64|        192|
    |e1_24_address0                  |  14|          3|    4|         12|
    |e1_24_d0                        |  14|          3|   64|        192|
    |e1_25_address0                  |  14|          3|    4|         12|
    |e1_25_d0                        |  14|          3|   64|        192|
    |e1_26_address0                  |  14|          3|    4|         12|
    |e1_26_d0                        |  14|          3|   64|        192|
    |e1_27_address0                  |  14|          3|    4|         12|
    |e1_27_d0                        |  14|          3|   64|        192|
    |e1_28_address0                  |  14|          3|    4|         12|
    |e1_28_d0                        |  14|          3|   64|        192|
    |e1_29_address0                  |  14|          3|    4|         12|
    |e1_29_d0                        |  14|          3|   64|        192|
    |e1_2_address0                   |  14|          3|    4|         12|
    |e1_2_d0                         |  14|          3|   64|        192|
    |e1_30_address0                  |  14|          3|    4|         12|
    |e1_30_d0                        |  14|          3|   64|        192|
    |e1_31_address0                  |  14|          3|    4|         12|
    |e1_31_d0                        |  14|          3|   64|        192|
    |e1_32_address0                  |  14|          3|    4|         12|
    |e1_32_d0                        |  14|          3|   64|        192|
    |e1_33_address0                  |  14|          3|    4|         12|
    |e1_33_d0                        |  14|          3|   64|        192|
    |e1_34_address0                  |  14|          3|    4|         12|
    |e1_34_d0                        |  14|          3|   64|        192|
    |e1_35_address0                  |  14|          3|    4|         12|
    |e1_35_d0                        |  14|          3|   64|        192|
    |e1_36_address0                  |  14|          3|    4|         12|
    |e1_36_d0                        |  14|          3|   64|        192|
    |e1_37_address0                  |  14|          3|    4|         12|
    |e1_37_d0                        |  14|          3|   64|        192|
    |e1_38_address0                  |  14|          3|    4|         12|
    |e1_38_d0                        |  14|          3|   64|        192|
    |e1_39_address0                  |  14|          3|    4|         12|
    |e1_39_d0                        |  14|          3|   64|        192|
    |e1_3_address0                   |  14|          3|    4|         12|
    |e1_3_d0                         |  14|          3|   64|        192|
    |e1_4_address0                   |  14|          3|    4|         12|
    |e1_4_d0                         |  14|          3|   64|        192|
    |e1_5_address0                   |  14|          3|    4|         12|
    |e1_5_d0                         |  14|          3|   64|        192|
    |e1_6_address0                   |  14|          3|    4|         12|
    |e1_6_d0                         |  14|          3|   64|        192|
    |e1_7_address0                   |  14|          3|    4|         12|
    |e1_7_d0                         |  14|          3|   64|        192|
    |e1_8_address0                   |  14|          3|    4|         12|
    |e1_8_d0                         |  14|          3|   64|        192|
    |e1_9_address0                   |  14|          3|    4|         12|
    |e1_9_d0                         |  14|          3|   64|        192|
    |i0_fu_236                       |   9|          2|    9|         18|
    |indvar39_fu_240                 |   9|          2|    5|         10|
    |kernel_e1_blk_n_R               |   9|          2|    1|          2|
    +--------------------------------+----+-----------+-----+-----------+
    |Total                           |1192|        256| 2760|       8240|
    +--------------------------------+----+-----------+-----+-----------+

    * Register: 
    +-----------------------------------+----+----+-----+-----------+
    |                Name               | FF | LUT| Bits| Const Bits|
    +-----------------------------------+----+----+-----+-----------+
    |ap_CS_fsm                          |   1|   0|    1|          0|
    |ap_done_reg                        |   1|   0|    1|          0|
    |ap_enable_reg_pp0_iter1            |   1|   0|    1|          0|
    |ap_enable_reg_pp0_iter10           |   1|   0|    1|          0|
    |ap_enable_reg_pp0_iter11           |   1|   0|    1|          0|
    |ap_enable_reg_pp0_iter12           |   1|   0|    1|          0|
    |ap_enable_reg_pp0_iter2            |   1|   0|    1|          0|
    |ap_enable_reg_pp0_iter3            |   1|   0|    1|          0|
    |ap_enable_reg_pp0_iter4            |   1|   0|    1|          0|
    |ap_enable_reg_pp0_iter5            |   1|   0|    1|          0|
    |ap_enable_reg_pp0_iter6            |   1|   0|    1|          0|
    |ap_enable_reg_pp0_iter7            |   1|   0|    1|          0|
    |ap_enable_reg_pp0_iter8            |   1|   0|    1|          0|
    |ap_enable_reg_pp0_iter9            |   1|   0|    1|          0|
    |ap_loop_exit_ready_pp0_iter10_reg  |   1|   0|    1|          0|
    |ap_loop_exit_ready_pp0_iter11_reg  |   1|   0|    1|          0|
    |ap_loop_exit_ready_pp0_iter1_reg   |   1|   0|    1|          0|
    |ap_loop_exit_ready_pp0_iter2_reg   |   1|   0|    1|          0|
    |ap_loop_exit_ready_pp0_iter3_reg   |   1|   0|    1|          0|
    |ap_loop_exit_ready_pp0_iter4_reg   |   1|   0|    1|          0|
    |ap_loop_exit_ready_pp0_iter5_reg   |   1|   0|    1|          0|
    |ap_loop_exit_ready_pp0_iter6_reg   |   1|   0|    1|          0|
    |ap_loop_exit_ready_pp0_iter7_reg   |   1|   0|    1|          0|
    |ap_loop_exit_ready_pp0_iter8_reg   |   1|   0|    1|          0|
    |ap_loop_exit_ready_pp0_iter9_reg   |   1|   0|    1|          0|
    |i0_fu_236                          |   9|   0|    9|          0|
    |i0_load_reg_2006                   |   9|   0|    9|          0|
    |icmp_ln37_reg_2002                 |   1|   0|    1|          0|
    |indvar39_fu_240                    |   5|   0|    5|          0|
    |trunc_ln39_10_reg_2162             |  64|   0|   64|          0|
    |trunc_ln39_11_reg_2167             |  64|   0|   64|          0|
    |trunc_ln39_12_reg_2172             |  64|   0|   64|          0|
    |trunc_ln39_13_reg_2177             |  64|   0|   64|          0|
    |trunc_ln39_14_reg_2182             |  64|   0|   64|          0|
    |trunc_ln39_1_reg_2112              |  64|   0|   64|          0|
    |trunc_ln39_2_reg_2117              |  64|   0|   64|          0|
    |trunc_ln39_3_reg_2122              |  64|   0|   64|          0|
    |trunc_ln39_4_reg_2127              |  64|   0|   64|          0|
    |trunc_ln39_5_reg_2132              |  64|   0|   64|          0|
    |trunc_ln39_6_reg_2137              |  64|   0|   64|          0|
    |trunc_ln39_7_reg_2142              |  64|   0|   64|          0|
    |trunc_ln39_8_reg_2147              |  64|   0|   64|          0|
    |trunc_ln39_9_reg_2152              |  64|   0|   64|          0|
    |trunc_ln39_reg_2107                |  64|   0|   64|          0|
    |trunc_ln39_s_reg_2157              |  64|   0|   64|          0|
    |i0_load_reg_2006                   |  64|  32|    9|          0|
    |icmp_ln37_reg_2002                 |  64|  32|    1|          0|
    +-----------------------------------+----+----+-----+-----------+
    |Total                              |1201|  64| 1083|          0|
    +-----------------------------------+----+----+-----+-----------+



================================================================
== Interface
================================================================
* Summary: 
+--------------------------+-----+------+------------+-------------------------------------+--------------+
|         RTL Ports        | Dir | Bits |  Protocol  |            Source Object            |    C Type    |
+--------------------------+-----+------+------------+-------------------------------------+--------------+
|ap_clk                    |   in|     1|  ap_ctrl_hs|  kernel_nlp_Pipeline_VITIS_LOOP_37_1|  return value|
|ap_rst                    |   in|     1|  ap_ctrl_hs|  kernel_nlp_Pipeline_VITIS_LOOP_37_1|  return value|
|ap_start                  |   in|     1|  ap_ctrl_hs|  kernel_nlp_Pipeline_VITIS_LOOP_37_1|  return value|
|ap_done                   |  out|     1|  ap_ctrl_hs|  kernel_nlp_Pipeline_VITIS_LOOP_37_1|  return value|
|ap_idle                   |  out|     1|  ap_ctrl_hs|  kernel_nlp_Pipeline_VITIS_LOOP_37_1|  return value|
|ap_ready                  |  out|     1|  ap_ctrl_hs|  kernel_nlp_Pipeline_VITIS_LOOP_37_1|  return value|
|m_axi_kernel_e1_AWVALID   |  out|     1|       m_axi|                            kernel_e1|       pointer|
|m_axi_kernel_e1_AWREADY   |   in|     1|       m_axi|                            kernel_e1|       pointer|
|m_axi_kernel_e1_AWADDR    |  out|    64|       m_axi|                            kernel_e1|       pointer|
|m_axi_kernel_e1_AWID      |  out|     1|       m_axi|                            kernel_e1|       pointer|
|m_axi_kernel_e1_AWLEN     |  out|    32|       m_axi|                            kernel_e1|       pointer|
|m_axi_kernel_e1_AWSIZE    |  out|     3|       m_axi|                            kernel_e1|       pointer|
|m_axi_kernel_e1_AWBURST   |  out|     2|       m_axi|                            kernel_e1|       pointer|
|m_axi_kernel_e1_AWLOCK    |  out|     2|       m_axi|                            kernel_e1|       pointer|
|m_axi_kernel_e1_AWCACHE   |  out|     4|       m_axi|                            kernel_e1|       pointer|
|m_axi_kernel_e1_AWPROT    |  out|     3|       m_axi|                            kernel_e1|       pointer|
|m_axi_kernel_e1_AWQOS     |  out|     4|       m_axi|                            kernel_e1|       pointer|
|m_axi_kernel_e1_AWREGION  |  out|     4|       m_axi|                            kernel_e1|       pointer|
|m_axi_kernel_e1_AWUSER    |  out|     1|       m_axi|                            kernel_e1|       pointer|
|m_axi_kernel_e1_WVALID    |  out|     1|       m_axi|                            kernel_e1|       pointer|
|m_axi_kernel_e1_WREADY    |   in|     1|       m_axi|                            kernel_e1|       pointer|
|m_axi_kernel_e1_WDATA     |  out|  1024|       m_axi|                            kernel_e1|       pointer|
|m_axi_kernel_e1_WSTRB     |  out|   128|       m_axi|                            kernel_e1|       pointer|
|m_axi_kernel_e1_WLAST     |  out|     1|       m_axi|                            kernel_e1|       pointer|
|m_axi_kernel_e1_WID       |  out|     1|       m_axi|                            kernel_e1|       pointer|
|m_axi_kernel_e1_WUSER     |  out|     1|       m_axi|                            kernel_e1|       pointer|
|m_axi_kernel_e1_ARVALID   |  out|     1|       m_axi|                            kernel_e1|       pointer|
|m_axi_kernel_e1_ARREADY   |   in|     1|       m_axi|                            kernel_e1|       pointer|
|m_axi_kernel_e1_ARADDR    |  out|    64|       m_axi|                            kernel_e1|       pointer|
|m_axi_kernel_e1_ARID      |  out|     1|       m_axi|                            kernel_e1|       pointer|
|m_axi_kernel_e1_ARLEN     |  out|    32|       m_axi|                            kernel_e1|       pointer|
|m_axi_kernel_e1_ARSIZE    |  out|     3|       m_axi|                            kernel_e1|       pointer|
|m_axi_kernel_e1_ARBURST   |  out|     2|       m_axi|                            kernel_e1|       pointer|
|m_axi_kernel_e1_ARLOCK    |  out|     2|       m_axi|                            kernel_e1|       pointer|
|m_axi_kernel_e1_ARCACHE   |  out|     4|       m_axi|                            kernel_e1|       pointer|
|m_axi_kernel_e1_ARPROT    |  out|     3|       m_axi|                            kernel_e1|       pointer|
|m_axi_kernel_e1_ARQOS     |  out|     4|       m_axi|                            kernel_e1|       pointer|
|m_axi_kernel_e1_ARREGION  |  out|     4|       m_axi|                            kernel_e1|       pointer|
|m_axi_kernel_e1_ARUSER    |  out|     1|       m_axi|                            kernel_e1|       pointer|
|m_axi_kernel_e1_RVALID    |   in|     1|       m_axi|                            kernel_e1|       pointer|
|m_axi_kernel_e1_RREADY    |  out|     1|       m_axi|                            kernel_e1|       pointer|
|m_axi_kernel_e1_RDATA     |   in|  1024|       m_axi|                            kernel_e1|       pointer|
|m_axi_kernel_e1_RLAST     |   in|     1|       m_axi|                            kernel_e1|       pointer|
|m_axi_kernel_e1_RID       |   in|     1|       m_axi|                            kernel_e1|       pointer|
|m_axi_kernel_e1_RUSER     |   in|     1|       m_axi|                            kernel_e1|       pointer|
|m_axi_kernel_e1_RRESP     |   in|     2|       m_axi|                            kernel_e1|       pointer|
|m_axi_kernel_e1_BVALID    |   in|     1|       m_axi|                            kernel_e1|       pointer|
|m_axi_kernel_e1_BREADY    |  out|     1|       m_axi|                            kernel_e1|       pointer|
|m_axi_kernel_e1_BRESP     |   in|     2|       m_axi|                            kernel_e1|       pointer|
|m_axi_kernel_e1_BID       |   in|     1|       m_axi|                            kernel_e1|       pointer|
|m_axi_kernel_e1_BUSER     |   in|     1|       m_axi|                            kernel_e1|       pointer|
|sext_ln37                 |   in|    57|     ap_none|                            sext_ln37|        scalar|
|e1_0_address0             |  out|     4|   ap_memory|                                 e1_0|         array|
|e1_0_ce0                  |  out|     1|   ap_memory|                                 e1_0|         array|
|e1_0_we0                  |  out|     1|   ap_memory|                                 e1_0|         array|
|e1_0_d0                   |  out|    64|   ap_memory|                                 e1_0|         array|
|e1_8_address0             |  out|     4|   ap_memory|                                 e1_8|         array|
|e1_8_ce0                  |  out|     1|   ap_memory|                                 e1_8|         array|
|e1_8_we0                  |  out|     1|   ap_memory|                                 e1_8|         array|
|e1_8_d0                   |  out|    64|   ap_memory|                                 e1_8|         array|
|e1_16_address0            |  out|     4|   ap_memory|                                e1_16|         array|
|e1_16_ce0                 |  out|     1|   ap_memory|                                e1_16|         array|
|e1_16_we0                 |  out|     1|   ap_memory|                                e1_16|         array|
|e1_16_d0                  |  out|    64|   ap_memory|                                e1_16|         array|
|e1_24_address0            |  out|     4|   ap_memory|                                e1_24|         array|
|e1_24_ce0                 |  out|     1|   ap_memory|                                e1_24|         array|
|e1_24_we0                 |  out|     1|   ap_memory|                                e1_24|         array|
|e1_24_d0                  |  out|    64|   ap_memory|                                e1_24|         array|
|e1_32_address0            |  out|     4|   ap_memory|                                e1_32|         array|
|e1_32_ce0                 |  out|     1|   ap_memory|                                e1_32|         array|
|e1_32_we0                 |  out|     1|   ap_memory|                                e1_32|         array|
|e1_32_d0                  |  out|    64|   ap_memory|                                e1_32|         array|
|e1_1_address0             |  out|     4|   ap_memory|                                 e1_1|         array|
|e1_1_ce0                  |  out|     1|   ap_memory|                                 e1_1|         array|
|e1_1_we0                  |  out|     1|   ap_memory|                                 e1_1|         array|
|e1_1_d0                   |  out|    64|   ap_memory|                                 e1_1|         array|
|e1_9_address0             |  out|     4|   ap_memory|                                 e1_9|         array|
|e1_9_ce0                  |  out|     1|   ap_memory|                                 e1_9|         array|
|e1_9_we0                  |  out|     1|   ap_memory|                                 e1_9|         array|
|e1_9_d0                   |  out|    64|   ap_memory|                                 e1_9|         array|
|e1_17_address0            |  out|     4|   ap_memory|                                e1_17|         array|
|e1_17_ce0                 |  out|     1|   ap_memory|                                e1_17|         array|
|e1_17_we0                 |  out|     1|   ap_memory|                                e1_17|         array|
|e1_17_d0                  |  out|    64|   ap_memory|                                e1_17|         array|
|e1_25_address0            |  out|     4|   ap_memory|                                e1_25|         array|
|e1_25_ce0                 |  out|     1|   ap_memory|                                e1_25|         array|
|e1_25_we0                 |  out|     1|   ap_memory|                                e1_25|         array|
|e1_25_d0                  |  out|    64|   ap_memory|                                e1_25|         array|
|e1_33_address0            |  out|     4|   ap_memory|                                e1_33|         array|
|e1_33_ce0                 |  out|     1|   ap_memory|                                e1_33|         array|
|e1_33_we0                 |  out|     1|   ap_memory|                                e1_33|         array|
|e1_33_d0                  |  out|    64|   ap_memory|                                e1_33|         array|
|e1_2_address0             |  out|     4|   ap_memory|                                 e1_2|         array|
|e1_2_ce0                  |  out|     1|   ap_memory|                                 e1_2|         array|
|e1_2_we0                  |  out|     1|   ap_memory|                                 e1_2|         array|
|e1_2_d0                   |  out|    64|   ap_memory|                                 e1_2|         array|
|e1_10_address0            |  out|     4|   ap_memory|                                e1_10|         array|
|e1_10_ce0                 |  out|     1|   ap_memory|                                e1_10|         array|
|e1_10_we0                 |  out|     1|   ap_memory|                                e1_10|         array|
|e1_10_d0                  |  out|    64|   ap_memory|                                e1_10|         array|
|e1_18_address0            |  out|     4|   ap_memory|                                e1_18|         array|
|e1_18_ce0                 |  out|     1|   ap_memory|                                e1_18|         array|
|e1_18_we0                 |  out|     1|   ap_memory|                                e1_18|         array|
|e1_18_d0                  |  out|    64|   ap_memory|                                e1_18|         array|
|e1_26_address0            |  out|     4|   ap_memory|                                e1_26|         array|
|e1_26_ce0                 |  out|     1|   ap_memory|                                e1_26|         array|
|e1_26_we0                 |  out|     1|   ap_memory|                                e1_26|         array|
|e1_26_d0                  |  out|    64|   ap_memory|                                e1_26|         array|
|e1_34_address0            |  out|     4|   ap_memory|                                e1_34|         array|
|e1_34_ce0                 |  out|     1|   ap_memory|                                e1_34|         array|
|e1_34_we0                 |  out|     1|   ap_memory|                                e1_34|         array|
|e1_34_d0                  |  out|    64|   ap_memory|                                e1_34|         array|
|e1_3_address0             |  out|     4|   ap_memory|                                 e1_3|         array|
|e1_3_ce0                  |  out|     1|   ap_memory|                                 e1_3|         array|
|e1_3_we0                  |  out|     1|   ap_memory|                                 e1_3|         array|
|e1_3_d0                   |  out|    64|   ap_memory|                                 e1_3|         array|
|e1_11_address0            |  out|     4|   ap_memory|                                e1_11|         array|
|e1_11_ce0                 |  out|     1|   ap_memory|                                e1_11|         array|
|e1_11_we0                 |  out|     1|   ap_memory|                                e1_11|         array|
|e1_11_d0                  |  out|    64|   ap_memory|                                e1_11|         array|
|e1_19_address0            |  out|     4|   ap_memory|                                e1_19|         array|
|e1_19_ce0                 |  out|     1|   ap_memory|                                e1_19|         array|
|e1_19_we0                 |  out|     1|   ap_memory|                                e1_19|         array|
|e1_19_d0                  |  out|    64|   ap_memory|                                e1_19|         array|
|e1_27_address0            |  out|     4|   ap_memory|                                e1_27|         array|
|e1_27_ce0                 |  out|     1|   ap_memory|                                e1_27|         array|
|e1_27_we0                 |  out|     1|   ap_memory|                                e1_27|         array|
|e1_27_d0                  |  out|    64|   ap_memory|                                e1_27|         array|
|e1_35_address0            |  out|     4|   ap_memory|                                e1_35|         array|
|e1_35_ce0                 |  out|     1|   ap_memory|                                e1_35|         array|
|e1_35_we0                 |  out|     1|   ap_memory|                                e1_35|         array|
|e1_35_d0                  |  out|    64|   ap_memory|                                e1_35|         array|
|e1_4_address0             |  out|     4|   ap_memory|                                 e1_4|         array|
|e1_4_ce0                  |  out|     1|   ap_memory|                                 e1_4|         array|
|e1_4_we0                  |  out|     1|   ap_memory|                                 e1_4|         array|
|e1_4_d0                   |  out|    64|   ap_memory|                                 e1_4|         array|
|e1_12_address0            |  out|     4|   ap_memory|                                e1_12|         array|
|e1_12_ce0                 |  out|     1|   ap_memory|                                e1_12|         array|
|e1_12_we0                 |  out|     1|   ap_memory|                                e1_12|         array|
|e1_12_d0                  |  out|    64|   ap_memory|                                e1_12|         array|
|e1_20_address0            |  out|     4|   ap_memory|                                e1_20|         array|
|e1_20_ce0                 |  out|     1|   ap_memory|                                e1_20|         array|
|e1_20_we0                 |  out|     1|   ap_memory|                                e1_20|         array|
|e1_20_d0                  |  out|    64|   ap_memory|                                e1_20|         array|
|e1_28_address0            |  out|     4|   ap_memory|                                e1_28|         array|
|e1_28_ce0                 |  out|     1|   ap_memory|                                e1_28|         array|
|e1_28_we0                 |  out|     1|   ap_memory|                                e1_28|         array|
|e1_28_d0                  |  out|    64|   ap_memory|                                e1_28|         array|
|e1_36_address0            |  out|     4|   ap_memory|                                e1_36|         array|
|e1_36_ce0                 |  out|     1|   ap_memory|                                e1_36|         array|
|e1_36_we0                 |  out|     1|   ap_memory|                                e1_36|         array|
|e1_36_d0                  |  out|    64|   ap_memory|                                e1_36|         array|
|e1_5_address0             |  out|     4|   ap_memory|                                 e1_5|         array|
|e1_5_ce0                  |  out|     1|   ap_memory|                                 e1_5|         array|
|e1_5_we0                  |  out|     1|   ap_memory|                                 e1_5|         array|
|e1_5_d0                   |  out|    64|   ap_memory|                                 e1_5|         array|
|e1_13_address0            |  out|     4|   ap_memory|                                e1_13|         array|
|e1_13_ce0                 |  out|     1|   ap_memory|                                e1_13|         array|
|e1_13_we0                 |  out|     1|   ap_memory|                                e1_13|         array|
|e1_13_d0                  |  out|    64|   ap_memory|                                e1_13|         array|
|e1_21_address0            |  out|     4|   ap_memory|                                e1_21|         array|
|e1_21_ce0                 |  out|     1|   ap_memory|                                e1_21|         array|
|e1_21_we0                 |  out|     1|   ap_memory|                                e1_21|         array|
|e1_21_d0                  |  out|    64|   ap_memory|                                e1_21|         array|
|e1_29_address0            |  out|     4|   ap_memory|                                e1_29|         array|
|e1_29_ce0                 |  out|     1|   ap_memory|                                e1_29|         array|
|e1_29_we0                 |  out|     1|   ap_memory|                                e1_29|         array|
|e1_29_d0                  |  out|    64|   ap_memory|                                e1_29|         array|
|e1_37_address0            |  out|     4|   ap_memory|                                e1_37|         array|
|e1_37_ce0                 |  out|     1|   ap_memory|                                e1_37|         array|
|e1_37_we0                 |  out|     1|   ap_memory|                                e1_37|         array|
|e1_37_d0                  |  out|    64|   ap_memory|                                e1_37|         array|
|e1_6_address0             |  out|     4|   ap_memory|                                 e1_6|         array|
|e1_6_ce0                  |  out|     1|   ap_memory|                                 e1_6|         array|
|e1_6_we0                  |  out|     1|   ap_memory|                                 e1_6|         array|
|e1_6_d0                   |  out|    64|   ap_memory|                                 e1_6|         array|
|e1_14_address0            |  out|     4|   ap_memory|                                e1_14|         array|
|e1_14_ce0                 |  out|     1|   ap_memory|                                e1_14|         array|
|e1_14_we0                 |  out|     1|   ap_memory|                                e1_14|         array|
|e1_14_d0                  |  out|    64|   ap_memory|                                e1_14|         array|
|e1_22_address0            |  out|     4|   ap_memory|                                e1_22|         array|
|e1_22_ce0                 |  out|     1|   ap_memory|                                e1_22|         array|
|e1_22_we0                 |  out|     1|   ap_memory|                                e1_22|         array|
|e1_22_d0                  |  out|    64|   ap_memory|                                e1_22|         array|
|e1_30_address0            |  out|     4|   ap_memory|                                e1_30|         array|
|e1_30_ce0                 |  out|     1|   ap_memory|                                e1_30|         array|
|e1_30_we0                 |  out|     1|   ap_memory|                                e1_30|         array|
|e1_30_d0                  |  out|    64|   ap_memory|                                e1_30|         array|
|e1_38_address0            |  out|     4|   ap_memory|                                e1_38|         array|
|e1_38_ce0                 |  out|     1|   ap_memory|                                e1_38|         array|
|e1_38_we0                 |  out|     1|   ap_memory|                                e1_38|         array|
|e1_38_d0                  |  out|    64|   ap_memory|                                e1_38|         array|
|e1_7_address0             |  out|     4|   ap_memory|                                 e1_7|         array|
|e1_7_ce0                  |  out|     1|   ap_memory|                                 e1_7|         array|
|e1_7_we0                  |  out|     1|   ap_memory|                                 e1_7|         array|
|e1_7_d0                   |  out|    64|   ap_memory|                                 e1_7|         array|
|e1_15_address0            |  out|     4|   ap_memory|                                e1_15|         array|
|e1_15_ce0                 |  out|     1|   ap_memory|                                e1_15|         array|
|e1_15_we0                 |  out|     1|   ap_memory|                                e1_15|         array|
|e1_15_d0                  |  out|    64|   ap_memory|                                e1_15|         array|
|e1_23_address0            |  out|     4|   ap_memory|                                e1_23|         array|
|e1_23_ce0                 |  out|     1|   ap_memory|                                e1_23|         array|
|e1_23_we0                 |  out|     1|   ap_memory|                                e1_23|         array|
|e1_23_d0                  |  out|    64|   ap_memory|                                e1_23|         array|
|e1_31_address0            |  out|     4|   ap_memory|                                e1_31|         array|
|e1_31_ce0                 |  out|     1|   ap_memory|                                e1_31|         array|
|e1_31_we0                 |  out|     1|   ap_memory|                                e1_31|         array|
|e1_31_d0                  |  out|    64|   ap_memory|                                e1_31|         array|
|e1_39_address0            |  out|     4|   ap_memory|                                e1_39|         array|
|e1_39_ce0                 |  out|     1|   ap_memory|                                e1_39|         array|
|e1_39_we0                 |  out|     1|   ap_memory|                                e1_39|         array|
|e1_39_d0                  |  out|    64|   ap_memory|                                e1_39|         array|
+--------------------------+-----+------+------------+-------------------------------------+--------------+

