

================================================================
== Vitis HLS Report for 'kernel_nlp_Pipeline_VITIS_LOOP_273_1'
================================================================
* Date:           Thu Aug 15 16:09:29 2024

* Version:        2021.1 (Build 3247384 on Thu Jun 10 19:36:07 MDT 2021)
* Project:        kernel_nlp
* Solution:       solution (Vitis Kernel Flow Target)
* Product family: virtexuplus
* Target device:  xcu200-fsgd2104-2-e


================================================================
== Performance Estimates
================================================================
+ Timing: 
    * Summary: 
    +--------+---------+----------+------------+
    |  Clock |  Target | Estimated| Uncertainty|
    +--------+---------+----------+------------+
    |ap_clk  |  4.00 ns|  2.920 ns|     1.08 ns|
    +--------+---------+----------+------------+

+ Latency: 
    * Summary: 
    +---------+---------+----------+----------+-----+-----+---------+
    |  Latency (cycles) |  Latency (absolute) |  Interval | Pipeline|
    |   min   |   max   |    min   |    max   | min | max |   Type  |
    +---------+---------+----------+----------+-----+-----+---------+
    |       28|       28|  0.112 us|  0.112 us|   28|   28|       no|
    +---------+---------+----------+----------+-----+-----+---------+

    + Detail: 
        * Instance: 
        N/A

        * Loop: 
        +--------------------+---------+---------+----------+-----------+-----------+------+----------+
        |                    |  Latency (cycles) | Iteration|  Initiation Interval  | Trip |          |
        |      Loop Name     |   min   |   max   |  Latency |  achieved |   target  | Count| Pipelined|
        +--------------------+---------+---------+----------+-----------+-----------+------+----------+
        |- VITIS_LOOP_273_1  |       26|       26|         3|          1|          1|    25|       yes|
        +--------------------+---------+---------+----------+-----------+-----------+------+----------+



================================================================
== Utilization Estimates
================================================================
* Summary: 
+---------------------+---------+------+---------+---------+-----+
|         Name        | BRAM_18K|  DSP |    FF   |   LUT   | URAM|
+---------------------+---------+------+---------+---------+-----+
|DSP                  |        -|     -|        -|        -|    -|
|Expression           |        -|     -|        0|       47|    -|
|FIFO                 |        -|     -|        -|        -|    -|
|Instance             |        -|     -|        -|        -|    -|
|Memory               |        -|     -|        -|        -|    -|
|Multiplexer          |        -|     -|        -|       63|    -|
|Register             |        -|     -|     1044|        -|    -|
+---------------------+---------+------+---------+---------+-----+
|Total                |        0|     0|     1044|      110|    0|
+---------------------+---------+------+---------+---------+-----+
|Available SLR        |     1440|  2280|   788160|   394080|  320|
+---------------------+---------+------+---------+---------+-----+
|Utilization SLR (%)  |        0|     0|       ~0|       ~0|    0|
+---------------------+---------+------+---------+---------+-----+
|Available            |     4320|  6840|  2364480|  1182240|  960|
+---------------------+---------+------+---------+---------+-----+
|Utilization (%)      |        0|     0|       ~0|       ~0|    0|
+---------------------+---------+------+---------+---------+-----+

+ Detail: 
    * Instance: 
    N/A

    * DSP: 
    N/A

    * Memory: 
    N/A

    * FIFO: 
    N/A

    * Expression: 
    +---------------------------+----------+----+---+----+------------+------------+
    |       Variable Name       | Operation| DSP| FF| LUT| Bitwidth P0| Bitwidth P1|
    +---------------------------+----------+----+---+----+------------+------------+
    |add_ln273_1_fu_321_p2      |         +|   0|  0|  12|           5|           1|
    |add_ln273_fu_370_p2        |         +|   0|  0|  16|           9|           5|
    |ap_block_pp0_stage0_11001  |       and|   0|  0|   2|           1|           1|
    |icmp_ln273_fu_315_p2       |      icmp|   0|  0|   9|           5|           4|
    |or_ln284_fu_352_p2         |        or|   0|  0|   6|           6|           1|
    |ap_enable_pp0              |       xor|   0|  0|   2|           1|           2|
    +---------------------------+----------+----+---+----+------------+------------+
    |Total                      |          |   0|  0|  47|          27|          14|
    +---------------------------+----------+----+---+----+------------+------------+

    * Multiplexer: 
    +------------------------------+----+-----------+-----+-----------+
    |             Name             | LUT| Input Size| Bits| Total Bits|
    +------------------------------+----+-----------+-----+-----------+
    |ap_done_int                   |   9|          2|    1|          2|
    |ap_enable_reg_pp0_iter2       |   9|          2|    1|          2|
    |ap_sig_allocacmp_i0_load      |   9|          2|    9|         18|
    |ap_sig_allocacmp_indvar_load  |   9|          2|    5|         10|
    |i0_fu_76                      |   9|          2|    9|         18|
    |indvar_fu_80                  |   9|          2|    5|         10|
    |kernel_w_blk_n_W              |   9|          2|    1|          2|
    +------------------------------+----+-----------+-----+-----------+
    |Total                         |  63|         14|   31|         62|
    +------------------------------+----+-----------+-----+-----------+

    * Register: 
    +----------------------------------+----+----+-----+-----------+
    |               Name               | FF | LUT| Bits| Const Bits|
    +----------------------------------+----+----+-----+-----------+
    |ap_CS_fsm                         |   1|   0|    1|          0|
    |ap_done_reg                       |   1|   0|    1|          0|
    |ap_enable_reg_pp0_iter1           |   1|   0|    1|          0|
    |ap_enable_reg_pp0_iter2           |   1|   0|    1|          0|
    |ap_loop_exit_ready_pp0_iter1_reg  |   1|   0|    1|          0|
    |i0_fu_76                          |   9|   0|    9|          0|
    |icmp_ln273_reg_495                |   1|   0|    1|          0|
    |indvar_fu_80                      |   5|   0|    5|          0|
    |w_0_load_1_reg_624                |  64|   0|   64|          0|
    |w_0_load_reg_584                  |  64|   0|   64|          0|
    |w_1_load_1_reg_629                |  64|   0|   64|          0|
    |w_1_load_reg_589                  |  64|   0|   64|          0|
    |w_2_load_1_reg_634                |  64|   0|   64|          0|
    |w_2_load_reg_594                  |  64|   0|   64|          0|
    |w_3_load_1_reg_639                |  64|   0|   64|          0|
    |w_3_load_reg_599                  |  64|   0|   64|          0|
    |w_4_load_1_reg_644                |  64|   0|   64|          0|
    |w_4_load_reg_604                  |  64|   0|   64|          0|
    |w_5_load_1_reg_649                |  64|   0|   64|          0|
    |w_5_load_reg_609                  |  64|   0|   64|          0|
    |w_6_load_1_reg_654                |  64|   0|   64|          0|
    |w_6_load_reg_614                  |  64|   0|   64|          0|
    |w_7_load_1_reg_659                |  64|   0|   64|          0|
    |w_7_load_reg_619                  |  64|   0|   64|          0|
    +----------------------------------+----+----+-----+-----------+
    |Total                             |1044|   0| 1044|          0|
    +----------------------------------+----+----+-----+-----------+



================================================================
== Interface
================================================================
* Summary: 
+-------------------------+-----+------+------------+--------------------------------------+--------------+
|        RTL Ports        | Dir | Bits |  Protocol  |             Source Object            |    C Type    |
+-------------------------+-----+------+------------+--------------------------------------+--------------+
|ap_clk                   |   in|     1|  ap_ctrl_hs|  kernel_nlp_Pipeline_VITIS_LOOP_273_1|  return value|
|ap_rst                   |   in|     1|  ap_ctrl_hs|  kernel_nlp_Pipeline_VITIS_LOOP_273_1|  return value|
|ap_start                 |   in|     1|  ap_ctrl_hs|  kernel_nlp_Pipeline_VITIS_LOOP_273_1|  return value|
|ap_done                  |  out|     1|  ap_ctrl_hs|  kernel_nlp_Pipeline_VITIS_LOOP_273_1|  return value|
|ap_idle                  |  out|     1|  ap_ctrl_hs|  kernel_nlp_Pipeline_VITIS_LOOP_273_1|  return value|
|ap_ready                 |  out|     1|  ap_ctrl_hs|  kernel_nlp_Pipeline_VITIS_LOOP_273_1|  return value|
|m_axi_kernel_w_AWVALID   |  out|     1|       m_axi|                              kernel_w|       pointer|
|m_axi_kernel_w_AWREADY   |   in|     1|       m_axi|                              kernel_w|       pointer|
|m_axi_kernel_w_AWADDR    |  out|    64|       m_axi|                              kernel_w|       pointer|
|m_axi_kernel_w_AWID      |  out|     1|       m_axi|                              kernel_w|       pointer|
|m_axi_kernel_w_AWLEN     |  out|    32|       m_axi|                              kernel_w|       pointer|
|m_axi_kernel_w_AWSIZE    |  out|     3|       m_axi|                              kernel_w|       pointer|
|m_axi_kernel_w_AWBURST   |  out|     2|       m_axi|                              kernel_w|       pointer|
|m_axi_kernel_w_AWLOCK    |  out|     2|       m_axi|                              kernel_w|       pointer|
|m_axi_kernel_w_AWCACHE   |  out|     4|       m_axi|                              kernel_w|       pointer|
|m_axi_kernel_w_AWPROT    |  out|     3|       m_axi|                              kernel_w|       pointer|
|m_axi_kernel_w_AWQOS     |  out|     4|       m_axi|                              kernel_w|       pointer|
|m_axi_kernel_w_AWREGION  |  out|     4|       m_axi|                              kernel_w|       pointer|
|m_axi_kernel_w_AWUSER    |  out|     1|       m_axi|                              kernel_w|       pointer|
|m_axi_kernel_w_WVALID    |  out|     1|       m_axi|                              kernel_w|       pointer|
|m_axi_kernel_w_WREADY    |   in|     1|       m_axi|                              kernel_w|       pointer|
|m_axi_kernel_w_WDATA     |  out|  1024|       m_axi|                              kernel_w|       pointer|
|m_axi_kernel_w_WSTRB     |  out|   128|       m_axi|                              kernel_w|       pointer|
|m_axi_kernel_w_WLAST     |  out|     1|       m_axi|                              kernel_w|       pointer|
|m_axi_kernel_w_WID       |  out|     1|       m_axi|                              kernel_w|       pointer|
|m_axi_kernel_w_WUSER     |  out|     1|       m_axi|                              kernel_w|       pointer|
|m_axi_kernel_w_ARVALID   |  out|     1|       m_axi|                              kernel_w|       pointer|
|m_axi_kernel_w_ARREADY   |   in|     1|       m_axi|                              kernel_w|       pointer|
|m_axi_kernel_w_ARADDR    |  out|    64|       m_axi|                              kernel_w|       pointer|
|m_axi_kernel_w_ARID      |  out|     1|       m_axi|                              kernel_w|       pointer|
|m_axi_kernel_w_ARLEN     |  out|    32|       m_axi|                              kernel_w|       pointer|
|m_axi_kernel_w_ARSIZE    |  out|     3|       m_axi|                              kernel_w|       pointer|
|m_axi_kernel_w_ARBURST   |  out|     2|       m_axi|                              kernel_w|       pointer|
|m_axi_kernel_w_ARLOCK    |  out|     2|       m_axi|                              kernel_w|       pointer|
|m_axi_kernel_w_ARCACHE   |  out|     4|       m_axi|                              kernel_w|       pointer|
|m_axi_kernel_w_ARPROT    |  out|     3|       m_axi|                              kernel_w|       pointer|
|m_axi_kernel_w_ARQOS     |  out|     4|       m_axi|                              kernel_w|       pointer|
|m_axi_kernel_w_ARREGION  |  out|     4|       m_axi|                              kernel_w|       pointer|
|m_axi_kernel_w_ARUSER    |  out|     1|       m_axi|                              kernel_w|       pointer|
|m_axi_kernel_w_RVALID    |   in|     1|       m_axi|                              kernel_w|       pointer|
|m_axi_kernel_w_RREADY    |  out|     1|       m_axi|                              kernel_w|       pointer|
|m_axi_kernel_w_RDATA     |   in|  1024|       m_axi|                              kernel_w|       pointer|
|m_axi_kernel_w_RLAST     |   in|     1|       m_axi|                              kernel_w|       pointer|
|m_axi_kernel_w_RID       |   in|     1|       m_axi|                              kernel_w|       pointer|
|m_axi_kernel_w_RUSER     |   in|     1|       m_axi|                              kernel_w|       pointer|
|m_axi_kernel_w_RRESP     |   in|     2|       m_axi|                              kernel_w|       pointer|
|m_axi_kernel_w_BVALID    |   in|     1|       m_axi|                              kernel_w|       pointer|
|m_axi_kernel_w_BREADY    |  out|     1|       m_axi|                              kernel_w|       pointer|
|m_axi_kernel_w_BRESP     |   in|     2|       m_axi|                              kernel_w|       pointer|
|m_axi_kernel_w_BID       |   in|     1|       m_axi|                              kernel_w|       pointer|
|m_axi_kernel_w_BUSER     |   in|     1|       m_axi|                              kernel_w|       pointer|
|sext_ln200               |   in|    57|     ap_none|                            sext_ln200|        scalar|
|w_0_address0             |  out|     6|   ap_memory|                                   w_0|         array|
|w_0_ce0                  |  out|     1|   ap_memory|                                   w_0|         array|
|w_0_q0                   |   in|    64|   ap_memory|                                   w_0|         array|
|w_0_address1             |  out|     6|   ap_memory|                                   w_0|         array|
|w_0_ce1                  |  out|     1|   ap_memory|                                   w_0|         array|
|w_0_q1                   |   in|    64|   ap_memory|                                   w_0|         array|
|w_1_address0             |  out|     6|   ap_memory|                                   w_1|         array|
|w_1_ce0                  |  out|     1|   ap_memory|                                   w_1|         array|
|w_1_q0                   |   in|    64|   ap_memory|                                   w_1|         array|
|w_1_address1             |  out|     6|   ap_memory|                                   w_1|         array|
|w_1_ce1                  |  out|     1|   ap_memory|                                   w_1|         array|
|w_1_q1                   |   in|    64|   ap_memory|                                   w_1|         array|
|w_2_address0             |  out|     6|   ap_memory|                                   w_2|         array|
|w_2_ce0                  |  out|     1|   ap_memory|                                   w_2|         array|
|w_2_q0                   |   in|    64|   ap_memory|                                   w_2|         array|
|w_2_address1             |  out|     6|   ap_memory|                                   w_2|         array|
|w_2_ce1                  |  out|     1|   ap_memory|                                   w_2|         array|
|w_2_q1                   |   in|    64|   ap_memory|                                   w_2|         array|
|w_3_address0             |  out|     6|   ap_memory|                                   w_3|         array|
|w_3_ce0                  |  out|     1|   ap_memory|                                   w_3|         array|
|w_3_q0                   |   in|    64|   ap_memory|                                   w_3|         array|
|w_3_address1             |  out|     6|   ap_memory|                                   w_3|         array|
|w_3_ce1                  |  out|     1|   ap_memory|                                   w_3|         array|
|w_3_q1                   |   in|    64|   ap_memory|                                   w_3|         array|
|w_4_address0             |  out|     6|   ap_memory|                                   w_4|         array|
|w_4_ce0                  |  out|     1|   ap_memory|                                   w_4|         array|
|w_4_q0                   |   in|    64|   ap_memory|                                   w_4|         array|
|w_4_address1             |  out|     6|   ap_memory|                                   w_4|         array|
|w_4_ce1                  |  out|     1|   ap_memory|                                   w_4|         array|
|w_4_q1                   |   in|    64|   ap_memory|                                   w_4|         array|
|w_5_address0             |  out|     6|   ap_memory|                                   w_5|         array|
|w_5_ce0                  |  out|     1|   ap_memory|                                   w_5|         array|
|w_5_q0                   |   in|    64|   ap_memory|                                   w_5|         array|
|w_5_address1             |  out|     6|   ap_memory|                                   w_5|         array|
|w_5_ce1                  |  out|     1|   ap_memory|                                   w_5|         array|
|w_5_q1                   |   in|    64|   ap_memory|                                   w_5|         array|
|w_6_address0             |  out|     6|   ap_memory|                                   w_6|         array|
|w_6_ce0                  |  out|     1|   ap_memory|                                   w_6|         array|
|w_6_q0                   |   in|    64|   ap_memory|                                   w_6|         array|
|w_6_address1             |  out|     6|   ap_memory|                                   w_6|         array|
|w_6_ce1                  |  out|     1|   ap_memory|                                   w_6|         array|
|w_6_q1                   |   in|    64|   ap_memory|                                   w_6|         array|
|w_7_address0             |  out|     6|   ap_memory|                                   w_7|         array|
|w_7_ce0                  |  out|     1|   ap_memory|                                   w_7|         array|
|w_7_q0                   |   in|    64|   ap_memory|                                   w_7|         array|
|w_7_address1             |  out|     6|   ap_memory|                                   w_7|         array|
|w_7_ce1                  |  out|     1|   ap_memory|                                   w_7|         array|
|w_7_q1                   |   in|    64|   ap_memory|                                   w_7|         array|
+-------------------------+-----+------+------------+--------------------------------------+--------------+

