

====================================================================================
Summary
====================================================================================

Date: 2024-05-03 13:09:22
Target Device: /opt/xilinx/platforms/xilinx_u55c_gen3x16_xdma_3_202210_1/xilinx_u55c_gen3x16_xdma_3_202210_1.xpfm
Target Frequency: 250MHz
Estimated Frequency: 250MHz
+---------------------------------+----------------+------------+------------+---------+----------+-------+------+
|             Kernel              |     Cycles     |    LUT     |     FF     |  BRAM   |   DSP    | URAM  |Detail|
+---------------------------------+----------------+------------+------------+---------+----------+-------+------+
|kernel_gemver (gemver_MEDIUM.c:3)|993492 (3.974ms)|410686 (31%)|691009 (26%)|670 (16%)|4000 (44%)|0 (~0%)|-     |
+---------------------------------+----------------+------------+------------+---------+----------+-------+------+


====================================================================================
Interface
====================================================================================

+-------------------------+-----------+-----------+----+------------------+
|        Interface        |SW Bitwidth|HW Bitwidth|Type|      Detail      |
+-------------------------+-----------+-----------+----+------------------+
|alpha (gemver_MEDIUM.c:3)|         32|         32|   -|scalar            |
|beta (gemver_MEDIUM.c:3) |         32|         32|   -|scalar            |
|A (gemver_MEDIUM.c:3)    |         32|        512| R/W|cached & coalesced|
|u1 (gemver_MEDIUM.c:3)   |         32|        512|  RO|cached & coalesced|
|v1 (gemver_MEDIUM.c:3)   |         32|        512|  RO|cached & coalesced|
|u2 (gemver_MEDIUM.c:3)   |         32|        512|  RO|cached & coalesced|
|v2 (gemver_MEDIUM.c:3)   |         32|        512|  RO|cached & coalesced|
|w (gemver_MEDIUM.c:3)    |         32|        512| R/W|cached & coalesced|
|x (gemver_MEDIUM.c:3)    |         32|        512| R/W|cached & coalesced|
|y (gemver_MEDIUM.c:3)    |         32|        512|  RO|cached & coalesced|
|z (gemver_MEDIUM.c:3)    |         32|        512|  RO|cached & coalesced|
+-------------------------+-----------+-----------+----+------------------+


====================================================================================
Performance Estimate (TC: Trip Count, AC: Accumulated Cycles, CPC: Cycles Per Call)
====================================================================================

+------------------------------------+---+---------------+------+--------------------+
|             Hierarchy              |TC |      AC       | CPC  |       Detail       |
+------------------------------------+---+---------------+------+--------------------+
|kernel_gemver (gemver_MEDIUM.c:3)   |   |993492 (100.0%)|993492|-                   |
|    auto memory burst for 'x'(read) |   |    25 (  0.0%)|    25|cache size=1600B    |
|    auto memory burst for 'v2'(read)|   |    25 (  0.0%)|    25|cache size=1600B    |
|    auto memory burst for 'v1'(read)|   |    25 (  0.0%)|    25|cache size=1600B    |
|    auto memory burst for 'A'(read) |   | 10000 (  1.0%)| 10000|cache size=640000B  |
|    auto memory burst for 'u2'(read)|   |    25 (  0.0%)|    25|cache size=1600B    |
|    auto memory burst for 'u1'(read)|   |    25 (  0.0%)|    25|cache size=1600B    |
|    loop i (gemver_MEDIUM.c:14)     |400|   419 (  0.0%)|   419|pipeline II=1       |
|        loop j (gemver_MEDIUM.c:17) |400|              -|     -|parallel factor=400x|
|    auto memory burst for 'y'(read) |   |    25 (  0.0%)|    25|cache size=1600B    |
|    loop i (gemver_MEDIUM.c:28)     |400|966400 ( 97.3%)|966400|-                   |
|        loop j (gemver_MEDIUM.c:31) |400|964000 ( 97.0%)|  2410|pipeline II=6       |
|    auto memory burst for 'z'(read) |   |    25 (  0.0%)|    25|cache size=1600B    |
|    loop i (gemver_MEDIUM.c:37)     |400|  3201 (  0.3%)|  3201|pipeline II=8[1]    |
|    auto memory burst for 'w'(read) |   |    25 (  0.0%)|    25|cache size=1600B    |
|    loop i (gemver_MEDIUM.c:46)     |400|  3209 (  0.3%)|  3209|pipeline II=1       |
|        loop j (gemver_MEDIUM.c:49) |400|              -|     -|parallel factor=400x|
|    auto memory burst for 'x'(write)|   |    25 (  0.0%)|    25|cache size=1600B    |
|    auto memory burst for 'A'(write)|   | 10000 (  1.0%)| 10000|cache size=640000B  |
|    auto memory burst for 'w'(write)|   |    25 (  0.0%)|    25|cache size=1600B    |
+------------------------------------+---+---------------+------+--------------------+
[1]: Unable to enforce a carried dependence constraint because of the access on variable 'x' (gemver_MEDIUM.c:3)


====================================================================================
Resource Estimate
====================================================================================

+------------------------------------+------------+------------+---------+----------+-------+------+
|             Hierarchy              |    LUT     |     FF     |  BRAM   |   DSP    | URAM  |Detail|
+------------------------------------+------------+------------+---------+----------+-------+------+
|kernel_gemver (gemver_MEDIUM.c:3)   |410686 (31%)|691009 (26%)|670 (16%)|4000 (44%)|0 (~0%)|-     |
|    auto memory burst for 'x'(read) |           -|           -|        -|         -|      -|-     |
|    auto memory burst for 'v2'(read)|           -|           -|        -|         -|      -|-     |
|    auto memory burst for 'v1'(read)|           -|           -|        -|         -|      -|-     |
|    auto memory burst for 'A'(read) |           -|           -|        -|         -|      -|-     |
|    auto memory burst for 'u2'(read)|           -|           -|        -|         -|      -|-     |
|    auto memory burst for 'u1'(read)|           -|           -|        -|         -|      -|-     |
|    loop i (gemver_MEDIUM.c:14)     |           -|           -|        -|         -|      -|-     |
|        loop j (gemver_MEDIUM.c:17) |           -|           -|        -|         -|      -|-     |
|    auto memory burst for 'y'(read) |           -|           -|        -|         -|      -|-     |
|    loop i (gemver_MEDIUM.c:28)     |           -|           -|        -|         -|      -|-     |
|        loop j (gemver_MEDIUM.c:31) |           -|           -|        -|         -|      -|-     |
|    auto memory burst for 'z'(read) |           -|           -|        -|         -|      -|-     |
|    loop i (gemver_MEDIUM.c:37)     |           -|           -|        -|         -|      -|-     |
|    auto memory burst for 'w'(read) |           -|           -|        -|         -|      -|-     |
|    loop i (gemver_MEDIUM.c:46)     |           -|           -|        -|         -|      -|-     |
|        loop j (gemver_MEDIUM.c:49) |           -|           -|        -|         -|      -|-     |
|    auto memory burst for 'x'(write)|           -|           -|        -|         -|      -|-     |
|    auto memory burst for 'A'(write)|           -|           -|        -|         -|      -|-     |
|    auto memory burst for 'w'(write)|           -|           -|        -|         -|      -|-     |
+------------------------------------+------------+------------+---------+----------+-------+------+
