
INFO: [MERCC-1096] Host - 'amx2' with linux x86_64-linux-gnu-thread-multi
INFO: [MERCC-1097] User - 
INFO: [MERCC-1098] Time - Fri May  3 12:58:01 PM PDT 2024
INFO: [MERCC-1099] Directory - /home/spouget/iccad_24/autodse_without_tree_reduction/gemver_MEDIUM/_done/work_dir/output/fast/0

INFO: [MERCC-1041] Setting platform to /opt/xilinx/platforms/xilinx_u55c_gen3x16_xdma_3_202210_1/xilinx_u55c_gen3x16_xdma_3_202210_1.xpfm.
INFO: [MERCC-1042] Checking Xilinx v++ ...
INFO: [MERCC-1043] Found Xilinx v++ : /mnt/software/xilinx/Vitis/2023.2/bin/v++
Smartmatch is experimental at /opt/merlin/sources/merlin-compiler/trunk/mars-gen/scripts/lib/message.pm line 392.
Smartmatch is experimental at /opt/merlin/sources/merlin-compiler/trunk/mars-gen/scripts/lib/message.pm line 392.
Smartmatch is experimental at /opt/merlin/sources/merlin-compiler/trunk/mars-gen/scripts/lib/message.pm line 392.
Smartmatch is experimental at /opt/merlin/sources/merlin-compiler/trunk/mars-gen/scripts/lib/message.pm line 392.
Smartmatch is experimental at /opt/merlin/sources/merlin-compiler/trunk/mars-gen/scripts/lib/message.pm line 392.

INFO: [MERCC-1033] Syntax checking...
Smartmatch is experimental at /opt/merlin/sources/merlin-compiler/trunk/mars-gen/scripts/lib/message.pm line 392.
Smartmatch is experimental at /opt/merlin/sources/merlin-compiler/trunk/mars-gen/scripts/lib/message.pm line 392.
Smartmatch is experimental at /opt/merlin/sources/merlin-compiler/trunk/mars-gen/scripts/lib/message.pm line 392.

INFO: [MERCC-1034] Synthesizability checking...
Smartmatch is experimental at /opt/merlin/sources/merlin-compiler/trunk/mars-gen/scripts/lib/message.pm line 392.
Smartmatch is experimental at /opt/merlin/sources/merlin-compiler/trunk/mars-gen/scripts/lib/message.pm line 392.
Smartmatch is experimental at /opt/merlin/sources/merlin-compiler/trunk/mars-gen/scripts/lib/message.pm line 392.
Smartmatch is experimental at /opt/merlin/sources/merlin-compiler/trunk/mars-gen/scripts/lib/message.pm line 392.
Smartmatch is experimental at /opt/merlin/sources/merlin-compiler/trunk/mars-gen/scripts/lib/message.pm line 392.

INFO: [MERCC-1035] Interface synthesis...
Smartmatch is experimental at /opt/merlin/sources/merlin-compiler/trunk/mars-gen/scripts/lib/message.pm line 392.
Smartmatch is experimental at /opt/merlin/sources/merlin-compiler/trunk/mars-gen/scripts/lib/message.pm line 392.
Smartmatch is experimental at /opt/merlin/sources/merlin-compiler/trunk/mars-gen/scripts/lib/message.pm line 392.
Smartmatch is experimental at /opt/merlin/sources/merlin-compiler/trunk/mars-gen/scripts/lib/message.pm line 392.

WARNING: [STREAM-203] Streaming for Xilinx platform is not supported for C design.
 Hint: please change into C++ design
Smartmatch is experimental at /opt/merlin/sources/merlin-compiler/trunk/mars-gen/scripts/lib/message.pm line 392.

INFO: [MERCC-1036] Kernel optimization...
INFO: [BURST-101] Memory burst inferred: variable 'x' (gemver_MEDIUM.c:3) in scope (gemver_MEDIUM.c:7)
  burst buffer size = 1600 bytes
INFO: [BURST-101] Memory burst inferred: variable 'A' (gemver_MEDIUM.c:3) in scope (gemver_MEDIUM.c:7)
  burst buffer size = 640000 bytes
INFO: [BURST-101] Memory burst inferred: variable 'w' (gemver_MEDIUM.c:3) in scope (gemver_MEDIUM.c:46)
  burst buffer size = 1600 bytes
INFO: [BURST-101] Memory burst inferred: variable 'y' (gemver_MEDIUM.c:3) in scope (gemver_MEDIUM.c:31)
  burst buffer size = 1600 bytes
INFO: [BURST-101] Memory burst inferred: variable 'u1' (gemver_MEDIUM.c:3) in scope (gemver_MEDIUM.c:17)
  burst buffer size = 1600 bytes
INFO: [BURST-101] Memory burst inferred: variable 'v1' (gemver_MEDIUM.c:3) in scope (gemver_MEDIUM.c:17)
  burst buffer size = 1600 bytes
INFO: [BURST-101] Memory burst inferred: variable 'u2' (gemver_MEDIUM.c:3) in scope (gemver_MEDIUM.c:17)
  burst buffer size = 1600 bytes
INFO: [BURST-101] Memory burst inferred: variable 'v2' (gemver_MEDIUM.c:3) in scope (gemver_MEDIUM.c:17)
  burst buffer size = 1600 bytes
INFO: [BURST-101] Memory burst inferred: variable 'z' (gemver_MEDIUM.c:3) in scope (gemver_MEDIUM.c:37)
  burst buffer size = 1600 bytes
Smartmatch is experimental at /opt/merlin/sources/merlin-compiler/trunk/mars-gen/scripts/lib/message.pm line 392.
Smartmatch is experimental at /opt/merlin/sources/merlin-compiler/trunk/mars-gen/scripts/lib/message.pm line 392.
Smartmatch is experimental at /opt/merlin/sources/merlin-compiler/trunk/mars-gen/scripts/lib/message.pm line 392.
INFO: [WDBUS-101] Memory coalescing inferred: variable 'A' (gemver_MEDIUM.c:3)
  interface bitwidth = 512 bits
INFO: [WDBUS-101] Memory coalescing inferred: variable 'u1' (gemver_MEDIUM.c:3)
  interface bitwidth = 512 bits
INFO: [WDBUS-101] Memory coalescing inferred: variable 'v1' (gemver_MEDIUM.c:3)
  interface bitwidth = 512 bits
INFO: [WDBUS-101] Memory coalescing inferred: variable 'u2' (gemver_MEDIUM.c:3)
  interface bitwidth = 512 bits
INFO: [WDBUS-101] Memory coalescing inferred: variable 'v2' (gemver_MEDIUM.c:3)
  interface bitwidth = 512 bits
INFO: [WDBUS-101] Memory coalescing inferred: variable 'w' (gemver_MEDIUM.c:3)
  interface bitwidth = 512 bits
INFO: [WDBUS-101] Memory coalescing inferred: variable 'x' (gemver_MEDIUM.c:3)
  interface bitwidth = 512 bits
INFO: [WDBUS-101] Memory coalescing inferred: variable 'y' (gemver_MEDIUM.c:3)
  interface bitwidth = 512 bits
INFO: [WDBUS-101] Memory coalescing inferred: variable 'z' (gemver_MEDIUM.c:3)
  interface bitwidth = 512 bits
Smartmatch is experimental at /opt/merlin/sources/merlin-compiler/trunk/mars-gen/scripts/lib/message.pm line 392.
Smartmatch is experimental at /opt/merlin/sources/merlin-compiler/trunk/mars-gen/scripts/lib/message.pm line 392.
Smartmatch is experimental at /opt/merlin/sources/merlin-compiler/trunk/mars-gen/scripts/lib/message.pm line 392.
INFO: [FGPIP-103] Loop 'i'  (gemver_MEDIUM.c:14) is pipelined
INFO: [FGPIP-102] Loop 'j' (gemver_MEDIUM.c:17) is fully parallelized
INFO: [FGPIP-103] Loop 'j'  (gemver_MEDIUM.c:31) is pipelined
INFO: [FGPIP-103] Loop 'i'  (gemver_MEDIUM.c:37) is pipelined
INFO: [FGPIP-103] Loop 'i'  (gemver_MEDIUM.c:46) is pipelined
INFO: [FGPIP-102] Loop 'j' (gemver_MEDIUM.c:49) is fully parallelized
Smartmatch is experimental at /opt/merlin/sources/merlin-compiler/trunk/mars-gen/scripts/lib/message.pm line 392.
Smartmatch is experimental at /opt/merlin/sources/merlin-compiler/trunk/mars-gen/scripts/lib/message.pm line 392.
Smartmatch is experimental at /opt/merlin/sources/merlin-compiler/trunk/mars-gen/scripts/lib/message.pm line 392.
Smartmatch is experimental at /opt/merlin/sources/merlin-compiler/trunk/mars-gen/scripts/lib/message.pm line 392.
Smartmatch is experimental at /opt/merlin/sources/merlin-compiler/trunk/mars-gen/scripts/lib/message.pm line 392.
Smartmatch is experimental at /opt/merlin/sources/merlin-compiler/trunk/mars-gen/scripts/merlin_flow/final_code_gen.pl line 208.
Smartmatch is experimental at /opt/merlin/sources/merlin-compiler/trunk/mars-gen/scripts/lib/message.pm line 392.

INFO: [MERCC-1037] Code generation...
Smartmatch is experimental at /opt/merlin/sources/merlin-compiler/trunk/mars-gen/scripts/lib/message.pm line 392.
Smartmatch is experimental at /opt/merlin/sources/merlin-compiler/trunk/mars-gen/scripts/lib/message.pm line 392.
Smartmatch is experimental at /opt/merlin/sources/merlin-compiler/trunk/mars-gen/scripts/merlin_flow/final_code_gen.pl line 208.
Smartmatch is experimental at /opt/merlin/sources/merlin-compiler/trunk/mars-gen/scripts/lib/message.pm line 392.

INFO: [MERCC-1040] Compilation finished successfully.
Smartmatch is experimental at /opt/merlin/sources/merlin-compiler/trunk/mars-gen/scripts/lib/message.pm line 392.
Smartmatch is experimental at /opt/merlin/sources/merlin-compiler/trunk/mars-gen/scripts/lib/message.pm line 392.
Smartmatch is experimental at /opt/merlin/sources/merlin-compiler/trunk/mars-gen/scripts/lib/message.pm line 392.
Smartmatch is experimental at /opt/merlin/sources/merlin-compiler/trunk/mars-gen/scripts/merlin_flow/merlin_backend.pl line 162.
Smartmatch is experimental at /opt/merlin/sources/merlin-compiler/trunk/mars-gen/scripts/merlin_flow/merlin_backend.pl line 546.
Smartmatch is experimental at /opt/merlin/sources/merlin-compiler/trunk/mars-gen/scripts/merlin_flow/merlin_backend.pl line 598.
INFO: [MERCC-1025] High-level design estimating ...
Smartmatch is experimental at /opt/merlin/sources/merlin-compiler/trunk/mars-gen/scripts/lib/message.pm line 392.
Smartmatch is experimental at /opt/merlin/sources/merlin-compiler/trunk/mars-gen/scripts/sdaccel/sdaccel_run_flow.pl line 151.
Smartmatch is experimental at /opt/merlin/sources/merlin-compiler/trunk/mars-gen/scripts/sdaccel/sdaccel_run_flow.pl line 158.
Smartmatch is experimental at /opt/merlin/sources/merlin-compiler/trunk/mars-gen/scripts/sdaccel/sdaccel_run_flow.pl line 190.
Smartmatch is experimental at /opt/merlin/sources/merlin-compiler/trunk/mars-gen/scripts/sdaccel/sdaccel_run_flow.pl line 258.
Smartmatch is experimental at /opt/merlin/sources/merlin-compiler/trunk/mars-gen/scripts/sdaccel/sdaccel_run_flow.pl line 265.
Smartmatch is experimental at /opt/merlin/sources/merlin-compiler/trunk/mars-gen/scripts/lib/message.pm line 392.

INFO: [MERCC-1017] Target device: xilinx_u55c_gen3x16_xdma_3_202210_1.

INFO: [MERCC-1018] Compiling kernel kernel_gemver...
................................................................................................................Smartmatch is experimental at /opt/merlin/sources/merlin-compiler/trunk/mars-gen/scripts/lib/message.pm line 392.
Smartmatch is experimental at /opt/merlin/sources/merlin-compiler/trunk/mars-gen/scripts/sdaccel/report_gen.pl line 150.
Smartmatch is experimental at /opt/merlin/sources/merlin-compiler/trunk/mars-gen/scripts/lib/message.pm line 392.


INFO: [MERCC-1024] Report generating...
INFO: [MERCC-1026] Estimation successfully.
