================================================================
== Design Size Report
================================================================

* Total Instructions per Compilation Phase
+---------------+-----------------------------+--------------+----------------------------------------------------------------------------------------+
| Phase         | Step                        | Instructions | Description                                                                            |
+---------------+-----------------------------+--------------+----------------------------------------------------------------------------------------+
| Compile/Link  |                             |       854    | After all functions are compiled and linked into a single design                       |
|               |                             |              |                                                                                        |
| Unroll/Inline |                             |              | After user unroll and inline pragmas are applied                                       |
|               | (1) unroll                  |    15,625    | user unroll pragmas are applied                                                        |
|               | (2) simplification          |     8,377    | simplification of applied user unroll pragmas                                          |
|               | (3) inline                  |     8,223    | user inline pragmas are applied                                                        |
|               | (4) simplification          |     8,083    | simplification of applied user inline pragmas                                          |
|               |                             |              |                                                                                        |
| Array/Struct  |                             |              | After user array partition and struct aggregate/disaggregate pragmas are applied       |
|               | (1) array partition         | 1,540,367 *  | user array partition pragmas are applied                                               |
|               | (2) simplification          |    29,792    | simplification of applied user array partition & struct aggregate/disaggregate pragmas |
|               | (3) aggregate/disaggregate  |    29,793    | user struct aggregate/disaggregate pragmas are applied                                 |
|               | (4) array reshape           |    29,916    | apply array reshape pragmas                                                            |
|               | (5) access patterns         |    29,869    | array access pattern optmizations                                                      |
|               |                             |              |                                                                                        |
| Performance   |                             |              | After transformations are applied to meet performance pragma targets                   |
|               | (1) loop simplification     |    29,875    | loop and instruction simplification                                                    |
|               | (2) parallelization         |    29,866    | loops are unrolled or pipelined to meet performance targets                            |
|               | (3) array partition         |    29,866    | arrays are partitioned to meet performance targets                                     |
|               | (4) simplification          |    29,866    | simplification of design after performance transformations                             |
|               |                             |              |                                                                                        |
| HW Transforms |                             |              | After hardware transfomations                                                          |
|               | (1) lowering                |    29,897    | initial conversion to HW specific instructions                                         |
|               | (2) optimizations           |    29,944    | high level synthesis optimizations                                                     |
+---------------+-----------------------------+--------------+----------------------------------------------------------------------------------------+
    * - Exceeded design size warning message threshold

* Instructions per Function for each Compilation Phase
+--------------+------------------------+--------------+---------------+--------------+-------------+---------------+
| Function     | Location               | Compile/Link | Unroll/Inline | Array/Struct | Performance | HW Transforms |
+--------------+------------------------+--------------+---------------+--------------+-------------+---------------+
| + kernel_nlp | code_generated.cpp:122 | 854          | 8,083         | 29,869       | 29,866      | 29,944        |
|    load_C    | code_generated.cpp:12  | 107          |   39          | 3,446        | 3,445       | 3,455         |
|    load_A    | code_generated.cpp:25  | 335          |   99          | 8,309        | 8,308       | 8,342         |
|    load_B    | code_generated.cpp:50  | 107          |   39          |   115        |   114       |   124         |
|    task0     | code_generated.cpp:78  |  59          | 3,210         | 4,006        | 4,006       | 4,010         |
|    task1     | code_generated.cpp:97  |  91          | 4,623         | 7,456        | 7,456       | 7,463         |
|    store_C   | code_generated.cpp:63  | 107          |   39          | 1,651        | 1,651       | 1,658         |
+--------------+------------------------+--------------+---------------+--------------+-------------+---------------+

* Design Size Message Settings
+---------------------------------------------+--------+------------------------------------------------------------------+
| Message Setting                             | Value  | Description                                                      |
+---------------------------------------------+--------+------------------------------------------------------------------+
| config_compile -design_size_maximum_warning | 100000 | Show a warning when total design instructions exceeds this value |
+---------------------------------------------+--------+------------------------------------------------------------------+


