[   2m]    INFO Search: Computation order (high to low): ['PARALLEL', 'PIPELINE']
[   2m]    INFO Search: Communication order (high to low): ['INTERFACE', 'CACHE', 'PIPELINE', 'TILE', 'TILING']
[   2m]    INFO Search: Launch gradient search algorithm
[  20m] WARNING Search: Default point is invalid: {'__PARA__L0': 1, '__PARA__L1': 1, '__PARA__L2': 1, '__PARA__L3': 1, '__PARA__L4': 1, '__PARA__L5': 1, '__PIPE__L0': 'flatten', '__PIPE__L1': 'off', '__PIPE__L2': 'off', '__PIPE__L3': 'off', '__TILE__L0': 1, '__TILE__L1': 1, '__TILE__L2': 1, '__TILE__L3': 1}
[  20m] WARNING Search: This exploration is low confidence to achieve high QoR.
[  20m]    INFO Search: Focus parameters (high order goes to tail): ['__PARA__L0', '__PARA__L1', '__PARA__L2', '__PARA__L3', '__PARA__L4', '__PARA__L5', '__PIPE__L0', '__PIPE__L1', '__PIPE__L2', '__PIPE__L3', '__TILE__L0', '__TILE__L1', '__TILE__L2', '__TILE__L3']
[  20m]    INFO Search: === ITERATION 1 ===
[  20m]    INFO Search: Tree Level 0
[  20m]    INFO Search: Working Node:
[  20m]    INFO Search: +---------+------------------------------------------------------------------------------------------------------------+
[  20m]    INFO Search: | Point   | __PARA__L0-1.__PARA__L1-1.__PARA__L2-1.__PARA__L3-1.__PARA__L4-1.__PARA__L5-1.__PIPE__L0-                  |
[  20m]    INFO Search: |         | flatten.__PIPE__L1-off.__PIPE__L2-off.__PIPE__L3-off.__TILE__L0-1.__TILE__L1-1.__TILE__L2-1.__TILE__L3-1   |
[  20m]    INFO Search: +---------+------------------------------------------------------------------------------------------------------------+
[  20m]    INFO Search: | Quality | 0.00e+00                                                                                                   |
[  20m]    INFO Search: +---------+------------------------------------------------------------------------------------------------------------+
[  20m]    INFO Search: | Perf.   | 0.00e+00                                                                                                   |
[  20m]    INFO Search: +---------+------------------------------------------------------------------------------------------------------------+
[  20m]    INFO Search: | Child   | ('__PARA__L0', '15,2')<-('__PARA__L1', '15,2')<-('__PARA__L2', '')<-('__PARA__L3', '9,2')<-('__PARA__L4',  |
[  20m]    INFO Search: |         | '')<-('__PARA__L5', '6,1')<-('__PIPE__L0', '')<-('__PIPE__L1', '1')<-('__PIPE__L2', '')<-('__PIPE__L3',    |
[  20m]    INFO Search: |         | '1,1')<-('__TILE__L0', '17')<-('__TILE__L1', '17')<-('__TILE__L2', '')<-('__TILE__L3', '11')<-('builtin',  |
[  20m]    INFO Search: |         | '1')                                                                                                       |
[  20m]    INFO Search: +---------+------------------------------------------------------------------------------------------------------------+
[  20m]    INFO Search: | Tuned   |                                                                                                            |
[  20m]    INFO Search: +---------+------------------------------------------------------------------------------------------------------------+
[  20m]    INFO Search: Working batch: builtin
[  20m]    INFO Search: Evaluating 1 poitns
[  37m]    INFO Search: Received results from evaluator
[  37m]    INFO Search: Results
[  37m]    INFO Search: +--------------------+---------+----------+--------------------+-------------+-------+
[  37m]    INFO Search: |        Tag         | Quality |  Perf.   | BRAM, DSP, LUT, FF |   Status    | Valid |
[  37m]    INFO Search: +====================+=========+==========+====================+=============+=======+
[  37m]    INFO Search: | __PIPE__L3-flatten | -inf    | 0.00e+00 | 0.0, 0.0, 0.0, 0.0 | UNAVAILABLE | False |
[  37m]    INFO Search: +--------------------+---------+----------+--------------------+-------------+-------+
[  37m]    INFO Search: -> No quality, abandon
[  37m]    INFO Search: Run out of batches of parameter builtin
[  37m]    INFO Search: === ITERATION 2 ===
[  37m]    INFO Search: Tree Level 0
[  37m]    INFO Search: Working Node:
[  37m]    INFO Search: +---------+------------------------------------------------------------------------------------------------------------+
[  37m]    INFO Search: | Point   | __PARA__L0-1.__PARA__L1-1.__PARA__L2-1.__PARA__L3-1.__PARA__L4-1.__PARA__L5-1.__PIPE__L0-                  |
[  37m]    INFO Search: |         | flatten.__PIPE__L1-off.__PIPE__L2-off.__PIPE__L3-off.__TILE__L0-1.__TILE__L1-1.__TILE__L2-1.__TILE__L3-1   |
[  37m]    INFO Search: +---------+------------------------------------------------------------------------------------------------------------+
[  37m]    INFO Search: | Quality | 0.00e+00                                                                                                   |
[  37m]    INFO Search: +---------+------------------------------------------------------------------------------------------------------------+
[  37m]    INFO Search: | Perf.   | 0.00e+00                                                                                                   |
[  37m]    INFO Search: +---------+------------------------------------------------------------------------------------------------------------+
[  37m]    INFO Search: | Child   | ('__PARA__L0', '15,2')<-('__PARA__L1', '15,2')<-('__PARA__L2', '')<-('__PARA__L3', '9,2')<-('__PARA__L4',  |
[  37m]    INFO Search: |         | '')<-('__PARA__L5', '6,1')<-('__PIPE__L0', '')<-('__PIPE__L1', '1')<-('__PIPE__L2', '')<-('__PIPE__L3',    |
[  37m]    INFO Search: |         | '1,1')<-('__TILE__L0', '17')<-('__TILE__L1', '17')<-('__TILE__L2', '')<-('__TILE__L3', '11')               |
[  37m]    INFO Search: +---------+------------------------------------------------------------------------------------------------------------+
[  37m]    INFO Search: | Tuned   |                                                                                                            |
[  37m]    INFO Search: +---------+------------------------------------------------------------------------------------------------------------+
[  37m]    INFO Search: Working batch: __TILE__L3
[  37m]    INFO Search: Evaluating 11 poitns
[  61m]    INFO Search: Received results from evaluator
[  61m]    INFO Search: Results
[  61m]    INFO Search: +--------------+---------+----------+--------------------+--------------+-------+
[  61m]    INFO Search: |     Tag      | Quality |  Perf.   | BRAM, DSP, LUT, FF |    Status    | Valid |
[  61m]    INFO Search: +==============+=========+==========+====================+==============+=======+
[  61m]    INFO Search: | __TILE__L3-2 | -inf    | 0.00e+00 | 0.0, 0.0, 0.0, 0.0 | EARLY_REJECT | False |
[  61m]    INFO Search: +--------------+---------+----------+--------------------+--------------+-------+
[  61m]    INFO Search: -> No quality, abandon
[  61m]    INFO Search: +--------------+---------+----------+--------------------+--------------+-------+
[  61m]    INFO Search: |     Tag      | Quality |  Perf.   | BRAM, DSP, LUT, FF |    Status    | Valid |
[  61m]    INFO Search: +==============+=========+==========+====================+==============+=======+
[  61m]    INFO Search: | __TILE__L3-4 | -inf    | 0.00e+00 | 0.0, 0.0, 0.0, 0.0 | EARLY_REJECT | False |
[  61m]    INFO Search: +--------------+---------+----------+--------------------+--------------+-------+
[  61m]    INFO Search: -> No quality, abandon
[  61m]    INFO Search: +--------------+---------+----------+--------------------+--------------+-------+
[  61m]    INFO Search: |     Tag      | Quality |  Perf.   | BRAM, DSP, LUT, FF |    Status    | Valid |
[  61m]    INFO Search: +==============+=========+==========+====================+==============+=======+
[  61m]    INFO Search: | __TILE__L3-5 | -inf    | 0.00e+00 | 0.0, 0.0, 0.0, 0.0 | EARLY_REJECT | False |
[  61m]    INFO Search: +--------------+---------+----------+--------------------+--------------+-------+
[  61m]    INFO Search: -> No quality, abandon
[  61m]    INFO Search: +---------------+---------+----------+--------------------+--------------+-------+
[  61m]    INFO Search: |      Tag      | Quality |  Perf.   | BRAM, DSP, LUT, FF |    Status    | Valid |
[  61m]    INFO Search: +===============+=========+==========+====================+==============+=======+
[  61m]    INFO Search: | __TILE__L3-10 | -inf    | 0.00e+00 | 0.0, 0.0, 0.0, 0.0 | EARLY_REJECT | False |
[  61m]    INFO Search: +---------------+---------+----------+--------------------+--------------+-------+
[  61m]    INFO Search: -> No quality, abandon
[  61m]    INFO Search: +---------------+---------+----------+--------------------+--------------+-------+
[  61m]    INFO Search: |      Tag      | Quality |  Perf.   | BRAM, DSP, LUT, FF |    Status    | Valid |
[  61m]    INFO Search: +===============+=========+==========+====================+==============+=======+
[  61m]    INFO Search: | __TILE__L3-11 | -inf    | 0.00e+00 | 0.0, 0.0, 0.0, 0.0 | EARLY_REJECT | False |
[  61m]    INFO Search: +---------------+---------+----------+--------------------+--------------+-------+
[  61m]    INFO Search: -> No quality, abandon
[  61m]    INFO Search: +---------------+---------+----------+--------------------+--------------+-------+
[  61m]    INFO Search: |      Tag      | Quality |  Perf.   | BRAM, DSP, LUT, FF |    Status    | Valid |
[  61m]    INFO Search: +===============+=========+==========+====================+==============+=======+
[  61m]    INFO Search: | __TILE__L3-20 | -inf    | 0.00e+00 | 0.0, 0.0, 0.0, 0.0 | EARLY_REJECT | False |
[  61m]    INFO Search: +---------------+---------+----------+--------------------+--------------+-------+
[  61m]    INFO Search: -> No quality, abandon
[  61m]    INFO Search: +---------------+---------+----------+--------------------+--------------+-------+
[  61m]    INFO Search: |      Tag      | Quality |  Perf.   | BRAM, DSP, LUT, FF |    Status    | Valid |
[  61m]    INFO Search: +===============+=========+==========+====================+==============+=======+
[  61m]    INFO Search: | __TILE__L3-22 | -inf    | 0.00e+00 | 0.0, 0.0, 0.0, 0.0 | EARLY_REJECT | False |
[  61m]    INFO Search: +---------------+---------+----------+--------------------+--------------+-------+
[  61m]    INFO Search: -> No quality, abandon
[  61m]    INFO Search: +---------------+---------+----------+--------------------+--------------+-------+
[  61m]    INFO Search: |      Tag      | Quality |  Perf.   | BRAM, DSP, LUT, FF |    Status    | Valid |
[  61m]    INFO Search: +===============+=========+==========+====================+==============+=======+
[  61m]    INFO Search: | __TILE__L3-44 | -inf    | 0.00e+00 | 0.0, 0.0, 0.0, 0.0 | EARLY_REJECT | False |
[  61m]    INFO Search: +---------------+---------+----------+--------------------+--------------+-------+
[  61m]    INFO Search: -> No quality, abandon
[  61m]    INFO Search: +---------------+---------+----------+--------------------+--------------+-------+
[  61m]    INFO Search: |      Tag      | Quality |  Perf.   | BRAM, DSP, LUT, FF |    Status    | Valid |
[  61m]    INFO Search: +===============+=========+==========+====================+==============+=======+
[  61m]    INFO Search: | __TILE__L3-55 | -inf    | 0.00e+00 | 0.0, 0.0, 0.0, 0.0 | EARLY_REJECT | False |
[  61m]    INFO Search: +---------------+---------+----------+--------------------+--------------+-------+
[  61m]    INFO Search: -> No quality, abandon
[  61m]    INFO Search: +----------------+---------+----------+--------------------+--------------+-------+
[  61m]    INFO Search: |      Tag       | Quality |  Perf.   | BRAM, DSP, LUT, FF |    Status    | Valid |
[  61m]    INFO Search: +================+=========+==========+====================+==============+=======+
[  61m]    INFO Search: | __TILE__L3-110 | -inf    | 0.00e+00 | 0.0, 0.0, 0.0, 0.0 | EARLY_REJECT | False |
[  61m]    INFO Search: +----------------+---------+----------+--------------------+--------------+-------+
[  61m]    INFO Search: -> No quality, abandon
[  61m]    INFO Search: +----------------+---------+----------+--------------------+-------------+-------+
[  61m]    INFO Search: |      Tag       | Quality |  Perf.   | BRAM, DSP, LUT, FF |   Status    | Valid |
[  61m]    INFO Search: +================+=========+==========+====================+=============+=======+
[  61m]    INFO Search: | __TILE__L3-220 | -inf    | 0.00e+00 | 0.0, 0.0, 0.0, 0.0 | UNAVAILABLE | False |
[  61m]    INFO Search: +----------------+---------+----------+--------------------+-------------+-------+
[  61m]    INFO Search: -> No quality, abandon
[  61m]    INFO Search: Run out of batches of parameter __TILE__L3
[  61m]    INFO Search: === ITERATION 3 ===
[  61m]    INFO Search: Tree Level 0
[  61m]    INFO Search: Working Node:
[  61m]    INFO Search: +---------+------------------------------------------------------------------------------------------------------------+
[  61m]    INFO Search: | Point   | __PARA__L0-1.__PARA__L1-1.__PARA__L2-1.__PARA__L3-1.__PARA__L4-1.__PARA__L5-1.__PIPE__L0-                  |
[  61m]    INFO Search: |         | flatten.__PIPE__L1-off.__PIPE__L2-off.__PIPE__L3-off.__TILE__L0-1.__TILE__L1-1.__TILE__L2-1.__TILE__L3-1   |
[  61m]    INFO Search: +---------+------------------------------------------------------------------------------------------------------------+
[  61m]    INFO Search: | Quality | 0.00e+00                                                                                                   |
[  61m]    INFO Search: +---------+------------------------------------------------------------------------------------------------------------+
[  61m]    INFO Search: | Perf.   | 0.00e+00                                                                                                   |
[  61m]    INFO Search: +---------+------------------------------------------------------------------------------------------------------------+
[  61m]    INFO Search: | Child   | ('__PARA__L0', '15,2')<-('__PARA__L1', '15,2')<-('__PARA__L2', '')<-('__PARA__L3', '9,2')<-('__PARA__L4',  |
[  61m]    INFO Search: |         | '')<-('__PARA__L5', '6,1')<-('__PIPE__L0', '')<-('__PIPE__L1', '1')<-('__PIPE__L2', '')<-('__PIPE__L3',    |
[  61m]    INFO Search: |         | '1,1')<-('__TILE__L0', '17')<-('__TILE__L1', '17')<-('__TILE__L2', '')                                     |
[  61m]    INFO Search: +---------+------------------------------------------------------------------------------------------------------------+
[  61m]    INFO Search: | Tuned   |                                                                                                            |
[  61m]    INFO Search: +---------+------------------------------------------------------------------------------------------------------------+
[  61m]    INFO Search: No batch to be worked
[  61m]    INFO Search: Run out of batches of parameter __TILE__L2
[  61m]    INFO Search: === ITERATION 4 ===
[  61m]    INFO Search: Tree Level 0
[  61m]    INFO Search: Working Node:
[  61m]    INFO Search: +---------+------------------------------------------------------------------------------------------------------------+
[  61m]    INFO Search: | Point   | __PARA__L0-1.__PARA__L1-1.__PARA__L2-1.__PARA__L3-1.__PARA__L4-1.__PARA__L5-1.__PIPE__L0-                  |
[  61m]    INFO Search: |         | flatten.__PIPE__L1-off.__PIPE__L2-off.__PIPE__L3-off.__TILE__L0-1.__TILE__L1-1.__TILE__L2-1.__TILE__L3-1   |
[  61m]    INFO Search: +---------+------------------------------------------------------------------------------------------------------------+
[  61m]    INFO Search: | Quality | 0.00e+00                                                                                                   |
[  61m]    INFO Search: +---------+------------------------------------------------------------------------------------------------------------+
[  61m]    INFO Search: | Perf.   | 0.00e+00                                                                                                   |
[  61m]    INFO Search: +---------+------------------------------------------------------------------------------------------------------------+
[  61m]    INFO Search: | Child   | ('__PARA__L0', '15,2')<-('__PARA__L1', '15,2')<-('__PARA__L2', '')<-('__PARA__L3', '9,2')<-('__PARA__L4',  |
[  61m]    INFO Search: |         | '')<-('__PARA__L5', '6,1')<-('__PIPE__L0', '')<-('__PIPE__L1', '1')<-('__PIPE__L2', '')<-('__PIPE__L3',    |
[  61m]    INFO Search: |         | '1,1')<-('__TILE__L0', '17')<-('__TILE__L1', '17')                                                         |
[  61m]    INFO Search: +---------+------------------------------------------------------------------------------------------------------------+
[  61m]    INFO Search: | Tuned   |                                                                                                            |
[  61m]    INFO Search: +---------+------------------------------------------------------------------------------------------------------------+
[  61m]    INFO Search: Working batch: __TILE__L1
[  61m]    INFO Search: Evaluating 17 poitns
[  92m]    INFO Search: Received results from evaluator
[  92m]    INFO Search: Results
[  92m]    INFO Search: +--------------+---------+----------+--------------------+--------------+-------+
[  92m]    INFO Search: |     Tag      | Quality |  Perf.   | BRAM, DSP, LUT, FF |    Status    | Valid |
[  92m]    INFO Search: +==============+=========+==========+====================+==============+=======+
[  92m]    INFO Search: | __TILE__L1-2 | -inf    | 0.00e+00 | 0.0, 0.0, 0.0, 0.0 | EARLY_REJECT | False |
[  92m]    INFO Search: +--------------+---------+----------+--------------------+--------------+-------+
[  92m]    INFO Search: -> No quality, abandon
[  92m]    INFO Search: +--------------+---------+----------+--------------------+--------------+-------+
[  92m]    INFO Search: |     Tag      | Quality |  Perf.   | BRAM, DSP, LUT, FF |    Status    | Valid |
[  92m]    INFO Search: +==============+=========+==========+====================+==============+=======+
[  92m]    INFO Search: | __TILE__L1-3 | -inf    | 0.00e+00 | 0.0, 0.0, 0.0, 0.0 | EARLY_REJECT | False |
[  92m]    INFO Search: +--------------+---------+----------+--------------------+--------------+-------+
[  92m]    INFO Search: -> No quality, abandon
[  92m]    INFO Search: +--------------+---------+----------+--------------------+--------------+-------+
[  92m]    INFO Search: |     Tag      | Quality |  Perf.   | BRAM, DSP, LUT, FF |    Status    | Valid |
[  92m]    INFO Search: +==============+=========+==========+====================+==============+=======+
[  92m]    INFO Search: | __TILE__L1-4 | -inf    | 0.00e+00 | 0.0, 0.0, 0.0, 0.0 | EARLY_REJECT | False |
[  92m]    INFO Search: +--------------+---------+----------+--------------------+--------------+-------+
[  92m]    INFO Search: -> No quality, abandon
[  92m]    INFO Search: +--------------+---------+----------+--------------------+--------------+-------+
[  92m]    INFO Search: |     Tag      | Quality |  Perf.   | BRAM, DSP, LUT, FF |    Status    | Valid |
[  92m]    INFO Search: +==============+=========+==========+====================+==============+=======+
[  92m]    INFO Search: | __TILE__L1-5 | -inf    | 0.00e+00 | 0.0, 0.0, 0.0, 0.0 | EARLY_REJECT | False |
[  92m]    INFO Search: +--------------+---------+----------+--------------------+--------------+-------+
[  92m]    INFO Search: -> No quality, abandon
[  92m]    INFO Search: +--------------+---------+----------+--------------------+--------------+-------+
[  92m]    INFO Search: |     Tag      | Quality |  Perf.   | BRAM, DSP, LUT, FF |    Status    | Valid |
[  92m]    INFO Search: +==============+=========+==========+====================+==============+=======+
[  92m]    INFO Search: | __TILE__L1-6 | -inf    | 0.00e+00 | 0.0, 0.0, 0.0, 0.0 | EARLY_REJECT | False |
[  92m]    INFO Search: +--------------+---------+----------+--------------------+--------------+-------+
[  92m]    INFO Search: -> No quality, abandon
[  92m]    INFO Search: +--------------+---------+----------+--------------------+--------------+-------+
[  92m]    INFO Search: |     Tag      | Quality |  Perf.   | BRAM, DSP, LUT, FF |    Status    | Valid |
[  92m]    INFO Search: +==============+=========+==========+====================+==============+=======+
[  92m]    INFO Search: | __TILE__L1-9 | -inf    | 0.00e+00 | 0.0, 0.0, 0.0, 0.0 | EARLY_REJECT | False |
[  92m]    INFO Search: +--------------+---------+----------+--------------------+--------------+-------+
[  92m]    INFO Search: -> No quality, abandon
[  92m]    INFO Search: +---------------+---------+----------+--------------------+--------------+-------+
[  92m]    INFO Search: |      Tag      | Quality |  Perf.   | BRAM, DSP, LUT, FF |    Status    | Valid |
[  92m]    INFO Search: +===============+=========+==========+====================+==============+=======+
[  92m]    INFO Search: | __TILE__L1-10 | -inf    | 0.00e+00 | 0.0, 0.0, 0.0, 0.0 | EARLY_REJECT | False |
[  92m]    INFO Search: +---------------+---------+----------+--------------------+--------------+-------+
[  92m]    INFO Search: -> No quality, abandon
[  92m]    INFO Search: +---------------+---------+----------+--------------------+--------------+-------+
[  92m]    INFO Search: |      Tag      | Quality |  Perf.   | BRAM, DSP, LUT, FF |    Status    | Valid |
[  92m]    INFO Search: +===============+=========+==========+====================+==============+=======+
[  92m]    INFO Search: | __TILE__L1-12 | -inf    | 0.00e+00 | 0.0, 0.0, 0.0, 0.0 | EARLY_REJECT | False |
[  92m]    INFO Search: +---------------+---------+----------+--------------------+--------------+-------+
[  92m]    INFO Search: -> No quality, abandon
[  92m]    INFO Search: +---------------+---------+----------+--------------------+--------------+-------+
[  92m]    INFO Search: |      Tag      | Quality |  Perf.   | BRAM, DSP, LUT, FF |    Status    | Valid |
[  92m]    INFO Search: +===============+=========+==========+====================+==============+=======+
[  92m]    INFO Search: | __TILE__L1-15 | -inf    | 0.00e+00 | 0.0, 0.0, 0.0, 0.0 | EARLY_REJECT | False |
[  92m]    INFO Search: +---------------+---------+----------+--------------------+--------------+-------+
[  92m]    INFO Search: -> No quality, abandon
[  92m]    INFO Search: +---------------+---------+----------+--------------------+--------------+-------+
[  92m]    INFO Search: |      Tag      | Quality |  Perf.   | BRAM, DSP, LUT, FF |    Status    | Valid |
[  92m]    INFO Search: +===============+=========+==========+====================+==============+=======+
[  92m]    INFO Search: | __TILE__L1-18 | -inf    | 0.00e+00 | 0.0, 0.0, 0.0, 0.0 | EARLY_REJECT | False |
[  92m]    INFO Search: +---------------+---------+----------+--------------------+--------------+-------+
[  92m]    INFO Search: -> No quality, abandon
[  92m]    INFO Search: +---------------+---------+----------+--------------------+--------------+-------+
[  92m]    INFO Search: |      Tag      | Quality |  Perf.   | BRAM, DSP, LUT, FF |    Status    | Valid |
[  92m]    INFO Search: +===============+=========+==========+====================+==============+=======+
[  92m]    INFO Search: | __TILE__L1-20 | -inf    | 0.00e+00 | 0.0, 0.0, 0.0, 0.0 | EARLY_REJECT | False |
[  92m]    INFO Search: +---------------+---------+----------+--------------------+--------------+-------+
[  92m]    INFO Search: -> No quality, abandon
[  92m]    INFO Search: +---------------+---------+----------+--------------------+--------------+-------+
[  92m]    INFO Search: |      Tag      | Quality |  Perf.   | BRAM, DSP, LUT, FF |    Status    | Valid |
[  92m]    INFO Search: +===============+=========+==========+====================+==============+=======+
[  92m]    INFO Search: | __TILE__L1-30 | -inf    | 0.00e+00 | 0.0, 0.0, 0.0, 0.0 | EARLY_REJECT | False |
[  92m]    INFO Search: +---------------+---------+----------+--------------------+--------------+-------+
[  92m]    INFO Search: -> No quality, abandon
[  92m]    INFO Search: +---------------+---------+----------+--------------------+--------------+-------+
[  92m]    INFO Search: |      Tag      | Quality |  Perf.   | BRAM, DSP, LUT, FF |    Status    | Valid |
[  92m]    INFO Search: +===============+=========+==========+====================+==============+=======+
[  92m]    INFO Search: | __TILE__L1-36 | -inf    | 0.00e+00 | 0.0, 0.0, 0.0, 0.0 | EARLY_REJECT | False |
[  92m]    INFO Search: +---------------+---------+----------+--------------------+--------------+-------+
[  92m]    INFO Search: -> No quality, abandon
[  92m]    INFO Search: +---------------+---------+----------+--------------------+--------------+-------+
[  92m]    INFO Search: |      Tag      | Quality |  Perf.   | BRAM, DSP, LUT, FF |    Status    | Valid |
[  92m]    INFO Search: +===============+=========+==========+====================+==============+=======+
[  92m]    INFO Search: | __TILE__L1-45 | -inf    | 0.00e+00 | 0.0, 0.0, 0.0, 0.0 | EARLY_REJECT | False |
[  92m]    INFO Search: +---------------+---------+----------+--------------------+--------------+-------+
[  92m]    INFO Search: -> No quality, abandon
[  92m]    INFO Search: +---------------+---------+----------+--------------------+--------------+-------+
[  92m]    INFO Search: |      Tag      | Quality |  Perf.   | BRAM, DSP, LUT, FF |    Status    | Valid |
[  92m]    INFO Search: +===============+=========+==========+====================+==============+=======+
[  92m]    INFO Search: | __TILE__L1-60 | -inf    | 0.00e+00 | 0.0, 0.0, 0.0, 0.0 | EARLY_REJECT | False |
[  92m]    INFO Search: +---------------+---------+----------+--------------------+--------------+-------+
[  92m]    INFO Search: -> No quality, abandon
[  92m]    INFO Search: +---------------+---------+----------+--------------------+--------------+-------+
[  92m]    INFO Search: |      Tag      | Quality |  Perf.   | BRAM, DSP, LUT, FF |    Status    | Valid |
[  92m]    INFO Search: +===============+=========+==========+====================+==============+=======+
[  92m]    INFO Search: | __TILE__L1-90 | -inf    | 0.00e+00 | 0.0, 0.0, 0.0, 0.0 | EARLY_REJECT | False |
[  92m]    INFO Search: +---------------+---------+----------+--------------------+--------------+-------+
[  92m]    INFO Search: -> No quality, abandon
[  92m]    INFO Search: +----------------+---------+----------+--------------------+-------------+-------+
[  92m]    INFO Search: |      Tag       | Quality |  Perf.   | BRAM, DSP, LUT, FF |   Status    | Valid |
[  92m]    INFO Search: +================+=========+==========+====================+=============+=======+
[  92m]    INFO Search: | __TILE__L1-180 | -inf    | 0.00e+00 | 0.0, 0.0, 0.0, 0.0 | UNAVAILABLE | False |
[  92m]    INFO Search: +----------------+---------+----------+--------------------+-------------+-------+
[  92m]    INFO Search: -> No quality, abandon
[  92m]    INFO Search: Run out of batches of parameter __TILE__L1
[  92m]    INFO Search: === ITERATION 5 ===
[  92m]    INFO Search: Tree Level 0
[  92m]    INFO Search: Working Node:
[  92m]    INFO Search: +---------+------------------------------------------------------------------------------------------------------------+
[  92m]    INFO Search: | Point   | __PARA__L0-1.__PARA__L1-1.__PARA__L2-1.__PARA__L3-1.__PARA__L4-1.__PARA__L5-1.__PIPE__L0-                  |
[  92m]    INFO Search: |         | flatten.__PIPE__L1-off.__PIPE__L2-off.__PIPE__L3-off.__TILE__L0-1.__TILE__L1-1.__TILE__L2-1.__TILE__L3-1   |
[  92m]    INFO Search: +---------+------------------------------------------------------------------------------------------------------------+
[  92m]    INFO Search: | Quality | 0.00e+00                                                                                                   |
[  92m]    INFO Search: +---------+------------------------------------------------------------------------------------------------------------+
[  92m]    INFO Search: | Perf.   | 0.00e+00                                                                                                   |
[  92m]    INFO Search: +---------+------------------------------------------------------------------------------------------------------------+
[  92m]    INFO Search: | Child   | ('__PARA__L0', '15,2')<-('__PARA__L1', '15,2')<-('__PARA__L2', '')<-('__PARA__L3', '9,2')<-('__PARA__L4',  |
[  92m]    INFO Search: |         | '')<-('__PARA__L5', '6,1')<-('__PIPE__L0', '')<-('__PIPE__L1', '1')<-('__PIPE__L2', '')<-('__PIPE__L3',    |
[  92m]    INFO Search: |         | '1,1')<-('__TILE__L0', '17')                                                                               |
[  92m]    INFO Search: +---------+------------------------------------------------------------------------------------------------------------+
[  92m]    INFO Search: | Tuned   |                                                                                                            |
[  92m]    INFO Search: +---------+------------------------------------------------------------------------------------------------------------+
[  92m]    INFO Search: Working batch: __TILE__L0
[  92m]    INFO Search: Evaluating 17 poitns
[ 242m]    INFO Search: Received results from evaluator
[ 242m]    INFO Search: Results
[ 242m]    INFO Search: +--------------+---------+----------+--------------------+-------------+-------+
[ 242m]    INFO Search: |     Tag      | Quality |  Perf.   | BRAM, DSP, LUT, FF |   Status    | Valid |
[ 242m]    INFO Search: +==============+=========+==========+====================+=============+=======+
[ 242m]    INFO Search: | __TILE__L0-2 | -inf    | 0.00e+00 | 0.0, 0.0, 0.0, 0.0 | UNAVAILABLE | False |
[ 242m]    INFO Search: +--------------+---------+----------+--------------------+-------------+-------+
[ 242m]    INFO Search: -> No quality, abandon
[ 242m]    INFO Search: +--------------+---------+----------+--------------------+-------------+-------+
[ 242m]    INFO Search: |     Tag      | Quality |  Perf.   | BRAM, DSP, LUT, FF |   Status    | Valid |
[ 242m]    INFO Search: +==============+=========+==========+====================+=============+=======+
[ 242m]    INFO Search: | __TILE__L0-3 | -inf    | 0.00e+00 | 0.0, 0.0, 0.0, 0.0 | UNAVAILABLE | False |
[ 242m]    INFO Search: +--------------+---------+----------+--------------------+-------------+-------+
[ 242m]    INFO Search: -> No quality, abandon
[ 242m]    INFO Search: +--------------+---------+----------+--------------------+-------------+-------+
[ 242m]    INFO Search: |     Tag      | Quality |  Perf.   | BRAM, DSP, LUT, FF |   Status    | Valid |
[ 242m]    INFO Search: +==============+=========+==========+====================+=============+=======+
[ 242m]    INFO Search: | __TILE__L0-4 | -inf    | 0.00e+00 | 0.0, 0.0, 0.0, 0.0 | UNAVAILABLE | False |
[ 242m]    INFO Search: +--------------+---------+----------+--------------------+-------------+-------+
[ 242m]    INFO Search: -> No quality, abandon
[ 242m]    INFO Search: +--------------+---------+----------+--------------------+-------------+-------+
[ 242m]    INFO Search: |     Tag      | Quality |  Perf.   | BRAM, DSP, LUT, FF |   Status    | Valid |
[ 242m]    INFO Search: +==============+=========+==========+====================+=============+=======+
[ 242m]    INFO Search: | __TILE__L0-5 | -inf    | 0.00e+00 | 0.0, 0.0, 0.0, 0.0 | UNAVAILABLE | False |
[ 242m]    INFO Search: +--------------+---------+----------+--------------------+-------------+-------+
[ 242m]    INFO Search: -> No quality, abandon
[ 242m]    INFO Search: +--------------+---------+----------+--------------------+-------------+-------+
[ 242m]    INFO Search: |     Tag      | Quality |  Perf.   | BRAM, DSP, LUT, FF |   Status    | Valid |
[ 242m]    INFO Search: +==============+=========+==========+====================+=============+=======+
[ 242m]    INFO Search: | __TILE__L0-6 | -inf    | 0.00e+00 | 0.0, 0.0, 0.0, 0.0 | UNAVAILABLE | False |
[ 242m]    INFO Search: +--------------+---------+----------+--------------------+-------------+-------+
[ 242m]    INFO Search: -> No quality, abandon
[ 242m]    INFO Search: +--------------+---------+----------+--------------------+-------------+-------+
[ 242m]    INFO Search: |     Tag      | Quality |  Perf.   | BRAM, DSP, LUT, FF |   Status    | Valid |
[ 242m]    INFO Search: +==============+=========+==========+====================+=============+=======+
[ 242m]    INFO Search: | __TILE__L0-9 | -inf    | 0.00e+00 | 0.0, 0.0, 0.0, 0.0 | UNAVAILABLE | False |
[ 242m]    INFO Search: +--------------+---------+----------+--------------------+-------------+-------+
[ 242m]    INFO Search: -> No quality, abandon
[ 242m]    INFO Search: +---------------+---------+----------+--------------------+-------------+-------+
[ 242m]    INFO Search: |      Tag      | Quality |  Perf.   | BRAM, DSP, LUT, FF |   Status    | Valid |
[ 242m]    INFO Search: +===============+=========+==========+====================+=============+=======+
[ 242m]    INFO Search: | __TILE__L0-10 | -inf    | 0.00e+00 | 0.0, 0.0, 0.0, 0.0 | UNAVAILABLE | False |
[ 242m]    INFO Search: +---------------+---------+----------+--------------------+-------------+-------+
[ 242m]    INFO Search: -> No quality, abandon
[ 242m]    INFO Search: +---------------+---------+----------+--------------------+-------------+-------+
[ 242m]    INFO Search: |      Tag      | Quality |  Perf.   | BRAM, DSP, LUT, FF |   Status    | Valid |
[ 242m]    INFO Search: +===============+=========+==========+====================+=============+=======+
[ 242m]    INFO Search: | __TILE__L0-12 | -inf    | 0.00e+00 | 0.0, 0.0, 0.0, 0.0 | UNAVAILABLE | False |
[ 242m]    INFO Search: +---------------+---------+----------+--------------------+-------------+-------+
[ 242m]    INFO Search: -> No quality, abandon
[ 242m]    INFO Search: +---------------+---------+----------+--------------------+-------------+-------+
[ 242m]    INFO Search: |      Tag      | Quality |  Perf.   | BRAM, DSP, LUT, FF |   Status    | Valid |
[ 242m]    INFO Search: +===============+=========+==========+====================+=============+=======+
[ 242m]    INFO Search: | __TILE__L0-15 | -inf    | 0.00e+00 | 0.0, 0.0, 0.0, 0.0 | UNAVAILABLE | False |
[ 242m]    INFO Search: +---------------+---------+----------+--------------------+-------------+-------+
[ 242m]    INFO Search: -> No quality, abandon
[ 242m]    INFO Search: +---------------+---------+----------+--------------------+-------------+-------+
[ 242m]    INFO Search: |      Tag      | Quality |  Perf.   | BRAM, DSP, LUT, FF |   Status    | Valid |
[ 242m]    INFO Search: +===============+=========+==========+====================+=============+=======+
[ 242m]    INFO Search: | __TILE__L0-18 | -inf    | 0.00e+00 | 0.0, 0.0, 0.0, 0.0 | UNAVAILABLE | False |
[ 242m]    INFO Search: +---------------+---------+----------+--------------------+-------------+-------+
[ 242m]    INFO Search: -> No quality, abandon
[ 242m]    INFO Search: +---------------+---------+----------+--------------------+-------------+-------+
[ 242m]    INFO Search: |      Tag      | Quality |  Perf.   | BRAM, DSP, LUT, FF |   Status    | Valid |
[ 242m]    INFO Search: +===============+=========+==========+====================+=============+=======+
[ 242m]    INFO Search: | __TILE__L0-20 | -inf    | 0.00e+00 | 0.0, 0.0, 0.0, 0.0 | UNAVAILABLE | False |
[ 242m]    INFO Search: +---------------+---------+----------+--------------------+-------------+-------+
[ 242m]    INFO Search: -> No quality, abandon
[ 242m]    INFO Search: +---------------+---------+----------+--------------------+-------------+-------+
[ 242m]    INFO Search: |      Tag      | Quality |  Perf.   | BRAM, DSP, LUT, FF |   Status    | Valid |
[ 242m]    INFO Search: +===============+=========+==========+====================+=============+=======+
[ 242m]    INFO Search: | __TILE__L0-30 | -inf    | 0.00e+00 | 0.0, 0.0, 0.0, 0.0 | UNAVAILABLE | False |
[ 242m]    INFO Search: +---------------+---------+----------+--------------------+-------------+-------+
[ 242m]    INFO Search: -> No quality, abandon
[ 242m]    INFO Search: +---------------+---------+----------+--------------------+-------------+-------+
[ 242m]    INFO Search: |      Tag      | Quality |  Perf.   | BRAM, DSP, LUT, FF |   Status    | Valid |
[ 242m]    INFO Search: +===============+=========+==========+====================+=============+=======+
[ 242m]    INFO Search: | __TILE__L0-36 | -inf    | 0.00e+00 | 0.0, 0.0, 0.0, 0.0 | UNAVAILABLE | False |
[ 242m]    INFO Search: +---------------+---------+----------+--------------------+-------------+-------+
[ 242m]    INFO Search: -> No quality, abandon
[ 242m]    INFO Search: +---------------+---------+----------+--------------------+-------------+-------+
[ 242m]    INFO Search: |      Tag      | Quality |  Perf.   | BRAM, DSP, LUT, FF |   Status    | Valid |
[ 242m]    INFO Search: +===============+=========+==========+====================+=============+=======+
[ 242m]    INFO Search: | __TILE__L0-45 | -inf    | 0.00e+00 | 0.0, 0.0, 0.0, 0.0 | UNAVAILABLE | False |
[ 242m]    INFO Search: +---------------+---------+----------+--------------------+-------------+-------+
[ 242m]    INFO Search: -> No quality, abandon
[ 242m]    INFO Search: +---------------+---------+----------+--------------------+-------------+-------+
[ 242m]    INFO Search: |      Tag      | Quality |  Perf.   | BRAM, DSP, LUT, FF |   Status    | Valid |
[ 242m]    INFO Search: +===============+=========+==========+====================+=============+=======+
[ 242m]    INFO Search: | __TILE__L0-60 | -inf    | 0.00e+00 | 0.0, 0.0, 0.0, 0.0 | UNAVAILABLE | False |
[ 242m]    INFO Search: +---------------+---------+----------+--------------------+-------------+-------+
[ 242m]    INFO Search: -> No quality, abandon
[ 242m]    INFO Search: +---------------+---------+----------+--------------------+-------------+-------+
[ 242m]    INFO Search: |      Tag      | Quality |  Perf.   | BRAM, DSP, LUT, FF |   Status    | Valid |
[ 242m]    INFO Search: +===============+=========+==========+====================+=============+=======+
[ 242m]    INFO Search: | __TILE__L0-90 | -inf    | 0.00e+00 | 0.0, 0.0, 0.0, 0.0 | UNAVAILABLE | False |
[ 242m]    INFO Search: +---------------+---------+----------+--------------------+-------------+-------+
[ 242m]    INFO Search: -> No quality, abandon
[ 242m]    INFO Search: +----------------+---------+----------+--------------------+-------------+-------+
[ 242m]    INFO Search: |      Tag       | Quality |  Perf.   | BRAM, DSP, LUT, FF |   Status    | Valid |
[ 242m]    INFO Search: +================+=========+==========+====================+=============+=======+
[ 242m]    INFO Search: | __TILE__L0-180 | -inf    | 0.00e+00 | 0.0, 0.0, 0.0, 0.0 | UNAVAILABLE | False |
[ 242m]    INFO Search: +----------------+---------+----------+--------------------+-------------+-------+
[ 242m]    INFO Search: -> No quality, abandon
[ 242m]    INFO Search: Run out of batches of parameter __TILE__L0
[ 242m]    INFO Search: === ITERATION 6 ===
[ 242m]    INFO Search: Tree Level 0
[ 242m]    INFO Search: Working Node:
[ 242m]    INFO Search: +---------+------------------------------------------------------------------------------------------------------------+
[ 242m]    INFO Search: | Point   | __PARA__L0-1.__PARA__L1-1.__PARA__L2-1.__PARA__L3-1.__PARA__L4-1.__PARA__L5-1.__PIPE__L0-                  |
[ 242m]    INFO Search: |         | flatten.__PIPE__L1-off.__PIPE__L2-off.__PIPE__L3-off.__TILE__L0-1.__TILE__L1-1.__TILE__L2-1.__TILE__L3-1   |
[ 242m]    INFO Search: +---------+------------------------------------------------------------------------------------------------------------+
[ 242m]    INFO Search: | Quality | 0.00e+00                                                                                                   |
[ 242m]    INFO Search: +---------+------------------------------------------------------------------------------------------------------------+
[ 242m]    INFO Search: | Perf.   | 0.00e+00                                                                                                   |
[ 242m]    INFO Search: +---------+------------------------------------------------------------------------------------------------------------+
[ 242m]    INFO Search: | Child   | ('__PARA__L0', '15,2')<-('__PARA__L1', '15,2')<-('__PARA__L2', '')<-('__PARA__L3', '9,2')<-('__PARA__L4',  |
[ 242m]    INFO Search: |         | '')<-('__PARA__L5', '6,1')<-('__PIPE__L0', '')<-('__PIPE__L1', '1')<-('__PIPE__L2', '')<-('__PIPE__L3',    |
[ 242m]    INFO Search: |         | '1,1')                                                                                                     |
[ 242m]    INFO Search: +---------+------------------------------------------------------------------------------------------------------------+
[ 242m]    INFO Search: | Tuned   |                                                                                                            |
[ 242m]    INFO Search: +---------+------------------------------------------------------------------------------------------------------------+
[ 242m]    INFO Search: Working batch: __PIPE__L3
[ 242m]    INFO Search: Evaluating 1 poitns
[ 243m]    INFO Search: Received results from evaluator
[ 243m]    INFO Search: Results
[ 243m]    INFO Search: +-------------+---------+----------+--------------------+--------------+-------+
[ 243m]    INFO Search: |     Tag     | Quality |  Perf.   | BRAM, DSP, LUT, FF |    Status    | Valid |
[ 243m]    INFO Search: +=============+=========+==========+====================+==============+=======+
[ 243m]    INFO Search: | __PIPE__L3- | -inf    | 0.00e+00 | 0.0, 0.0, 0.0, 0.0 | EARLY_REJECT | False |
[ 243m]    INFO Search: +-------------+---------+----------+--------------------+--------------+-------+
[ 243m]    INFO Search: -> No quality, abandon
[ 243m]    INFO Search: === ITERATION 7 ===
[ 243m]    INFO Search: Tree Level 0
[ 243m]    INFO Search: Working Node:
[ 243m]    INFO Search: +---------+------------------------------------------------------------------------------------------------------------+
[ 243m]    INFO Search: | Point   | __PARA__L0-1.__PARA__L1-1.__PARA__L2-1.__PARA__L3-1.__PARA__L4-1.__PARA__L5-1.__PIPE__L0-                  |
[ 243m]    INFO Search: |         | flatten.__PIPE__L1-off.__PIPE__L2-off.__PIPE__L3-off.__TILE__L0-1.__TILE__L1-1.__TILE__L2-1.__TILE__L3-1   |
[ 243m]    INFO Search: +---------+------------------------------------------------------------------------------------------------------------+
[ 243m]    INFO Search: | Quality | 0.00e+00                                                                                                   |
[ 243m]    INFO Search: +---------+------------------------------------------------------------------------------------------------------------+
[ 243m]    INFO Search: | Perf.   | 0.00e+00                                                                                                   |
[ 243m]    INFO Search: +---------+------------------------------------------------------------------------------------------------------------+
[ 243m]    INFO Search: | Child   | ('__PARA__L0', '15,2')<-('__PARA__L1', '15,2')<-('__PARA__L2', '')<-('__PARA__L3', '9,2')<-('__PARA__L4',  |
[ 243m]    INFO Search: |         | '')<-('__PARA__L5', '6,1')<-('__PIPE__L0', '')<-('__PIPE__L1', '1')<-('__PIPE__L2', '')<-('__PIPE__L3',    |
[ 243m]    INFO Search: |         | '1')                                                                                                       |
[ 243m]    INFO Search: +---------+------------------------------------------------------------------------------------------------------------+
[ 243m]    INFO Search: | Tuned   |                                                                                                            |
[ 243m]    INFO Search: +---------+------------------------------------------------------------------------------------------------------------+
[ 243m]    INFO Search: Working batch: __PIPE__L3
[ 243m]    INFO Search: Evaluating 1 poitns
[ 243m]    INFO Search: Received results from evaluator
[ 243m]    INFO Search: Results
[ 243m]    INFO Search: +--------------------+---------+----------+--------------------+-------------+-------+
[ 243m]    INFO Search: |        Tag         | Quality |  Perf.   | BRAM, DSP, LUT, FF |   Status    | Valid |
[ 243m]    INFO Search: +====================+=========+==========+====================+=============+=======+
[ 243m]    INFO Search: | __PIPE__L3-flatten | -inf    | 0.00e+00 | 0.0, 0.0, 0.0, 0.0 | UNAVAILABLE | False |
[ 243m]    INFO Search: +--------------------+---------+----------+--------------------+-------------+-------+
[ 243m]    INFO Search: -> No quality, abandon
[ 243m]    INFO Search: Run out of batches of parameter __PIPE__L3
[ 243m]    INFO Search: === ITERATION 8 ===
[ 243m]    INFO Search: Tree Level 0
[ 243m]    INFO Search: Working Node:
[ 243m]    INFO Search: +---------+------------------------------------------------------------------------------------------------------------+
[ 243m]    INFO Search: | Point   | __PARA__L0-1.__PARA__L1-1.__PARA__L2-1.__PARA__L3-1.__PARA__L4-1.__PARA__L5-1.__PIPE__L0-                  |
[ 243m]    INFO Search: |         | flatten.__PIPE__L1-off.__PIPE__L2-off.__PIPE__L3-off.__TILE__L0-1.__TILE__L1-1.__TILE__L2-1.__TILE__L3-1   |
[ 243m]    INFO Search: +---------+------------------------------------------------------------------------------------------------------------+
[ 243m]    INFO Search: | Quality | 0.00e+00                                                                                                   |
[ 243m]    INFO Search: +---------+------------------------------------------------------------------------------------------------------------+
[ 243m]    INFO Search: | Perf.   | 0.00e+00                                                                                                   |
[ 243m]    INFO Search: +---------+------------------------------------------------------------------------------------------------------------+
[ 243m]    INFO Search: | Child   | ('__PARA__L0', '15,2')<-('__PARA__L1', '15,2')<-('__PARA__L2', '')<-('__PARA__L3', '9,2')<-('__PARA__L4',  |
[ 243m]    INFO Search: |         | '')<-('__PARA__L5', '6,1')<-('__PIPE__L0', '')<-('__PIPE__L1', '1')<-('__PIPE__L2', '')                    |
[ 243m]    INFO Search: +---------+------------------------------------------------------------------------------------------------------------+
[ 243m]    INFO Search: | Tuned   |                                                                                                            |
[ 243m]    INFO Search: +---------+------------------------------------------------------------------------------------------------------------+
[ 243m]    INFO Search: No batch to be worked
[ 243m]    INFO Search: Run out of batches of parameter __PIPE__L2
[ 243m]    INFO Search: === ITERATION 9 ===
[ 243m]    INFO Search: Tree Level 0
[ 243m]    INFO Search: Working Node:
[ 243m]    INFO Search: +---------+------------------------------------------------------------------------------------------------------------+
[ 243m]    INFO Search: | Point   | __PARA__L0-1.__PARA__L1-1.__PARA__L2-1.__PARA__L3-1.__PARA__L4-1.__PARA__L5-1.__PIPE__L0-                  |
[ 243m]    INFO Search: |         | flatten.__PIPE__L1-off.__PIPE__L2-off.__PIPE__L3-off.__TILE__L0-1.__TILE__L1-1.__TILE__L2-1.__TILE__L3-1   |
[ 243m]    INFO Search: +---------+------------------------------------------------------------------------------------------------------------+
[ 243m]    INFO Search: | Quality | 0.00e+00                                                                                                   |
[ 243m]    INFO Search: +---------+------------------------------------------------------------------------------------------------------------+
[ 243m]    INFO Search: | Perf.   | 0.00e+00                                                                                                   |
[ 243m]    INFO Search: +---------+------------------------------------------------------------------------------------------------------------+
[ 243m]    INFO Search: | Child   | ('__PARA__L0', '15,2')<-('__PARA__L1', '15,2')<-('__PARA__L2', '')<-('__PARA__L3', '9,2')<-('__PARA__L4',  |
[ 243m]    INFO Search: |         | '')<-('__PARA__L5', '6,1')<-('__PIPE__L0', '')<-('__PIPE__L1', '1')                                        |
[ 243m]    INFO Search: +---------+------------------------------------------------------------------------------------------------------------+
[ 243m]    INFO Search: | Tuned   |                                                                                                            |
[ 243m]    INFO Search: +---------+------------------------------------------------------------------------------------------------------------+
[ 243m]    INFO Search: Working batch: __PIPE__L1
[ 243m]    INFO Search: Evaluating 1 poitns
[ 245m]    INFO Search: Received results from evaluator
[ 245m]    INFO Search: Results
[ 245m]    INFO Search: +-------------+---------+----------+--------------------+--------------+-------+
[ 245m]    INFO Search: |     Tag     | Quality |  Perf.   | BRAM, DSP, LUT, FF |    Status    | Valid |
[ 245m]    INFO Search: +=============+=========+==========+====================+==============+=======+
[ 245m]    INFO Search: | __PIPE__L1- | -inf    | 0.00e+00 | 0.0, 0.0, 0.0, 0.0 | EARLY_REJECT | False |
[ 245m]    INFO Search: +-------------+---------+----------+--------------------+--------------+-------+
[ 245m]    INFO Search: -> No quality, abandon
[ 245m]    INFO Search: Run out of batches of parameter __PIPE__L1
[ 245m]    INFO Search: === ITERATION 10 ===
[ 245m]    INFO Search: Tree Level 0
[ 245m]    INFO Search: Working Node:
[ 245m]    INFO Search: +---------+------------------------------------------------------------------------------------------------------------+
[ 245m]    INFO Search: | Point   | __PARA__L0-1.__PARA__L1-1.__PARA__L2-1.__PARA__L3-1.__PARA__L4-1.__PARA__L5-1.__PIPE__L0-                  |
[ 245m]    INFO Search: |         | flatten.__PIPE__L1-off.__PIPE__L2-off.__PIPE__L3-off.__TILE__L0-1.__TILE__L1-1.__TILE__L2-1.__TILE__L3-1   |
[ 245m]    INFO Search: +---------+------------------------------------------------------------------------------------------------------------+
[ 245m]    INFO Search: | Quality | 0.00e+00                                                                                                   |
[ 245m]    INFO Search: +---------+------------------------------------------------------------------------------------------------------------+
[ 245m]    INFO Search: | Perf.   | 0.00e+00                                                                                                   |
[ 245m]    INFO Search: +---------+------------------------------------------------------------------------------------------------------------+
[ 245m]    INFO Search: | Child   | ('__PARA__L0', '15,2')<-('__PARA__L1', '15,2')<-('__PARA__L2', '')<-('__PARA__L3', '9,2')<-('__PARA__L4',  |
[ 245m]    INFO Search: |         | '')<-('__PARA__L5', '6,1')<-('__PIPE__L0', '')                                                             |
[ 245m]    INFO Search: +---------+------------------------------------------------------------------------------------------------------------+
[ 245m]    INFO Search: | Tuned   |                                                                                                            |
[ 245m]    INFO Search: +---------+------------------------------------------------------------------------------------------------------------+
[ 245m]    INFO Search: No batch to be worked
[ 245m]    INFO Search: Run out of batches of parameter __PIPE__L0
[ 245m]    INFO Search: === ITERATION 11 ===
[ 245m]    INFO Search: Tree Level 0
[ 245m]    INFO Search: Working Node:
[ 245m]    INFO Search: +---------+------------------------------------------------------------------------------------------------------------+
[ 245m]    INFO Search: | Point   | __PARA__L0-1.__PARA__L1-1.__PARA__L2-1.__PARA__L3-1.__PARA__L4-1.__PARA__L5-1.__PIPE__L0-                  |
[ 245m]    INFO Search: |         | flatten.__PIPE__L1-off.__PIPE__L2-off.__PIPE__L3-off.__TILE__L0-1.__TILE__L1-1.__TILE__L2-1.__TILE__L3-1   |
[ 245m]    INFO Search: +---------+------------------------------------------------------------------------------------------------------------+
[ 245m]    INFO Search: | Quality | 0.00e+00                                                                                                   |
[ 245m]    INFO Search: +---------+------------------------------------------------------------------------------------------------------------+
[ 245m]    INFO Search: | Perf.   | 0.00e+00                                                                                                   |
[ 245m]    INFO Search: +---------+------------------------------------------------------------------------------------------------------------+
[ 245m]    INFO Search: | Child   | ('__PARA__L0', '15,2')<-('__PARA__L1', '15,2')<-('__PARA__L2', '')<-('__PARA__L3', '9,2')<-('__PARA__L4',  |
[ 245m]    INFO Search: |         | '')<-('__PARA__L5', '6,1')                                                                                 |
[ 245m]    INFO Search: +---------+------------------------------------------------------------------------------------------------------------+
[ 245m]    INFO Search: | Tuned   |                                                                                                            |
[ 245m]    INFO Search: +---------+------------------------------------------------------------------------------------------------------------+
[ 245m]    INFO Search: Working batch: __PARA__L5
[ 245m]    INFO Search: Evaluating 1 poitns
[ 263m]    INFO Search: Received results from evaluator
[ 263m]    INFO Search: Results
[ 263m]    INFO Search: +--------------+---------+----------+--------------------+-------------+-------+
[ 263m]    INFO Search: |     Tag      | Quality |  Perf.   | BRAM, DSP, LUT, FF |   Status    | Valid |
[ 263m]    INFO Search: +==============+=========+==========+====================+=============+=======+
[ 263m]    INFO Search: | __PARA__L5-2 | -inf    | 0.00e+00 | 0.0, 0.0, 0.0, 0.0 | UNAVAILABLE | False |
[ 263m]    INFO Search: +--------------+---------+----------+--------------------+-------------+-------+
[ 263m]    INFO Search: -> No quality, abandon
[ 263m]    INFO Search: === ITERATION 12 ===
[ 263m]    INFO Search: Tree Level 0
[ 263m]    INFO Search: Working Node:
[ 263m]    INFO Search: +---------+------------------------------------------------------------------------------------------------------------+
[ 263m]    INFO Search: | Point   | __PARA__L0-1.__PARA__L1-1.__PARA__L2-1.__PARA__L3-1.__PARA__L4-1.__PARA__L5-1.__PIPE__L0-                  |
[ 263m]    INFO Search: |         | flatten.__PIPE__L1-off.__PIPE__L2-off.__PIPE__L3-off.__TILE__L0-1.__TILE__L1-1.__TILE__L2-1.__TILE__L3-1   |
[ 263m]    INFO Search: +---------+------------------------------------------------------------------------------------------------------------+
[ 263m]    INFO Search: | Quality | 0.00e+00                                                                                                   |
[ 263m]    INFO Search: +---------+------------------------------------------------------------------------------------------------------------+
[ 263m]    INFO Search: | Perf.   | 0.00e+00                                                                                                   |
[ 263m]    INFO Search: +---------+------------------------------------------------------------------------------------------------------------+
[ 263m]    INFO Search: | Child   | ('__PARA__L0', '15,2')<-('__PARA__L1', '15,2')<-('__PARA__L2', '')<-('__PARA__L3', '9,2')<-('__PARA__L4',  |
[ 263m]    INFO Search: |         | '')<-('__PARA__L5', '6')                                                                                   |
[ 263m]    INFO Search: +---------+------------------------------------------------------------------------------------------------------------+
[ 263m]    INFO Search: | Tuned   |                                                                                                            |
[ 263m]    INFO Search: +---------+------------------------------------------------------------------------------------------------------------+
[ 263m]    INFO Search: Working batch: __PARA__L5
[ 263m]    INFO Search: Evaluating 6 poitns
[ 316m]    INFO Search: Received results from evaluator
[ 316m]    INFO Search: Results
[ 316m]    INFO Search: +--------------+---------+----------+--------------------+-------------+-------+
[ 316m]    INFO Search: |     Tag      | Quality |  Perf.   | BRAM, DSP, LUT, FF |   Status    | Valid |
[ 316m]    INFO Search: +==============+=========+==========+====================+=============+=======+
[ 316m]    INFO Search: | __PARA__L5-5 | -inf    | 0.00e+00 | 0.0, 0.0, 0.0, 0.0 | UNAVAILABLE | False |
[ 316m]    INFO Search: +--------------+---------+----------+--------------------+-------------+-------+
[ 316m]    INFO Search: -> No quality, abandon
[ 316m]    INFO Search: +---------------+---------+----------+--------------------+-------------+-------+
[ 316m]    INFO Search: |      Tag      | Quality |  Perf.   | BRAM, DSP, LUT, FF |   Status    | Valid |
[ 316m]    INFO Search: +===============+=========+==========+====================+=============+=======+
[ 316m]    INFO Search: | __PARA__L5-10 | -inf    | 0.00e+00 | 0.0, 0.0, 0.0, 0.0 | UNAVAILABLE | False |
[ 316m]    INFO Search: +---------------+---------+----------+--------------------+-------------+-------+
[ 316m]    INFO Search: -> No quality, abandon
[ 316m]    INFO Search: +---------------+---------+----------+--------------------+-------------+-------+
[ 316m]    INFO Search: |      Tag      | Quality |  Perf.   | BRAM, DSP, LUT, FF |   Status    | Valid |
[ 316m]    INFO Search: +===============+=========+==========+====================+=============+=======+
[ 316m]    INFO Search: | __PARA__L5-19 | -inf    | 0.00e+00 | 0.0, 0.0, 0.0, 0.0 | UNAVAILABLE | False |
[ 316m]    INFO Search: +---------------+---------+----------+--------------------+-------------+-------+
[ 316m]    INFO Search: -> No quality, abandon
[ 316m]    INFO Search: +---------------+---------+----------+--------------------+-------------+-------+
[ 316m]    INFO Search: |      Tag      | Quality |  Perf.   | BRAM, DSP, LUT, FF |   Status    | Valid |
[ 316m]    INFO Search: +===============+=========+==========+====================+=============+=======+
[ 316m]    INFO Search: | __PARA__L5-38 | -inf    | 0.00e+00 | 0.0, 0.0, 0.0, 0.0 | UNAVAILABLE | False |
[ 316m]    INFO Search: +---------------+---------+----------+--------------------+-------------+-------+
[ 316m]    INFO Search: -> No quality, abandon
[ 316m]    INFO Search: +---------------+---------+----------+--------------------+-------------+-------+
[ 316m]    INFO Search: |      Tag      | Quality |  Perf.   | BRAM, DSP, LUT, FF |   Status    | Valid |
[ 316m]    INFO Search: +===============+=========+==========+====================+=============+=======+
[ 316m]    INFO Search: | __PARA__L5-95 | -inf    | 0.00e+00 | 0.0, 0.0, 0.0, 0.0 | UNAVAILABLE | False |
[ 316m]    INFO Search: +---------------+---------+----------+--------------------+-------------+-------+
[ 316m]    INFO Search: -> No quality, abandon
[ 316m]    INFO Search: +----------------+---------+----------+--------------------+-------------+-------+
[ 316m]    INFO Search: |      Tag       | Quality |  Perf.   | BRAM, DSP, LUT, FF |   Status    | Valid |
[ 316m]    INFO Search: +================+=========+==========+====================+=============+=======+
[ 316m]    INFO Search: | __PARA__L5-190 | -inf    | 0.00e+00 | 0.0, 0.0, 0.0, 0.0 | UNAVAILABLE | False |
[ 316m]    INFO Search: +----------------+---------+----------+--------------------+-------------+-------+
[ 316m]    INFO Search: -> No quality, abandon
[ 316m]    INFO Search: Run out of batches of parameter __PARA__L5
[ 316m]    INFO Search: === ITERATION 13 ===
[ 316m]    INFO Search: Tree Level 0
[ 316m]    INFO Search: Working Node:
[ 316m]    INFO Search: +---------+------------------------------------------------------------------------------------------------------------+
[ 316m]    INFO Search: | Point   | __PARA__L0-1.__PARA__L1-1.__PARA__L2-1.__PARA__L3-1.__PARA__L4-1.__PARA__L5-1.__PIPE__L0-                  |
[ 316m]    INFO Search: |         | flatten.__PIPE__L1-off.__PIPE__L2-off.__PIPE__L3-off.__TILE__L0-1.__TILE__L1-1.__TILE__L2-1.__TILE__L3-1   |
[ 316m]    INFO Search: +---------+------------------------------------------------------------------------------------------------------------+
[ 316m]    INFO Search: | Quality | 0.00e+00                                                                                                   |
[ 316m]    INFO Search: +---------+------------------------------------------------------------------------------------------------------------+
[ 316m]    INFO Search: | Perf.   | 0.00e+00                                                                                                   |
[ 316m]    INFO Search: +---------+------------------------------------------------------------------------------------------------------------+
[ 316m]    INFO Search: | Child   | ('__PARA__L0', '15,2')<-('__PARA__L1', '15,2')<-('__PARA__L2', '')<-('__PARA__L3', '9,2')<-('__PARA__L4',  |
[ 316m]    INFO Search: |         | '')                                                                                                        |
[ 316m]    INFO Search: +---------+------------------------------------------------------------------------------------------------------------+
[ 316m]    INFO Search: | Tuned   |                                                                                                            |
[ 316m]    INFO Search: +---------+------------------------------------------------------------------------------------------------------------+
[ 316m]    INFO Search: No batch to be worked
[ 316m]    INFO Search: Run out of batches of parameter __PARA__L4
[ 316m]    INFO Search: === ITERATION 14 ===
[ 316m]    INFO Search: Tree Level 0
[ 316m]    INFO Search: Working Node:
[ 316m]    INFO Search: +---------+------------------------------------------------------------------------------------------------------------+
[ 316m]    INFO Search: | Point   | __PARA__L0-1.__PARA__L1-1.__PARA__L2-1.__PARA__L3-1.__PARA__L4-1.__PARA__L5-1.__PIPE__L0-                  |
[ 316m]    INFO Search: |         | flatten.__PIPE__L1-off.__PIPE__L2-off.__PIPE__L3-off.__TILE__L0-1.__TILE__L1-1.__TILE__L2-1.__TILE__L3-1   |
[ 316m]    INFO Search: +---------+------------------------------------------------------------------------------------------------------------+
[ 316m]    INFO Search: | Quality | 0.00e+00                                                                                                   |
[ 316m]    INFO Search: +---------+------------------------------------------------------------------------------------------------------------+
[ 316m]    INFO Search: | Perf.   | 0.00e+00                                                                                                   |
[ 316m]    INFO Search: +---------+------------------------------------------------------------------------------------------------------------+
[ 316m]    INFO Search: | Child   | ('__PARA__L0', '15,2')<-('__PARA__L1', '15,2')<-('__PARA__L2', '')<-('__PARA__L3', '9,2')                  |
[ 316m]    INFO Search: +---------+------------------------------------------------------------------------------------------------------------+
[ 316m]    INFO Search: | Tuned   |                                                                                                            |
[ 316m]    INFO Search: +---------+------------------------------------------------------------------------------------------------------------+
[ 316m]    INFO Search: Working batch: __PARA__L3
[ 316m]    INFO Search: Evaluating 2 poitns
[ 318m]    INFO Search: Received results from evaluator
[ 318m]    INFO Search: Results
[ 318m]    INFO Search: +--------------+---------+----------+--------------------+--------------+-------+
[ 318m]    INFO Search: |     Tag      | Quality |  Perf.   | BRAM, DSP, LUT, FF |    Status    | Valid |
[ 318m]    INFO Search: +==============+=========+==========+====================+==============+=======+
[ 318m]    INFO Search: | __PARA__L3-2 | -inf    | 0.00e+00 | 0.0, 0.0, 0.0, 0.0 | EARLY_REJECT | False |
[ 318m]    INFO Search: +--------------+---------+----------+--------------------+--------------+-------+
[ 318m]    INFO Search: -> No quality, abandon
[ 318m]    INFO Search: +--------------+---------+----------+--------------------+--------------+-------+
[ 318m]    INFO Search: |     Tag      | Quality |  Perf.   | BRAM, DSP, LUT, FF |    Status    | Valid |
[ 318m]    INFO Search: +==============+=========+==========+====================+==============+=======+
[ 318m]    INFO Search: | __PARA__L3-4 | -inf    | 0.00e+00 | 0.0, 0.0, 0.0, 0.0 | EARLY_REJECT | False |
[ 318m]    INFO Search: +--------------+---------+----------+--------------------+--------------+-------+
[ 318m]    INFO Search: -> No quality, abandon
[ 318m]    INFO Search: === ITERATION 15 ===
[ 318m]    INFO Search: Tree Level 0
[ 318m]    INFO Search: Working Node:
[ 318m]    INFO Search: +---------+------------------------------------------------------------------------------------------------------------+
[ 318m]    INFO Search: | Point   | __PARA__L0-1.__PARA__L1-1.__PARA__L2-1.__PARA__L3-1.__PARA__L4-1.__PARA__L5-1.__PIPE__L0-                  |
[ 318m]    INFO Search: |         | flatten.__PIPE__L1-off.__PIPE__L2-off.__PIPE__L3-off.__TILE__L0-1.__TILE__L1-1.__TILE__L2-1.__TILE__L3-1   |
[ 318m]    INFO Search: +---------+------------------------------------------------------------------------------------------------------------+
[ 318m]    INFO Search: | Quality | 0.00e+00                                                                                                   |
[ 318m]    INFO Search: +---------+------------------------------------------------------------------------------------------------------------+
[ 318m]    INFO Search: | Perf.   | 0.00e+00                                                                                                   |
[ 318m]    INFO Search: +---------+------------------------------------------------------------------------------------------------------------+
[ 318m]    INFO Search: | Child   | ('__PARA__L0', '15,2')<-('__PARA__L1', '15,2')<-('__PARA__L2', '')<-('__PARA__L3', '9')                    |
[ 318m]    INFO Search: +---------+------------------------------------------------------------------------------------------------------------+
[ 318m]    INFO Search: | Tuned   |                                                                                                            |
[ 318m]    INFO Search: +---------+------------------------------------------------------------------------------------------------------------+
[ 318m]    INFO Search: Working batch: __PARA__L3
[ 318m]    INFO Search: Evaluating 9 poitns
[ 341m]    INFO Search: Received results from evaluator
[ 341m]    INFO Search: Results
[ 341m]    INFO Search: +--------------+---------+----------+--------------------+--------------+-------+
[ 341m]    INFO Search: |     Tag      | Quality |  Perf.   | BRAM, DSP, LUT, FF |    Status    | Valid |
[ 341m]    INFO Search: +==============+=========+==========+====================+==============+=======+
[ 341m]    INFO Search: | __PARA__L3-5 | -inf    | 0.00e+00 | 0.0, 0.0, 0.0, 0.0 | EARLY_REJECT | False |
[ 341m]    INFO Search: +--------------+---------+----------+--------------------+--------------+-------+
[ 341m]    INFO Search: -> No quality, abandon
[ 341m]    INFO Search: +---------------+---------+----------+--------------------+--------------+-------+
[ 341m]    INFO Search: |      Tag      | Quality |  Perf.   | BRAM, DSP, LUT, FF |    Status    | Valid |
[ 341m]    INFO Search: +===============+=========+==========+====================+==============+=======+
[ 341m]    INFO Search: | __PARA__L3-10 | -inf    | 0.00e+00 | 0.0, 0.0, 0.0, 0.0 | EARLY_REJECT | False |
[ 341m]    INFO Search: +---------------+---------+----------+--------------------+--------------+-------+
[ 341m]    INFO Search: -> No quality, abandon
[ 341m]    INFO Search: +---------------+---------+----------+--------------------+--------------+-------+
[ 341m]    INFO Search: |      Tag      | Quality |  Perf.   | BRAM, DSP, LUT, FF |    Status    | Valid |
[ 341m]    INFO Search: +===============+=========+==========+====================+==============+=======+
[ 341m]    INFO Search: | __PARA__L3-11 | -inf    | 0.00e+00 | 0.0, 0.0, 0.0, 0.0 | EARLY_REJECT | False |
[ 341m]    INFO Search: +---------------+---------+----------+--------------------+--------------+-------+
[ 341m]    INFO Search: -> No quality, abandon
[ 341m]    INFO Search: +---------------+---------+----------+--------------------+--------------+-------+
[ 341m]    INFO Search: |      Tag      | Quality |  Perf.   | BRAM, DSP, LUT, FF |    Status    | Valid |
[ 341m]    INFO Search: +===============+=========+==========+====================+==============+=======+
[ 341m]    INFO Search: | __PARA__L3-20 | -inf    | 0.00e+00 | 0.0, 0.0, 0.0, 0.0 | EARLY_REJECT | False |
[ 341m]    INFO Search: +---------------+---------+----------+--------------------+--------------+-------+
[ 341m]    INFO Search: -> No quality, abandon
[ 341m]    INFO Search: +---------------+---------+----------+--------------------+--------------+-------+
[ 341m]    INFO Search: |      Tag      | Quality |  Perf.   | BRAM, DSP, LUT, FF |    Status    | Valid |
[ 341m]    INFO Search: +===============+=========+==========+====================+==============+=======+
[ 341m]    INFO Search: | __PARA__L3-22 | -inf    | 0.00e+00 | 0.0, 0.0, 0.0, 0.0 | EARLY_REJECT | False |
[ 341m]    INFO Search: +---------------+---------+----------+--------------------+--------------+-------+
[ 341m]    INFO Search: -> No quality, abandon
[ 341m]    INFO Search: +---------------+---------+----------+--------------------+--------------+-------+
[ 341m]    INFO Search: |      Tag      | Quality |  Perf.   | BRAM, DSP, LUT, FF |    Status    | Valid |
[ 341m]    INFO Search: +===============+=========+==========+====================+==============+=======+
[ 341m]    INFO Search: | __PARA__L3-44 | -inf    | 0.00e+00 | 0.0, 0.0, 0.0, 0.0 | EARLY_REJECT | False |
[ 341m]    INFO Search: +---------------+---------+----------+--------------------+--------------+-------+
[ 341m]    INFO Search: -> No quality, abandon
[ 341m]    INFO Search: +---------------+---------+----------+--------------------+--------------+-------+
[ 341m]    INFO Search: |      Tag      | Quality |  Perf.   | BRAM, DSP, LUT, FF |    Status    | Valid |
[ 341m]    INFO Search: +===============+=========+==========+====================+==============+=======+
[ 341m]    INFO Search: | __PARA__L3-55 | -inf    | 0.00e+00 | 0.0, 0.0, 0.0, 0.0 | EARLY_REJECT | False |
[ 341m]    INFO Search: +---------------+---------+----------+--------------------+--------------+-------+
[ 341m]    INFO Search: -> No quality, abandon
[ 341m]    INFO Search: +----------------+---------+----------+--------------------+--------------+-------+
[ 341m]    INFO Search: |      Tag       | Quality |  Perf.   | BRAM, DSP, LUT, FF |    Status    | Valid |
[ 341m]    INFO Search: +================+=========+==========+====================+==============+=======+
[ 341m]    INFO Search: | __PARA__L3-110 | -inf    | 0.00e+00 | 0.0, 0.0, 0.0, 0.0 | EARLY_REJECT | False |
[ 341m]    INFO Search: +----------------+---------+----------+--------------------+--------------+-------+
[ 341m]    INFO Search: -> No quality, abandon
[ 341m]    INFO Search: +----------------+---------+----------+--------------------+-------------+-------+
[ 341m]    INFO Search: |      Tag       | Quality |  Perf.   | BRAM, DSP, LUT, FF |   Status    | Valid |
[ 341m]    INFO Search: +================+=========+==========+====================+=============+=======+
[ 341m]    INFO Search: | __PARA__L3-220 | -inf    | 0.00e+00 | 0.0, 0.0, 0.0, 0.0 | UNAVAILABLE | False |
[ 341m]    INFO Search: +----------------+---------+----------+--------------------+-------------+-------+
[ 341m]    INFO Search: -> No quality, abandon
[ 341m]    INFO Search: Run out of batches of parameter __PARA__L3
[ 341m]    INFO Search: === ITERATION 16 ===
[ 341m]    INFO Search: Tree Level 0
[ 341m]    INFO Search: Working Node:
[ 341m]    INFO Search: +---------+------------------------------------------------------------------------------------------------------------+
[ 341m]    INFO Search: | Point   | __PARA__L0-1.__PARA__L1-1.__PARA__L2-1.__PARA__L3-1.__PARA__L4-1.__PARA__L5-1.__PIPE__L0-                  |
[ 341m]    INFO Search: |         | flatten.__PIPE__L1-off.__PIPE__L2-off.__PIPE__L3-off.__TILE__L0-1.__TILE__L1-1.__TILE__L2-1.__TILE__L3-1   |
[ 341m]    INFO Search: +---------+------------------------------------------------------------------------------------------------------------+
[ 341m]    INFO Search: | Quality | 0.00e+00                                                                                                   |
[ 341m]    INFO Search: +---------+------------------------------------------------------------------------------------------------------------+
[ 341m]    INFO Search: | Perf.   | 0.00e+00                                                                                                   |
[ 341m]    INFO Search: +---------+------------------------------------------------------------------------------------------------------------+
[ 341m]    INFO Search: | Child   | ('__PARA__L0', '15,2')<-('__PARA__L1', '15,2')<-('__PARA__L2', '')                                         |
[ 341m]    INFO Search: +---------+------------------------------------------------------------------------------------------------------------+
[ 341m]    INFO Search: | Tuned   |                                                                                                            |
[ 341m]    INFO Search: +---------+------------------------------------------------------------------------------------------------------------+
[ 341m]    INFO Search: No batch to be worked
[ 341m]    INFO Search: Run out of batches of parameter __PARA__L2
[ 341m]    INFO Search: === ITERATION 17 ===
[ 341m]    INFO Search: Tree Level 0
[ 341m]    INFO Search: Working Node:
[ 341m]    INFO Search: +---------+------------------------------------------------------------------------------------------------------------+
[ 341m]    INFO Search: | Point   | __PARA__L0-1.__PARA__L1-1.__PARA__L2-1.__PARA__L3-1.__PARA__L4-1.__PARA__L5-1.__PIPE__L0-                  |
[ 341m]    INFO Search: |         | flatten.__PIPE__L1-off.__PIPE__L2-off.__PIPE__L3-off.__TILE__L0-1.__TILE__L1-1.__TILE__L2-1.__TILE__L3-1   |
[ 341m]    INFO Search: +---------+------------------------------------------------------------------------------------------------------------+
[ 341m]    INFO Search: | Quality | 0.00e+00                                                                                                   |
[ 341m]    INFO Search: +---------+------------------------------------------------------------------------------------------------------------+
[ 341m]    INFO Search: | Perf.   | 0.00e+00                                                                                                   |
[ 341m]    INFO Search: +---------+------------------------------------------------------------------------------------------------------------+
[ 341m]    INFO Search: | Child   | ('__PARA__L0', '15,2')<-('__PARA__L1', '15,2')                                                             |
[ 341m]    INFO Search: +---------+------------------------------------------------------------------------------------------------------------+
[ 341m]    INFO Search: | Tuned   |                                                                                                            |
[ 341m]    INFO Search: +---------+------------------------------------------------------------------------------------------------------------+
[ 341m]    INFO Search: Working batch: __PARA__L1
[ 341m]    INFO Search: Evaluating 2 poitns
[ 343m]    INFO Search: Received results from evaluator
[ 343m]    INFO Search: Results
[ 343m]    INFO Search: +--------------+---------+----------+--------------------+--------------+-------+
[ 343m]    INFO Search: |     Tag      | Quality |  Perf.   | BRAM, DSP, LUT, FF |    Status    | Valid |
[ 343m]    INFO Search: +==============+=========+==========+====================+==============+=======+
[ 343m]    INFO Search: | __PARA__L1-2 | -inf    | 0.00e+00 | 0.0, 0.0, 0.0, 0.0 | EARLY_REJECT | False |
[ 343m]    INFO Search: +--------------+---------+----------+--------------------+--------------+-------+
[ 343m]    INFO Search: -> No quality, abandon
[ 343m]    INFO Search: +--------------+---------+----------+--------------------+--------------+-------+
[ 343m]    INFO Search: |     Tag      | Quality |  Perf.   | BRAM, DSP, LUT, FF |    Status    | Valid |
[ 343m]    INFO Search: +==============+=========+==========+====================+==============+=======+
[ 343m]    INFO Search: | __PARA__L1-4 | -inf    | 0.00e+00 | 0.0, 0.0, 0.0, 0.0 | EARLY_REJECT | False |
[ 343m]    INFO Search: +--------------+---------+----------+--------------------+--------------+-------+
[ 343m]    INFO Search: -> No quality, abandon
[ 343m]    INFO Search: === ITERATION 18 ===
[ 343m]    INFO Search: Tree Level 0
[ 343m]    INFO Search: Working Node:
[ 343m]    INFO Search: +---------+------------------------------------------------------------------------------------------------------------+
[ 343m]    INFO Search: | Point   | __PARA__L0-1.__PARA__L1-1.__PARA__L2-1.__PARA__L3-1.__PARA__L4-1.__PARA__L5-1.__PIPE__L0-                  |
[ 343m]    INFO Search: |         | flatten.__PIPE__L1-off.__PIPE__L2-off.__PIPE__L3-off.__TILE__L0-1.__TILE__L1-1.__TILE__L2-1.__TILE__L3-1   |
[ 343m]    INFO Search: +---------+------------------------------------------------------------------------------------------------------------+
[ 343m]    INFO Search: | Quality | 0.00e+00                                                                                                   |
[ 343m]    INFO Search: +---------+------------------------------------------------------------------------------------------------------------+
[ 343m]    INFO Search: | Perf.   | 0.00e+00                                                                                                   |
[ 343m]    INFO Search: +---------+------------------------------------------------------------------------------------------------------------+
[ 343m]    INFO Search: | Child   | ('__PARA__L0', '15,2')<-('__PARA__L1', '15')                                                               |
[ 343m]    INFO Search: +---------+------------------------------------------------------------------------------------------------------------+
[ 343m]    INFO Search: | Tuned   |                                                                                                            |
[ 343m]    INFO Search: +---------+------------------------------------------------------------------------------------------------------------+
[ 343m]    INFO Search: Working batch: __PARA__L1
[ 343m]    INFO Search: Evaluating 15 poitns
[ 371m]    INFO Search: Received results from evaluator
[ 371m]    INFO Search: Results
[ 371m]    INFO Search: +--------------+---------+----------+--------------------+--------------+-------+
[ 371m]    INFO Search: |     Tag      | Quality |  Perf.   | BRAM, DSP, LUT, FF |    Status    | Valid |
[ 371m]    INFO Search: +==============+=========+==========+====================+==============+=======+
[ 371m]    INFO Search: | __PARA__L1-3 | -inf    | 0.00e+00 | 0.0, 0.0, 0.0, 0.0 | EARLY_REJECT | False |
[ 371m]    INFO Search: +--------------+---------+----------+--------------------+--------------+-------+
[ 371m]    INFO Search: -> No quality, abandon
[ 371m]    INFO Search: +--------------+---------+----------+--------------------+--------------+-------+
[ 371m]    INFO Search: |     Tag      | Quality |  Perf.   | BRAM, DSP, LUT, FF |    Status    | Valid |
[ 371m]    INFO Search: +==============+=========+==========+====================+==============+=======+
[ 371m]    INFO Search: | __PARA__L1-5 | -inf    | 0.00e+00 | 0.0, 0.0, 0.0, 0.0 | EARLY_REJECT | False |
[ 371m]    INFO Search: +--------------+---------+----------+--------------------+--------------+-------+
[ 371m]    INFO Search: -> No quality, abandon
[ 371m]    INFO Search: +--------------+---------+----------+--------------------+--------------+-------+
[ 371m]    INFO Search: |     Tag      | Quality |  Perf.   | BRAM, DSP, LUT, FF |    Status    | Valid |
[ 371m]    INFO Search: +==============+=========+==========+====================+==============+=======+
[ 371m]    INFO Search: | __PARA__L1-6 | -inf    | 0.00e+00 | 0.0, 0.0, 0.0, 0.0 | EARLY_REJECT | False |
[ 371m]    INFO Search: +--------------+---------+----------+--------------------+--------------+-------+
[ 371m]    INFO Search: -> No quality, abandon
[ 371m]    INFO Search: +--------------+---------+----------+--------------------+--------------+-------+
[ 371m]    INFO Search: |     Tag      | Quality |  Perf.   | BRAM, DSP, LUT, FF |    Status    | Valid |
[ 371m]    INFO Search: +==============+=========+==========+====================+==============+=======+
[ 371m]    INFO Search: | __PARA__L1-9 | -inf    | 0.00e+00 | 0.0, 0.0, 0.0, 0.0 | EARLY_REJECT | False |
[ 371m]    INFO Search: +--------------+---------+----------+--------------------+--------------+-------+
[ 371m]    INFO Search: -> No quality, abandon
[ 371m]    INFO Search: +---------------+---------+----------+--------------------+--------------+-------+
[ 371m]    INFO Search: |      Tag      | Quality |  Perf.   | BRAM, DSP, LUT, FF |    Status    | Valid |
[ 371m]    INFO Search: +===============+=========+==========+====================+==============+=======+
[ 371m]    INFO Search: | __PARA__L1-10 | -inf    | 0.00e+00 | 0.0, 0.0, 0.0, 0.0 | EARLY_REJECT | False |
[ 371m]    INFO Search: +---------------+---------+----------+--------------------+--------------+-------+
[ 371m]    INFO Search: -> No quality, abandon
[ 371m]    INFO Search: +---------------+---------+----------+--------------------+--------------+-------+
[ 371m]    INFO Search: |      Tag      | Quality |  Perf.   | BRAM, DSP, LUT, FF |    Status    | Valid |
[ 371m]    INFO Search: +===============+=========+==========+====================+==============+=======+
[ 371m]    INFO Search: | __PARA__L1-12 | -inf    | 0.00e+00 | 0.0, 0.0, 0.0, 0.0 | EARLY_REJECT | False |
[ 371m]    INFO Search: +---------------+---------+----------+--------------------+--------------+-------+
[ 371m]    INFO Search: -> No quality, abandon
[ 371m]    INFO Search: +---------------+---------+----------+--------------------+--------------+-------+
[ 371m]    INFO Search: |      Tag      | Quality |  Perf.   | BRAM, DSP, LUT, FF |    Status    | Valid |
[ 371m]    INFO Search: +===============+=========+==========+====================+==============+=======+
[ 371m]    INFO Search: | __PARA__L1-15 | -inf    | 0.00e+00 | 0.0, 0.0, 0.0, 0.0 | EARLY_REJECT | False |
[ 371m]    INFO Search: +---------------+---------+----------+--------------------+--------------+-------+
[ 371m]    INFO Search: -> No quality, abandon
[ 371m]    INFO Search: +---------------+---------+----------+--------------------+--------------+-------+
[ 371m]    INFO Search: |      Tag      | Quality |  Perf.   | BRAM, DSP, LUT, FF |    Status    | Valid |
[ 371m]    INFO Search: +===============+=========+==========+====================+==============+=======+
[ 371m]    INFO Search: | __PARA__L1-18 | -inf    | 0.00e+00 | 0.0, 0.0, 0.0, 0.0 | EARLY_REJECT | False |
[ 371m]    INFO Search: +---------------+---------+----------+--------------------+--------------+-------+
[ 371m]    INFO Search: -> No quality, abandon
[ 371m]    INFO Search: +---------------+---------+----------+--------------------+--------------+-------+
[ 371m]    INFO Search: |      Tag      | Quality |  Perf.   | BRAM, DSP, LUT, FF |    Status    | Valid |
[ 371m]    INFO Search: +===============+=========+==========+====================+==============+=======+
[ 371m]    INFO Search: | __PARA__L1-20 | -inf    | 0.00e+00 | 0.0, 0.0, 0.0, 0.0 | EARLY_REJECT | False |
[ 371m]    INFO Search: +---------------+---------+----------+--------------------+--------------+-------+
[ 371m]    INFO Search: -> No quality, abandon
[ 371m]    INFO Search: +---------------+---------+----------+--------------------+--------------+-------+
[ 371m]    INFO Search: |      Tag      | Quality |  Perf.   | BRAM, DSP, LUT, FF |    Status    | Valid |
[ 371m]    INFO Search: +===============+=========+==========+====================+==============+=======+
[ 371m]    INFO Search: | __PARA__L1-30 | -inf    | 0.00e+00 | 0.0, 0.0, 0.0, 0.0 | EARLY_REJECT | False |
[ 371m]    INFO Search: +---------------+---------+----------+--------------------+--------------+-------+
[ 371m]    INFO Search: -> No quality, abandon
[ 371m]    INFO Search: +---------------+---------+----------+--------------------+--------------+-------+
[ 371m]    INFO Search: |      Tag      | Quality |  Perf.   | BRAM, DSP, LUT, FF |    Status    | Valid |
[ 371m]    INFO Search: +===============+=========+==========+====================+==============+=======+
[ 371m]    INFO Search: | __PARA__L1-36 | -inf    | 0.00e+00 | 0.0, 0.0, 0.0, 0.0 | EARLY_REJECT | False |
[ 371m]    INFO Search: +---------------+---------+----------+--------------------+--------------+-------+
[ 371m]    INFO Search: -> No quality, abandon
[ 371m]    INFO Search: +---------------+---------+----------+--------------------+--------------+-------+
[ 371m]    INFO Search: |      Tag      | Quality |  Perf.   | BRAM, DSP, LUT, FF |    Status    | Valid |
[ 371m]    INFO Search: +===============+=========+==========+====================+==============+=======+
[ 371m]    INFO Search: | __PARA__L1-45 | -inf    | 0.00e+00 | 0.0, 0.0, 0.0, 0.0 | EARLY_REJECT | False |
[ 371m]    INFO Search: +---------------+---------+----------+--------------------+--------------+-------+
[ 371m]    INFO Search: -> No quality, abandon
[ 371m]    INFO Search: +---------------+---------+----------+--------------------+--------------+-------+
[ 371m]    INFO Search: |      Tag      | Quality |  Perf.   | BRAM, DSP, LUT, FF |    Status    | Valid |
[ 371m]    INFO Search: +===============+=========+==========+====================+==============+=======+
[ 371m]    INFO Search: | __PARA__L1-60 | -inf    | 0.00e+00 | 0.0, 0.0, 0.0, 0.0 | EARLY_REJECT | False |
[ 371m]    INFO Search: +---------------+---------+----------+--------------------+--------------+-------+
[ 371m]    INFO Search: -> No quality, abandon
[ 371m]    INFO Search: +---------------+---------+----------+--------------------+--------------+-------+
[ 371m]    INFO Search: |      Tag      | Quality |  Perf.   | BRAM, DSP, LUT, FF |    Status    | Valid |
[ 371m]    INFO Search: +===============+=========+==========+====================+==============+=======+
[ 371m]    INFO Search: | __PARA__L1-90 | -inf    | 0.00e+00 | 0.0, 0.0, 0.0, 0.0 | EARLY_REJECT | False |
[ 371m]    INFO Search: +---------------+---------+----------+--------------------+--------------+-------+
[ 371m]    INFO Search: -> No quality, abandon
[ 371m]    INFO Search: +----------------+---------+----------+--------------------+-------------+-------+
[ 371m]    INFO Search: |      Tag       | Quality |  Perf.   | BRAM, DSP, LUT, FF |   Status    | Valid |
[ 371m]    INFO Search: +================+=========+==========+====================+=============+=======+
[ 371m]    INFO Search: | __PARA__L1-180 | -inf    | 0.00e+00 | 0.0, 0.0, 0.0, 0.0 | UNAVAILABLE | False |
[ 371m]    INFO Search: +----------------+---------+----------+--------------------+-------------+-------+
[ 371m]    INFO Search: -> No quality, abandon
[ 371m]    INFO Search: Run out of batches of parameter __PARA__L1
[ 371m]    INFO Search: === ITERATION 19 ===
[ 371m]    INFO Search: Tree Level 0
[ 371m]    INFO Search: Working Node:
[ 371m]    INFO Search: +---------+------------------------------------------------------------------------------------------------------------+
[ 371m]    INFO Search: | Point   | __PARA__L0-1.__PARA__L1-1.__PARA__L2-1.__PARA__L3-1.__PARA__L4-1.__PARA__L5-1.__PIPE__L0-                  |
[ 371m]    INFO Search: |         | flatten.__PIPE__L1-off.__PIPE__L2-off.__PIPE__L3-off.__TILE__L0-1.__TILE__L1-1.__TILE__L2-1.__TILE__L3-1   |
[ 371m]    INFO Search: +---------+------------------------------------------------------------------------------------------------------------+
[ 371m]    INFO Search: | Quality | 0.00e+00                                                                                                   |
[ 371m]    INFO Search: +---------+------------------------------------------------------------------------------------------------------------+
[ 371m]    INFO Search: | Perf.   | 0.00e+00                                                                                                   |
[ 371m]    INFO Search: +---------+------------------------------------------------------------------------------------------------------------+
[ 371m]    INFO Search: | Child   | ('__PARA__L0', '15,2')                                                                                     |
[ 371m]    INFO Search: +---------+------------------------------------------------------------------------------------------------------------+
[ 371m]    INFO Search: | Tuned   |                                                                                                            |
[ 371m]    INFO Search: +---------+------------------------------------------------------------------------------------------------------------+
[ 371m]    INFO Search: Working batch: __PARA__L0
[ 371m]    INFO Search: Evaluating 2 poitns
[ 461m]    INFO Search: Received results from evaluator
[ 461m]    INFO Search: Results
[ 461m]    INFO Search: +--------------+---------+----------+--------------------+-------------+-------+
[ 461m]    INFO Search: |     Tag      | Quality |  Perf.   | BRAM, DSP, LUT, FF |   Status    | Valid |
[ 461m]    INFO Search: +==============+=========+==========+====================+=============+=======+
[ 461m]    INFO Search: | __PARA__L0-2 | -inf    | 0.00e+00 | 0.0, 0.0, 0.0, 0.0 | UNAVAILABLE | False |
[ 461m]    INFO Search: +--------------+---------+----------+--------------------+-------------+-------+
[ 461m]    INFO Search: -> No quality, abandon
[ 461m]    INFO Search: +--------------+---------+----------+--------------------+-------------+-------+
[ 461m]    INFO Search: |     Tag      | Quality |  Perf.   | BRAM, DSP, LUT, FF |   Status    | Valid |
[ 461m]    INFO Search: +==============+=========+==========+====================+=============+=======+
[ 461m]    INFO Search: | __PARA__L0-4 | -inf    | 0.00e+00 | 0.0, 0.0, 0.0, 0.0 | UNAVAILABLE | False |
[ 461m]    INFO Search: +--------------+---------+----------+--------------------+-------------+-------+
[ 461m]    INFO Search: -> No quality, abandon
[ 461m]    INFO Search: === ITERATION 20 ===
[ 461m]    INFO Search: Tree Level 0
[ 461m]    INFO Search: Working Node:
[ 461m]    INFO Search: +---------+------------------------------------------------------------------------------------------------------------+
[ 461m]    INFO Search: | Point   | __PARA__L0-1.__PARA__L1-1.__PARA__L2-1.__PARA__L3-1.__PARA__L4-1.__PARA__L5-1.__PIPE__L0-                  |
[ 461m]    INFO Search: |         | flatten.__PIPE__L1-off.__PIPE__L2-off.__PIPE__L3-off.__TILE__L0-1.__TILE__L1-1.__TILE__L2-1.__TILE__L3-1   |
[ 461m]    INFO Search: +---------+------------------------------------------------------------------------------------------------------------+
[ 461m]    INFO Search: | Quality | 0.00e+00                                                                                                   |
[ 461m]    INFO Search: +---------+------------------------------------------------------------------------------------------------------------+
[ 461m]    INFO Search: | Perf.   | 0.00e+00                                                                                                   |
[ 461m]    INFO Search: +---------+------------------------------------------------------------------------------------------------------------+
[ 461m]    INFO Search: | Child   | ('__PARA__L0', '15')                                                                                       |
[ 461m]    INFO Search: +---------+------------------------------------------------------------------------------------------------------------+
[ 461m]    INFO Search: | Tuned   |                                                                                                            |
[ 461m]    INFO Search: +---------+------------------------------------------------------------------------------------------------------------+
[ 461m]    INFO Search: Working batch: __PARA__L0
[ 461m]    INFO Search: Evaluating 15 poitns
