================================================================
== Design Size Report
================================================================

* Total Instructions per Compilation Phase
+---------------+-----------------------------+--------------+----------------------------------------------------------------------------------------+
| Phase         | Step                        | Instructions | Description                                                                            |
+---------------+-----------------------------+--------------+----------------------------------------------------------------------------------------+
| Compile/Link  |                             |  9,641       | After all functions are compiled and linked into a single design                       |
|               |                             |              |                                                                                        |
| Unroll/Inline |                             |              | After user unroll and inline pragmas are applied                                       |
|               | (1) unroll                  |  2,750       | user unroll pragmas are applied                                                        |
|               | (2) simplification          |  1,992       | simplification of applied user unroll pragmas                                          |
|               | (3) inline                  |  1,898       | user inline pragmas are applied                                                        |
|               | (4) simplification          |  1,860       | simplification of applied user inline pragmas                                          |
|               |                             |              |                                                                                        |
| Array/Struct  |                             |              | After user array partition and struct aggregate/disaggregate pragmas are applied       |
|               | (1) array partition         | 35,754       | user array partition pragmas are applied                                               |
|               | (2) simplification          |  6,065       | simplification of applied user array partition & struct aggregate/disaggregate pragmas |
|               | (3) aggregate/disaggregate  |  6,065       | user struct aggregate/disaggregate pragmas are applied                                 |
|               | (4) array reshape           |  6,065       | apply array reshape pragmas                                                            |
|               | (5) access patterns         |  5,822       | array access pattern optmizations                                                      |
|               |                             |              |                                                                                        |
| Performance   |                             |              | After transformations are applied to meet performance pragma targets                   |
|               | (1) loop simplification     |  5,820       | loop and instruction simplification                                                    |
|               | (2) parallelization         |  5,820       | loops are unrolled or pipelined to meet performance targets                            |
|               | (3) array partition         |  5,820       | arrays are partitioned to meet performance targets                                     |
|               | (4) simplification          |  5,820       | simplification of design after performance transformations                             |
|               |                             |              |                                                                                        |
| HW Transforms |                             |              | After hardware transfomations                                                          |
|               | (1) lowering                |  5,838       | initial conversion to HW specific instructions                                         |
|               | (2) optimizations           |  5,874       | high level synthesis optimizations                                                     |
+---------------+-----------------------------+--------------+----------------------------------------------------------------------------------------+

* Instructions per Function for each Compilation Phase
+------------------------------------+-------------------------+-----------------+---------------+--------------+-------------+---------------+
| Function                           | Location                | Compile/Link    | Unroll/Inline | Array/Struct | Performance | HW Transforms |
+------------------------------------+-------------------------+-----------------+---------------+--------------+-------------+---------------+
| + kernel_nlp                       | output.cpp:29           | 9,641           | 1,860         | 5,822        | 5,820       | 5,874         |
|    memcpy_wide_bus_read_float_5... | mars_wide_bus.h:3385    | 4,566 (3 calls) |               |              |             |               |
|    memcpy_wide_bus_read_float_3... | mars_wide_bus_3d.h:1648 | 1,132 (2 calls) |               |              |             |               |
|    memcpy_wide_bus_read_float_2... | mars_wide_bus_2d.h:1326 |  422            |               |              |             |               |
|    memcpy_wide_bus_write_float_... | mars_wide_bus.h:3621    | 3,374 (2 calls) |               |              |             |               |
+------------------------------------+-------------------------+-----------------+---------------+--------------+-------------+---------------+

* Design Size Message Settings
+---------------------------------------------+--------+------------------------------------------------------------------+
| Message Setting                             | Value  | Description                                                      |
+---------------------------------------------+--------+------------------------------------------------------------------+
| config_compile -design_size_maximum_warning | 100000 | Show a warning when total design instructions exceeds this value |
+---------------------------------------------+--------+------------------------------------------------------------------+


