

====================================================================================
Summary
====================================================================================

Date: 2024-04-19 16:06:35
Target Device: /opt/xilinx/platforms/xilinx_u200_gen3x16_xdma_2_202110_1/xilinx_u200_gen3x16_xdma_2_202110_1.xpfm
Target Frequency: 250MHz
Estimated Frequency: 250MHz
+------------------------------+--------------+------------+------------+--------+----------+-------+------+
|            Kernel            |    Cycles    |    LUT     |     FF     |  BRAM  |   DSP    | URAM  |Detail|
+------------------------------+--------------+------------+------------+--------+----------+-------+------+
|kernel_gemm (bert_100_768.c:3)|20058 (0.08ms)|406544 (34%)|569633 (24%)|346 (8%)|4000 (58%)|0 (~0%)|-     |
+------------------------------+--------------+------------+------------+--------+----------+-------+------+


====================================================================================
Interface
====================================================================================

+--------------------+-----------+-----------+----+------------------+
|     Interface      |SW Bitwidth|HW Bitwidth|Type|      Detail      |
+--------------------+-----------+-----------+----+------------------+
|C (bert_100_768.c:3)|         32|        512| R/W|cached & coalesced|
|A (bert_100_768.c:3)|         32|        128|  RO|cached & coalesced|
|B (bert_100_768.c:3)|         32|        512|  RO|cached & coalesced|
+--------------------+-----------+-----------+----+------------------+


====================================================================================
Performance Estimate (TC: Trip Count, AC: Accumulated Cycles, CPC: Cycles Per Call)
====================================================================================

+--------------------------------------+---+--------------+-----+-----------------------------+
|              Hierarchy               |TC |      AC      | CPC |           Detail            |
+--------------------------------------+---+--------------+-----+-----------------------------+
|kernel_gemm (bert_100_768.c:3)        |   |20058 (100.0%)|20058|-                            |
|    auto memory burst for 'A'(read)   |   | 2500 ( 12.5%)| 2500|cache size=40000B            |
|    auto memory burst for 'C'(read)   |   | 4800 ( 23.9%)| 4800|cache size=307200B           |
|    auto memory burst for 'B'(read)   |   | 4800 ( 23.9%)| 4800|cache size=307200B           |
|    loop i (bert_100_768.c:14)        |100|10305 ( 51.4%)|10305|pipeline II=1                |
|        loop j (bert_100_768.c:21)    |768|             -|    -|flattened, parallel factor=8x|
|            loop k (bert_100_768.c:25)|100|             -|    -|parallel factor=100x         |
|    auto memory burst for 'C'(write)  |   | 4800 ( 23.9%)| 4800|cache size=307200B           |
+--------------------------------------+---+--------------+-----+-----------------------------+


====================================================================================
Resource Estimate
====================================================================================

+--------------------------------------+------------+------------+--------+----------+-------+------+
|              Hierarchy               |    LUT     |     FF     |  BRAM  |   DSP    | URAM  |Detail|
+--------------------------------------+------------+------------+--------+----------+-------+------+
|kernel_gemm (bert_100_768.c:3)        |406544 (34%)|569633 (24%)|346 (8%)|4000 (58%)|0 (~0%)|-     |
|    auto memory burst for 'A'(read)   |           -|           -|       -|         -|      -|-     |
|    auto memory burst for 'C'(read)   |           -|           -|       -|         -|      -|-     |
|    auto memory burst for 'B'(read)   |           -|           -|       -|         -|      -|-     |
|    loop i (bert_100_768.c:14)        |           -|           -|       -|         -|      -|-     |
|        loop j (bert_100_768.c:21)    |           -|           -|       -|         -|      -|-     |
|            loop k (bert_100_768.c:25)|           -|           -|       -|         -|      -|-     |
|    auto memory burst for 'C'(write)  |           -|           -|       -|         -|      -|-     |
+--------------------------------------+------------+------------+--------+----------+-------+------+
