[   2m]    INFO Search: Computation order (high to low): ['PARALLEL', 'PIPELINE']
[   2m]    INFO Search: Communication order (high to low): ['INTERFACE', 'CACHE', 'PIPELINE', 'TILE', 'TILING']
[   2m]    INFO Search: Launch gradient search algorithm
[  10m]    INFO Search: Focus parameters (high order goes to tail): ['__TILE__L0', '__TILE__L3', '__TILE__L1', '__PARA__L2', '__PIPE__L0', '__PARA__L0', '__PIPE__L3', '__PARA__L3', '__PARA__L6', '__PIPE__L1', '__PARA__L1', '__PARA__L5']
[  10m]    INFO Search: === ITERATION 1 ===
[  10m]    INFO Search: Tree Level 0
[  10m]    INFO Search: Working Node:
[  10m]    INFO Search: +---------+------------------------------------------------------------------------------------------------------------+
[  10m]    INFO Search: | Point   | __PARA__L0-1.__PARA__L1-1.__PARA__L2-1.__PARA__L3-1.__PARA__L4-1.__PARA__L5-1.__PARA__L6-1.__PIPE__L0-     |
[  10m]    INFO Search: |         | flatten.__PIPE__L1-off.__PIPE__L3-off.__TILE__L0-1.__TILE__L1-1.__TILE__L3-1                               |
[  10m]    INFO Search: +---------+------------------------------------------------------------------------------------------------------------+
[  10m]    INFO Search: | Quality | 0.00e+00                                                                                                   |
[  10m]    INFO Search: +---------+------------------------------------------------------------------------------------------------------------+
[  10m]    INFO Search: | Perf.   | 1.95e+06                                                                                                   |
[  10m]    INFO Search: +---------+------------------------------------------------------------------------------------------------------------+
[  10m]    INFO Search: | Child   | ('__TILE__L0', '14')<-('__TILE__L3', '14')<-('__TILE__L1', '14')<-('__PARA__L2', '10,4')<-('__PIPE__L0',   |
[  10m]    INFO Search: |         | '')<-('__PARA__L0', '10,4')<-('__PIPE__L3', '1,1')<-('__PARA__L3', '10,4')<-('__PARA__L6',                 |
[  10m]    INFO Search: |         | '10,4')<-('__PIPE__L1', '1')<-('__PARA__L1', '10,4')<-('__PARA__L5', '10,4')<-('builtin', '1')             |
[  10m]    INFO Search: +---------+------------------------------------------------------------------------------------------------------------+
[  10m]    INFO Search: | Tuned   |                                                                                                            |
[  10m]    INFO Search: +---------+------------------------------------------------------------------------------------------------------------+
[  10m]    INFO Search: Working batch: builtin
[  10m]    INFO Search: Evaluating 1 poitns
[  21m]    INFO Search: Received results from evaluator
[  21m]    INFO Search: Results
[  21m]    INFO Search: +--------------------+----------+----------+--------------------+--------+-------+
[  21m]    INFO Search: |        Tag         | Quality  |  Perf.   | BRAM, DSP, LUT, FF | Status | Valid |
[  21m]    INFO Search: +====================+==========+==========+====================+========+=======+
[  21m]    INFO Search: | __PIPE__L3-flatten | 1.01e-06 | 9.91e+05 | 0.1, 0.6, 0.3, 0.3 | PASS   | True  |
[  21m]    INFO Search: +--------------------+----------+----------+--------------------+--------+-------+
[  21m]    INFO Search: -> Add to level 1 with 11 tunable parameters: ['__TILE__L0', '__TILE__L3', '__TILE__L1', '__PIPE__L0', '__PARA__L0', '__PIPE__L3', '__PARA__L3', '__PARA__L2', '__PIPE__L1', '__PARA__L1', '__PARA__L5']
[  21m]    INFO Search: Run out of batches of parameter builtin
[  21m]    INFO Search: === ITERATION 2 ===
[  21m]    INFO Search: Tree Level 1
[  21m]    INFO Search: Working Node:
[  21m]    INFO Search: +---------+------------------------------------------------------------------------------------------------------------+
[  21m]    INFO Search: | Point   | __PARA__L0-1.__PARA__L1-1.__PARA__L2-1.__PARA__L3-1.__PARA__L4-1.__PARA__L5-1.__PARA__L6-1.__PIPE__L0-     |
[  21m]    INFO Search: |         | flatten.__PIPE__L1-off.__PIPE__L3-flatten.__TILE__L0-1.__TILE__L1-1.__TILE__L3-1                           |
[  21m]    INFO Search: +---------+------------------------------------------------------------------------------------------------------------+
[  21m]    INFO Search: | Quality | 1.01e-06                                                                                                   |
[  21m]    INFO Search: +---------+------------------------------------------------------------------------------------------------------------+
[  21m]    INFO Search: | Perf.   | 9.91e+05                                                                                                   |
[  21m]    INFO Search: +---------+------------------------------------------------------------------------------------------------------------+
[  21m]    INFO Search: | Child   | ('__TILE__L0', '14')<-('__TILE__L3', '14')<-('__TILE__L1', '14')<-('__PIPE__L0', '')<-('__PARA__L0',       |
[  21m]    INFO Search: |         | '10,4')<-('__PIPE__L3', '')<-('__PARA__L3', '10,4')<-('__PARA__L2', '10,4')<-('__PIPE__L1',                |
[  21m]    INFO Search: |         | '1')<-('__PARA__L1', '10,4')<-('__PARA__L5', '10,4')                                                       |
[  21m]    INFO Search: +---------+------------------------------------------------------------------------------------------------------------+
[  21m]    INFO Search: | Tuned   |                                                                                                            |
[  21m]    INFO Search: +---------+------------------------------------------------------------------------------------------------------------+
[  21m]    INFO Search: Working batch: __PARA__L5
[  21m]    INFO Search: Evaluating 4 poitns
[ 170m]    INFO Search: Received results from evaluator
[ 170m]    INFO Search: Results
[ 170m]    INFO Search: +--------------+----------+----------+--------------------+--------+-------+
[ 170m]    INFO Search: |     Tag      | Quality  |  Perf.   | BRAM, DSP, LUT, FF | Status | Valid |
[ 170m]    INFO Search: +==============+==========+==========+====================+========+=======+
[ 170m]    INFO Search: | __PARA__L5-2 | 1.95e-06 | 5.14e+05 | 0.1, 0.6, 0.3, 0.3 | PASS   | True  |
[ 170m]    INFO Search: +--------------+----------+----------+--------------------+--------+-------+
[ 170m]    INFO Search: -> Add to level 2 with 10 tunable parameters: ['__TILE__L0', '__TILE__L3', '__TILE__L1', '__PIPE__L0', '__PARA__L0', '__PIPE__L3', '__PARA__L3', '__PARA__L2', '__PIPE__L1', '__PARA__L1']
[ 170m]    INFO Search: +--------------+----------+----------+--------------------+--------+-------+
[ 170m]    INFO Search: |     Tag      | Quality  |  Perf.   | BRAM, DSP, LUT, FF | Status | Valid |
[ 170m]    INFO Search: +==============+==========+==========+====================+========+=======+
[ 170m]    INFO Search: | __PARA__L5-4 | 3.61e-06 | 2.77e+05 | 0.2, 0.6, 0.4, 0.3 | PASS   | True  |
[ 170m]    INFO Search: +--------------+----------+----------+--------------------+--------+-------+
[ 170m]    INFO Search: -> Add to level 2 with 10 tunable parameters: ['__TILE__L0', '__TILE__L3', '__TILE__L1', '__PIPE__L0', '__PARA__L0', '__PIPE__L3', '__PARA__L3', '__PARA__L2', '__PIPE__L1', '__PARA__L1']
[ 170m]    INFO Search: +--------------+----------+----------+--------------------+--------+-------+
[ 170m]    INFO Search: |     Tag      | Quality  |  Perf.   | BRAM, DSP, LUT, FF | Status | Valid |
[ 170m]    INFO Search: +==============+==========+==========+====================+========+=======+
[ 170m]    INFO Search: | __PARA__L5-8 | 6.19e-06 | 1.62e+05 | 0.1, 0.6, 0.6, 0.3 | PASS   | True  |
[ 170m]    INFO Search: +--------------+----------+----------+--------------------+--------+-------+
[ 170m]    INFO Search: -> Add to level 2 with 10 tunable parameters: ['__TILE__L0', '__TILE__L3', '__TILE__L1', '__PIPE__L0', '__PARA__L0', '__PIPE__L3', '__PARA__L3', '__PARA__L2', '__PIPE__L1', '__PARA__L1']
[ 170m]    INFO Search: +---------------+----------+----------+--------------------+--------+-------+
[ 170m]    INFO Search: |      Tag      | Quality  |  Perf.   | BRAM, DSP, LUT, FF | Status | Valid |
[ 170m]    INFO Search: +===============+==========+==========+====================+========+=======+
[ 170m]    INFO Search: | __PARA__L5-16 | 9.40e-06 | 1.06e+05 | 0.1, 0.6, 0.9, 0.4 | PASS   | True  |
[ 170m]    INFO Search: +---------------+----------+----------+--------------------+--------+-------+
[ 170m]    INFO Search: -> Add to level 2 with 10 tunable parameters: ['__TILE__L0', '__TILE__L3', '__TILE__L1', '__PIPE__L0', '__PARA__L0', '__PIPE__L3', '__PARA__L3', '__PARA__L2', '__PIPE__L1', '__PARA__L1']
[ 170m]    INFO Search: === ITERATION 3 ===
[ 170m]    INFO Search: Tree Level 2
[ 170m]    INFO Search: Working Node:
[ 170m]    INFO Search: +---------+------------------------------------------------------------------------------------------------------------+
[ 170m]    INFO Search: | Point   | __PARA__L0-1.__PARA__L1-1.__PARA__L2-1.__PARA__L3-1.__PARA__L4-1.__PARA__L5-16.__PARA__L6-1.__PIPE__L0-    |
[ 170m]    INFO Search: |         | flatten.__PIPE__L1-off.__PIPE__L3-flatten.__TILE__L0-1.__TILE__L1-1.__TILE__L3-1                           |
[ 170m]    INFO Search: +---------+------------------------------------------------------------------------------------------------------------+
[ 170m]    INFO Search: | Quality | 9.40e-06                                                                                                   |
[ 170m]    INFO Search: +---------+------------------------------------------------------------------------------------------------------------+
[ 170m]    INFO Search: | Perf.   | 1.06e+05                                                                                                   |
[ 170m]    INFO Search: +---------+------------------------------------------------------------------------------------------------------------+
[ 170m]    INFO Search: | Child   | ('__TILE__L0', '14')<-('__TILE__L3', '14')<-('__TILE__L1', '14')<-('__PIPE__L0', '')<-('__PARA__L0',       |
[ 170m]    INFO Search: |         | '10,4')<-('__PIPE__L3', '')<-('__PARA__L3', '10,4')<-('__PARA__L2', '10,4')<-('__PIPE__L1',                |
[ 170m]    INFO Search: |         | '1')<-('__PARA__L1', '10,4')                                                                               |
[ 170m]    INFO Search: +---------+------------------------------------------------------------------------------------------------------------+
[ 170m]    INFO Search: | Tuned   | __PARA__L5                                                                                                 |
[ 170m]    INFO Search: +---------+------------------------------------------------------------------------------------------------------------+
[ 170m]    INFO Search: Working batch: __PARA__L1
[ 170m]    INFO Search: Evaluating 4 poitns
[ 353m]    INFO Search: Received results from evaluator
[ 353m]    INFO Search: Results
[ 353m]    INFO Search: +--------------+---------+----------+--------------------+--------------+-------+
[ 353m]    INFO Search: |     Tag      | Quality |  Perf.   | BRAM, DSP, LUT, FF |    Status    | Valid |
[ 353m]    INFO Search: +==============+=========+==========+====================+==============+=======+
[ 353m]    INFO Search: | __PARA__L1-2 | -inf    | 0.00e+00 | 0.0, 0.0, 0.0, 0.0 | EARLY_REJECT | False |
[ 353m]    INFO Search: +--------------+---------+----------+--------------------+--------------+-------+
[ 353m]    INFO Search: -> No quality, abandon
[ 353m]    INFO Search: +--------------+---------+----------+--------------------+--------------+-------+
[ 353m]    INFO Search: |     Tag      | Quality |  Perf.   | BRAM, DSP, LUT, FF |    Status    | Valid |
[ 353m]    INFO Search: +==============+=========+==========+====================+==============+=======+
[ 353m]    INFO Search: | __PARA__L1-4 | -inf    | 0.00e+00 | 0.0, 0.0, 0.0, 0.0 | EARLY_REJECT | False |
[ 353m]    INFO Search: +--------------+---------+----------+--------------------+--------------+-------+
[ 353m]    INFO Search: -> No quality, abandon
[ 353m]    INFO Search: +--------------+---------+----------+--------------------+--------------+-------+
[ 353m]    INFO Search: |     Tag      | Quality |  Perf.   | BRAM, DSP, LUT, FF |    Status    | Valid |
[ 353m]    INFO Search: +==============+=========+==========+====================+==============+=======+
[ 353m]    INFO Search: | __PARA__L1-8 | -inf    | 0.00e+00 | 0.0, 0.0, 0.0, 0.0 | EARLY_REJECT | False |
[ 353m]    INFO Search: +--------------+---------+----------+--------------------+--------------+-------+
[ 353m]    INFO Search: -> No quality, abandon
[ 353m]    INFO Search: +---------------+---------+----------+--------------------+---------+-------+
[ 353m]    INFO Search: |      Tag      | Quality |  Perf.   | BRAM, DSP, LUT, FF | Status  | Valid |
[ 353m]    INFO Search: +===============+=========+==========+====================+=========+=======+
[ 353m]    INFO Search: | __PARA__L1-16 | -inf    | 0.00e+00 | 0.0, 0.0, 0.0, 0.0 | TIMEOUT | False |
[ 353m]    INFO Search: +---------------+---------+----------+--------------------+---------+-------+
[ 353m]    INFO Search: -> No quality, abandon
[ 353m]    INFO Search: === ITERATION 4 ===
[ 353m]    INFO Search: Tree Level 2
[ 353m]    INFO Search: Working Node:
[ 353m]    INFO Search: +---------+------------------------------------------------------------------------------------------------------------+
[ 353m]    INFO Search: | Point   | __PARA__L0-1.__PARA__L1-1.__PARA__L2-1.__PARA__L3-1.__PARA__L4-1.__PARA__L5-16.__PARA__L6-1.__PIPE__L0-    |
[ 353m]    INFO Search: |         | flatten.__PIPE__L1-off.__PIPE__L3-flatten.__TILE__L0-1.__TILE__L1-1.__TILE__L3-1                           |
[ 353m]    INFO Search: +---------+------------------------------------------------------------------------------------------------------------+
[ 353m]    INFO Search: | Quality | 9.40e-06                                                                                                   |
[ 353m]    INFO Search: +---------+------------------------------------------------------------------------------------------------------------+
[ 353m]    INFO Search: | Perf.   | 1.06e+05                                                                                                   |
[ 353m]    INFO Search: +---------+------------------------------------------------------------------------------------------------------------+
[ 353m]    INFO Search: | Child   | ('__TILE__L0', '14')<-('__TILE__L3', '14')<-('__TILE__L1', '14')<-('__PIPE__L0', '')<-('__PARA__L0',       |
[ 353m]    INFO Search: |         | '10,4')<-('__PIPE__L3', '')<-('__PARA__L3', '10,4')<-('__PARA__L2', '10,4')<-('__PIPE__L1',                |
[ 353m]    INFO Search: |         | '1')<-('__PARA__L1', '10')                                                                                 |
[ 353m]    INFO Search: +---------+------------------------------------------------------------------------------------------------------------+
[ 353m]    INFO Search: | Tuned   | __PARA__L5                                                                                                 |
[ 353m]    INFO Search: +---------+------------------------------------------------------------------------------------------------------------+
[ 353m]    INFO Search: Working batch: __PARA__L1
[ 353m]    INFO Search: Evaluating 10 poitns
[ 540m]    INFO Search: Received results from evaluator
[ 540m]    INFO Search: Results
[ 540m]    INFO Search: +--------------+---------+----------+--------------------+--------------+-------+
[ 540m]    INFO Search: |     Tag      | Quality |  Perf.   | BRAM, DSP, LUT, FF |    Status    | Valid |
[ 540m]    INFO Search: +==============+=========+==========+====================+==============+=======+
[ 540m]    INFO Search: | __PARA__L1-5 | -inf    | 0.00e+00 | 0.0, 0.0, 0.0, 0.0 | EARLY_REJECT | False |
[ 540m]    INFO Search: +--------------+---------+----------+--------------------+--------------+-------+
[ 540m]    INFO Search: -> No quality, abandon
[ 540m]    INFO Search: +---------------+---------+----------+--------------------+--------------+-------+
[ 540m]    INFO Search: |      Tag      | Quality |  Perf.   | BRAM, DSP, LUT, FF |    Status    | Valid |
[ 540m]    INFO Search: +===============+=========+==========+====================+==============+=======+
[ 540m]    INFO Search: | __PARA__L1-10 | -inf    | 0.00e+00 | 0.0, 0.0, 0.0, 0.0 | EARLY_REJECT | False |
[ 540m]    INFO Search: +---------------+---------+----------+--------------------+--------------+-------+
[ 540m]    INFO Search: -> No quality, abandon
[ 540m]    INFO Search: +---------------+---------+----------+--------------------+--------------+-------+
[ 540m]    INFO Search: |      Tag      | Quality |  Perf.   | BRAM, DSP, LUT, FF |    Status    | Valid |
[ 540m]    INFO Search: +===============+=========+==========+====================+==============+=======+
[ 540m]    INFO Search: | __PARA__L1-20 | -inf    | 0.00e+00 | 0.0, 0.0, 0.0, 0.0 | EARLY_REJECT | False |
[ 540m]    INFO Search: +---------------+---------+----------+--------------------+--------------+-------+
[ 540m]    INFO Search: -> No quality, abandon
[ 540m]    INFO Search: +---------------+---------+----------+--------------------+--------------+-------+
[ 540m]    INFO Search: |      Tag      | Quality |  Perf.   | BRAM, DSP, LUT, FF |    Status    | Valid |
[ 540m]    INFO Search: +===============+=========+==========+====================+==============+=======+
[ 540m]    INFO Search: | __PARA__L1-25 | -inf    | 0.00e+00 | 0.0, 0.0, 0.0, 0.0 | EARLY_REJECT | False |
[ 540m]    INFO Search: +---------------+---------+----------+--------------------+--------------+-------+
[ 540m]    INFO Search: -> No quality, abandon
[ 540m]    INFO Search: +---------------+---------+----------+--------------------+--------------+-------+
[ 540m]    INFO Search: |      Tag      | Quality |  Perf.   | BRAM, DSP, LUT, FF |    Status    | Valid |
[ 540m]    INFO Search: +===============+=========+==========+====================+==============+=======+
[ 540m]    INFO Search: | __PARA__L1-40 | -inf    | 0.00e+00 | 0.0, 0.0, 0.0, 0.0 | EARLY_REJECT | False |
[ 540m]    INFO Search: +---------------+---------+----------+--------------------+--------------+-------+
[ 540m]    INFO Search: -> No quality, abandon
[ 540m]    INFO Search: +---------------+---------+----------+--------------------+--------------+-------+
[ 540m]    INFO Search: |      Tag      | Quality |  Perf.   | BRAM, DSP, LUT, FF |    Status    | Valid |
[ 540m]    INFO Search: +===============+=========+==========+====================+==============+=======+
[ 540m]    INFO Search: | __PARA__L1-50 | -inf    | 0.00e+00 | 0.0, 0.0, 0.0, 0.0 | EARLY_REJECT | False |
[ 540m]    INFO Search: +---------------+---------+----------+--------------------+--------------+-------+
[ 540m]    INFO Search: -> No quality, abandon
[ 540m]    INFO Search: +----------------+---------+----------+--------------------+--------------+-------+
[ 540m]    INFO Search: |      Tag       | Quality |  Perf.   | BRAM, DSP, LUT, FF |    Status    | Valid |
[ 540m]    INFO Search: +================+=========+==========+====================+==============+=======+
[ 540m]    INFO Search: | __PARA__L1-100 | -inf    | 0.00e+00 | 0.0, 0.0, 0.0, 0.0 | EARLY_REJECT | False |
[ 540m]    INFO Search: +----------------+---------+----------+--------------------+--------------+-------+
[ 540m]    INFO Search: -> No quality, abandon
[ 540m]    INFO Search: +----------------+---------+----------+--------------------+--------------+-------+
[ 540m]    INFO Search: |      Tag       | Quality |  Perf.   | BRAM, DSP, LUT, FF |    Status    | Valid |
[ 540m]    INFO Search: +================+=========+==========+====================+==============+=======+
[ 540m]    INFO Search: | __PARA__L1-200 | -inf    | 0.00e+00 | 0.0, 0.0, 0.0, 0.0 | EARLY_REJECT | False |
[ 540m]    INFO Search: +----------------+---------+----------+--------------------+--------------+-------+
[ 540m]    INFO Search: -> No quality, abandon
[ 540m]    INFO Search: +---------------+---------+----------+--------------------+---------+-------+
[ 540m]    INFO Search: |      Tag      | Quality |  Perf.   | BRAM, DSP, LUT, FF | Status  | Valid |
[ 540m]    INFO Search: +===============+=========+==========+====================+=========+=======+
[ 540m]    INFO Search: | __PARA__L1-80 | -inf    | 0.00e+00 | 0.0, 0.0, 0.0, 0.0 | TIMEOUT | False |
[ 540m]    INFO Search: +---------------+---------+----------+--------------------+---------+-------+
[ 540m]    INFO Search: -> No quality, abandon
[ 540m]    INFO Search: +----------------+----------+----------+--------------------+--------+-------+
[ 540m]    INFO Search: |      Tag       | Quality  |  Perf.   | BRAM, DSP, LUT, FF | Status | Valid |
[ 540m]    INFO Search: +================+==========+==========+====================+========+=======+
[ 540m]    INFO Search: | __PARA__L1-400 | 9.59e-06 | 1.04e+05 | 0.1, 0.6, 0.9, 0.4 | PASS   | True  |
[ 540m]    INFO Search: +----------------+----------+----------+--------------------+--------+-------+
[ 540m]    INFO Search: -> Add to level 3 with 9 tunable parameters: ['__TILE__L0', '__TILE__L3', '__TILE__L1', '__PARA__L2', '__PIPE__L0', '__PARA__L0', '__PIPE__L3', '__PARA__L3', '__PIPE__L1']
[ 540m]    INFO Search: Run out of batches of parameter __PARA__L1
[ 540m]    INFO Search: === ITERATION 5 ===
[ 540m]    INFO Search: Tree Level 3
[ 540m]    INFO Search: Working Node:
[ 540m]    INFO Search: +---------+------------------------------------------------------------------------------------------------------------+
[ 540m]    INFO Search: | Point   | __PARA__L0-1.__PARA__L1-400.__PARA__L2-1.__PARA__L3-1.__PARA__L4-1.__PARA__L5-16.__PARA__L6-1.__PIPE__L0-  |
[ 540m]    INFO Search: |         | flatten.__PIPE__L1-off.__PIPE__L3-flatten.__TILE__L0-1.__TILE__L1-1.__TILE__L3-1                           |
[ 540m]    INFO Search: +---------+------------------------------------------------------------------------------------------------------------+
[ 540m]    INFO Search: | Quality | 9.59e-06                                                                                                   |
[ 540m]    INFO Search: +---------+------------------------------------------------------------------------------------------------------------+
[ 540m]    INFO Search: | Perf.   | 1.04e+05                                                                                                   |
[ 540m]    INFO Search: +---------+------------------------------------------------------------------------------------------------------------+
[ 540m]    INFO Search: | Child   | ('__TILE__L0', '14')<-('__TILE__L3', '14')<-('__TILE__L1', '14')<-('__PARA__L2', '10,4')<-('__PIPE__L0',   |
[ 540m]    INFO Search: |         | '')<-('__PARA__L0', '10,4')<-('__PIPE__L3', '')<-('__PARA__L3', '10,4')<-('__PIPE__L1', '1')               |
[ 540m]    INFO Search: +---------+------------------------------------------------------------------------------------------------------------+
[ 540m]    INFO Search: | Tuned   | __PARA__L1,__PARA__L5                                                                                      |
[ 540m]    INFO Search: +---------+------------------------------------------------------------------------------------------------------------+
[ 540m]    INFO Search: Working batch: __PIPE__L1
[ 540m]    INFO Search: Evaluating 1 poitns
[ 541m]    INFO Search: Received results from evaluator
[ 541m]    INFO Search: Results
[ 541m]    INFO Search: +-------------+---------+----------+--------------------+--------------+-------+
[ 541m]    INFO Search: |     Tag     | Quality |  Perf.   | BRAM, DSP, LUT, FF |    Status    | Valid |
[ 541m]    INFO Search: +=============+=========+==========+====================+==============+=======+
[ 541m]    INFO Search: | __PIPE__L1- | -inf    | 0.00e+00 | 0.0, 0.0, 0.0, 0.0 | EARLY_REJECT | False |
[ 541m]    INFO Search: +-------------+---------+----------+--------------------+--------------+-------+
[ 541m]    INFO Search: -> No quality, abandon
[ 541m]    INFO Search: Run out of batches of parameter __PIPE__L1
[ 541m]    INFO Search: === ITERATION 6 ===
[ 541m]    INFO Search: Tree Level 3
[ 541m]    INFO Search: Working Node:
[ 541m]    INFO Search: +---------+------------------------------------------------------------------------------------------------------------+
[ 541m]    INFO Search: | Point   | __PARA__L0-1.__PARA__L1-400.__PARA__L2-1.__PARA__L3-1.__PARA__L4-1.__PARA__L5-16.__PARA__L6-1.__PIPE__L0-  |
[ 541m]    INFO Search: |         | flatten.__PIPE__L1-off.__PIPE__L3-flatten.__TILE__L0-1.__TILE__L1-1.__TILE__L3-1                           |
[ 541m]    INFO Search: +---------+------------------------------------------------------------------------------------------------------------+
[ 541m]    INFO Search: | Quality | 9.59e-06                                                                                                   |
[ 541m]    INFO Search: +---------+------------------------------------------------------------------------------------------------------------+
[ 541m]    INFO Search: | Perf.   | 1.04e+05                                                                                                   |
[ 541m]    INFO Search: +---------+------------------------------------------------------------------------------------------------------------+
[ 541m]    INFO Search: | Child   | ('__TILE__L0', '14')<-('__TILE__L3', '14')<-('__TILE__L1', '14')<-('__PARA__L2', '10,4')<-('__PIPE__L0',   |
[ 541m]    INFO Search: |         | '')<-('__PARA__L0', '10,4')<-('__PIPE__L3', '')<-('__PARA__L3', '10,4')                                    |
[ 541m]    INFO Search: +---------+------------------------------------------------------------------------------------------------------------+
[ 541m]    INFO Search: | Tuned   | __PARA__L1,__PARA__L5                                                                                      |
[ 541m]    INFO Search: +---------+------------------------------------------------------------------------------------------------------------+
[ 541m]    INFO Search: Working batch: __PARA__L3
[ 541m]    INFO Search: Evaluating 4 poitns
[ 854m]    INFO Search: Received results from evaluator
[ 854m]    INFO Search: Results
[ 854m]    INFO Search: +--------------+----------+----------+--------------------+--------+-------+
[ 854m]    INFO Search: |     Tag      | Quality  |  Perf.   | BRAM, DSP, LUT, FF | Status | Valid |
[ 854m]    INFO Search: +==============+==========+==========+====================+========+=======+
[ 854m]    INFO Search: | __PARA__L3-2 | 9.61e-06 | 1.04e+05 | 0.1, 0.8, 0.9, 0.5 | PASS   | True  |
[ 854m]    INFO Search: +--------------+----------+----------+--------------------+--------+-------+
[ 854m]    INFO Search: -> Add to level 4 with 8 tunable parameters: ['__TILE__L3', '__TILE__L0', '__TILE__L1', '__PIPE__L3', '__PARA__L2', '__PIPE__L0', '__PARA__L0', '__PIPE__L1']
[ 854m]    INFO Search: +--------------+---------+----------+--------------------+-------------+-------+
[ 854m]    INFO Search: |     Tag      | Quality |  Perf.   | BRAM, DSP, LUT, FF |   Status    | Valid |
[ 854m]    INFO Search: +==============+=========+==========+====================+=============+=======+
[ 854m]    INFO Search: | __PARA__L3-4 | -inf    | 0.00e+00 | 0.0, 0.0, 0.0, 0.0 | UNAVAILABLE | False |
[ 854m]    INFO Search: +--------------+---------+----------+--------------------+-------------+-------+
[ 854m]    INFO Search: -> No quality, abandon
[ 854m]    INFO Search: +--------------+---------+----------+--------------------+--------+-------+
[ 854m]    INFO Search: |     Tag      | Quality |  Perf.   | BRAM, DSP, LUT, FF | Status | Valid |
[ 854m]    INFO Search: +==============+=========+==========+====================+========+=======+
[ 854m]    INFO Search: | __PARA__L3-8 | -inf    | 1.04e+05 | 0.1, 2.5, 1.6, 1.1 | PASS   | False |
[ 854m]    INFO Search: +--------------+---------+----------+--------------------+--------+-------+
[ 854m]    INFO Search: -> No quality, abandon
[ 854m]    INFO Search: +---------------+---------+----------+--------------------+---------+-------+
[ 854m]    INFO Search: |      Tag      | Quality |  Perf.   | BRAM, DSP, LUT, FF | Status  | Valid |
[ 854m]    INFO Search: +===============+=========+==========+====================+=========+=======+
[ 854m]    INFO Search: | __PARA__L3-16 | -inf    | 0.00e+00 | 0.0, 0.0, 0.0, 0.0 | TIMEOUT | False |
[ 854m]    INFO Search: +---------------+---------+----------+--------------------+---------+-------+
[ 854m]    INFO Search: -> No quality, abandon
[ 854m]    INFO Search: === ITERATION 7 ===
[ 854m]    INFO Search: Tree Level 4
[ 854m]    INFO Search: Working Node:
[ 854m]    INFO Search: +---------+------------------------------------------------------------------------------------------------------------+
[ 854m]    INFO Search: | Point   | __PARA__L0-1.__PARA__L1-400.__PARA__L2-1.__PARA__L3-2.__PARA__L4-1.__PARA__L5-16.__PARA__L6-1.__PIPE__L0-  |
[ 854m]    INFO Search: |         | flatten.__PIPE__L1-off.__PIPE__L3-flatten.__TILE__L0-1.__TILE__L1-1.__TILE__L3-1                           |
[ 854m]    INFO Search: +---------+------------------------------------------------------------------------------------------------------------+
[ 854m]    INFO Search: | Quality | 9.61e-06                                                                                                   |
[ 854m]    INFO Search: +---------+------------------------------------------------------------------------------------------------------------+
[ 854m]    INFO Search: | Perf.   | 1.04e+05                                                                                                   |
[ 854m]    INFO Search: +---------+------------------------------------------------------------------------------------------------------------+
[ 854m]    INFO Search: | Child   | ('__TILE__L3', '14')<-('__TILE__L0', '14')<-('__TILE__L1', '14')<-('__PIPE__L3', '')<-('__PARA__L2',       |
[ 854m]    INFO Search: |         | '10,4')<-('__PIPE__L0', '')<-('__PARA__L0', '10,4')<-('__PIPE__L1', '1')                                   |
[ 854m]    INFO Search: +---------+------------------------------------------------------------------------------------------------------------+
[ 854m]    INFO Search: | Tuned   | __PARA__L1,__PARA__L5,__PARA__L3                                                                           |
[ 854m]    INFO Search: +---------+------------------------------------------------------------------------------------------------------------+
[ 854m]    INFO Search: Working batch: __PIPE__L1
[ 854m]    INFO Search: Evaluating 1 poitns
[ 855m]    INFO Search: Received results from evaluator
[ 855m]    INFO Search: Results
[ 855m]    INFO Search: +-------------+---------+----------+--------------------+--------------+-------+
[ 855m]    INFO Search: |     Tag     | Quality |  Perf.   | BRAM, DSP, LUT, FF |    Status    | Valid |
[ 855m]    INFO Search: +=============+=========+==========+====================+==============+=======+
[ 855m]    INFO Search: | __PIPE__L1- | -inf    | 0.00e+00 | 0.0, 0.0, 0.0, 0.0 | EARLY_REJECT | False |
[ 855m]    INFO Search: +-------------+---------+----------+--------------------+--------------+-------+
[ 855m]    INFO Search: -> No quality, abandon
[ 855m]    INFO Search: Run out of batches of parameter __PIPE__L1
[ 855m]    INFO Search: === ITERATION 8 ===
[ 855m]    INFO Search: Tree Level 4
[ 855m]    INFO Search: Working Node:
[ 855m]    INFO Search: +---------+------------------------------------------------------------------------------------------------------------+
[ 855m]    INFO Search: | Point   | __PARA__L0-1.__PARA__L1-400.__PARA__L2-1.__PARA__L3-2.__PARA__L4-1.__PARA__L5-16.__PARA__L6-1.__PIPE__L0-  |
[ 855m]    INFO Search: |         | flatten.__PIPE__L1-off.__PIPE__L3-flatten.__TILE__L0-1.__TILE__L1-1.__TILE__L3-1                           |
[ 855m]    INFO Search: +---------+------------------------------------------------------------------------------------------------------------+
[ 855m]    INFO Search: | Quality | 9.61e-06                                                                                                   |
[ 855m]    INFO Search: +---------+------------------------------------------------------------------------------------------------------------+
[ 855m]    INFO Search: | Perf.   | 1.04e+05                                                                                                   |
[ 855m]    INFO Search: +---------+------------------------------------------------------------------------------------------------------------+
[ 855m]    INFO Search: | Child   | ('__TILE__L3', '14')<-('__TILE__L0', '14')<-('__TILE__L1', '14')<-('__PIPE__L3', '')<-('__PARA__L2',       |
[ 855m]    INFO Search: |         | '10,4')<-('__PIPE__L0', '')<-('__PARA__L0', '10,4')                                                        |
[ 855m]    INFO Search: +---------+------------------------------------------------------------------------------------------------------------+
[ 855m]    INFO Search: | Tuned   | __PARA__L1,__PARA__L5,__PARA__L3                                                                           |
[ 855m]    INFO Search: +---------+------------------------------------------------------------------------------------------------------------+
[ 855m]    INFO Search: Working batch: __PARA__L0
[ 855m]    INFO Search: Evaluating 4 poitns
