Copyright 1986-2022 Xilinx, Inc. All Rights Reserved. Copyright 2022-2023 Advanced Micro Devices, Inc. All Rights Reserved.
-------------------------------------------------------------------------------------------------------------------------------------------------------------------------------
| Tool Version : Vivado v.2023.2 (lin64) Build 4029153 Fri Oct 13 20:13:54 MDT 2023
| Date         : Mon Aug 19 21:51:55 2024
| Host         : amx2 running 64-bit Ubuntu 22.04.4 LTS
| Command      : report_accelerator_utilization -kernels { kernel_nlp:level0_i/ulp/kernel_nlp_1/inst:kernel_nlp_1} -file kernel_util_placed.rpt -name kernel_util_placed -json
| Design       : level0_wrapper
| Device       : xcu55c
| Design State : Fully Placed
-------------------------------------------------------------------------------------------------------------------------------------------------------------------------------

Accelerator Utilization Design Information

Table of Contents
-----------------
1. System Utilization

1. System Utilization
---------------------

+---------------------+-------------------+------------------+-------------------+----------------+---------------+----------------+
| Name                | LUT               | LUTAsMem         | REG               | BRAM           | URAM          | DSP            |
+---------------------+-------------------+------------------+-------------------+----------------+---------------+----------------+
| Platform            |  128402 [  9.85%] |  10154 [  1.69%] |  176696 [  6.78%] |  200 [  9.92%] |   0 [  0.00%] |    4 [  0.04%] |
| User Budget         | 1175278 [100.00%] | 590806 [100.00%] | 2430664 [100.00%] | 1816 [100.00%] | 960 [100.00%] | 9020 [100.00%] |
|    Used Resources   |  101830 [  8.66%] |   6516 [  1.10%] |  123379 [  5.08%] |  411 [ 22.63%] |   0 [  0.00%] |  980 [ 10.86%] |
|    Unused Resources | 1073448 [ 91.34%] | 584290 [ 98.90%] | 2307285 [ 94.92%] | 1405 [ 77.37%] | 960 [100.00%] | 8040 [ 89.14%] |
| kernel_nlp          |  101830 [  8.66%] |   6516 [  1.10%] |  123379 [  5.08%] |  411 [ 22.63%] |   0 [  0.00%] |  980 [ 10.86%] |
|    kernel_nlp_1     |  101830 [  8.66%] |   6516 [  1.10%] |  123379 [  5.08%] |  411 [ 22.63%] |   0 [  0.00%] |  980 [ 10.86%] |
+---------------------+-------------------+------------------+-------------------+----------------+---------------+----------------+


