Copyright 1986-2022 Xilinx, Inc. All Rights Reserved. Copyright 2022-2023 Advanced Micro Devices, Inc. All Rights Reserved.
---------------------------------------------------------------------------------------------------------------------------------------------
| Tool Version : Vivado v.2023.2 (lin64) Build 4029153 Fri Oct 13 20:13:54 MDT 2023
| Date         : Mon Aug 19 21:52:17 2024
| Host         : amx2 running 64-bit Ubuntu 22.04.4 LTS
| Command      : report_utilization -slr -file slr_util_placed.rpt -pb slr_util_placed.pb
| Design       : level0_wrapper
| Device       : xcu55c-fsvh2892-2L-e
| Speed File   : -2L
| Design State : Fully Placed
---------------------------------------------------------------------------------------------------------------------------------------------

Utilization Design Information

Table of Contents
-----------------
1. SLR Connectivity
2. SLR Connectivity Matrix
3. SLR CLB Logic and Dedicated Block Utilization
4. SLR IO Utilization

1. SLR Connectivity
-------------------

+----------------------------------+-------+-------+-----------+-------+
|                                  |  Used | Fixed | Available | Util% |
+----------------------------------+-------+-------+-----------+-------+
| SLR2 <-> SLR1                    |  5099 |       |     23040 | 22.13 |
|   SLR1 -> SLR2                   |  2590 |       |           | 11.24 |
|     Using TX_REG only            |     0 |     0 |           |       |
|     Using RX_REG only            |     0 |     0 |           |       |
|     Using Both TX_REG and RX_REG |     0 |     0 |           |       |
|   SLR2 -> SLR1                   |  2509 |       |           | 10.89 |
|     Using TX_REG only            |     0 |     0 |           |       |
|     Using RX_REG only            |     0 |     0 |           |       |
|     Using Both TX_REG and RX_REG |     0 |     0 |           |       |
| SLR1 <-> SLR0                    |  5329 |       |     23040 | 23.13 |
|   SLR0 -> SLR1                   |  2758 |       |           | 11.97 |
|     Using TX_REG only            |     0 |     0 |           |       |
|     Using RX_REG only            |     0 |     0 |           |       |
|     Using Both TX_REG and RX_REG |     0 |     0 |           |       |
|   SLR1 -> SLR0                   |  2571 |       |           | 11.16 |
|     Using TX_REG only            |     0 |     0 |           |       |
|     Using RX_REG only            |     0 |     0 |           |       |
|     Using Both TX_REG and RX_REG |     0 |     0 |           |       |
+----------------------------------+-------+-------+-----------+-------+
| Total SLLs Used                  | 10428 |       |           |       |
+----------------------------------+-------+-------+-----------+-------+


2. SLR Connectivity Matrix
--------------------------

+-----------+------+------+------+
| FROM \ TO | SLR2 | SLR1 | SLR0 |
+-----------+------+------+------+
| SLR2      |    0 | 2406 |  103 |
| SLR1      | 2526 |    0 | 2468 |
| SLR0      |   64 | 2694 |    0 |
+-----------+------+------+------+


3. SLR CLB Logic and Dedicated Block Utilization
------------------------------------------------

+----------------------------+--------+-------+-------+--------+--------+--------+
|          Site Type         |  SLR0  |  SLR1 |  SLR2 | SLR0 % | SLR1 % | SLR2 % |
+----------------------------+--------+-------+-------+--------+--------+--------+
| CLB                        |  35026 | 11698 |  6808 |  63.73 |  21.66 |  12.61 |
|   CLBL                     |  18142 |  6352 |  3561 |  61.96 |  21.69 |  12.16 |
|   CLBM                     |  16884 |  5346 |  3247 |  65.75 |  21.63 |  13.14 |
| CLB LUTs                   | 142287 | 62259 | 25686 |  32.36 |  14.41 |   5.95 |
|   LUT as Logic             | 130823 | 58574 | 24165 |  29.75 |  13.56 |   5.59 |
|     using O5 output only   |   1662 |   908 |   428 |   0.38 |   0.21 |   0.10 |
|     using O6 output only   |  91893 | 43805 | 17116 |  20.90 |  10.14 |   3.96 |
|     using O5 and O6        |  37268 | 13861 |  6621 |   8.48 |   3.21 |   1.53 |
|   LUT as Memory            |  11464 |  3685 |  1521 |   5.58 |   1.86 |   0.77 |
|     LUT as Distributed RAM |   7272 |  3532 |   820 |   3.54 |   1.79 |   0.41 |
|       using O5 output only |      0 |     0 |     0 |   0.00 |   0.00 |   0.00 |
|       using O6 output only |   4336 |   386 |     0 |   2.11 |   0.20 |   0.00 |
|       using O5 and O6      |   2936 |  3146 |   820 |   1.43 |   1.59 |   0.41 |
|     LUT as Shift Register  |   4192 |   153 |   701 |   2.04 |   0.08 |   0.35 |
|       using O5 output only |      0 |     0 |     0 |   0.00 |   0.00 |   0.00 |
|       using O6 output only |   3314 |    97 |   667 |   1.61 |   0.05 |   0.34 |
|       using O5 and O6      |    878 |    56 |    34 |   0.43 |   0.03 |   0.02 |
| CLB Registers              | 191380 | 73172 | 35523 |  21.76 |   8.47 |   4.11 |
| CARRY8                     |   3161 |   659 |   107 |   5.75 |   1.22 |   0.20 |
| F7 Muxes                   |   4810 |  1486 |   437 |   2.19 |   0.69 |   0.20 |
| F8 Muxes                   |    511 |   272 |     0 |   0.46 |   0.25 |   0.00 |
| F9 Muxes                   |      0 |     0 |     0 |   0.00 |   0.00 |   0.00 |
| Block RAM Tile             |    471 |    90 |    50 |  70.09 |  13.39 |   7.44 |
|   RAMB36/FIFO              |    315 |    90 |    50 |  46.88 |  13.39 |   7.44 |
|   RAMB18                   |    312 |     0 |     0 |  23.21 |   0.00 |   0.00 |
| URAM                       |      0 |     0 |     0 |   0.00 |   0.00 |   0.00 |
| DSPs                       |    980 |     0 |     4 |  34.03 |   0.00 |   0.13 |
| Unique Control Sets        |   3574 |  3412 |  1113 |   3.25 |   3.16 |   1.03 |
+----------------------------+--------+-------+-------+--------+--------+--------+
* Note: Available Control Sets based on CLB Registers / 8


4. SLR IO Utilization
---------------------

+-----------+-----------+---------+------------+----------+------------+----------+-----+
| SLR Index | Used IOBs | (%)IOBs | Used IPADs | (%)IPADs | Used OPADs | (%)OPADs | GTs |
+-----------+-----------+---------+------------+----------+------------+----------+-----+
| SLR2      |         0 |    0.00 |          0 |     0.00 |          0 |     0.00 |   0 |
| SLR1      |         0 |    0.00 |          0 |     0.00 |          0 |     0.00 |   0 |
| SLR0      |        12 |    5.77 |          0 |     0.00 |          0 |     0.00 |  16 |
+-----------+-----------+---------+------------+----------+------------+----------+-----+
| Total     |        12 |         |          0 |          |          0 |          |  16 |
+-----------+-----------+---------+------------+----------+------------+----------+-----+


