[   6m]    INFO Explorer: Found a better result at #0000: Quality 7.4e-09, Perf 1.3e+08
[  17m]    INFO Explorer: All points are stopped at level 1
[  28m]    INFO Explorer: All points are stopped at level 1
[  29m]    INFO Explorer: All points are stopped at level 1
[  32m]    INFO Explorer: All points are stopped at level 1
[  37m]    INFO Explorer: All points are stopped at level 1
[  38m]    INFO Explorer: All points are stopped at level 1
[  54m]    INFO Explorer: All points are stopped at level 1
[  57m]    INFO Explorer: All points are stopped at level 1
[  63m]    INFO Explorer: All points are stopped at level 1
[  64m]    INFO Explorer: All points are stopped at level 1
[  77m]    INFO Explorer: All points are stopped at level 1
[  87m]    INFO Explorer: All points are stopped at level 1
[  89m]    INFO Explorer: All points are stopped at level 1
[  90m]    INFO Explorer: All points are stopped at level 1
[  93m]    INFO Explorer: All points are stopped at level 1
[ 103m]    INFO Explorer: All points are stopped at level 1
[ 105m]    INFO Explorer: All points are stopped at level 1
[ 107m]    INFO Explorer: All points are stopped at level 1
[ 113m]    INFO Explorer: All points are stopped at level 1
[ 114m]    INFO Explorer: All points are stopped at level 1
[ 130m]    INFO Explorer: All points are stopped at level 1
[ 132m]    INFO Explorer: All points are stopped at level 1
[ 138m]    INFO Explorer: All points are stopped at level 1
[ 139m]    INFO Explorer: All points are stopped at level 1
[ 152m]    INFO Explorer: All points are stopped at level 1
[ 162m]    INFO Explorer: All points are stopped at level 1
[ 163m]    INFO Explorer: All points are stopped at level 1
[ 165m]    INFO Explorer: All points are stopped at level 1
[ 167m]    INFO Explorer: All points are stopped at level 1
[ 178m]    INFO Explorer: All points are stopped at level 1
[ 179m]    INFO Explorer: All points are stopped at level 1
[ 182m]    INFO Explorer: All points are stopped at level 1
[ 187m]    INFO Explorer: All points are stopped at level 1
[ 188m]    INFO Explorer: All points are stopped at level 1
[ 204m]    INFO Explorer: All points are stopped at level 1
[ 207m]    INFO Explorer: All points are stopped at level 1
[ 212m]    INFO Explorer: All points are stopped at level 1
[ 213m]    INFO Explorer: All points are stopped at level 1
[ 226m]    INFO Explorer: All points are stopped at level 1
[ 237m]    INFO Explorer: All points are stopped at level 1
[ 238m]    INFO Explorer: All points are stopped at level 1
[ 240m]    INFO Explorer: All points are stopped at level 1
[ 435m]    INFO Explorer: Found a better result at #0292: Quality 7.4e-09, Perf 1.3e+08
[ 438m]    INFO Explorer: All points are stopped at level 1
[ 449m]    INFO Explorer: All points are stopped at level 1
[ 450m]    INFO Explorer: All points are stopped at level 1
[ 453m]    INFO Explorer: All points are stopped at level 1
[ 459m]    INFO Explorer: All points are stopped at level 1
[ 460m]    INFO Explorer: All points are stopped at level 1
[ 477m]    INFO Explorer: All points are stopped at level 1
[ 480m]    INFO Explorer: All points are stopped at level 1
[ 485m]    INFO Explorer: All points are stopped at level 1
[ 487m]    INFO Explorer: All points are stopped at level 1
[ 500m]    INFO Explorer: All points are stopped at level 1
[ 511m]    INFO Explorer: All points are stopped at level 1
[ 513m]    INFO Explorer: All points are stopped at level 1
[ 514m]    INFO Explorer: All points are stopped at level 1
[ 517m]    INFO Explorer: All points are stopped at level 1
[ 528m]    INFO Explorer: All points are stopped at level 1
[ 529m]    INFO Explorer: All points are stopped at level 1
[ 532m]    INFO Explorer: All points are stopped at level 1
[ 537m]    INFO Explorer: All points are stopped at level 1
[ 539m]    INFO Explorer: All points are stopped at level 1
[ 557m]    INFO Explorer: All points are stopped at level 1
[ 560m]    INFO Explorer: All points are stopped at level 1
[ 565m]    INFO Explorer: All points are stopped at level 1
[ 567m]    INFO Explorer: All points are stopped at level 1
[ 582m]    INFO Explorer: All points are stopped at level 1
[ 593m]    INFO Explorer: All points are stopped at level 1
[ 594m]    INFO Explorer: All points are stopped at level 1
[ 595m]    INFO Explorer: All points are stopped at level 1
[ 598m]    INFO Explorer: All points are stopped at level 1
[ 609m]    INFO Explorer: All points are stopped at level 1
[ 611m]    INFO Explorer: All points are stopped at level 1
[ 613m]    INFO Explorer: All points are stopped at level 1
[ 619m]    INFO Explorer: All points are stopped at level 1
[ 620m]    INFO Explorer: All points are stopped at level 1
[ 637m]    INFO Explorer: All points are stopped at level 1
[ 640m]    INFO Explorer: All points are stopped at level 1
[ 646m]    INFO Explorer: All points are stopped at level 1
[ 647m]    INFO Explorer: All points are stopped at level 1
[ 661m]    INFO Explorer: All points are stopped at level 1
[ 672m]    INFO Explorer: All points are stopped at level 1
[ 674m]    INFO Explorer: All points are stopped at level 1
[ 675m]    INFO Explorer: All points are stopped at level 1
[ 678m]    INFO Explorer: All points are stopped at level 1
[ 689m]    INFO Explorer: All points are stopped at level 1
[ 691m]    INFO Explorer: All points are stopped at level 1
[ 693m]    INFO Explorer: All points are stopped at level 1
[ 699m]    INFO Explorer: All points are stopped at level 1
[ 701m]    INFO Explorer: All points are stopped at level 1
[ 718m]    INFO Explorer: All points are stopped at level 1
[ 720m]    INFO Explorer: All points are stopped at level 1
[ 726m]    INFO Explorer: All points are stopped at level 1
[ 727m]    INFO Explorer: All points are stopped at level 1
[ 741m]    INFO Explorer: All points are stopped at level 1
[ 752m]    INFO Explorer: All points are stopped at level 1
[ 753m]    INFO Explorer: All points are stopped at level 1
[ 755m]    INFO Explorer: All points are stopped at level 1
[ 757m]    INFO Explorer: All points are stopped at level 1
[ 768m]    INFO Explorer: All points are stopped at level 1
[ 770m]    INFO Explorer: All points are stopped at level 1
[ 773m]    INFO Explorer: All points are stopped at level 1
[ 778m]    INFO Explorer: All points are stopped at level 1
[ 780m]    INFO Explorer: All points are stopped at level 1
[ 798m]    INFO Explorer: All points are stopped at level 1
[ 801m]    INFO Explorer: All points are stopped at level 1
[ 806m]    INFO Explorer: All points are stopped at level 1
[ 808m]    INFO Explorer: All points are stopped at level 1
[ 822m]    INFO Explorer: All points are stopped at level 1
[ 834m]    INFO Explorer: All points are stopped at level 1
[ 835m]    INFO Explorer: All points are stopped at level 1
[ 836m]    INFO Explorer: All points are stopped at level 1
[ 839m]    INFO Explorer: All points are stopped at level 1
[ 850m]    INFO Explorer: All points are stopped at level 1
[ 852m]    INFO Explorer: All points are stopped at level 1
[ 855m]    INFO Explorer: All points are stopped at level 1
[ 860m]    INFO Explorer: All points are stopped at level 1
[ 862m]    INFO Explorer: All points are stopped at level 1
[ 879m]    INFO Explorer: All points are stopped at level 1
[ 882m]    INFO Explorer: All points are stopped at level 1
[ 887m]    INFO Explorer: All points are stopped at level 1
[ 889m]    INFO Explorer: All points are stopped at level 1
[ 902m]    INFO Explorer: All points are stopped at level 1
[ 914m]    INFO Explorer: All points are stopped at level 1
[ 915m]    INFO Explorer: All points are stopped at level 1
[ 916m]    INFO Explorer: All points are stopped at level 1
[ 919m]    INFO Explorer: All points are stopped at level 1
[ 930m]    INFO Explorer: All points are stopped at level 1
[ 931m]    INFO Explorer: All points are stopped at level 1
[ 934m]    INFO Explorer: All points are stopped at level 1
[ 940m]    INFO Explorer: All points are stopped at level 1
[ 941m]    INFO Explorer: All points are stopped at level 1
[ 959m]    INFO Explorer: All points are stopped at level 1
[ 961m]    INFO Explorer: All points are stopped at level 1
[ 967m]    INFO Explorer: All points are stopped at level 1
[ 968m]    INFO Explorer: All points are stopped at level 1
[ 983m]    INFO Explorer: All points are stopped at level 1
[ 994m]    INFO Explorer: All points are stopped at level 1
[ 995m]    INFO Explorer: All points are stopped at level 1
[ 996m]    INFO Explorer: All points are stopped at level 1
[ 998m]    INFO Explorer: Explored 978 points
