[   2m]    INFO Search: Computation order (high to low): ['PARALLEL', 'PIPELINE']
[   2m]    INFO Search: Communication order (high to low): ['INTERFACE', 'CACHE', 'PIPELINE', 'TILE', 'TILING']
[   2m]    INFO Search: Launch gradient search algorithm
[  18m] WARNING Search: Default point is invalid: {'__PARA__L0': 1, '__PARA__L1': 1, '__PARA__L2': 1, '__PARA__L3': 1, '__PARA__L4': 1, '__PIPE__L0': 'off', '__PIPE__L1': 'flatten', '__PIPE__L2': 'off', '__TILE__L0': 1, '__TILE__L1': 1, '__TILE__L2': 1}
[  18m] WARNING Search: This exploration is low confidence to achieve high QoR.
[  18m]    INFO Search: Focus parameters (high order goes to tail): ['__TILE__L0', '__TILE__L1', '__PIPE__L0', '__PARA__L0', '__PIPE__L1', '__PARA__L1']
[  18m]    INFO Search: === ITERATION 1 ===
[  18m]    INFO Search: Tree Level 0
[  18m]    INFO Search: Working Node:
[  18m]    INFO Search: +---------+------------------------------------------------------------------------------------------------------------+
[  18m]    INFO Search: | Point   | __PARA__L0-1.__PARA__L1-1.__PARA__L2-1.__PARA__L3-1.__PARA__L4-1.__PIPE__L0-off.__PIPE__L1-                |
[  18m]    INFO Search: |         | flatten.__PIPE__L2-off.__TILE__L0-1.__TILE__L1-1.__TILE__L2-1                                              |
[  18m]    INFO Search: +---------+------------------------------------------------------------------------------------------------------------+
[  18m]    INFO Search: | Quality | 0.00e+00                                                                                                   |
[  18m]    INFO Search: +---------+------------------------------------------------------------------------------------------------------------+
[  18m]    INFO Search: | Perf.   | 6.22e+04                                                                                                   |
[  18m]    INFO Search: +---------+------------------------------------------------------------------------------------------------------------+
[  18m]    INFO Search: | Child   | ('__TILE__L0', '5')<-('__TILE__L1', '7')<-('__PIPE__L0', '1')<-('__PARA__L0', '4,1')<-('__PIPE__L1',       |
[  18m]    INFO Search: |         | '')<-('__PARA__L1', '4,3')                                                                                 |
[  18m]    INFO Search: +---------+------------------------------------------------------------------------------------------------------------+
[  18m]    INFO Search: | Tuned   |                                                                                                            |
[  18m]    INFO Search: +---------+------------------------------------------------------------------------------------------------------------+
[  18m]    INFO Search: Working batch: __PARA__L1
[  18m]    INFO Search: Evaluating 3 poitns
[ 322m]    INFO Search: Received results from evaluator
[ 322m]    INFO Search: Results
[ 322m]    INFO Search: +--------------+---------+----------+--------------------+--------+-------+
[ 322m]    INFO Search: |     Tag      | Quality |  Perf.   | BRAM, DSP, LUT, FF | Status | Valid |
[ 322m]    INFO Search: +==============+=========+==========+====================+========+=======+
[ 322m]    INFO Search: | __PARA__L1-2 | -inf    | 6.12e+04 | 0.1, 5.2, 1.7, 1.6 | PASS   | False |
[ 322m]    INFO Search: +--------------+---------+----------+--------------------+--------+-------+
[ 322m]    INFO Search: -> No quality, abandon
[ 322m]    INFO Search: +--------------+---------+----------+---------------------+--------+-------+
[ 322m]    INFO Search: |     Tag      | Quality |  Perf.   | BRAM, DSP, LUT, FF  | Status | Valid |
[ 322m]    INFO Search: +==============+=========+==========+=====================+========+=======+
[ 322m]    INFO Search: | __PARA__L1-4 | -inf    | 6.07e+04 | 0.1, 10.4, 3.4, 3.2 | PASS   | False |
[ 322m]    INFO Search: +--------------+---------+----------+---------------------+--------+-------+
[ 322m]    INFO Search: -> No quality, abandon
[ 322m]    INFO Search: +--------------+---------+----------+--------------------+---------+-------+
[ 322m]    INFO Search: |     Tag      | Quality |  Perf.   | BRAM, DSP, LUT, FF | Status  | Valid |
[ 322m]    INFO Search: +==============+=========+==========+====================+=========+=======+
[ 322m]    INFO Search: | __PARA__L1-8 | -inf    | 0.00e+00 | 0.0, 0.0, 0.0, 0.0 | TIMEOUT | False |
[ 322m]    INFO Search: +--------------+---------+----------+--------------------+---------+-------+
[ 322m]    INFO Search: -> No quality, abandon
[ 322m]    INFO Search: === ITERATION 2 ===
[ 322m]    INFO Search: Tree Level 0
[ 322m]    INFO Search: Working Node:
[ 322m]    INFO Search: +---------+------------------------------------------------------------------------------------------------------------+
[ 322m]    INFO Search: | Point   | __PARA__L0-1.__PARA__L1-1.__PARA__L2-1.__PARA__L3-1.__PARA__L4-1.__PIPE__L0-off.__PIPE__L1-                |
[ 322m]    INFO Search: |         | flatten.__PIPE__L2-off.__TILE__L0-1.__TILE__L1-1.__TILE__L2-1                                              |
[ 322m]    INFO Search: +---------+------------------------------------------------------------------------------------------------------------+
[ 322m]    INFO Search: | Quality | 0.00e+00                                                                                                   |
[ 322m]    INFO Search: +---------+------------------------------------------------------------------------------------------------------------+
[ 322m]    INFO Search: | Perf.   | 6.22e+04                                                                                                   |
[ 322m]    INFO Search: +---------+------------------------------------------------------------------------------------------------------------+
[ 322m]    INFO Search: | Child   | ('__TILE__L0', '5')<-('__TILE__L1', '7')<-('__PIPE__L0', '1')<-('__PARA__L0', '4,1')<-('__PIPE__L1',       |
[ 322m]    INFO Search: |         | '')<-('__PARA__L1', '4')                                                                                   |
[ 322m]    INFO Search: +---------+------------------------------------------------------------------------------------------------------------+
[ 322m]    INFO Search: | Tuned   |                                                                                                            |
[ 322m]    INFO Search: +---------+------------------------------------------------------------------------------------------------------------+
[ 322m]    INFO Search: Working batch: __PARA__L1
[ 322m]    INFO Search: Evaluating 4 poitns
[ 685m]    INFO Search: Received results from evaluator
[ 685m]    INFO Search: Results
[ 685m]    INFO Search: +--------------+---------+----------+--------------------+---------+-------+
[ 685m]    INFO Search: |     Tag      | Quality |  Perf.   | BRAM, DSP, LUT, FF | Status  | Valid |
[ 685m]    INFO Search: +==============+=========+==========+====================+=========+=======+
[ 685m]    INFO Search: | __PARA__L1-5 | -inf    | 0.00e+00 | 0.0, 0.0, 0.0, 0.0 | TIMEOUT | False |
[ 685m]    INFO Search: +--------------+---------+----------+--------------------+---------+-------+
[ 685m]    INFO Search: -> No quality, abandon
[ 685m]    INFO Search: +---------------+---------+----------+--------------------+---------+-------+
[ 685m]    INFO Search: |      Tag      | Quality |  Perf.   | BRAM, DSP, LUT, FF | Status  | Valid |
[ 685m]    INFO Search: +===============+=========+==========+====================+=========+=======+
[ 685m]    INFO Search: | __PARA__L1-10 | -inf    | 0.00e+00 | 0.0, 0.0, 0.0, 0.0 | TIMEOUT | False |
[ 685m]    INFO Search: +---------------+---------+----------+--------------------+---------+-------+
[ 685m]    INFO Search: -> No quality, abandon
[ 685m]    INFO Search: +---------------+---------+----------+--------------------+---------+-------+
[ 685m]    INFO Search: |      Tag      | Quality |  Perf.   | BRAM, DSP, LUT, FF | Status  | Valid |
[ 685m]    INFO Search: +===============+=========+==========+====================+=========+=======+
[ 685m]    INFO Search: | __PARA__L1-20 | -inf    | 0.00e+00 | 0.0, 0.0, 0.0, 0.0 | TIMEOUT | False |
[ 685m]    INFO Search: +---------------+---------+----------+--------------------+---------+-------+
[ 685m]    INFO Search: -> No quality, abandon
[ 685m]    INFO Search: +---------------+---------+----------+--------------------+---------+-------+
[ 685m]    INFO Search: |      Tag      | Quality |  Perf.   | BRAM, DSP, LUT, FF | Status  | Valid |
[ 685m]    INFO Search: +===============+=========+==========+====================+=========+=======+
[ 685m]    INFO Search: | __PARA__L1-40 | -inf    | 0.00e+00 | 0.0, 0.0, 0.0, 0.0 | TIMEOUT | False |
[ 685m]    INFO Search: +---------------+---------+----------+--------------------+---------+-------+
[ 685m]    INFO Search: -> No quality, abandon
[ 685m]    INFO Search: Run out of batches of parameter __PARA__L1
[ 685m]    INFO Search: === ITERATION 3 ===
[ 685m]    INFO Search: Tree Level 0
[ 685m]    INFO Search: Working Node:
[ 685m]    INFO Search: +---------+------------------------------------------------------------------------------------------------------------+
[ 685m]    INFO Search: | Point   | __PARA__L0-1.__PARA__L1-1.__PARA__L2-1.__PARA__L3-1.__PARA__L4-1.__PIPE__L0-off.__PIPE__L1-                |
[ 685m]    INFO Search: |         | flatten.__PIPE__L2-off.__TILE__L0-1.__TILE__L1-1.__TILE__L2-1                                              |
[ 685m]    INFO Search: +---------+------------------------------------------------------------------------------------------------------------+
[ 685m]    INFO Search: | Quality | 0.00e+00                                                                                                   |
[ 685m]    INFO Search: +---------+------------------------------------------------------------------------------------------------------------+
[ 685m]    INFO Search: | Perf.   | 6.22e+04                                                                                                   |
[ 685m]    INFO Search: +---------+------------------------------------------------------------------------------------------------------------+
[ 685m]    INFO Search: | Child   | ('__TILE__L0', '5')<-('__TILE__L1', '7')<-('__PIPE__L0', '1')<-('__PARA__L0', '4,1')<-('__PIPE__L1', '')   |
[ 685m]    INFO Search: +---------+------------------------------------------------------------------------------------------------------------+
[ 685m]    INFO Search: | Tuned   |                                                                                                            |
[ 685m]    INFO Search: +---------+------------------------------------------------------------------------------------------------------------+
[ 685m]    INFO Search: No batch to be worked
[ 685m]    INFO Search: Run out of batches of parameter __PIPE__L1
[ 685m]    INFO Search: === ITERATION 4 ===
[ 685m]    INFO Search: Tree Level 0
[ 685m]    INFO Search: Working Node:
[ 685m]    INFO Search: +---------+------------------------------------------------------------------------------------------------------------+
[ 685m]    INFO Search: | Point   | __PARA__L0-1.__PARA__L1-1.__PARA__L2-1.__PARA__L3-1.__PARA__L4-1.__PIPE__L0-off.__PIPE__L1-                |
[ 685m]    INFO Search: |         | flatten.__PIPE__L2-off.__TILE__L0-1.__TILE__L1-1.__TILE__L2-1                                              |
[ 685m]    INFO Search: +---------+------------------------------------------------------------------------------------------------------------+
[ 685m]    INFO Search: | Quality | 0.00e+00                                                                                                   |
[ 685m]    INFO Search: +---------+------------------------------------------------------------------------------------------------------------+
[ 685m]    INFO Search: | Perf.   | 6.22e+04                                                                                                   |
[ 685m]    INFO Search: +---------+------------------------------------------------------------------------------------------------------------+
[ 685m]    INFO Search: | Child   | ('__TILE__L0', '5')<-('__TILE__L1', '7')<-('__PIPE__L0', '1')<-('__PARA__L0', '4,1')                       |
[ 685m]    INFO Search: +---------+------------------------------------------------------------------------------------------------------------+
[ 685m]    INFO Search: | Tuned   |                                                                                                            |
[ 685m]    INFO Search: +---------+------------------------------------------------------------------------------------------------------------+
[ 685m]    INFO Search: Working batch: __PARA__L0
[ 685m]    INFO Search: Evaluating 1 poitns
[ 807m]    INFO Search: Received results from evaluator
[ 807m]    INFO Search: Results
[ 807m]    INFO Search: +--------------+---------+----------+--------------------+--------+-------+
[ 807m]    INFO Search: |     Tag      | Quality |  Perf.   | BRAM, DSP, LUT, FF | Status | Valid |
[ 807m]    INFO Search: +==============+=========+==========+====================+========+=======+
[ 807m]    INFO Search: | __PARA__L0-2 | -inf    | 7.36e+04 | 0.0, 5.2, 1.8, 1.7 | PASS   | False |
[ 807m]    INFO Search: +--------------+---------+----------+--------------------+--------+-------+
[ 807m]    INFO Search: -> No quality, abandon
[ 807m]    INFO Search: === ITERATION 5 ===
[ 807m]    INFO Search: Tree Level 0
[ 807m]    INFO Search: Working Node:
[ 807m]    INFO Search: +---------+------------------------------------------------------------------------------------------------------------+
[ 807m]    INFO Search: | Point   | __PARA__L0-1.__PARA__L1-1.__PARA__L2-1.__PARA__L3-1.__PARA__L4-1.__PIPE__L0-off.__PIPE__L1-                |
[ 807m]    INFO Search: |         | flatten.__PIPE__L2-off.__TILE__L0-1.__TILE__L1-1.__TILE__L2-1                                              |
[ 807m]    INFO Search: +---------+------------------------------------------------------------------------------------------------------------+
[ 807m]    INFO Search: | Quality | 0.00e+00                                                                                                   |
[ 807m]    INFO Search: +---------+------------------------------------------------------------------------------------------------------------+
[ 807m]    INFO Search: | Perf.   | 6.22e+04                                                                                                   |
[ 807m]    INFO Search: +---------+------------------------------------------------------------------------------------------------------------+
[ 807m]    INFO Search: | Child   | ('__TILE__L0', '5')<-('__TILE__L1', '7')<-('__PIPE__L0', '1')<-('__PARA__L0', '4')                         |
[ 807m]    INFO Search: +---------+------------------------------------------------------------------------------------------------------------+
[ 807m]    INFO Search: | Tuned   |                                                                                                            |
[ 807m]    INFO Search: +---------+------------------------------------------------------------------------------------------------------------+
[ 807m]    INFO Search: Working batch: __PARA__L0
[ 807m]    INFO Search: Evaluating 4 poitns
