[   2m]    INFO Search: Computation order (high to low): ['PARALLEL', 'PIPELINE']
[   2m]    INFO Search: Communication order (high to low): ['INTERFACE', 'CACHE', 'PIPELINE', 'TILE', 'TILING']
[   2m]    INFO Search: Launch gradient search algorithm
[ 183m] WARNING Search: Default point is invalid: {'__PARA__L0': 1, '__PARA__L1': 1, '__PARA__L2': 1, '__PARA__L3': 1, '__PARA__L4': 1, '__PIPE__L0': 'flatten', '__PIPE__L1': 'off', '__PIPE__L2': 'off', '__TILE__L0': 1, '__TILE__L1': 1, '__TILE__L2': 1}
[ 183m] WARNING Search: This exploration is low confidence to achieve high QoR.
[ 183m]    INFO Search: Focus parameters (high order goes to tail): ['__PARA__L0', '__PARA__L1', '__PARA__L2', '__PARA__L3', '__PARA__L4', '__PIPE__L0', '__PIPE__L1', '__PIPE__L2', '__TILE__L0', '__TILE__L1', '__TILE__L2']
[ 183m]    INFO Search: === ITERATION 1 ===
[ 183m]    INFO Search: Tree Level 0
[ 183m]    INFO Search: Working Node:
[ 183m]    INFO Search: +---------+------------------------------------------------------------------------------------------------------------+
[ 183m]    INFO Search: | Point   | __PARA__L0-1.__PARA__L1-1.__PARA__L2-1.__PARA__L3-1.__PARA__L4-1.__PIPE__L0-flatten.__PIPE__L1-            |
[ 183m]    INFO Search: |         | off.__PIPE__L2-off.__TILE__L0-1.__TILE__L1-1.__TILE__L2-1                                                  |
[ 183m]    INFO Search: +---------+------------------------------------------------------------------------------------------------------------+
[ 183m]    INFO Search: | Quality | 0.00e+00                                                                                                   |
[ 183m]    INFO Search: +---------+------------------------------------------------------------------------------------------------------------+
[ 183m]    INFO Search: | Perf.   | 0.00e+00                                                                                                   |
[ 183m]    INFO Search: +---------+------------------------------------------------------------------------------------------------------------+
[ 183m]    INFO Search: | Child   | ('__PARA__L0', '4,1')<-('__PARA__L1', '')<-('__PARA__L2', '')<-('__PARA__L3', '')<-('__PARA__L4',          |
[ 183m]    INFO Search: |         | '')<-('__PIPE__L0', '')<-('__PIPE__L1', '')<-('__PIPE__L2', '')<-('__TILE__L0', '5')<-('__TILE__L1',       |
[ 183m]    INFO Search: |         | '')<-('__TILE__L2', '')                                                                                    |
[ 183m]    INFO Search: +---------+------------------------------------------------------------------------------------------------------------+
[ 183m]    INFO Search: | Tuned   |                                                                                                            |
[ 183m]    INFO Search: +---------+------------------------------------------------------------------------------------------------------------+
[ 183m]    INFO Search: No batch to be worked
[ 183m]    INFO Search: Run out of batches of parameter __TILE__L2
[ 183m]    INFO Search: === ITERATION 2 ===
[ 183m]    INFO Search: Tree Level 0
[ 183m]    INFO Search: Working Node:
[ 183m]    INFO Search: +---------+------------------------------------------------------------------------------------------------------------+
[ 183m]    INFO Search: | Point   | __PARA__L0-1.__PARA__L1-1.__PARA__L2-1.__PARA__L3-1.__PARA__L4-1.__PIPE__L0-flatten.__PIPE__L1-            |
[ 183m]    INFO Search: |         | off.__PIPE__L2-off.__TILE__L0-1.__TILE__L1-1.__TILE__L2-1                                                  |
[ 183m]    INFO Search: +---------+------------------------------------------------------------------------------------------------------------+
[ 183m]    INFO Search: | Quality | 0.00e+00                                                                                                   |
[ 183m]    INFO Search: +---------+------------------------------------------------------------------------------------------------------------+
[ 183m]    INFO Search: | Perf.   | 0.00e+00                                                                                                   |
[ 183m]    INFO Search: +---------+------------------------------------------------------------------------------------------------------------+
[ 183m]    INFO Search: | Child   | ('__PARA__L0', '4,1')<-('__PARA__L1', '')<-('__PARA__L2', '')<-('__PARA__L3', '')<-('__PARA__L4',          |
[ 183m]    INFO Search: |         | '')<-('__PIPE__L0', '')<-('__PIPE__L1', '')<-('__PIPE__L2', '')<-('__TILE__L0', '5')<-('__TILE__L1', '')   |
[ 183m]    INFO Search: +---------+------------------------------------------------------------------------------------------------------------+
[ 183m]    INFO Search: | Tuned   |                                                                                                            |
[ 183m]    INFO Search: +---------+------------------------------------------------------------------------------------------------------------+
[ 183m]    INFO Search: No batch to be worked
[ 183m]    INFO Search: Run out of batches of parameter __TILE__L1
[ 183m]    INFO Search: === ITERATION 3 ===
[ 183m]    INFO Search: Tree Level 0
[ 183m]    INFO Search: Working Node:
[ 183m]    INFO Search: +---------+------------------------------------------------------------------------------------------------------------+
[ 183m]    INFO Search: | Point   | __PARA__L0-1.__PARA__L1-1.__PARA__L2-1.__PARA__L3-1.__PARA__L4-1.__PIPE__L0-flatten.__PIPE__L1-            |
[ 183m]    INFO Search: |         | off.__PIPE__L2-off.__TILE__L0-1.__TILE__L1-1.__TILE__L2-1                                                  |
[ 183m]    INFO Search: +---------+------------------------------------------------------------------------------------------------------------+
[ 183m]    INFO Search: | Quality | 0.00e+00                                                                                                   |
[ 183m]    INFO Search: +---------+------------------------------------------------------------------------------------------------------------+
[ 183m]    INFO Search: | Perf.   | 0.00e+00                                                                                                   |
[ 183m]    INFO Search: +---------+------------------------------------------------------------------------------------------------------------+
[ 183m]    INFO Search: | Child   | ('__PARA__L0', '4,1')<-('__PARA__L1', '')<-('__PARA__L2', '')<-('__PARA__L3', '')<-('__PARA__L4',          |
[ 183m]    INFO Search: |         | '')<-('__PIPE__L0', '')<-('__PIPE__L1', '')<-('__PIPE__L2', '')<-('__TILE__L0', '5')                       |
[ 183m]    INFO Search: +---------+------------------------------------------------------------------------------------------------------------+
[ 183m]    INFO Search: | Tuned   |                                                                                                            |
[ 183m]    INFO Search: +---------+------------------------------------------------------------------------------------------------------------+
[ 183m]    INFO Search: Working batch: __TILE__L0
[ 183m]    INFO Search: Evaluating 5 poitns
[ 453m]    INFO Search: Received results from evaluator
[ 453m]    INFO Search: Results
[ 453m]    INFO Search: +--------------+---------+----------+--------------------+-------------+-------+
[ 453m]    INFO Search: |     Tag      | Quality |  Perf.   | BRAM, DSP, LUT, FF |   Status    | Valid |
[ 453m]    INFO Search: +==============+=========+==========+====================+=============+=======+
[ 453m]    INFO Search: | __TILE__L0-2 | -inf    | 0.00e+00 | 0.0, 0.0, 0.0, 0.0 | UNAVAILABLE | False |
[ 453m]    INFO Search: +--------------+---------+----------+--------------------+-------------+-------+
[ 453m]    INFO Search: -> No quality, abandon
[ 453m]    INFO Search: +--------------+---------+----------+--------------------+-------------+-------+
[ 453m]    INFO Search: |     Tag      | Quality |  Perf.   | BRAM, DSP, LUT, FF |   Status    | Valid |
[ 453m]    INFO Search: +==============+=========+==========+====================+=============+=======+
[ 453m]    INFO Search: | __TILE__L0-5 | -inf    | 0.00e+00 | 0.0, 0.0, 0.0, 0.0 | UNAVAILABLE | False |
[ 453m]    INFO Search: +--------------+---------+----------+--------------------+-------------+-------+
[ 453m]    INFO Search: -> No quality, abandon
[ 453m]    INFO Search: +---------------+---------+----------+--------------------+-------------+-------+
[ 453m]    INFO Search: |      Tag      | Quality |  Perf.   | BRAM, DSP, LUT, FF |   Status    | Valid |
[ 453m]    INFO Search: +===============+=========+==========+====================+=============+=======+
[ 453m]    INFO Search: | __TILE__L0-10 | -inf    | 0.00e+00 | 0.0, 0.0, 0.0, 0.0 | UNAVAILABLE | False |
[ 453m]    INFO Search: +---------------+---------+----------+--------------------+-------------+-------+
[ 453m]    INFO Search: -> No quality, abandon
[ 453m]    INFO Search: +---------------+---------+----------+--------------------+-------------+-------+
[ 453m]    INFO Search: |      Tag      | Quality |  Perf.   | BRAM, DSP, LUT, FF |   Status    | Valid |
[ 453m]    INFO Search: +===============+=========+==========+====================+=============+=======+
[ 453m]    INFO Search: | __TILE__L0-25 | -inf    | 0.00e+00 | 0.0, 0.0, 0.0, 0.0 | UNAVAILABLE | False |
[ 453m]    INFO Search: +---------------+---------+----------+--------------------+-------------+-------+
[ 453m]    INFO Search: -> No quality, abandon
[ 453m]    INFO Search: +---------------+---------+----------+--------------------+---------+-------+
[ 453m]    INFO Search: |      Tag      | Quality |  Perf.   | BRAM, DSP, LUT, FF | Status  | Valid |
[ 453m]    INFO Search: +===============+=========+==========+====================+=========+=======+
[ 453m]    INFO Search: | __TILE__L0-50 | -inf    | 0.00e+00 | 0.0, 0.0, 0.0, 0.0 | TIMEOUT | False |
[ 453m]    INFO Search: +---------------+---------+----------+--------------------+---------+-------+
[ 453m]    INFO Search: -> No quality, abandon
[ 453m]    INFO Search: Run out of batches of parameter __TILE__L0
[ 453m]    INFO Search: === ITERATION 4 ===
[ 453m]    INFO Search: Tree Level 0
[ 453m]    INFO Search: Working Node:
[ 453m]    INFO Search: +---------+------------------------------------------------------------------------------------------------------------+
[ 453m]    INFO Search: | Point   | __PARA__L0-1.__PARA__L1-1.__PARA__L2-1.__PARA__L3-1.__PARA__L4-1.__PIPE__L0-flatten.__PIPE__L1-            |
[ 453m]    INFO Search: |         | off.__PIPE__L2-off.__TILE__L0-1.__TILE__L1-1.__TILE__L2-1                                                  |
[ 453m]    INFO Search: +---------+------------------------------------------------------------------------------------------------------------+
[ 453m]    INFO Search: | Quality | 0.00e+00                                                                                                   |
[ 453m]    INFO Search: +---------+------------------------------------------------------------------------------------------------------------+
[ 453m]    INFO Search: | Perf.   | 0.00e+00                                                                                                   |
[ 453m]    INFO Search: +---------+------------------------------------------------------------------------------------------------------------+
[ 453m]    INFO Search: | Child   | ('__PARA__L0', '4,1')<-('__PARA__L1', '')<-('__PARA__L2', '')<-('__PARA__L3', '')<-('__PARA__L4',          |
[ 453m]    INFO Search: |         | '')<-('__PIPE__L0', '')<-('__PIPE__L1', '')<-('__PIPE__L2', '')                                            |
[ 453m]    INFO Search: +---------+------------------------------------------------------------------------------------------------------------+
[ 453m]    INFO Search: | Tuned   |                                                                                                            |
[ 453m]    INFO Search: +---------+------------------------------------------------------------------------------------------------------------+
[ 453m]    INFO Search: No batch to be worked
[ 453m]    INFO Search: Run out of batches of parameter __PIPE__L2
[ 453m]    INFO Search: === ITERATION 5 ===
[ 453m]    INFO Search: Tree Level 0
[ 453m]    INFO Search: Working Node:
[ 453m]    INFO Search: +---------+------------------------------------------------------------------------------------------------------------+
[ 453m]    INFO Search: | Point   | __PARA__L0-1.__PARA__L1-1.__PARA__L2-1.__PARA__L3-1.__PARA__L4-1.__PIPE__L0-flatten.__PIPE__L1-            |
[ 453m]    INFO Search: |         | off.__PIPE__L2-off.__TILE__L0-1.__TILE__L1-1.__TILE__L2-1                                                  |
[ 453m]    INFO Search: +---------+------------------------------------------------------------------------------------------------------------+
[ 453m]    INFO Search: | Quality | 0.00e+00                                                                                                   |
[ 453m]    INFO Search: +---------+------------------------------------------------------------------------------------------------------------+
[ 453m]    INFO Search: | Perf.   | 0.00e+00                                                                                                   |
[ 453m]    INFO Search: +---------+------------------------------------------------------------------------------------------------------------+
[ 453m]    INFO Search: | Child   | ('__PARA__L0', '4,1')<-('__PARA__L1', '')<-('__PARA__L2', '')<-('__PARA__L3', '')<-('__PARA__L4',          |
[ 453m]    INFO Search: |         | '')<-('__PIPE__L0', '')<-('__PIPE__L1', '')                                                                |
[ 453m]    INFO Search: +---------+------------------------------------------------------------------------------------------------------------+
[ 453m]    INFO Search: | Tuned   |                                                                                                            |
[ 453m]    INFO Search: +---------+------------------------------------------------------------------------------------------------------------+
[ 453m]    INFO Search: No batch to be worked
[ 453m]    INFO Search: Run out of batches of parameter __PIPE__L1
[ 453m]    INFO Search: === ITERATION 6 ===
[ 453m]    INFO Search: Tree Level 0
[ 453m]    INFO Search: Working Node:
[ 453m]    INFO Search: +---------+------------------------------------------------------------------------------------------------------------+
[ 453m]    INFO Search: | Point   | __PARA__L0-1.__PARA__L1-1.__PARA__L2-1.__PARA__L3-1.__PARA__L4-1.__PIPE__L0-flatten.__PIPE__L1-            |
[ 453m]    INFO Search: |         | off.__PIPE__L2-off.__TILE__L0-1.__TILE__L1-1.__TILE__L2-1                                                  |
[ 453m]    INFO Search: +---------+------------------------------------------------------------------------------------------------------------+
[ 453m]    INFO Search: | Quality | 0.00e+00                                                                                                   |
[ 453m]    INFO Search: +---------+------------------------------------------------------------------------------------------------------------+
[ 453m]    INFO Search: | Perf.   | 0.00e+00                                                                                                   |
[ 453m]    INFO Search: +---------+------------------------------------------------------------------------------------------------------------+
[ 453m]    INFO Search: | Child   | ('__PARA__L0', '4,1')<-('__PARA__L1', '')<-('__PARA__L2', '')<-('__PARA__L3', '')<-('__PARA__L4',          |
[ 453m]    INFO Search: |         | '')<-('__PIPE__L0', '')                                                                                    |
[ 453m]    INFO Search: +---------+------------------------------------------------------------------------------------------------------------+
[ 453m]    INFO Search: | Tuned   |                                                                                                            |
[ 453m]    INFO Search: +---------+------------------------------------------------------------------------------------------------------------+
[ 453m]    INFO Search: No batch to be worked
[ 453m]    INFO Search: Run out of batches of parameter __PIPE__L0
[ 453m]    INFO Search: === ITERATION 7 ===
[ 453m]    INFO Search: Tree Level 0
[ 453m]    INFO Search: Working Node:
[ 453m]    INFO Search: +---------+------------------------------------------------------------------------------------------------------------+
[ 453m]    INFO Search: | Point   | __PARA__L0-1.__PARA__L1-1.__PARA__L2-1.__PARA__L3-1.__PARA__L4-1.__PIPE__L0-flatten.__PIPE__L1-            |
[ 453m]    INFO Search: |         | off.__PIPE__L2-off.__TILE__L0-1.__TILE__L1-1.__TILE__L2-1                                                  |
[ 453m]    INFO Search: +---------+------------------------------------------------------------------------------------------------------------+
[ 453m]    INFO Search: | Quality | 0.00e+00                                                                                                   |
[ 453m]    INFO Search: +---------+------------------------------------------------------------------------------------------------------------+
[ 453m]    INFO Search: | Perf.   | 0.00e+00                                                                                                   |
[ 453m]    INFO Search: +---------+------------------------------------------------------------------------------------------------------------+
[ 453m]    INFO Search: | Child   | ('__PARA__L0', '4,1')<-('__PARA__L1', '')<-('__PARA__L2', '')<-('__PARA__L3', '')<-('__PARA__L4', '')      |
[ 453m]    INFO Search: +---------+------------------------------------------------------------------------------------------------------------+
[ 453m]    INFO Search: | Tuned   |                                                                                                            |
[ 453m]    INFO Search: +---------+------------------------------------------------------------------------------------------------------------+
[ 453m]    INFO Search: No batch to be worked
[ 453m]    INFO Search: Run out of batches of parameter __PARA__L4
[ 453m]    INFO Search: === ITERATION 8 ===
[ 453m]    INFO Search: Tree Level 0
[ 453m]    INFO Search: Working Node:
[ 453m]    INFO Search: +---------+------------------------------------------------------------------------------------------------------------+
[ 453m]    INFO Search: | Point   | __PARA__L0-1.__PARA__L1-1.__PARA__L2-1.__PARA__L3-1.__PARA__L4-1.__PIPE__L0-flatten.__PIPE__L1-            |
[ 453m]    INFO Search: |         | off.__PIPE__L2-off.__TILE__L0-1.__TILE__L1-1.__TILE__L2-1                                                  |
[ 453m]    INFO Search: +---------+------------------------------------------------------------------------------------------------------------+
[ 453m]    INFO Search: | Quality | 0.00e+00                                                                                                   |
[ 453m]    INFO Search: +---------+------------------------------------------------------------------------------------------------------------+
[ 453m]    INFO Search: | Perf.   | 0.00e+00                                                                                                   |
[ 453m]    INFO Search: +---------+------------------------------------------------------------------------------------------------------------+
[ 453m]    INFO Search: | Child   | ('__PARA__L0', '4,1')<-('__PARA__L1', '')<-('__PARA__L2', '')<-('__PARA__L3', '')                          |
[ 453m]    INFO Search: +---------+------------------------------------------------------------------------------------------------------------+
[ 453m]    INFO Search: | Tuned   |                                                                                                            |
[ 453m]    INFO Search: +---------+------------------------------------------------------------------------------------------------------------+
[ 453m]    INFO Search: No batch to be worked
[ 453m]    INFO Search: Run out of batches of parameter __PARA__L3
[ 453m]    INFO Search: === ITERATION 9 ===
[ 453m]    INFO Search: Tree Level 0
[ 453m]    INFO Search: Working Node:
[ 453m]    INFO Search: +---------+------------------------------------------------------------------------------------------------------------+
[ 453m]    INFO Search: | Point   | __PARA__L0-1.__PARA__L1-1.__PARA__L2-1.__PARA__L3-1.__PARA__L4-1.__PIPE__L0-flatten.__PIPE__L1-            |
[ 453m]    INFO Search: |         | off.__PIPE__L2-off.__TILE__L0-1.__TILE__L1-1.__TILE__L2-1                                                  |
[ 453m]    INFO Search: +---------+------------------------------------------------------------------------------------------------------------+
[ 453m]    INFO Search: | Quality | 0.00e+00                                                                                                   |
[ 453m]    INFO Search: +---------+------------------------------------------------------------------------------------------------------------+
[ 453m]    INFO Search: | Perf.   | 0.00e+00                                                                                                   |
[ 453m]    INFO Search: +---------+------------------------------------------------------------------------------------------------------------+
[ 453m]    INFO Search: | Child   | ('__PARA__L0', '4,1')<-('__PARA__L1', '')<-('__PARA__L2', '')                                              |
[ 453m]    INFO Search: +---------+------------------------------------------------------------------------------------------------------------+
[ 453m]    INFO Search: | Tuned   |                                                                                                            |
[ 453m]    INFO Search: +---------+------------------------------------------------------------------------------------------------------------+
[ 453m]    INFO Search: No batch to be worked
[ 453m]    INFO Search: Run out of batches of parameter __PARA__L2
[ 453m]    INFO Search: === ITERATION 10 ===
[ 453m]    INFO Search: Tree Level 0
[ 453m]    INFO Search: Working Node:
[ 453m]    INFO Search: +---------+------------------------------------------------------------------------------------------------------------+
[ 453m]    INFO Search: | Point   | __PARA__L0-1.__PARA__L1-1.__PARA__L2-1.__PARA__L3-1.__PARA__L4-1.__PIPE__L0-flatten.__PIPE__L1-            |
[ 453m]    INFO Search: |         | off.__PIPE__L2-off.__TILE__L0-1.__TILE__L1-1.__TILE__L2-1                                                  |
[ 453m]    INFO Search: +---------+------------------------------------------------------------------------------------------------------------+
[ 453m]    INFO Search: | Quality | 0.00e+00                                                                                                   |
[ 453m]    INFO Search: +---------+------------------------------------------------------------------------------------------------------------+
[ 453m]    INFO Search: | Perf.   | 0.00e+00                                                                                                   |
[ 453m]    INFO Search: +---------+------------------------------------------------------------------------------------------------------------+
[ 453m]    INFO Search: | Child   | ('__PARA__L0', '4,1')<-('__PARA__L1', '')                                                                  |
[ 453m]    INFO Search: +---------+------------------------------------------------------------------------------------------------------------+
[ 453m]    INFO Search: | Tuned   |                                                                                                            |
[ 453m]    INFO Search: +---------+------------------------------------------------------------------------------------------------------------+
[ 453m]    INFO Search: No batch to be worked
[ 453m]    INFO Search: Run out of batches of parameter __PARA__L1
[ 453m]    INFO Search: === ITERATION 11 ===
[ 453m]    INFO Search: Tree Level 0
[ 453m]    INFO Search: Working Node:
[ 453m]    INFO Search: +---------+------------------------------------------------------------------------------------------------------------+
[ 453m]    INFO Search: | Point   | __PARA__L0-1.__PARA__L1-1.__PARA__L2-1.__PARA__L3-1.__PARA__L4-1.__PIPE__L0-flatten.__PIPE__L1-            |
[ 453m]    INFO Search: |         | off.__PIPE__L2-off.__TILE__L0-1.__TILE__L1-1.__TILE__L2-1                                                  |
[ 453m]    INFO Search: +---------+------------------------------------------------------------------------------------------------------------+
[ 453m]    INFO Search: | Quality | 0.00e+00                                                                                                   |
[ 453m]    INFO Search: +---------+------------------------------------------------------------------------------------------------------------+
[ 453m]    INFO Search: | Perf.   | 0.00e+00                                                                                                   |
[ 453m]    INFO Search: +---------+------------------------------------------------------------------------------------------------------------+
[ 453m]    INFO Search: | Child   | ('__PARA__L0', '4,1')                                                                                      |
[ 453m]    INFO Search: +---------+------------------------------------------------------------------------------------------------------------+
[ 453m]    INFO Search: | Tuned   |                                                                                                            |
[ 453m]    INFO Search: +---------+------------------------------------------------------------------------------------------------------------+
[ 453m]    INFO Search: Working batch: __PARA__L0
[ 453m]    INFO Search: Evaluating 1 poitns
[ 517m]    INFO Search: Received results from evaluator
[ 517m]    INFO Search: Results
[ 517m]    INFO Search: +--------------+---------+----------+--------------------+-------------+-------+
[ 517m]    INFO Search: |     Tag      | Quality |  Perf.   | BRAM, DSP, LUT, FF |   Status    | Valid |
[ 517m]    INFO Search: +==============+=========+==========+====================+=============+=======+
[ 517m]    INFO Search: | __PARA__L0-2 | -inf    | 0.00e+00 | 0.0, 0.0, 0.0, 0.0 | UNAVAILABLE | False |
[ 517m]    INFO Search: +--------------+---------+----------+--------------------+-------------+-------+
[ 517m]    INFO Search: -> No quality, abandon
[ 517m]    INFO Search: === ITERATION 12 ===
[ 517m]    INFO Search: Tree Level 0
[ 517m]    INFO Search: Working Node:
[ 517m]    INFO Search: +---------+------------------------------------------------------------------------------------------------------------+
[ 517m]    INFO Search: | Point   | __PARA__L0-1.__PARA__L1-1.__PARA__L2-1.__PARA__L3-1.__PARA__L4-1.__PIPE__L0-flatten.__PIPE__L1-            |
[ 517m]    INFO Search: |         | off.__PIPE__L2-off.__TILE__L0-1.__TILE__L1-1.__TILE__L2-1                                                  |
[ 517m]    INFO Search: +---------+------------------------------------------------------------------------------------------------------------+
[ 517m]    INFO Search: | Quality | 0.00e+00                                                                                                   |
[ 517m]    INFO Search: +---------+------------------------------------------------------------------------------------------------------------+
[ 517m]    INFO Search: | Perf.   | 0.00e+00                                                                                                   |
[ 517m]    INFO Search: +---------+------------------------------------------------------------------------------------------------------------+
[ 517m]    INFO Search: | Child   | ('__PARA__L0', '4')                                                                                        |
[ 517m]    INFO Search: +---------+------------------------------------------------------------------------------------------------------------+
[ 517m]    INFO Search: | Tuned   |                                                                                                            |
[ 517m]    INFO Search: +---------+------------------------------------------------------------------------------------------------------------+
[ 517m]    INFO Search: Working batch: __PARA__L0
[ 517m]    INFO Search: Evaluating 4 poitns
[ 879m]    INFO Search: Received results from evaluator
[ 879m]    INFO Search: Results
[ 879m]    INFO Search: +--------------+---------+----------+--------------------+---------+-------+
[ 879m]    INFO Search: |     Tag      | Quality |  Perf.   | BRAM, DSP, LUT, FF | Status  | Valid |
[ 879m]    INFO Search: +==============+=========+==========+====================+=========+=======+
[ 879m]    INFO Search: | __PARA__L0-5 | -inf    | 0.00e+00 | 0.0, 0.0, 0.0, 0.0 | TIMEOUT | False |
[ 879m]    INFO Search: +--------------+---------+----------+--------------------+---------+-------+
[ 879m]    INFO Search: -> No quality, abandon
[ 879m]    INFO Search: +---------------+---------+----------+--------------------+---------+-------+
[ 879m]    INFO Search: |      Tag      | Quality |  Perf.   | BRAM, DSP, LUT, FF | Status  | Valid |
[ 879m]    INFO Search: +===============+=========+==========+====================+=========+=======+
[ 879m]    INFO Search: | __PARA__L0-10 | -inf    | 0.00e+00 | 0.0, 0.0, 0.0, 0.0 | TIMEOUT | False |
[ 879m]    INFO Search: +---------------+---------+----------+--------------------+---------+-------+
[ 879m]    INFO Search: -> No quality, abandon
[ 879m]    INFO Search: +---------------+---------+----------+--------------------+---------+-------+
[ 879m]    INFO Search: |      Tag      | Quality |  Perf.   | BRAM, DSP, LUT, FF | Status  | Valid |
[ 879m]    INFO Search: +===============+=========+==========+====================+=========+=======+
[ 879m]    INFO Search: | __PARA__L0-25 | -inf    | 0.00e+00 | 0.0, 0.0, 0.0, 0.0 | TIMEOUT | False |
[ 879m]    INFO Search: +---------------+---------+----------+--------------------+---------+-------+
[ 879m]    INFO Search: -> No quality, abandon
[ 879m]    INFO Search: +---------------+---------+----------+--------------------+--------+-------+
[ 879m]    INFO Search: |      Tag      | Quality |  Perf.   | BRAM, DSP, LUT, FF | Status | Valid |
[ 879m]    INFO Search: +===============+=========+==========+====================+========+=======+
[ 879m]    INFO Search: | __PARA__L0-50 | -inf    | 6.37e+05 | 0.0, 2.0, 0.6, 0.6 | PASS   | False |
[ 879m]    INFO Search: +---------------+---------+----------+--------------------+--------+-------+
[ 879m]    INFO Search: -> No quality, abandon
[ 879m]    INFO Search: Run out of batches of parameter __PARA__L0
[ 879m]    INFO Search: Finished exploring current node, remove from the tree
[ 879m]    INFO Search: === ITERATION 13 ===
[ 879m]    INFO Search: Explore tree is totally empty, stop.
