[   7m]    INFO Explorer: Found a better result at #0000: Quality 7.8e-07, Perf 1.3e+06
[  11m]    INFO Explorer: Found a better result at #0001: Quality 1.2e-06, Perf 8.1e+05
[  12m]    INFO Explorer: All points are stopped at level 1
[  22m]    INFO Explorer: All points are stopped at level 1
[  23m]    INFO Explorer: All points are stopped at level 1
[  28m]    INFO Explorer: Found a better result at #0018: Quality 1.4e-06, Perf 7.3e+05
[  29m]    INFO Explorer: All points are stopped at level 1
[  39m]    INFO Explorer: All points are stopped at level 1
[  40m]    INFO Explorer: All points are stopped at level 1
[  45m]    INFO Explorer: All points are stopped at level 1
[  55m]    INFO Explorer: All points are stopped at level 1
[  56m]    INFO Explorer: All points are stopped at level 1
[  71m]    INFO Explorer: All points are stopped at level 1
[  86m]    INFO Explorer: All points are stopped at level 1
[  95m]    INFO Explorer: All points are stopped at level 1
[  97m]    INFO Explorer: All points are stopped at level 1
[ 112m]    INFO Explorer: All points are stopped at level 1
[ 113m]    INFO Explorer: All points are stopped at level 1
[ 123m]    INFO Explorer: All points are stopped at level 1
[ 124m]    INFO Explorer: All points are stopped at level 1
[ 138m]    INFO Explorer: All points are stopped at level 1
[ 140m]    INFO Explorer: All points are stopped at level 1
[ 149m]    INFO Explorer: All points are stopped at level 1
[ 151m]    INFO Explorer: All points are stopped at level 1
[ 165m]    INFO Explorer: All points are stopped at level 1
[ 166m]    INFO Explorer: All points are stopped at level 1
[ 176m]    INFO Explorer: All points are stopped at level 1
[ 177m]    INFO Explorer: All points are stopped at level 1
[ 192m]    INFO Explorer: All points are stopped at level 1
[ 193m]    INFO Explorer: All points are stopped at level 1
[ 203m]    INFO Explorer: All points are stopped at level 1
[ 204m]    INFO Explorer: All points are stopped at level 1
[ 219m]    INFO Explorer: All points are stopped at level 1
[ 220m]    INFO Explorer: All points are stopped at level 1
[ 230m]    INFO Explorer: All points are stopped at level 1
[ 231m]    INFO Explorer: All points are stopped at level 1
[ 246m]    INFO Explorer: All points are stopped at level 1
[ 261m]    INFO Explorer: All points are stopped at level 1
[ 275m]    INFO Explorer: Found a better result at #0282: Quality 1.5e-06, Perf 6.7e+05
[ 275m]    INFO Explorer: Found a better result at #0282: Quality 1.5e-06, Perf 6.6e+05
[ 275m]    INFO Explorer: Found a better result at #0282: Quality 1.5e-06, Perf 6.5e+05
[ 276m]    INFO Explorer: All points are stopped at level 1
[ 286m]    INFO Explorer: All points are stopped at level 1
[ 287m]    INFO Explorer: All points are stopped at level 1
[ 294m]    INFO Explorer: All points are stopped at level 1
[ 303m]    INFO Explorer: All points are stopped at level 1
[ 305m]    INFO Explorer: All points are stopped at level 1
[ 321m]    INFO Explorer: All points are stopped at level 1
[ 338m]    INFO Explorer: All points are stopped at level 1
[ 347m]    INFO Explorer: All points are stopped at level 1
[ 348m]    INFO Explorer: All points are stopped at level 1
[ 365m]    INFO Explorer: All points are stopped at level 1
[ 366m]    INFO Explorer: All points are stopped at level 1
[ 375m]    INFO Explorer: All points are stopped at level 1
[ 377m]    INFO Explorer: All points are stopped at level 1
[ 393m]    INFO Explorer: All points are stopped at level 1
[ 394m]    INFO Explorer: All points are stopped at level 1
[ 404m]    INFO Explorer: All points are stopped at level 1
[ 405m]    INFO Explorer: All points are stopped at level 1
[ 421m]    INFO Explorer: All points are stopped at level 1
[ 422m]    INFO Explorer: All points are stopped at level 1
[ 432m]    INFO Explorer: All points are stopped at level 1
[ 433m]    INFO Explorer: All points are stopped at level 1
[ 449m]    INFO Explorer: All points are stopped at level 1
[ 450m]    INFO Explorer: All points are stopped at level 1
[ 460m]    INFO Explorer: All points are stopped at level 1
[ 461m]    INFO Explorer: All points are stopped at level 1
[ 477m]    INFO Explorer: All points are stopped at level 1
[ 479m]    INFO Explorer: All points are stopped at level 1
[ 488m]    INFO Explorer: All points are stopped at level 1
[ 490m]    INFO Explorer: All points are stopped at level 1
[ 506m]    INFO Explorer: All points are stopped at level 1
[ 522m]    INFO Explorer: All points are stopped at level 1
[ 523m]    INFO Explorer: All points are stopped at level 1
[ 533m]    INFO Explorer: All points are stopped at level 1
[ 534m]    INFO Explorer: All points are stopped at level 1
[ 540m]    INFO Explorer: All points are stopped at level 1
[ 550m]    INFO Explorer: All points are stopped at level 1
[ 551m]    INFO Explorer: All points are stopped at level 1
[ 567m]    INFO Explorer: All points are stopped at level 1
[ 582m]    INFO Explorer: All points are stopped at level 1
[ 592m]    INFO Explorer: All points are stopped at level 1
[ 593m]    INFO Explorer: All points are stopped at level 1
[ 609m]    INFO Explorer: All points are stopped at level 1
[ 611m]    INFO Explorer: All points are stopped at level 1
[ 621m]    INFO Explorer: All points are stopped at level 1
[ 622m]    INFO Explorer: All points are stopped at level 1
[ 637m]    INFO Explorer: All points are stopped at level 1
[ 639m]    INFO Explorer: All points are stopped at level 1
[ 648m]    INFO Explorer: All points are stopped at level 1
[ 650m]    INFO Explorer: All points are stopped at level 1
[ 665m]    INFO Explorer: All points are stopped at level 1
[ 667m]    INFO Explorer: All points are stopped at level 1
[ 677m]    INFO Explorer: All points are stopped at level 1
[ 678m]    INFO Explorer: All points are stopped at level 1
[ 694m]    INFO Explorer: All points are stopped at level 1
[ 695m]    INFO Explorer: All points are stopped at level 1
[ 705m]    INFO Explorer: All points are stopped at level 1
[ 706m]    INFO Explorer: All points are stopped at level 1
[ 722m]    INFO Explorer: All points are stopped at level 1
[ 723m]    INFO Explorer: All points are stopped at level 1
[ 733m]    INFO Explorer: All points are stopped at level 1
[ 734m]    INFO Explorer: All points are stopped at level 1
[ 750m]    INFO Explorer: All points are stopped at level 1
[ 766m]    INFO Explorer: All points are stopped at level 1
[ 767m]    INFO Explorer: All points are stopped at level 1
[ 777m]    INFO Explorer: All points are stopped at level 1
[ 778m]    INFO Explorer: All points are stopped at level 1
[ 784m]    INFO Explorer: All points are stopped at level 1
[ 794m]    INFO Explorer: All points are stopped at level 1
[ 795m]    INFO Explorer: All points are stopped at level 1
[ 811m]    INFO Explorer: All points are stopped at level 1
[ 826m]    INFO Explorer: All points are stopped at level 1
[ 836m]    INFO Explorer: All points are stopped at level 1
[ 837m]    INFO Explorer: All points are stopped at level 1
[ 852m]    INFO Explorer: All points are stopped at level 1
[ 854m]    INFO Explorer: All points are stopped at level 1
[ 863m]    INFO Explorer: All points are stopped at level 1
[ 865m]    INFO Explorer: All points are stopped at level 1
[ 880m]    INFO Explorer: All points are stopped at level 1
[ 881m]    INFO Explorer: All points are stopped at level 1
[ 891m]    INFO Explorer: All points are stopped at level 1
[ 892m]    INFO Explorer: All points are stopped at level 1
[ 908m]    INFO Explorer: All points are stopped at level 1
[ 910m]    INFO Explorer: All points are stopped at level 1
[ 919m]    INFO Explorer: All points are stopped at level 1
[ 921m]    INFO Explorer: All points are stopped at level 1
[ 937m]    INFO Explorer: All points are stopped at level 1
[ 938m]    INFO Explorer: All points are stopped at level 1
[ 948m]    INFO Explorer: All points are stopped at level 1
[ 949m]    INFO Explorer: All points are stopped at level 1
[ 965m]    INFO Explorer: All points are stopped at level 1
[ 967m]    INFO Explorer: All points are stopped at level 1
[ 976m]    INFO Explorer: All points are stopped at level 1
[ 978m]    INFO Explorer: All points are stopped at level 1
[ 994m]    INFO Explorer: All points are stopped at level 1
[1008m]    INFO Explorer: Explored 1076 points
