[   0m]    INFO Main: Workspace initialized
[   0m]    INFO Main: Loading configurations
[   0m]    INFO Main: Initializing the database at port 6005
[   0m]    INFO Main: Initializing the evaluator
[   0m]    INFO Main: Compiling design space for scope map
[   0m]    INFO DSProc: Design space contains 140352 valid design points
[   0m]    INFO DSProc: Finished design space compilation
[   0m]    INFO Main: Building the scope map
[   2m]    INFO Report: DSE Configure
[   2m]    INFO Report: +--------------------+--------------+
[   2m]    INFO Report: |       Config       |    Value     |
[   2m]    INFO Report: +====================+==============+
[   2m]    INFO Report: | Project            | dse_project  |
[   2m]    INFO Report: +--------------------+--------------+
[   2m]    INFO Report: | Backup mode        | BACKUP_ERROR |
[   2m]    INFO Report: +--------------------+--------------+
[   2m]    INFO Report: | Fast mode output # | 4            |
[   2m]    INFO Report: +--------------------+--------------+
[   2m]    INFO Report: | Execution mode     | fast-dse     |
[   2m]    INFO Report: +--------------------+--------------+
[   2m]    INFO Report: | Search approach    | gradient     |
[   2m]    INFO Report: +--------------------+--------------+
[   2m]    INFO Report: | DSE time           | 1000         |
[   2m]    INFO Report: +--------------------+--------------+
[   2m]    INFO Report: | HLS time           | 180          |
[   2m]    INFO Report: +--------------------+--------------+
[   2m]    INFO Report: The actual elapsed time may be over the set up exploration time
[   2m]    INFO Report: because we do not abandon the effort of running cases
[   2m]    INFO Main: Compiling design space
[   2m]    INFO DSProc: Design space contains 140352 valid design points
[   2m]    INFO DSProc: Finished design space compilation
[   2m]    INFO Main: Partitioning the design space to at maximum 4 parts
[   2m]    INFO Main: 2 parts generated
[   2m]    INFO Main: Start the exploration
[   2m]    INFO Main: 2 explorers have been launched
[   3m]    INFO Report: Best result reporting...
[   3m]    INFO Report: +-------+-------+-------------------------------------------+
[   3m]    INFO Report: |Quality|Perf.  |Resource                                   |
[   3m]    INFO Report: +-------+-------+-------------------------------------------+
[   6m]    INFO Report: |7.8e-07|1.3e+06|BRAM:16.0%, DSP:0.0%, LUT:1.0%, FF:0.0%    |
[   6m]    INFO Report: +-------+-------+-------------------------------------------+
[  11m]    INFO Report: |1.2e-05|8.6e+04|BRAM:21.0%, DSP:10.0%, LUT:10.0%, FF:10.0% |
[  11m]    INFO Report: +-------+-------+-------------------------------------------+
[  91m]    INFO Report: |1.2e-05|8.4e+04|BRAM:59.0%, DSP:10.0%, LUT:22.0%, FF:21.0% |
[  91m]    INFO Report: +-------+-------+-------------------------------------------+
[1350m]    INFO Main: DSE Summary
[1350m]    INFO Main: +----------------------------+------+
[1350m]    INFO Main: | Total Explored             | 1155 |
[1350m]    INFO Main: +----------------------------+------+
[1350m]    INFO Main: | Level 1 Timeout            | 0    |
[1350m]    INFO Main: +----------------------------+------+
[1350m]    INFO Main: | Level 1 Analysis Error     | 0    |
[1350m]    INFO Main: +----------------------------+------+
[1350m]    INFO Main: | Level 1 Early Reject       | 1042 |
[1350m]    INFO Main: +----------------------------+------+
[1350m]    INFO Main: | Level 1 Result Unavailable | 0    |
[1350m]    INFO Main: +----------------------------+------+
[1350m]    INFO Main: | Level 2 Timeout            | 5    |
[1350m]    INFO Main: +----------------------------+------+
[1350m]    INFO Main: | Level 2 Analysis Error     | 0    |
[1350m]    INFO Main: +----------------------------+------+
[1350m]    INFO Main: | Level 2 Duplicate          | 0    |
[1350m]    INFO Main: +----------------------------+------+
[1350m]    INFO Main: | Level 2 Result Unavailable | 7    |
[1350m]    INFO Main: +----------------------------+------+
[1350m]    INFO Main: Outputs of fast exploration are generated
[1350m]    INFO Main: Finish the exploration
