[   0m]    INFO Main: Workspace initialized
[   0m]    INFO Main: Loading configurations
[   0m]    INFO Main: Initializing the database at port 6001
[   0m]    INFO Main: Initializing the evaluator
[   0m]    INFO Main: Compiling design space for scope map
[   0m]    INFO DSProc: Design space contains 13838400 valid design points
[   0m]    INFO DSProc: Finished design space compilation
[   0m]    INFO Main: Building the scope map
[   2m]    INFO Report: DSE Configure
[   2m]    INFO Report: +--------------------+--------------+
[   2m]    INFO Report: |       Config       |    Value     |
[   2m]    INFO Report: +====================+==============+
[   2m]    INFO Report: | Project            | dse_project  |
[   2m]    INFO Report: +--------------------+--------------+
[   2m]    INFO Report: | Backup mode        | BACKUP_ERROR |
[   2m]    INFO Report: +--------------------+--------------+
[   2m]    INFO Report: | Fast mode output # | 4            |
[   2m]    INFO Report: +--------------------+--------------+
[   2m]    INFO Report: | Execution mode     | fast-dse     |
[   2m]    INFO Report: +--------------------+--------------+
[   2m]    INFO Report: | Search approach    | gradient     |
[   2m]    INFO Report: +--------------------+--------------+
[   2m]    INFO Report: | DSE time           | 1000         |
[   2m]    INFO Report: +--------------------+--------------+
[   2m]    INFO Report: | HLS time           | 180          |
[   2m]    INFO Report: +--------------------+--------------+
[   2m]    INFO Report: The actual elapsed time may be over the set up exploration time
[   2m]    INFO Report: because we do not abandon the effort of running cases
[   2m]    INFO Main: Compiling design space
[   2m]    INFO DSProc: Design space contains 13838400 valid design points
[   2m]    INFO DSProc: Finished design space compilation
[   2m]    INFO Main: Partitioning the design space to at maximum 4 parts
[   2m]    INFO Main: 4 parts generated
[   2m]    INFO Main: Start the exploration
[   2m]    INFO Main: 4 explorers have been launched
[   3m]    INFO Report: Best result reporting...
[   3m]    INFO Report: +-------+-------+-------------------------------------------+
[   3m]    INFO Report: |Quality|Perf.  |Resource                                   |
[   3m]    INFO Report: +-------+-------+-------------------------------------------+
[   6m]    INFO Report: |5.1e-07|2.0e+06|BRAM:18.0%, DSP:0.0%, LUT:2.0%, FF:1.0%    |
[   6m]    INFO Report: +-------+-------+-------------------------------------------+
[   7m]    INFO Report: |1.0e-06|9.9e+05|BRAM:20.0%, DSP:29.0%, LUT:12.0%, FF:11.0% |
[   7m]    INFO Report: +-------+-------+-------------------------------------------+
[  66m]    INFO Report: |1.0e-06|9.9e+05|BRAM:10.0%, DSP:29.0%, LUT:52.0%, FF:21.0% |
[  66m]    INFO Report: +-------+-------+-------------------------------------------+
[  72m]    INFO Report: |4.3e-05|2.3e+04|BRAM:12.0%, DSP:29.0%, LUT:56.0%, FF:23.0% |
[  72m]    INFO Report: +-------+-------+-------------------------------------------+
[ 549m]    INFO Report: |4.3e-05|2.3e+04|BRAM:21.0%, DSP:233.0%, LUT:142.0%, FF:100.0%|
[ 549m]    INFO Report: +-------+-------+-------------------------------------------+
[1356m]    INFO Main: DSE Summary
[1356m]    INFO Main: +----------------------------+------+
[1356m]    INFO Main: | Total Explored             | 1130 |
[1356m]    INFO Main: +----------------------------+------+
[1356m]    INFO Main: | Level 1 Timeout            | 0    |
[1356m]    INFO Main: +----------------------------+------+
[1356m]    INFO Main: | Level 1 Analysis Error     | 0    |
[1356m]    INFO Main: +----------------------------+------+
[1356m]    INFO Main: | Level 1 Early Reject       | 887  |
[1356m]    INFO Main: +----------------------------+------+
[1356m]    INFO Main: | Level 1 Result Unavailable | 0    |
[1356m]    INFO Main: +----------------------------+------+
[1356m]    INFO Main: | Level 2 Timeout            | 8    |
[1356m]    INFO Main: +----------------------------+------+
[1356m]    INFO Main: | Level 2 Analysis Error     | 0    |
[1356m]    INFO Main: +----------------------------+------+
[1356m]    INFO Main: | Level 2 Duplicate          | 30   |
[1356m]    INFO Main: +----------------------------+------+
[1356m]    INFO Main: | Level 2 Result Unavailable | 59   |
[1356m]    INFO Main: +----------------------------+------+
[1357m]    INFO Main: Outputs of fast exploration are generated
[1357m]    INFO Main: Finish the exploration
