[   2m]    INFO Search: Computation order (high to low): ['PARALLEL', 'PIPELINE']
[   2m]    INFO Search: Communication order (high to low): ['INTERFACE', 'CACHE', 'PIPELINE', 'TILE', 'TILING']
[   2m]    INFO Search: Launch gradient search algorithm
[  72m]    INFO Search: Focus parameters (high order goes to tail): ['__TILE__L1', '__TILE__L0', '__PIPE__L1', '__PARA__L1', '__PIPE__L0', '__PARA__L0']
[  72m]    INFO Search: === ITERATION 1 ===
[  72m]    INFO Search: Tree Level 0
[  72m]    INFO Search: Working Node:
[  72m]    INFO Search: +---------+------------------------------------------------------------------------------------------------------------+
[  72m]    INFO Search: | Point   | __PARA__L0-1.__PARA__L1-1.__PARA__L2-1.__PARA__L3-1.__PIPE__L0-flatten.__PIPE__L1-flatten.__TILE__L0-      |
[  72m]    INFO Search: |         | 1.__TILE__L1-1                                                                                             |
[  72m]    INFO Search: +---------+------------------------------------------------------------------------------------------------------------+
[  72m]    INFO Search: | Quality | 0.00e+00                                                                                                   |
[  72m]    INFO Search: +---------+------------------------------------------------------------------------------------------------------------+
[  72m]    INFO Search: | Perf.   | 2.35e+04                                                                                                   |
[  72m]    INFO Search: +---------+------------------------------------------------------------------------------------------------------------+
[  72m]    INFO Search: | Child   | ('__TILE__L1', '14')<-('__TILE__L0', '14')<-('__PIPE__L1', '')<-('__PARA__L1', '10,4')<-('__PIPE__L0',     |
[  72m]    INFO Search: |         | '')<-('__PARA__L0', '10,4')                                                                                |
[  72m]    INFO Search: +---------+------------------------------------------------------------------------------------------------------------+
[  72m]    INFO Search: | Tuned   |                                                                                                            |
[  72m]    INFO Search: +---------+------------------------------------------------------------------------------------------------------------+
[  72m]    INFO Search: Working batch: __PARA__L0
[  72m]    INFO Search: Evaluating 4 poitns
[ 340m]    INFO Search: Received results from evaluator
[ 340m]    INFO Search: Results
[ 340m]    INFO Search: +--------------+----------+----------+--------------------+--------+-------+
[ 340m]    INFO Search: |     Tag      | Quality  |  Perf.   | BRAM, DSP, LUT, FF | Status | Valid |
[ 340m]    INFO Search: +==============+==========+==========+====================+========+=======+
[ 340m]    INFO Search: | __PARA__L0-2 | 4.26e-05 | 2.35e+04 | 0.2, 0.6, 0.7, 0.3 | PASS   | True  |
[ 340m]    INFO Search: +--------------+----------+----------+--------------------+--------+-------+
[ 340m]    INFO Search: -> Add to level 1 with 5 tunable parameters: ['__TILE__L0', '__TILE__L1', '__PIPE__L0', '__PIPE__L1', '__PARA__L1']
[ 340m]    INFO Search: +--------------+---------+----------+--------------------+--------+-------+
[ 340m]    INFO Search: |     Tag      | Quality |  Perf.   | BRAM, DSP, LUT, FF | Status | Valid |
[ 340m]    INFO Search: +==============+=========+==========+====================+========+=======+
[ 340m]    INFO Search: | __PARA__L0-4 | -inf    | 2.35e+04 | 0.0, 1.2, 1.0, 0.6 | PASS   | False |
[ 340m]    INFO Search: +--------------+---------+----------+--------------------+--------+-------+
[ 340m]    INFO Search: -> No quality, abandon
[ 340m]    INFO Search: +--------------+---------+----------+--------------------+-------------+-------+
[ 340m]    INFO Search: |     Tag      | Quality |  Perf.   | BRAM, DSP, LUT, FF |   Status    | Valid |
[ 340m]    INFO Search: +==============+=========+==========+====================+=============+=======+
[ 340m]    INFO Search: | __PARA__L0-8 | -inf    | 0.00e+00 | 0.0, 0.0, 0.0, 0.0 | UNAVAILABLE | False |
[ 340m]    INFO Search: +--------------+---------+----------+--------------------+-------------+-------+
[ 340m]    INFO Search: -> No quality, abandon
[ 340m]    INFO Search: +---------------+---------+----------+--------------------+-------------+-------+
[ 340m]    INFO Search: |      Tag      | Quality |  Perf.   | BRAM, DSP, LUT, FF |   Status    | Valid |
[ 340m]    INFO Search: +===============+=========+==========+====================+=============+=======+
[ 340m]    INFO Search: | __PARA__L0-16 | -inf    | 0.00e+00 | 0.0, 0.0, 0.0, 0.0 | UNAVAILABLE | False |
[ 340m]    INFO Search: +---------------+---------+----------+--------------------+-------------+-------+
[ 340m]    INFO Search: -> No quality, abandon
[ 340m]    INFO Search: === ITERATION 2 ===
[ 340m]    INFO Search: Tree Level 1
[ 340m]    INFO Search: Working Node:
[ 340m]    INFO Search: +---------+------------------------------------------------------------------------------------------------------------+
[ 340m]    INFO Search: | Point   | __PARA__L0-2.__PARA__L1-1.__PARA__L2-1.__PARA__L3-1.__PIPE__L0-flatten.__PIPE__L1-flatten.__TILE__L0-      |
[ 340m]    INFO Search: |         | 1.__TILE__L1-1                                                                                             |
[ 340m]    INFO Search: +---------+------------------------------------------------------------------------------------------------------------+
[ 340m]    INFO Search: | Quality | 4.26e-05                                                                                                   |
[ 340m]    INFO Search: +---------+------------------------------------------------------------------------------------------------------------+
[ 340m]    INFO Search: | Perf.   | 2.35e+04                                                                                                   |
[ 340m]    INFO Search: +---------+------------------------------------------------------------------------------------------------------------+
[ 340m]    INFO Search: | Child   | ('__TILE__L0', '14')<-('__TILE__L1', '14')<-('__PIPE__L0', '')<-('__PIPE__L1', '')<-('__PARA__L1', '10,4') |
[ 340m]    INFO Search: +---------+------------------------------------------------------------------------------------------------------------+
[ 340m]    INFO Search: | Tuned   | __PARA__L0                                                                                                 |
[ 340m]    INFO Search: +---------+------------------------------------------------------------------------------------------------------------+
[ 340m]    INFO Search: Working batch: __PARA__L1
[ 340m]    INFO Search: Evaluating 4 poitns
[ 549m]    INFO Search: Received results from evaluator
[ 549m]    INFO Search: Results
[ 549m]    INFO Search: +--------------+----------+----------+--------------------+--------+-------+
[ 549m]    INFO Search: |     Tag      | Quality  |  Perf.   | BRAM, DSP, LUT, FF | Status | Valid |
[ 549m]    INFO Search: +==============+==========+==========+====================+========+=======+
[ 549m]    INFO Search: | __PARA__L1-2 | 4.30e-05 | 2.33e+04 | 0.2, 0.6, 0.7, 0.4 | PASS   | True  |
[ 549m]    INFO Search: +--------------+----------+----------+--------------------+--------+-------+
[ 549m]    INFO Search: -> Add to level 2 with 4 tunable parameters: ['__TILE__L1', '__TILE__L0', '__PIPE__L1', '__PIPE__L0']
[ 549m]    INFO Search: +--------------+---------+----------+--------------------+-------------+-------+
[ 549m]    INFO Search: |     Tag      | Quality |  Perf.   | BRAM, DSP, LUT, FF |   Status    | Valid |
[ 549m]    INFO Search: +==============+=========+==========+====================+=============+=======+
[ 549m]    INFO Search: | __PARA__L1-4 | -inf    | 0.00e+00 | 0.0, 0.0, 0.0, 0.0 | UNAVAILABLE | False |
[ 549m]    INFO Search: +--------------+---------+----------+--------------------+-------------+-------+
[ 549m]    INFO Search: -> No quality, abandon
[ 549m]    INFO Search: +--------------+---------+----------+--------------------+--------+-------+
[ 549m]    INFO Search: |     Tag      | Quality |  Perf.   | BRAM, DSP, LUT, FF | Status | Valid |
[ 549m]    INFO Search: +==============+=========+==========+====================+========+=======+
[ 549m]    INFO Search: | __PARA__L1-8 | -inf    | 2.31e+04 | 0.2, 2.3, 1.4, 1.0 | PASS   | False |
[ 549m]    INFO Search: +--------------+---------+----------+--------------------+--------+-------+
[ 549m]    INFO Search: -> No quality, abandon
[ 549m]    INFO Search: +---------------+---------+----------+--------------------+-------------+-------+
[ 549m]    INFO Search: |      Tag      | Quality |  Perf.   | BRAM, DSP, LUT, FF |   Status    | Valid |
[ 549m]    INFO Search: +===============+=========+==========+====================+=============+=======+
[ 549m]    INFO Search: | __PARA__L1-16 | -inf    | 0.00e+00 | 0.0, 0.0, 0.0, 0.0 | UNAVAILABLE | False |
[ 549m]    INFO Search: +---------------+---------+----------+--------------------+-------------+-------+
[ 549m]    INFO Search: -> No quality, abandon
[ 549m]    INFO Search: === ITERATION 3 ===
[ 549m]    INFO Search: Tree Level 2
[ 549m]    INFO Search: Working Node:
[ 549m]    INFO Search: +---------+------------------------------------------------------------------------------------------------------------+
[ 549m]    INFO Search: | Point   | __PARA__L0-2.__PARA__L1-2.__PARA__L2-1.__PARA__L3-1.__PIPE__L0-flatten.__PIPE__L1-flatten.__TILE__L0-      |
[ 549m]    INFO Search: |         | 1.__TILE__L1-1                                                                                             |
[ 549m]    INFO Search: +---------+------------------------------------------------------------------------------------------------------------+
[ 549m]    INFO Search: | Quality | 4.30e-05                                                                                                   |
[ 549m]    INFO Search: +---------+------------------------------------------------------------------------------------------------------------+
[ 549m]    INFO Search: | Perf.   | 2.33e+04                                                                                                   |
[ 549m]    INFO Search: +---------+------------------------------------------------------------------------------------------------------------+
[ 549m]    INFO Search: | Child   | ('__TILE__L1', '14')<-('__TILE__L0', '14')<-('__PIPE__L1', '')<-('__PIPE__L0', '')                         |
[ 549m]    INFO Search: +---------+------------------------------------------------------------------------------------------------------------+
[ 549m]    INFO Search: | Tuned   | __PARA__L0,__PARA__L1                                                                                      |
[ 549m]    INFO Search: +---------+------------------------------------------------------------------------------------------------------------+
[ 549m]    INFO Search: No batch to be worked
[ 549m]    INFO Search: Run out of batches of parameter __PIPE__L0
[ 549m]    INFO Search: === ITERATION 4 ===
[ 549m]    INFO Search: Tree Level 2
[ 549m]    INFO Search: Working Node:
[ 549m]    INFO Search: +---------+------------------------------------------------------------------------------------------------------------+
[ 549m]    INFO Search: | Point   | __PARA__L0-2.__PARA__L1-2.__PARA__L2-1.__PARA__L3-1.__PIPE__L0-flatten.__PIPE__L1-flatten.__TILE__L0-      |
[ 549m]    INFO Search: |         | 1.__TILE__L1-1                                                                                             |
[ 549m]    INFO Search: +---------+------------------------------------------------------------------------------------------------------------+
[ 549m]    INFO Search: | Quality | 4.30e-05                                                                                                   |
[ 549m]    INFO Search: +---------+------------------------------------------------------------------------------------------------------------+
[ 549m]    INFO Search: | Perf.   | 2.33e+04                                                                                                   |
[ 549m]    INFO Search: +---------+------------------------------------------------------------------------------------------------------------+
[ 549m]    INFO Search: | Child   | ('__TILE__L1', '14')<-('__TILE__L0', '14')<-('__PIPE__L1', '')                                             |
[ 549m]    INFO Search: +---------+------------------------------------------------------------------------------------------------------------+
[ 549m]    INFO Search: | Tuned   | __PARA__L0,__PARA__L1                                                                                      |
[ 549m]    INFO Search: +---------+------------------------------------------------------------------------------------------------------------+
[ 549m]    INFO Search: No batch to be worked
[ 549m]    INFO Search: Run out of batches of parameter __PIPE__L1
[ 549m]    INFO Search: === ITERATION 5 ===
[ 549m]    INFO Search: Tree Level 2
[ 549m]    INFO Search: Working Node:
[ 549m]    INFO Search: +---------+------------------------------------------------------------------------------------------------------------+
[ 549m]    INFO Search: | Point   | __PARA__L0-2.__PARA__L1-2.__PARA__L2-1.__PARA__L3-1.__PIPE__L0-flatten.__PIPE__L1-flatten.__TILE__L0-      |
[ 549m]    INFO Search: |         | 1.__TILE__L1-1                                                                                             |
[ 549m]    INFO Search: +---------+------------------------------------------------------------------------------------------------------------+
[ 549m]    INFO Search: | Quality | 4.30e-05                                                                                                   |
[ 549m]    INFO Search: +---------+------------------------------------------------------------------------------------------------------------+
[ 549m]    INFO Search: | Perf.   | 2.33e+04                                                                                                   |
[ 549m]    INFO Search: +---------+------------------------------------------------------------------------------------------------------------+
[ 549m]    INFO Search: | Child   | ('__TILE__L1', '14')<-('__TILE__L0', '14')                                                                 |
[ 549m]    INFO Search: +---------+------------------------------------------------------------------------------------------------------------+
[ 549m]    INFO Search: | Tuned   | __PARA__L0,__PARA__L1                                                                                      |
[ 549m]    INFO Search: +---------+------------------------------------------------------------------------------------------------------------+
[ 549m]    INFO Search: Working batch: __TILE__L0
[ 549m]    INFO Search: Evaluating 14 poitns
[ 903m]    INFO Search: Received results from evaluator
[ 903m]    INFO Search: Results
[ 903m]    INFO Search: +--------------+---------+----------+--------------------+--------------+-------+
[ 903m]    INFO Search: |     Tag      | Quality |  Perf.   | BRAM, DSP, LUT, FF |    Status    | Valid |
[ 903m]    INFO Search: +==============+=========+==========+====================+==============+=======+
[ 903m]    INFO Search: | __TILE__L0-2 | -inf    | 0.00e+00 | 0.0, 0.0, 0.0, 0.0 | EARLY_REJECT | False |
[ 903m]    INFO Search: +--------------+---------+----------+--------------------+--------------+-------+
[ 903m]    INFO Search: -> No quality, abandon
[ 903m]    INFO Search: +--------------+---------+----------+--------------------+--------------+-------+
[ 903m]    INFO Search: |     Tag      | Quality |  Perf.   | BRAM, DSP, LUT, FF |    Status    | Valid |
[ 903m]    INFO Search: +==============+=========+==========+====================+==============+=======+
[ 903m]    INFO Search: | __TILE__L0-4 | -inf    | 0.00e+00 | 0.0, 0.0, 0.0, 0.0 | EARLY_REJECT | False |
[ 903m]    INFO Search: +--------------+---------+----------+--------------------+--------------+-------+
[ 903m]    INFO Search: -> No quality, abandon
[ 903m]    INFO Search: +--------------+---------+----------+--------------------+--------------+-------+
[ 903m]    INFO Search: |     Tag      | Quality |  Perf.   | BRAM, DSP, LUT, FF |    Status    | Valid |
[ 903m]    INFO Search: +==============+=========+==========+====================+==============+=======+
[ 903m]    INFO Search: | __TILE__L0-5 | -inf    | 0.00e+00 | 0.0, 0.0, 0.0, 0.0 | EARLY_REJECT | False |
[ 903m]    INFO Search: +--------------+---------+----------+--------------------+--------------+-------+
[ 903m]    INFO Search: -> No quality, abandon
[ 903m]    INFO Search: +---------------+---------+----------+--------------------+--------------+-------+
[ 903m]    INFO Search: |      Tag      | Quality |  Perf.   | BRAM, DSP, LUT, FF |    Status    | Valid |
[ 903m]    INFO Search: +===============+=========+==========+====================+==============+=======+
[ 903m]    INFO Search: | __TILE__L0-10 | -inf    | 0.00e+00 | 0.0, 0.0, 0.0, 0.0 | EARLY_REJECT | False |
[ 903m]    INFO Search: +---------------+---------+----------+--------------------+--------------+-------+
[ 903m]    INFO Search: -> No quality, abandon
[ 903m]    INFO Search: +---------------+---------+----------+--------------------+--------------+-------+
[ 903m]    INFO Search: |      Tag      | Quality |  Perf.   | BRAM, DSP, LUT, FF |    Status    | Valid |
[ 903m]    INFO Search: +===============+=========+==========+====================+==============+=======+
[ 903m]    INFO Search: | __TILE__L0-20 | -inf    | 0.00e+00 | 0.0, 0.0, 0.0, 0.0 | EARLY_REJECT | False |
[ 903m]    INFO Search: +---------------+---------+----------+--------------------+--------------+-------+
[ 903m]    INFO Search: -> No quality, abandon
[ 903m]    INFO Search: +---------------+---------+----------+--------------------+--------------+-------+
[ 903m]    INFO Search: |      Tag      | Quality |  Perf.   | BRAM, DSP, LUT, FF |    Status    | Valid |
[ 903m]    INFO Search: +===============+=========+==========+====================+==============+=======+
[ 903m]    INFO Search: | __TILE__L0-25 | -inf    | 0.00e+00 | 0.0, 0.0, 0.0, 0.0 | EARLY_REJECT | False |
[ 903m]    INFO Search: +---------------+---------+----------+--------------------+--------------+-------+
[ 903m]    INFO Search: -> No quality, abandon
[ 903m]    INFO Search: +---------------+---------+----------+--------------------+--------------+-------+
[ 903m]    INFO Search: |      Tag      | Quality |  Perf.   | BRAM, DSP, LUT, FF |    Status    | Valid |
[ 903m]    INFO Search: +===============+=========+==========+====================+==============+=======+
[ 903m]    INFO Search: | __TILE__L0-50 | -inf    | 0.00e+00 | 0.0, 0.0, 0.0, 0.0 | EARLY_REJECT | False |
[ 903m]    INFO Search: +---------------+---------+----------+--------------------+--------------+-------+
[ 903m]    INFO Search: -> No quality, abandon
[ 903m]    INFO Search: +----------------+---------+----------+--------------------+--------------+-------+
[ 903m]    INFO Search: |      Tag       | Quality |  Perf.   | BRAM, DSP, LUT, FF |    Status    | Valid |
[ 903m]    INFO Search: +================+=========+==========+====================+==============+=======+
[ 903m]    INFO Search: | __TILE__L0-100 | -inf    | 0.00e+00 | 0.0, 0.0, 0.0, 0.0 | EARLY_REJECT | False |
[ 903m]    INFO Search: +----------------+---------+----------+--------------------+--------------+-------+
[ 903m]    INFO Search: -> No quality, abandon
[ 903m]    INFO Search: +--------------+----------+----------+--------------------+--------+-------+
[ 903m]    INFO Search: |     Tag      | Quality  |  Perf.   | BRAM, DSP, LUT, FF | Status | Valid |
[ 903m]    INFO Search: +==============+==========+==========+====================+========+=======+
[ 903m]    INFO Search: | __TILE__L0-8 | 8.09e-07 | 1.24e+06 | 0.2, 0.8, 0.7, 0.4 | PASS   | True  |
[ 903m]    INFO Search: +--------------+----------+----------+--------------------+--------+-------+
[ 903m]    INFO Search: -> Add to level 3 with 3 tunable parameters: ['__TILE__L1', '__PIPE__L1', '__PIPE__L0']
[ 903m]    INFO Search: +---------------+---------+----------+--------------------+-------------+-------+
[ 903m]    INFO Search: |      Tag      | Quality |  Perf.   | BRAM, DSP, LUT, FF |   Status    | Valid |
[ 903m]    INFO Search: +===============+=========+==========+====================+=============+=======+
[ 903m]    INFO Search: | __TILE__L0-16 | -inf    | 0.00e+00 | 0.0, 0.0, 0.0, 0.0 | UNAVAILABLE | False |
[ 903m]    INFO Search: +---------------+---------+----------+--------------------+-------------+-------+
[ 903m]    INFO Search: -> No quality, abandon
[ 903m]    INFO Search: +---------------+---------+----------+--------------------+--------+-------+
[ 903m]    INFO Search: |      Tag      | Quality |  Perf.   | BRAM, DSP, LUT, FF | Status | Valid |
[ 903m]    INFO Search: +===============+=========+==========+====================+========+=======+
[ 903m]    INFO Search: | __TILE__L0-40 | -inf    | 3.33e+04 | 0.0, 1.2, 1.0, 0.6 | PASS   | False |
[ 903m]    INFO Search: +---------------+---------+----------+--------------------+--------+-------+
[ 903m]    INFO Search: -> No quality, abandon
[ 903m]    INFO Search: +---------------+---------+----------+--------------------+-------------+-------+
[ 903m]    INFO Search: |      Tag      | Quality |  Perf.   | BRAM, DSP, LUT, FF |   Status    | Valid |
[ 903m]    INFO Search: +===============+=========+==========+====================+=============+=======+
[ 903m]    INFO Search: | __TILE__L0-80 | -inf    | 0.00e+00 | 0.0, 0.0, 0.0, 0.0 | UNAVAILABLE | False |
[ 903m]    INFO Search: +---------------+---------+----------+--------------------+-------------+-------+
[ 903m]    INFO Search: -> No quality, abandon
[ 903m]    INFO Search: +----------------+----------+----------+--------------------+--------+-------+
[ 903m]    INFO Search: |      Tag       | Quality  |  Perf.   | BRAM, DSP, LUT, FF | Status | Valid |
[ 903m]    INFO Search: +================+==========+==========+====================+========+=======+
[ 903m]    INFO Search: | __TILE__L0-200 | 4.30e-05 | 2.33e+04 | 0.2, 0.6, 0.7, 0.4 | PASS   | True  |
[ 903m]    INFO Search: +----------------+----------+----------+--------------------+--------+-------+
[ 903m]    INFO Search: -> Add to level 3 with 3 tunable parameters: ['__TILE__L1', '__PIPE__L1', '__PIPE__L0']
[ 903m]    INFO Search: +----------------+----------+----------+--------------------+--------+-------+
[ 903m]    INFO Search: |      Tag       | Quality  |  Perf.   | BRAM, DSP, LUT, FF | Status | Valid |
[ 903m]    INFO Search: +================+==========+==========+====================+========+=======+
[ 903m]    INFO Search: | __TILE__L0-400 | 4.30e-05 | 2.33e+04 | 0.1, 0.6, 0.7, 0.3 | PASS   | True  |
[ 903m]    INFO Search: +----------------+----------+----------+--------------------+--------+-------+
[ 903m]    INFO Search: -> Add to level 3 with 3 tunable parameters: ['__TILE__L1', '__PIPE__L1', '__PIPE__L0']
[ 903m]    INFO Search: Run out of batches of parameter __TILE__L0
[ 903m]    INFO Search: === ITERATION 6 ===
[ 903m]    INFO Search: Tree Level 3
[ 903m]    INFO Search: Working Node:
[ 903m]    INFO Search: +---------+------------------------------------------------------------------------------------------------------------+
[ 903m]    INFO Search: | Point   | __PARA__L0-1.__PARA__L1-2.__PARA__L2-1.__PARA__L3-1.__PIPE__L0-flatten.__PIPE__L1-flatten.__TILE__L0-      |
[ 903m]    INFO Search: |         | 400.__TILE__L1-1                                                                                           |
[ 903m]    INFO Search: +---------+------------------------------------------------------------------------------------------------------------+
[ 903m]    INFO Search: | Quality | 4.30e-05                                                                                                   |
[ 903m]    INFO Search: +---------+------------------------------------------------------------------------------------------------------------+
[ 903m]    INFO Search: | Perf.   | 2.33e+04                                                                                                   |
[ 903m]    INFO Search: +---------+------------------------------------------------------------------------------------------------------------+
[ 903m]    INFO Search: | Child   | ('__TILE__L1', '14')<-('__PIPE__L1', '')<-('__PIPE__L0', '')                                               |
[ 903m]    INFO Search: +---------+------------------------------------------------------------------------------------------------------------+
[ 903m]    INFO Search: | Tuned   | __PARA__L0,__PARA__L1,__TILE__L0                                                                           |
[ 903m]    INFO Search: +---------+------------------------------------------------------------------------------------------------------------+
[ 903m]    INFO Search: No batch to be worked
[ 903m]    INFO Search: Run out of batches of parameter __PIPE__L0
[ 903m]    INFO Search: === ITERATION 7 ===
[ 903m]    INFO Search: Tree Level 3
[ 903m]    INFO Search: Working Node:
[ 903m]    INFO Search: +---------+------------------------------------------------------------------------------------------------------------+
[ 903m]    INFO Search: | Point   | __PARA__L0-1.__PARA__L1-2.__PARA__L2-1.__PARA__L3-1.__PIPE__L0-flatten.__PIPE__L1-flatten.__TILE__L0-      |
[ 903m]    INFO Search: |         | 400.__TILE__L1-1                                                                                           |
[ 903m]    INFO Search: +---------+------------------------------------------------------------------------------------------------------------+
[ 903m]    INFO Search: | Quality | 4.30e-05                                                                                                   |
[ 903m]    INFO Search: +---------+------------------------------------------------------------------------------------------------------------+
[ 903m]    INFO Search: | Perf.   | 2.33e+04                                                                                                   |
[ 903m]    INFO Search: +---------+------------------------------------------------------------------------------------------------------------+
[ 903m]    INFO Search: | Child   | ('__TILE__L1', '14')<-('__PIPE__L1', '')                                                                   |
[ 903m]    INFO Search: +---------+------------------------------------------------------------------------------------------------------------+
[ 903m]    INFO Search: | Tuned   | __PARA__L0,__PARA__L1,__TILE__L0                                                                           |
[ 903m]    INFO Search: +---------+------------------------------------------------------------------------------------------------------------+
[ 903m]    INFO Search: No batch to be worked
[ 903m]    INFO Search: Run out of batches of parameter __PIPE__L1
[ 903m]    INFO Search: === ITERATION 8 ===
[ 903m]    INFO Search: Tree Level 3
[ 903m]    INFO Search: Working Node:
[ 903m]    INFO Search: +---------+------------------------------------------------------------------------------------------------------------+
[ 903m]    INFO Search: | Point   | __PARA__L0-1.__PARA__L1-2.__PARA__L2-1.__PARA__L3-1.__PIPE__L0-flatten.__PIPE__L1-flatten.__TILE__L0-      |
[ 903m]    INFO Search: |         | 400.__TILE__L1-1                                                                                           |
[ 903m]    INFO Search: +---------+------------------------------------------------------------------------------------------------------------+
[ 903m]    INFO Search: | Quality | 4.30e-05                                                                                                   |
[ 903m]    INFO Search: +---------+------------------------------------------------------------------------------------------------------------+
[ 903m]    INFO Search: | Perf.   | 2.33e+04                                                                                                   |
[ 903m]    INFO Search: +---------+------------------------------------------------------------------------------------------------------------+
[ 903m]    INFO Search: | Child   | ('__TILE__L1', '14')                                                                                       |
[ 903m]    INFO Search: +---------+------------------------------------------------------------------------------------------------------------+
[ 903m]    INFO Search: | Tuned   | __PARA__L0,__PARA__L1,__TILE__L0                                                                           |
[ 903m]    INFO Search: +---------+------------------------------------------------------------------------------------------------------------+
[ 903m]    INFO Search: Working batch: __TILE__L1
[ 903m]    INFO Search: Evaluating 14 poitns
