[   2m]    INFO Search: Computation order (high to low): ['PARALLEL', 'PIPELINE']
[   2m]    INFO Search: Communication order (high to low): ['INTERFACE', 'CACHE', 'PIPELINE', 'TILE', 'TILING']
[   2m]    INFO Search: Launch gradient search algorithm
[  42m] WARNING Search: Default point is invalid: {'__PARA__L0': 1, '__PARA__L1': 1, '__PARA__L2': 1, '__PIPE__L0': 'flatten', '__PIPE__L1': 'off', '__TILE__L0': 1, '__TILE__L1': 1}
[  42m] WARNING Search: This exploration is low confidence to achieve high QoR.
[  42m]    INFO Search: Focus parameters (high order goes to tail): ['__TILE__L0', '__PIPE__L0', '__PARA__L0']
[  42m]    INFO Search: === ITERATION 1 ===
[  42m]    INFO Search: Tree Level 0
[  42m]    INFO Search: Working Node:
[  42m]    INFO Search: +---------+----------------------------------------------------------------------------------------------------+
[  42m]    INFO Search: | Point   | __PARA__L0-1.__PARA__L1-1.__PARA__L2-1.__PIPE__L0-flatten.__PIPE__L1-off.__TILE__L0-1.__TILE__L1-1 |
[  42m]    INFO Search: +---------+----------------------------------------------------------------------------------------------------+
[  42m]    INFO Search: | Quality | 0.00e+00                                                                                           |
[  42m]    INFO Search: +---------+----------------------------------------------------------------------------------------------------+
[  42m]    INFO Search: | Perf.   | 3.21e+03                                                                                           |
[  42m]    INFO Search: +---------+----------------------------------------------------------------------------------------------------+
[  42m]    INFO Search: | Child   | ('__TILE__L0', '8')<-('__PIPE__L0', '')<-('__PARA__L0', '6,2')                                     |
[  42m]    INFO Search: +---------+----------------------------------------------------------------------------------------------------+
[  42m]    INFO Search: | Tuned   |                                                                                                    |
[  42m]    INFO Search: +---------+----------------------------------------------------------------------------------------------------+
[  42m]    INFO Search: Working batch: __PARA__L0
[  42m]    INFO Search: Evaluating 2 poitns
[ 223m]    INFO Search: Received results from evaluator
[ 223m]    INFO Search: Results
[ 223m]    INFO Search: +--------------+---------+----------+--------------------+--------+-------+
[ 223m]    INFO Search: |     Tag      | Quality |  Perf.   | BRAM, DSP, LUT, FF | Status | Valid |
[ 223m]    INFO Search: +==============+=========+==========+====================+========+=======+
[ 223m]    INFO Search: | __PARA__L0-2 | -inf    | 3.16e+03 | 0.0, 9.3, 3.0, 2.9 | PASS   | False |
[ 223m]    INFO Search: +--------------+---------+----------+--------------------+--------+-------+
[ 223m]    INFO Search: -> No quality, abandon
[ 223m]    INFO Search: +--------------+---------+----------+--------------------+---------+-------+
[ 223m]    INFO Search: |     Tag      | Quality |  Perf.   | BRAM, DSP, LUT, FF | Status  | Valid |
[ 223m]    INFO Search: +==============+=========+==========+====================+=========+=======+
[ 223m]    INFO Search: | __PARA__L0-4 | -inf    | 0.00e+00 | 0.0, 0.0, 0.0, 0.0 | TIMEOUT | False |
[ 223m]    INFO Search: +--------------+---------+----------+--------------------+---------+-------+
[ 223m]    INFO Search: -> No quality, abandon
[ 223m]    INFO Search: === ITERATION 2 ===
[ 223m]    INFO Search: Tree Level 0
[ 223m]    INFO Search: Working Node:
[ 223m]    INFO Search: +---------+----------------------------------------------------------------------------------------------------+
[ 223m]    INFO Search: | Point   | __PARA__L0-1.__PARA__L1-1.__PARA__L2-1.__PIPE__L0-flatten.__PIPE__L1-off.__TILE__L0-1.__TILE__L1-1 |
[ 223m]    INFO Search: +---------+----------------------------------------------------------------------------------------------------+
[ 223m]    INFO Search: | Quality | 0.00e+00                                                                                           |
[ 223m]    INFO Search: +---------+----------------------------------------------------------------------------------------------------+
[ 223m]    INFO Search: | Perf.   | 3.21e+03                                                                                           |
[ 223m]    INFO Search: +---------+----------------------------------------------------------------------------------------------------+
[ 223m]    INFO Search: | Child   | ('__TILE__L0', '8')<-('__PIPE__L0', '')<-('__PARA__L0', '6')                                       |
[ 223m]    INFO Search: +---------+----------------------------------------------------------------------------------------------------+
[ 223m]    INFO Search: | Tuned   |                                                                                                    |
[ 223m]    INFO Search: +---------+----------------------------------------------------------------------------------------------------+
[ 223m]    INFO Search: Working batch: __PARA__L0
[ 223m]    INFO Search: Evaluating 6 poitns
[ 768m]    INFO Search: Received results from evaluator
[ 768m]    INFO Search: Results
[ 768m]    INFO Search: +--------------+---------+----------+--------------------+---------+-------+
[ 768m]    INFO Search: |     Tag      | Quality |  Perf.   | BRAM, DSP, LUT, FF | Status  | Valid |
[ 768m]    INFO Search: +==============+=========+==========+====================+=========+=======+
[ 768m]    INFO Search: | __PARA__L0-5 | -inf    | 0.00e+00 | 0.0, 0.0, 0.0, 0.0 | TIMEOUT | False |
[ 768m]    INFO Search: +--------------+---------+----------+--------------------+---------+-------+
[ 768m]    INFO Search: -> No quality, abandon
[ 768m]    INFO Search: +---------------+---------+----------+--------------------+---------+-------+
[ 768m]    INFO Search: |      Tag      | Quality |  Perf.   | BRAM, DSP, LUT, FF | Status  | Valid |
[ 768m]    INFO Search: +===============+=========+==========+====================+=========+=======+
[ 768m]    INFO Search: | __PARA__L0-10 | -inf    | 0.00e+00 | 0.0, 0.0, 0.0, 0.0 | TIMEOUT | False |
[ 768m]    INFO Search: +---------------+---------+----------+--------------------+---------+-------+
[ 768m]    INFO Search: -> No quality, abandon
[ 768m]    INFO Search: +---------------+---------+----------+--------------------+---------+-------+
[ 768m]    INFO Search: |      Tag      | Quality |  Perf.   | BRAM, DSP, LUT, FF | Status  | Valid |
[ 768m]    INFO Search: +===============+=========+==========+====================+=========+=======+
[ 768m]    INFO Search: | __PARA__L0-20 | -inf    | 0.00e+00 | 0.0, 0.0, 0.0, 0.0 | TIMEOUT | False |
[ 768m]    INFO Search: +---------------+---------+----------+--------------------+---------+-------+
[ 768m]    INFO Search: -> No quality, abandon
[ 768m]    INFO Search: +---------------+---------+----------+--------------------+---------+-------+
[ 768m]    INFO Search: |      Tag      | Quality |  Perf.   | BRAM, DSP, LUT, FF | Status  | Valid |
[ 768m]    INFO Search: +===============+=========+==========+====================+=========+=======+
[ 768m]    INFO Search: | __PARA__L0-25 | -inf    | 0.00e+00 | 0.0, 0.0, 0.0, 0.0 | TIMEOUT | False |
[ 768m]    INFO Search: +---------------+---------+----------+--------------------+---------+-------+
[ 768m]    INFO Search: -> No quality, abandon
[ 768m]    INFO Search: +---------------+---------+----------+--------------------+-------------+-------+
[ 768m]    INFO Search: |      Tag      | Quality |  Perf.   | BRAM, DSP, LUT, FF |   Status    | Valid |
[ 768m]    INFO Search: +===============+=========+==========+====================+=============+=======+
[ 768m]    INFO Search: | __PARA__L0-50 | -inf    | 0.00e+00 | 0.0, 0.0, 0.0, 0.0 | UNAVAILABLE | False |
[ 768m]    INFO Search: +---------------+---------+----------+--------------------+-------------+-------+
[ 768m]    INFO Search: -> No quality, abandon
[ 768m]    INFO Search: +----------------+---------+----------+--------------------+---------+-------+
[ 768m]    INFO Search: |      Tag       | Quality |  Perf.   | BRAM, DSP, LUT, FF | Status  | Valid |
[ 768m]    INFO Search: +================+=========+==========+====================+=========+=======+
[ 768m]    INFO Search: | __PARA__L0-100 | -inf    | 0.00e+00 | 0.0, 0.0, 0.0, 0.0 | TIMEOUT | False |
[ 768m]    INFO Search: +----------------+---------+----------+--------------------+---------+-------+
[ 768m]    INFO Search: -> No quality, abandon
[ 768m]    INFO Search: Run out of batches of parameter __PARA__L0
[ 768m]    INFO Search: === ITERATION 3 ===
[ 768m]    INFO Search: Tree Level 0
[ 768m]    INFO Search: Working Node:
[ 768m]    INFO Search: +---------+----------------------------------------------------------------------------------------------------+
[ 768m]    INFO Search: | Point   | __PARA__L0-1.__PARA__L1-1.__PARA__L2-1.__PIPE__L0-flatten.__PIPE__L1-off.__TILE__L0-1.__TILE__L1-1 |
[ 768m]    INFO Search: +---------+----------------------------------------------------------------------------------------------------+
[ 768m]    INFO Search: | Quality | 0.00e+00                                                                                           |
[ 768m]    INFO Search: +---------+----------------------------------------------------------------------------------------------------+
[ 768m]    INFO Search: | Perf.   | 3.21e+03                                                                                           |
[ 768m]    INFO Search: +---------+----------------------------------------------------------------------------------------------------+
[ 768m]    INFO Search: | Child   | ('__TILE__L0', '8')<-('__PIPE__L0', '')                                                            |
[ 768m]    INFO Search: +---------+----------------------------------------------------------------------------------------------------+
[ 768m]    INFO Search: | Tuned   |                                                                                                    |
[ 768m]    INFO Search: +---------+----------------------------------------------------------------------------------------------------+
[ 768m]    INFO Search: No batch to be worked
[ 768m]    INFO Search: Run out of batches of parameter __PIPE__L0
[ 768m]    INFO Search: === ITERATION 4 ===
[ 768m]    INFO Search: Tree Level 0
[ 768m]    INFO Search: Working Node:
[ 768m]    INFO Search: +---------+----------------------------------------------------------------------------------------------------+
[ 768m]    INFO Search: | Point   | __PARA__L0-1.__PARA__L1-1.__PARA__L2-1.__PIPE__L0-flatten.__PIPE__L1-off.__TILE__L0-1.__TILE__L1-1 |
[ 768m]    INFO Search: +---------+----------------------------------------------------------------------------------------------------+
[ 768m]    INFO Search: | Quality | 0.00e+00                                                                                           |
[ 768m]    INFO Search: +---------+----------------------------------------------------------------------------------------------------+
[ 768m]    INFO Search: | Perf.   | 3.21e+03                                                                                           |
[ 768m]    INFO Search: +---------+----------------------------------------------------------------------------------------------------+
[ 768m]    INFO Search: | Child   | ('__TILE__L0', '8')                                                                                |
[ 768m]    INFO Search: +---------+----------------------------------------------------------------------------------------------------+
[ 768m]    INFO Search: | Tuned   |                                                                                                    |
[ 768m]    INFO Search: +---------+----------------------------------------------------------------------------------------------------+
[ 768m]    INFO Search: Working batch: __TILE__L0
[ 768m]    INFO Search: Evaluating 8 poitns
