

================================================================
== Vitis HLS Report for 'kernel_nlp_Pipeline_VITIS_LOOP_66_4_VITIS_LOOP_67_5'
================================================================
* Date:           Thu Dec 12 02:36:27 2024

* Version:        2023.2 (Build 4023990 on Oct 11 2023)
* Project:        kernel_nlp
* Solution:       solution (Vitis Kernel Flow Target)
* Product family: virtexuplus
* Target device:  xcu200-fsgd2104-2-e


================================================================
== Performance Estimates
================================================================
+ Timing: 
    * Summary: 
    +--------+---------+----------+------------+
    |  Clock |  Target | Estimated| Uncertainty|
    +--------+---------+----------+------------+
    |ap_clk  |  4.55 ns|  3.318 ns|     1.23 ns|
    +--------+---------+----------+------------+

+ Latency: 
    * Summary: 
    +---------+---------+----------+----------+-------+-------+---------+
    |  Latency (cycles) |  Latency (absolute) |    Interval   | Pipeline|
    |   min   |   max   |    min   |    max   |  min  |  max  |   Type  |
    +---------+---------+----------+----------+-------+-------+---------+
    |    24973|    24973|  0.114 ms|  0.114 ms|  24973|  24973|       no|
    +---------+---------+----------+----------+-------+-------+---------+

    + Detail: 
        * Instance: 
        N/A

        * Loop: 
        +-----------------------------------+---------+---------+----------+-----------+-----------+------+----------+
        |                                   |  Latency (cycles) | Iteration|  Initiation Interval  | Trip |          |
        |             Loop Name             |   min   |   max   |  Latency |  achieved |   target  | Count| Pipelined|
        +-----------------------------------+---------+---------+----------+-----------+-----------+------+----------+
        |- VITIS_LOOP_66_4_VITIS_LOOP_67_5  |    24971|    24971|        20|          8|          1|  3120|       yes|
        +-----------------------------------+---------+---------+----------+-----------+-----------+------+----------+



================================================================
== Utilization Estimates
================================================================
* Summary: 
+---------------------+---------+------+---------+---------+-----+
|         Name        | BRAM_18K|  DSP |    FF   |   LUT   | URAM|
+---------------------+---------+------+---------+---------+-----+
|DSP                  |        -|     -|        -|        -|    -|
|Expression           |        -|     -|        0|      651|    -|
|FIFO                 |        -|     -|        -|        -|    -|
|Instance             |        -|     0|     3024|     2688|    -|
|Memory               |        -|     -|        -|        -|    -|
|Multiplexer          |        -|     -|        -|     6055|    -|
|Register             |        -|     -|     1100|        -|    -|
+---------------------+---------+------+---------+---------+-----+
|Total                |        0|     0|     4124|     9394|    0|
+---------------------+---------+------+---------+---------+-----+
|Available SLR        |     1440|  2280|   788160|   394080|  320|
+---------------------+---------+------+---------+---------+-----+
|Utilization SLR (%)  |        0|     0|       ~0|        2|    0|
+---------------------+---------+------+---------+---------+-----+
|Available            |     4320|  6840|  2364480|  1182240|  960|
+---------------------+---------+------+---------+---------+-----+
|Utilization (%)      |        0|     0|       ~0|       ~0|    0|
+---------------------+---------+------+---------+---------+-----+

+ Detail: 
    * Instance: 
    +-------------------------+---------------------+---------+----+-----+-----+-----+
    |         Instance        |        Module       | BRAM_18K| DSP|  FF | LUT | URAM|
    +-------------------------+---------------------+---------+----+-----+-----+-----+
    |mul_8ns_10ns_17_1_1_U66  |mul_8ns_10ns_17_1_1  |        0|   0|    0|   62|    0|
    |mul_8ns_10ns_17_1_1_U67  |mul_8ns_10ns_17_1_1  |        0|   0|    0|   62|    0|
    |mul_8ns_10ns_17_1_1_U68  |mul_8ns_10ns_17_1_1  |        0|   0|    0|   62|    0|
    |mul_8ns_10ns_17_1_1_U69  |mul_8ns_10ns_17_1_1  |        0|   0|    0|   62|    0|
    |mul_8ns_10ns_17_1_1_U70  |mul_8ns_10ns_17_1_1  |        0|   0|    0|   62|    0|
    |mul_8ns_10ns_17_1_1_U71  |mul_8ns_10ns_17_1_1  |        0|   0|    0|   62|    0|
    |mul_8ns_10ns_17_1_1_U72  |mul_8ns_10ns_17_1_1  |        0|   0|    0|   62|    0|
    |mul_8ns_10ns_17_1_1_U73  |mul_8ns_10ns_17_1_1  |        0|   0|    0|   62|    0|
    |mul_8ns_10ns_17_1_1_U74  |mul_8ns_10ns_17_1_1  |        0|   0|    0|   62|    0|
    |mul_8ns_10ns_17_1_1_U75  |mul_8ns_10ns_17_1_1  |        0|   0|    0|   62|    0|
    |mul_8ns_10ns_17_1_1_U76  |mul_8ns_10ns_17_1_1  |        0|   0|    0|   62|    0|
    |mul_8ns_10ns_17_1_1_U77  |mul_8ns_10ns_17_1_1  |        0|   0|    0|   62|    0|
    |mul_8ns_10ns_17_1_1_U78  |mul_8ns_10ns_17_1_1  |        0|   0|    0|   62|    0|
    |mul_8ns_10ns_17_1_1_U79  |mul_8ns_10ns_17_1_1  |        0|   0|    0|   62|    0|
    |mul_8ns_10ns_17_1_1_U80  |mul_8ns_10ns_17_1_1  |        0|   0|    0|   62|    0|
    |mul_8ns_10ns_17_1_1_U81  |mul_8ns_10ns_17_1_1  |        0|   0|    0|   62|    0|
    |urem_8ns_3ns_2_12_1_U50  |urem_8ns_3ns_2_12_1  |        0|   0|  189|  106|    0|
    |urem_8ns_5ns_4_12_1_U51  |urem_8ns_5ns_4_12_1  |        0|   0|  189|  106|    0|
    |urem_8ns_5ns_4_12_1_U52  |urem_8ns_5ns_4_12_1  |        0|   0|  189|  106|    0|
    |urem_8ns_5ns_4_12_1_U53  |urem_8ns_5ns_4_12_1  |        0|   0|  189|  106|    0|
    |urem_8ns_5ns_4_12_1_U54  |urem_8ns_5ns_4_12_1  |        0|   0|  189|  106|    0|
    |urem_8ns_5ns_4_12_1_U55  |urem_8ns_5ns_4_12_1  |        0|   0|  189|  106|    0|
    |urem_8ns_5ns_4_12_1_U56  |urem_8ns_5ns_4_12_1  |        0|   0|  189|  106|    0|
    |urem_8ns_5ns_4_12_1_U57  |urem_8ns_5ns_4_12_1  |        0|   0|  189|  106|    0|
    |urem_8ns_5ns_4_12_1_U58  |urem_8ns_5ns_4_12_1  |        0|   0|  189|  106|    0|
    |urem_8ns_5ns_4_12_1_U59  |urem_8ns_5ns_4_12_1  |        0|   0|  189|  106|    0|
    |urem_8ns_5ns_4_12_1_U60  |urem_8ns_5ns_4_12_1  |        0|   0|  189|  106|    0|
    |urem_8ns_5ns_4_12_1_U61  |urem_8ns_5ns_4_12_1  |        0|   0|  189|  106|    0|
    |urem_8ns_5ns_4_12_1_U62  |urem_8ns_5ns_4_12_1  |        0|   0|  189|  106|    0|
    |urem_8ns_5ns_4_12_1_U63  |urem_8ns_5ns_4_12_1  |        0|   0|  189|  106|    0|
    |urem_8ns_5ns_4_12_1_U64  |urem_8ns_5ns_4_12_1  |        0|   0|  189|  106|    0|
    |urem_8ns_5ns_4_12_1_U65  |urem_8ns_5ns_4_12_1  |        0|   0|  189|  106|    0|
    +-------------------------+---------------------+---------+----+-----+-----+-----+
    |Total                    |                     |        0|   0| 3024| 2688|    0|
    +-------------------------+---------------------+---------+----+-----+-----+-----+

    * DSP: 
    N/A

    * Memory: 
    N/A

    * FIFO: 
    N/A

    * Expression: 
    +---------------------------+----------+----+---+----+------------+------------+
    |       Variable Name       | Operation| DSP| FF| LUT| Bitwidth P0| Bitwidth P1|
    +---------------------------+----------+----+---+----+------------+------------+
    |add_ln66_1_fu_4427_p2      |         +|   0|  0|  19|          12|           1|
    |add_ln66_fu_4439_p2        |         +|   0|  0|  15|           8|           1|
    |add_ln67_1_fu_4690_p2      |         +|   0|  0|  12|           4|           1|
    |add_ln67_fu_4685_p2        |         +|   0|  0|  15|           8|           5|
    |add_ln70_fu_5953_p2        |         +|   0|  0|  12|           5|           1|
    |add_ln71_10_fu_5793_p2     |         +|   0|  0|  18|          11|          11|
    |add_ln71_11_fu_5962_p2     |         +|   0|  0|  18|          11|          11|
    |add_ln71_12_fu_6004_p2     |         +|   0|  0|  18|          11|          11|
    |add_ln71_13_fu_6016_p2     |         +|   0|  0|  18|          11|          11|
    |add_ln71_14_fu_6024_p2     |         +|   0|  0|  18|          11|          11|
    |add_ln71_15_fu_6032_p2     |         +|   0|  0|  18|          11|          11|
    |add_ln71_16_fu_6040_p2     |         +|   0|  0|  18|          11|          11|
    |add_ln71_1_fu_5877_p2      |         +|   0|  0|  18|          11|          11|
    |add_ln71_2_fu_5017_p2      |         +|   0|  0|  18|          11|          11|
    |add_ln71_3_fu_5159_p2      |         +|   0|  0|  18|          11|          11|
    |add_ln71_4_fu_5238_p2      |         +|   0|  0|  18|          11|          11|
    |add_ln71_5_fu_5374_p2      |         +|   0|  0|  18|          11|          11|
    |add_ln71_6_fu_5453_p2      |         +|   0|  0|  18|          11|          11|
    |add_ln71_7_fu_5551_p2      |         +|   0|  0|  18|          11|          11|
    |add_ln71_8_fu_5630_p2      |         +|   0|  0|  18|          11|          11|
    |add_ln71_9_fu_5747_p2      |         +|   0|  0|  18|          11|          11|
    |add_ln71_fu_5004_p2        |         +|   0|  0|  18|          11|          11|
    |ap_block_pp0_stage1_11001  |       and|   0|  0|   2|           1|           1|
    |icmp_ln66_fu_4421_p2       |      icmp|   0|  0|  19|          12|          11|
    |icmp_ln67_fu_4445_p2       |      icmp|   0|  0|  12|           4|           3|
    |icmp_ln70_1_fu_4589_p2     |      icmp|   0|  0|  15|           8|           7|
    |icmp_ln70_2_fu_4611_p2     |      icmp|   0|  0|  15|           8|           7|
    |icmp_ln70_3_fu_4628_p2     |      icmp|   0|  0|  15|           8|           7|
    |icmp_ln70_4_fu_4645_p2     |      icmp|   0|  0|  15|           8|           7|
    |icmp_ln70_5_fu_4662_p2     |      icmp|   0|  0|  15|           8|           7|
    |icmp_ln70_6_fu_4679_p2     |      icmp|   0|  0|  15|           8|           7|
    |icmp_ln70_fu_4572_p2       |      icmp|   0|  0|  15|           8|           7|
    |grp_fu_4479_p0             |        or|   0|  0|   8|           8|           1|
    |grp_fu_4500_p0             |        or|   0|  0|   8|           8|           2|
    |grp_fu_4511_p0             |        or|   0|  0|   8|           8|           2|
    |grp_fu_4522_p0             |        or|   0|  0|   8|           8|           3|
    |grp_fu_4533_p0             |        or|   0|  0|   8|           8|           3|
    |grp_fu_4544_p0             |        or|   0|  0|   8|           8|           3|
    |grp_fu_4555_p0             |        or|   0|  0|   8|           8|           3|
    |or_ln70_10_fu_4617_p2      |        or|   0|  0|   8|           8|           4|
    |or_ln70_11_fu_4634_p2      |        or|   0|  0|   8|           8|           4|
    |or_ln70_12_fu_4651_p2      |        or|   0|  0|   8|           8|           4|
    |or_ln70_13_fu_4668_p2      |        or|   0|  0|   8|           8|           4|
    |or_ln70_7_fu_4561_p2       |        or|   0|  0|   8|           8|           4|
    |or_ln70_8_fu_4578_p2       |        or|   0|  0|   8|           8|           4|
    |or_ln70_9_fu_4600_p2       |        or|   0|  0|   8|           8|           4|
    |grp_fu_4467_p0             |    select|   0|  0|   8|           1|           8|
    |select_ln66_fu_4451_p3     |    select|   0|  0|   8|           1|           1|
    |select_ln67_fu_4695_p3     |    select|   0|  0|   4|           1|           1|
    |ap_enable_pp0              |       xor|   0|  0|   2|           1|           2|
    +---------------------------+----------+----+---+----+------------+------------+
    |Total                      |          |   0|  0| 651|         413|         317|
    +---------------------------+----------+----+---+----+------------+------------+

    * Multiplexer: 
    +---------------------------------------+----+-----------+-----+-----------+
    |                  Name                 | LUT| Input Size| Bits| Total Bits|
    +---------------------------------------+----+-----------+-----+-----------+
    |ap_NS_fsm                              |  49|          9|    1|          9|
    |ap_done_int                            |   9|          2|    1|          2|
    |ap_enable_reg_pp0_iter0                |   9|          2|    1|          2|
    |ap_enable_reg_pp0_iter1                |   9|          2|    1|          2|
    |ap_enable_reg_pp0_iter2                |   9|          2|    1|          2|
    |ap_loop_exit_ready_pp0_iter1_reg       |   9|          2|    1|          2|
    |ap_sig_allocacmp_i_load                |   9|          2|    8|         16|
    |ap_sig_allocacmp_indvar154_load        |   9|          2|    4|          8|
    |ap_sig_allocacmp_indvar_flatten6_load  |   9|          2|   12|         24|
    |ap_sig_allocacmp_j_load                |   9|          2|    8|         16|
    |gmem3_blk_n_R                          |   9|          2|    1|          2|
    |i_fu_262                               |   9|          2|    8|         16|
    |indvar154_fu_258                       |   9|          2|    4|          8|
    |indvar_flatten6_fu_266                 |   9|          2|   12|         24|
    |j_fu_254                               |   9|          2|    8|         16|
    |v3_10_address0                         |  49|          9|   11|         99|
    |v3_10_address1                         |  49|          9|   11|         99|
    |v3_10_d0                               |  49|          9|   32|        288|
    |v3_10_d1                               |  49|          9|   32|        288|
    |v3_11_address0                         |  49|          9|   11|         99|
    |v3_11_address1                         |  49|          9|   11|         99|
    |v3_11_d0                               |  49|          9|   32|        288|
    |v3_11_d1                               |  49|          9|   32|        288|
    |v3_12_address0                         |  49|          9|   11|         99|
    |v3_12_address1                         |  49|          9|   11|         99|
    |v3_12_d0                               |  49|          9|   32|        288|
    |v3_12_d1                               |  49|          9|   32|        288|
    |v3_13_address0                         |  49|          9|   11|         99|
    |v3_13_address1                         |  49|          9|   11|         99|
    |v3_13_d0                               |  49|          9|   32|        288|
    |v3_13_d1                               |  49|          9|   32|        288|
    |v3_14_address0                         |  49|          9|   11|         99|
    |v3_14_address1                         |  49|          9|   11|         99|
    |v3_14_d0                               |  49|          9|   32|        288|
    |v3_14_d1                               |  49|          9|   32|        288|
    |v3_15_address0                         |  49|          9|   11|         99|
    |v3_15_address1                         |  49|          9|   11|         99|
    |v3_15_d0                               |  49|          9|   32|        288|
    |v3_15_d1                               |  49|          9|   32|        288|
    |v3_16_address0                         |  49|          9|   11|         99|
    |v3_16_address1                         |  49|          9|   11|         99|
    |v3_16_d0                               |  49|          9|   32|        288|
    |v3_16_d1                               |  49|          9|   32|        288|
    |v3_17_address0                         |  49|          9|   11|         99|
    |v3_17_address1                         |  49|          9|   11|         99|
    |v3_17_d0                               |  49|          9|   32|        288|
    |v3_17_d1                               |  49|          9|   32|        288|
    |v3_18_address0                         |  49|          9|   11|         99|
    |v3_18_address1                         |  49|          9|   11|         99|
    |v3_18_d0                               |  49|          9|   32|        288|
    |v3_18_d1                               |  49|          9|   32|        288|
    |v3_19_address0                         |  49|          9|   11|         99|
    |v3_19_address1                         |  49|          9|   11|         99|
    |v3_19_d0                               |  49|          9|   32|        288|
    |v3_19_d1                               |  49|          9|   32|        288|
    |v3_1_address0                          |  49|          9|   11|         99|
    |v3_1_address1                          |  49|          9|   11|         99|
    |v3_1_d0                                |  49|          9|   32|        288|
    |v3_1_d1                                |  49|          9|   32|        288|
    |v3_20_address0                         |  49|          9|   11|         99|
    |v3_20_address1                         |  49|          9|   11|         99|
    |v3_20_d0                               |  49|          9|   32|        288|
    |v3_20_d1                               |  49|          9|   32|        288|
    |v3_21_address0                         |  49|          9|   11|         99|
    |v3_21_address1                         |  49|          9|   11|         99|
    |v3_21_d0                               |  49|          9|   32|        288|
    |v3_21_d1                               |  49|          9|   32|        288|
    |v3_22_address0                         |  49|          9|   11|         99|
    |v3_22_address1                         |  49|          9|   11|         99|
    |v3_22_d0                               |  49|          9|   32|        288|
    |v3_22_d1                               |  49|          9|   32|        288|
    |v3_23_address0                         |  49|          9|   11|         99|
    |v3_23_address1                         |  49|          9|   11|         99|
    |v3_23_d0                               |  49|          9|   32|        288|
    |v3_23_d1                               |  49|          9|   32|        288|
    |v3_24_address0                         |  49|          9|   11|         99|
    |v3_24_address1                         |  49|          9|   11|         99|
    |v3_24_d0                               |  49|          9|   32|        288|
    |v3_24_d1                               |  49|          9|   32|        288|
    |v3_25_address0                         |  49|          9|   11|         99|
    |v3_25_address1                         |  49|          9|   11|         99|
    |v3_25_d0                               |  49|          9|   32|        288|
    |v3_25_d1                               |  49|          9|   32|        288|
    |v3_26_address0                         |  49|          9|   11|         99|
    |v3_26_address1                         |  49|          9|   11|         99|
    |v3_26_d0                               |  49|          9|   32|        288|
    |v3_26_d1                               |  49|          9|   32|        288|
    |v3_27_address0                         |  49|          9|   11|         99|
    |v3_27_address1                         |  49|          9|   11|         99|
    |v3_27_d0                               |  49|          9|   32|        288|
    |v3_27_d1                               |  49|          9|   32|        288|
    |v3_28_address0                         |  49|          9|   11|         99|
    |v3_28_address1                         |  49|          9|   11|         99|
    |v3_28_d0                               |  49|          9|   32|        288|
    |v3_28_d1                               |  49|          9|   32|        288|
    |v3_29_address0                         |  49|          9|   11|         99|
    |v3_29_address1                         |  49|          9|   11|         99|
    |v3_29_d0                               |  49|          9|   32|        288|
    |v3_29_d1                               |  49|          9|   32|        288|
    |v3_2_address0                          |  49|          9|   11|         99|
    |v3_2_address1                          |  49|          9|   11|         99|
    |v3_2_d0                                |  49|          9|   32|        288|
    |v3_2_d1                                |  49|          9|   32|        288|
    |v3_3_address0                          |  49|          9|   11|         99|
    |v3_3_address1                          |  49|          9|   11|         99|
    |v3_3_d0                                |  49|          9|   32|        288|
    |v3_3_d1                                |  49|          9|   32|        288|
    |v3_4_address0                          |  49|          9|   11|         99|
    |v3_4_address1                          |  49|          9|   11|         99|
    |v3_4_d0                                |  49|          9|   32|        288|
    |v3_4_d1                                |  49|          9|   32|        288|
    |v3_5_address0                          |  49|          9|   11|         99|
    |v3_5_address1                          |  49|          9|   11|         99|
    |v3_5_d0                                |  49|          9|   32|        288|
    |v3_5_d1                                |  49|          9|   32|        288|
    |v3_6_address0                          |  49|          9|   11|         99|
    |v3_6_address1                          |  49|          9|   11|         99|
    |v3_6_d0                                |  49|          9|   32|        288|
    |v3_6_d1                                |  49|          9|   32|        288|
    |v3_7_address0                          |  49|          9|   11|         99|
    |v3_7_address1                          |  49|          9|   11|         99|
    |v3_7_d0                                |  49|          9|   32|        288|
    |v3_7_d1                                |  49|          9|   32|        288|
    |v3_8_address0                          |  49|          9|   11|         99|
    |v3_8_address1                          |  49|          9|   11|         99|
    |v3_8_d0                                |  49|          9|   32|        288|
    |v3_8_d1                                |  49|          9|   32|        288|
    |v3_9_address0                          |  49|          9|   11|         99|
    |v3_9_address1                          |  49|          9|   11|         99|
    |v3_9_d0                                |  49|          9|   32|        288|
    |v3_9_d1                                |  49|          9|   32|        288|
    |v3_address0                            |  49|          9|   11|         99|
    |v3_address1                            |  49|          9|   11|         99|
    |v3_d0                                  |  49|          9|   32|        288|
    |v3_d1                                  |  49|          9|   32|        288|
    +---------------------------------------+----+-----------+-----+-----------+
    |Total                                  |6055|       1117| 2651|      23369|
    +---------------------------------------+----+-----------+-----+-----------+

    * Register: 
    +------------------------------------+----+----+-----+-----------+
    |                Name                | FF | LUT| Bits| Const Bits|
    +------------------------------------+----+----+-----+-----------+
    |add_ln71_12_reg_6898                |  11|   0|   11|          0|
    |add_ln71_13_reg_6907                |  11|   0|   11|          0|
    |add_ln71_14_reg_6912                |  11|   0|   11|          0|
    |add_ln71_15_reg_6917                |  11|   0|   11|          0|
    |add_ln71_16_reg_6922                |  11|   0|   11|          0|
    |add_ln71_reg_6522                   |   9|   0|   11|          2|
    |ap_CS_fsm                           |   8|   0|    8|          0|
    |ap_done_reg                         |   1|   0|    1|          0|
    |ap_enable_reg_pp0_iter0_reg         |   1|   0|    1|          0|
    |ap_enable_reg_pp0_iter1             |   1|   0|    1|          0|
    |ap_enable_reg_pp0_iter2             |   1|   0|    1|          0|
    |ap_loop_exit_ready_pp0_iter1_reg    |   1|   0|    1|          0|
    |bitcast_ln71_10_reg_6626            |  32|   0|   32|          0|
    |bitcast_ln71_11_reg_6660            |  32|   0|   32|          0|
    |bitcast_ln71_12_reg_6694            |  32|   0|   32|          0|
    |bitcast_ln71_13_reg_6728            |  32|   0|   32|          0|
    |bitcast_ln71_14_reg_6762            |  32|   0|   32|          0|
    |bitcast_ln71_15_reg_6796            |  32|   0|   32|          0|
    |bitcast_ln71_8_reg_6558             |  32|   0|   32|          0|
    |bitcast_ln71_9_reg_6592             |  32|   0|   32|          0|
    |i_fu_262                            |   8|   0|    8|          0|
    |icmp_ln66_reg_6264                  |   1|   0|    1|          0|
    |icmp_ln66_reg_6264_pp0_iter1_reg    |   1|   0|    1|          0|
    |icmp_ln67_reg_6268                  |   1|   0|    1|          0|
    |icmp_ln70_1_reg_6357                |   1|   0|    1|          0|
    |icmp_ln70_1_reg_6357_pp0_iter1_reg  |   1|   0|    1|          0|
    |icmp_ln70_2_reg_6367                |   1|   0|    1|          0|
    |icmp_ln70_2_reg_6367_pp0_iter1_reg  |   1|   0|    1|          0|
    |icmp_ln70_3_reg_6377                |   1|   0|    1|          0|
    |icmp_ln70_3_reg_6377_pp0_iter1_reg  |   1|   0|    1|          0|
    |icmp_ln70_4_reg_6387                |   1|   0|    1|          0|
    |icmp_ln70_4_reg_6387_pp0_iter1_reg  |   1|   0|    1|          0|
    |icmp_ln70_5_reg_6397                |   1|   0|    1|          0|
    |icmp_ln70_5_reg_6397_pp0_iter1_reg  |   1|   0|    1|          0|
    |icmp_ln70_6_reg_6407                |   1|   0|    1|          0|
    |icmp_ln70_6_reg_6407_pp0_iter1_reg  |   1|   0|    1|          0|
    |icmp_ln70_reg_6347                  |   1|   0|    1|          0|
    |icmp_ln70_reg_6347_pp0_iter1_reg    |   1|   0|    1|          0|
    |indvar154_fu_258                    |   4|   0|    4|          0|
    |indvar154_load_reg_6259             |   4|   0|    4|          0|
    |indvar_flatten6_fu_266              |  12|   0|   12|          0|
    |j_fu_254                            |   8|   0|    8|          0|
    |or_ln70_10_reg_6371                 |   6|   0|    8|          2|
    |or_ln70_11_reg_6381                 |   5|   0|    8|          3|
    |or_ln70_12_reg_6391                 |   5|   0|    8|          3|
    |or_ln70_13_reg_6401                 |   4|   0|    8|          4|
    |or_ln70_1_reg_6305                  |   7|   0|    8|          1|
    |or_ln70_2_reg_6311                  |   6|   0|    8|          2|
    |or_ln70_3_reg_6317                  |   7|   0|    8|          1|
    |or_ln70_4_reg_6323                  |   6|   0|    8|          2|
    |or_ln70_5_reg_6329                  |   6|   0|    8|          2|
    |or_ln70_6_reg_6335                  |   5|   0|    8|          3|
    |or_ln70_7_reg_6341                  |   7|   0|    8|          1|
    |or_ln70_8_reg_6351                  |   6|   0|    8|          2|
    |or_ln70_9_reg_6361                  |   5|   0|    8|          3|
    |or_ln70_reg_6299                    |   7|   0|    8|          1|
    |select_ln66_1_reg_6293              |   8|   0|    8|          0|
    |select_ln66_reg_6273                |   8|   0|    8|          0|
    |select_ln66_reg_6273_pp0_iter1_reg  |   8|   0|    8|          0|
    |tmp_19_reg_6846                     |   5|   0|    5|          0|
    |tmp_20_reg_6417                     |   5|   0|    5|          0|
    |tmp_21_reg_6502                     |   5|   0|    5|          0|
    |tmp_22_reg_6507                     |   5|   0|    5|          0|
    |tmp_23_reg_6512                     |   5|   0|    5|          0|
    |tmp_24_reg_6517                     |   5|   0|    5|          0|
    |tmp_25_reg_6548                     |   5|   0|    5|          0|
    |tmp_26_reg_6553                     |   5|   0|    5|          0|
    |tmp_27_reg_6836                     |   5|   0|    5|          0|
    |tmp_28_reg_6841                     |   5|   0|    5|          0|
    |tmp_29_reg_6858                     |   5|   0|    5|          0|
    |tmp_30_reg_6869                     |   5|   0|    5|          0|
    |tmp_31_reg_6874                     |   5|   0|    5|          0|
    |tmp_32_reg_6885                     |   5|   0|    5|          0|
    |tmp_33_reg_6890                     |   5|   0|    5|          0|
    |tmp_reg_6411                        |   7|   0|    7|          0|
    |trunc_ln66_reg_6541                 |   2|   0|    2|          0|
    |trunc_ln68_10_reg_6477              |  32|   0|   32|          0|
    |trunc_ln68_11_reg_6482              |  32|   0|   32|          0|
    |trunc_ln68_12_reg_6487              |  32|   0|   32|          0|
    |trunc_ln68_13_reg_6492              |  32|   0|   32|          0|
    |trunc_ln68_14_reg_6497              |  32|   0|   32|          0|
    |trunc_ln68_1_reg_6427               |  32|   0|   32|          0|
    |trunc_ln68_2_reg_6432               |  32|   0|   32|          0|
    |trunc_ln68_3_reg_6437               |  32|   0|   32|          0|
    |trunc_ln68_4_reg_6442               |  32|   0|   32|          0|
    |trunc_ln68_5_reg_6447               |  32|   0|   32|          0|
    |trunc_ln68_6_reg_6452               |  32|   0|   32|          0|
    |trunc_ln68_7_reg_6457               |  32|   0|   32|          0|
    |trunc_ln68_8_reg_6462               |  32|   0|   32|          0|
    |trunc_ln68_9_reg_6467               |  32|   0|   32|          0|
    |trunc_ln68_reg_6422                 |  32|   0|   32|          0|
    |trunc_ln68_s_reg_6472               |  32|   0|   32|          0|
    |trunc_ln70_2_reg_6903               |   4|   0|    4|          0|
    |trunc_ln70_4_reg_6930               |   4|   0|    4|          0|
    |trunc_ln70_6_reg_6937               |   4|   0|    4|          0|
    +------------------------------------+----+----+-----+-----------+
    |Total                               |1100|   0| 1132|         32|
    +------------------------------------+----+----+-----+-----------+



================================================================
== Interface
================================================================
* Summary: 
+----------------------+-----+-----+------------+-----------------------------------------------------+--------------+
|       RTL Ports      | Dir | Bits|  Protocol  |                    Source Object                    |    C Type    |
+----------------------+-----+-----+------------+-----------------------------------------------------+--------------+
|ap_clk                |   in|    1|  ap_ctrl_hs|  kernel_nlp_Pipeline_VITIS_LOOP_66_4_VITIS_LOOP_67_5|  return value|
|ap_rst                |   in|    1|  ap_ctrl_hs|  kernel_nlp_Pipeline_VITIS_LOOP_66_4_VITIS_LOOP_67_5|  return value|
|ap_start              |   in|    1|  ap_ctrl_hs|  kernel_nlp_Pipeline_VITIS_LOOP_66_4_VITIS_LOOP_67_5|  return value|
|ap_done               |  out|    1|  ap_ctrl_hs|  kernel_nlp_Pipeline_VITIS_LOOP_66_4_VITIS_LOOP_67_5|  return value|
|ap_idle               |  out|    1|  ap_ctrl_hs|  kernel_nlp_Pipeline_VITIS_LOOP_66_4_VITIS_LOOP_67_5|  return value|
|ap_ready              |  out|    1|  ap_ctrl_hs|  kernel_nlp_Pipeline_VITIS_LOOP_66_4_VITIS_LOOP_67_5|  return value|
|m_axi_gmem3_AWVALID   |  out|    1|       m_axi|                                                gmem3|       pointer|
|m_axi_gmem3_AWREADY   |   in|    1|       m_axi|                                                gmem3|       pointer|
|m_axi_gmem3_AWADDR    |  out|   64|       m_axi|                                                gmem3|       pointer|
|m_axi_gmem3_AWID      |  out|    1|       m_axi|                                                gmem3|       pointer|
|m_axi_gmem3_AWLEN     |  out|   32|       m_axi|                                                gmem3|       pointer|
|m_axi_gmem3_AWSIZE    |  out|    3|       m_axi|                                                gmem3|       pointer|
|m_axi_gmem3_AWBURST   |  out|    2|       m_axi|                                                gmem3|       pointer|
|m_axi_gmem3_AWLOCK    |  out|    2|       m_axi|                                                gmem3|       pointer|
|m_axi_gmem3_AWCACHE   |  out|    4|       m_axi|                                                gmem3|       pointer|
|m_axi_gmem3_AWPROT    |  out|    3|       m_axi|                                                gmem3|       pointer|
|m_axi_gmem3_AWQOS     |  out|    4|       m_axi|                                                gmem3|       pointer|
|m_axi_gmem3_AWREGION  |  out|    4|       m_axi|                                                gmem3|       pointer|
|m_axi_gmem3_AWUSER    |  out|    1|       m_axi|                                                gmem3|       pointer|
|m_axi_gmem3_WVALID    |  out|    1|       m_axi|                                                gmem3|       pointer|
|m_axi_gmem3_WREADY    |   in|    1|       m_axi|                                                gmem3|       pointer|
|m_axi_gmem3_WDATA     |  out|  512|       m_axi|                                                gmem3|       pointer|
|m_axi_gmem3_WSTRB     |  out|   64|       m_axi|                                                gmem3|       pointer|
|m_axi_gmem3_WLAST     |  out|    1|       m_axi|                                                gmem3|       pointer|
|m_axi_gmem3_WID       |  out|    1|       m_axi|                                                gmem3|       pointer|
|m_axi_gmem3_WUSER     |  out|    1|       m_axi|                                                gmem3|       pointer|
|m_axi_gmem3_ARVALID   |  out|    1|       m_axi|                                                gmem3|       pointer|
|m_axi_gmem3_ARREADY   |   in|    1|       m_axi|                                                gmem3|       pointer|
|m_axi_gmem3_ARADDR    |  out|   64|       m_axi|                                                gmem3|       pointer|
|m_axi_gmem3_ARID      |  out|    1|       m_axi|                                                gmem3|       pointer|
|m_axi_gmem3_ARLEN     |  out|   32|       m_axi|                                                gmem3|       pointer|
|m_axi_gmem3_ARSIZE    |  out|    3|       m_axi|                                                gmem3|       pointer|
|m_axi_gmem3_ARBURST   |  out|    2|       m_axi|                                                gmem3|       pointer|
|m_axi_gmem3_ARLOCK    |  out|    2|       m_axi|                                                gmem3|       pointer|
|m_axi_gmem3_ARCACHE   |  out|    4|       m_axi|                                                gmem3|       pointer|
|m_axi_gmem3_ARPROT    |  out|    3|       m_axi|                                                gmem3|       pointer|
|m_axi_gmem3_ARQOS     |  out|    4|       m_axi|                                                gmem3|       pointer|
|m_axi_gmem3_ARREGION  |  out|    4|       m_axi|                                                gmem3|       pointer|
|m_axi_gmem3_ARUSER    |  out|    1|       m_axi|                                                gmem3|       pointer|
|m_axi_gmem3_RVALID    |   in|    1|       m_axi|                                                gmem3|       pointer|
|m_axi_gmem3_RREADY    |  out|    1|       m_axi|                                                gmem3|       pointer|
|m_axi_gmem3_RDATA     |   in|  512|       m_axi|                                                gmem3|       pointer|
|m_axi_gmem3_RLAST     |   in|    1|       m_axi|                                                gmem3|       pointer|
|m_axi_gmem3_RID       |   in|    1|       m_axi|                                                gmem3|       pointer|
|m_axi_gmem3_RFIFONUM  |   in|    9|       m_axi|                                                gmem3|       pointer|
|m_axi_gmem3_RUSER     |   in|    1|       m_axi|                                                gmem3|       pointer|
|m_axi_gmem3_RRESP     |   in|    2|       m_axi|                                                gmem3|       pointer|
|m_axi_gmem3_BVALID    |   in|    1|       m_axi|                                                gmem3|       pointer|
|m_axi_gmem3_BREADY    |  out|    1|       m_axi|                                                gmem3|       pointer|
|m_axi_gmem3_BRESP     |   in|    2|       m_axi|                                                gmem3|       pointer|
|m_axi_gmem3_BID       |   in|    1|       m_axi|                                                gmem3|       pointer|
|m_axi_gmem3_BUSER     |   in|    1|       m_axi|                                                gmem3|       pointer|
|v3_address0           |  out|   11|   ap_memory|                                                   v3|         array|
|v3_ce0                |  out|    1|   ap_memory|                                                   v3|         array|
|v3_we0                |  out|    1|   ap_memory|                                                   v3|         array|
|v3_d0                 |  out|   32|   ap_memory|                                                   v3|         array|
|v3_address1           |  out|   11|   ap_memory|                                                   v3|         array|
|v3_ce1                |  out|    1|   ap_memory|                                                   v3|         array|
|v3_we1                |  out|    1|   ap_memory|                                                   v3|         array|
|v3_d1                 |  out|   32|   ap_memory|                                                   v3|         array|
|v3_1_address0         |  out|   11|   ap_memory|                                                 v3_1|         array|
|v3_1_ce0              |  out|    1|   ap_memory|                                                 v3_1|         array|
|v3_1_we0              |  out|    1|   ap_memory|                                                 v3_1|         array|
|v3_1_d0               |  out|   32|   ap_memory|                                                 v3_1|         array|
|v3_1_address1         |  out|   11|   ap_memory|                                                 v3_1|         array|
|v3_1_ce1              |  out|    1|   ap_memory|                                                 v3_1|         array|
|v3_1_we1              |  out|    1|   ap_memory|                                                 v3_1|         array|
|v3_1_d1               |  out|   32|   ap_memory|                                                 v3_1|         array|
|v3_2_address0         |  out|   11|   ap_memory|                                                 v3_2|         array|
|v3_2_ce0              |  out|    1|   ap_memory|                                                 v3_2|         array|
|v3_2_we0              |  out|    1|   ap_memory|                                                 v3_2|         array|
|v3_2_d0               |  out|   32|   ap_memory|                                                 v3_2|         array|
|v3_2_address1         |  out|   11|   ap_memory|                                                 v3_2|         array|
|v3_2_ce1              |  out|    1|   ap_memory|                                                 v3_2|         array|
|v3_2_we1              |  out|    1|   ap_memory|                                                 v3_2|         array|
|v3_2_d1               |  out|   32|   ap_memory|                                                 v3_2|         array|
|v3_3_address0         |  out|   11|   ap_memory|                                                 v3_3|         array|
|v3_3_ce0              |  out|    1|   ap_memory|                                                 v3_3|         array|
|v3_3_we0              |  out|    1|   ap_memory|                                                 v3_3|         array|
|v3_3_d0               |  out|   32|   ap_memory|                                                 v3_3|         array|
|v3_3_address1         |  out|   11|   ap_memory|                                                 v3_3|         array|
|v3_3_ce1              |  out|    1|   ap_memory|                                                 v3_3|         array|
|v3_3_we1              |  out|    1|   ap_memory|                                                 v3_3|         array|
|v3_3_d1               |  out|   32|   ap_memory|                                                 v3_3|         array|
|v3_4_address0         |  out|   11|   ap_memory|                                                 v3_4|         array|
|v3_4_ce0              |  out|    1|   ap_memory|                                                 v3_4|         array|
|v3_4_we0              |  out|    1|   ap_memory|                                                 v3_4|         array|
|v3_4_d0               |  out|   32|   ap_memory|                                                 v3_4|         array|
|v3_4_address1         |  out|   11|   ap_memory|                                                 v3_4|         array|
|v3_4_ce1              |  out|    1|   ap_memory|                                                 v3_4|         array|
|v3_4_we1              |  out|    1|   ap_memory|                                                 v3_4|         array|
|v3_4_d1               |  out|   32|   ap_memory|                                                 v3_4|         array|
|v3_5_address0         |  out|   11|   ap_memory|                                                 v3_5|         array|
|v3_5_ce0              |  out|    1|   ap_memory|                                                 v3_5|         array|
|v3_5_we0              |  out|    1|   ap_memory|                                                 v3_5|         array|
|v3_5_d0               |  out|   32|   ap_memory|                                                 v3_5|         array|
|v3_5_address1         |  out|   11|   ap_memory|                                                 v3_5|         array|
|v3_5_ce1              |  out|    1|   ap_memory|                                                 v3_5|         array|
|v3_5_we1              |  out|    1|   ap_memory|                                                 v3_5|         array|
|v3_5_d1               |  out|   32|   ap_memory|                                                 v3_5|         array|
|v3_6_address0         |  out|   11|   ap_memory|                                                 v3_6|         array|
|v3_6_ce0              |  out|    1|   ap_memory|                                                 v3_6|         array|
|v3_6_we0              |  out|    1|   ap_memory|                                                 v3_6|         array|
|v3_6_d0               |  out|   32|   ap_memory|                                                 v3_6|         array|
|v3_6_address1         |  out|   11|   ap_memory|                                                 v3_6|         array|
|v3_6_ce1              |  out|    1|   ap_memory|                                                 v3_6|         array|
|v3_6_we1              |  out|    1|   ap_memory|                                                 v3_6|         array|
|v3_6_d1               |  out|   32|   ap_memory|                                                 v3_6|         array|
|v3_7_address0         |  out|   11|   ap_memory|                                                 v3_7|         array|
|v3_7_ce0              |  out|    1|   ap_memory|                                                 v3_7|         array|
|v3_7_we0              |  out|    1|   ap_memory|                                                 v3_7|         array|
|v3_7_d0               |  out|   32|   ap_memory|                                                 v3_7|         array|
|v3_7_address1         |  out|   11|   ap_memory|                                                 v3_7|         array|
|v3_7_ce1              |  out|    1|   ap_memory|                                                 v3_7|         array|
|v3_7_we1              |  out|    1|   ap_memory|                                                 v3_7|         array|
|v3_7_d1               |  out|   32|   ap_memory|                                                 v3_7|         array|
|v3_8_address0         |  out|   11|   ap_memory|                                                 v3_8|         array|
|v3_8_ce0              |  out|    1|   ap_memory|                                                 v3_8|         array|
|v3_8_we0              |  out|    1|   ap_memory|                                                 v3_8|         array|
|v3_8_d0               |  out|   32|   ap_memory|                                                 v3_8|         array|
|v3_8_address1         |  out|   11|   ap_memory|                                                 v3_8|         array|
|v3_8_ce1              |  out|    1|   ap_memory|                                                 v3_8|         array|
|v3_8_we1              |  out|    1|   ap_memory|                                                 v3_8|         array|
|v3_8_d1               |  out|   32|   ap_memory|                                                 v3_8|         array|
|v3_9_address0         |  out|   11|   ap_memory|                                                 v3_9|         array|
|v3_9_ce0              |  out|    1|   ap_memory|                                                 v3_9|         array|
|v3_9_we0              |  out|    1|   ap_memory|                                                 v3_9|         array|
|v3_9_d0               |  out|   32|   ap_memory|                                                 v3_9|         array|
|v3_9_address1         |  out|   11|   ap_memory|                                                 v3_9|         array|
|v3_9_ce1              |  out|    1|   ap_memory|                                                 v3_9|         array|
|v3_9_we1              |  out|    1|   ap_memory|                                                 v3_9|         array|
|v3_9_d1               |  out|   32|   ap_memory|                                                 v3_9|         array|
|v3_10_address0        |  out|   11|   ap_memory|                                                v3_10|         array|
|v3_10_ce0             |  out|    1|   ap_memory|                                                v3_10|         array|
|v3_10_we0             |  out|    1|   ap_memory|                                                v3_10|         array|
|v3_10_d0              |  out|   32|   ap_memory|                                                v3_10|         array|
|v3_10_address1        |  out|   11|   ap_memory|                                                v3_10|         array|
|v3_10_ce1             |  out|    1|   ap_memory|                                                v3_10|         array|
|v3_10_we1             |  out|    1|   ap_memory|                                                v3_10|         array|
|v3_10_d1              |  out|   32|   ap_memory|                                                v3_10|         array|
|v3_11_address0        |  out|   11|   ap_memory|                                                v3_11|         array|
|v3_11_ce0             |  out|    1|   ap_memory|                                                v3_11|         array|
|v3_11_we0             |  out|    1|   ap_memory|                                                v3_11|         array|
|v3_11_d0              |  out|   32|   ap_memory|                                                v3_11|         array|
|v3_11_address1        |  out|   11|   ap_memory|                                                v3_11|         array|
|v3_11_ce1             |  out|    1|   ap_memory|                                                v3_11|         array|
|v3_11_we1             |  out|    1|   ap_memory|                                                v3_11|         array|
|v3_11_d1              |  out|   32|   ap_memory|                                                v3_11|         array|
|v3_12_address0        |  out|   11|   ap_memory|                                                v3_12|         array|
|v3_12_ce0             |  out|    1|   ap_memory|                                                v3_12|         array|
|v3_12_we0             |  out|    1|   ap_memory|                                                v3_12|         array|
|v3_12_d0              |  out|   32|   ap_memory|                                                v3_12|         array|
|v3_12_address1        |  out|   11|   ap_memory|                                                v3_12|         array|
|v3_12_ce1             |  out|    1|   ap_memory|                                                v3_12|         array|
|v3_12_we1             |  out|    1|   ap_memory|                                                v3_12|         array|
|v3_12_d1              |  out|   32|   ap_memory|                                                v3_12|         array|
|v3_13_address0        |  out|   11|   ap_memory|                                                v3_13|         array|
|v3_13_ce0             |  out|    1|   ap_memory|                                                v3_13|         array|
|v3_13_we0             |  out|    1|   ap_memory|                                                v3_13|         array|
|v3_13_d0              |  out|   32|   ap_memory|                                                v3_13|         array|
|v3_13_address1        |  out|   11|   ap_memory|                                                v3_13|         array|
|v3_13_ce1             |  out|    1|   ap_memory|                                                v3_13|         array|
|v3_13_we1             |  out|    1|   ap_memory|                                                v3_13|         array|
|v3_13_d1              |  out|   32|   ap_memory|                                                v3_13|         array|
|v3_14_address0        |  out|   11|   ap_memory|                                                v3_14|         array|
|v3_14_ce0             |  out|    1|   ap_memory|                                                v3_14|         array|
|v3_14_we0             |  out|    1|   ap_memory|                                                v3_14|         array|
|v3_14_d0              |  out|   32|   ap_memory|                                                v3_14|         array|
|v3_14_address1        |  out|   11|   ap_memory|                                                v3_14|         array|
|v3_14_ce1             |  out|    1|   ap_memory|                                                v3_14|         array|
|v3_14_we1             |  out|    1|   ap_memory|                                                v3_14|         array|
|v3_14_d1              |  out|   32|   ap_memory|                                                v3_14|         array|
|v3_15_address0        |  out|   11|   ap_memory|                                                v3_15|         array|
|v3_15_ce0             |  out|    1|   ap_memory|                                                v3_15|         array|
|v3_15_we0             |  out|    1|   ap_memory|                                                v3_15|         array|
|v3_15_d0              |  out|   32|   ap_memory|                                                v3_15|         array|
|v3_15_address1        |  out|   11|   ap_memory|                                                v3_15|         array|
|v3_15_ce1             |  out|    1|   ap_memory|                                                v3_15|         array|
|v3_15_we1             |  out|    1|   ap_memory|                                                v3_15|         array|
|v3_15_d1              |  out|   32|   ap_memory|                                                v3_15|         array|
|v3_16_address0        |  out|   11|   ap_memory|                                                v3_16|         array|
|v3_16_ce0             |  out|    1|   ap_memory|                                                v3_16|         array|
|v3_16_we0             |  out|    1|   ap_memory|                                                v3_16|         array|
|v3_16_d0              |  out|   32|   ap_memory|                                                v3_16|         array|
|v3_16_address1        |  out|   11|   ap_memory|                                                v3_16|         array|
|v3_16_ce1             |  out|    1|   ap_memory|                                                v3_16|         array|
|v3_16_we1             |  out|    1|   ap_memory|                                                v3_16|         array|
|v3_16_d1              |  out|   32|   ap_memory|                                                v3_16|         array|
|v3_17_address0        |  out|   11|   ap_memory|                                                v3_17|         array|
|v3_17_ce0             |  out|    1|   ap_memory|                                                v3_17|         array|
|v3_17_we0             |  out|    1|   ap_memory|                                                v3_17|         array|
|v3_17_d0              |  out|   32|   ap_memory|                                                v3_17|         array|
|v3_17_address1        |  out|   11|   ap_memory|                                                v3_17|         array|
|v3_17_ce1             |  out|    1|   ap_memory|                                                v3_17|         array|
|v3_17_we1             |  out|    1|   ap_memory|                                                v3_17|         array|
|v3_17_d1              |  out|   32|   ap_memory|                                                v3_17|         array|
|v3_18_address0        |  out|   11|   ap_memory|                                                v3_18|         array|
|v3_18_ce0             |  out|    1|   ap_memory|                                                v3_18|         array|
|v3_18_we0             |  out|    1|   ap_memory|                                                v3_18|         array|
|v3_18_d0              |  out|   32|   ap_memory|                                                v3_18|         array|
|v3_18_address1        |  out|   11|   ap_memory|                                                v3_18|         array|
|v3_18_ce1             |  out|    1|   ap_memory|                                                v3_18|         array|
|v3_18_we1             |  out|    1|   ap_memory|                                                v3_18|         array|
|v3_18_d1              |  out|   32|   ap_memory|                                                v3_18|         array|
|v3_19_address0        |  out|   11|   ap_memory|                                                v3_19|         array|
|v3_19_ce0             |  out|    1|   ap_memory|                                                v3_19|         array|
|v3_19_we0             |  out|    1|   ap_memory|                                                v3_19|         array|
|v3_19_d0              |  out|   32|   ap_memory|                                                v3_19|         array|
|v3_19_address1        |  out|   11|   ap_memory|                                                v3_19|         array|
|v3_19_ce1             |  out|    1|   ap_memory|                                                v3_19|         array|
|v3_19_we1             |  out|    1|   ap_memory|                                                v3_19|         array|
|v3_19_d1              |  out|   32|   ap_memory|                                                v3_19|         array|
|v3_20_address0        |  out|   11|   ap_memory|                                                v3_20|         array|
|v3_20_ce0             |  out|    1|   ap_memory|                                                v3_20|         array|
|v3_20_we0             |  out|    1|   ap_memory|                                                v3_20|         array|
|v3_20_d0              |  out|   32|   ap_memory|                                                v3_20|         array|
|v3_20_address1        |  out|   11|   ap_memory|                                                v3_20|         array|
|v3_20_ce1             |  out|    1|   ap_memory|                                                v3_20|         array|
|v3_20_we1             |  out|    1|   ap_memory|                                                v3_20|         array|
|v3_20_d1              |  out|   32|   ap_memory|                                                v3_20|         array|
|v3_21_address0        |  out|   11|   ap_memory|                                                v3_21|         array|
|v3_21_ce0             |  out|    1|   ap_memory|                                                v3_21|         array|
|v3_21_we0             |  out|    1|   ap_memory|                                                v3_21|         array|
|v3_21_d0              |  out|   32|   ap_memory|                                                v3_21|         array|
|v3_21_address1        |  out|   11|   ap_memory|                                                v3_21|         array|
|v3_21_ce1             |  out|    1|   ap_memory|                                                v3_21|         array|
|v3_21_we1             |  out|    1|   ap_memory|                                                v3_21|         array|
|v3_21_d1              |  out|   32|   ap_memory|                                                v3_21|         array|
|v3_22_address0        |  out|   11|   ap_memory|                                                v3_22|         array|
|v3_22_ce0             |  out|    1|   ap_memory|                                                v3_22|         array|
|v3_22_we0             |  out|    1|   ap_memory|                                                v3_22|         array|
|v3_22_d0              |  out|   32|   ap_memory|                                                v3_22|         array|
|v3_22_address1        |  out|   11|   ap_memory|                                                v3_22|         array|
|v3_22_ce1             |  out|    1|   ap_memory|                                                v3_22|         array|
|v3_22_we1             |  out|    1|   ap_memory|                                                v3_22|         array|
|v3_22_d1              |  out|   32|   ap_memory|                                                v3_22|         array|
|v3_23_address0        |  out|   11|   ap_memory|                                                v3_23|         array|
|v3_23_ce0             |  out|    1|   ap_memory|                                                v3_23|         array|
|v3_23_we0             |  out|    1|   ap_memory|                                                v3_23|         array|
|v3_23_d0              |  out|   32|   ap_memory|                                                v3_23|         array|
|v3_23_address1        |  out|   11|   ap_memory|                                                v3_23|         array|
|v3_23_ce1             |  out|    1|   ap_memory|                                                v3_23|         array|
|v3_23_we1             |  out|    1|   ap_memory|                                                v3_23|         array|
|v3_23_d1              |  out|   32|   ap_memory|                                                v3_23|         array|
|v3_24_address0        |  out|   11|   ap_memory|                                                v3_24|         array|
|v3_24_ce0             |  out|    1|   ap_memory|                                                v3_24|         array|
|v3_24_we0             |  out|    1|   ap_memory|                                                v3_24|         array|
|v3_24_d0              |  out|   32|   ap_memory|                                                v3_24|         array|
|v3_24_address1        |  out|   11|   ap_memory|                                                v3_24|         array|
|v3_24_ce1             |  out|    1|   ap_memory|                                                v3_24|         array|
|v3_24_we1             |  out|    1|   ap_memory|                                                v3_24|         array|
|v3_24_d1              |  out|   32|   ap_memory|                                                v3_24|         array|
|v3_25_address0        |  out|   11|   ap_memory|                                                v3_25|         array|
|v3_25_ce0             |  out|    1|   ap_memory|                                                v3_25|         array|
|v3_25_we0             |  out|    1|   ap_memory|                                                v3_25|         array|
|v3_25_d0              |  out|   32|   ap_memory|                                                v3_25|         array|
|v3_25_address1        |  out|   11|   ap_memory|                                                v3_25|         array|
|v3_25_ce1             |  out|    1|   ap_memory|                                                v3_25|         array|
|v3_25_we1             |  out|    1|   ap_memory|                                                v3_25|         array|
|v3_25_d1              |  out|   32|   ap_memory|                                                v3_25|         array|
|v3_26_address0        |  out|   11|   ap_memory|                                                v3_26|         array|
|v3_26_ce0             |  out|    1|   ap_memory|                                                v3_26|         array|
|v3_26_we0             |  out|    1|   ap_memory|                                                v3_26|         array|
|v3_26_d0              |  out|   32|   ap_memory|                                                v3_26|         array|
|v3_26_address1        |  out|   11|   ap_memory|                                                v3_26|         array|
|v3_26_ce1             |  out|    1|   ap_memory|                                                v3_26|         array|
|v3_26_we1             |  out|    1|   ap_memory|                                                v3_26|         array|
|v3_26_d1              |  out|   32|   ap_memory|                                                v3_26|         array|
|v3_27_address0        |  out|   11|   ap_memory|                                                v3_27|         array|
|v3_27_ce0             |  out|    1|   ap_memory|                                                v3_27|         array|
|v3_27_we0             |  out|    1|   ap_memory|                                                v3_27|         array|
|v3_27_d0              |  out|   32|   ap_memory|                                                v3_27|         array|
|v3_27_address1        |  out|   11|   ap_memory|                                                v3_27|         array|
|v3_27_ce1             |  out|    1|   ap_memory|                                                v3_27|         array|
|v3_27_we1             |  out|    1|   ap_memory|                                                v3_27|         array|
|v3_27_d1              |  out|   32|   ap_memory|                                                v3_27|         array|
|v3_28_address0        |  out|   11|   ap_memory|                                                v3_28|         array|
|v3_28_ce0             |  out|    1|   ap_memory|                                                v3_28|         array|
|v3_28_we0             |  out|    1|   ap_memory|                                                v3_28|         array|
|v3_28_d0              |  out|   32|   ap_memory|                                                v3_28|         array|
|v3_28_address1        |  out|   11|   ap_memory|                                                v3_28|         array|
|v3_28_ce1             |  out|    1|   ap_memory|                                                v3_28|         array|
|v3_28_we1             |  out|    1|   ap_memory|                                                v3_28|         array|
|v3_28_d1              |  out|   32|   ap_memory|                                                v3_28|         array|
|v3_29_address0        |  out|   11|   ap_memory|                                                v3_29|         array|
|v3_29_ce0             |  out|    1|   ap_memory|                                                v3_29|         array|
|v3_29_we0             |  out|    1|   ap_memory|                                                v3_29|         array|
|v3_29_d0              |  out|   32|   ap_memory|                                                v3_29|         array|
|v3_29_address1        |  out|   11|   ap_memory|                                                v3_29|         array|
|v3_29_ce1             |  out|    1|   ap_memory|                                                v3_29|         array|
|v3_29_we1             |  out|    1|   ap_memory|                                                v3_29|         array|
|v3_29_d1              |  out|   32|   ap_memory|                                                v3_29|         array|
|sext_ln66             |   in|   58|     ap_none|                                            sext_ln66|        scalar|
+----------------------+-----+-----+------------+-----------------------------------------------------+--------------+

