

================================================================
== Vitis HLS Report for 'load_C'
================================================================
* Date:           Tue Sep 17 04:36:45 2024

* Version:        2023.2 (Build 4023990 on Oct 11 2023)
* Project:        kernel_nlp
* Solution:       solution (Vitis Kernel Flow Target)
* Product family: virtexuplus
* Target device:  xcu200-fsgd2104-2-e


================================================================
== Performance Estimates
================================================================
+ Timing: 
    * Summary: 
    +--------+---------+----------+------------+
    |  Clock |  Target | Estimated| Uncertainty|
    +--------+---------+----------+------------+
    |ap_clk  |  4.00 ns|  3.098 ns|     1.08 ns|
    +--------+---------+----------+------------+

+ Latency: 
    * Summary: 
    +---------+---------+-----------+-----------+------+------+---------+
    |  Latency (cycles) |   Latency (absolute)  |   Interval  | Pipeline|
    |   min   |   max   |    min    |    max    |  min |  max |   Type  |
    +---------+---------+-----------+-----------+------+------+---------+
    |     3085|     3085|  12.340 us|  12.340 us|  3085|  3085|       no|
    +---------+---------+-----------+-----------+------+------+---------+

    + Detail: 
        * Instance: 
        +------------------------------------------------------------+-------------------------------------------------+---------+---------+-----------+-----------+------+------+---------+
        |                                                            |                                                 |  Latency (cycles) |   Latency (absolute)  |   Interval  | Pipeline|
        |                          Instance                          |                      Module                     |   min   |   max   |    min    |    max    |  min |  max |   Type  |
        +------------------------------------------------------------+-------------------------------------------------+---------+---------+-----------+-----------+------+------+---------+
        |grp_load_C_Pipeline_VITIS_LOOP_81_1_VITIS_LOOP_82_2_fu_209  |load_C_Pipeline_VITIS_LOOP_81_1_VITIS_LOOP_82_2  |     3013|     3013|  12.052 us|  12.052 us|  3013|  3013|       no|
        +------------------------------------------------------------+-------------------------------------------------+---------+---------+-----------+-----------+------+------+---------+

        * Loop: 
        N/A



================================================================
== Utilization Estimates
================================================================
* Summary: 
+---------------------+---------+------+---------+---------+-----+
|         Name        | BRAM_18K|  DSP |    FF   |   LUT   | URAM|
+---------------------+---------+------+---------+---------+-----+
|DSP                  |        -|     -|        -|        -|    -|
|Expression           |        -|     -|        -|        -|    -|
|FIFO                 |        -|     -|        -|        -|    -|
|Instance             |        -|     0|      904|     6956|    -|
|Memory               |        -|     -|        -|        -|    -|
|Multiplexer          |        -|     -|        -|      479|    -|
|Register             |        -|     -|      132|        -|    -|
+---------------------+---------+------+---------+---------+-----+
|Total                |        0|     0|     1036|     7435|    0|
+---------------------+---------+------+---------+---------+-----+
|Available SLR        |     1440|  2280|   788160|   394080|  320|
+---------------------+---------+------+---------+---------+-----+
|Utilization SLR (%)  |        0|     0|       ~0|        1|    0|
+---------------------+---------+------+---------+---------+-----+
|Available            |     4320|  6840|  2364480|  1182240|  960|
+---------------------+---------+------+---------+---------+-----+
|Utilization (%)      |        0|     0|       ~0|       ~0|    0|
+---------------------+---------+------+---------+---------+-----+

+ Detail: 
    * Instance: 
    +------------------------------------------------------------+-------------------------------------------------+---------+----+-----+------+-----+
    |                          Instance                          |                      Module                     | BRAM_18K| DSP|  FF |  LUT | URAM|
    +------------------------------------------------------------+-------------------------------------------------+---------+----+-----+------+-----+
    |grp_load_C_Pipeline_VITIS_LOOP_81_1_VITIS_LOOP_82_2_fu_209  |load_C_Pipeline_VITIS_LOOP_81_1_VITIS_LOOP_82_2  |        0|   0|  904|  6956|    0|
    +------------------------------------------------------------+-------------------------------------------------+---------+----+-----+------+-----+
    |Total                                                       |                                                 |        0|   0|  904|  6956|    0|
    +------------------------------------------------------------+-------------------------------------------------+---------+----+-----+------+-----+

    * DSP: 
    N/A

    * Memory: 
    N/A

    * FIFO: 
    N/A

    * Expression: 
    N/A

    * Multiplexer: 
    +-------------------------+-----+-----------+-----+-----------+
    |           Name          | LUT | Input Size| Bits| Total Bits|
    +-------------------------+-----+-----------+-----+-----------+
    |ap_NS_fsm                |  338|         74|    1|         74|
    |kernel_C_blk_n_AR        |    9|          2|    1|          2|
    |m_axi_kernel_C_ARADDR    |   14|          3|   64|        192|
    |m_axi_kernel_C_ARBURST   |    9|          2|    2|          4|
    |m_axi_kernel_C_ARCACHE   |    9|          2|    4|          8|
    |m_axi_kernel_C_ARID      |    9|          2|    1|          2|
    |m_axi_kernel_C_ARLEN     |   14|          3|   32|         96|
    |m_axi_kernel_C_ARLOCK    |    9|          2|    2|          4|
    |m_axi_kernel_C_ARPROT    |    9|          2|    3|          6|
    |m_axi_kernel_C_ARQOS     |    9|          2|    4|          8|
    |m_axi_kernel_C_ARREGION  |    9|          2|    4|          8|
    |m_axi_kernel_C_ARSIZE    |    9|          2|    3|          6|
    |m_axi_kernel_C_ARUSER    |    9|          2|    1|          2|
    |m_axi_kernel_C_ARVALID   |   14|          3|    1|          3|
    |m_axi_kernel_C_RREADY    |    9|          2|    1|          2|
    +-------------------------+-----+-----------+-----+-----------+
    |Total                    |  479|        105|  124|        417|
    +-------------------------+-----+-----------+-----+-----------+

    * Register: 
    +-------------------------------------------------------------------------+----+----+-----+-----------+
    |                                   Name                                  | FF | LUT| Bits| Const Bits|
    +-------------------------------------------------------------------------+----+----+-----+-----------+
    |ap_CS_fsm                                                                |  73|   0|   73|          0|
    |grp_load_C_Pipeline_VITIS_LOOP_81_1_VITIS_LOOP_82_2_fu_209_ap_start_reg  |   1|   0|    1|          0|
    |trunc_ln_reg_397                                                         |  58|   0|   58|          0|
    +-------------------------------------------------------------------------+----+----+-----+-----------+
    |Total                                                                    | 132|   0|  132|          0|
    +-------------------------------------------------------------------------+----+----+-----+-----------+



================================================================
== Interface
================================================================
* Summary: 
+-------------------------+-----+-----+------------+--------------+--------------+
|        RTL Ports        | Dir | Bits|  Protocol  | Source Object|    C Type    |
+-------------------------+-----+-----+------------+--------------+--------------+
|ap_clk                   |   in|    1|  ap_ctrl_hs|        load_C|  return value|
|ap_rst                   |   in|    1|  ap_ctrl_hs|        load_C|  return value|
|ap_start                 |   in|    1|  ap_ctrl_hs|        load_C|  return value|
|ap_done                  |  out|    1|  ap_ctrl_hs|        load_C|  return value|
|ap_idle                  |  out|    1|  ap_ctrl_hs|        load_C|  return value|
|ap_ready                 |  out|    1|  ap_ctrl_hs|        load_C|  return value|
|C_0_address0             |  out|   10|   ap_memory|           C_0|         array|
|C_0_ce0                  |  out|    1|   ap_memory|           C_0|         array|
|C_0_we0                  |  out|    1|   ap_memory|           C_0|         array|
|C_0_d0                   |  out|   32|   ap_memory|           C_0|         array|
|C_1_address0             |  out|   10|   ap_memory|           C_1|         array|
|C_1_ce0                  |  out|    1|   ap_memory|           C_1|         array|
|C_1_we0                  |  out|    1|   ap_memory|           C_1|         array|
|C_1_d0                   |  out|   32|   ap_memory|           C_1|         array|
|C_2_address0             |  out|   10|   ap_memory|           C_2|         array|
|C_2_ce0                  |  out|    1|   ap_memory|           C_2|         array|
|C_2_we0                  |  out|    1|   ap_memory|           C_2|         array|
|C_2_d0                   |  out|   32|   ap_memory|           C_2|         array|
|C_3_address0             |  out|   10|   ap_memory|           C_3|         array|
|C_3_ce0                  |  out|    1|   ap_memory|           C_3|         array|
|C_3_we0                  |  out|    1|   ap_memory|           C_3|         array|
|C_3_d0                   |  out|   32|   ap_memory|           C_3|         array|
|C_4_address0             |  out|   10|   ap_memory|           C_4|         array|
|C_4_ce0                  |  out|    1|   ap_memory|           C_4|         array|
|C_4_we0                  |  out|    1|   ap_memory|           C_4|         array|
|C_4_d0                   |  out|   32|   ap_memory|           C_4|         array|
|C_5_address0             |  out|   10|   ap_memory|           C_5|         array|
|C_5_ce0                  |  out|    1|   ap_memory|           C_5|         array|
|C_5_we0                  |  out|    1|   ap_memory|           C_5|         array|
|C_5_d0                   |  out|   32|   ap_memory|           C_5|         array|
|C_6_address0             |  out|   10|   ap_memory|           C_6|         array|
|C_6_ce0                  |  out|    1|   ap_memory|           C_6|         array|
|C_6_we0                  |  out|    1|   ap_memory|           C_6|         array|
|C_6_d0                   |  out|   32|   ap_memory|           C_6|         array|
|C_7_address0             |  out|   10|   ap_memory|           C_7|         array|
|C_7_ce0                  |  out|    1|   ap_memory|           C_7|         array|
|C_7_we0                  |  out|    1|   ap_memory|           C_7|         array|
|C_7_d0                   |  out|   32|   ap_memory|           C_7|         array|
|C_8_address0             |  out|   10|   ap_memory|           C_8|         array|
|C_8_ce0                  |  out|    1|   ap_memory|           C_8|         array|
|C_8_we0                  |  out|    1|   ap_memory|           C_8|         array|
|C_8_d0                   |  out|   32|   ap_memory|           C_8|         array|
|C_9_address0             |  out|   10|   ap_memory|           C_9|         array|
|C_9_ce0                  |  out|    1|   ap_memory|           C_9|         array|
|C_9_we0                  |  out|    1|   ap_memory|           C_9|         array|
|C_9_d0                   |  out|   32|   ap_memory|           C_9|         array|
|C_10_address0            |  out|   10|   ap_memory|          C_10|         array|
|C_10_ce0                 |  out|    1|   ap_memory|          C_10|         array|
|C_10_we0                 |  out|    1|   ap_memory|          C_10|         array|
|C_10_d0                  |  out|   32|   ap_memory|          C_10|         array|
|C_11_address0            |  out|   10|   ap_memory|          C_11|         array|
|C_11_ce0                 |  out|    1|   ap_memory|          C_11|         array|
|C_11_we0                 |  out|    1|   ap_memory|          C_11|         array|
|C_11_d0                  |  out|   32|   ap_memory|          C_11|         array|
|C_12_address0            |  out|   10|   ap_memory|          C_12|         array|
|C_12_ce0                 |  out|    1|   ap_memory|          C_12|         array|
|C_12_we0                 |  out|    1|   ap_memory|          C_12|         array|
|C_12_d0                  |  out|   32|   ap_memory|          C_12|         array|
|C_13_address0            |  out|   10|   ap_memory|          C_13|         array|
|C_13_ce0                 |  out|    1|   ap_memory|          C_13|         array|
|C_13_we0                 |  out|    1|   ap_memory|          C_13|         array|
|C_13_d0                  |  out|   32|   ap_memory|          C_13|         array|
|C_14_address0            |  out|   10|   ap_memory|          C_14|         array|
|C_14_ce0                 |  out|    1|   ap_memory|          C_14|         array|
|C_14_we0                 |  out|    1|   ap_memory|          C_14|         array|
|C_14_d0                  |  out|   32|   ap_memory|          C_14|         array|
|C_15_address0            |  out|   10|   ap_memory|          C_15|         array|
|C_15_ce0                 |  out|    1|   ap_memory|          C_15|         array|
|C_15_we0                 |  out|    1|   ap_memory|          C_15|         array|
|C_15_d0                  |  out|   32|   ap_memory|          C_15|         array|
|C_16_address0            |  out|   10|   ap_memory|          C_16|         array|
|C_16_ce0                 |  out|    1|   ap_memory|          C_16|         array|
|C_16_we0                 |  out|    1|   ap_memory|          C_16|         array|
|C_16_d0                  |  out|   32|   ap_memory|          C_16|         array|
|C_17_address0            |  out|   10|   ap_memory|          C_17|         array|
|C_17_ce0                 |  out|    1|   ap_memory|          C_17|         array|
|C_17_we0                 |  out|    1|   ap_memory|          C_17|         array|
|C_17_d0                  |  out|   32|   ap_memory|          C_17|         array|
|C_18_address0            |  out|   10|   ap_memory|          C_18|         array|
|C_18_ce0                 |  out|    1|   ap_memory|          C_18|         array|
|C_18_we0                 |  out|    1|   ap_memory|          C_18|         array|
|C_18_d0                  |  out|   32|   ap_memory|          C_18|         array|
|C_19_address0            |  out|   10|   ap_memory|          C_19|         array|
|C_19_ce0                 |  out|    1|   ap_memory|          C_19|         array|
|C_19_we0                 |  out|    1|   ap_memory|          C_19|         array|
|C_19_d0                  |  out|   32|   ap_memory|          C_19|         array|
|C_20_address0            |  out|   10|   ap_memory|          C_20|         array|
|C_20_ce0                 |  out|    1|   ap_memory|          C_20|         array|
|C_20_we0                 |  out|    1|   ap_memory|          C_20|         array|
|C_20_d0                  |  out|   32|   ap_memory|          C_20|         array|
|C_21_address0            |  out|   10|   ap_memory|          C_21|         array|
|C_21_ce0                 |  out|    1|   ap_memory|          C_21|         array|
|C_21_we0                 |  out|    1|   ap_memory|          C_21|         array|
|C_21_d0                  |  out|   32|   ap_memory|          C_21|         array|
|C_22_address0            |  out|   10|   ap_memory|          C_22|         array|
|C_22_ce0                 |  out|    1|   ap_memory|          C_22|         array|
|C_22_we0                 |  out|    1|   ap_memory|          C_22|         array|
|C_22_d0                  |  out|   32|   ap_memory|          C_22|         array|
|C_23_address0            |  out|   10|   ap_memory|          C_23|         array|
|C_23_ce0                 |  out|    1|   ap_memory|          C_23|         array|
|C_23_we0                 |  out|    1|   ap_memory|          C_23|         array|
|C_23_d0                  |  out|   32|   ap_memory|          C_23|         array|
|C_24_address0            |  out|   10|   ap_memory|          C_24|         array|
|C_24_ce0                 |  out|    1|   ap_memory|          C_24|         array|
|C_24_we0                 |  out|    1|   ap_memory|          C_24|         array|
|C_24_d0                  |  out|   32|   ap_memory|          C_24|         array|
|C_25_address0            |  out|   10|   ap_memory|          C_25|         array|
|C_25_ce0                 |  out|    1|   ap_memory|          C_25|         array|
|C_25_we0                 |  out|    1|   ap_memory|          C_25|         array|
|C_25_d0                  |  out|   32|   ap_memory|          C_25|         array|
|C_26_address0            |  out|   10|   ap_memory|          C_26|         array|
|C_26_ce0                 |  out|    1|   ap_memory|          C_26|         array|
|C_26_we0                 |  out|    1|   ap_memory|          C_26|         array|
|C_26_d0                  |  out|   32|   ap_memory|          C_26|         array|
|C_27_address0            |  out|   10|   ap_memory|          C_27|         array|
|C_27_ce0                 |  out|    1|   ap_memory|          C_27|         array|
|C_27_we0                 |  out|    1|   ap_memory|          C_27|         array|
|C_27_d0                  |  out|   32|   ap_memory|          C_27|         array|
|C_28_address0            |  out|   10|   ap_memory|          C_28|         array|
|C_28_ce0                 |  out|    1|   ap_memory|          C_28|         array|
|C_28_we0                 |  out|    1|   ap_memory|          C_28|         array|
|C_28_d0                  |  out|   32|   ap_memory|          C_28|         array|
|C_29_address0            |  out|   10|   ap_memory|          C_29|         array|
|C_29_ce0                 |  out|    1|   ap_memory|          C_29|         array|
|C_29_we0                 |  out|    1|   ap_memory|          C_29|         array|
|C_29_d0                  |  out|   32|   ap_memory|          C_29|         array|
|C_30_address0            |  out|   10|   ap_memory|          C_30|         array|
|C_30_ce0                 |  out|    1|   ap_memory|          C_30|         array|
|C_30_we0                 |  out|    1|   ap_memory|          C_30|         array|
|C_30_d0                  |  out|   32|   ap_memory|          C_30|         array|
|C_31_address0            |  out|   10|   ap_memory|          C_31|         array|
|C_31_ce0                 |  out|    1|   ap_memory|          C_31|         array|
|C_31_we0                 |  out|    1|   ap_memory|          C_31|         array|
|C_31_d0                  |  out|   32|   ap_memory|          C_31|         array|
|C_32_address0            |  out|   10|   ap_memory|          C_32|         array|
|C_32_ce0                 |  out|    1|   ap_memory|          C_32|         array|
|C_32_we0                 |  out|    1|   ap_memory|          C_32|         array|
|C_32_d0                  |  out|   32|   ap_memory|          C_32|         array|
|C_33_address0            |  out|   10|   ap_memory|          C_33|         array|
|C_33_ce0                 |  out|    1|   ap_memory|          C_33|         array|
|C_33_we0                 |  out|    1|   ap_memory|          C_33|         array|
|C_33_d0                  |  out|   32|   ap_memory|          C_33|         array|
|C_34_address0            |  out|   10|   ap_memory|          C_34|         array|
|C_34_ce0                 |  out|    1|   ap_memory|          C_34|         array|
|C_34_we0                 |  out|    1|   ap_memory|          C_34|         array|
|C_34_d0                  |  out|   32|   ap_memory|          C_34|         array|
|C_35_address0            |  out|   10|   ap_memory|          C_35|         array|
|C_35_ce0                 |  out|    1|   ap_memory|          C_35|         array|
|C_35_we0                 |  out|    1|   ap_memory|          C_35|         array|
|C_35_d0                  |  out|   32|   ap_memory|          C_35|         array|
|C_36_address0            |  out|   10|   ap_memory|          C_36|         array|
|C_36_ce0                 |  out|    1|   ap_memory|          C_36|         array|
|C_36_we0                 |  out|    1|   ap_memory|          C_36|         array|
|C_36_d0                  |  out|   32|   ap_memory|          C_36|         array|
|C_37_address0            |  out|   10|   ap_memory|          C_37|         array|
|C_37_ce0                 |  out|    1|   ap_memory|          C_37|         array|
|C_37_we0                 |  out|    1|   ap_memory|          C_37|         array|
|C_37_d0                  |  out|   32|   ap_memory|          C_37|         array|
|C_38_address0            |  out|   10|   ap_memory|          C_38|         array|
|C_38_ce0                 |  out|    1|   ap_memory|          C_38|         array|
|C_38_we0                 |  out|    1|   ap_memory|          C_38|         array|
|C_38_d0                  |  out|   32|   ap_memory|          C_38|         array|
|C_39_address0            |  out|   10|   ap_memory|          C_39|         array|
|C_39_ce0                 |  out|    1|   ap_memory|          C_39|         array|
|C_39_we0                 |  out|    1|   ap_memory|          C_39|         array|
|C_39_d0                  |  out|   32|   ap_memory|          C_39|         array|
|C_40_address0            |  out|   10|   ap_memory|          C_40|         array|
|C_40_ce0                 |  out|    1|   ap_memory|          C_40|         array|
|C_40_we0                 |  out|    1|   ap_memory|          C_40|         array|
|C_40_d0                  |  out|   32|   ap_memory|          C_40|         array|
|C_41_address0            |  out|   10|   ap_memory|          C_41|         array|
|C_41_ce0                 |  out|    1|   ap_memory|          C_41|         array|
|C_41_we0                 |  out|    1|   ap_memory|          C_41|         array|
|C_41_d0                  |  out|   32|   ap_memory|          C_41|         array|
|C_42_address0            |  out|   10|   ap_memory|          C_42|         array|
|C_42_ce0                 |  out|    1|   ap_memory|          C_42|         array|
|C_42_we0                 |  out|    1|   ap_memory|          C_42|         array|
|C_42_d0                  |  out|   32|   ap_memory|          C_42|         array|
|C_43_address0            |  out|   10|   ap_memory|          C_43|         array|
|C_43_ce0                 |  out|    1|   ap_memory|          C_43|         array|
|C_43_we0                 |  out|    1|   ap_memory|          C_43|         array|
|C_43_d0                  |  out|   32|   ap_memory|          C_43|         array|
|C_44_address0            |  out|   10|   ap_memory|          C_44|         array|
|C_44_ce0                 |  out|    1|   ap_memory|          C_44|         array|
|C_44_we0                 |  out|    1|   ap_memory|          C_44|         array|
|C_44_d0                  |  out|   32|   ap_memory|          C_44|         array|
|C_45_address0            |  out|   10|   ap_memory|          C_45|         array|
|C_45_ce0                 |  out|    1|   ap_memory|          C_45|         array|
|C_45_we0                 |  out|    1|   ap_memory|          C_45|         array|
|C_45_d0                  |  out|   32|   ap_memory|          C_45|         array|
|C_46_address0            |  out|   10|   ap_memory|          C_46|         array|
|C_46_ce0                 |  out|    1|   ap_memory|          C_46|         array|
|C_46_we0                 |  out|    1|   ap_memory|          C_46|         array|
|C_46_d0                  |  out|   32|   ap_memory|          C_46|         array|
|C_47_address0            |  out|   10|   ap_memory|          C_47|         array|
|C_47_ce0                 |  out|    1|   ap_memory|          C_47|         array|
|C_47_we0                 |  out|    1|   ap_memory|          C_47|         array|
|C_47_d0                  |  out|   32|   ap_memory|          C_47|         array|
|C_48_address0            |  out|   10|   ap_memory|          C_48|         array|
|C_48_ce0                 |  out|    1|   ap_memory|          C_48|         array|
|C_48_we0                 |  out|    1|   ap_memory|          C_48|         array|
|C_48_d0                  |  out|   32|   ap_memory|          C_48|         array|
|C_49_address0            |  out|   10|   ap_memory|          C_49|         array|
|C_49_ce0                 |  out|    1|   ap_memory|          C_49|         array|
|C_49_we0                 |  out|    1|   ap_memory|          C_49|         array|
|C_49_d0                  |  out|   32|   ap_memory|          C_49|         array|
|C_50_address0            |  out|   10|   ap_memory|          C_50|         array|
|C_50_ce0                 |  out|    1|   ap_memory|          C_50|         array|
|C_50_we0                 |  out|    1|   ap_memory|          C_50|         array|
|C_50_d0                  |  out|   32|   ap_memory|          C_50|         array|
|C_51_address0            |  out|   10|   ap_memory|          C_51|         array|
|C_51_ce0                 |  out|    1|   ap_memory|          C_51|         array|
|C_51_we0                 |  out|    1|   ap_memory|          C_51|         array|
|C_51_d0                  |  out|   32|   ap_memory|          C_51|         array|
|C_52_address0            |  out|   10|   ap_memory|          C_52|         array|
|C_52_ce0                 |  out|    1|   ap_memory|          C_52|         array|
|C_52_we0                 |  out|    1|   ap_memory|          C_52|         array|
|C_52_d0                  |  out|   32|   ap_memory|          C_52|         array|
|C_53_address0            |  out|   10|   ap_memory|          C_53|         array|
|C_53_ce0                 |  out|    1|   ap_memory|          C_53|         array|
|C_53_we0                 |  out|    1|   ap_memory|          C_53|         array|
|C_53_d0                  |  out|   32|   ap_memory|          C_53|         array|
|C_54_address0            |  out|   10|   ap_memory|          C_54|         array|
|C_54_ce0                 |  out|    1|   ap_memory|          C_54|         array|
|C_54_we0                 |  out|    1|   ap_memory|          C_54|         array|
|C_54_d0                  |  out|   32|   ap_memory|          C_54|         array|
|C_55_address0            |  out|   10|   ap_memory|          C_55|         array|
|C_55_ce0                 |  out|    1|   ap_memory|          C_55|         array|
|C_55_we0                 |  out|    1|   ap_memory|          C_55|         array|
|C_55_d0                  |  out|   32|   ap_memory|          C_55|         array|
|C_56_address0            |  out|   10|   ap_memory|          C_56|         array|
|C_56_ce0                 |  out|    1|   ap_memory|          C_56|         array|
|C_56_we0                 |  out|    1|   ap_memory|          C_56|         array|
|C_56_d0                  |  out|   32|   ap_memory|          C_56|         array|
|C_57_address0            |  out|   10|   ap_memory|          C_57|         array|
|C_57_ce0                 |  out|    1|   ap_memory|          C_57|         array|
|C_57_we0                 |  out|    1|   ap_memory|          C_57|         array|
|C_57_d0                  |  out|   32|   ap_memory|          C_57|         array|
|C_58_address0            |  out|   10|   ap_memory|          C_58|         array|
|C_58_ce0                 |  out|    1|   ap_memory|          C_58|         array|
|C_58_we0                 |  out|    1|   ap_memory|          C_58|         array|
|C_58_d0                  |  out|   32|   ap_memory|          C_58|         array|
|C_59_address0            |  out|   10|   ap_memory|          C_59|         array|
|C_59_ce0                 |  out|    1|   ap_memory|          C_59|         array|
|C_59_we0                 |  out|    1|   ap_memory|          C_59|         array|
|C_59_d0                  |  out|   32|   ap_memory|          C_59|         array|
|C_60_address0            |  out|   10|   ap_memory|          C_60|         array|
|C_60_ce0                 |  out|    1|   ap_memory|          C_60|         array|
|C_60_we0                 |  out|    1|   ap_memory|          C_60|         array|
|C_60_d0                  |  out|   32|   ap_memory|          C_60|         array|
|C_61_address0            |  out|   10|   ap_memory|          C_61|         array|
|C_61_ce0                 |  out|    1|   ap_memory|          C_61|         array|
|C_61_we0                 |  out|    1|   ap_memory|          C_61|         array|
|C_61_d0                  |  out|   32|   ap_memory|          C_61|         array|
|C_62_address0            |  out|   10|   ap_memory|          C_62|         array|
|C_62_ce0                 |  out|    1|   ap_memory|          C_62|         array|
|C_62_we0                 |  out|    1|   ap_memory|          C_62|         array|
|C_62_d0                  |  out|   32|   ap_memory|          C_62|         array|
|C_63_address0            |  out|   10|   ap_memory|          C_63|         array|
|C_63_ce0                 |  out|    1|   ap_memory|          C_63|         array|
|C_63_we0                 |  out|    1|   ap_memory|          C_63|         array|
|C_63_d0                  |  out|   32|   ap_memory|          C_63|         array|
|C_64_address0            |  out|   10|   ap_memory|          C_64|         array|
|C_64_ce0                 |  out|    1|   ap_memory|          C_64|         array|
|C_64_we0                 |  out|    1|   ap_memory|          C_64|         array|
|C_64_d0                  |  out|   32|   ap_memory|          C_64|         array|
|C_65_address0            |  out|   10|   ap_memory|          C_65|         array|
|C_65_ce0                 |  out|    1|   ap_memory|          C_65|         array|
|C_65_we0                 |  out|    1|   ap_memory|          C_65|         array|
|C_65_d0                  |  out|   32|   ap_memory|          C_65|         array|
|C_66_address0            |  out|   10|   ap_memory|          C_66|         array|
|C_66_ce0                 |  out|    1|   ap_memory|          C_66|         array|
|C_66_we0                 |  out|    1|   ap_memory|          C_66|         array|
|C_66_d0                  |  out|   32|   ap_memory|          C_66|         array|
|C_67_address0            |  out|   10|   ap_memory|          C_67|         array|
|C_67_ce0                 |  out|    1|   ap_memory|          C_67|         array|
|C_67_we0                 |  out|    1|   ap_memory|          C_67|         array|
|C_67_d0                  |  out|   32|   ap_memory|          C_67|         array|
|C_68_address0            |  out|   10|   ap_memory|          C_68|         array|
|C_68_ce0                 |  out|    1|   ap_memory|          C_68|         array|
|C_68_we0                 |  out|    1|   ap_memory|          C_68|         array|
|C_68_d0                  |  out|   32|   ap_memory|          C_68|         array|
|C_69_address0            |  out|   10|   ap_memory|          C_69|         array|
|C_69_ce0                 |  out|    1|   ap_memory|          C_69|         array|
|C_69_we0                 |  out|    1|   ap_memory|          C_69|         array|
|C_69_d0                  |  out|   32|   ap_memory|          C_69|         array|
|C_70_address0            |  out|   10|   ap_memory|          C_70|         array|
|C_70_ce0                 |  out|    1|   ap_memory|          C_70|         array|
|C_70_we0                 |  out|    1|   ap_memory|          C_70|         array|
|C_70_d0                  |  out|   32|   ap_memory|          C_70|         array|
|C_71_address0            |  out|   10|   ap_memory|          C_71|         array|
|C_71_ce0                 |  out|    1|   ap_memory|          C_71|         array|
|C_71_we0                 |  out|    1|   ap_memory|          C_71|         array|
|C_71_d0                  |  out|   32|   ap_memory|          C_71|         array|
|C_72_address0            |  out|   10|   ap_memory|          C_72|         array|
|C_72_ce0                 |  out|    1|   ap_memory|          C_72|         array|
|C_72_we0                 |  out|    1|   ap_memory|          C_72|         array|
|C_72_d0                  |  out|   32|   ap_memory|          C_72|         array|
|C_73_address0            |  out|   10|   ap_memory|          C_73|         array|
|C_73_ce0                 |  out|    1|   ap_memory|          C_73|         array|
|C_73_we0                 |  out|    1|   ap_memory|          C_73|         array|
|C_73_d0                  |  out|   32|   ap_memory|          C_73|         array|
|C_74_address0            |  out|   10|   ap_memory|          C_74|         array|
|C_74_ce0                 |  out|    1|   ap_memory|          C_74|         array|
|C_74_we0                 |  out|    1|   ap_memory|          C_74|         array|
|C_74_d0                  |  out|   32|   ap_memory|          C_74|         array|
|C_75_address0            |  out|   10|   ap_memory|          C_75|         array|
|C_75_ce0                 |  out|    1|   ap_memory|          C_75|         array|
|C_75_we0                 |  out|    1|   ap_memory|          C_75|         array|
|C_75_d0                  |  out|   32|   ap_memory|          C_75|         array|
|C_76_address0            |  out|   10|   ap_memory|          C_76|         array|
|C_76_ce0                 |  out|    1|   ap_memory|          C_76|         array|
|C_76_we0                 |  out|    1|   ap_memory|          C_76|         array|
|C_76_d0                  |  out|   32|   ap_memory|          C_76|         array|
|C_77_address0            |  out|   10|   ap_memory|          C_77|         array|
|C_77_ce0                 |  out|    1|   ap_memory|          C_77|         array|
|C_77_we0                 |  out|    1|   ap_memory|          C_77|         array|
|C_77_d0                  |  out|   32|   ap_memory|          C_77|         array|
|C_78_address0            |  out|   10|   ap_memory|          C_78|         array|
|C_78_ce0                 |  out|    1|   ap_memory|          C_78|         array|
|C_78_we0                 |  out|    1|   ap_memory|          C_78|         array|
|C_78_d0                  |  out|   32|   ap_memory|          C_78|         array|
|C_79_address0            |  out|   10|   ap_memory|          C_79|         array|
|C_79_ce0                 |  out|    1|   ap_memory|          C_79|         array|
|C_79_we0                 |  out|    1|   ap_memory|          C_79|         array|
|C_79_d0                  |  out|   32|   ap_memory|          C_79|         array|
|m_axi_kernel_C_AWVALID   |  out|    1|       m_axi|      kernel_C|       pointer|
|m_axi_kernel_C_AWREADY   |   in|    1|       m_axi|      kernel_C|       pointer|
|m_axi_kernel_C_AWADDR    |  out|   64|       m_axi|      kernel_C|       pointer|
|m_axi_kernel_C_AWID      |  out|    1|       m_axi|      kernel_C|       pointer|
|m_axi_kernel_C_AWLEN     |  out|   32|       m_axi|      kernel_C|       pointer|
|m_axi_kernel_C_AWSIZE    |  out|    3|       m_axi|      kernel_C|       pointer|
|m_axi_kernel_C_AWBURST   |  out|    2|       m_axi|      kernel_C|       pointer|
|m_axi_kernel_C_AWLOCK    |  out|    2|       m_axi|      kernel_C|       pointer|
|m_axi_kernel_C_AWCACHE   |  out|    4|       m_axi|      kernel_C|       pointer|
|m_axi_kernel_C_AWPROT    |  out|    3|       m_axi|      kernel_C|       pointer|
|m_axi_kernel_C_AWQOS     |  out|    4|       m_axi|      kernel_C|       pointer|
|m_axi_kernel_C_AWREGION  |  out|    4|       m_axi|      kernel_C|       pointer|
|m_axi_kernel_C_AWUSER    |  out|    1|       m_axi|      kernel_C|       pointer|
|m_axi_kernel_C_WVALID    |  out|    1|       m_axi|      kernel_C|       pointer|
|m_axi_kernel_C_WREADY    |   in|    1|       m_axi|      kernel_C|       pointer|
|m_axi_kernel_C_WDATA     |  out|  512|       m_axi|      kernel_C|       pointer|
|m_axi_kernel_C_WSTRB     |  out|   64|       m_axi|      kernel_C|       pointer|
|m_axi_kernel_C_WLAST     |  out|    1|       m_axi|      kernel_C|       pointer|
|m_axi_kernel_C_WID       |  out|    1|       m_axi|      kernel_C|       pointer|
|m_axi_kernel_C_WUSER     |  out|    1|       m_axi|      kernel_C|       pointer|
|m_axi_kernel_C_ARVALID   |  out|    1|       m_axi|      kernel_C|       pointer|
|m_axi_kernel_C_ARREADY   |   in|    1|       m_axi|      kernel_C|       pointer|
|m_axi_kernel_C_ARADDR    |  out|   64|       m_axi|      kernel_C|       pointer|
|m_axi_kernel_C_ARID      |  out|    1|       m_axi|      kernel_C|       pointer|
|m_axi_kernel_C_ARLEN     |  out|   32|       m_axi|      kernel_C|       pointer|
|m_axi_kernel_C_ARSIZE    |  out|    3|       m_axi|      kernel_C|       pointer|
|m_axi_kernel_C_ARBURST   |  out|    2|       m_axi|      kernel_C|       pointer|
|m_axi_kernel_C_ARLOCK    |  out|    2|       m_axi|      kernel_C|       pointer|
|m_axi_kernel_C_ARCACHE   |  out|    4|       m_axi|      kernel_C|       pointer|
|m_axi_kernel_C_ARPROT    |  out|    3|       m_axi|      kernel_C|       pointer|
|m_axi_kernel_C_ARQOS     |  out|    4|       m_axi|      kernel_C|       pointer|
|m_axi_kernel_C_ARREGION  |  out|    4|       m_axi|      kernel_C|       pointer|
|m_axi_kernel_C_ARUSER    |  out|    1|       m_axi|      kernel_C|       pointer|
|m_axi_kernel_C_RVALID    |   in|    1|       m_axi|      kernel_C|       pointer|
|m_axi_kernel_C_RREADY    |  out|    1|       m_axi|      kernel_C|       pointer|
|m_axi_kernel_C_RDATA     |   in|  512|       m_axi|      kernel_C|       pointer|
|m_axi_kernel_C_RLAST     |   in|    1|       m_axi|      kernel_C|       pointer|
|m_axi_kernel_C_RID       |   in|    1|       m_axi|      kernel_C|       pointer|
|m_axi_kernel_C_RFIFONUM  |   in|    9|       m_axi|      kernel_C|       pointer|
|m_axi_kernel_C_RUSER     |   in|    1|       m_axi|      kernel_C|       pointer|
|m_axi_kernel_C_RRESP     |   in|    2|       m_axi|      kernel_C|       pointer|
|m_axi_kernel_C_BVALID    |   in|    1|       m_axi|      kernel_C|       pointer|
|m_axi_kernel_C_BREADY    |  out|    1|       m_axi|      kernel_C|       pointer|
|m_axi_kernel_C_BRESP     |   in|    2|       m_axi|      kernel_C|       pointer|
|m_axi_kernel_C_BID       |   in|    1|       m_axi|      kernel_C|       pointer|
|m_axi_kernel_C_BUSER     |   in|    1|       m_axi|      kernel_C|       pointer|
|vC                       |   in|   64|     ap_none|            vC|        scalar|
+-------------------------+-----+-----+------------+--------------+--------------+

