

================================================================
== Vitis HLS Report for 'load_B'
================================================================
* Date:           Tue Sep 17 02:19:07 2024

* Version:        2023.2 (Build 4023990 on Oct 11 2023)
* Project:        kernel_nlp
* Solution:       solution (Vitis Kernel Flow Target)
* Product family: virtexuplus
* Target device:  xcu200-fsgd2104-2-e


================================================================
== Performance Estimates
================================================================
+ Timing: 
    * Summary: 
    +--------+---------+----------+------------+
    |  Clock |  Target | Estimated| Uncertainty|
    +--------+---------+----------+------------+
    |ap_clk  |  4.00 ns|  2.920 ns|     1.08 ns|
    +--------+---------+----------+------------+

+ Latency: 
    * Summary: 
    +---------+---------+----------+----------+-----+-----+---------+
    |  Latency (cycles) |  Latency (absolute) |  Interval | Pipeline|
    |   min   |   max   |    min   |    max   | min | max |   Type  |
    +---------+---------+----------+----------+-----+-----+---------+
    |      483|      483|  1.932 us|  1.932 us|  483|  483|       no|
    +---------+---------+----------+----------+-----+-----+---------+

    + Detail: 
        * Instance: 
        +------------------------------------------------------------+-------------------------------------------------+---------+---------+----------+----------+-----+-----+---------+
        |                                                            |                                                 |  Latency (cycles) |  Latency (absolute) |  Interval | Pipeline|
        |                          Instance                          |                      Module                     |   min   |   max   |    min   |    max   | min | max |   Type  |
        +------------------------------------------------------------+-------------------------------------------------+---------+---------+----------+----------+-----+-----+---------+
        |grp_load_B_Pipeline_VITIS_LOOP_39_1_VITIS_LOOP_40_2_fu_369  |load_B_Pipeline_VITIS_LOOP_39_1_VITIS_LOOP_40_2  |      411|      411|  1.644 us|  1.644 us|  411|  411|       no|
        +------------------------------------------------------------+-------------------------------------------------+---------+---------+----------+----------+-----+-----+---------+

        * Loop: 
        N/A



================================================================
== Utilization Estimates
================================================================
* Summary: 
+---------------------+---------+------+---------+---------+-----+
|         Name        | BRAM_18K|  DSP |    FF   |   LUT   | URAM|
+---------------------+---------+------+---------+---------+-----+
|DSP                  |        -|     -|        -|        -|    -|
|Expression           |        -|     -|        -|        -|    -|
|FIFO                 |        -|     -|        -|        -|    -|
|Instance             |        -|     0|      850|      393|    -|
|Memory               |        -|     -|        -|        -|    -|
|Multiplexer          |        -|     -|        -|      479|    -|
|Register             |        -|     -|      132|        -|    -|
+---------------------+---------+------+---------+---------+-----+
|Total                |        0|     0|      982|      872|    0|
+---------------------+---------+------+---------+---------+-----+
|Available SLR        |     1440|  2280|   788160|   394080|  320|
+---------------------+---------+------+---------+---------+-----+
|Utilization SLR (%)  |        0|     0|       ~0|       ~0|    0|
+---------------------+---------+------+---------+---------+-----+
|Available            |     4320|  6840|  2364480|  1182240|  960|
+---------------------+---------+------+---------+---------+-----+
|Utilization (%)      |        0|     0|       ~0|       ~0|    0|
+---------------------+---------+------+---------+---------+-----+

+ Detail: 
    * Instance: 
    +------------------------------------------------------------+-------------------------------------------------+---------+----+-----+-----+-----+
    |                          Instance                          |                      Module                     | BRAM_18K| DSP|  FF | LUT | URAM|
    +------------------------------------------------------------+-------------------------------------------------+---------+----+-----+-----+-----+
    |grp_load_B_Pipeline_VITIS_LOOP_39_1_VITIS_LOOP_40_2_fu_369  |load_B_Pipeline_VITIS_LOOP_39_1_VITIS_LOOP_40_2  |        0|   0|  850|  393|    0|
    +------------------------------------------------------------+-------------------------------------------------+---------+----+-----+-----+-----+
    |Total                                                       |                                                 |        0|   0|  850|  393|    0|
    +------------------------------------------------------------+-------------------------------------------------+---------+----+-----+-----+-----+

    * DSP: 
    N/A

    * Memory: 
    N/A

    * FIFO: 
    N/A

    * Expression: 
    N/A

    * Multiplexer: 
    +-------------------------+-----+-----------+-----+-----------+
    |           Name          | LUT | Input Size| Bits| Total Bits|
    +-------------------------+-----+-----------+-----+-----------+
    |ap_NS_fsm                |  338|         74|    1|         74|
    |kernel_B_blk_n_AR        |    9|          2|    1|          2|
    |m_axi_kernel_B_ARADDR    |   14|          3|   64|        192|
    |m_axi_kernel_B_ARBURST   |    9|          2|    2|          4|
    |m_axi_kernel_B_ARCACHE   |    9|          2|    4|          8|
    |m_axi_kernel_B_ARID      |    9|          2|    1|          2|
    |m_axi_kernel_B_ARLEN     |   14|          3|   32|         96|
    |m_axi_kernel_B_ARLOCK    |    9|          2|    2|          4|
    |m_axi_kernel_B_ARPROT    |    9|          2|    3|          6|
    |m_axi_kernel_B_ARQOS     |    9|          2|    4|          8|
    |m_axi_kernel_B_ARREGION  |    9|          2|    4|          8|
    |m_axi_kernel_B_ARSIZE    |    9|          2|    3|          6|
    |m_axi_kernel_B_ARUSER    |    9|          2|    1|          2|
    |m_axi_kernel_B_ARVALID   |   14|          3|    1|          3|
    |m_axi_kernel_B_RREADY    |    9|          2|    1|          2|
    +-------------------------+-----+-----------+-----+-----------+
    |Total                    |  479|        105|  124|        417|
    +-------------------------+-----+-----------+-----+-----------+

    * Register: 
    +-------------------------------------------------------------------------+----+----+-----+-----------+
    |                                   Name                                  | FF | LUT| Bits| Const Bits|
    +-------------------------------------------------------------------------+----+----+-----+-----------+
    |ap_CS_fsm                                                                |  73|   0|   73|          0|
    |grp_load_B_Pipeline_VITIS_LOOP_39_1_VITIS_LOOP_40_2_fu_369_ap_start_reg  |   1|   0|    1|          0|
    |trunc_ln_reg_717                                                         |  58|   0|   58|          0|
    +-------------------------------------------------------------------------+----+----+-----+-----------+
    |Total                                                                    | 132|   0|  132|          0|
    +-------------------------------------------------------------------------+----+----+-----+-----------+



================================================================
== Interface
================================================================
* Summary: 
+-------------------------+-----+-----+------------+--------------+--------------+
|        RTL Ports        | Dir | Bits|  Protocol  | Source Object|    C Type    |
+-------------------------+-----+-----+------------+--------------+--------------+
|ap_clk                   |   in|    1|  ap_ctrl_hs|        load_B|  return value|
|ap_rst                   |   in|    1|  ap_ctrl_hs|        load_B|  return value|
|ap_start                 |   in|    1|  ap_ctrl_hs|        load_B|  return value|
|ap_done                  |  out|    1|  ap_ctrl_hs|        load_B|  return value|
|ap_idle                  |  out|    1|  ap_ctrl_hs|        load_B|  return value|
|ap_ready                 |  out|    1|  ap_ctrl_hs|        load_B|  return value|
|B_0_0_address0           |  out|    6|   ap_memory|         B_0_0|         array|
|B_0_0_ce0                |  out|    1|   ap_memory|         B_0_0|         array|
|B_0_0_we0                |  out|    1|   ap_memory|         B_0_0|         array|
|B_0_0_d0                 |  out|   32|   ap_memory|         B_0_0|         array|
|B_0_1_address0           |  out|    6|   ap_memory|         B_0_1|         array|
|B_0_1_ce0                |  out|    1|   ap_memory|         B_0_1|         array|
|B_0_1_we0                |  out|    1|   ap_memory|         B_0_1|         array|
|B_0_1_d0                 |  out|   32|   ap_memory|         B_0_1|         array|
|B_0_2_address0           |  out|    6|   ap_memory|         B_0_2|         array|
|B_0_2_ce0                |  out|    1|   ap_memory|         B_0_2|         array|
|B_0_2_we0                |  out|    1|   ap_memory|         B_0_2|         array|
|B_0_2_d0                 |  out|   32|   ap_memory|         B_0_2|         array|
|B_0_3_address0           |  out|    6|   ap_memory|         B_0_3|         array|
|B_0_3_ce0                |  out|    1|   ap_memory|         B_0_3|         array|
|B_0_3_we0                |  out|    1|   ap_memory|         B_0_3|         array|
|B_0_3_d0                 |  out|   32|   ap_memory|         B_0_3|         array|
|B_0_4_address0           |  out|    6|   ap_memory|         B_0_4|         array|
|B_0_4_ce0                |  out|    1|   ap_memory|         B_0_4|         array|
|B_0_4_we0                |  out|    1|   ap_memory|         B_0_4|         array|
|B_0_4_d0                 |  out|   32|   ap_memory|         B_0_4|         array|
|B_0_5_address0           |  out|    6|   ap_memory|         B_0_5|         array|
|B_0_5_ce0                |  out|    1|   ap_memory|         B_0_5|         array|
|B_0_5_we0                |  out|    1|   ap_memory|         B_0_5|         array|
|B_0_5_d0                 |  out|   32|   ap_memory|         B_0_5|         array|
|B_0_6_address0           |  out|    6|   ap_memory|         B_0_6|         array|
|B_0_6_ce0                |  out|    1|   ap_memory|         B_0_6|         array|
|B_0_6_we0                |  out|    1|   ap_memory|         B_0_6|         array|
|B_0_6_d0                 |  out|   32|   ap_memory|         B_0_6|         array|
|B_0_7_address0           |  out|    6|   ap_memory|         B_0_7|         array|
|B_0_7_ce0                |  out|    1|   ap_memory|         B_0_7|         array|
|B_0_7_we0                |  out|    1|   ap_memory|         B_0_7|         array|
|B_0_7_d0                 |  out|   32|   ap_memory|         B_0_7|         array|
|B_0_8_address0           |  out|    6|   ap_memory|         B_0_8|         array|
|B_0_8_ce0                |  out|    1|   ap_memory|         B_0_8|         array|
|B_0_8_we0                |  out|    1|   ap_memory|         B_0_8|         array|
|B_0_8_d0                 |  out|   32|   ap_memory|         B_0_8|         array|
|B_0_9_address0           |  out|    6|   ap_memory|         B_0_9|         array|
|B_0_9_ce0                |  out|    1|   ap_memory|         B_0_9|         array|
|B_0_9_we0                |  out|    1|   ap_memory|         B_0_9|         array|
|B_0_9_d0                 |  out|   32|   ap_memory|         B_0_9|         array|
|B_0_10_address0          |  out|    6|   ap_memory|        B_0_10|         array|
|B_0_10_ce0               |  out|    1|   ap_memory|        B_0_10|         array|
|B_0_10_we0               |  out|    1|   ap_memory|        B_0_10|         array|
|B_0_10_d0                |  out|   32|   ap_memory|        B_0_10|         array|
|B_0_11_address0          |  out|    6|   ap_memory|        B_0_11|         array|
|B_0_11_ce0               |  out|    1|   ap_memory|        B_0_11|         array|
|B_0_11_we0               |  out|    1|   ap_memory|        B_0_11|         array|
|B_0_11_d0                |  out|   32|   ap_memory|        B_0_11|         array|
|B_0_12_address0          |  out|    6|   ap_memory|        B_0_12|         array|
|B_0_12_ce0               |  out|    1|   ap_memory|        B_0_12|         array|
|B_0_12_we0               |  out|    1|   ap_memory|        B_0_12|         array|
|B_0_12_d0                |  out|   32|   ap_memory|        B_0_12|         array|
|B_0_13_address0          |  out|    6|   ap_memory|        B_0_13|         array|
|B_0_13_ce0               |  out|    1|   ap_memory|        B_0_13|         array|
|B_0_13_we0               |  out|    1|   ap_memory|        B_0_13|         array|
|B_0_13_d0                |  out|   32|   ap_memory|        B_0_13|         array|
|B_0_14_address0          |  out|    6|   ap_memory|        B_0_14|         array|
|B_0_14_ce0               |  out|    1|   ap_memory|        B_0_14|         array|
|B_0_14_we0               |  out|    1|   ap_memory|        B_0_14|         array|
|B_0_14_d0                |  out|   32|   ap_memory|        B_0_14|         array|
|B_0_15_address0          |  out|    6|   ap_memory|        B_0_15|         array|
|B_0_15_ce0               |  out|    1|   ap_memory|        B_0_15|         array|
|B_0_15_we0               |  out|    1|   ap_memory|        B_0_15|         array|
|B_0_15_d0                |  out|   32|   ap_memory|        B_0_15|         array|
|B_1_0_address0           |  out|    6|   ap_memory|         B_1_0|         array|
|B_1_0_ce0                |  out|    1|   ap_memory|         B_1_0|         array|
|B_1_0_we0                |  out|    1|   ap_memory|         B_1_0|         array|
|B_1_0_d0                 |  out|   32|   ap_memory|         B_1_0|         array|
|B_1_1_address0           |  out|    6|   ap_memory|         B_1_1|         array|
|B_1_1_ce0                |  out|    1|   ap_memory|         B_1_1|         array|
|B_1_1_we0                |  out|    1|   ap_memory|         B_1_1|         array|
|B_1_1_d0                 |  out|   32|   ap_memory|         B_1_1|         array|
|B_1_2_address0           |  out|    6|   ap_memory|         B_1_2|         array|
|B_1_2_ce0                |  out|    1|   ap_memory|         B_1_2|         array|
|B_1_2_we0                |  out|    1|   ap_memory|         B_1_2|         array|
|B_1_2_d0                 |  out|   32|   ap_memory|         B_1_2|         array|
|B_1_3_address0           |  out|    6|   ap_memory|         B_1_3|         array|
|B_1_3_ce0                |  out|    1|   ap_memory|         B_1_3|         array|
|B_1_3_we0                |  out|    1|   ap_memory|         B_1_3|         array|
|B_1_3_d0                 |  out|   32|   ap_memory|         B_1_3|         array|
|B_1_4_address0           |  out|    6|   ap_memory|         B_1_4|         array|
|B_1_4_ce0                |  out|    1|   ap_memory|         B_1_4|         array|
|B_1_4_we0                |  out|    1|   ap_memory|         B_1_4|         array|
|B_1_4_d0                 |  out|   32|   ap_memory|         B_1_4|         array|
|B_1_5_address0           |  out|    6|   ap_memory|         B_1_5|         array|
|B_1_5_ce0                |  out|    1|   ap_memory|         B_1_5|         array|
|B_1_5_we0                |  out|    1|   ap_memory|         B_1_5|         array|
|B_1_5_d0                 |  out|   32|   ap_memory|         B_1_5|         array|
|B_1_6_address0           |  out|    6|   ap_memory|         B_1_6|         array|
|B_1_6_ce0                |  out|    1|   ap_memory|         B_1_6|         array|
|B_1_6_we0                |  out|    1|   ap_memory|         B_1_6|         array|
|B_1_6_d0                 |  out|   32|   ap_memory|         B_1_6|         array|
|B_1_7_address0           |  out|    6|   ap_memory|         B_1_7|         array|
|B_1_7_ce0                |  out|    1|   ap_memory|         B_1_7|         array|
|B_1_7_we0                |  out|    1|   ap_memory|         B_1_7|         array|
|B_1_7_d0                 |  out|   32|   ap_memory|         B_1_7|         array|
|B_1_8_address0           |  out|    6|   ap_memory|         B_1_8|         array|
|B_1_8_ce0                |  out|    1|   ap_memory|         B_1_8|         array|
|B_1_8_we0                |  out|    1|   ap_memory|         B_1_8|         array|
|B_1_8_d0                 |  out|   32|   ap_memory|         B_1_8|         array|
|B_1_9_address0           |  out|    6|   ap_memory|         B_1_9|         array|
|B_1_9_ce0                |  out|    1|   ap_memory|         B_1_9|         array|
|B_1_9_we0                |  out|    1|   ap_memory|         B_1_9|         array|
|B_1_9_d0                 |  out|   32|   ap_memory|         B_1_9|         array|
|B_1_10_address0          |  out|    6|   ap_memory|        B_1_10|         array|
|B_1_10_ce0               |  out|    1|   ap_memory|        B_1_10|         array|
|B_1_10_we0               |  out|    1|   ap_memory|        B_1_10|         array|
|B_1_10_d0                |  out|   32|   ap_memory|        B_1_10|         array|
|B_1_11_address0          |  out|    6|   ap_memory|        B_1_11|         array|
|B_1_11_ce0               |  out|    1|   ap_memory|        B_1_11|         array|
|B_1_11_we0               |  out|    1|   ap_memory|        B_1_11|         array|
|B_1_11_d0                |  out|   32|   ap_memory|        B_1_11|         array|
|B_1_12_address0          |  out|    6|   ap_memory|        B_1_12|         array|
|B_1_12_ce0               |  out|    1|   ap_memory|        B_1_12|         array|
|B_1_12_we0               |  out|    1|   ap_memory|        B_1_12|         array|
|B_1_12_d0                |  out|   32|   ap_memory|        B_1_12|         array|
|B_1_13_address0          |  out|    6|   ap_memory|        B_1_13|         array|
|B_1_13_ce0               |  out|    1|   ap_memory|        B_1_13|         array|
|B_1_13_we0               |  out|    1|   ap_memory|        B_1_13|         array|
|B_1_13_d0                |  out|   32|   ap_memory|        B_1_13|         array|
|B_1_14_address0          |  out|    6|   ap_memory|        B_1_14|         array|
|B_1_14_ce0               |  out|    1|   ap_memory|        B_1_14|         array|
|B_1_14_we0               |  out|    1|   ap_memory|        B_1_14|         array|
|B_1_14_d0                |  out|   32|   ap_memory|        B_1_14|         array|
|B_1_15_address0          |  out|    6|   ap_memory|        B_1_15|         array|
|B_1_15_ce0               |  out|    1|   ap_memory|        B_1_15|         array|
|B_1_15_we0               |  out|    1|   ap_memory|        B_1_15|         array|
|B_1_15_d0                |  out|   32|   ap_memory|        B_1_15|         array|
|B_2_0_address0           |  out|    6|   ap_memory|         B_2_0|         array|
|B_2_0_ce0                |  out|    1|   ap_memory|         B_2_0|         array|
|B_2_0_we0                |  out|    1|   ap_memory|         B_2_0|         array|
|B_2_0_d0                 |  out|   32|   ap_memory|         B_2_0|         array|
|B_2_1_address0           |  out|    6|   ap_memory|         B_2_1|         array|
|B_2_1_ce0                |  out|    1|   ap_memory|         B_2_1|         array|
|B_2_1_we0                |  out|    1|   ap_memory|         B_2_1|         array|
|B_2_1_d0                 |  out|   32|   ap_memory|         B_2_1|         array|
|B_2_2_address0           |  out|    6|   ap_memory|         B_2_2|         array|
|B_2_2_ce0                |  out|    1|   ap_memory|         B_2_2|         array|
|B_2_2_we0                |  out|    1|   ap_memory|         B_2_2|         array|
|B_2_2_d0                 |  out|   32|   ap_memory|         B_2_2|         array|
|B_2_3_address0           |  out|    6|   ap_memory|         B_2_3|         array|
|B_2_3_ce0                |  out|    1|   ap_memory|         B_2_3|         array|
|B_2_3_we0                |  out|    1|   ap_memory|         B_2_3|         array|
|B_2_3_d0                 |  out|   32|   ap_memory|         B_2_3|         array|
|B_2_4_address0           |  out|    6|   ap_memory|         B_2_4|         array|
|B_2_4_ce0                |  out|    1|   ap_memory|         B_2_4|         array|
|B_2_4_we0                |  out|    1|   ap_memory|         B_2_4|         array|
|B_2_4_d0                 |  out|   32|   ap_memory|         B_2_4|         array|
|B_2_5_address0           |  out|    6|   ap_memory|         B_2_5|         array|
|B_2_5_ce0                |  out|    1|   ap_memory|         B_2_5|         array|
|B_2_5_we0                |  out|    1|   ap_memory|         B_2_5|         array|
|B_2_5_d0                 |  out|   32|   ap_memory|         B_2_5|         array|
|B_2_6_address0           |  out|    6|   ap_memory|         B_2_6|         array|
|B_2_6_ce0                |  out|    1|   ap_memory|         B_2_6|         array|
|B_2_6_we0                |  out|    1|   ap_memory|         B_2_6|         array|
|B_2_6_d0                 |  out|   32|   ap_memory|         B_2_6|         array|
|B_2_7_address0           |  out|    6|   ap_memory|         B_2_7|         array|
|B_2_7_ce0                |  out|    1|   ap_memory|         B_2_7|         array|
|B_2_7_we0                |  out|    1|   ap_memory|         B_2_7|         array|
|B_2_7_d0                 |  out|   32|   ap_memory|         B_2_7|         array|
|B_2_8_address0           |  out|    6|   ap_memory|         B_2_8|         array|
|B_2_8_ce0                |  out|    1|   ap_memory|         B_2_8|         array|
|B_2_8_we0                |  out|    1|   ap_memory|         B_2_8|         array|
|B_2_8_d0                 |  out|   32|   ap_memory|         B_2_8|         array|
|B_2_9_address0           |  out|    6|   ap_memory|         B_2_9|         array|
|B_2_9_ce0                |  out|    1|   ap_memory|         B_2_9|         array|
|B_2_9_we0                |  out|    1|   ap_memory|         B_2_9|         array|
|B_2_9_d0                 |  out|   32|   ap_memory|         B_2_9|         array|
|B_2_10_address0          |  out|    6|   ap_memory|        B_2_10|         array|
|B_2_10_ce0               |  out|    1|   ap_memory|        B_2_10|         array|
|B_2_10_we0               |  out|    1|   ap_memory|        B_2_10|         array|
|B_2_10_d0                |  out|   32|   ap_memory|        B_2_10|         array|
|B_2_11_address0          |  out|    6|   ap_memory|        B_2_11|         array|
|B_2_11_ce0               |  out|    1|   ap_memory|        B_2_11|         array|
|B_2_11_we0               |  out|    1|   ap_memory|        B_2_11|         array|
|B_2_11_d0                |  out|   32|   ap_memory|        B_2_11|         array|
|B_2_12_address0          |  out|    6|   ap_memory|        B_2_12|         array|
|B_2_12_ce0               |  out|    1|   ap_memory|        B_2_12|         array|
|B_2_12_we0               |  out|    1|   ap_memory|        B_2_12|         array|
|B_2_12_d0                |  out|   32|   ap_memory|        B_2_12|         array|
|B_2_13_address0          |  out|    6|   ap_memory|        B_2_13|         array|
|B_2_13_ce0               |  out|    1|   ap_memory|        B_2_13|         array|
|B_2_13_we0               |  out|    1|   ap_memory|        B_2_13|         array|
|B_2_13_d0                |  out|   32|   ap_memory|        B_2_13|         array|
|B_2_14_address0          |  out|    6|   ap_memory|        B_2_14|         array|
|B_2_14_ce0               |  out|    1|   ap_memory|        B_2_14|         array|
|B_2_14_we0               |  out|    1|   ap_memory|        B_2_14|         array|
|B_2_14_d0                |  out|   32|   ap_memory|        B_2_14|         array|
|B_2_15_address0          |  out|    6|   ap_memory|        B_2_15|         array|
|B_2_15_ce0               |  out|    1|   ap_memory|        B_2_15|         array|
|B_2_15_we0               |  out|    1|   ap_memory|        B_2_15|         array|
|B_2_15_d0                |  out|   32|   ap_memory|        B_2_15|         array|
|B_3_0_address0           |  out|    6|   ap_memory|         B_3_0|         array|
|B_3_0_ce0                |  out|    1|   ap_memory|         B_3_0|         array|
|B_3_0_we0                |  out|    1|   ap_memory|         B_3_0|         array|
|B_3_0_d0                 |  out|   32|   ap_memory|         B_3_0|         array|
|B_3_1_address0           |  out|    6|   ap_memory|         B_3_1|         array|
|B_3_1_ce0                |  out|    1|   ap_memory|         B_3_1|         array|
|B_3_1_we0                |  out|    1|   ap_memory|         B_3_1|         array|
|B_3_1_d0                 |  out|   32|   ap_memory|         B_3_1|         array|
|B_3_2_address0           |  out|    6|   ap_memory|         B_3_2|         array|
|B_3_2_ce0                |  out|    1|   ap_memory|         B_3_2|         array|
|B_3_2_we0                |  out|    1|   ap_memory|         B_3_2|         array|
|B_3_2_d0                 |  out|   32|   ap_memory|         B_3_2|         array|
|B_3_3_address0           |  out|    6|   ap_memory|         B_3_3|         array|
|B_3_3_ce0                |  out|    1|   ap_memory|         B_3_3|         array|
|B_3_3_we0                |  out|    1|   ap_memory|         B_3_3|         array|
|B_3_3_d0                 |  out|   32|   ap_memory|         B_3_3|         array|
|B_3_4_address0           |  out|    6|   ap_memory|         B_3_4|         array|
|B_3_4_ce0                |  out|    1|   ap_memory|         B_3_4|         array|
|B_3_4_we0                |  out|    1|   ap_memory|         B_3_4|         array|
|B_3_4_d0                 |  out|   32|   ap_memory|         B_3_4|         array|
|B_3_5_address0           |  out|    6|   ap_memory|         B_3_5|         array|
|B_3_5_ce0                |  out|    1|   ap_memory|         B_3_5|         array|
|B_3_5_we0                |  out|    1|   ap_memory|         B_3_5|         array|
|B_3_5_d0                 |  out|   32|   ap_memory|         B_3_5|         array|
|B_3_6_address0           |  out|    6|   ap_memory|         B_3_6|         array|
|B_3_6_ce0                |  out|    1|   ap_memory|         B_3_6|         array|
|B_3_6_we0                |  out|    1|   ap_memory|         B_3_6|         array|
|B_3_6_d0                 |  out|   32|   ap_memory|         B_3_6|         array|
|B_3_7_address0           |  out|    6|   ap_memory|         B_3_7|         array|
|B_3_7_ce0                |  out|    1|   ap_memory|         B_3_7|         array|
|B_3_7_we0                |  out|    1|   ap_memory|         B_3_7|         array|
|B_3_7_d0                 |  out|   32|   ap_memory|         B_3_7|         array|
|B_3_8_address0           |  out|    6|   ap_memory|         B_3_8|         array|
|B_3_8_ce0                |  out|    1|   ap_memory|         B_3_8|         array|
|B_3_8_we0                |  out|    1|   ap_memory|         B_3_8|         array|
|B_3_8_d0                 |  out|   32|   ap_memory|         B_3_8|         array|
|B_3_9_address0           |  out|    6|   ap_memory|         B_3_9|         array|
|B_3_9_ce0                |  out|    1|   ap_memory|         B_3_9|         array|
|B_3_9_we0                |  out|    1|   ap_memory|         B_3_9|         array|
|B_3_9_d0                 |  out|   32|   ap_memory|         B_3_9|         array|
|B_3_10_address0          |  out|    6|   ap_memory|        B_3_10|         array|
|B_3_10_ce0               |  out|    1|   ap_memory|        B_3_10|         array|
|B_3_10_we0               |  out|    1|   ap_memory|        B_3_10|         array|
|B_3_10_d0                |  out|   32|   ap_memory|        B_3_10|         array|
|B_3_11_address0          |  out|    6|   ap_memory|        B_3_11|         array|
|B_3_11_ce0               |  out|    1|   ap_memory|        B_3_11|         array|
|B_3_11_we0               |  out|    1|   ap_memory|        B_3_11|         array|
|B_3_11_d0                |  out|   32|   ap_memory|        B_3_11|         array|
|B_3_12_address0          |  out|    6|   ap_memory|        B_3_12|         array|
|B_3_12_ce0               |  out|    1|   ap_memory|        B_3_12|         array|
|B_3_12_we0               |  out|    1|   ap_memory|        B_3_12|         array|
|B_3_12_d0                |  out|   32|   ap_memory|        B_3_12|         array|
|B_3_13_address0          |  out|    6|   ap_memory|        B_3_13|         array|
|B_3_13_ce0               |  out|    1|   ap_memory|        B_3_13|         array|
|B_3_13_we0               |  out|    1|   ap_memory|        B_3_13|         array|
|B_3_13_d0                |  out|   32|   ap_memory|        B_3_13|         array|
|B_3_14_address0          |  out|    6|   ap_memory|        B_3_14|         array|
|B_3_14_ce0               |  out|    1|   ap_memory|        B_3_14|         array|
|B_3_14_we0               |  out|    1|   ap_memory|        B_3_14|         array|
|B_3_14_d0                |  out|   32|   ap_memory|        B_3_14|         array|
|B_3_15_address0          |  out|    6|   ap_memory|        B_3_15|         array|
|B_3_15_ce0               |  out|    1|   ap_memory|        B_3_15|         array|
|B_3_15_we0               |  out|    1|   ap_memory|        B_3_15|         array|
|B_3_15_d0                |  out|   32|   ap_memory|        B_3_15|         array|
|B_4_0_address0           |  out|    6|   ap_memory|         B_4_0|         array|
|B_4_0_ce0                |  out|    1|   ap_memory|         B_4_0|         array|
|B_4_0_we0                |  out|    1|   ap_memory|         B_4_0|         array|
|B_4_0_d0                 |  out|   32|   ap_memory|         B_4_0|         array|
|B_4_1_address0           |  out|    6|   ap_memory|         B_4_1|         array|
|B_4_1_ce0                |  out|    1|   ap_memory|         B_4_1|         array|
|B_4_1_we0                |  out|    1|   ap_memory|         B_4_1|         array|
|B_4_1_d0                 |  out|   32|   ap_memory|         B_4_1|         array|
|B_4_2_address0           |  out|    6|   ap_memory|         B_4_2|         array|
|B_4_2_ce0                |  out|    1|   ap_memory|         B_4_2|         array|
|B_4_2_we0                |  out|    1|   ap_memory|         B_4_2|         array|
|B_4_2_d0                 |  out|   32|   ap_memory|         B_4_2|         array|
|B_4_3_address0           |  out|    6|   ap_memory|         B_4_3|         array|
|B_4_3_ce0                |  out|    1|   ap_memory|         B_4_3|         array|
|B_4_3_we0                |  out|    1|   ap_memory|         B_4_3|         array|
|B_4_3_d0                 |  out|   32|   ap_memory|         B_4_3|         array|
|B_4_4_address0           |  out|    6|   ap_memory|         B_4_4|         array|
|B_4_4_ce0                |  out|    1|   ap_memory|         B_4_4|         array|
|B_4_4_we0                |  out|    1|   ap_memory|         B_4_4|         array|
|B_4_4_d0                 |  out|   32|   ap_memory|         B_4_4|         array|
|B_4_5_address0           |  out|    6|   ap_memory|         B_4_5|         array|
|B_4_5_ce0                |  out|    1|   ap_memory|         B_4_5|         array|
|B_4_5_we0                |  out|    1|   ap_memory|         B_4_5|         array|
|B_4_5_d0                 |  out|   32|   ap_memory|         B_4_5|         array|
|B_4_6_address0           |  out|    6|   ap_memory|         B_4_6|         array|
|B_4_6_ce0                |  out|    1|   ap_memory|         B_4_6|         array|
|B_4_6_we0                |  out|    1|   ap_memory|         B_4_6|         array|
|B_4_6_d0                 |  out|   32|   ap_memory|         B_4_6|         array|
|B_4_7_address0           |  out|    6|   ap_memory|         B_4_7|         array|
|B_4_7_ce0                |  out|    1|   ap_memory|         B_4_7|         array|
|B_4_7_we0                |  out|    1|   ap_memory|         B_4_7|         array|
|B_4_7_d0                 |  out|   32|   ap_memory|         B_4_7|         array|
|B_4_8_address0           |  out|    6|   ap_memory|         B_4_8|         array|
|B_4_8_ce0                |  out|    1|   ap_memory|         B_4_8|         array|
|B_4_8_we0                |  out|    1|   ap_memory|         B_4_8|         array|
|B_4_8_d0                 |  out|   32|   ap_memory|         B_4_8|         array|
|B_4_9_address0           |  out|    6|   ap_memory|         B_4_9|         array|
|B_4_9_ce0                |  out|    1|   ap_memory|         B_4_9|         array|
|B_4_9_we0                |  out|    1|   ap_memory|         B_4_9|         array|
|B_4_9_d0                 |  out|   32|   ap_memory|         B_4_9|         array|
|B_4_10_address0          |  out|    6|   ap_memory|        B_4_10|         array|
|B_4_10_ce0               |  out|    1|   ap_memory|        B_4_10|         array|
|B_4_10_we0               |  out|    1|   ap_memory|        B_4_10|         array|
|B_4_10_d0                |  out|   32|   ap_memory|        B_4_10|         array|
|B_4_11_address0          |  out|    6|   ap_memory|        B_4_11|         array|
|B_4_11_ce0               |  out|    1|   ap_memory|        B_4_11|         array|
|B_4_11_we0               |  out|    1|   ap_memory|        B_4_11|         array|
|B_4_11_d0                |  out|   32|   ap_memory|        B_4_11|         array|
|B_4_12_address0          |  out|    6|   ap_memory|        B_4_12|         array|
|B_4_12_ce0               |  out|    1|   ap_memory|        B_4_12|         array|
|B_4_12_we0               |  out|    1|   ap_memory|        B_4_12|         array|
|B_4_12_d0                |  out|   32|   ap_memory|        B_4_12|         array|
|B_4_13_address0          |  out|    6|   ap_memory|        B_4_13|         array|
|B_4_13_ce0               |  out|    1|   ap_memory|        B_4_13|         array|
|B_4_13_we0               |  out|    1|   ap_memory|        B_4_13|         array|
|B_4_13_d0                |  out|   32|   ap_memory|        B_4_13|         array|
|B_4_14_address0          |  out|    6|   ap_memory|        B_4_14|         array|
|B_4_14_ce0               |  out|    1|   ap_memory|        B_4_14|         array|
|B_4_14_we0               |  out|    1|   ap_memory|        B_4_14|         array|
|B_4_14_d0                |  out|   32|   ap_memory|        B_4_14|         array|
|B_4_15_address0          |  out|    6|   ap_memory|        B_4_15|         array|
|B_4_15_ce0               |  out|    1|   ap_memory|        B_4_15|         array|
|B_4_15_we0               |  out|    1|   ap_memory|        B_4_15|         array|
|B_4_15_d0                |  out|   32|   ap_memory|        B_4_15|         array|
|B_5_0_address0           |  out|    6|   ap_memory|         B_5_0|         array|
|B_5_0_ce0                |  out|    1|   ap_memory|         B_5_0|         array|
|B_5_0_we0                |  out|    1|   ap_memory|         B_5_0|         array|
|B_5_0_d0                 |  out|   32|   ap_memory|         B_5_0|         array|
|B_5_1_address0           |  out|    6|   ap_memory|         B_5_1|         array|
|B_5_1_ce0                |  out|    1|   ap_memory|         B_5_1|         array|
|B_5_1_we0                |  out|    1|   ap_memory|         B_5_1|         array|
|B_5_1_d0                 |  out|   32|   ap_memory|         B_5_1|         array|
|B_5_2_address0           |  out|    6|   ap_memory|         B_5_2|         array|
|B_5_2_ce0                |  out|    1|   ap_memory|         B_5_2|         array|
|B_5_2_we0                |  out|    1|   ap_memory|         B_5_2|         array|
|B_5_2_d0                 |  out|   32|   ap_memory|         B_5_2|         array|
|B_5_3_address0           |  out|    6|   ap_memory|         B_5_3|         array|
|B_5_3_ce0                |  out|    1|   ap_memory|         B_5_3|         array|
|B_5_3_we0                |  out|    1|   ap_memory|         B_5_3|         array|
|B_5_3_d0                 |  out|   32|   ap_memory|         B_5_3|         array|
|B_5_4_address0           |  out|    6|   ap_memory|         B_5_4|         array|
|B_5_4_ce0                |  out|    1|   ap_memory|         B_5_4|         array|
|B_5_4_we0                |  out|    1|   ap_memory|         B_5_4|         array|
|B_5_4_d0                 |  out|   32|   ap_memory|         B_5_4|         array|
|B_5_5_address0           |  out|    6|   ap_memory|         B_5_5|         array|
|B_5_5_ce0                |  out|    1|   ap_memory|         B_5_5|         array|
|B_5_5_we0                |  out|    1|   ap_memory|         B_5_5|         array|
|B_5_5_d0                 |  out|   32|   ap_memory|         B_5_5|         array|
|B_5_6_address0           |  out|    6|   ap_memory|         B_5_6|         array|
|B_5_6_ce0                |  out|    1|   ap_memory|         B_5_6|         array|
|B_5_6_we0                |  out|    1|   ap_memory|         B_5_6|         array|
|B_5_6_d0                 |  out|   32|   ap_memory|         B_5_6|         array|
|B_5_7_address0           |  out|    6|   ap_memory|         B_5_7|         array|
|B_5_7_ce0                |  out|    1|   ap_memory|         B_5_7|         array|
|B_5_7_we0                |  out|    1|   ap_memory|         B_5_7|         array|
|B_5_7_d0                 |  out|   32|   ap_memory|         B_5_7|         array|
|B_5_8_address0           |  out|    6|   ap_memory|         B_5_8|         array|
|B_5_8_ce0                |  out|    1|   ap_memory|         B_5_8|         array|
|B_5_8_we0                |  out|    1|   ap_memory|         B_5_8|         array|
|B_5_8_d0                 |  out|   32|   ap_memory|         B_5_8|         array|
|B_5_9_address0           |  out|    6|   ap_memory|         B_5_9|         array|
|B_5_9_ce0                |  out|    1|   ap_memory|         B_5_9|         array|
|B_5_9_we0                |  out|    1|   ap_memory|         B_5_9|         array|
|B_5_9_d0                 |  out|   32|   ap_memory|         B_5_9|         array|
|B_5_10_address0          |  out|    6|   ap_memory|        B_5_10|         array|
|B_5_10_ce0               |  out|    1|   ap_memory|        B_5_10|         array|
|B_5_10_we0               |  out|    1|   ap_memory|        B_5_10|         array|
|B_5_10_d0                |  out|   32|   ap_memory|        B_5_10|         array|
|B_5_11_address0          |  out|    6|   ap_memory|        B_5_11|         array|
|B_5_11_ce0               |  out|    1|   ap_memory|        B_5_11|         array|
|B_5_11_we0               |  out|    1|   ap_memory|        B_5_11|         array|
|B_5_11_d0                |  out|   32|   ap_memory|        B_5_11|         array|
|B_5_12_address0          |  out|    6|   ap_memory|        B_5_12|         array|
|B_5_12_ce0               |  out|    1|   ap_memory|        B_5_12|         array|
|B_5_12_we0               |  out|    1|   ap_memory|        B_5_12|         array|
|B_5_12_d0                |  out|   32|   ap_memory|        B_5_12|         array|
|B_5_13_address0          |  out|    6|   ap_memory|        B_5_13|         array|
|B_5_13_ce0               |  out|    1|   ap_memory|        B_5_13|         array|
|B_5_13_we0               |  out|    1|   ap_memory|        B_5_13|         array|
|B_5_13_d0                |  out|   32|   ap_memory|        B_5_13|         array|
|B_5_14_address0          |  out|    6|   ap_memory|        B_5_14|         array|
|B_5_14_ce0               |  out|    1|   ap_memory|        B_5_14|         array|
|B_5_14_we0               |  out|    1|   ap_memory|        B_5_14|         array|
|B_5_14_d0                |  out|   32|   ap_memory|        B_5_14|         array|
|B_5_15_address0          |  out|    6|   ap_memory|        B_5_15|         array|
|B_5_15_ce0               |  out|    1|   ap_memory|        B_5_15|         array|
|B_5_15_we0               |  out|    1|   ap_memory|        B_5_15|         array|
|B_5_15_d0                |  out|   32|   ap_memory|        B_5_15|         array|
|B_6_0_address0           |  out|    6|   ap_memory|         B_6_0|         array|
|B_6_0_ce0                |  out|    1|   ap_memory|         B_6_0|         array|
|B_6_0_we0                |  out|    1|   ap_memory|         B_6_0|         array|
|B_6_0_d0                 |  out|   32|   ap_memory|         B_6_0|         array|
|B_6_1_address0           |  out|    6|   ap_memory|         B_6_1|         array|
|B_6_1_ce0                |  out|    1|   ap_memory|         B_6_1|         array|
|B_6_1_we0                |  out|    1|   ap_memory|         B_6_1|         array|
|B_6_1_d0                 |  out|   32|   ap_memory|         B_6_1|         array|
|B_6_2_address0           |  out|    6|   ap_memory|         B_6_2|         array|
|B_6_2_ce0                |  out|    1|   ap_memory|         B_6_2|         array|
|B_6_2_we0                |  out|    1|   ap_memory|         B_6_2|         array|
|B_6_2_d0                 |  out|   32|   ap_memory|         B_6_2|         array|
|B_6_3_address0           |  out|    6|   ap_memory|         B_6_3|         array|
|B_6_3_ce0                |  out|    1|   ap_memory|         B_6_3|         array|
|B_6_3_we0                |  out|    1|   ap_memory|         B_6_3|         array|
|B_6_3_d0                 |  out|   32|   ap_memory|         B_6_3|         array|
|B_6_4_address0           |  out|    6|   ap_memory|         B_6_4|         array|
|B_6_4_ce0                |  out|    1|   ap_memory|         B_6_4|         array|
|B_6_4_we0                |  out|    1|   ap_memory|         B_6_4|         array|
|B_6_4_d0                 |  out|   32|   ap_memory|         B_6_4|         array|
|B_6_5_address0           |  out|    6|   ap_memory|         B_6_5|         array|
|B_6_5_ce0                |  out|    1|   ap_memory|         B_6_5|         array|
|B_6_5_we0                |  out|    1|   ap_memory|         B_6_5|         array|
|B_6_5_d0                 |  out|   32|   ap_memory|         B_6_5|         array|
|B_6_6_address0           |  out|    6|   ap_memory|         B_6_6|         array|
|B_6_6_ce0                |  out|    1|   ap_memory|         B_6_6|         array|
|B_6_6_we0                |  out|    1|   ap_memory|         B_6_6|         array|
|B_6_6_d0                 |  out|   32|   ap_memory|         B_6_6|         array|
|B_6_7_address0           |  out|    6|   ap_memory|         B_6_7|         array|
|B_6_7_ce0                |  out|    1|   ap_memory|         B_6_7|         array|
|B_6_7_we0                |  out|    1|   ap_memory|         B_6_7|         array|
|B_6_7_d0                 |  out|   32|   ap_memory|         B_6_7|         array|
|B_6_8_address0           |  out|    6|   ap_memory|         B_6_8|         array|
|B_6_8_ce0                |  out|    1|   ap_memory|         B_6_8|         array|
|B_6_8_we0                |  out|    1|   ap_memory|         B_6_8|         array|
|B_6_8_d0                 |  out|   32|   ap_memory|         B_6_8|         array|
|B_6_9_address0           |  out|    6|   ap_memory|         B_6_9|         array|
|B_6_9_ce0                |  out|    1|   ap_memory|         B_6_9|         array|
|B_6_9_we0                |  out|    1|   ap_memory|         B_6_9|         array|
|B_6_9_d0                 |  out|   32|   ap_memory|         B_6_9|         array|
|B_6_10_address0          |  out|    6|   ap_memory|        B_6_10|         array|
|B_6_10_ce0               |  out|    1|   ap_memory|        B_6_10|         array|
|B_6_10_we0               |  out|    1|   ap_memory|        B_6_10|         array|
|B_6_10_d0                |  out|   32|   ap_memory|        B_6_10|         array|
|B_6_11_address0          |  out|    6|   ap_memory|        B_6_11|         array|
|B_6_11_ce0               |  out|    1|   ap_memory|        B_6_11|         array|
|B_6_11_we0               |  out|    1|   ap_memory|        B_6_11|         array|
|B_6_11_d0                |  out|   32|   ap_memory|        B_6_11|         array|
|B_6_12_address0          |  out|    6|   ap_memory|        B_6_12|         array|
|B_6_12_ce0               |  out|    1|   ap_memory|        B_6_12|         array|
|B_6_12_we0               |  out|    1|   ap_memory|        B_6_12|         array|
|B_6_12_d0                |  out|   32|   ap_memory|        B_6_12|         array|
|B_6_13_address0          |  out|    6|   ap_memory|        B_6_13|         array|
|B_6_13_ce0               |  out|    1|   ap_memory|        B_6_13|         array|
|B_6_13_we0               |  out|    1|   ap_memory|        B_6_13|         array|
|B_6_13_d0                |  out|   32|   ap_memory|        B_6_13|         array|
|B_6_14_address0          |  out|    6|   ap_memory|        B_6_14|         array|
|B_6_14_ce0               |  out|    1|   ap_memory|        B_6_14|         array|
|B_6_14_we0               |  out|    1|   ap_memory|        B_6_14|         array|
|B_6_14_d0                |  out|   32|   ap_memory|        B_6_14|         array|
|B_6_15_address0          |  out|    6|   ap_memory|        B_6_15|         array|
|B_6_15_ce0               |  out|    1|   ap_memory|        B_6_15|         array|
|B_6_15_we0               |  out|    1|   ap_memory|        B_6_15|         array|
|B_6_15_d0                |  out|   32|   ap_memory|        B_6_15|         array|
|B_7_0_address0           |  out|    6|   ap_memory|         B_7_0|         array|
|B_7_0_ce0                |  out|    1|   ap_memory|         B_7_0|         array|
|B_7_0_we0                |  out|    1|   ap_memory|         B_7_0|         array|
|B_7_0_d0                 |  out|   32|   ap_memory|         B_7_0|         array|
|B_7_1_address0           |  out|    6|   ap_memory|         B_7_1|         array|
|B_7_1_ce0                |  out|    1|   ap_memory|         B_7_1|         array|
|B_7_1_we0                |  out|    1|   ap_memory|         B_7_1|         array|
|B_7_1_d0                 |  out|   32|   ap_memory|         B_7_1|         array|
|B_7_2_address0           |  out|    6|   ap_memory|         B_7_2|         array|
|B_7_2_ce0                |  out|    1|   ap_memory|         B_7_2|         array|
|B_7_2_we0                |  out|    1|   ap_memory|         B_7_2|         array|
|B_7_2_d0                 |  out|   32|   ap_memory|         B_7_2|         array|
|B_7_3_address0           |  out|    6|   ap_memory|         B_7_3|         array|
|B_7_3_ce0                |  out|    1|   ap_memory|         B_7_3|         array|
|B_7_3_we0                |  out|    1|   ap_memory|         B_7_3|         array|
|B_7_3_d0                 |  out|   32|   ap_memory|         B_7_3|         array|
|B_7_4_address0           |  out|    6|   ap_memory|         B_7_4|         array|
|B_7_4_ce0                |  out|    1|   ap_memory|         B_7_4|         array|
|B_7_4_we0                |  out|    1|   ap_memory|         B_7_4|         array|
|B_7_4_d0                 |  out|   32|   ap_memory|         B_7_4|         array|
|B_7_5_address0           |  out|    6|   ap_memory|         B_7_5|         array|
|B_7_5_ce0                |  out|    1|   ap_memory|         B_7_5|         array|
|B_7_5_we0                |  out|    1|   ap_memory|         B_7_5|         array|
|B_7_5_d0                 |  out|   32|   ap_memory|         B_7_5|         array|
|B_7_6_address0           |  out|    6|   ap_memory|         B_7_6|         array|
|B_7_6_ce0                |  out|    1|   ap_memory|         B_7_6|         array|
|B_7_6_we0                |  out|    1|   ap_memory|         B_7_6|         array|
|B_7_6_d0                 |  out|   32|   ap_memory|         B_7_6|         array|
|B_7_7_address0           |  out|    6|   ap_memory|         B_7_7|         array|
|B_7_7_ce0                |  out|    1|   ap_memory|         B_7_7|         array|
|B_7_7_we0                |  out|    1|   ap_memory|         B_7_7|         array|
|B_7_7_d0                 |  out|   32|   ap_memory|         B_7_7|         array|
|B_7_8_address0           |  out|    6|   ap_memory|         B_7_8|         array|
|B_7_8_ce0                |  out|    1|   ap_memory|         B_7_8|         array|
|B_7_8_we0                |  out|    1|   ap_memory|         B_7_8|         array|
|B_7_8_d0                 |  out|   32|   ap_memory|         B_7_8|         array|
|B_7_9_address0           |  out|    6|   ap_memory|         B_7_9|         array|
|B_7_9_ce0                |  out|    1|   ap_memory|         B_7_9|         array|
|B_7_9_we0                |  out|    1|   ap_memory|         B_7_9|         array|
|B_7_9_d0                 |  out|   32|   ap_memory|         B_7_9|         array|
|B_7_10_address0          |  out|    6|   ap_memory|        B_7_10|         array|
|B_7_10_ce0               |  out|    1|   ap_memory|        B_7_10|         array|
|B_7_10_we0               |  out|    1|   ap_memory|        B_7_10|         array|
|B_7_10_d0                |  out|   32|   ap_memory|        B_7_10|         array|
|B_7_11_address0          |  out|    6|   ap_memory|        B_7_11|         array|
|B_7_11_ce0               |  out|    1|   ap_memory|        B_7_11|         array|
|B_7_11_we0               |  out|    1|   ap_memory|        B_7_11|         array|
|B_7_11_d0                |  out|   32|   ap_memory|        B_7_11|         array|
|B_7_12_address0          |  out|    6|   ap_memory|        B_7_12|         array|
|B_7_12_ce0               |  out|    1|   ap_memory|        B_7_12|         array|
|B_7_12_we0               |  out|    1|   ap_memory|        B_7_12|         array|
|B_7_12_d0                |  out|   32|   ap_memory|        B_7_12|         array|
|B_7_13_address0          |  out|    6|   ap_memory|        B_7_13|         array|
|B_7_13_ce0               |  out|    1|   ap_memory|        B_7_13|         array|
|B_7_13_we0               |  out|    1|   ap_memory|        B_7_13|         array|
|B_7_13_d0                |  out|   32|   ap_memory|        B_7_13|         array|
|B_7_14_address0          |  out|    6|   ap_memory|        B_7_14|         array|
|B_7_14_ce0               |  out|    1|   ap_memory|        B_7_14|         array|
|B_7_14_we0               |  out|    1|   ap_memory|        B_7_14|         array|
|B_7_14_d0                |  out|   32|   ap_memory|        B_7_14|         array|
|B_7_15_address0          |  out|    6|   ap_memory|        B_7_15|         array|
|B_7_15_ce0               |  out|    1|   ap_memory|        B_7_15|         array|
|B_7_15_we0               |  out|    1|   ap_memory|        B_7_15|         array|
|B_7_15_d0                |  out|   32|   ap_memory|        B_7_15|         array|
|B_8_0_address0           |  out|    6|   ap_memory|         B_8_0|         array|
|B_8_0_ce0                |  out|    1|   ap_memory|         B_8_0|         array|
|B_8_0_we0                |  out|    1|   ap_memory|         B_8_0|         array|
|B_8_0_d0                 |  out|   32|   ap_memory|         B_8_0|         array|
|B_8_1_address0           |  out|    6|   ap_memory|         B_8_1|         array|
|B_8_1_ce0                |  out|    1|   ap_memory|         B_8_1|         array|
|B_8_1_we0                |  out|    1|   ap_memory|         B_8_1|         array|
|B_8_1_d0                 |  out|   32|   ap_memory|         B_8_1|         array|
|B_8_2_address0           |  out|    6|   ap_memory|         B_8_2|         array|
|B_8_2_ce0                |  out|    1|   ap_memory|         B_8_2|         array|
|B_8_2_we0                |  out|    1|   ap_memory|         B_8_2|         array|
|B_8_2_d0                 |  out|   32|   ap_memory|         B_8_2|         array|
|B_8_3_address0           |  out|    6|   ap_memory|         B_8_3|         array|
|B_8_3_ce0                |  out|    1|   ap_memory|         B_8_3|         array|
|B_8_3_we0                |  out|    1|   ap_memory|         B_8_3|         array|
|B_8_3_d0                 |  out|   32|   ap_memory|         B_8_3|         array|
|B_8_4_address0           |  out|    6|   ap_memory|         B_8_4|         array|
|B_8_4_ce0                |  out|    1|   ap_memory|         B_8_4|         array|
|B_8_4_we0                |  out|    1|   ap_memory|         B_8_4|         array|
|B_8_4_d0                 |  out|   32|   ap_memory|         B_8_4|         array|
|B_8_5_address0           |  out|    6|   ap_memory|         B_8_5|         array|
|B_8_5_ce0                |  out|    1|   ap_memory|         B_8_5|         array|
|B_8_5_we0                |  out|    1|   ap_memory|         B_8_5|         array|
|B_8_5_d0                 |  out|   32|   ap_memory|         B_8_5|         array|
|B_8_6_address0           |  out|    6|   ap_memory|         B_8_6|         array|
|B_8_6_ce0                |  out|    1|   ap_memory|         B_8_6|         array|
|B_8_6_we0                |  out|    1|   ap_memory|         B_8_6|         array|
|B_8_6_d0                 |  out|   32|   ap_memory|         B_8_6|         array|
|B_8_7_address0           |  out|    6|   ap_memory|         B_8_7|         array|
|B_8_7_ce0                |  out|    1|   ap_memory|         B_8_7|         array|
|B_8_7_we0                |  out|    1|   ap_memory|         B_8_7|         array|
|B_8_7_d0                 |  out|   32|   ap_memory|         B_8_7|         array|
|B_8_8_address0           |  out|    6|   ap_memory|         B_8_8|         array|
|B_8_8_ce0                |  out|    1|   ap_memory|         B_8_8|         array|
|B_8_8_we0                |  out|    1|   ap_memory|         B_8_8|         array|
|B_8_8_d0                 |  out|   32|   ap_memory|         B_8_8|         array|
|B_8_9_address0           |  out|    6|   ap_memory|         B_8_9|         array|
|B_8_9_ce0                |  out|    1|   ap_memory|         B_8_9|         array|
|B_8_9_we0                |  out|    1|   ap_memory|         B_8_9|         array|
|B_8_9_d0                 |  out|   32|   ap_memory|         B_8_9|         array|
|B_8_10_address0          |  out|    6|   ap_memory|        B_8_10|         array|
|B_8_10_ce0               |  out|    1|   ap_memory|        B_8_10|         array|
|B_8_10_we0               |  out|    1|   ap_memory|        B_8_10|         array|
|B_8_10_d0                |  out|   32|   ap_memory|        B_8_10|         array|
|B_8_11_address0          |  out|    6|   ap_memory|        B_8_11|         array|
|B_8_11_ce0               |  out|    1|   ap_memory|        B_8_11|         array|
|B_8_11_we0               |  out|    1|   ap_memory|        B_8_11|         array|
|B_8_11_d0                |  out|   32|   ap_memory|        B_8_11|         array|
|B_8_12_address0          |  out|    6|   ap_memory|        B_8_12|         array|
|B_8_12_ce0               |  out|    1|   ap_memory|        B_8_12|         array|
|B_8_12_we0               |  out|    1|   ap_memory|        B_8_12|         array|
|B_8_12_d0                |  out|   32|   ap_memory|        B_8_12|         array|
|B_8_13_address0          |  out|    6|   ap_memory|        B_8_13|         array|
|B_8_13_ce0               |  out|    1|   ap_memory|        B_8_13|         array|
|B_8_13_we0               |  out|    1|   ap_memory|        B_8_13|         array|
|B_8_13_d0                |  out|   32|   ap_memory|        B_8_13|         array|
|B_8_14_address0          |  out|    6|   ap_memory|        B_8_14|         array|
|B_8_14_ce0               |  out|    1|   ap_memory|        B_8_14|         array|
|B_8_14_we0               |  out|    1|   ap_memory|        B_8_14|         array|
|B_8_14_d0                |  out|   32|   ap_memory|        B_8_14|         array|
|B_8_15_address0          |  out|    6|   ap_memory|        B_8_15|         array|
|B_8_15_ce0               |  out|    1|   ap_memory|        B_8_15|         array|
|B_8_15_we0               |  out|    1|   ap_memory|        B_8_15|         array|
|B_8_15_d0                |  out|   32|   ap_memory|        B_8_15|         array|
|B_9_0_address0           |  out|    6|   ap_memory|         B_9_0|         array|
|B_9_0_ce0                |  out|    1|   ap_memory|         B_9_0|         array|
|B_9_0_we0                |  out|    1|   ap_memory|         B_9_0|         array|
|B_9_0_d0                 |  out|   32|   ap_memory|         B_9_0|         array|
|B_9_1_address0           |  out|    6|   ap_memory|         B_9_1|         array|
|B_9_1_ce0                |  out|    1|   ap_memory|         B_9_1|         array|
|B_9_1_we0                |  out|    1|   ap_memory|         B_9_1|         array|
|B_9_1_d0                 |  out|   32|   ap_memory|         B_9_1|         array|
|B_9_2_address0           |  out|    6|   ap_memory|         B_9_2|         array|
|B_9_2_ce0                |  out|    1|   ap_memory|         B_9_2|         array|
|B_9_2_we0                |  out|    1|   ap_memory|         B_9_2|         array|
|B_9_2_d0                 |  out|   32|   ap_memory|         B_9_2|         array|
|B_9_3_address0           |  out|    6|   ap_memory|         B_9_3|         array|
|B_9_3_ce0                |  out|    1|   ap_memory|         B_9_3|         array|
|B_9_3_we0                |  out|    1|   ap_memory|         B_9_3|         array|
|B_9_3_d0                 |  out|   32|   ap_memory|         B_9_3|         array|
|B_9_4_address0           |  out|    6|   ap_memory|         B_9_4|         array|
|B_9_4_ce0                |  out|    1|   ap_memory|         B_9_4|         array|
|B_9_4_we0                |  out|    1|   ap_memory|         B_9_4|         array|
|B_9_4_d0                 |  out|   32|   ap_memory|         B_9_4|         array|
|B_9_5_address0           |  out|    6|   ap_memory|         B_9_5|         array|
|B_9_5_ce0                |  out|    1|   ap_memory|         B_9_5|         array|
|B_9_5_we0                |  out|    1|   ap_memory|         B_9_5|         array|
|B_9_5_d0                 |  out|   32|   ap_memory|         B_9_5|         array|
|B_9_6_address0           |  out|    6|   ap_memory|         B_9_6|         array|
|B_9_6_ce0                |  out|    1|   ap_memory|         B_9_6|         array|
|B_9_6_we0                |  out|    1|   ap_memory|         B_9_6|         array|
|B_9_6_d0                 |  out|   32|   ap_memory|         B_9_6|         array|
|B_9_7_address0           |  out|    6|   ap_memory|         B_9_7|         array|
|B_9_7_ce0                |  out|    1|   ap_memory|         B_9_7|         array|
|B_9_7_we0                |  out|    1|   ap_memory|         B_9_7|         array|
|B_9_7_d0                 |  out|   32|   ap_memory|         B_9_7|         array|
|B_9_8_address0           |  out|    6|   ap_memory|         B_9_8|         array|
|B_9_8_ce0                |  out|    1|   ap_memory|         B_9_8|         array|
|B_9_8_we0                |  out|    1|   ap_memory|         B_9_8|         array|
|B_9_8_d0                 |  out|   32|   ap_memory|         B_9_8|         array|
|B_9_9_address0           |  out|    6|   ap_memory|         B_9_9|         array|
|B_9_9_ce0                |  out|    1|   ap_memory|         B_9_9|         array|
|B_9_9_we0                |  out|    1|   ap_memory|         B_9_9|         array|
|B_9_9_d0                 |  out|   32|   ap_memory|         B_9_9|         array|
|B_9_10_address0          |  out|    6|   ap_memory|        B_9_10|         array|
|B_9_10_ce0               |  out|    1|   ap_memory|        B_9_10|         array|
|B_9_10_we0               |  out|    1|   ap_memory|        B_9_10|         array|
|B_9_10_d0                |  out|   32|   ap_memory|        B_9_10|         array|
|B_9_11_address0          |  out|    6|   ap_memory|        B_9_11|         array|
|B_9_11_ce0               |  out|    1|   ap_memory|        B_9_11|         array|
|B_9_11_we0               |  out|    1|   ap_memory|        B_9_11|         array|
|B_9_11_d0                |  out|   32|   ap_memory|        B_9_11|         array|
|B_9_12_address0          |  out|    6|   ap_memory|        B_9_12|         array|
|B_9_12_ce0               |  out|    1|   ap_memory|        B_9_12|         array|
|B_9_12_we0               |  out|    1|   ap_memory|        B_9_12|         array|
|B_9_12_d0                |  out|   32|   ap_memory|        B_9_12|         array|
|B_9_13_address0          |  out|    6|   ap_memory|        B_9_13|         array|
|B_9_13_ce0               |  out|    1|   ap_memory|        B_9_13|         array|
|B_9_13_we0               |  out|    1|   ap_memory|        B_9_13|         array|
|B_9_13_d0                |  out|   32|   ap_memory|        B_9_13|         array|
|B_9_14_address0          |  out|    6|   ap_memory|        B_9_14|         array|
|B_9_14_ce0               |  out|    1|   ap_memory|        B_9_14|         array|
|B_9_14_we0               |  out|    1|   ap_memory|        B_9_14|         array|
|B_9_14_d0                |  out|   32|   ap_memory|        B_9_14|         array|
|B_9_15_address0          |  out|    6|   ap_memory|        B_9_15|         array|
|B_9_15_ce0               |  out|    1|   ap_memory|        B_9_15|         array|
|B_9_15_we0               |  out|    1|   ap_memory|        B_9_15|         array|
|B_9_15_d0                |  out|   32|   ap_memory|        B_9_15|         array|
|m_axi_kernel_B_AWVALID   |  out|    1|       m_axi|      kernel_B|       pointer|
|m_axi_kernel_B_AWREADY   |   in|    1|       m_axi|      kernel_B|       pointer|
|m_axi_kernel_B_AWADDR    |  out|   64|       m_axi|      kernel_B|       pointer|
|m_axi_kernel_B_AWID      |  out|    1|       m_axi|      kernel_B|       pointer|
|m_axi_kernel_B_AWLEN     |  out|   32|       m_axi|      kernel_B|       pointer|
|m_axi_kernel_B_AWSIZE    |  out|    3|       m_axi|      kernel_B|       pointer|
|m_axi_kernel_B_AWBURST   |  out|    2|       m_axi|      kernel_B|       pointer|
|m_axi_kernel_B_AWLOCK    |  out|    2|       m_axi|      kernel_B|       pointer|
|m_axi_kernel_B_AWCACHE   |  out|    4|       m_axi|      kernel_B|       pointer|
|m_axi_kernel_B_AWPROT    |  out|    3|       m_axi|      kernel_B|       pointer|
|m_axi_kernel_B_AWQOS     |  out|    4|       m_axi|      kernel_B|       pointer|
|m_axi_kernel_B_AWREGION  |  out|    4|       m_axi|      kernel_B|       pointer|
|m_axi_kernel_B_AWUSER    |  out|    1|       m_axi|      kernel_B|       pointer|
|m_axi_kernel_B_WVALID    |  out|    1|       m_axi|      kernel_B|       pointer|
|m_axi_kernel_B_WREADY    |   in|    1|       m_axi|      kernel_B|       pointer|
|m_axi_kernel_B_WDATA     |  out|  512|       m_axi|      kernel_B|       pointer|
|m_axi_kernel_B_WSTRB     |  out|   64|       m_axi|      kernel_B|       pointer|
|m_axi_kernel_B_WLAST     |  out|    1|       m_axi|      kernel_B|       pointer|
|m_axi_kernel_B_WID       |  out|    1|       m_axi|      kernel_B|       pointer|
|m_axi_kernel_B_WUSER     |  out|    1|       m_axi|      kernel_B|       pointer|
|m_axi_kernel_B_ARVALID   |  out|    1|       m_axi|      kernel_B|       pointer|
|m_axi_kernel_B_ARREADY   |   in|    1|       m_axi|      kernel_B|       pointer|
|m_axi_kernel_B_ARADDR    |  out|   64|       m_axi|      kernel_B|       pointer|
|m_axi_kernel_B_ARID      |  out|    1|       m_axi|      kernel_B|       pointer|
|m_axi_kernel_B_ARLEN     |  out|   32|       m_axi|      kernel_B|       pointer|
|m_axi_kernel_B_ARSIZE    |  out|    3|       m_axi|      kernel_B|       pointer|
|m_axi_kernel_B_ARBURST   |  out|    2|       m_axi|      kernel_B|       pointer|
|m_axi_kernel_B_ARLOCK    |  out|    2|       m_axi|      kernel_B|       pointer|
|m_axi_kernel_B_ARCACHE   |  out|    4|       m_axi|      kernel_B|       pointer|
|m_axi_kernel_B_ARPROT    |  out|    3|       m_axi|      kernel_B|       pointer|
|m_axi_kernel_B_ARQOS     |  out|    4|       m_axi|      kernel_B|       pointer|
|m_axi_kernel_B_ARREGION  |  out|    4|       m_axi|      kernel_B|       pointer|
|m_axi_kernel_B_ARUSER    |  out|    1|       m_axi|      kernel_B|       pointer|
|m_axi_kernel_B_RVALID    |   in|    1|       m_axi|      kernel_B|       pointer|
|m_axi_kernel_B_RREADY    |  out|    1|       m_axi|      kernel_B|       pointer|
|m_axi_kernel_B_RDATA     |   in|  512|       m_axi|      kernel_B|       pointer|
|m_axi_kernel_B_RLAST     |   in|    1|       m_axi|      kernel_B|       pointer|
|m_axi_kernel_B_RID       |   in|    1|       m_axi|      kernel_B|       pointer|
|m_axi_kernel_B_RFIFONUM  |   in|    9|       m_axi|      kernel_B|       pointer|
|m_axi_kernel_B_RUSER     |   in|    1|       m_axi|      kernel_B|       pointer|
|m_axi_kernel_B_RRESP     |   in|    2|       m_axi|      kernel_B|       pointer|
|m_axi_kernel_B_BVALID    |   in|    1|       m_axi|      kernel_B|       pointer|
|m_axi_kernel_B_BREADY    |  out|    1|       m_axi|      kernel_B|       pointer|
|m_axi_kernel_B_BRESP     |   in|    2|       m_axi|      kernel_B|       pointer|
|m_axi_kernel_B_BID       |   in|    1|       m_axi|      kernel_B|       pointer|
|m_axi_kernel_B_BUSER     |   in|    1|       m_axi|      kernel_B|       pointer|
|vB                       |   in|   64|     ap_none|            vB|        scalar|
+-------------------------+-----+-----+------------+--------------+--------------+

