
****** Vitis HLS - High-Level Synthesis from C, C++ and OpenCL v2023.2 (64-bit)
  **** SW Build 4023990 on Oct 11 2023
  **** IP Build 4028589 on Sat Oct 14 00:45:43 MDT 2023
  **** SharedData Build 4025554 on Tue Oct 10 17:18:54 MDT 2023
    ** Copyright 1986-2022 Xilinx, Inc. All Rights Reserved.
    ** Copyright 2022-2023 Advanced Micro Devices, Inc. All Rights Reserved.

source /mnt/software/xilinx/Vitis_HLS/2023.2/scripts/vitis_hls/hls.tcl -notrace
INFO: [HLS 200-10] Running '/mnt/software/xilinx/Vitis_HLS/2023.2/bin/unwrapped/lnx64.o/vitis_hls'
INFO: [HLS 200-10] For user 'spouget' on host 'amx2' (Linux_x86_64 version 5.15.0-119-generic) on Tue Sep 17 01:39:06 PDT 2024
INFO: [HLS 200-10] On os Ubuntu 22.04.4 LTS
INFO: [HLS 200-10] In directory '/home/spouget/CodeGenerationGurobiTree/atax_MEDIUM'
INFO: [HLS 200-2053] The vitis_hls executable is being deprecated. Consider using vitis-run --mode hls --tcl
Sourcing Tcl script 'vitis.tcl'
INFO: [HLS 200-1510] Running: source vitis.tcl
INFO: [HLS 200-1510] Running: open_project kernel_nlp 
INFO: [HLS 200-10] Creating and opening project '/home/spouget/CodeGenerationGurobiTree/atax_MEDIUM/kernel_nlp'.
INFO: [HLS 200-1510] Running: set_top kernel_nlp 
INFO: [HLS 200-1510] Running: add_files code_generated.cpp -cflags  -O3 -D XILINX  
INFO: [HLS 200-10] Adding design file 'code_generated.cpp' to the project
INFO: [HLS 200-1510] Running: add_files -tb csim.cpp 
INFO: [HLS 200-10] Adding test bench file 'csim.cpp' to the project
INFO: [HLS 200-1510] Running: open_solution -flow_target vitis solution 
INFO: [HLS 200-10] Creating and opening solution '/home/spouget/CodeGenerationGurobiTree/atax_MEDIUM/kernel_nlp/solution'.
INFO: [HLS 200-1505] Using flow_target 'vitis'
Resolution: For help on HLS 200-1505 see docs.xilinx.com/access/sources/dita/topic?Doc_Version=2023.2%20English&url=ug1448-hls-guidance&resourceid=200-1505.html
INFO: [HLS 200-435] Setting 'open_solution -flow_target vitis' configuration: config_interface -m_axi_latency=64
INFO: [HLS 200-435] Setting 'open_solution -flow_target vitis' configuration: config_interface -m_axi_alignment_byte_size=64
INFO: [HLS 200-435] Setting 'open_solution -flow_target vitis' configuration: config_interface -m_axi_max_widen_bitwidth=512
INFO: [HLS 200-435] Setting 'open_solution -flow_target vitis' configuration: config_rtl -register_reset_num=3
INFO: [HLS 200-1510] Running: set_part xcu200-fsgd2104-2-e 
INFO: [HLS 200-1611] Setting target device to 'xcu200-fsgd2104-2-e'
INFO: [HLS 200-1510] Running: create_clock -period 250MHz -name default 
INFO: [SYN 201-201] Setting up clock 'default' with a period of 4ns.
INFO: [HLS 200-1510] Running: config_dataflow -strict_mode warning 
INFO: [HLS 200-1510] Running: config_export -disable_deadlock_detection=true 
WARNING: [HLS 200-483] The 'config_export -disable_deadlock_detection' command is deprecated and will be removed in a future release. Use 'config_rtl -deadlock_detection none' as its replacement.
INFO: [HLS 200-1510] Running: config_rtl -m_axi_conservative_mode=1 
WARNING: [HLS 200-483] The 'config_rtl -m_axi_conservative_mode' command is deprecated and will be removed in a future release. Use 'config_interface -m_axi_conservative_mode' as its replacement.
INFO: [HLS 200-1907] Replacing 'config_rtl -m_axi_conservative_mode=1' with 'config_interface -m_axi_conservative_mode=1' in current solution file
INFO: [HLS 200-1510] Running: config_interface -m_axi_addr64 
INFO: [HLS 200-1510] Running: config_interface -m_axi_auto_max_ports=0 
INFO: [HLS 200-1510] Running: config_export -format ip_catalog -ipname kernel_nlp 
INFO: [HLS 200-1510] Running: config_compile -unsafe_math_optimizations 
INFO: [XFORM 203-1172] Optimizing floating point zeros and discarding its signedness.
INFO: [XFORM 203-1176] Optimizing floating point comparison without checking NaN.
INFO: [XFORM 203-1173] Reordering floating point operations aggressively.
INFO: [HLS 200-1510] Running: csynth_design 
INFO: [HLS 200-111] Finished File checks and directory preparation: CPU user time: 0.06 seconds. CPU system time: 0.03 seconds. Elapsed time: 0.1 seconds; current allocated memory: 265.613 MB.
INFO: [HLS 200-10] Analyzing design file 'code_generated.cpp' ... 
WARNING: [HLS 207-5292] unused parameter 'vA' (code_generated.cpp:71:33)
WARNING: [HLS 207-5292] unused parameter 'vx' (code_generated.cpp:71:51)
WARNING: [HLS 207-5292] unused parameter 'vy' (code_generated.cpp:71:67)
WARNING: [HLS 207-5292] unused parameter 'vtmp' (code_generated.cpp:71:83)
WARNING: [HLS 207-5292] unused parameter 'vA' (code_generated.cpp:84:35)
WARNING: [HLS 207-5292] unused parameter 'vx' (code_generated.cpp:84:53)
WARNING: [HLS 207-5292] unused parameter 'vy' (code_generated.cpp:84:69)
WARNING: [HLS 207-5292] unused parameter 'vtmp' (code_generated.cpp:84:85)
WARNING: [HLS 207-5292] unused parameter 'vA' (code_generated.cpp:97:68)
WARNING: [HLS 207-5292] unused parameter 'vx' (code_generated.cpp:97:86)
WARNING: [HLS 207-5292] unused parameter 'vy' (code_generated.cpp:97:102)
WARNING: [HLS 207-5292] unused parameter 'vtmp' (code_generated.cpp:97:118)
WARNING: [HLS 207-5292] unused parameter 'vA' (code_generated.cpp:118:68)
WARNING: [HLS 207-5292] unused parameter 'vx' (code_generated.cpp:118:86)
WARNING: [HLS 207-5292] unused parameter 'vy' (code_generated.cpp:118:102)
WARNING: [HLS 207-5292] unused parameter 'vtmp' (code_generated.cpp:118:118)
INFO: [HLS 200-111] Finished Source Code Analysis and Preprocessing: CPU user time: 3.32 seconds. CPU system time: 0.68 seconds. Elapsed time: 16.21 seconds; current allocated memory: 269.047 MB.
INFO: [HLS 200-777] Using interface defaults for 'Vitis' flow target.
INFO: [HLS 200-1995] There were 611 instructions in the design after the 'Compile/Link' phase of compilation. See the Design Size Report for more details: /home/spouget/CodeGenerationGurobiTree/atax_MEDIUM/kernel_nlp/solution/syn/report/csynth_design_size.rpt
INFO: [HLS 200-1995] There were 19,239 instructions in the design after the 'Unroll/Inline (step 1)' phase of compilation. See the Design Size Report for more details: /home/spouget/CodeGenerationGurobiTree/atax_MEDIUM/kernel_nlp/solution/syn/report/csynth_design_size.rpt
INFO: [HLS 200-1995] There were 10,961 instructions in the design after the 'Unroll/Inline (step 2)' phase of compilation. See the Design Size Report for more details: /home/spouget/CodeGenerationGurobiTree/atax_MEDIUM/kernel_nlp/solution/syn/report/csynth_design_size.rpt
INFO: [HLS 200-1995] There were 10,491 instructions in the design after the 'Unroll/Inline (step 3)' phase of compilation. See the Design Size Report for more details: /home/spouget/CodeGenerationGurobiTree/atax_MEDIUM/kernel_nlp/solution/syn/report/csynth_design_size.rpt
INFO: [HLS 200-1995] There were 10,431 instructions in the design after the 'Unroll/Inline (step 4)' phase of compilation. See the Design Size Report for more details: /home/spouget/CodeGenerationGurobiTree/atax_MEDIUM/kernel_nlp/solution/syn/report/csynth_design_size.rpt
WARNING: [HLS 200-1995] There were 1,381,619 instructions in the design after the 'Array/Struct (step 1)' phase of compilation. See the Design Size Report for more details: /home/spouget/CodeGenerationGurobiTree/atax_MEDIUM/kernel_nlp/solution/syn/report/csynth_design_size.rpt
INFO: [HLS 200-1995] There were 22,733 instructions in the design after the 'Array/Struct (step 2)' phase of compilation. See the Design Size Report for more details: /home/spouget/CodeGenerationGurobiTree/atax_MEDIUM/kernel_nlp/solution/syn/report/csynth_design_size.rpt
INFO: [HLS 200-1995] There were 22,735 instructions in the design after the 'Array/Struct (step 3)' phase of compilation. See the Design Size Report for more details: /home/spouget/CodeGenerationGurobiTree/atax_MEDIUM/kernel_nlp/solution/syn/report/csynth_design_size.rpt
INFO: [HLS 200-1995] There were 22,796 instructions in the design after the 'Array/Struct (step 4)' phase of compilation. See the Design Size Report for more details: /home/spouget/CodeGenerationGurobiTree/atax_MEDIUM/kernel_nlp/solution/syn/report/csynth_design_size.rpt
INFO: [HLS 200-1995] There were 23,214 instructions in the design after the 'Array/Struct (step 5)' phase of compilation. See the Design Size Report for more details: /home/spouget/CodeGenerationGurobiTree/atax_MEDIUM/kernel_nlp/solution/syn/report/csynth_design_size.rpt
INFO: [HLS 200-1995] There were 22,812 instructions in the design after the 'Performance' phase of compilation. See the Design Size Report for more details: /home/spouget/CodeGenerationGurobiTree/atax_MEDIUM/kernel_nlp/solution/syn/report/csynth_design_size.rpt
INFO: [HLS 200-1995] There were 22,410 instructions in the design after the 'Performance (step 2)' phase of compilation. See the Design Size Report for more details: /home/spouget/CodeGenerationGurobiTree/atax_MEDIUM/kernel_nlp/solution/syn/report/csynth_design_size.rpt
INFO: [HLS 200-1995] There were 22,410 instructions in the design after the 'Performance (step 3)' phase of compilation. See the Design Size Report for more details: /home/spouget/CodeGenerationGurobiTree/atax_MEDIUM/kernel_nlp/solution/syn/report/csynth_design_size.rpt
INFO: [HLS 200-1995] There were 22,410 instructions in the design after the 'Performance (step 4)' phase of compilation. See the Design Size Report for more details: /home/spouget/CodeGenerationGurobiTree/atax_MEDIUM/kernel_nlp/solution/syn/report/csynth_design_size.rpt
INFO: [HLS 200-1995] There were 22,426 instructions in the design after the 'HW Transforms' phase of compilation. See the Design Size Report for more details: /home/spouget/CodeGenerationGurobiTree/atax_MEDIUM/kernel_nlp/solution/syn/report/csynth_design_size.rpt
INFO: [HLS 200-1995] There were 22,456 instructions in the design after the 'HW Transforms (step 2)' phase of compilation. See the Design Size Report for more details: /home/spouget/CodeGenerationGurobiTree/atax_MEDIUM/kernel_nlp/solution/syn/report/csynth_design_size.rpt
INFO: [HLS 214-291] Loop 'VITIS_LOOP_125_4' is marked as complete unroll implied by the pipeline pragma (code_generated.cpp:125:20)
INFO: [HLS 214-291] Loop 'VITIS_LOOP_126_5' is marked as complete unroll implied by the pipeline pragma (code_generated.cpp:126:35)
INFO: [HLS 214-291] Loop 'VITIS_LOOP_104_4' is marked as complete unroll implied by the pipeline pragma (code_generated.cpp:104:20)
INFO: [HLS 214-291] Loop 'VITIS_LOOP_106_5' is marked as complete unroll implied by the pipeline pragma (code_generated.cpp:106:35)
INFO: [HLS 214-291] Loop 'VITIS_LOOP_89_3' is marked as complete unroll implied by the pipeline pragma (code_generated.cpp:89:19)
INFO: [HLS 214-291] Loop 'VITIS_LOOP_76_3' is marked as complete unroll implied by the pipeline pragma (code_generated.cpp:76:19)
INFO: [HLS 214-186] Unrolling loop 'VITIS_LOOP_125_4' (code_generated.cpp:125:20) in function 'task3' completely with a factor of 410 (code_generated.cpp:118:0)
INFO: [HLS 214-186] Unrolling loop 'VITIS_LOOP_126_5' (code_generated.cpp:126:35) in function 'task3' completely with a factor of 2 (code_generated.cpp:118:0)
INFO: [HLS 214-186] Unrolling loop 'VITIS_LOOP_104_4' (code_generated.cpp:104:20) in function 'task2' completely with a factor of 2 (code_generated.cpp:97:0)
INFO: [HLS 214-186] Unrolling loop 'VITIS_LOOP_106_5' (code_generated.cpp:106:35) in function 'task2' completely with a factor of 410 (code_generated.cpp:97:0)
INFO: [HLS 214-186] Unrolling loop 'VITIS_LOOP_89_3' (code_generated.cpp:89:19) in function 'task1' completely with a factor of 195 (code_generated.cpp:84:0)
INFO: [HLS 214-186] Unrolling loop 'VITIS_LOOP_76_3' (code_generated.cpp:76:19) in function 'task0' completely with a factor of 205 (code_generated.cpp:71:0)
INFO: [HLS 214-178] Inlining function 'std::__array_traits<float, 2ul>::_S_ref(float const (&) [2], unsigned long)' into 'std::array<float, 2ul>::operator[](unsigned long)' (/mnt/software/xilinx/Vitis_HLS/2023.2/tps/lnx64/gcc-8.3.0/lib/gcc/x86_64-pc-linux-gnu/8.3.0/../../../../include/c++/8.3.0/array:186:0)
INFO: [HLS 214-178] Inlining function 'std::array<float, 2ul>::operator[](unsigned long)' into 'load_y(float*, hls::vector<float, 2ul>*)' (code_generated.cpp:12:0)
INFO: [HLS 214-178] Inlining function 'std::array<float, 2ul>::operator[](unsigned long)' into 'load_tmp(float*, hls::vector<float, 2ul>*)' (code_generated.cpp:21:0)
INFO: [HLS 214-178] Inlining function 'std::array<float, 2ul>::operator[](unsigned long)' into 'load_x(float*, hls::vector<float, 2ul>*)' (code_generated.cpp:30:0)
INFO: [HLS 214-178] Inlining function 'std::array<float, 2ul>::operator[](unsigned long)' into 'load_A(float (*) [410], hls::vector<float, 2ul>*)' (code_generated.cpp:39:0)
INFO: [HLS 214-178] Inlining function 'std::array<float, 2ul>::operator[](unsigned long)' into 'store_tmp(float*, hls::vector<float, 2ul>*)' (code_generated.cpp:60:0)
INFO: [HLS 214-178] Inlining function 'std::array<float, 2ul>::operator[](unsigned long)' into 'store_y(float*, hls::vector<float, 2ul>*)' (code_generated.cpp:50:0)
INFO: [HLS 214-248] Applying array_partition to 'tmp': Complete partitioning on dimension 1. (code_generated.cpp:149:8)
INFO: [HLS 214-248] Applying array_partition to 'x': Complete partitioning on dimension 1. (code_generated.cpp:150:11)
INFO: [HLS 214-248] Applying array_partition to 'A': Cyclic partitioning with factor 2 on dimension 1. Complete partitioning on dimension 2. (code_generated.cpp:151:11)
INFO: [HLS 214-248] Applying array_partition to 'y': Complete partitioning on dimension 1. (code_generated.cpp:152:11)
INFO: [HLS 214-241] Aggregating maxi variable 'vA' with compact=none mode in 64-bits
INFO: [HLS 214-241] Aggregating maxi variable 'vx' with compact=none mode in 64-bits (code_generated.cpp:137:0)
INFO: [HLS 214-241] Aggregating maxi variable 'vy' with compact=none mode in 64-bits (code_generated.cpp:137:0)
INFO: [HLS 214-241] Aggregating maxi variable 'vtmp' with compact=none mode in 64-bits (code_generated.cpp:137:0)
INFO: [HLS 214-115] Multiple burst reads of length 205 and bit width 64 in loop 'VITIS_LOOP_14_1'(code_generated.cpp:14:19) has been inferred on bundle 'kernel_y'. These burst requests might be further partitioned into multiple requests during RTL generation, based on max_read_burst_length or max_write_burst_length settings. (code_generated.cpp:14:19)
INFO: [HLS 214-115] Multiple burst reads of length 195 and bit width 64 in loop 'VITIS_LOOP_23_1'(code_generated.cpp:23:19) has been inferred on bundle 'kernel_tmp'. These burst requests might be further partitioned into multiple requests during RTL generation, based on max_read_burst_length or max_write_burst_length settings. (code_generated.cpp:23:19)
INFO: [HLS 214-115] Multiple burst reads of length 205 and bit width 64 in loop 'VITIS_LOOP_32_1'(code_generated.cpp:32:19) has been inferred on bundle 'kernel_x'. These burst requests might be further partitioned into multiple requests during RTL generation, based on max_read_burst_length or max_write_burst_length settings. (code_generated.cpp:32:19)
INFO: [HLS 214-115] Multiple burst reads of length 79950 and bit width 64 in loop 'VITIS_LOOP_41_1'(code_generated.cpp:41:19) has been inferred on bundle 'kernel_A'. These burst requests might be further partitioned into multiple requests during RTL generation, based on max_read_burst_length or max_write_burst_length settings. (code_generated.cpp:41:19)
INFO: [HLS 214-115] Multiple burst writes of length 195 and bit width 64 in loop 'VITIS_LOOP_62_1'(code_generated.cpp:62:19) has been inferred on bundle 'kernel_tmp'. These burst requests might be further partitioned into multiple requests during RTL generation, based on max_read_burst_length or max_write_burst_length settings. (code_generated.cpp:62:19)
INFO: [HLS 214-115] Multiple burst writes of length 205 and bit width 64 in loop 'VITIS_LOOP_52_1'(code_generated.cpp:52:19) has been inferred on bundle 'kernel_y'. These burst requests might be further partitioned into multiple requests during RTL generation, based on max_read_burst_length or max_write_burst_length settings. (code_generated.cpp:52:19)
INFO: [HLS 200-111] Finished Compiling Optimization and Transform: CPU user time: 42.11 seconds. CPU system time: 1.18 seconds. Elapsed time: 51.08 seconds; current allocated memory: 276.117 MB.
INFO: [HLS 200-111] Finished Checking Pragmas: CPU user time: 0 seconds. CPU system time: 0 seconds. Elapsed time: 0 seconds; current allocated memory: 276.117 MB.
INFO: [HLS 200-10] Starting code transformations ...
INFO: [HLS 200-111] Finished Standard Transforms: CPU user time: 21.74 seconds. CPU system time: 0.02 seconds. Elapsed time: 21.86 seconds; current allocated memory: 298.070 MB.
INFO: [HLS 200-10] Checking synthesizability ...
INFO: [HLS 200-111] Finished Checking Synthesizability: CPU user time: 5.54 seconds. CPU system time: 0.03 seconds. Elapsed time: 8.06 seconds; current allocated memory: 334.543 MB.
INFO: [XFORM 203-11] Balancing expressions in function 'task2' (code_generated.cpp:102:31)...1634 expression(s) balanced.
INFO: [HLS 200-111] Finished Loop, function and other optimizations: CPU user time: 46.92 seconds. CPU system time: 0.05 seconds. Elapsed time: 47 seconds; current allocated memory: 383.363 MB.
INFO: [HLS 200-2061] Successfully converted nested loops 'VITIS_LOOP_41_1'(code_generated.cpp:41:19) and 'VITIS_LOOP_42_2'(code_generated.cpp:42:26) in function 'load_A' into perfectly nested loops.
INFO: [XFORM 203-541] Flattening a loop nest 'VITIS_LOOP_41_1' (code_generated.cpp:41:19) in function 'load_A'.
INFO: [HLS 200-111] Finished Architecture Synthesis: CPU user time: 46.86 seconds. CPU system time: 0.21 seconds. Elapsed time: 49.57 seconds; current allocated memory: 779.176 MB.
INFO: [HLS 200-10] Starting hardware synthesis ...
INFO: [HLS 200-10] Synthesizing 'kernel_nlp' ...
INFO: [HLS 200-10] ----------------------------------------------------------------
INFO: [HLS 200-42] -- Implementing module 'load_y_Pipeline_VITIS_LOOP_14_1' 
INFO: [HLS 200-10] ----------------------------------------------------------------
INFO: [SCHED 204-11] Starting scheduling ...
INFO: [SCHED 204-61] Pipelining loop 'VITIS_LOOP_14_1'.
INFO: [HLS 200-1470] Pipelining result : Target II = 1, Final II = 1, Depth = 2, loop 'VITIS_LOOP_14_1'
INFO: [SCHED 204-11] Finished scheduling.
INFO: [HLS 200-111] Finished Scheduling: CPU user time: 3.51 seconds. CPU system time: 0.09 seconds. Elapsed time: 6.61 seconds; current allocated memory: 793.047 MB.
INFO: [BIND 205-100] Starting micro-architecture generation ...
INFO: [BIND 205-101] Performing variable lifetime analysis.
INFO: [BIND 205-101] Exploring resource sharing.
INFO: [BIND 205-101] Binding ...
INFO: [BIND 205-100] Finished micro-architecture generation.
INFO: [HLS 200-111] Finished Binding: CPU user time: 0.07 seconds. CPU system time: 0.01 seconds. Elapsed time: 1.26 seconds; current allocated memory: 793.047 MB.
INFO: [HLS 200-10] ----------------------------------------------------------------
INFO: [HLS 200-42] -- Implementing module 'load_y' 
INFO: [HLS 200-10] ----------------------------------------------------------------
INFO: [SCHED 204-11] Starting scheduling ...
INFO: [SCHED 204-11] Finished scheduling.
INFO: [HLS 200-111] Finished Scheduling: CPU user time: 0.06 seconds. CPU system time: 0 seconds. Elapsed time: 1.06 seconds; current allocated memory: 793.047 MB.
INFO: [BIND 205-100] Starting micro-architecture generation ...
INFO: [BIND 205-101] Performing variable lifetime analysis.
INFO: [BIND 205-101] Exploring resource sharing.
INFO: [BIND 205-101] Binding ...
INFO: [BIND 205-100] Finished micro-architecture generation.
INFO: [HLS 200-111] Finished Binding: CPU user time: 0.02 seconds. CPU system time: 0.01 seconds. Elapsed time: 0.04 seconds; current allocated memory: 793.047 MB.
INFO: [HLS 200-10] ----------------------------------------------------------------
INFO: [HLS 200-42] -- Implementing module 'load_tmp_Pipeline_VITIS_LOOP_23_1' 
INFO: [HLS 200-10] ----------------------------------------------------------------
INFO: [SCHED 204-11] Starting scheduling ...
INFO: [SCHED 204-61] Pipelining loop 'VITIS_LOOP_23_1'.
INFO: [HLS 200-1470] Pipelining result : Target II = 1, Final II = 1, Depth = 2, loop 'VITIS_LOOP_23_1'
INFO: [SCHED 204-11] Finished scheduling.
INFO: [HLS 200-111] Finished Scheduling: CPU user time: 1.3 seconds. CPU system time: 0.01 seconds. Elapsed time: 2.98 seconds; current allocated memory: 802.551 MB.
INFO: [BIND 205-100] Starting micro-architecture generation ...
INFO: [BIND 205-101] Performing variable lifetime analysis.
INFO: [BIND 205-101] Exploring resource sharing.
INFO: [BIND 205-101] Binding ...
INFO: [BIND 205-100] Finished micro-architecture generation.
INFO: [HLS 200-111] Finished Binding: CPU user time: 0.07 seconds. CPU system time: 0 seconds. Elapsed time: 1.26 seconds; current allocated memory: 802.551 MB.
INFO: [HLS 200-10] ----------------------------------------------------------------
INFO: [HLS 200-42] -- Implementing module 'load_tmp' 
INFO: [HLS 200-10] ----------------------------------------------------------------
INFO: [SCHED 204-11] Starting scheduling ...
INFO: [SCHED 204-11] Finished scheduling.
INFO: [HLS 200-111] Finished Scheduling: CPU user time: 0.06 seconds. CPU system time: 0.01 seconds. Elapsed time: 2.31 seconds; current allocated memory: 802.551 MB.
INFO: [BIND 205-100] Starting micro-architecture generation ...
INFO: [BIND 205-101] Performing variable lifetime analysis.
INFO: [BIND 205-101] Exploring resource sharing.
INFO: [BIND 205-101] Binding ...
INFO: [BIND 205-100] Finished micro-architecture generation.
INFO: [HLS 200-111] Finished Binding: CPU user time: 0.03 seconds. CPU system time: 0 seconds. Elapsed time: 2.71 seconds; current allocated memory: 802.551 MB.
INFO: [HLS 200-10] ----------------------------------------------------------------
INFO: [HLS 200-42] -- Implementing module 'load_x_Pipeline_VITIS_LOOP_32_1' 
INFO: [HLS 200-10] ----------------------------------------------------------------
INFO: [SCHED 204-11] Starting scheduling ...
INFO: [SCHED 204-61] Pipelining loop 'VITIS_LOOP_32_1'.
INFO: [HLS 200-1470] Pipelining result : Target II = 1, Final II = 1, Depth = 2, loop 'VITIS_LOOP_32_1'
INFO: [SCHED 204-11] Finished scheduling.
INFO: [HLS 200-111] Finished Scheduling: CPU user time: 1.48 seconds. CPU system time: 0.01 seconds. Elapsed time: 4.37 seconds; current allocated memory: 812.988 MB.
INFO: [BIND 205-100] Starting micro-architecture generation ...
INFO: [BIND 205-101] Performing variable lifetime analysis.
INFO: [BIND 205-101] Exploring resource sharing.
INFO: [BIND 205-101] Binding ...
INFO: [BIND 205-100] Finished micro-architecture generation.
INFO: [HLS 200-111] Finished Binding: CPU user time: 0.07 seconds. CPU system time: 0.01 seconds. Elapsed time: 1.2 seconds; current allocated memory: 812.988 MB.
INFO: [HLS 200-10] ----------------------------------------------------------------
INFO: [HLS 200-42] -- Implementing module 'load_x' 
INFO: [HLS 200-10] ----------------------------------------------------------------
INFO: [SCHED 204-11] Starting scheduling ...
INFO: [SCHED 204-11] Finished scheduling.
INFO: [HLS 200-111] Finished Scheduling: CPU user time: 0.07 seconds. CPU system time: 0 seconds. Elapsed time: 4.32 seconds; current allocated memory: 812.988 MB.
INFO: [BIND 205-100] Starting micro-architecture generation ...
INFO: [BIND 205-101] Performing variable lifetime analysis.
INFO: [BIND 205-101] Exploring resource sharing.
INFO: [BIND 205-101] Binding ...
INFO: [BIND 205-100] Finished micro-architecture generation.
INFO: [HLS 200-111] Finished Binding: CPU user time: 0.04 seconds. CPU system time: 0 seconds. Elapsed time: 2.31 seconds; current allocated memory: 812.988 MB.
INFO: [HLS 200-10] ----------------------------------------------------------------
INFO: [HLS 200-42] -- Implementing module 'load_A_Pipeline_VITIS_LOOP_41_1_VITIS_LOOP_42_2' 
INFO: [HLS 200-10] ----------------------------------------------------------------
INFO: [SCHED 204-11] Starting scheduling ...
INFO: [SCHED 204-61] Pipelining loop 'VITIS_LOOP_41_1_VITIS_LOOP_42_2'.
INFO: [HLS 200-1470] Pipelining result : Target II = 1, Final II = 1, Depth = 3, loop 'VITIS_LOOP_41_1_VITIS_LOOP_42_2'
INFO: [SCHED 204-11] Finished scheduling.
INFO: [HLS 200-111] Finished Scheduling: CPU user time: 3.87 seconds. CPU system time: 0.03 seconds. Elapsed time: 9.6 seconds; current allocated memory: 847.160 MB.
INFO: [BIND 205-100] Starting micro-architecture generation ...
INFO: [BIND 205-101] Performing variable lifetime analysis.
INFO: [BIND 205-101] Exploring resource sharing.
INFO: [BIND 205-101] Binding ...
INFO: [BIND 205-100] Finished micro-architecture generation.
INFO: [HLS 200-111] Finished Binding: CPU user time: 0.24 seconds. CPU system time: 0.01 seconds. Elapsed time: 7.37 seconds; current allocated memory: 847.160 MB.
INFO: [HLS 200-10] ----------------------------------------------------------------
INFO: [HLS 200-42] -- Implementing module 'load_A' 
INFO: [HLS 200-10] ----------------------------------------------------------------
INFO: [SCHED 204-11] Starting scheduling ...
INFO: [SCHED 204-11] Finished scheduling.
INFO: [HLS 200-111] Finished Scheduling: CPU user time: 0.18 seconds. CPU system time: 0.03 seconds. Elapsed time: 3.49 seconds; current allocated memory: 847.160 MB.
INFO: [BIND 205-100] Starting micro-architecture generation ...
INFO: [BIND 205-101] Performing variable lifetime analysis.
INFO: [BIND 205-101] Exploring resource sharing.
INFO: [BIND 205-101] Binding ...
INFO: [BIND 205-100] Finished micro-architecture generation.
INFO: [HLS 200-111] Finished Binding: CPU user time: 0.05 seconds. CPU system time: 0 seconds. Elapsed time: 2.1 seconds; current allocated memory: 847.160 MB.
INFO: [HLS 200-10] ----------------------------------------------------------------
INFO: [HLS 200-42] -- Implementing module 'task0' 
INFO: [HLS 200-10] ----------------------------------------------------------------
INFO: [SCHED 204-11] Starting scheduling ...
INFO: [SCHED 204-61] Pipelining loop 'VITIS_LOOP_74_2'.
INFO: [HLS 200-1470] Pipelining result : Target II = NA, Final II = 1, Depth = 1, loop 'VITIS_LOOP_74_2'
INFO: [SCHED 204-11] Finished scheduling.
INFO: [HLS 200-111] Finished Scheduling: CPU user time: 0.48 seconds. CPU system time: 0 seconds. Elapsed time: 8.44 seconds; current allocated memory: 847.160 MB.
INFO: [BIND 205-100] Starting micro-architecture generation ...
INFO: [BIND 205-101] Performing variable lifetime analysis.
INFO: [BIND 205-101] Exploring resource sharing.
INFO: [BIND 205-101] Binding ...
INFO: [BIND 205-100] Finished micro-architecture generation.
INFO: [HLS 200-111] Finished Binding: CPU user time: 0.07 seconds. CPU system time: 0.01 seconds. Elapsed time: 4.91 seconds; current allocated memory: 847.160 MB.
INFO: [HLS 200-10] ----------------------------------------------------------------
INFO: [HLS 200-42] -- Implementing module 'task1' 
INFO: [HLS 200-10] ----------------------------------------------------------------
INFO: [SCHED 204-11] Starting scheduling ...
INFO: [SCHED 204-61] Pipelining loop 'VITIS_LOOP_87_2'.
INFO: [HLS 200-1470] Pipelining result : Target II = NA, Final II = 1, Depth = 1, loop 'VITIS_LOOP_87_2'
INFO: [SCHED 204-11] Finished scheduling.
INFO: [HLS 200-111] Finished Scheduling: CPU user time: 0.43 seconds. CPU system time: 0.02 seconds. Elapsed time: 5.81 seconds; current allocated memory: 847.160 MB.
INFO: [BIND 205-100] Starting micro-architecture generation ...
INFO: [BIND 205-101] Performing variable lifetime analysis.
INFO: [BIND 205-101] Exploring resource sharing.
INFO: [BIND 205-101] Binding ...
INFO: [BIND 205-100] Finished micro-architecture generation.
INFO: [HLS 200-111] Finished Binding: CPU user time: 0.05 seconds. CPU system time: 0.01 seconds. Elapsed time: 2.62 seconds; current allocated memory: 847.160 MB.
INFO: [HLS 200-10] ----------------------------------------------------------------
INFO: [HLS 200-42] -- Implementing module 'task2' 
INFO: [HLS 200-10] ----------------------------------------------------------------
INFO: [SCHED 204-11] Starting scheduling ...
INFO: [SCHED 204-61] Pipelining loop 'VITIS_LOOP_102_3'.
INFO: [HLS 200-1470] Pipelining result : Target II = NA, Final II = 1, Depth = 69, loop 'VITIS_LOOP_102_3'
INFO: [SCHED 204-11] Finished scheduling.
INFO: [HLS 200-111] Finished Scheduling: CPU user time: 11.41 seconds. CPU system time: 0.01 seconds. Elapsed time: 17.99 seconds; current allocated memory: 896.664 MB.
INFO: [BIND 205-100] Starting micro-architecture generation ...
INFO: [BIND 205-101] Performing variable lifetime analysis.
INFO: [BIND 205-101] Exploring resource sharing.
INFO: [BIND 205-101] Binding ...
INFO: [BIND 205-100] Finished micro-architecture generation.
INFO: [HLS 200-111] Finished Binding: CPU user time: 20.88 seconds. CPU system time: 0.05 seconds. Elapsed time: 24.23 seconds; current allocated memory: 915.555 MB.
INFO: [HLS 200-10] ----------------------------------------------------------------
INFO: [HLS 200-42] -- Implementing module 'task3' 
INFO: [HLS 200-10] ----------------------------------------------------------------
INFO: [SCHED 204-11] Starting scheduling ...
INFO: [SCHED 204-61] Pipelining loop 'VITIS_LOOP_123_3'.
WARNING: [HLS 200-880] The II Violation in module 'task3' (loop 'VITIS_LOOP_123_3'): Unable to enforce a carried dependence constraint (II = 1, distance = 1, offset = 0) between 'store' operation 0 bit ('y_0_0_write_ln129', code_generated.cpp:129) of variable 'add28_s', code_generated.cpp:129 on local variable 'y_0_0' and 'load' operation 32 bit ('y_0_0_load', code_generated.cpp:129) on local variable 'y_0_0'.
Resolution: For help on HLS 200-880 see docs.xilinx.com/access/sources/dita/topic?Doc_Version=2023.2%20English&url=ug1448-hls-guidance&resourceid=200-880.html
WARNING: [HLS 200-880] The II Violation in module 'task3' (loop 'VITIS_LOOP_123_3'): Unable to enforce a carried dependence constraint (II = 2, distance = 1, offset = 0) between 'store' operation 0 bit ('y_0_0_write_ln129', code_generated.cpp:129) of variable 'add28_s', code_generated.cpp:129 on local variable 'y_0_0' and 'load' operation 32 bit ('y_0_0_load', code_generated.cpp:129) on local variable 'y_0_0'.
Resolution: For help on HLS 200-880 see docs.xilinx.com/access/sources/dita/topic?Doc_Version=2023.2%20English&url=ug1448-hls-guidance&resourceid=200-880.html
WARNING: [HLS 200-880] The II Violation in module 'task3' (loop 'VITIS_LOOP_123_3'): Unable to enforce a carried dependence constraint (II = 3, distance = 1, offset = 0) between 'store' operation 0 bit ('y_0_0_write_ln129', code_generated.cpp:129) of variable 'add28_s', code_generated.cpp:129 on local variable 'y_0_0' and 'load' operation 32 bit ('y_0_0_load', code_generated.cpp:129) on local variable 'y_0_0'.
Resolution: For help on HLS 200-880 see docs.xilinx.com/access/sources/dita/topic?Doc_Version=2023.2%20English&url=ug1448-hls-guidance&resourceid=200-880.html
WARNING: [HLS 200-880] The II Violation in module 'task3' (loop 'VITIS_LOOP_123_3'): Unable to enforce a carried dependence constraint (II = 4, distance = 1, offset = 0) between 'store' operation 0 bit ('y_0_0_write_ln129', code_generated.cpp:129) of variable 'add28_s', code_generated.cpp:129 on local variable 'y_0_0' and 'load' operation 32 bit ('y_0_0_load', code_generated.cpp:129) on local variable 'y_0_0'.
Resolution: For help on HLS 200-880 see docs.xilinx.com/access/sources/dita/topic?Doc_Version=2023.2%20English&url=ug1448-hls-guidance&resourceid=200-880.html
WARNING: [HLS 200-880] The II Violation in module 'task3' (loop 'VITIS_LOOP_123_3'): Unable to enforce a carried dependence constraint (II = 5, distance = 1, offset = 0) between 'store' operation 0 bit ('y_0_0_write_ln129', code_generated.cpp:129) of variable 'add28_s', code_generated.cpp:129 on local variable 'y_0_0' and 'load' operation 32 bit ('y_0_0_load', code_generated.cpp:129) on local variable 'y_0_0'.
Resolution: For help on HLS 200-880 see docs.xilinx.com/access/sources/dita/topic?Doc_Version=2023.2%20English&url=ug1448-hls-guidance&resourceid=200-880.html
INFO: [HLS 200-1470] Pipelining result : Target II = NA, Final II = 6, Depth = 25, loop 'VITIS_LOOP_123_3'
INFO: [SCHED 204-11] Finished scheduling.
INFO: [HLS 200-111] Finished Scheduling: CPU user time: 80.41 seconds. CPU system time: 0.1 seconds. Elapsed time: 87.93 seconds; current allocated memory: 998.582 MB.
INFO: [BIND 205-100] Starting micro-architecture generation ...
INFO: [BIND 205-101] Performing variable lifetime analysis.
INFO: [BIND 205-101] Exploring resource sharing.
INFO: [BIND 205-101] Binding ...
INFO: [BIND 205-100] Finished micro-architecture generation.
INFO: [HLS 200-111] Finished Binding: CPU user time: 1.82 seconds. CPU system time: 0.03 seconds. Elapsed time: 6.31 seconds; current allocated memory: 998.582 MB.
INFO: [HLS 200-10] ----------------------------------------------------------------
INFO: [HLS 200-42] -- Implementing module 'store_tmp_Pipeline_VITIS_LOOP_62_1' 
INFO: [HLS 200-10] ----------------------------------------------------------------
INFO: [SCHED 204-11] Starting scheduling ...
INFO: [SCHED 204-61] Pipelining loop 'VITIS_LOOP_62_1'.
INFO: [HLS 200-1470] Pipelining result : Target II = 1, Final II = 1, Depth = 2, loop 'VITIS_LOOP_62_1'
INFO: [SCHED 204-11] Finished scheduling.
INFO: [HLS 200-111] Finished Scheduling: CPU user time: 1.05 seconds. CPU system time: 0.05 seconds. Elapsed time: 6.73 seconds; current allocated memory: 998.582 MB.
INFO: [BIND 205-100] Starting micro-architecture generation ...
INFO: [BIND 205-101] Performing variable lifetime analysis.
INFO: [BIND 205-101] Exploring resource sharing.
INFO: [BIND 205-101] Binding ...
INFO: [BIND 205-100] Finished micro-architecture generation.
INFO: [HLS 200-111] Finished Binding: CPU user time: 0.05 seconds. CPU system time: 0 seconds. Elapsed time: 3.73 seconds; current allocated memory: 998.582 MB.
INFO: [HLS 200-10] ----------------------------------------------------------------
INFO: [HLS 200-42] -- Implementing module 'store_tmp' 
INFO: [HLS 200-10] ----------------------------------------------------------------
INFO: [SCHED 204-11] Starting scheduling ...
INFO: [SCHED 204-11] Finished scheduling.
INFO: [HLS 200-111] Finished Scheduling: CPU user time: 0.22 seconds. CPU system time: 0 seconds. Elapsed time: 2.61 seconds; current allocated memory: 998.582 MB.
INFO: [BIND 205-100] Starting micro-architecture generation ...
INFO: [BIND 205-101] Performing variable lifetime analysis.
INFO: [BIND 205-101] Exploring resource sharing.
INFO: [BIND 205-101] Binding ...
INFO: [BIND 205-100] Finished micro-architecture generation.
INFO: [HLS 200-111] Finished Binding: CPU user time: 0.06 seconds. CPU system time: 0 seconds. Elapsed time: 0.09 seconds; current allocated memory: 998.582 MB.
INFO: [HLS 200-10] ----------------------------------------------------------------
INFO: [HLS 200-42] -- Implementing module 'store_y_Pipeline_VITIS_LOOP_52_1' 
INFO: [HLS 200-10] ----------------------------------------------------------------
INFO: [SCHED 204-11] Starting scheduling ...
INFO: [SCHED 204-61] Pipelining loop 'VITIS_LOOP_52_1'.
INFO: [HLS 200-1470] Pipelining result : Target II = 1, Final II = 1, Depth = 2, loop 'VITIS_LOOP_52_1'
INFO: [SCHED 204-11] Finished scheduling.
INFO: [HLS 200-111] Finished Scheduling: CPU user time: 0.71 seconds. CPU system time: 0.01 seconds. Elapsed time: 4.82 seconds; current allocated memory: 1001.434 MB.
INFO: [BIND 205-100] Starting micro-architecture generation ...
INFO: [BIND 205-101] Performing variable lifetime analysis.
INFO: [BIND 205-101] Exploring resource sharing.
INFO: [BIND 205-101] Binding ...
INFO: [BIND 205-100] Finished micro-architecture generation.
INFO: [HLS 200-111] Finished Binding: CPU user time: 0.04 seconds. CPU system time: 0 seconds. Elapsed time: 1.38 seconds; current allocated memory: 1001.434 MB.
INFO: [HLS 200-10] ----------------------------------------------------------------
INFO: [HLS 200-42] -- Implementing module 'store_y' 
INFO: [HLS 200-10] ----------------------------------------------------------------
INFO: [SCHED 204-11] Starting scheduling ...
INFO: [SCHED 204-11] Finished scheduling.
INFO: [HLS 200-111] Finished Scheduling: CPU user time: 0.25 seconds. CPU system time: 0 seconds. Elapsed time: 6.99 seconds; current allocated memory: 1003.199 MB.
INFO: [BIND 205-100] Starting micro-architecture generation ...
INFO: [BIND 205-101] Performing variable lifetime analysis.
INFO: [BIND 205-101] Exploring resource sharing.
INFO: [BIND 205-101] Binding ...
INFO: [BIND 205-100] Finished micro-architecture generation.
INFO: [HLS 200-111] Finished Binding: CPU user time: 0.06 seconds. CPU system time: 0.01 seconds. Elapsed time: 2.32 seconds; current allocated memory: 1005.250 MB.
INFO: [HLS 200-10] ----------------------------------------------------------------
INFO: [HLS 200-42] -- Implementing module 'kernel_nlp' 
INFO: [HLS 200-10] ----------------------------------------------------------------
INFO: [SCHED 204-11] Starting scheduling ...
INFO: [SCHED 204-11] Finished scheduling.
INFO: [HLS 200-111] Finished Scheduling: CPU user time: 1.46 seconds. CPU system time: 0.03 seconds. Elapsed time: 3.65 seconds; current allocated memory: 1.013 GB.
INFO: [BIND 205-100] Starting micro-architecture generation ...
INFO: [BIND 205-101] Performing variable lifetime analysis.
INFO: [BIND 205-101] Exploring resource sharing.
INFO: [BIND 205-101] Binding ...
INFO: [BIND 205-100] Finished micro-architecture generation.
INFO: [HLS 200-111] Finished Binding: CPU user time: 1.78 seconds. CPU system time: 0.04 seconds. Elapsed time: 4.93 seconds; current allocated memory: 1.013 GB.
INFO: [HLS 200-10] ----------------------------------------------------------------
INFO: [HLS 200-10] -- Generating RTL for module 'load_y_Pipeline_VITIS_LOOP_14_1' 
INFO: [HLS 200-10] ----------------------------------------------------------------
INFO: [HLS 200-1030] Apply Unified Pipeline Control on module 'load_y_Pipeline_VITIS_LOOP_14_1' pipeline 'VITIS_LOOP_14_1' pipeline type 'loop pipeline'
WARNING: [RTGEN 206-101] Setting dangling out port 'load_y_Pipeline_VITIS_LOOP_14_1/m_axi_kernel_y_ARVALID' to 0.
WARNING: [RTGEN 206-101] Setting dangling out port 'load_y_Pipeline_VITIS_LOOP_14_1/m_axi_kernel_y_ARADDR' to 0.
WARNING: [RTGEN 206-101] Setting dangling out port 'load_y_Pipeline_VITIS_LOOP_14_1/m_axi_kernel_y_ARID' to 0.
WARNING: [RTGEN 206-101] Setting dangling out port 'load_y_Pipeline_VITIS_LOOP_14_1/m_axi_kernel_y_ARLEN' to 0.
WARNING: [RTGEN 206-101] Setting dangling out port 'load_y_Pipeline_VITIS_LOOP_14_1/m_axi_kernel_y_ARSIZE' to 0.
WARNING: [RTGEN 206-101] Setting dangling out port 'load_y_Pipeline_VITIS_LOOP_14_1/m_axi_kernel_y_ARBURST' to 0.
WARNING: [RTGEN 206-101] Setting dangling out port 'load_y_Pipeline_VITIS_LOOP_14_1/m_axi_kernel_y_ARLOCK' to 0.
WARNING: [RTGEN 206-101] Setting dangling out port 'load_y_Pipeline_VITIS_LOOP_14_1/m_axi_kernel_y_ARCACHE' to 0.
WARNING: [RTGEN 206-101] Setting dangling out port 'load_y_Pipeline_VITIS_LOOP_14_1/m_axi_kernel_y_ARPROT' to 0.
WARNING: [RTGEN 206-101] Setting dangling out port 'load_y_Pipeline_VITIS_LOOP_14_1/m_axi_kernel_y_ARQOS' to 0.
WARNING: [RTGEN 206-101] Setting dangling out port 'load_y_Pipeline_VITIS_LOOP_14_1/m_axi_kernel_y_ARREGION' to 0.
WARNING: [RTGEN 206-101] Setting dangling out port 'load_y_Pipeline_VITIS_LOOP_14_1/m_axi_kernel_y_ARUSER' to 0.
INFO: [RTGEN 206-100] Finished creating RTL model for 'load_y_Pipeline_VITIS_LOOP_14_1'.
INFO: [HLS 200-111] Finished Creating RTL model: CPU user time: 0.51 seconds. CPU system time: 0.03 seconds. Elapsed time: 2.85 seconds; current allocated memory: 1.021 GB.
INFO: [HLS 200-10] ----------------------------------------------------------------
INFO: [HLS 200-10] -- Generating RTL for module 'load_y' 
INFO: [HLS 200-10] ----------------------------------------------------------------
INFO: [RTGEN 206-100] Finished creating RTL model for 'load_y'.
INFO: [HLS 200-111] Finished Creating RTL model: CPU user time: 0.25 seconds. CPU system time: 0.02 seconds. Elapsed time: 3.48 seconds; current allocated memory: 1.038 GB.
INFO: [HLS 200-10] ----------------------------------------------------------------
INFO: [HLS 200-10] -- Generating RTL for module 'load_tmp_Pipeline_VITIS_LOOP_23_1' 
INFO: [HLS 200-10] ----------------------------------------------------------------
INFO: [HLS 200-1030] Apply Unified Pipeline Control on module 'load_tmp_Pipeline_VITIS_LOOP_23_1' pipeline 'VITIS_LOOP_23_1' pipeline type 'loop pipeline'
WARNING: [RTGEN 206-101] Setting dangling out port 'load_tmp_Pipeline_VITIS_LOOP_23_1/m_axi_kernel_tmp_ARVALID' to 0.
WARNING: [RTGEN 206-101] Setting dangling out port 'load_tmp_Pipeline_VITIS_LOOP_23_1/m_axi_kernel_tmp_ARADDR' to 0.
WARNING: [RTGEN 206-101] Setting dangling out port 'load_tmp_Pipeline_VITIS_LOOP_23_1/m_axi_kernel_tmp_ARID' to 0.
WARNING: [RTGEN 206-101] Setting dangling out port 'load_tmp_Pipeline_VITIS_LOOP_23_1/m_axi_kernel_tmp_ARLEN' to 0.
WARNING: [RTGEN 206-101] Setting dangling out port 'load_tmp_Pipeline_VITIS_LOOP_23_1/m_axi_kernel_tmp_ARSIZE' to 0.
WARNING: [RTGEN 206-101] Setting dangling out port 'load_tmp_Pipeline_VITIS_LOOP_23_1/m_axi_kernel_tmp_ARBURST' to 0.
WARNING: [RTGEN 206-101] Setting dangling out port 'load_tmp_Pipeline_VITIS_LOOP_23_1/m_axi_kernel_tmp_ARLOCK' to 0.
WARNING: [RTGEN 206-101] Setting dangling out port 'load_tmp_Pipeline_VITIS_LOOP_23_1/m_axi_kernel_tmp_ARCACHE' to 0.
WARNING: [RTGEN 206-101] Setting dangling out port 'load_tmp_Pipeline_VITIS_LOOP_23_1/m_axi_kernel_tmp_ARPROT' to 0.
WARNING: [RTGEN 206-101] Setting dangling out port 'load_tmp_Pipeline_VITIS_LOOP_23_1/m_axi_kernel_tmp_ARQOS' to 0.
WARNING: [RTGEN 206-101] Setting dangling out port 'load_tmp_Pipeline_VITIS_LOOP_23_1/m_axi_kernel_tmp_ARREGION' to 0.
WARNING: [RTGEN 206-101] Setting dangling out port 'load_tmp_Pipeline_VITIS_LOOP_23_1/m_axi_kernel_tmp_ARUSER' to 0.
INFO: [RTGEN 206-100] Finished creating RTL model for 'load_tmp_Pipeline_VITIS_LOOP_23_1'.
INFO: [HLS 200-111] Finished Creating RTL model: CPU user time: 0.21 seconds. CPU system time: 0.03 seconds. Elapsed time: 4 seconds; current allocated memory: 1.049 GB.
INFO: [HLS 200-10] ----------------------------------------------------------------
INFO: [HLS 200-10] -- Generating RTL for module 'load_tmp' 
INFO: [HLS 200-10] ----------------------------------------------------------------
INFO: [RTGEN 206-100] Finished creating RTL model for 'load_tmp'.
INFO: [HLS 200-111] Finished Creating RTL model: CPU user time: 0.22 seconds. CPU system time: 0.04 seconds. Elapsed time: 4.39 seconds; current allocated memory: 1.066 GB.
INFO: [HLS 200-10] ----------------------------------------------------------------
INFO: [HLS 200-10] -- Generating RTL for module 'load_x_Pipeline_VITIS_LOOP_32_1' 
INFO: [HLS 200-10] ----------------------------------------------------------------
INFO: [HLS 200-1030] Apply Unified Pipeline Control on module 'load_x_Pipeline_VITIS_LOOP_32_1' pipeline 'VITIS_LOOP_32_1' pipeline type 'loop pipeline'
WARNING: [RTGEN 206-101] Setting dangling out port 'load_x_Pipeline_VITIS_LOOP_32_1/m_axi_kernel_x_ARVALID' to 0.
WARNING: [RTGEN 206-101] Setting dangling out port 'load_x_Pipeline_VITIS_LOOP_32_1/m_axi_kernel_x_ARADDR' to 0.
WARNING: [RTGEN 206-101] Setting dangling out port 'load_x_Pipeline_VITIS_LOOP_32_1/m_axi_kernel_x_ARID' to 0.
WARNING: [RTGEN 206-101] Setting dangling out port 'load_x_Pipeline_VITIS_LOOP_32_1/m_axi_kernel_x_ARLEN' to 0.
WARNING: [RTGEN 206-101] Setting dangling out port 'load_x_Pipeline_VITIS_LOOP_32_1/m_axi_kernel_x_ARSIZE' to 0.
WARNING: [RTGEN 206-101] Setting dangling out port 'load_x_Pipeline_VITIS_LOOP_32_1/m_axi_kernel_x_ARBURST' to 0.
WARNING: [RTGEN 206-101] Setting dangling out port 'load_x_Pipeline_VITIS_LOOP_32_1/m_axi_kernel_x_ARLOCK' to 0.
WARNING: [RTGEN 206-101] Setting dangling out port 'load_x_Pipeline_VITIS_LOOP_32_1/m_axi_kernel_x_ARCACHE' to 0.
WARNING: [RTGEN 206-101] Setting dangling out port 'load_x_Pipeline_VITIS_LOOP_32_1/m_axi_kernel_x_ARPROT' to 0.
WARNING: [RTGEN 206-101] Setting dangling out port 'load_x_Pipeline_VITIS_LOOP_32_1/m_axi_kernel_x_ARQOS' to 0.
WARNING: [RTGEN 206-101] Setting dangling out port 'load_x_Pipeline_VITIS_LOOP_32_1/m_axi_kernel_x_ARREGION' to 0.
WARNING: [RTGEN 206-101] Setting dangling out port 'load_x_Pipeline_VITIS_LOOP_32_1/m_axi_kernel_x_ARUSER' to 0.
INFO: [RTGEN 206-100] Finished creating RTL model for 'load_x_Pipeline_VITIS_LOOP_32_1'.
INFO: [HLS 200-111] Finished Creating RTL model: CPU user time: 0.23 seconds. CPU system time: 0.03 seconds. Elapsed time: 11.67 seconds; current allocated memory: 1.078 GB.
INFO: [HLS 200-10] ----------------------------------------------------------------
INFO: [HLS 200-10] -- Generating RTL for module 'load_x' 
INFO: [HLS 200-10] ----------------------------------------------------------------
INFO: [RTGEN 206-100] Finished creating RTL model for 'load_x'.
INFO: [HLS 200-111] Finished Creating RTL model: CPU user time: 0.25 seconds. CPU system time: 0.06 seconds. Elapsed time: 7.73 seconds; current allocated memory: 1.096 GB.
INFO: [HLS 200-10] ----------------------------------------------------------------
INFO: [HLS 200-10] -- Generating RTL for module 'load_A_Pipeline_VITIS_LOOP_41_1_VITIS_LOOP_42_2' 
INFO: [HLS 200-10] ----------------------------------------------------------------
INFO: [HLS 200-1030] Apply Unified Pipeline Control on module 'load_A_Pipeline_VITIS_LOOP_41_1_VITIS_LOOP_42_2' pipeline 'VITIS_LOOP_41_1_VITIS_LOOP_42_2' pipeline type 'loop pipeline'
WARNING: [RTGEN 206-101] Setting dangling out port 'load_A_Pipeline_VITIS_LOOP_41_1_VITIS_LOOP_42_2/m_axi_kernel_A_ARVALID' to 0.
WARNING: [RTGEN 206-101] Setting dangling out port 'load_A_Pipeline_VITIS_LOOP_41_1_VITIS_LOOP_42_2/m_axi_kernel_A_ARADDR' to 0.
WARNING: [RTGEN 206-101] Setting dangling out port 'load_A_Pipeline_VITIS_LOOP_41_1_VITIS_LOOP_42_2/m_axi_kernel_A_ARID' to 0.
WARNING: [RTGEN 206-101] Setting dangling out port 'load_A_Pipeline_VITIS_LOOP_41_1_VITIS_LOOP_42_2/m_axi_kernel_A_ARLEN' to 0.
WARNING: [RTGEN 206-101] Setting dangling out port 'load_A_Pipeline_VITIS_LOOP_41_1_VITIS_LOOP_42_2/m_axi_kernel_A_ARSIZE' to 0.
WARNING: [RTGEN 206-101] Setting dangling out port 'load_A_Pipeline_VITIS_LOOP_41_1_VITIS_LOOP_42_2/m_axi_kernel_A_ARBURST' to 0.
WARNING: [RTGEN 206-101] Setting dangling out port 'load_A_Pipeline_VITIS_LOOP_41_1_VITIS_LOOP_42_2/m_axi_kernel_A_ARLOCK' to 0.
WARNING: [RTGEN 206-101] Setting dangling out port 'load_A_Pipeline_VITIS_LOOP_41_1_VITIS_LOOP_42_2/m_axi_kernel_A_ARCACHE' to 0.
WARNING: [RTGEN 206-101] Setting dangling out port 'load_A_Pipeline_VITIS_LOOP_41_1_VITIS_LOOP_42_2/m_axi_kernel_A_ARPROT' to 0.
WARNING: [RTGEN 206-101] Setting dangling out port 'load_A_Pipeline_VITIS_LOOP_41_1_VITIS_LOOP_42_2/m_axi_kernel_A_ARQOS' to 0.
WARNING: [RTGEN 206-101] Setting dangling out port 'load_A_Pipeline_VITIS_LOOP_41_1_VITIS_LOOP_42_2/m_axi_kernel_A_ARREGION' to 0.
WARNING: [RTGEN 206-101] Setting dangling out port 'load_A_Pipeline_VITIS_LOOP_41_1_VITIS_LOOP_42_2/m_axi_kernel_A_ARUSER' to 0.
INFO: [RTGEN 206-104] Estimated max fanout for 'load_A_Pipeline_VITIS_LOOP_41_1_VITIS_LOOP_42_2' is 32800 from HDL expression: ((1'b0 == ap_block_pp0_stage0) & (ap_enable_reg_pp0_iter2 == 1'b1))
INFO: [RTGEN 206-100] Finished creating RTL model for 'load_A_Pipeline_VITIS_LOOP_41_1_VITIS_LOOP_42_2'.
INFO: [HLS 200-111] Finished Creating RTL model: CPU user time: 0.46 seconds. CPU system time: 0.03 seconds. Elapsed time: 8.8 seconds; current allocated memory: 1.124 GB.
INFO: [HLS 200-10] ----------------------------------------------------------------
INFO: [HLS 200-10] -- Generating RTL for module 'load_A' 
INFO: [HLS 200-10] ----------------------------------------------------------------
INFO: [RTGEN 206-104] Estimated max fanout for 'load_A' is 34440 from HDL expression: (1'b1 == ap_CS_fsm_state73)
INFO: [RTGEN 206-100] Finished creating RTL model for 'load_A'.
INFO: [HLS 200-111] Finished Creating RTL model: CPU user time: 0.72 seconds. CPU system time: 0.13 seconds. Elapsed time: 6.2 seconds; current allocated memory: 1.181 GB.
INFO: [HLS 200-10] ----------------------------------------------------------------
INFO: [HLS 200-10] -- Generating RTL for module 'task0' 
INFO: [HLS 200-10] ----------------------------------------------------------------
INFO: [RTGEN 206-104] Estimated max fanout for 'task0' is 6765, found 2 HDL expressions with this fanout: ((trunc_ln74_fu_4152_p1 == 1'd0) & (icmp_ln74_fu_4140_p2 == 1'd0) & (1'b0 == ap_block_state1_pp0_stage0_iter0) & (1'b1 == ap_CS_fsm_state1)), ((trunc_ln74_fu_4152_p1 == 1'd1) & (icmp_ln74_fu_4140_p2 == 1'd0) & (1'b0 == ap_block_state1_pp0_stage0_iter0) & (1'b1 == ap_CS_fsm_state1))
INFO: [RTGEN 206-100] Finished creating RTL model for 'task0'.
INFO: [HLS 200-111] Finished Creating RTL model: CPU user time: 0.31 seconds. CPU system time: 0.03 seconds. Elapsed time: 6.31 seconds; current allocated memory: 1.190 GB.
INFO: [HLS 200-10] ----------------------------------------------------------------
INFO: [HLS 200-10] -- Generating RTL for module 'task1' 
INFO: [HLS 200-10] ----------------------------------------------------------------
INFO: [RTGEN 206-104] Estimated max fanout for 'task1' is 6435, found 2 HDL expressions with this fanout: ((trunc_ln87_fu_3952_p1 == 1'd0) & (icmp_ln87_fu_3940_p2 == 1'd0) & (1'b0 == ap_block_state1_pp0_stage0_iter0) & (1'b1 == ap_CS_fsm_state1)), ((trunc_ln87_fu_3952_p1 == 1'd1) & (icmp_ln87_fu_3940_p2 == 1'd0) & (1'b0 == ap_block_state1_pp0_stage0_iter0) & (1'b1 == ap_CS_fsm_state1))
INFO: [RTGEN 206-100] Finished creating RTL model for 'task1'.
INFO: [HLS 200-111] Finished Creating RTL model: CPU user time: 0.18 seconds. CPU system time: 0.03 seconds. Elapsed time: 1.2 seconds; current allocated memory: 1.200 GB.
INFO: [HLS 200-10] ----------------------------------------------------------------
INFO: [HLS 200-10] -- Generating RTL for module 'task2' 
INFO: [HLS 200-10] ----------------------------------------------------------------
INFO: [HLS 200-1030] Apply Unified Pipeline Control on module 'task2' pipeline 'VITIS_LOOP_102_3' pipeline type 'loop pipeline'
INFO: [RTGEN 206-104] Estimated max fanout for 'task2' is 98828 from HDL expression: (1'b0 == ap_block_pp0_stage0_11001)
INFO: [RTGEN 206-100] Generating core module 'fadd_32ns_32ns_32_7_full_dsp_1': 818 instance(s).
INFO: [RTGEN 206-100] Generating core module 'fmul_32ns_32ns_32_4_max_dsp_1': 820 instance(s).
INFO: [RTGEN 206-100] Finished creating RTL model for 'task2'.
INFO: [HLS 200-111] Finished Creating RTL model: CPU user time: 3.74 seconds. CPU system time: 0.04 seconds. Elapsed time: 4.26 seconds; current allocated memory: 1.299 GB.
INFO: [HLS 200-10] ----------------------------------------------------------------
INFO: [HLS 200-10] -- Generating RTL for module 'task3' 
INFO: [HLS 200-10] ----------------------------------------------------------------
INFO: [HLS 200-1030] Apply Unified Pipeline Control on module 'task3' pipeline 'VITIS_LOOP_123_3' pipeline type 'loop pipeline'
INFO: [RTGEN 206-104] Estimated max fanout for 'task3' is 26240 from HDL expression: ((1'b0 == ap_block_pp0_stage1_11001) & (1'b1 == ap_CS_fsm_pp0_stage1))
INFO: [RTGEN 206-100] Generating core module 'fadd_32ns_32ns_32_7_full_dsp_1': 137 instance(s).
INFO: [RTGEN 206-100] Generating core module 'fmul_32ns_32ns_32_4_max_dsp_1': 137 instance(s).
INFO: [RTGEN 206-100] Generating core module 'sparsemux_391_8_32_1_1': 2 instance(s).
INFO: [RTGEN 206-100] Finished creating RTL model for 'task3'.
INFO: [HLS 200-111] Finished Creating RTL model: CPU user time: 14.42 seconds. CPU system time: 0.58 seconds. Elapsed time: 15.28 seconds; current allocated memory: 1.951 GB.
INFO: [HLS 200-10] ----------------------------------------------------------------
INFO: [HLS 200-10] -- Generating RTL for module 'store_tmp_Pipeline_VITIS_LOOP_62_1' 
INFO: [HLS 200-10] ----------------------------------------------------------------
INFO: [HLS 200-1030] Apply Unified Pipeline Control on module 'store_tmp_Pipeline_VITIS_LOOP_62_1' pipeline 'VITIS_LOOP_62_1' pipeline type 'loop pipeline'
WARNING: [RTGEN 206-101] Setting dangling out port 'store_tmp_Pipeline_VITIS_LOOP_62_1/m_axi_kernel_tmp_AWVALID' to 0.
WARNING: [RTGEN 206-101] Setting dangling out port 'store_tmp_Pipeline_VITIS_LOOP_62_1/m_axi_kernel_tmp_AWADDR' to 0.
WARNING: [RTGEN 206-101] Setting dangling out port 'store_tmp_Pipeline_VITIS_LOOP_62_1/m_axi_kernel_tmp_AWID' to 0.
WARNING: [RTGEN 206-101] Setting dangling out port 'store_tmp_Pipeline_VITIS_LOOP_62_1/m_axi_kernel_tmp_AWLEN' to 0.
WARNING: [RTGEN 206-101] Setting dangling out port 'store_tmp_Pipeline_VITIS_LOOP_62_1/m_axi_kernel_tmp_AWSIZE' to 0.
WARNING: [RTGEN 206-101] Setting dangling out port 'store_tmp_Pipeline_VITIS_LOOP_62_1/m_axi_kernel_tmp_AWBURST' to 0.
WARNING: [RTGEN 206-101] Setting dangling out port 'store_tmp_Pipeline_VITIS_LOOP_62_1/m_axi_kernel_tmp_AWLOCK' to 0.
WARNING: [RTGEN 206-101] Setting dangling out port 'store_tmp_Pipeline_VITIS_LOOP_62_1/m_axi_kernel_tmp_AWCACHE' to 0.
WARNING: [RTGEN 206-101] Setting dangling out port 'store_tmp_Pipeline_VITIS_LOOP_62_1/m_axi_kernel_tmp_AWPROT' to 0.
WARNING: [RTGEN 206-101] Setting dangling out port 'store_tmp_Pipeline_VITIS_LOOP_62_1/m_axi_kernel_tmp_AWQOS' to 0.
WARNING: [RTGEN 206-101] Setting dangling out port 'store_tmp_Pipeline_VITIS_LOOP_62_1/m_axi_kernel_tmp_AWREGION' to 0.
WARNING: [RTGEN 206-101] Setting dangling out port 'store_tmp_Pipeline_VITIS_LOOP_62_1/m_axi_kernel_tmp_AWUSER' to 0.
WARNING: [RTGEN 206-101] Setting dangling out port 'store_tmp_Pipeline_VITIS_LOOP_62_1/m_axi_kernel_tmp_BREADY' to 0.
INFO: [RTGEN 206-100] Generating core module 'sparsemux_391_9_32_1_1': 2 instance(s).
INFO: [RTGEN 206-100] Finished creating RTL model for 'store_tmp_Pipeline_VITIS_LOOP_62_1'.
INFO: [HLS 200-111] Finished Creating RTL model: CPU user time: 2.32 seconds. CPU system time: 0.22 seconds. Elapsed time: 3.05 seconds; current allocated memory: 1.997 GB.
INFO: [HLS 200-10] ----------------------------------------------------------------
INFO: [HLS 200-10] -- Generating RTL for module 'store_tmp' 
INFO: [HLS 200-10] ----------------------------------------------------------------
INFO: [RTGEN 206-100] Finished creating RTL model for 'store_tmp'.
INFO: [HLS 200-111] Finished Creating RTL model: CPU user time: 0.19 seconds. CPU system time: 0.02 seconds. Elapsed time: 0.31 seconds; current allocated memory: 1.997 GB.
INFO: [HLS 200-10] ----------------------------------------------------------------
INFO: [HLS 200-10] -- Generating RTL for module 'store_y_Pipeline_VITIS_LOOP_52_1' 
INFO: [HLS 200-10] ----------------------------------------------------------------
INFO: [HLS 200-1030] Apply Unified Pipeline Control on module 'store_y_Pipeline_VITIS_LOOP_52_1' pipeline 'VITIS_LOOP_52_1' pipeline type 'loop pipeline'
WARNING: [RTGEN 206-101] Setting dangling out port 'store_y_Pipeline_VITIS_LOOP_52_1/m_axi_kernel_y_AWVALID' to 0.
WARNING: [RTGEN 206-101] Setting dangling out port 'store_y_Pipeline_VITIS_LOOP_52_1/m_axi_kernel_y_AWADDR' to 0.
WARNING: [RTGEN 206-101] Setting dangling out port 'store_y_Pipeline_VITIS_LOOP_52_1/m_axi_kernel_y_AWID' to 0.
WARNING: [RTGEN 206-101] Setting dangling out port 'store_y_Pipeline_VITIS_LOOP_52_1/m_axi_kernel_y_AWLEN' to 0.
WARNING: [RTGEN 206-101] Setting dangling out port 'store_y_Pipeline_VITIS_LOOP_52_1/m_axi_kernel_y_AWSIZE' to 0.
WARNING: [RTGEN 206-101] Setting dangling out port 'store_y_Pipeline_VITIS_LOOP_52_1/m_axi_kernel_y_AWBURST' to 0.
WARNING: [RTGEN 206-101] Setting dangling out port 'store_y_Pipeline_VITIS_LOOP_52_1/m_axi_kernel_y_AWLOCK' to 0.
WARNING: [RTGEN 206-101] Setting dangling out port 'store_y_Pipeline_VITIS_LOOP_52_1/m_axi_kernel_y_AWCACHE' to 0.
WARNING: [RTGEN 206-101] Setting dangling out port 'store_y_Pipeline_VITIS_LOOP_52_1/m_axi_kernel_y_AWPROT' to 0.
WARNING: [RTGEN 206-101] Setting dangling out port 'store_y_Pipeline_VITIS_LOOP_52_1/m_axi_kernel_y_AWQOS' to 0.
WARNING: [RTGEN 206-101] Setting dangling out port 'store_y_Pipeline_VITIS_LOOP_52_1/m_axi_kernel_y_AWREGION' to 0.
WARNING: [RTGEN 206-101] Setting dangling out port 'store_y_Pipeline_VITIS_LOOP_52_1/m_axi_kernel_y_AWUSER' to 0.
WARNING: [RTGEN 206-101] Setting dangling out port 'store_y_Pipeline_VITIS_LOOP_52_1/m_axi_kernel_y_BREADY' to 0.
INFO: [RTGEN 206-100] Generating core module 'sparsemux_411_9_32_1_1': 2 instance(s).
INFO: [RTGEN 206-100] Finished creating RTL model for 'store_y_Pipeline_VITIS_LOOP_52_1'.
INFO: [HLS 200-111] Finished Creating RTL model: CPU user time: 0.56 seconds. CPU system time: 0.04 seconds. Elapsed time: 0.85 seconds; current allocated memory: 2.004 GB.
INFO: [HLS 200-10] ----------------------------------------------------------------
INFO: [HLS 200-10] -- Generating RTL for module 'store_y' 
INFO: [HLS 200-10] ----------------------------------------------------------------
INFO: [RTGEN 206-100] Finished creating RTL model for 'store_y'.
INFO: [HLS 200-111] Finished Creating RTL model: CPU user time: 0.21 seconds. CPU system time: 0.01 seconds. Elapsed time: 0.32 seconds; current allocated memory: 2.011 GB.
INFO: [HLS 200-10] ----------------------------------------------------------------
INFO: [HLS 200-10] -- Generating RTL for module 'kernel_nlp' 
INFO: [HLS 200-10] ----------------------------------------------------------------
WARNING: [RTGEN 206-101] Design contains AXI ports. Reset is fixed to synchronous and active low.
INFO: [RTGEN 206-500] Setting interface mode on port 'kernel_nlp/kernel_A' to 'm_axi'.
INFO: [RTGEN 206-500] Setting interface mode on port 'kernel_nlp/kernel_x' to 'm_axi'.
INFO: [RTGEN 206-500] Setting interface mode on port 'kernel_nlp/kernel_y' to 'm_axi'.
INFO: [RTGEN 206-500] Setting interface mode on port 'kernel_nlp/kernel_tmp' to 'm_axi'.
INFO: [RTGEN 206-500] Setting interface mode on port 'kernel_nlp/vA' to 's_axilite & ap_none'.
INFO: [RTGEN 206-500] Setting interface mode on port 'kernel_nlp/vx' to 's_axilite & ap_none'.
INFO: [RTGEN 206-500] Setting interface mode on port 'kernel_nlp/vy' to 's_axilite & ap_none'.
INFO: [RTGEN 206-500] Setting interface mode on port 'kernel_nlp/vtmp' to 's_axilite & ap_none'.
INFO: [RTGEN 206-500] Setting interface mode on function 'kernel_nlp' to 's_axilite & ap_ctrl_chain'.
INFO: [RTGEN 206-100] Bundling port 'vA', 'vx', 'vy', 'vtmp' and 'return' to AXI-Lite port control.
INFO: [RTGEN 206-104] Estimated max fanout for 'kernel_nlp' is 25190, found 2 HDL expressions with this fanout: (1'b1 == ap_CS_fsm_state7), (1'b1 == ap_CS_fsm_state9)
INFO: [RTGEN 206-100] Generating core module 'fadd_32ns_32ns_32_7_full_dsp_1': 137 instance(s).
INFO: [RTGEN 206-100] Generating core module 'fmul_32ns_32ns_32_4_max_dsp_1': 137 instance(s).
INFO: [RTGEN 206-100] Finished creating RTL model for 'kernel_nlp'.
INFO: [RTMG 210-278] Implementing memory 'kernel_nlp_A_RAM_AUTO_1R1W' using auto RAMs.
INFO: [HLS 200-111] Finished Creating RTL model: CPU user time: 4.91 seconds. CPU system time: 0.45 seconds. Elapsed time: 74.89 seconds; current allocated memory: 2.384 GB.
INFO: [HLS 200-111] Finished Generating all RTL models: CPU user time: 3.31 seconds. CPU system time: 0.34 seconds. Elapsed time: 20.37 seconds; current allocated memory: 2.396 GB.
INFO: [HLS 200-1603] Design has inferred MAXI bursts and missed bursts, see Vitis HLS GUI synthesis summary report for detailed information.
INFO: [HLS 200-111] Finished Updating report files: CPU user time: 6.4 seconds. CPU system time: 0.07 seconds. Elapsed time: 6.6 seconds; current allocated memory: 2.455 GB.
INFO: [VHDL 208-304] Generating VHDL RTL for kernel_nlp.
INFO: [VLOG 209-307] Generating Verilog RTL for kernel_nlp.
INFO: [HLS 200-790] **** Loop Constraint Status: All loop constraints were NOT satisfied.
INFO: [HLS 200-789] **** Estimated Fmax: 342.47 MHz
INFO: [HLS 200-111] Finished Command csynth_design CPU user time: 338.48 seconds. CPU system time: 5.03 seconds. Elapsed time: 633.52 seconds; current allocated memory: 2.197 GB.
INFO: [HLS 200-1510] Running: export_design 
INFO: [IMPL 213-8] Exporting RTL as a Vivado IP.

****** Vivado v2023.2 (64-bit)
  **** SW Build 4029153 on Fri Oct 13 20:13:54 MDT 2023
  **** IP Build 4028589 on Sat Oct 14 00:45:43 MDT 2023
  **** SharedData Build 4025554 on Tue Oct 10 17:18:54 MDT 2023
    ** Copyright 1986-2022 Xilinx, Inc. All Rights Reserved.
    ** Copyright 2022-2023 Advanced Micro Devices, Inc. All Rights Reserved.

source run_ippack.tcl -notrace
INFO: [IP_Flow 19-234] Refreshing IP repositories
INFO: [IP_Flow 19-1704] No user IP repositories specified
INFO: [IP_Flow 19-2313] Loaded Vivado IP repository '/mnt/software/xilinx/Vivado/2023.2/data/ip'.
INFO: [IP_Flow 19-1686] Generating 'Synthesis' target for IP 'kernel_nlp_fadd_32ns_32ns_32_7_full_dsp_1_ip'...
INFO: [IP_Flow 19-1686] Generating 'Simulation' target for IP 'kernel_nlp_fadd_32ns_32ns_32_7_full_dsp_1_ip'...
INFO: [IP_Flow 19-1686] Generating 'Synthesis' target for IP 'kernel_nlp_fmul_32ns_32ns_32_4_max_dsp_1_ip'...
INFO: [IP_Flow 19-1686] Generating 'Simulation' target for IP 'kernel_nlp_fmul_32ns_32ns_32_4_max_dsp_1_ip'...
INFO: [IP_Flow 19-234] Refreshing IP repositories
INFO: [IP_Flow 19-1704] No user IP repositories specified
INFO: [IP_Flow 19-2313] Loaded Vivado IP repository '/mnt/software/xilinx/Vivado/2023.2/data/ip'.
INFO: [Common 17-206] Exiting Vivado at Tue Sep 17 01:50:47 2024...
INFO: [HLS 200-802] Generated output file kernel_nlp/solution/impl/export.zip
INFO: [HLS 200-111] Finished Command export_design CPU user time: 42.74 seconds. CPU system time: 1.91 seconds. Elapsed time: 73.2 seconds; current allocated memory: 9.020 MB.
INFO: [HLS 200-1510] Running: close_project 
HLS completed successfully
INFO: [HLS 200-112] Total CPU user time: 383.35 seconds. Total CPU system time: 7.62 seconds. Total elapsed time: 716.12 seconds; peak allocated memory: 2.455 GB.
INFO: [Common 17-206] Exiting vitis_hls at Tue Sep 17 01:51:01 2024...
