DSE Summary
+----------------------------+------+
| Total Explored             | 1054 |
+----------------------------+------+
| Level 1 Timeout            | 0    |
+----------------------------+------+
| Level 1 Analysis Error     | 0    |
+----------------------------+------+
| Level 1 Early Reject       | 904  |
+----------------------------+------+
| Level 1 Result Unavailable | 0    |
+----------------------------+------+
| Level 2 Timeout            | 10   |
+----------------------------+------+
| Level 2 Analysis Error     | 0    |
+----------------------------+------+
| Level 2 Duplicate          | 0    |
+----------------------------+------+
| Level 2 Result Unavailable | 14   |
+----------------------------+------+

Level 2 Result Details
+-----+----------+------------------------------+-------------+-------+------+
| ID  |  Perf.   |      BRAM, DSP, LUT, FF      |   Status    | Valid | Time |
+=====+==========+==============================+=============+=======+======+
|  0  | 1.09e+08 |    2.0%, 0.0%, 1.0%, 0.0%    |  Finished   |  Yes  | 0.0  |
+-----+----------+------------------------------+-------------+-------+------+
|  1  |   ----   |             ----             | Unavailable |  No   | 0.0  |
+-----+----------+------------------------------+-------------+-------+------+
|  2  | 6.37e+07 |    2.0%, 0.0%, 1.0%, 1.0%    |  Finished   |  Yes  | 0.0  |
+-----+----------+------------------------------+-------------+-------+------+
|  3  | 3.45e+04 |  3.0%, 58.0%, 34.0%, 24.0%   |  Finished   |  Yes  | 0.0  |
+-----+----------+------------------------------+-------------+-------+------+
|  4  | 5.57e+07 |    2.0%, 0.0%, 1.0%, 0.0%    |  Finished   |  Yes  | 0.0  |
+-----+----------+------------------------------+-------------+-------+------+
|  5  | 5.47e+07 |    8.0%, 0.0%, 1.0%, 0.0%    |  Finished   |  Yes  | 0.0  |
+-----+----------+------------------------------+-------------+-------+------+
|  6  | 5.47e+07 |   13.0%, 0.0%, 1.0%, 0.0%    |  Finished   |  Yes  | 0.0  |
+-----+----------+------------------------------+-------------+-------+------+
|  7  | 2.97e+04 |  8.0%, 29.0%, 22.0%, 13.0%   |  Finished   |  Yes  | 0.0  |
+-----+----------+------------------------------+-------------+-------+------+
|  8  | 2.01e+04 |  8.0%, 58.0%, 34.0%, 24.0%   |  Finished   |  Yes  | 0.0  |
+-----+----------+------------------------------+-------------+-------+------+
|  9  | 6.15e+07 |    2.0%, 0.0%, 1.0%, 1.0%    |  Finished   |  Yes  | 0.0  |
+-----+----------+------------------------------+-------------+-------+------+
| 10  | 6.84e+07 |    2.0%, 0.0%, 1.0%, 0.0%    |  Finished   |  Yes  | 0.0  |
+-----+----------+------------------------------+-------------+-------+------+
| 11  | 6.84e+07 |    2.0%, 0.0%, 1.0%, 0.0%    |  Finished   |  Yes  | 0.0  |
+-----+----------+------------------------------+-------------+-------+------+
| 12  |   ----   |             ----             | Unavailable |  No   | 0.0  |
+-----+----------+------------------------------+-------------+-------+------+
| 13  | 7.28e+07 |    2.0%, 0.0%, 1.0%, 0.0%    |  Finished   |  Yes  | 0.0  |
+-----+----------+------------------------------+-------------+-------+------+
| 14  | 5.19e+04 |  2.0%, 58.0%, 34.0%, 24.0%   |  Finished   |  Yes  | 0.0  |
+-----+----------+------------------------------+-------------+-------+------+
| 15  | 6.32e+05 |  355.0%, 7.0%, 23.0%, 6.0%   |  Finished   |  No   | 0.0  |
+-----+----------+------------------------------+-------------+-------+------+
| 16  | 1.29e+04 | 2.0%, 233.0%, 104.0%, 89.0%  |  Finished   |  No   | 0.0  |
+-----+----------+------------------------------+-------------+-------+------+
| 17  | 6.37e+07 |    2.0%, 0.0%, 1.0%, 1.0%    |  Finished   |  Yes  | 0.0  |
+-----+----------+------------------------------+-------------+-------+------+
| 18  | 1.09e+08 |    2.0%, 0.0%, 1.0%, 0.0%    |  Finished   |  Yes  | 0.0  |
+-----+----------+------------------------------+-------------+-------+------+
| 19  | 9.10e+07 |    2.0%, 0.0%, 1.0%, 0.0%    |  Finished   |  Yes  | 0.0  |
+-----+----------+------------------------------+-------------+-------+------+
| 20  | 9.10e+07 |    2.0%, 0.0%, 1.0%, 0.0%    |  Finished   |  Yes  | 0.0  |
+-----+----------+------------------------------+-------------+-------+------+
| 21  | 5.92e+07 |    2.0%, 0.0%, 1.0%, 0.0%    |  Finished   |  Yes  | 0.0  |
+-----+----------+------------------------------+-------------+-------+------+
| 22  |   ----   |             ----             | Unavailable |  No   | 0.0  |
+-----+----------+------------------------------+-------------+-------+------+
| 23  | 3.45e+04 |  3.0%, 58.0%, 34.0%, 24.0%   |  Finished   |  Yes  | 0.0  |
+-----+----------+------------------------------+-------------+-------+------+
| 24  | 6.84e+07 |    2.0%, 0.0%, 1.0%, 0.0%    |  Finished   |  Yes  | 0.0  |
+-----+----------+------------------------------+-------------+-------+------+
| 25  | 5.47e+07 |    2.0%, 0.0%, 1.0%, 0.0%    |  Finished   |  Yes  | 0.0  |
+-----+----------+------------------------------+-------------+-------+------+
| 26  | 7.31e+05 |  2.0%, 58.0%, 34.0%, 24.0%   |  Finished   |  Yes  | 0.0  |
+-----+----------+------------------------------+-------------+-------+------+
| 27  |   ----   |             ----             |   Timeout   |  No   | 0.0  |
+-----+----------+------------------------------+-------------+-------+------+
| 28  | 2.36e+04 |  6.0%, 58.0%, 34.0%, 24.0%   |  Finished   |  Yes  | 0.0  |
+-----+----------+------------------------------+-------------+-------+------+
| 29  | 7.28e+07 |    2.0%, 0.0%, 1.0%, 0.0%    |  Finished   |  Yes  | 0.0  |
+-----+----------+------------------------------+-------------+-------+------+
| 30  | 1.29e+04 |  8.0%, 233.0%, 93.0%, 79.0%  |  Finished   |  No   | 0.0  |
+-----+----------+------------------------------+-------------+-------+------+
| 31  | 6.37e+07 |    2.0%, 0.0%, 1.0%, 1.0%    |  Finished   |  Yes  | 0.0  |
+-----+----------+------------------------------+-------------+-------+------+
| 32  | 2.33e+04 |  4.0%, 58.0%, 34.0%, 24.0%   |  Finished   |  Yes  | 0.0  |
+-----+----------+------------------------------+-------------+-------+------+
| 33  | 5.69e+07 |    2.0%, 0.0%, 1.0%, 0.0%    |  Finished   |  Yes  | 0.0  |
+-----+----------+------------------------------+-------------+-------+------+
| 34  | 6.37e+07 |    2.0%, 0.0%, 1.0%, 1.0%    |  Finished   |  Yes  | 0.0  |
+-----+----------+------------------------------+-------------+-------+------+
| 35  | 3.78e+05 |  2.0%, 58.0%, 34.0%, 24.0%   |  Finished   |  Yes  | 0.0  |
+-----+----------+------------------------------+-------------+-------+------+
| 36  | 1.09e+08 |    2.0%, 0.0%, 1.0%, 0.0%    |  Finished   |  Yes  | 0.0  |
+-----+----------+------------------------------+-------------+-------+------+
| 37  | 8.20e+07 |    2.0%, 0.0%, 1.0%, 0.0%    |  Finished   |  Yes  | 0.0  |
+-----+----------+------------------------------+-------------+-------+------+
| 38  | 7.28e+07 |    2.0%, 0.0%, 1.0%, 0.0%    |  Finished   |  Yes  | 0.0  |
+-----+----------+------------------------------+-------------+-------+------+
| 39  | 5.57e+07 |    2.0%, 0.0%, 1.0%, 0.0%    |  Finished   |  Yes  | 0.0  |
+-----+----------+------------------------------+-------------+-------+------+
| 40  | 7.28e+07 |    2.0%, 0.0%, 1.0%, 0.0%    |  Finished   |  Yes  | 0.0  |
+-----+----------+------------------------------+-------------+-------+------+
| 41  |   ----   |             ----             | Unavailable |  No   | 0.0  |
+-----+----------+------------------------------+-------------+-------+------+
| 42  | 5.69e+07 |    2.0%, 0.0%, 1.0%, 0.0%    |  Finished   |  Yes  | 0.0  |
+-----+----------+------------------------------+-------------+-------+------+
| 43  | 9.10e+07 |    2.0%, 0.0%, 1.0%, 0.0%    |  Finished   |  Yes  | 0.0  |
+-----+----------+------------------------------+-------------+-------+------+
| 44  | 2.01e+04 |  8.0%, 58.0%, 34.0%, 24.0%   |  Finished   |  Yes  | 0.0  |
+-----+----------+------------------------------+-------------+-------+------+
| 45  | 1.53e+04 |  2.0%, 116.0%, 54.0%, 42.0%  |  Finished   |  No   | 0.0  |
+-----+----------+------------------------------+-------------+-------+------+
| 46  | 1.14e+04 | 5.0%, 584.0%, 211.0%, 189.0% |  Finished   |  No   | 0.0  |
+-----+----------+------------------------------+-------------+-------+------+
| 47  | 7.28e+07 |    2.0%, 0.0%, 1.0%, 0.0%    |  Finished   |  Yes  | 0.0  |
+-----+----------+------------------------------+-------------+-------+------+
| 48  | 5.92e+07 |    2.0%, 0.0%, 1.0%, 0.0%    |  Finished   |  Yes  | 0.0  |
+-----+----------+------------------------------+-------------+-------+------+
| 49  |   ----   |             ----             | Unavailable |  No   | 0.0  |
+-----+----------+------------------------------+-------------+-------+------+
| 50  | 5.19e+04 |  2.0%, 58.0%, 34.0%, 24.0%   |  Finished   |  Yes  | 0.0  |
+-----+----------+------------------------------+-------------+-------+------+
| 51  | 5.69e+07 |    2.0%, 0.0%, 1.0%, 0.0%    |  Finished   |  Yes  | 0.0  |
+-----+----------+------------------------------+-------------+-------+------+
| 52  | 5.89e+05 |  2.0%, 58.0%, 34.0%, 24.0%   |  Finished   |  Yes  | 0.0  |
+-----+----------+------------------------------+-------------+-------+------+
| 53  |   ----   |             ----             |   Timeout   |  No   | 0.0  |
+-----+----------+------------------------------+-------------+-------+------+
| 54  | 5.92e+07 |    2.0%, 0.0%, 1.0%, 0.0%    |  Finished   |  Yes  | 0.0  |
+-----+----------+------------------------------+-------------+-------+------+
| 55  | 1.80e+05 |   12.0%, 21.0%, 9.0%, 8.0%   |  Finished   |  Yes  | 0.0  |
+-----+----------+------------------------------+-------------+-------+------+
| 56  |   ----   |             ----             | Unavailable |  No   | 0.0  |
+-----+----------+------------------------------+-------------+-------+------+
| 57  | 6.32e+05 |  355.0%, 7.0%, 23.0%, 6.0%   |  Finished   |  No   | 0.0  |
+-----+----------+------------------------------+-------------+-------+------+
| 58  | 6.84e+07 |    2.0%, 0.0%, 1.0%, 0.0%    |  Finished   |  Yes  | 0.0  |
+-----+----------+------------------------------+-------------+-------+------+
| 59  |   ----   |             ----             |   Timeout   |  No   | 0.0  |
+-----+----------+------------------------------+-------------+-------+------+
| 60  | 6.37e+07 |    2.0%, 0.0%, 1.0%, 1.0%    |  Finished   |  Yes  | 0.0  |
+-----+----------+------------------------------+-------------+-------+------+
| 61  | 3.58e+05 |  2.0%, 65.0%, 48.0%, 29.0%   |  Finished   |  Yes  | 0.0  |
+-----+----------+------------------------------+-------------+-------+------+
| 62  | 5.69e+07 |    2.0%, 0.0%, 1.0%, 0.0%    |  Finished   |  Yes  | 0.0  |
+-----+----------+------------------------------+-------------+-------+------+
| 63  | 6.32e+05 |  355.0%, 7.0%, 23.0%, 6.0%   |  Finished   |  No   | 0.0  |
+-----+----------+------------------------------+-------------+-------+------+
| 64  | 9.05e+04 |  5.0%, 43.0%, 22.0%, 17.0%   |  Finished   |  Yes  | 0.0  |
+-----+----------+------------------------------+-------------+-------+------+
| 65  |   ----   |             ----             | Unavailable |  No   | 0.0  |
+-----+----------+------------------------------+-------------+-------+------+
| 66  | 4.89e+04 |   8.0%, 14.0%, 17.0%, 8.0%   |  Finished   |  Yes  | 0.0  |
+-----+----------+------------------------------+-------------+-------+------+
| 67  | 8.73e+04 |   8.0%, 7.0%, 14.0%, 5.0%    |  Finished   |  Yes  | 0.0  |
+-----+----------+------------------------------+-------------+-------+------+
| 68  |   ----   |             ----             | Unavailable |  No   | 0.0  |
+-----+----------+------------------------------+-------------+-------+------+
| 69  | 5.47e+07 |    8.0%, 0.0%, 1.0%, 0.0%    |  Finished   |  Yes  | 0.0  |
+-----+----------+------------------------------+-------------+-------+------+
| 70  | 4.48e+05 |  2.0%, 58.0%, 34.0%, 24.0%   |  Finished   |  Yes  | 0.0  |
+-----+----------+------------------------------+-------------+-------+------+
| 71  | 5.19e+04 |  2.0%, 58.0%, 34.0%, 24.0%   |  Finished   |  Yes  | 0.0  |
+-----+----------+------------------------------+-------------+-------+------+
| 72  | 1.09e+08 |    2.0%, 0.0%, 1.0%, 0.0%    |  Finished   |  Yes  | 0.0  |
+-----+----------+------------------------------+-------------+-------+------+
| 73  |   ----   |             ----             |   Timeout   |  No   | 0.0  |
+-----+----------+------------------------------+-------------+-------+------+
| 74  | 5.69e+07 |    2.0%, 0.0%, 1.0%, 0.0%    |  Finished   |  Yes  | 0.0  |
+-----+----------+------------------------------+-------------+-------+------+
| 75  | 6.15e+07 |    2.0%, 0.0%, 1.0%, 1.0%    |  Finished   |  Yes  | 0.0  |
+-----+----------+------------------------------+-------------+-------+------+
| 76  | 8.20e+07 |    2.0%, 0.0%, 1.0%, 0.0%    |  Finished   |  Yes  | 0.0  |
+-----+----------+------------------------------+-------------+-------+------+
| 77  | 8.20e+07 |    2.0%, 0.0%, 1.0%, 0.0%    |  Finished   |  Yes  | 0.0  |
+-----+----------+------------------------------+-------------+-------+------+
| 78  |   ----   |             ----             |   Timeout   |  No   | 0.0  |
+-----+----------+------------------------------+-------------+-------+------+
| 79  | 1.87e+06 |  2.0%, 58.0%, 34.0%, 24.0%   |  Finished   |  Yes  | 0.0  |
+-----+----------+------------------------------+-------------+-------+------+
| 80  |   ----   |             ----             | Unavailable |  No   | 0.0  |
+-----+----------+------------------------------+-------------+-------+------+
| 81  |   ----   |             ----             | Unavailable |  No   | 0.0  |
+-----+----------+------------------------------+-------------+-------+------+
| 82  | 5.92e+07 |    2.0%, 0.0%, 1.0%, 0.0%    |  Finished   |  Yes  | 0.0  |
+-----+----------+------------------------------+-------------+-------+------+
| 83  | 2.50e+04 |  3.0%, 58.0%, 34.0%, 24.0%   |  Finished   |  Yes  | 0.0  |
+-----+----------+------------------------------+-------------+-------+------+
| 84  | 5.47e+07 |    8.0%, 0.0%, 1.0%, 0.0%    |  Finished   |  Yes  | 0.0  |
+-----+----------+------------------------------+-------------+-------+------+
| 85  | 3.10e+05 |  2.0%, 58.0%, 34.0%, 24.0%   |  Finished   |  Yes  | 0.0  |
+-----+----------+------------------------------+-------------+-------+------+
| 86  | 6.15e+07 |    2.0%, 0.0%, 1.0%, 1.0%    |  Finished   |  Yes  | 0.0  |
+-----+----------+------------------------------+-------------+-------+------+
| 87  | 9.10e+07 |    2.0%, 0.0%, 1.0%, 0.0%    |  Finished   |  Yes  | 0.0  |
+-----+----------+------------------------------+-------------+-------+------+
| 88  | 5.92e+07 |    2.0%, 0.0%, 1.0%, 0.0%    |  Finished   |  Yes  | 0.0  |
+-----+----------+------------------------------+-------------+-------+------+
| 89  | 2.01e+04 |  8.0%, 58.0%, 34.0%, 24.0%   |  Finished   |  Yes  | 0.0  |
+-----+----------+------------------------------+-------------+-------+------+
| 90  | 1.53e+04 |  8.0%, 116.0%, 53.0%, 45.0%  |  Finished   |  No   | 0.0  |
+-----+----------+------------------------------+-------------+-------+------+
| 91  | 1.01e+06 |  2.0%, 58.0%, 34.0%, 24.0%   |  Finished   |  Yes  | 0.0  |
+-----+----------+------------------------------+-------------+-------+------+
| 92  | 3.45e+04 |  3.0%, 58.0%, 34.0%, 24.0%   |  Finished   |  Yes  | 0.0  |
+-----+----------+------------------------------+-------------+-------+------+
| 93  |   ----   |             ----             | Unavailable |  No   | 0.0  |
+-----+----------+------------------------------+-------------+-------+------+
| 94  | 6.32e+05 |  355.0%, 7.0%, 23.0%, 6.0%   |  Finished   |  No   | 0.0  |
+-----+----------+------------------------------+-------------+-------+------+
| 95  | 6.37e+07 |    2.0%, 0.0%, 1.0%, 1.0%    |  Finished   |  Yes  | 0.0  |
+-----+----------+------------------------------+-------------+-------+------+
| 96  | 6.84e+07 |    2.0%, 0.0%, 1.0%, 0.0%    |  Finished   |  Yes  | 0.0  |
+-----+----------+------------------------------+-------------+-------+------+
| 97  | 8.20e+07 |    2.0%, 0.0%, 1.0%, 0.0%    |  Finished   |  Yes  | 0.0  |
+-----+----------+------------------------------+-------------+-------+------+
| 98  | 5.92e+07 |    2.0%, 0.0%, 1.0%, 0.0%    |  Finished   |  Yes  | 0.0  |
+-----+----------+------------------------------+-------------+-------+------+
| 99  | 1.09e+08 |    2.0%, 0.0%, 1.0%, 0.0%    |  Finished   |  Yes  | 0.0  |
+-----+----------+------------------------------+-------------+-------+------+
| 100 | 6.37e+07 |    2.0%, 0.0%, 1.0%, 1.0%    |  Finished   |  Yes  | 0.0  |
+-----+----------+------------------------------+-------------+-------+------+
| 101 | 4.89e+04 |   8.0%, 14.0%, 17.0%, 8.0%   |  Finished   |  Yes  | 0.0  |
+-----+----------+------------------------------+-------------+-------+------+
| 102 | 4.71e+07 |   13.0%, 0.0%, 1.0%, 0.0%    |  Finished   |  Yes  | 0.0  |
+-----+----------+------------------------------+-------------+-------+------+
| 103 |   ----   |             ----             |   Timeout   |  No   | 0.0  |
+-----+----------+------------------------------+-------------+-------+------+
| 104 |   ----   |             ----             | Unavailable |  No   | 0.0  |
+-----+----------+------------------------------+-------------+-------+------+
| 105 | 1.09e+08 |    2.0%, 0.0%, 1.0%, 0.0%    |  Finished   |  Yes  | 0.0  |
+-----+----------+------------------------------+-------------+-------+------+
| 106 | 6.15e+07 |    2.0%, 0.0%, 1.0%, 1.0%    |  Finished   |  Yes  | 0.0  |
+-----+----------+------------------------------+-------------+-------+------+
| 107 | 6.84e+07 |    2.0%, 0.0%, 1.0%, 0.0%    |  Finished   |  Yes  | 0.0  |
+-----+----------+------------------------------+-------------+-------+------+
| 108 | 9.10e+07 |    2.0%, 0.0%, 1.0%, 0.0%    |  Finished   |  Yes  | 0.0  |
+-----+----------+------------------------------+-------------+-------+------+
| 109 | 5.92e+07 |    2.0%, 0.0%, 1.0%, 0.0%    |  Finished   |  Yes  | 0.0  |
+-----+----------+------------------------------+-------------+-------+------+
| 110 | 8.20e+07 |    2.0%, 0.0%, 1.0%, 0.0%    |  Finished   |  Yes  | 0.0  |
+-----+----------+------------------------------+-------------+-------+------+
| 111 | 9.10e+07 |    2.0%, 0.0%, 1.0%, 0.0%    |  Finished   |  Yes  | 0.0  |
+-----+----------+------------------------------+-------------+-------+------+
| 112 | 3.58e+06 |  2.0%, 58.0%, 32.0%, 23.0%   |  Finished   |  Yes  | 0.0  |
+-----+----------+------------------------------+-------------+-------+------+
| 113 | 9.10e+07 |    2.0%, 0.0%, 1.0%, 0.0%    |  Finished   |  Yes  | 0.0  |
+-----+----------+------------------------------+-------------+-------+------+
| 114 | 8.20e+07 |    2.0%, 0.0%, 1.0%, 0.0%    |  Finished   |  Yes  | 0.0  |
+-----+----------+------------------------------+-------------+-------+------+
| 115 | 3.11e+04 |  3.0%, 58.0%, 34.0%, 24.0%   |  Finished   |  Yes  | 0.0  |
+-----+----------+------------------------------+-------------+-------+------+
| 116 | 7.28e+07 |    2.0%, 0.0%, 1.0%, 0.0%    |  Finished   |  Yes  | 0.0  |
+-----+----------+------------------------------+-------------+-------+------+
| 117 |   ----   |             ----             |   Timeout   |  No   | 0.0  |
+-----+----------+------------------------------+-------------+-------+------+
| 118 | 8.73e+04 |   8.0%, 7.0%, 14.0%, 5.0%    |  Finished   |  Yes  | 0.0  |
+-----+----------+------------------------------+-------------+-------+------+
| 119 | 6.15e+07 |    2.0%, 0.0%, 1.0%, 1.0%    |  Finished   |  Yes  | 0.0  |
+-----+----------+------------------------------+-------------+-------+------+
| 120 | 1.17e+04 | 8.0%, 467.0%, 206.0%, 177.0% |  Finished   |  No   | 0.0  |
+-----+----------+------------------------------+-------------+-------+------+
| 121 | 6.15e+07 |    2.0%, 0.0%, 1.0%, 1.0%    |  Finished   |  Yes  | 0.0  |
+-----+----------+------------------------------+-------------+-------+------+
| 122 | 1.09e+08 |    2.0%, 0.0%, 1.0%, 0.0%    |  Finished   |  Yes  | 0.0  |
+-----+----------+------------------------------+-------------+-------+------+
| 123 | 8.20e+07 |    2.0%, 0.0%, 1.0%, 0.0%    |  Finished   |  Yes  | 0.0  |
+-----+----------+------------------------------+-------------+-------+------+
| 124 | 5.69e+07 |    2.0%, 0.0%, 1.0%, 0.0%    |  Finished   |  Yes  | 0.0  |
+-----+----------+------------------------------+-------------+-------+------+
| 125 | 3.45e+04 |  3.0%, 58.0%, 34.0%, 24.0%   |  Finished   |  Yes  | 0.0  |
+-----+----------+------------------------------+-------------+-------+------+
| 126 | 7.28e+07 |    2.0%, 0.0%, 1.0%, 0.0%    |  Finished   |  Yes  | 0.0  |
+-----+----------+------------------------------+-------------+-------+------+
| 127 | 6.84e+07 |    2.0%, 0.0%, 1.0%, 0.0%    |  Finished   |  Yes  | 0.0  |
+-----+----------+------------------------------+-------------+-------+------+
| 128 | 6.37e+07 |    2.0%, 0.0%, 1.0%, 1.0%    |  Finished   |  Yes  | 0.0  |
+-----+----------+------------------------------+-------------+-------+------+
| 129 | 5.19e+04 |  2.0%, 58.0%, 34.0%, 24.0%   |  Finished   |  Yes  | 0.0  |
+-----+----------+------------------------------+-------------+-------+------+
| 130 | 5.92e+07 |    2.0%, 0.0%, 1.0%, 0.0%    |  Finished   |  Yes  | 0.0  |
+-----+----------+------------------------------+-------------+-------+------+
| 131 | 2.69e+04 |  2.0%, 58.0%, 34.0%, 24.0%   |  Finished   |  Yes  | 0.0  |
+-----+----------+------------------------------+-------------+-------+------+
| 132 |   ----   |             ----             |   Timeout   |  No   | 0.0  |
+-----+----------+------------------------------+-------------+-------+------+
| 133 | 1.30e+06 |  2.0%, 58.0%, 34.0%, 24.0%   |  Finished   |  Yes  | 0.0  |
+-----+----------+------------------------------+-------------+-------+------+
| 134 | 2.97e+04 |  8.0%, 29.0%, 22.0%, 13.0%   |  Finished   |  Yes  | 0.0  |
+-----+----------+------------------------------+-------------+-------+------+
| 135 | 1.09e+08 |    2.0%, 0.0%, 1.0%, 0.0%    |  Finished   |  Yes  | 0.0  |
+-----+----------+------------------------------+-------------+-------+------+
| 136 | 5.69e+07 |    2.0%, 0.0%, 1.0%, 0.0%    |  Finished   |  Yes  | 0.0  |
+-----+----------+------------------------------+-------------+-------+------+
| 137 | 9.10e+07 |    2.0%, 0.0%, 1.0%, 0.0%    |  Finished   |  Yes  | 0.0  |
+-----+----------+------------------------------+-------------+-------+------+
| 138 |   ----   |             ----             | Unavailable |  No   | 0.0  |
+-----+----------+------------------------------+-------------+-------+------+
| 139 | 5.69e+07 |    2.0%, 0.0%, 1.0%, 0.0%    |  Finished   |  Yes  | 0.0  |
+-----+----------+------------------------------+-------------+-------+------+
| 140 | 6.15e+07 |    2.0%, 0.0%, 1.0%, 1.0%    |  Finished   |  Yes  | 0.0  |
+-----+----------+------------------------------+-------------+-------+------+
| 141 | 1.24e+04 | 5.0%, 292.0%, 113.0%, 97.0%  |  Finished   |  No   | 0.0  |
+-----+----------+------------------------------+-------------+-------+------+
| 142 |   ----   |             ----             | Unavailable |  No   | 0.0  |
+-----+----------+------------------------------+-------------+-------+------+
| 143 |   ----   |             ----             |   Timeout   |  No   | 0.0  |
+-----+----------+------------------------------+-------------+-------+------+
| 144 | 5.47e+07 |    2.0%, 0.0%, 1.0%, 0.0%    |  Finished   |  Yes  | 0.0  |
+-----+----------+------------------------------+-------------+-------+------+
| 145 |   ----   |             ----             |   Timeout   |  No   | 0.0  |
+-----+----------+------------------------------+-------------+-------+------+
| 146 | 6.84e+07 |    2.0%, 0.0%, 1.0%, 0.0%    |  Finished   |  Yes  | 0.0  |
+-----+----------+------------------------------+-------------+-------+------+
| 147 | 8.20e+07 |    2.0%, 0.0%, 1.0%, 0.0%    |  Finished   |  Yes  | 0.0  |
+-----+----------+------------------------------+-------------+-------+------+
| 148 | 7.28e+07 |    2.0%, 0.0%, 1.0%, 0.0%    |  Finished   |  Yes  | 0.0  |
+-----+----------+------------------------------+-------------+-------+------+
| 149 | 6.15e+07 |    2.0%, 0.0%, 1.0%, 1.0%    |  Finished   |  Yes  | 0.0  |
+-----+----------+------------------------------+-------------+-------+------+

Explored Points
+-----+------------+------------+------------+------------+------------+------------+------------+
| ID  | __PARA__L0 | __PARA__L1 | __PARA__L2 | __PIPE__L0 | __PIPE__L1 | __TILE__L0 | __TILE__L1 |
+=====+============+============+============+============+============+============+============+
|  0  |     1      |    384     |     2      |    off     |            |     1      |     1      |
+-----+------------+------------+------------+------------+------------+------------+------------+
|  1  |     1      |     1      |     1      |  flatten   |    off     |     5      |     1      |
+-----+------------+------------+------------+------------+------------+------------+------------+
|  2  |     1      |     64     |     2      |    off     |    off     |    100     |     1      |
+-----+------------+------------+------------+------------+------------+------------+------------+
|  3  |     4      |     8      |     1      |    off     |  flatten   |     1      |     96     |
+-----+------------+------------+------------+------------+------------+------------+------------+
|  4  |     1      |    768     |     2      |            |    off     |     1      |     1      |
+-----+------------+------------+------------+------------+------------+------------+------------+
|  5  |     1      |     1      |     2      |    off     |    off     |     1      |     1      |
+-----+------------+------------+------------+------------+------------+------------+------------+
|  6  |     1      |     1      |     4      |    off     |    off     |     1      |     1      |
+-----+------------+------------+------------+------------+------------+------------+------------+
|  7  |     1      |     4      |     1      |    off     |  flatten   |     1      |     1      |
+-----+------------+------------+------------+------------+------------+------------+------------+
|  8  |     1      |     8      |     1      |    off     |  flatten   |     1      |     96     |
+-----+------------+------------+------------+------------+------------+------------+------------+
|  9  |     1      |     48     |     2      |    off     |    off     |     1      |     1      |
+-----+------------+------------+------------+------------+------------+------------+------------+
| 10  |     1      |     96     |     2      |    off     |    off     |    100     |     1      |
+-----+------------+------------+------------+------------+------------+------------+------------+
| 11  |     1      |     96     |     2      |    off     |            |    100     |     1      |
+-----+------------+------------+------------+------------+------------+------------+------------+
| 12  |     1      |     1      |     1      |  flatten   |    off     |     4      |     1      |
+-----+------------+------------+------------+------------+------------+------------+------------+
| 13  |     1      |    128     |     2      |    off     |    off     |     1      |     1      |
+-----+------------+------------+------------+------------+------------+------------+------------+
| 14  |     2      |     8      |     1      |            |  flatten   |     1      |     96     |
+-----+------------+------------+------------+------------+------------+------------+------------+
| 15  |    100     |    768     |     2      |            |    off     |     1      |     1      |
+-----+------------+------------+------------+------------+------------+------------+------------+
| 16  |     1      |     32     |     1      |    off     |  flatten   |     1      |     1      |
+-----+------------+------------+------------+------------+------------+------------+------------+
| 17  |     1      |     1      |     2      |    off     |    off     |     1      |     64     |
+-----+------------+------------+------------+------------+------------+------------+------------+
| 18  |     1      |    384     |     2      |    off     |    off     |    100     |     1      |
+-----+------------+------------+------------+------------+------------+------------+------------+
| 19  |     1      |    256     |     2      |    off     |            |    100     |     1      |
+-----+------------+------------+------------+------------+------------+------------+------------+
| 20  |     1      |    256     |     2      |    off     |            |     1      |     1      |
+-----+------------+------------+------------+------------+------------+------------+------------+
| 21  |     1      |     32     |     2      |    off     |            |    100     |     1      |
+-----+------------+------------+------------+------------+------------+------------+------------+
| 22  |     1      |     1      |     1      |  flatten   |    off     |     10     |     1      |
+-----+------------+------------+------------+------------+------------+------------+------------+
| 23  |     4      |     8      |     1      |            |  flatten   |     1      |     96     |
+-----+------------+------------+------------+------------+------------+------------+------------+
| 24  |     1      |     1      |     2      |    off     |            |     1      |     96     |
+-----+------------+------------+------------+------------+------------+------------+------------+
| 25  |     1      |    768     |     2      |    off     |    off     |     1      |     1      |
+-----+------------+------------+------------+------------+------------+------------+------------+
| 26  |     1      |     8      |     1      |    off     |  flatten   |     1      |     12     |
+-----+------------+------------+------------+------------+------------+------------+------------+
| 27  |     4      |     1      |     1      |  flatten   |    off     |     1      |     1      |
+-----+------------+------------+------------+------------+------------+------------+------------+
| 28  |     25     |     8      |     1      |    off     |  flatten   |     1      |     96     |
+-----+------------+------------+------------+------------+------------+------------+------------+
| 29  |     1      |    128     |     2      |    off     |            |     1      |     1      |
+-----+------------+------------+------------+------------+------------+------------+------------+
| 30  |     4      |     8      |     1      |    off     |  flatten   |     1      |     1      |
+-----+------------+------------+------------+------------+------------+------------+------------+
| 31  |     1      |     64     |     2      |    off     |    off     |     1      |     1      |
+-----+------------+------------+------------+------------+------------+------------+------------+
| 32  |     20     |     8      |     1      |    off     |  flatten   |     1      |     96     |
+-----+------------+------------+------------+------------+------------+------------+------------+
| 33  |     1      |     16     |     2      |    off     |    off     |     1      |     1      |
+-----+------------+------------+------------+------------+------------+------------+------------+
| 34  |     1      |     1      |     2      |    off     |            |     1      |     64     |
+-----+------------+------------+------------+------------+------------+------------+------------+
| 35  |     1      |     8      |     1      |    off     |  flatten   |     1      |     32     |
+-----+------------+------------+------------+------------+------------+------------+------------+
| 36  |     1      |    384     |     2      |    off     |            |     1      |     2      |
+-----+------------+------------+------------+------------+------------+------------+------------+
| 37  |     1      |    192     |     2      |    off     |            |     1      |     4      |
+-----+------------+------------+------------+------------+------------+------------+------------+
| 38  |     1      |     1      |     2      |    off     |    off     |     1      |    128     |
+-----+------------+------------+------------+------------+------------+------------+------------+
| 39  |     1      |    768     |     2      |            |    off     |    100     |     1      |
+-----+------------+------------+------------+------------+------------+------------+------------+
| 40  |     1      |    128     |     2      |    off     |            |     1      |     6      |
+-----+------------+------------+------------+------------+------------+------------+------------+
| 41  |    100     |     8      |     1      |    off     |  flatten   |     1      |     96     |
+-----+------------+------------+------------+------------+------------+------------+------------+
| 42  |     1      |     16     |     2      |    off     |            |     1      |     48     |
+-----+------------+------------+------------+------------+------------+------------+------------+
| 43  |     1      |    256     |     2      |    off     |    off     |     1      |     1      |
+-----+------------+------------+------------+------------+------------+------------+------------+
| 44  |     1      |     8      |     1      |    off     |  flatten   |    100     |     1      |
+-----+------------+------------+------------+------------+------------+------------+------------+
| 45  |     2      |     8      |     1      |    off     |  flatten   |     1      |     1      |
+-----+------------+------------+------------+------------+------------+------------+------------+
| 46  |     10     |     8      |     1      |    off     |  flatten   |     1      |     1      |
+-----+------------+------------+------------+------------+------------+------------+------------+
| 47  |     1      |    128     |     2      |    off     |    off     |    100     |     1      |
+-----+------------+------------+------------+------------+------------+------------+------------+
| 48  |     1      |     32     |     2      |    off     |    off     |     1      |     24     |
+-----+------------+------------+------------+------------+------------+------------+------------+
| 49  |     1      |     1      |     1      |  flatten   |    off     |     50     |     1      |
+-----+------------+------------+------------+------------+------------+------------+------------+
| 50  |     2      |     8      |     1      |    off     |  flatten   |     1      |     96     |
+-----+------------+------------+------------+------------+------------+------------+------------+
| 51  |     1      |     1      |     2      |    off     |    off     |     1      |     16     |
+-----+------------+------------+------------+------------+------------+------------+------------+
| 52  |     1      |     8      |     1      |    off     |  flatten   |     1      |     16     |
+-----+------------+------------+------------+------------+------------+------------+------------+
| 53  |     20     |     1      |     1      |  flatten   |    off     |     1      |     1      |
+-----+------------+------------+------------+------------+------------+------------+------------+
| 54  |     1      |     1      |     2      |    off     |    off     |     1      |     32     |
+-----+------------+------------+------------+------------+------------+------------+------------+
| 55  |     1      |     3      |     1      |    off     |  flatten   |     1      |    256     |
+-----+------------+------------+------------+------------+------------+------------+------------+
| 56  |     1      |    128     |     1      |    off     |  flatten   |     1      |     1      |
+-----+------------+------------+------------+------------+------------+------------+------------+
| 57  |    100     |    768     |     2      |    off     |    off     |     1      |     1      |
+-----+------------+------------+------------+------------+------------+------------+------------+
| 58  |     1      |     1      |     2      |    off     |    off     |     1      |     96     |
+-----+------------+------------+------------+------------+------------+------------+------------+
| 59  |     25     |     1      |     1      |  flatten   |    off     |     1      |     1      |
+-----+------------+------------+------------+------------+------------+------------+------------+
| 60  |     1      |     64     |     2      |    off     |            |    100     |     1      |
+-----+------------+------------+------------+------------+------------+------------+------------+
| 61  |     1      |     8      |     1      |    off     |  flatten   |     1      |     64     |
+-----+------------+------------+------------+------------+------------+------------+------------+
| 62  |     1      |     16     |     2      |    off     |            |    100     |     1      |
+-----+------------+------------+------------+------------+------------+------------+------------+
| 63  |    100     |     1      |     2      |    off     |    off     |     1      |     1      |
+-----+------------+------------+------------+------------+------------+------------+------------+
| 64  |     1      |     6      |     1      |    off     |  flatten   |     1      |    128     |
+-----+------------+------------+------------+------------+------------+------------+------------+
| 65  |     2      |     1      |     1      |  flatten   |    off     |     1      |     1      |
+-----+------------+------------+------------+------------+------------+------------+------------+
| 66  |     1      |     2      |     1      |    off     |  flatten   |     1      |    384     |
+-----+------------+------------+------------+------------+------------+------------+------------+
| 67  |     1      |     1      |     1      |    off     |  flatten   |     1      |     1      |
+-----+------------+------------+------------+------------+------------+------------+------------+
| 68  |     1      |     1      |     1      |  flatten   |    off     |    100     |     1      |
+-----+------------+------------+------------+------------+------------+------------+------------+
| 69  |     1      |     1      |     2      |    off     |    off     |    100     |     1      |
+-----+------------+------------+------------+------------+------------+------------+------------+
| 70  |     1      |     8      |     1      |    off     |  flatten   |     1      |     24     |
+-----+------------+------------+------------+------------+------------+------------+------------+
| 71  |     2      |     8      |     1      |    off     |  flatten   |     50     |     1      |
+-----+------------+------------+------------+------------+------------+------------+------------+
| 72  |     1      |     1      |     2      |    off     |    off     |     1      |    384     |
+-----+------------+------------+------------+------------+------------+------------+------------+
| 73  |     10     |     1      |     1      |  flatten   |    off     |     1      |     1      |
+-----+------------+------------+------------+------------+------------+------------+------------+
| 74  |     1      |     16     |     2      |    off     |            |     1      |     1      |
+-----+------------+------------+------------+------------+------------+------------+------------+
| 75  |     1      |     1      |     2      |    off     |            |     1      |     48     |
+-----+------------+------------+------------+------------+------------+------------+------------+
| 76  |     1      |    192     |     2      |    off     |    off     |    100     |     1      |
+-----+------------+------------+------------+------------+------------+------------+------------+
| 77  |     1      |     1      |     2      |    off     |    off     |     1      |    192     |
+-----+------------+------------+------------+------------+------------+------------+------------+
| 78  |    100     |     1      |     1      |  flatten   |    off     |     1      |     1      |
+-----+------------+------------+------------+------------+------------+------------+------------+
| 79  |     1      |     8      |     1      |    off     |  flatten   |     1      |     4      |
+-----+------------+------------+------------+------------+------------+------------+------------+
| 80  |    100     |     8      |     1      |    off     |  flatten   |     1      |     1      |
+-----+------------+------------+------------+------------+------------+------------+------------+
| 81  |     1      |    256     |     1      |    off     |  flatten   |     1      |     1      |
+-----+------------+------------+------------+------------+------------+------------+------------+
| 82  |     1      |     32     |     2      |    off     |            |     1      |     1      |
+-----+------------+------------+------------+------------+------------+------------+------------+
| 83  |     10     |     8      |     1      |    off     |  flatten   |     1      |     96     |
+-----+------------+------------+------------+------------+------------+------------+------------+
| 84  |     1      |     1      |     2      |    off     |    off     |     1      |    768     |
+-----+------------+------------+------------+------------+------------+------------+------------+
| 85  |     1      |     8      |     1      |    off     |  flatten   |     1      |     48     |
+-----+------------+------------+------------+------------+------------+------------+------------+
| 86  |     1      |     48     |     2      |    off     |            |     1      |     1      |
+-----+------------+------------+------------+------------+------------+------------+------------+
| 87  |     1      |    256     |     2      |    off     |    off     |    100     |     1      |
+-----+------------+------------+------------+------------+------------+------------+------------+
| 88  |     1      |     32     |     2      |    off     |            |     1      |     24     |
+-----+------------+------------+------------+------------+------------+------------+------------+
| 89  |     1      |     8      |     1      |    off     |  flatten   |     1      |     1      |
+-----+------------+------------+------------+------------+------------+------------+------------+
| 90  |     1      |     16     |     1      |    off     |  flatten   |     1      |     1      |
+-----+------------+------------+------------+------------+------------+------------+------------+
| 91  |     1      |     8      |     1      |    off     |  flatten   |     1      |     8      |
+-----+------------+------------+------------+------------+------------+------------+------------+
| 92  |     4      |     8      |     1      |    off     |  flatten   |     25     |     1      |
+-----+------------+------------+------------+------------+------------+------------+------------+
| 93  |     1      |     1      |     1      |  flatten   |    off     |     20     |     1      |
+-----+------------+------------+------------+------------+------------+------------+------------+
| 94  |    100     |     1      |     2      |    off     |    off     |     1      |    768     |
+-----+------------+------------+------------+------------+------------+------------+------------+
| 95  |     1      |     64     |     2      |    off     |    off     |     1      |     12     |
+-----+------------+------------+------------+------------+------------+------------+------------+
| 96  |     1      |     96     |     2      |    off     |    off     |     1      |     8      |
+-----+------------+------------+------------+------------+------------+------------+------------+
| 97  |     1      |    192     |     2      |    off     |            |     1      |     1      |
+-----+------------+------------+------------+------------+------------+------------+------------+
| 98  |     1      |     32     |     2      |    off     |    off     |    100     |     1      |
+-----+------------+------------+------------+------------+------------+------------+------------+
| 99  |     1      |    384     |     2      |    off     |            |    100     |     1      |
+-----+------------+------------+------------+------------+------------+------------+------------+
| 100 |     1      |     64     |     2      |    off     |            |     1      |     1      |
+-----+------------+------------+------------+------------+------------+------------+------------+
| 101 |     1      |     2      |     1      |    off     |  flatten   |     1      |     1      |
+-----+------------+------------+------------+------------+------------+------------+------------+
| 102 |     1      |     1      |     1      |    off     |    off     |     1      |     1      |
+-----+------------+------------+------------+------------+------------+------------+------------+
| 103 |     20     |     8      |     1      |    off     |  flatten   |     1      |     1      |
+-----+------------+------------+------------+------------+------------+------------+------------+
| 104 |     1      |     1      |     1      |  flatten   |    off     |     1      |     1      |
+-----+------------+------------+------------+------------+------------+------------+------------+
| 105 |     1      |    384     |     2      |    off     |    off     |     1      |     1      |
+-----+------------+------------+------------+------------+------------+------------+------------+
| 106 |     1      |     48     |     2      |    off     |    off     |    100     |     1      |
+-----+------------+------------+------------+------------+------------+------------+------------+
| 107 |     1      |     96     |     2      |    off     |            |     1      |     8      |
+-----+------------+------------+------------+------------+------------+------------+------------+
| 108 |     1      |     1      |     2      |    off     |            |     1      |    256     |
+-----+------------+------------+------------+------------+------------+------------+------------+
| 109 |     1      |     32     |     2      |    off     |    off     |     1      |     1      |
+-----+------------+------------+------------+------------+------------+------------+------------+
| 110 |     1      |     1      |     2      |    off     |            |     1      |    192     |
+-----+------------+------------+------------+------------+------------+------------+------------+
| 111 |     1      |    256     |     2      |    off     |            |     1      |     3      |
+-----+------------+------------+------------+------------+------------+------------+------------+
| 112 |     1      |     8      |     1      |    off     |  flatten   |     1      |     2      |
+-----+------------+------------+------------+------------+------------+------------+------------+
| 113 |     1      |    256     |     2      |    off     |    off     |     1      |     3      |
+-----+------------+------------+------------+------------+------------+------------+------------+
| 114 |     1      |    192     |     2      |    off     |            |    100     |     1      |
+-----+------------+------------+------------+------------+------------+------------+------------+
| 115 |     5      |     8      |     1      |    off     |  flatten   |     1      |     96     |
+-----+------------+------------+------------+------------+------------+------------+------------+
| 116 |     1      |    128     |     2      |    off     |    off     |     1      |     6      |
+-----+------------+------------+------------+------------+------------+------------+------------+
| 117 |     50     |     8      |     1      |    off     |  flatten   |     1      |     1      |
+-----+------------+------------+------------+------------+------------+------------+------------+
| 118 |     1      |     1      |     1      |    off     |  flatten   |     1      |    768     |
+-----+------------+------------+------------+------------+------------+------------+------------+
| 119 |     1      |     48     |     2      |    off     |    off     |     1      |     16     |
+-----+------------+------------+------------+------------+------------+------------+------------+
| 120 |     1      |     64     |     1      |    off     |  flatten   |     1      |     1      |
+-----+------------+------------+------------+------------+------------+------------+------------+
| 121 |     1      |     1      |     2      |    off     |    off     |     1      |     48     |
+-----+------------+------------+------------+------------+------------+------------+------------+
| 122 |     1      |    384     |     2      |    off     |    off     |     1      |     2      |
+-----+------------+------------+------------+------------+------------+------------+------------+
| 123 |     1      |    192     |     2      |    off     |    off     |     1      |     1      |
+-----+------------+------------+------------+------------+------------+------------+------------+
| 124 |     1      |     16     |     2      |    off     |    off     |    100     |     1      |
+-----+------------+------------+------------+------------+------------+------------+------------+
| 125 |     4      |     8      |     1      |            |  flatten   |     25     |     1      |
+-----+------------+------------+------------+------------+------------+------------+------------+
| 126 |     1      |     1      |     2      |    off     |            |     1      |    128     |
+-----+------------+------------+------------+------------+------------+------------+------------+
| 127 |     1      |     96     |     2      |    off     |    off     |     1      |     1      |
+-----+------------+------------+------------+------------+------------+------------+------------+
| 128 |     1      |     64     |     2      |    off     |            |     1      |     12     |
+-----+------------+------------+------------+------------+------------+------------+------------+
| 129 |     2      |     8      |     1      |            |  flatten   |     50     |     1      |
+-----+------------+------------+------------+------------+------------+------------+------------+
| 130 |     1      |     1      |     2      |    off     |            |     1      |     32     |
+-----+------------+------------+------------+------------+------------+------------+------------+
| 131 |     50     |     8      |     1      |    off     |  flatten   |     1      |     96     |
+-----+------------+------------+------------+------------+------------+------------+------------+
| 132 |     5      |     1      |     1      |  flatten   |    off     |     1      |     1      |
+-----+------------+------------+------------+------------+------------+------------+------------+
| 133 |     1      |     8      |     1      |    off     |  flatten   |     1      |     6      |
+-----+------------+------------+------------+------------+------------+------------+------------+
| 134 |     1      |     4      |     1      |    off     |  flatten   |     1      |    192     |
+-----+------------+------------+------------+------------+------------+------------+------------+
| 135 |     1      |     1      |     2      |    off     |            |     1      |    384     |
+-----+------------+------------+------------+------------+------------+------------+------------+
| 136 |     1      |     1      |     2      |    off     |            |     1      |     16     |
+-----+------------+------------+------------+------------+------------+------------+------------+
| 137 |     1      |     1      |     2      |    off     |    off     |     1      |    256     |
+-----+------------+------------+------------+------------+------------+------------+------------+
| 138 |     1      |     1      |     1      |  flatten   |    off     |     2      |     1      |
+-----+------------+------------+------------+------------+------------+------------+------------+
| 139 |     1      |     16     |     2      |    off     |    off     |     1      |     48     |
+-----+------------+------------+------------+------------+------------+------------+------------+
| 140 |     1      |     48     |     2      |    off     |            |     1      |     16     |
+-----+------------+------------+------------+------------+------------+------------+------------+
| 141 |     5      |     8      |     1      |    off     |  flatten   |     1      |     1      |
+-----+------------+------------+------------+------------+------------+------------+------------+
| 142 |     1      |     1      |     1      |  flatten   |    off     |     25     |     1      |
+-----+------------+------------+------------+------------+------------+------------+------------+
| 143 |     25     |     8      |     1      |    off     |  flatten   |     1      |     1      |
+-----+------------+------------+------------+------------+------------+------------+------------+
| 144 |     1      |    768     |     2      |    off     |    off     |    100     |     1      |
+-----+------------+------------+------------+------------+------------+------------+------------+
| 145 |     50     |     1      |     1      |  flatten   |    off     |     1      |     1      |
+-----+------------+------------+------------+------------+------------+------------+------------+
| 146 |     1      |     96     |     2      |    off     |            |     1      |     1      |
+-----+------------+------------+------------+------------+------------+------------+------------+
| 147 |     1      |    192     |     2      |    off     |    off     |     1      |     4      |
+-----+------------+------------+------------+------------+------------+------------+------------+
| 148 |     1      |    128     |     2      |    off     |            |    100     |     1      |
+-----+------------+------------+------------+------------+------------+------------+------------+
| 149 |     1      |     48     |     2      |    off     |            |    100     |     1      |
+-----+------------+------------+------------+------------+------------+------------+------------+
