DSE Summary
+----------------------------+------+
| Total Explored             | 1128 |
+----------------------------+------+
| Level 1 Timeout            | 0    |
+----------------------------+------+
| Level 1 Analysis Error     | 0    |
+----------------------------+------+
| Level 1 Early Reject       | 871  |
+----------------------------+------+
| Level 1 Result Unavailable | 0    |
+----------------------------+------+
| Level 2 Timeout            | 9    |
+----------------------------+------+
| Level 2 Analysis Error     | 0    |
+----------------------------+------+
| Level 2 Duplicate          | 29   |
+----------------------------+------+
| Level 2 Result Unavailable | 44   |
+----------------------------+------+

Level 2 Result Details
+-----+----------+-------------------------------+-------------+-------+------+
| ID  |  Perf.   |      BRAM, DSP, LUT, FF       |   Status    | Valid | Time |
+=====+==========+===============================+=============+=======+======+
|  0  | 1.86e+05 |    22.0%, 0.0%, 3.0%, 1.0%    |  Finished   |  Yes  | 0.0  |
+-----+----------+-------------------------------+-------------+-------+------+
|  1  | 1.92e+05 |    22.0%, 0.0%, 3.0%, 1.0%    |  Finished   |  Yes  | 0.0  |
+-----+----------+-------------------------------+-------------+-------+------+
|  2  | 1.07e+05 | 10.0%, 234.0%, 125.0%, 88.0%  |  Finished   |  No   | 0.0  |
+-----+----------+-------------------------------+-------------+-------+------+
|  3  | 2.07e+04 |  21.0%, 58.0%, 66.0%, 32.0%   |  Finished   |  Yes  | 0.0  |
+-----+----------+-------------------------------+-------------+-------+------+
|  4  | 1.07e+05 |  10.0%, 117.0%, 81.0%, 49.0%  |  Finished   |  No   | 0.0  |
+-----+----------+-------------------------------+-------------+-------+------+
|  5  | 1.92e+05 |    22.0%, 0.0%, 3.0%, 1.0%    |  Duplicate  |  Yes  | 0.0  |
+-----+----------+-------------------------------+-------------+-------+------+
|  6  | 1.92e+05 |    22.0%, 0.0%, 3.0%, 1.0%    |  Finished   |  Yes  | 0.0  |
+-----+----------+-------------------------------+-------------+-------+------+
|  7  | 1.06e+05 |  33.0%, 58.0%, 24.0%, 21.0%   |  Finished   |  Yes  | 0.0  |
+-----+----------+-------------------------------+-------------+-------+------+
|  8  | 2.18e+05 |    22.0%, 0.0%, 3.0%, 1.0%    |  Finished   |  Yes  | 0.0  |
+-----+----------+-------------------------------+-------------+-------+------+
|  9  |   ----   |             ----              |   Timeout   |  No   | 0.0  |
+-----+----------+-------------------------------+-------------+-------+------+
| 10  |   ----   |             ----              | Unavailable |  No   | 0.0  |
+-----+----------+-------------------------------+-------------+-------+------+
| 11  | 2.18e+05 |    22.0%, 0.0%, 3.0%, 1.0%    |  Duplicate  |  Yes  | 0.0  |
+-----+----------+-------------------------------+-------------+-------+------+
| 12  | 1.07e+05 |  10.0%, 58.0%, 62.0%, 30.0%   |  Finished   |  Yes  | 0.0  |
+-----+----------+-------------------------------+-------------+-------+------+
| 13  | 2.18e+05 |    22.0%, 0.0%, 3.0%, 1.0%    |  Finished   |  Yes  | 0.0  |
+-----+----------+-------------------------------+-------------+-------+------+
| 14  |   ----   |             ----              | Unavailable |  No   | 0.0  |
+-----+----------+-------------------------------+-------------+-------+------+
| 15  | 1.07e+05 | 10.0%, 468.0%, 194.0%, 166.0% |  Finished   |  No   | 0.0  |
+-----+----------+-------------------------------+-------------+-------+------+
| 16  | 1.06e+05 |  33.0%, 58.0%, 24.0%, 21.0%   |  Finished   |  Yes  | 0.0  |
+-----+----------+-------------------------------+-------------+-------+------+
| 17  |   ----   |             ----              | Unavailable |  No   | 0.0  |
+-----+----------+-------------------------------+-------------+-------+------+
| 18  | 2.03e+04 | 21.0%, 467.0%, 202.0%, 170.0% |  Finished   |  No   | 0.0  |
+-----+----------+-------------------------------+-------------+-------+------+
| 19  | 1.56e+05 |  10.0%, 29.0%, 51.0%, 20.0%   |  Finished   |  Yes  | 0.0  |
+-----+----------+-------------------------------+-------------+-------+------+
| 20  |   ----   |             ----              | Unavailable |  No   | 0.0  |
+-----+----------+-------------------------------+-------------+-------+------+
| 21  |   ----   |             ----              | Unavailable |  No   | 0.0  |
+-----+----------+-------------------------------+-------------+-------+------+
| 22  | 1.92e+05 |    22.0%, 0.0%, 3.0%, 1.0%    |  Duplicate  |  Yes  | 0.0  |
+-----+----------+-------------------------------+-------------+-------+------+
| 23  | 2.18e+05 |    22.0%, 0.0%, 3.0%, 1.0%    |  Duplicate  |  Yes  | 0.0  |
+-----+----------+-------------------------------+-------------+-------+------+
| 24  |   ----   |             ----              | Unavailable |  No   | 0.0  |
+-----+----------+-------------------------------+-------------+-------+------+
| 25  | 1.06e+05 |  24.0%, 29.0%, 13.0%, 11.0%   |  Finished   |  Yes  | 0.0  |
+-----+----------+-------------------------------+-------------+-------+------+
| 26  | 2.07e+04 |  3.0%, 233.0%, 141.0%, 94.0%  |  Finished   |  No   | 0.0  |
+-----+----------+-------------------------------+-------------+-------+------+
| 27  | 1.92e+05 |    22.0%, 0.0%, 3.0%, 1.0%    |  Finished   |  Yes  | 0.0  |
+-----+----------+-------------------------------+-------------+-------+------+
| 28  |   ----   |             ----              |   Timeout   |  No   | 0.0  |
+-----+----------+-------------------------------+-------------+-------+------+
| 29  | 2.73e+05 |  12.0%, 29.0%, 12.0%, 11.0%   |  Finished   |  Yes  | 0.0  |
+-----+----------+-------------------------------+-------------+-------+------+
| 30  | 1.95e+06 |    18.0%, 0.0%, 2.0%, 1.0%    |  Finished   |  Yes  | 0.0  |
+-----+----------+-------------------------------+-------------+-------+------+
| 31  | 1.92e+05 |    22.0%, 0.0%, 3.0%, 1.0%    |  Finished   |  Yes  | 0.0  |
+-----+----------+-------------------------------+-------------+-------+------+
| 32  | 1.14e+05 |  15.0%, 87.0%, 57.0%, 35.0%   |  Finished   |  Yes  | 0.0  |
+-----+----------+-------------------------------+-------------+-------+------+
| 33  |   ----   |             ----              | Unavailable |  No   | 0.0  |
+-----+----------+-------------------------------+-------------+-------+------+
| 34  | 1.79e+05 |    22.0%, 0.0%, 3.0%, 1.0%    |  Finished   |  Yes  | 0.0  |
+-----+----------+-------------------------------+-------------+-------+------+
| 35  |   ----   |             ----              | Unavailable |  No   | 0.0  |
+-----+----------+-------------------------------+-------------+-------+------+
| 36  | 2.07e+04 |  12.0%, 29.0%, 55.0%, 22.0%   |  Finished   |  Yes  | 0.0  |
+-----+----------+-------------------------------+-------------+-------+------+
| 37  | 2.18e+05 |    22.0%, 0.0%, 3.0%, 1.0%    |  Finished   |  Yes  | 0.0  |
+-----+----------+-------------------------------+-------------+-------+------+
| 38  |   ----   |             ----              | Unavailable |  No   | 0.0  |
+-----+----------+-------------------------------+-------------+-------+------+
| 39  | 1.06e+05 |  15.0%, 234.0%, 99.0%, 84.0%  |  Finished   |  No   | 0.0  |
+-----+----------+-------------------------------+-------------+-------+------+
| 40  | 2.11e+05 |    22.0%, 0.0%, 3.0%, 1.0%    |  Finished   |  Yes  | 0.0  |
+-----+----------+-------------------------------+-------------+-------+------+
| 41  | 2.18e+05 |    22.0%, 0.0%, 3.0%, 1.0%    |  Finished   |  Yes  | 0.0  |
+-----+----------+-------------------------------+-------------+-------+------+
| 42  |   ----   |             ----              | Unavailable |  No   | 0.0  |
+-----+----------+-------------------------------+-------------+-------+------+
| 43  | 5.89e+05 |    22.0%, 0.0%, 2.0%, 1.0%    |  Finished   |  Yes  | 0.0  |
+-----+----------+-------------------------------+-------------+-------+------+
| 44  |   ----   |             ----              | Unavailable |  No   | 0.0  |
+-----+----------+-------------------------------+-------------+-------+------+
| 45  | 1.85e+05 |    22.0%, 0.0%, 3.0%, 1.0%    |  Finished   |  Yes  | 0.0  |
+-----+----------+-------------------------------+-------------+-------+------+
| 46  | 1.92e+05 |    22.0%, 0.0%, 3.0%, 1.0%    |  Finished   |  Yes  | 0.0  |
+-----+----------+-------------------------------+-------------+-------+------+
| 47  | 1.00e+05 |  10.0%, 29.0%, 51.0%, 20.0%   |  Finished   |  Yes  | 0.0  |
+-----+----------+-------------------------------+-------------+-------+------+
| 48  | 2.11e+05 |    22.0%, 0.0%, 3.0%, 1.0%    |  Finished   |  Yes  | 0.0  |
+-----+----------+-------------------------------+-------------+-------+------+
| 49  | 2.18e+05 |    22.0%, 0.0%, 3.0%, 1.0%    |  Finished   |  Yes  | 0.0  |
+-----+----------+-------------------------------+-------------+-------+------+
| 50  | 1.07e+05 |  10.0%, 29.0%, 51.0%, 20.0%   |  Finished   |  Yes  | 0.0  |
+-----+----------+-------------------------------+-------------+-------+------+
| 51  | 5.10e+05 |  10.0%, 29.0%, 51.0%, 20.0%   |  Finished   |  Yes  | 0.0  |
+-----+----------+-------------------------------+-------------+-------+------+
| 52  |   ----   |             ----              | Unavailable |  No   | 0.0  |
+-----+----------+-------------------------------+-------------+-------+------+
| 53  |   ----   |             ----              | Unavailable |  No   | 0.0  |
+-----+----------+-------------------------------+-------------+-------+------+
| 54  | 1.06e+05 |  33.0%, 58.0%, 24.0%, 21.0%   |  Duplicate  |  Yes  | 0.0  |
+-----+----------+-------------------------------+-------------+-------+------+
| 55  | 2.05e+04 |  12.0%, 58.0%, 66.0%, 31.0%   |  Finished   |  Yes  | 0.0  |
+-----+----------+-------------------------------+-------------+-------+------+
| 56  | 1.79e+05 |    22.0%, 0.0%, 3.0%, 1.0%    |  Finished   |  Yes  | 0.0  |
+-----+----------+-------------------------------+-------------+-------+------+
| 57  | 1.06e+05 |  15.0%, 117.0%, 55.0%, 43.0%  |  Finished   |  No   | 0.0  |
+-----+----------+-------------------------------+-------------+-------+------+
| 58  | 1.86e+05 |    22.0%, 0.0%, 3.0%, 1.0%    |  Finished   |  Yes  | 0.0  |
+-----+----------+-------------------------------+-------------+-------+------+
| 59  | 1.85e+05 |    22.0%, 0.0%, 3.0%, 1.0%    |  Finished   |  Yes  | 0.0  |
+-----+----------+-------------------------------+-------------+-------+------+
| 60  | 1.92e+05 |    22.0%, 0.0%, 3.0%, 1.0%    |  Finished   |  Yes  | 0.0  |
+-----+----------+-------------------------------+-------------+-------+------+
| 61  | 1.31e+05 |    24.0%, 0.0%, 5.0%, 3.0%    |  Finished   |  Yes  | 0.0  |
+-----+----------+-------------------------------+-------------+-------+------+
| 62  |   ----   |             ----              | Unavailable |  No   | 0.0  |
+-----+----------+-------------------------------+-------------+-------+------+
| 63  | 1.92e+05 |    22.0%, 0.0%, 3.0%, 1.0%    |  Finished   |  Yes  | 0.0  |
+-----+----------+-------------------------------+-------------+-------+------+
| 64  | 9.86e+05 |  20.0%, 29.0%, 12.0%, 11.0%   |  Finished   |  Yes  | 0.0  |
+-----+----------+-------------------------------+-------------+-------+------+
| 65  | 2.11e+05 |    22.0%, 0.0%, 3.0%, 1.0%    |  Duplicate  |  Yes  | 0.0  |
+-----+----------+-------------------------------+-------------+-------+------+
| 66  | 3.52e+05 |    10.0%, 0.0%, 2.0%, 1.0%    |  Finished   |  Yes  | 0.0  |
+-----+----------+-------------------------------+-------------+-------+------+
| 67  | 1.19e+05 |    33.0%, 1.0%, 7.0%, 4.0%    |  Finished   |  Yes  | 0.0  |
+-----+----------+-------------------------------+-------------+-------+------+
| 68  | 1.06e+05 |  15.0%, 146.0%, 68.0%, 53.0%  |  Finished   |  No   | 0.0  |
+-----+----------+-------------------------------+-------------+-------+------+
| 69  |   ----   |             ----              | Unavailable |  No   | 0.0  |
+-----+----------+-------------------------------+-------------+-------+------+
| 70  | 2.18e+05 |    22.0%, 0.0%, 3.0%, 1.0%    |  Duplicate  |  Yes  | 0.0  |
+-----+----------+-------------------------------+-------------+-------+------+
| 71  | 1.19e+05 |   33.0%, 5.0%, 12.0%, 8.0%    |  Finished   |  Yes  | 0.0  |
+-----+----------+-------------------------------+-------------+-------+------+
| 72  | 1.92e+05 |    22.0%, 0.0%, 3.0%, 1.0%    |  Finished   |  Yes  | 0.0  |
+-----+----------+-------------------------------+-------------+-------+------+
| 73  | 3.42e+04 |  21.0%, 59.0%, 70.0%, 35.0%   |  Finished   |  Yes  | 0.0  |
+-----+----------+-------------------------------+-------------+-------+------+
| 74  |   ----   |             ----              | Unavailable |  No   | 0.0  |
+-----+----------+-------------------------------+-------------+-------+------+
| 75  | 1.92e+05 |    22.0%, 0.0%, 3.0%, 1.0%    |  Duplicate  |  Yes  | 0.0  |
+-----+----------+-------------------------------+-------------+-------+------+
| 76  | 1.21e+05 |   10.0%, 1.0%, 44.0%, 21.0%   |  Finished   |  Yes  | 0.0  |
+-----+----------+-------------------------------+-------------+-------+------+
| 77  |   ----   |             ----              |   Timeout   |  No   | 0.0  |
+-----+----------+-------------------------------+-------------+-------+------+
| 78  | 3.47e+04 |  12.0%, 30.0%, 55.0%, 31.0%   |  Finished   |  Yes  | 0.0  |
+-----+----------+-------------------------------+-------------+-------+------+
| 79  | 1.06e+05 |  24.0%, 29.0%, 13.0%, 11.0%   |  Finished   |  Yes  | 0.0  |
+-----+----------+-------------------------------+-------------+-------+------+
| 80  | 1.11e+05 |  15.0%, 29.0%, 23.0%, 13.0%   |  Finished   |  Yes  | 0.0  |
+-----+----------+-------------------------------+-------------+-------+------+
| 81  | 1.85e+05 |    22.0%, 0.0%, 3.0%, 1.0%    |  Finished   |  Yes  | 0.0  |
+-----+----------+-------------------------------+-------------+-------+------+
| 82  |   ----   |             ----              | Unavailable |  No   | 0.0  |
+-----+----------+-------------------------------+-------------+-------+------+
| 83  | 2.11e+05 |    22.0%, 0.0%, 3.0%, 1.0%    |  Finished   |  Yes  | 0.0  |
+-----+----------+-------------------------------+-------------+-------+------+
| 84  | 2.35e+05 |    22.0%, 0.0%, 2.0%, 1.0%    |  Finished   |  Yes  | 0.0  |
+-----+----------+-------------------------------+-------------+-------+------+
| 85  | 2.11e+05 |    22.0%, 0.0%, 3.0%, 1.0%    |  Duplicate  |  Yes  | 0.0  |
+-----+----------+-------------------------------+-------------+-------+------+
| 86  |   ----   |             ----              | Unavailable |  No   | 0.0  |
+-----+----------+-------------------------------+-------------+-------+------+
| 87  |   ----   |             ----              | Unavailable |  No   | 0.0  |
+-----+----------+-------------------------------+-------------+-------+------+
| 88  | 2.04e+04 |  21.0%, 116.0%, 89.0%, 53.0%  |  Finished   |  No   | 0.0  |
+-----+----------+-------------------------------+-------------+-------+------+
| 89  | 1.06e+05 |  24.0%, 29.0%, 13.0%, 11.0%   |  Finished   |  Yes  | 0.0  |
+-----+----------+-------------------------------+-------------+-------+------+
| 90  | 9.86e+05 |  10.0%, 29.0%, 51.0%, 20.0%   |  Finished   |  Yes  | 0.0  |
+-----+----------+-------------------------------+-------------+-------+------+
| 91  |   ----   |             ----              | Unavailable |  No   | 0.0  |
+-----+----------+-------------------------------+-------------+-------+------+
| 92  | 2.07e+04 |  3.0%, 116.0%, 97.0%, 53.0%   |  Finished   |  No   | 0.0  |
+-----+----------+-------------------------------+-------------+-------+------+
| 93  | 1.06e+05 |  15.0%, 117.0%, 55.0%, 43.0%  |  Finished   |  No   | 0.0  |
+-----+----------+-------------------------------+-------------+-------+------+
| 94  | 1.07e+06 |    18.0%, 0.0%, 2.0%, 1.0%    |  Finished   |  Yes  | 0.0  |
+-----+----------+-------------------------------+-------------+-------+------+
| 95  |   ----   |             ----              | Unavailable |  No   | 0.0  |
+-----+----------+-------------------------------+-------------+-------+------+
| 96  |   ----   |             ----              | Unavailable |  No   | 0.0  |
+-----+----------+-------------------------------+-------------+-------+------+
| 97  | 2.18e+05 |    22.0%, 0.0%, 3.0%, 1.0%    |  Finished   |  Yes  | 0.0  |
+-----+----------+-------------------------------+-------------+-------+------+
| 98  |   ----   |             ----              |   Timeout   |  No   | 0.0  |
+-----+----------+-------------------------------+-------------+-------+------+
| 99  | 1.19e+05 |   33.0%, 5.0%, 12.0%, 8.0%    |  Duplicate  |  Yes  | 0.0  |
+-----+----------+-------------------------------+-------------+-------+------+
| 100 | 1.86e+05 |    22.0%, 0.0%, 3.0%, 1.0%    |  Finished   |  Yes  | 0.0  |
+-----+----------+-------------------------------+-------------+-------+------+
| 101 |   ----   |             ----              | Unavailable |  No   | 0.0  |
+-----+----------+-------------------------------+-------------+-------+------+
| 102 | 2.05e+04 |  21.0%, 58.0%, 70.0%, 34.0%   |  Finished   |  Yes  | 0.0  |
+-----+----------+-------------------------------+-------------+-------+------+
| 103 | 5.10e+05 |  24.0%, 29.0%, 12.0%, 11.0%   |  Finished   |  Yes  | 0.0  |
+-----+----------+-------------------------------+-------------+-------+------+
| 104 | 2.18e+05 |    22.0%, 0.0%, 3.0%, 1.0%    |  Finished   |  Yes  | 0.0  |
+-----+----------+-------------------------------+-------------+-------+------+
| 105 | 2.93e+04 |  3.0%, 116.0%, 110.0%, 55.0%  |  Finished   |  No   | 0.0  |
+-----+----------+-------------------------------+-------------+-------+------+
| 106 | 2.18e+05 |    22.0%, 0.0%, 3.0%, 1.0%    |  Duplicate  |  Yes  | 0.0  |
+-----+----------+-------------------------------+-------------+-------+------+
| 107 | 1.92e+05 |    22.0%, 0.0%, 3.0%, 1.0%    |  Finished   |  Yes  | 0.0  |
+-----+----------+-------------------------------+-------------+-------+------+
| 108 | 1.92e+05 |    22.0%, 0.0%, 3.0%, 1.0%    |  Duplicate  |  Yes  | 0.0  |
+-----+----------+-------------------------------+-------------+-------+------+
| 109 | 1.19e+05 |    33.0%, 1.0%, 7.0%, 4.0%    |  Duplicate  |  Yes  | 0.0  |
+-----+----------+-------------------------------+-------------+-------+------+
| 110 | 1.86e+05 |    22.0%, 0.0%, 3.0%, 1.0%    |  Finished   |  Yes  | 0.0  |
+-----+----------+-------------------------------+-------------+-------+------+
| 111 |   ----   |             ----              | Unavailable |  No   | 0.0  |
+-----+----------+-------------------------------+-------------+-------+------+
| 112 | 1.07e+05 |  10.0%, 58.0%, 62.0%, 30.0%   |  Finished   |  Yes  | 0.0  |
+-----+----------+-------------------------------+-------------+-------+------+
| 113 | 1.07e+05 |  10.0%, 29.0%, 51.0%, 20.0%   |  Finished   |  Yes  | 0.0  |
+-----+----------+-------------------------------+-------------+-------+------+
| 114 |   ----   |             ----              | Unavailable |  No   | 0.0  |
+-----+----------+-------------------------------+-------------+-------+------+
| 115 |   ----   |             ----              | Unavailable |  No   | 0.0  |
+-----+----------+-------------------------------+-------------+-------+------+
| 116 |   ----   |             ----              | Unavailable |  No   | 0.0  |
+-----+----------+-------------------------------+-------------+-------+------+
| 117 | 1.92e+05 |    22.0%, 0.0%, 3.0%, 1.0%    |  Finished   |  Yes  | 0.0  |
+-----+----------+-------------------------------+-------------+-------+------+
| 118 | 1.14e+05 |  15.0%, 87.0%, 57.0%, 35.0%   |  Duplicate  |  Yes  | 0.0  |
+-----+----------+-------------------------------+-------------+-------+------+
| 119 | 1.92e+05 |    22.0%, 0.0%, 3.0%, 1.0%    |  Duplicate  |  Yes  | 0.0  |
+-----+----------+-------------------------------+-------------+-------+------+
| 120 | 1.06e+05 |  15.0%, 146.0%, 68.0%, 53.0%  |  Finished   |  No   | 0.0  |
+-----+----------+-------------------------------+-------------+-------+------+
| 121 |   ----   |             ----              | Unavailable |  No   | 0.0  |
+-----+----------+-------------------------------+-------------+-------+------+
| 122 | 1.86e+05 |    22.0%, 0.0%, 3.0%, 1.0%    |  Finished   |  Yes  | 0.0  |
+-----+----------+-------------------------------+-------------+-------+------+
| 123 | 1.00e+05 |  24.0%, 29.0%, 13.0%, 11.0%   |  Finished   |  Yes  | 0.0  |
+-----+----------+-------------------------------+-------------+-------+------+
| 124 | 2.18e+05 |    22.0%, 0.0%, 3.0%, 1.0%    |  Duplicate  |  Yes  | 0.0  |
+-----+----------+-------------------------------+-------------+-------+------+
| 125 | 1.92e+05 |    22.0%, 0.0%, 3.0%, 1.0%    |  Finished   |  Yes  | 0.0  |
+-----+----------+-------------------------------+-------------+-------+------+
| 126 | 3.45e+04 |  21.0%, 59.0%, 66.0%, 32.0%   |  Finished   |  Yes  | 0.0  |
+-----+----------+-------------------------------+-------------+-------+------+
| 127 |   ----   |             ----              | Unavailable |  No   | 0.0  |
+-----+----------+-------------------------------+-------------+-------+------+
| 128 | 1.92e+05 |    22.0%, 0.0%, 3.0%, 1.0%    |  Duplicate  |  Yes  | 0.0  |
+-----+----------+-------------------------------+-------------+-------+------+
| 129 | 1.92e+05 |    22.0%, 0.0%, 3.0%, 1.0%    |  Finished   |  Yes  | 0.0  |
+-----+----------+-------------------------------+-------------+-------+------+
| 130 |   ----   |             ----              | Unavailable |  No   | 0.0  |
+-----+----------+-------------------------------+-------------+-------+------+
| 131 | 1.86e+05 |    22.0%, 0.0%, 3.0%, 1.0%    |  Finished   |  Yes  | 0.0  |
+-----+----------+-------------------------------+-------------+-------+------+
| 132 |   ----   |             ----              | Unavailable |  No   | 0.0  |
+-----+----------+-------------------------------+-------------+-------+------+
| 133 | 1.86e+05 |    22.0%, 0.0%, 3.0%, 1.0%    |  Finished   |  Yes  | 0.0  |
+-----+----------+-------------------------------+-------------+-------+------+
| 134 | 1.11e+05 |  15.0%, 58.0%, 38.0%, 24.0%   |  Duplicate  |  Yes  | 0.0  |
+-----+----------+-------------------------------+-------------+-------+------+
| 135 | 1.86e+05 |    22.0%, 0.0%, 3.0%, 1.0%    |  Duplicate  |  Yes  | 0.0  |
+-----+----------+-------------------------------+-------------+-------+------+
| 136 | 1.07e+05 |  10.0%, 29.0%, 51.0%, 20.0%   |  Finished   |  Yes  | 0.0  |
+-----+----------+-------------------------------+-------------+-------+------+
| 137 | 1.06e+05 | 15.0%, 468.0%, 195.0%, 166.0% |  Finished   |  No   | 0.0  |
+-----+----------+-------------------------------+-------------+-------+------+
| 138 | 2.05e+04 |  21.0%, 58.0%, 70.0%, 34.0%   |  Finished   |  Yes  | 0.0  |
+-----+----------+-------------------------------+-------------+-------+------+
| 139 | 1.11e+05 |  15.0%, 58.0%, 38.0%, 24.0%   |  Finished   |  Yes  | 0.0  |
+-----+----------+-------------------------------+-------------+-------+------+
| 140 | 1.79e+05 |    22.0%, 0.0%, 3.0%, 1.0%    |  Finished   |  Yes  | 0.0  |
+-----+----------+-------------------------------+-------------+-------+------+
| 141 |   ----   |             ----              | Unavailable |  No   | 0.0  |
+-----+----------+-------------------------------+-------------+-------+------+
| 142 | 1.06e+05 | 15.0%, 292.0%, 123.0%, 104.0% |  Finished   |  No   | 0.0  |
+-----+----------+-------------------------------+-------------+-------+------+
| 143 |   ----   |             ----              | Unavailable |  No   | 0.0  |
+-----+----------+-------------------------------+-------------+-------+------+
| 144 | 2.18e+05 |    22.0%, 0.0%, 3.0%, 1.0%    |  Duplicate  |  Yes  | 0.0  |
+-----+----------+-------------------------------+-------------+-------+------+
| 145 | 1.24e+06 |    18.0%, 0.0%, 2.0%, 1.0%    |  Finished   |  Yes  | 0.0  |
+-----+----------+-------------------------------+-------------+-------+------+
| 146 | 2.05e+04 |  12.0%, 58.0%, 66.0%, 31.0%   |  Finished   |  Yes  | 0.0  |
+-----+----------+-------------------------------+-------------+-------+------+
| 147 | 2.18e+05 |    22.0%, 0.0%, 3.0%, 1.0%    |  Duplicate  |  Yes  | 0.0  |
+-----+----------+-------------------------------+-------------+-------+------+
| 148 | 2.11e+05 |    22.0%, 0.0%, 3.0%, 1.0%    |  Finished   |  Yes  | 0.0  |
+-----+----------+-------------------------------+-------------+-------+------+
| 149 | 1.86e+05 |    22.0%, 0.0%, 3.0%, 1.0%    |  Finished   |  Yes  | 0.0  |
+-----+----------+-------------------------------+-------------+-------+------+
| 150 |   ----   |             ----              | Unavailable |  No   | 0.0  |
+-----+----------+-------------------------------+-------------+-------+------+
| 151 | 2.18e+05 |    22.0%, 0.0%, 3.0%, 1.0%    |  Finished   |  Yes  | 0.0  |
+-----+----------+-------------------------------+-------------+-------+------+
| 152 | 1.06e+05 |  24.0%, 29.0%, 13.0%, 11.0%   |  Duplicate  |  Yes  | 0.0  |
+-----+----------+-------------------------------+-------------+-------+------+
| 153 | 1.85e+05 |    22.0%, 0.0%, 3.0%, 1.0%    |  Finished   |  Yes  | 0.0  |
+-----+----------+-------------------------------+-------------+-------+------+
| 154 | 1.92e+05 |    22.0%, 0.0%, 3.0%, 1.0%    |  Finished   |  Yes  | 0.0  |
+-----+----------+-------------------------------+-------------+-------+------+
| 155 | 1.79e+05 |    22.0%, 0.0%, 3.0%, 1.0%    |  Finished   |  Yes  | 0.0  |
+-----+----------+-------------------------------+-------------+-------+------+
| 156 | 2.18e+05 |    22.0%, 0.0%, 3.0%, 1.0%    |  Duplicate  |  Yes  | 0.0  |
+-----+----------+-------------------------------+-------------+-------+------+
| 157 |   ----   |             ----              | Unavailable |  No   | 0.0  |
+-----+----------+-------------------------------+-------------+-------+------+
| 158 |   ----   |             ----              |   Timeout   |  No   | 0.0  |
+-----+----------+-------------------------------+-------------+-------+------+
| 159 | 2.07e+04 |  12.0%, 29.0%, 55.0%, 22.0%   |  Finished   |  Yes  | 0.0  |
+-----+----------+-------------------------------+-------------+-------+------+
| 160 | 2.73e+05 |  10.0%, 29.0%, 51.0%, 20.0%   |  Finished   |  Yes  | 0.0  |
+-----+----------+-------------------------------+-------------+-------+------+
| 161 | 1.12e+06 |    18.0%, 0.0%, 2.0%, 1.0%    |  Finished   |  Yes  | 0.0  |
+-----+----------+-------------------------------+-------------+-------+------+
| 162 | 2.18e+05 |    22.0%, 0.0%, 3.0%, 1.0%    |  Finished   |  Yes  | 0.0  |
+-----+----------+-------------------------------+-------------+-------+------+
| 163 | 2.18e+05 |    22.0%, 0.0%, 3.0%, 1.0%    |  Finished   |  Yes  | 0.0  |
+-----+----------+-------------------------------+-------------+-------+------+
| 164 | 1.06e+05 | 15.0%, 292.0%, 123.0%, 104.0% |  Finished   |  No   | 0.0  |
+-----+----------+-------------------------------+-------------+-------+------+
| 165 | 1.86e+05 |    22.0%, 0.0%, 3.0%, 1.0%    |  Finished   |  Yes  | 0.0  |
+-----+----------+-------------------------------+-------------+-------+------+
| 166 | 1.06e+05 |  24.0%, 29.0%, 13.0%, 11.0%   |  Finished   |  Yes  | 0.0  |
+-----+----------+-------------------------------+-------------+-------+------+
| 167 | 1.92e+05 |    22.0%, 0.0%, 3.0%, 1.0%    |  Duplicate  |  Yes  | 0.0  |
+-----+----------+-------------------------------+-------------+-------+------+
| 168 | 1.92e+05 |    22.0%, 0.0%, 3.0%, 1.0%    |  Finished   |  Yes  | 0.0  |
+-----+----------+-------------------------------+-------------+-------+------+
| 169 | 2.18e+05 |    22.0%, 0.0%, 3.0%, 1.0%    |  Duplicate  |  Yes  | 0.0  |
+-----+----------+-------------------------------+-------------+-------+------+
| 170 | 1.47e+06 |    18.0%, 0.0%, 2.0%, 1.0%    |  Finished   |  Yes  | 0.0  |
+-----+----------+-------------------------------+-------------+-------+------+
| 171 | 2.18e+05 |    22.0%, 0.0%, 3.0%, 1.0%    |  Finished   |  Yes  | 0.0  |
+-----+----------+-------------------------------+-------------+-------+------+
| 172 | 2.57e+04 |  3.0%, 116.0%, 97.0%, 53.0%   |  Finished   |  No   | 0.0  |
+-----+----------+-------------------------------+-------------+-------+------+
| 173 |   ----   |             ----              |   Timeout   |  No   | 0.0  |
+-----+----------+-------------------------------+-------------+-------+------+
| 174 | 1.56e+05 |  24.0%, 29.0%, 13.0%, 11.0%   |  Finished   |  Yes  | 0.0  |
+-----+----------+-------------------------------+-------------+-------+------+
| 175 | 1.85e+05 |    22.0%, 0.0%, 3.0%, 1.0%    |  Finished   |  Yes  | 0.0  |
+-----+----------+-------------------------------+-------------+-------+------+
| 176 | 2.18e+05 |    22.0%, 0.0%, 3.0%, 1.0%    |  Finished   |  Yes  | 0.0  |
+-----+----------+-------------------------------+-------------+-------+------+
| 177 | 1.92e+05 |    22.0%, 0.0%, 3.0%, 1.0%    |  Finished   |  Yes  | 0.0  |
+-----+----------+-------------------------------+-------------+-------+------+
| 178 |   ----   |             ----              | Unavailable |  No   | 0.0  |
+-----+----------+-------------------------------+-------------+-------+------+
| 179 | 1.06e+05 |  15.0%, 234.0%, 99.0%, 84.0%  |  Finished   |  No   | 0.0  |
+-----+----------+-------------------------------+-------------+-------+------+
| 180 | 1.07e+05 |  10.0%, 58.0%, 62.0%, 30.0%   |  Finished   |  Yes  | 0.0  |
+-----+----------+-------------------------------+-------------+-------+------+
| 181 |   ----   |             ----              |   Timeout   |  No   | 0.0  |
+-----+----------+-------------------------------+-------------+-------+------+
| 182 | 2.18e+05 |    22.0%, 0.0%, 3.0%, 1.0%    |  Duplicate  |  Yes  | 0.0  |
+-----+----------+-------------------------------+-------------+-------+------+
| 183 | 1.86e+05 |    22.0%, 0.0%, 3.0%, 1.0%    |  Duplicate  |  Yes  | 0.0  |
+-----+----------+-------------------------------+-------------+-------+------+
| 184 |   ----   |             ----              | Unavailable |  No   | 0.0  |
+-----+----------+-------------------------------+-------------+-------+------+
| 185 |   ----   |             ----              | Unavailable |  No   | 0.0  |
+-----+----------+-------------------------------+-------------+-------+------+
| 186 |   ----   |             ----              |   Timeout   |  No   | 0.0  |
+-----+----------+-------------------------------+-------------+-------+------+
| 187 | 1.92e+05 |    22.0%, 0.0%, 3.0%, 1.0%    |  Duplicate  |  Yes  | 0.0  |
+-----+----------+-------------------------------+-------------+-------+------+
| 188 | 1.85e+05 |    22.0%, 0.0%, 3.0%, 1.0%    |  Finished   |  Yes  | 0.0  |
+-----+----------+-------------------------------+-------------+-------+------+
| 189 | 2.18e+05 |    22.0%, 0.0%, 3.0%, 1.0%    |  Finished   |  Yes  | 0.0  |
+-----+----------+-------------------------------+-------------+-------+------+
| 190 |   ----   |             ----              | Unavailable |  No   | 0.0  |
+-----+----------+-------------------------------+-------------+-------+------+
| 191 | 1.86e+05 |    22.0%, 0.0%, 3.0%, 1.0%    |  Finished   |  Yes  | 0.0  |
+-----+----------+-------------------------------+-------------+-------+------+
| 192 |   ----   |             ----              |   Timeout   |  No   | 0.0  |
+-----+----------+-------------------------------+-------------+-------+------+
| 193 |   ----   |             ----              | Unavailable |  No   | 0.0  |
+-----+----------+-------------------------------+-------------+-------+------+
| 194 |   ----   |             ----              | Unavailable |  No   | 0.0  |
+-----+----------+-------------------------------+-------------+-------+------+
| 195 |   ----   |             ----              | Unavailable |  No   | 0.0  |
+-----+----------+-------------------------------+-------------+-------+------+
| 196 | 2.18e+05 |    22.0%, 0.0%, 3.0%, 1.0%    |  Finished   |  Yes  | 0.0  |
+-----+----------+-------------------------------+-------------+-------+------+
| 197 |   ----   |             ----              | Unavailable |  No   | 0.0  |
+-----+----------+-------------------------------+-------------+-------+------+
| 198 | 1.06e+05 |  33.0%, 58.0%, 24.0%, 21.0%   |  Duplicate  |  Yes  | 0.0  |
+-----+----------+-------------------------------+-------------+-------+------+
| 199 |   ----   |             ----              | Unavailable |  No   | 0.0  |
+-----+----------+-------------------------------+-------------+-------+------+
| 200 | 1.92e+05 |    22.0%, 0.0%, 3.0%, 1.0%    |  Finished   |  Yes  | 0.0  |
+-----+----------+-------------------------------+-------------+-------+------+

Explored Points
+-----+-----------+-----------+-----------+-----------+-----------+----------+----------+----------+
| ID  | __PARA__L | __PARA__L | __PARA__L | __PARA__L | __PIPE__L | __PIPE__ | __TILE__ | __TILE__ |
|     |     0     |     1     |     2     |     3     |     0     |    L1    |    L0    |    L1    |
+=====+===========+===========+===========+===========+===========+==========+==========+==========+
|  0  |    16     |    400    |    16     |    16     |    off    |   off    |    1     |    1     |
+-----+-----------+-----------+-----------+-----------+-----------+----------+----------+----------+
|  1  |    16     |    16     |    16     |    16     |    off    |          |    1     |    25    |
+-----+-----------+-----------+-----------+-----------+-----------+----------+----------+----------+
|  2  |    16     |     8     |    16     |     1     |           | flatten  |    1     |    1     |
+-----+-----------+-----------+-----------+-----------+-----------+----------+----------+----------+
|  3  |     2     |     1     |     1     |     1     |  flatten  | flatten  |    1     |    1     |
+-----+-----------+-----------+-----------+-----------+-----------+----------+----------+----------+
|  4  |    16     |     4     |    16     |     1     |           | flatten  |    1     |    1     |
+-----+-----------+-----------+-----------+-----------+-----------+----------+----------+----------+
|  5  |    16     |     1     |    16     |    16     |           |   off    |    25    |    16    |
+-----+-----------+-----------+-----------+-----------+-----------+----------+----------+----------+
|  6  |    16     |     1     |    16     |    16     |    off    |   off    |    1     |    16    |
+-----+-----------+-----------+-----------+-----------+-----------+----------+----------+----------+
|  7  |     2     |    16     |     1     |    16     |  flatten  |          |   200    |    1     |
+-----+-----------+-----------+-----------+-----------+-----------+----------+----------+----------+
|  8  |    16     |     1     |    16     |    16     |    off    |          |    1     |    80    |
+-----+-----------+-----------+-----------+-----------+-----------+----------+----------+----------+
|  9  |    16     |     1     |     1     |     1     |  flatten  | flatten  |    1     |    1     |
+-----+-----------+-----------+-----------+-----------+-----------+----------+----------+----------+
| 10  |    16     |     1     |    16     |    16     |           |          |    5     |    16    |
+-----+-----------+-----------+-----------+-----------+-----------+----------+----------+----------+
| 11  |    16     |    80     |    16     |    16     |    off    |   off    |    25    |    1     |
+-----+-----------+-----------+-----------+-----------+-----------+----------+----------+----------+
| 12  |    16     |     2     |    16     |     1     |           | flatten  |    25    |    1     |
+-----+-----------+-----------+-----------+-----------+-----------+----------+----------+----------+
| 13  |    16     |    80     |    16     |    16     |           |          |    1     |    1     |
+-----+-----------+-----------+-----------+-----------+-----------+----------+----------+----------+
| 14  |    16     |    80     |    16     |    16     |    off    |   off    |    5     |    5     |
+-----+-----------+-----------+-----------+-----------+-----------+----------+----------+----------+
| 15  |    16     |    16     |    16     |     1     |           | flatten  |    1     |    1     |
+-----+-----------+-----------+-----------+-----------+-----------+----------+----------+----------+
| 16  |     2     |    16     |     1     |    16     |  flatten  |          |    1     |    1     |
+-----+-----------+-----------+-----------+-----------+-----------+----------+----------+----------+
| 17  |    16     |    16     |    16     |    16     |    off    |          |    5     |    1     |
+-----+-----------+-----------+-----------+-----------+-----------+----------+----------+----------+
| 18  |     2     |    16     |     1     |     1     |  flatten  | flatten  |    1     |    1     |
+-----+-----------+-----------+-----------+-----------+-----------+----------+----------+----------+
| 19  |     1     |     1     |     8     |     1     |    off    | flatten  |    1     |    1     |
+-----+-----------+-----------+-----------+-----------+-----------+----------+----------+----------+
| 20  |    16     |     1     |    16     |    16     |    off    |   off    |    5     |   400    |
+-----+-----------+-----------+-----------+-----------+-----------+----------+----------+----------+
| 21  |    16     |     1     |    16     |    16     |    off    |   off    |    5     |    16    |
+-----+-----------+-----------+-----------+-----------+-----------+----------+----------+----------+
| 22  |    16     |    16     |    16     |    16     |           |          |    25    |    25    |
+-----+-----------+-----------+-----------+-----------+-----------+----------+----------+----------+
| 23  |    16     |    80     |    16     |    16     |           |   off    |    25    |    5     |
+-----+-----------+-----------+-----------+-----------+-----------+----------+----------+----------+
| 24  |    16     |    400    |    16     |    16     |    off    |   off    |    5     |    1     |
+-----+-----------+-----------+-----------+-----------+-----------+----------+----------+----------+
| 25  |     1     |    16     |     1     |    16     |  flatten  |          |   400    |    1     |
+-----+-----------+-----------+-----------+-----------+-----------+----------+----------+----------+
| 26  |     8     |     1     |     1     |     1     |  flatten  | flatten  |    1     |    1     |
+-----+-----------+-----------+-----------+-----------+-----------+----------+----------+----------+
| 27  |    16     |     1     |    16     |    16     |           |   off    |    1     |    16    |
+-----+-----------+-----------+-----------+-----------+-----------+----------+----------+----------+
| 28  |     1     |     2     |     1     |     1     |  flatten  | flatten  |   400    |    80    |
+-----+-----------+-----------+-----------+-----------+-----------+----------+----------+----------+
| 29  |     1     |     1     |     1     |     4     |  flatten  |   off    |    1     |    1     |
+-----+-----------+-----------+-----------+-----------+-----------+----------+----------+----------+
| 30  |     1     |     1     |     1     |     1     |    off    |   off    |    1     |    1     |
+-----+-----------+-----------+-----------+-----------+-----------+----------+----------+----------+
| 31  |    16     |     1     |    16     |    16     |    off    |          |    1     |    16    |
+-----+-----------+-----------+-----------+-----------+-----------+----------+----------+----------+
| 32  |     2     |    16     |     1     |    16     |  flatten  |          |    80    |    1     |
+-----+-----------+-----------+-----------+-----------+-----------+----------+----------+----------+
| 33  |     2     |     8     |     1     |     1     |  flatten  | flatten  |    1     |    1     |
+-----+-----------+-----------+-----------+-----------+-----------+----------+----------+----------+
| 34  |     1     |    400    |    16     |    16     |    off    |   off    |   400    |    1     |
+-----+-----------+-----------+-----------+-----------+-----------+----------+----------+----------+
| 35  |    16     |    80     |    16     |    16     |           |          |    5     |    5     |
+-----+-----------+-----------+-----------+-----------+-----------+----------+----------+----------+
| 36  |     1     |     1     |     1     |     1     |  flatten  | flatten  |   400    |   400    |
+-----+-----------+-----------+-----------+-----------+-----------+----------+----------+----------+
| 37  |    16     |    80     |    16     |    16     |    off    |   off    |    1     |    5     |
+-----+-----------+-----------+-----------+-----------+-----------+----------+----------+----------+
| 38  |    16     |    80     |    16     |    16     |    off    |   off    |    5     |    1     |
+-----+-----------+-----------+-----------+-----------+-----------+----------+----------+----------+
| 39  |     8     |    16     |     1     |    16     |  flatten  |          |    1     |    25    |
+-----+-----------+-----------+-----------+-----------+-----------+----------+----------+----------+
| 40  |     1     |    80     |    16     |    16     |    off    |   off    |   400    |    5     |
+-----+-----------+-----------+-----------+-----------+-----------+----------+----------+----------+
| 41  |    16     |    80     |    16     |    16     |    off    |   off    |    1     |    1     |
+-----+-----------+-----------+-----------+-----------+-----------+----------+----------+----------+
| 42  |    16     |    80     |    16     |    16     |           |   off    |    5     |    5     |
+-----+-----------+-----------+-----------+-----------+-----------+----------+----------+----------+
| 43  |     1     |     1     |    16     |     2     |    off    |   off    |    1     |    1     |
+-----+-----------+-----------+-----------+-----------+-----------+----------+----------+----------+
| 44  |    16     |    16     |    16     |    16     |           |   off    |    5     |    1     |
+-----+-----------+-----------+-----------+-----------+-----------+----------+----------+----------+
| 45  |     1     |    16     |    16     |    16     |    off    |          |   400    |    1     |
+-----+-----------+-----------+-----------+-----------+-----------+----------+----------+----------+
| 46  |    16     |    16     |    16     |    16     |           |          |    1     |    25    |
+-----+-----------+-----------+-----------+-----------+-----------+----------+----------+----------+
| 47  |     1     |     1     |    16     |     1     |    off    | flatten  |    1     |    1     |
+-----+-----------+-----------+-----------+-----------+-----------+----------+----------+----------+
| 48  |     1     |    80     |    16     |    16     |    off    |          |   400    |    1     |
+-----+-----------+-----------+-----------+-----------+-----------+----------+----------+----------+
| 49  |    16     |     1     |    16     |    16     |    off    |   off    |    25    |    80    |
+-----+-----------+-----------+-----------+-----------+-----------+----------+----------+----------+
| 50  |    16     |     1     |    16     |     1     |    off    | flatten  |    1     |    1     |
+-----+-----------+-----------+-----------+-----------+-----------+----------+----------+----------+
| 51  |     1     |     1     |     2     |     1     |    off    | flatten  |    1     |    1     |
+-----+-----------+-----------+-----------+-----------+-----------+----------+----------+----------+
| 52  |    16     |    16     |    16     |    16     |    off    |          |    5     |    25    |
+-----+-----------+-----------+-----------+-----------+-----------+----------+----------+----------+
| 53  |    16     |     1     |    16     |    16     |    off    |   off    |    5     |    1     |
+-----+-----------+-----------+-----------+-----------+-----------+----------+----------+----------+
| 54  |     2     |    16     |     1     |    16     |  flatten  |          |   200    |    25    |
+-----+-----------+-----------+-----------+-----------+-----------+----------+----------+----------+
| 55  |     1     |     2     |     1     |     1     |  flatten  | flatten  |   400    |   200    |
+-----+-----------+-----------+-----------+-----------+-----------+----------+----------+----------+
| 56  |     1     |     1     |    16     |    16     |    off    |   off    |   400    |    1     |
+-----+-----------+-----------+-----------+-----------+-----------+----------+----------+----------+
| 57  |     4     |    16     |     1     |    16     |  flatten  |          |    1     |    25    |
+-----+-----------+-----------+-----------+-----------+-----------+----------+----------+----------+
| 58  |    16     |    400    |    16     |    16     |           |   off    |    1     |    1     |
+-----+-----------+-----------+-----------+-----------+-----------+----------+----------+----------+
| 59  |     1     |    16     |    16     |    16     |    off    |   off    |   400    |    25    |
+-----+-----------+-----------+-----------+-----------+-----------+----------+----------+----------+
| 60  |    16     |    16     |    16     |    16     |           |          |    1     |    1     |
+-----+-----------+-----------+-----------+-----------+-----------+----------+----------+----------+
| 61  |     1     |    16     |     1     |    16     |  flatten  |          |    16    |    25    |
+-----+-----------+-----------+-----------+-----------+-----------+----------+----------+----------+
| 62  |    400    |    16     |     1     |    16     |  flatten  |          |    1     |    1     |
+-----+-----------+-----------+-----------+-----------+-----------+----------+----------+----------+
| 63  |    16     |    16     |    16     |    16     |           |   off    |    25    |    1     |
+-----+-----------+-----------+-----------+-----------+-----------+----------+----------+----------+
| 64  |     1     |     1     |     1     |     1     |  flatten  |   off    |    1     |    1     |
+-----+-----------+-----------+-----------+-----------+-----------+----------+----------+----------+
| 65  |     1     |    80     |    16     |    16     |    off    |          |   400    |    5     |
+-----+-----------+-----------+-----------+-----------+-----------+----------+----------+----------+
| 66  |     1     |     1     |    16     |     4     |    off    |   off    |    1     |    1     |
+-----+-----------+-----------+-----------+-----------+-----------+----------+----------+----------+
| 67  |     2     |    16     |     1     |    16     |  flatten  |          |    8     |    1     |
+-----+-----------+-----------+-----------+-----------+-----------+----------+----------+----------+
| 68  |     5     |    16     |     1     |    16     |  flatten  |          |    1     |    1     |
+-----+-----------+-----------+-----------+-----------+-----------+----------+----------+----------+
| 69  |    50     |    16     |     1     |    16     |  flatten  |          |    1     |    1     |
+-----+-----------+-----------+-----------+-----------+-----------+----------+----------+----------+
| 70  |    16     |    80     |    16     |    16     |    off    |          |    25    |    5     |
+-----+-----------+-----------+-----------+-----------+-----------+----------+----------+----------+
| 71  |     2     |    16     |     1     |    16     |  flatten  |          |    16    |    1     |
+-----+-----------+-----------+-----------+-----------+-----------+----------+----------+----------+
| 72  |    16     |    16     |    16     |    16     |    off    |   off    |    1     |    25    |
+-----+-----------+-----------+-----------+-----------+-----------+----------+----------+----------+
| 73  |     2     |     2     |     1     |     1     |  flatten  | flatten  |    16    |    1     |
+-----+-----------+-----------+-----------+-----------+-----------+----------+----------+----------+
| 74  |    16     |     1     |    16     |    16     |           |   off    |    5     |    80    |
+-----+-----------+-----------+-----------+-----------+-----------+----------+----------+----------+
| 75  |    16     |    16     |    16     |    16     |    off    |   off    |    25    |    25    |
+-----+-----------+-----------+-----------+-----------+-----------+----------+----------+----------+
| 76  |    16     |     2     |    16     |     1     |           | flatten  |    25    |    8     |
+-----+-----------+-----------+-----------+-----------+-----------+----------+----------+----------+
| 77  |    200    |    16     |     1     |    16     |  flatten  |          |    1     |    25    |
+-----+-----------+-----------+-----------+-----------+-----------+----------+----------+----------+
| 78  |     1     |     2     |     1     |     1     |  flatten  | flatten  |   400    |    8     |
+-----+-----------+-----------+-----------+-----------+-----------+----------+----------+----------+
| 79  |     1     |    16     |     1     |    16     |  flatten  |          |    1     |    25    |
+-----+-----------+-----------+-----------+-----------+-----------+----------+----------+----------+
| 80  |     1     |    16     |     1     |    16     |  flatten  |          |    80    |    25    |
+-----+-----------+-----------+-----------+-----------+-----------+----------+----------+----------+
| 81  |     1     |     1     |    16     |    16     |    off    |          |   400    |    16    |
+-----+-----------+-----------+-----------+-----------+-----------+----------+----------+----------+
| 82  |    16     |    80     |    16     |    16     |    off    |          |    5     |    5     |
+-----+-----------+-----------+-----------+-----------+-----------+----------+----------+----------+
| 83  |     1     |     1     |    16     |    16     |    off    |   off    |   400    |    80    |
+-----+-----------+-----------+-----------+-----------+-----------+----------+----------+----------+
| 84  |     1     |     1     |    16     |     8     |    off    |   off    |    1     |    1     |
+-----+-----------+-----------+-----------+-----------+-----------+----------+----------+----------+
| 85  |     1     |    80     |    16     |    16     |    off    |   off    |   400    |    1     |
+-----+-----------+-----------+-----------+-----------+-----------+----------+----------+----------+
| 86  |    16     |     1     |    16     |    16     |    off    |          |    5     |    16    |
+-----+-----------+-----------+-----------+-----------+-----------+----------+----------+----------+
| 87  |    400    |    16     |     1     |    16     |  flatten  |          |    1     |    25    |
+-----+-----------+-----------+-----------+-----------+-----------+----------+----------+----------+
| 88  |     2     |     4     |     1     |     1     |  flatten  | flatten  |    1     |    1     |
+-----+-----------+-----------+-----------+-----------+-----------+----------+----------+----------+
| 89  |     1     |    16     |     1     |    16     |  flatten  |   off    |    1     |    1     |
+-----+-----------+-----------+-----------+-----------+-----------+----------+----------+----------+
| 90  |     1     |     1     |     1     |     1     |    off    | flatten  |    1     |    1     |
+-----+-----------+-----------+-----------+-----------+-----------+----------+----------+----------+
| 91  |    80     |    16     |     1     |    16     |  flatten  |          |    1     |    25    |
+-----+-----------+-----------+-----------+-----------+-----------+----------+----------+----------+
| 92  |     4     |     1     |     1     |     1     |  flatten  | flatten  |    1     |    1     |
+-----+-----------+-----------+-----------+-----------+-----------+----------+----------+----------+
| 93  |     4     |    16     |     1     |    16     |  flatten  |          |    1     |    1     |
+-----+-----------+-----------+-----------+-----------+-----------+----------+----------+----------+
| 94  |     1     |     1     |    16     |     1     |    off    |   off    |    1     |    1     |
+-----+-----------+-----------+-----------+-----------+-----------+----------+----------+----------+
| 95  |    16     |    16     |    16     |    16     |           |          |    5     |    25    |
+-----+-----------+-----------+-----------+-----------+-----------+----------+----------+----------+
| 96  |    16     |    80     |    16     |    16     |           |          |    5     |    1     |
+-----+-----------+-----------+-----------+-----------+-----------+----------+----------+----------+
| 97  |    16     |    80     |    16     |    16     |           |   off    |    1     |    1     |
+-----+-----------+-----------+-----------+-----------+-----------+----------+----------+----------+
| 98  |     1     |     2     |     1     |     1     |  flatten  | flatten  |   400    |    16    |
+-----+-----------+-----------+-----------+-----------+-----------+----------+----------+----------+
| 99  |     2     |    16     |     1     |    16     |  flatten  |          |    16    |    25    |
+-----+-----------+-----------+-----------+-----------+-----------+----------+----------+----------+
| 100 |    16     |    400    |    16     |    16     |    off    |   off    |    25    |    1     |
+-----+-----------+-----------+-----------+-----------+-----------+----------+----------+----------+
| 101 |    40     |    16     |     1     |    16     |  flatten  |          |    1     |    1     |
+-----+-----------+-----------+-----------+-----------+-----------+----------+----------+----------+
| 102 |     2     |     2     |     1     |     1     |  flatten  | flatten  |    1     |    1     |
+-----+-----------+-----------+-----------+-----------+-----------+----------+----------+----------+
| 103 |     1     |     1     |     1     |     2     |  flatten  |   off    |    1     |    1     |
+-----+-----------+-----------+-----------+-----------+-----------+----------+----------+----------+
| 104 |    16     |     1     |    16     |    16     |    off    |          |    25    |    80    |
+-----+-----------+-----------+-----------+-----------+-----------+----------+----------+----------+
| 105 |     2     |     2     |     1     |     1     |  flatten  | flatten  |    80    |    1     |
+-----+-----------+-----------+-----------+-----------+-----------+----------+----------+----------+
| 106 |    16     |    80     |    16     |    16     |           |          |    1     |    5     |
+-----+-----------+-----------+-----------+-----------+-----------+----------+----------+----------+
| 107 |    16     |    16     |    16     |    16     |    off    |   off    |    25    |    1     |
+-----+-----------+-----------+-----------+-----------+-----------+----------+----------+----------+
| 108 |    16     |    16     |    16     |    16     |           |   off    |    25    |    25    |
+-----+-----------+-----------+-----------+-----------+-----------+----------+----------+----------+
| 109 |     2     |    16     |     1     |    16     |  flatten  |          |    8     |    25    |
+-----+-----------+-----------+-----------+-----------+-----------+----------+----------+----------+
| 110 |    16     |     1     |    16     |    16     |    off    |   off    |    25    |    1     |
+-----+-----------+-----------+-----------+-----------+-----------+----------+----------+----------+
| 111 |    40     |    16     |     1     |    16     |  flatten  |          |    1     |    25    |
+-----+-----------+-----------+-----------+-----------+-----------+----------+----------+----------+
| 112 |    16     |     2     |    16     |     1     |           | flatten  |    1     |    1     |
+-----+-----------+-----------+-----------+-----------+-----------+----------+----------+----------+
| 113 |    16     |     1     |    16     |     1     |           | flatten  |    25    |   400    |
+-----+-----------+-----------+-----------+-----------+-----------+----------+----------+----------+
| 114 |    16     |    16     |    16     |    16     |    off    |   off    |    5     |    1     |
+-----+-----------+-----------+-----------+-----------+-----------+----------+----------+----------+
| 115 |    16     |     1     |    16     |    16     |           |   off    |    5     |    16    |
+-----+-----------+-----------+-----------+-----------+-----------+----------+----------+----------+
| 116 |    25     |    16     |     1     |    16     |  flatten  |          |    1     |    25    |
+-----+-----------+-----------+-----------+-----------+-----------+----------+----------+----------+
| 117 |    16     |     1     |    16     |    16     |           |          |    1     |    16    |
+-----+-----------+-----------+-----------+-----------+-----------+----------+----------+----------+
| 118 |     2     |    16     |     1     |    16     |  flatten  |          |    80    |    25    |
+-----+-----------+-----------+-----------+-----------+-----------+----------+----------+----------+
| 119 |    16     |     1     |    16     |    16     |    off    |   off    |    25    |    16    |
+-----+-----------+-----------+-----------+-----------+-----------+----------+----------+----------+
| 120 |     5     |    16     |     1     |    16     |  flatten  |          |    1     |    25    |
+-----+-----------+-----------+-----------+-----------+-----------+----------+----------+----------+
| 121 |    16     |    16     |    16     |    16     |    off    |   off    |    5     |    25    |
+-----+-----------+-----------+-----------+-----------+-----------+----------+----------+----------+
| 122 |    16     |    400    |    16     |    16     |           |   off    |    25    |    1     |
+-----+-----------+-----------+-----------+-----------+-----------+----------+----------+----------+
| 123 |     1     |     1     |     1     |    16     |  flatten  |   off    |    1     |    1     |
+-----+-----------+-----------+-----------+-----------+-----------+----------+----------+----------+
| 124 |    16     |    80     |    16     |    16     |    off    |          |    1     |    5     |
+-----+-----------+-----------+-----------+-----------+-----------+----------+----------+----------+
| 125 |    16     |    16     |    16     |    16     |    off    |          |    1     |    1     |
+-----+-----------+-----------+-----------+-----------+-----------+----------+----------+----------+
| 126 |     2     |     2     |     1     |     1     |  flatten  | flatten  |    8     |    1     |
+-----+-----------+-----------+-----------+-----------+-----------+----------+----------+----------+
| 127 |    16     |    80     |    16     |    16     |    off    |          |    5     |    1     |
+-----+-----------+-----------+-----------+-----------+-----------+----------+----------+----------+
| 128 |    16     |     1     |    16     |    16     |    off    |          |    25    |    16    |
+-----+-----------+-----------+-----------+-----------+-----------+----------+----------+----------+
| 129 |    16     |    16     |    16     |    16     |    off    |          |    25    |    1     |
+-----+-----------+-----------+-----------+-----------+-----------+----------+----------+----------+
| 130 |    16     |    16     |    16     |    16     |           |          |    5     |    1     |
+-----+-----------+-----------+-----------+-----------+-----------+----------+----------+----------+
| 131 |    16     |     1     |    16     |    16     |    off    |   off    |    1     |   400    |
+-----+-----------+-----------+-----------+-----------+-----------+----------+----------+----------+
| 132 |    25     |    16     |     1     |    16     |  flatten  |          |    1     |    1     |
+-----+-----------+-----------+-----------+-----------+-----------+----------+----------+----------+
| 133 |    16     |     1     |    16     |    16     |           |   off    |    1     |   400    |
+-----+-----------+-----------+-----------+-----------+-----------+----------+----------+----------+
| 134 |     2     |    16     |     1     |    16     |  flatten  |          |    40    |    25    |
+-----+-----------+-----------+-----------+-----------+-----------+----------+----------+----------+
| 135 |    16     |     1     |    16     |    16     |    off    |   off    |    25    |   400    |
+-----+-----------+-----------+-----------+-----------+-----------+----------+----------+----------+
| 136 |    16     |     1     |    16     |     1     |           | flatten  |    1     |    1     |
+-----+-----------+-----------+-----------+-----------+-----------+----------+----------+----------+
| 137 |    16     |    16     |     1     |    16     |  flatten  |          |    1     |    1     |
+-----+-----------+-----------+-----------+-----------+-----------+----------+----------+----------+
| 138 |     2     |     2     |     1     |     1     |  flatten  | flatten  |   200    |    1     |
+-----+-----------+-----------+-----------+-----------+-----------+----------+----------+----------+
| 139 |     2     |    16     |     1     |    16     |  flatten  |          |    40    |    1     |
+-----+-----------+-----------+-----------+-----------+-----------+----------+----------+----------+
| 140 |     1     |     1     |    16     |    16     |    off    |   off    |    1     |    1     |
+-----+-----------+-----------+-----------+-----------+-----------+----------+----------+----------+
| 141 |    20     |    16     |     1     |    16     |  flatten  |          |    1     |    1     |
+-----+-----------+-----------+-----------+-----------+-----------+----------+----------+----------+
| 142 |    10     |    16     |     1     |    16     |  flatten  |          |    1     |    1     |
+-----+-----------+-----------+-----------+-----------+-----------+----------+----------+----------+
| 143 |    50     |    16     |     1     |    16     |  flatten  |          |    1     |    25    |
+-----+-----------+-----------+-----------+-----------+-----------+----------+----------+----------+
| 144 |    16     |    80     |    16     |    16     |           |          |    25    |    5     |
+-----+-----------+-----------+-----------+-----------+-----------+----------+----------+----------+
| 145 |     1     |     1     |     4     |     1     |    off    |   off    |    1     |    1     |
+-----+-----------+-----------+-----------+-----------+-----------+----------+----------+----------+
| 146 |     1     |     2     |     1     |     1     |  flatten  | flatten  |   400    |    1     |
+-----+-----------+-----------+-----------+-----------+-----------+----------+----------+----------+
| 147 |    16     |     1     |    16     |    16     |           |          |    25    |    80    |
+-----+-----------+-----------+-----------+-----------+-----------+----------+----------+----------+
| 148 |     1     |     1     |    16     |    16     |    off    |          |   400    |    80    |
+-----+-----------+-----------+-----------+-----------+-----------+----------+----------+----------+
| 149 |    16     |     1     |    16     |    16     |           |   off    |    25    |    1     |
+-----+-----------+-----------+-----------+-----------+-----------+----------+----------+----------+
| 150 |    80     |    16     |     1     |    16     |  flatten  |          |    1     |    1     |
+-----+-----------+-----------+-----------+-----------+-----------+----------+----------+----------+
| 151 |    16     |     1     |    16     |    16     |    off    |   off    |    1     |    80    |
+-----+-----------+-----------+-----------+-----------+-----------+----------+----------+----------+
| 152 |     1     |    16     |     1     |    16     |  flatten  |          |   400    |    25    |
+-----+-----------+-----------+-----------+-----------+-----------+----------+----------+----------+
| 153 |     1     |    16     |    16     |    16     |    off    |   off    |   400    |    1     |
+-----+-----------+-----------+-----------+-----------+-----------+----------+----------+----------+
| 154 |    16     |    16     |    16     |    16     |    off    |   off    |    1     |    1     |
+-----+-----------+-----------+-----------+-----------+-----------+----------+----------+----------+
| 155 |     1     |     1     |    16     |    16     |    off    |   off    |   400    |   400    |
+-----+-----------+-----------+-----------+-----------+-----------+----------+----------+----------+
| 156 |    16     |    80     |    16     |    16     |           |   off    |    25    |    1     |
+-----+-----------+-----------+-----------+-----------+-----------+----------+----------+----------+
| 157 |    16     |     1     |    16     |    16     |           |   off    |    5     |   400    |
+-----+-----------+-----------+-----------+-----------+-----------+----------+----------+----------+
| 158 |    16     |     2     |    16     |     1     |           | flatten  |    25    |    80    |
+-----+-----------+-----------+-----------+-----------+-----------+----------+----------+----------+
| 159 |     1     |     1     |     1     |     1     |  flatten  | flatten  |    1     |    1     |
+-----+-----------+-----------+-----------+-----------+-----------+----------+----------+----------+
| 160 |     1     |     1     |     4     |     1     |    off    | flatten  |    1     |    1     |
+-----+-----------+-----------+-----------+-----------+-----------+----------+----------+----------+
| 161 |     1     |     1     |     8     |     1     |    off    |   off    |    1     |    1     |
+-----+-----------+-----------+-----------+-----------+-----------+----------+----------+----------+
| 162 |    16     |     1     |    16     |    16     |           |   off    |    1     |    80    |
+-----+-----------+-----------+-----------+-----------+-----------+----------+----------+----------+
| 163 |    16     |    80     |    16     |    16     |    off    |          |    25    |    1     |
+-----+-----------+-----------+-----------+-----------+-----------+----------+----------+----------+
| 164 |    10     |    16     |     1     |    16     |  flatten  |          |    1     |    25    |
+-----+-----------+-----------+-----------+-----------+-----------+----------+----------+----------+
| 165 |    16     |     1     |    16     |    16     |           |   off    |    1     |    1     |
+-----+-----------+-----------+-----------+-----------+-----------+----------+----------+----------+
| 166 |     1     |    16     |     1     |    16     |  flatten  |          |    1     |    1     |
+-----+-----------+-----------+-----------+-----------+-----------+----------+----------+----------+
| 167 |    16     |     1     |    16     |    16     |           |          |    25    |    16    |
+-----+-----------+-----------+-----------+-----------+-----------+----------+----------+----------+
| 168 |    16     |    16     |    16     |    16     |           |          |    25    |    1     |
+-----+-----------+-----------+-----------+-----------+-----------+----------+----------+----------+
| 169 |    16     |     1     |    16     |    16     |           |   off    |    25    |    80    |
+-----+-----------+-----------+-----------+-----------+-----------+----------+----------+----------+
| 170 |     1     |     1     |     2     |     1     |    off    |   off    |    1     |    1     |
+-----+-----------+-----------+-----------+-----------+-----------+----------+----------+----------+
| 171 |    16     |    80     |    16     |    16     |    off    |          |    1     |    1     |
+-----+-----------+-----------+-----------+-----------+-----------+----------+----------+----------+
| 172 |     2     |     2     |     1     |     1     |  flatten  | flatten  |    40    |    1     |
+-----+-----------+-----------+-----------+-----------+-----------+----------+----------+----------+
| 173 |    16     |     2     |    16     |     1     |           | flatten  |    25    |    16    |
+-----+-----------+-----------+-----------+-----------+-----------+----------+----------+----------+
| 174 |     1     |     1     |     1     |     8     |  flatten  |   off    |    1     |    1     |
+-----+-----------+-----------+-----------+-----------+-----------+----------+----------+----------+
| 175 |     1     |     1     |    16     |    16     |    off    |   off    |   400    |    16    |
+-----+-----------+-----------+-----------+-----------+-----------+----------+----------+----------+
| 176 |    16     |    80     |    16     |    16     |           |          |    25    |    1     |
+-----+-----------+-----------+-----------+-----------+-----------+----------+----------+----------+
| 177 |    16     |    16     |    16     |    16     |           |   off    |    1     |    1     |
+-----+-----------+-----------+-----------+-----------+-----------+----------+----------+----------+
| 178 |    100    |    16     |     1     |    16     |  flatten  |          |    1     |    25    |
+-----+-----------+-----------+-----------+-----------+-----------+----------+----------+----------+
| 179 |     8     |    16     |     1     |    16     |  flatten  |          |    1     |    1     |
+-----+-----------+-----------+-----------+-----------+-----------+----------+----------+----------+
| 180 |    16     |     2     |    16     |     1     |           | flatten  |    25    |   200    |
+-----+-----------+-----------+-----------+-----------+-----------+----------+----------+----------+
| 181 |    16     |     2     |    16     |     1     |           | flatten  |    25    |    40    |
+-----+-----------+-----------+-----------+-----------+-----------+----------+----------+----------+
| 182 |    16     |    80     |    16     |    16     |    off    |   off    |    25    |    5     |
+-----+-----------+-----------+-----------+-----------+-----------+----------+----------+----------+
| 183 |    16     |     1     |    16     |    16     |           |   off    |    25    |   400    |
+-----+-----------+-----------+-----------+-----------+-----------+----------+----------+----------+
| 184 |    100    |    16     |     1     |    16     |  flatten  |          |    1     |    1     |
+-----+-----------+-----------+-----------+-----------+-----------+----------+----------+----------+
| 185 |    16     |    80     |    16     |    16     |           |   off    |    5     |    1     |
+-----+-----------+-----------+-----------+-----------+-----------+----------+----------+----------+
| 186 |     1     |     2     |     1     |     1     |  flatten  | flatten  |   400    |    40    |
+-----+-----------+-----------+-----------+-----------+-----------+----------+----------+----------+
| 187 |    16     |    16     |    16     |    16     |    off    |          |    25    |    25    |
+-----+-----------+-----------+-----------+-----------+-----------+----------+----------+----------+
| 188 |     1     |    16     |    16     |    16     |    off    |          |   400    |    25    |
+-----+-----------+-----------+-----------+-----------+-----------+----------+----------+----------+
| 189 |    16     |     1     |    16     |    16     |           |          |    1     |    80    |
+-----+-----------+-----------+-----------+-----------+-----------+----------+----------+----------+
| 190 |    16     |     2     |    16     |     1     |           | flatten  |    5     |    1     |
+-----+-----------+-----------+-----------+-----------+-----------+----------+----------+----------+
| 191 |    16     |     1     |    16     |    16     |    off    |   off    |    1     |    1     |
+-----+-----------+-----------+-----------+-----------+-----------+----------+----------+----------+
| 192 |    200    |    16     |     1     |    16     |  flatten  |          |    1     |    1     |
+-----+-----------+-----------+-----------+-----------+-----------+----------+----------+----------+
| 193 |    16     |    400    |    16     |    16     |           |   off    |    5     |    1     |
+-----+-----------+-----------+-----------+-----------+-----------+----------+----------+----------+
| 194 |    16     |    16     |    16     |    16     |           |   off    |    5     |    25    |
+-----+-----------+-----------+-----------+-----------+-----------+----------+----------+----------+
| 195 |    16     |     1     |    16     |    16     |           |   off    |    5     |    1     |
+-----+-----------+-----------+-----------+-----------+-----------+----------+----------+----------+
| 196 |    16     |    80     |    16     |    16     |           |   off    |    1     |    5     |
+-----+-----------+-----------+-----------+-----------+-----------+----------+----------+----------+
| 197 |    20     |    16     |     1     |    16     |  flatten  |          |    1     |    25    |
+-----+-----------+-----------+-----------+-----------+-----------+----------+----------+----------+
| 198 |     2     |    16     |     1     |    16     |  flatten  |          |    1     |    25    |
+-----+-----------+-----------+-----------+-----------+-----------+----------+----------+----------+
| 199 |    16     |     1     |    16     |    16     |           |          |    5     |    80    |
+-----+-----------+-----------+-----------+-----------+-----------+----------+----------+----------+
| 200 |    16     |    16     |    16     |    16     |           |   off    |    1     |    25    |
+-----+-----------+-----------+-----------+-----------+-----------+----------+----------+----------+
