

================================================================
== Vitis HLS Report for 'load_F'
================================================================
* Date:           Mon Aug 19 20:28:58 2024

* Version:        2023.2 (Build 4023990 on Oct 11 2023)
* Project:        kernel_nlp
* Solution:       solution (Vitis Kernel Flow Target)
* Product family: virtexuplusHBM
* Target device:  xcu55c-fsvh2892-2L-e


================================================================
== Performance Estimates
================================================================
+ Timing: 
    * Summary: 
    +--------+---------+----------+------------+
    |  Clock |  Target | Estimated| Uncertainty|
    +--------+---------+----------+------------+
    |ap_clk  |  4.55 ns|  3.318 ns|     1.23 ns|
    +--------+---------+----------+------------+

+ Latency: 
    * Summary: 
    +---------+---------+-----------+-----------+-------+-------+---------+
    |  Latency (cycles) |   Latency (absolute)  |    Interval   | Pipeline|
    |   min   |   max   |    min    |    max    |  min  |  max  |   Type  |
    +---------+---------+-----------+-----------+-------+-------+---------+
    |    20034|    20034|  91.055 us|  91.055 us|  20034|  20034|       no|
    +---------+---------+-----------+-----------+-------+-------+---------+

    + Detail: 
        * Instance: 
        +------------------------------------------------------------+-------------------------------------------------+---------+---------+-----------+-----------+-------+-------+---------+
        |                                                            |                                                 |  Latency (cycles) |   Latency (absolute)  |    Interval   | Pipeline|
        |                          Instance                          |                      Module                     |   min   |   max   |    min    |    max    |  min  |  max  |   Type  |
        +------------------------------------------------------------+-------------------------------------------------+---------+---------+-----------+-----------+-------+-------+---------+
        |grp_load_F_Pipeline_VITIS_LOOP_53_1_VITIS_LOOP_54_2_fu_189  |load_F_Pipeline_VITIS_LOOP_53_1_VITIS_LOOP_54_2  |    19962|    19962|  90.727 us|  90.727 us|  19962|  19962|       no|
        +------------------------------------------------------------+-------------------------------------------------+---------+---------+-----------+-----------+-------+-------+---------+

        * Loop: 
        N/A



================================================================
== Utilization Estimates
================================================================
* Summary: 
+---------------------+---------+------+---------+---------+-----+
|         Name        | BRAM_18K|  DSP |    FF   |   LUT   | URAM|
+---------------------+---------+------+---------+---------+-----+
|DSP                  |        -|     -|        -|        -|    -|
|Expression           |        -|     -|        -|        -|    -|
|FIFO                 |        -|     -|        -|        -|    -|
|Instance             |        -|     0|      445|     1469|    -|
|Memory               |        -|     -|        -|        -|    -|
|Multiplexer          |        -|     -|        -|      479|    -|
|Register             |        -|     -|      135|        -|    -|
+---------------------+---------+------+---------+---------+-----+
|Total                |        0|     0|      580|     1948|    0|
+---------------------+---------+------+---------+---------+-----+
|Available SLR        |     1344|  3008|   869120|   434560|  320|
+---------------------+---------+------+---------+---------+-----+
|Utilization SLR (%)  |        0|     0|       ~0|       ~0|    0|
+---------------------+---------+------+---------+---------+-----+
|Available            |     4032|  9024|  2607360|  1303680|  960|
+---------------------+---------+------+---------+---------+-----+
|Utilization (%)      |        0|     0|       ~0|       ~0|    0|
+---------------------+---------+------+---------+---------+-----+

+ Detail: 
    * Instance: 
    +------------------------------------------------------------+-------------------------------------------------+---------+----+-----+------+-----+
    |                          Instance                          |                      Module                     | BRAM_18K| DSP|  FF |  LUT | URAM|
    +------------------------------------------------------------+-------------------------------------------------+---------+----+-----+------+-----+
    |grp_load_F_Pipeline_VITIS_LOOP_53_1_VITIS_LOOP_54_2_fu_189  |load_F_Pipeline_VITIS_LOOP_53_1_VITIS_LOOP_54_2  |        0|   0|  445|  1469|    0|
    +------------------------------------------------------------+-------------------------------------------------+---------+----+-----+------+-----+
    |Total                                                       |                                                 |        0|   0|  445|  1469|    0|
    +------------------------------------------------------------+-------------------------------------------------+---------+----+-----+------+-----+

    * DSP: 
    N/A

    * Memory: 
    N/A

    * FIFO: 
    N/A

    * Expression: 
    N/A

    * Multiplexer: 
    +-------------------------+-----+-----------+-----+-----------+
    |           Name          | LUT | Input Size| Bits| Total Bits|
    +-------------------------+-----+-----------+-----+-----------+
    |ap_NS_fsm                |  338|         74|    1|         74|
    |kernel_F_blk_n_AR        |    9|          2|    1|          2|
    |m_axi_kernel_F_ARADDR    |   14|          3|   64|        192|
    |m_axi_kernel_F_ARBURST   |    9|          2|    2|          4|
    |m_axi_kernel_F_ARCACHE   |    9|          2|    4|          8|
    |m_axi_kernel_F_ARID      |    9|          2|    1|          2|
    |m_axi_kernel_F_ARLEN     |   14|          3|   32|         96|
    |m_axi_kernel_F_ARLOCK    |    9|          2|    2|          4|
    |m_axi_kernel_F_ARPROT    |    9|          2|    3|          6|
    |m_axi_kernel_F_ARQOS     |    9|          2|    4|          8|
    |m_axi_kernel_F_ARREGION  |    9|          2|    4|          8|
    |m_axi_kernel_F_ARSIZE    |    9|          2|    3|          6|
    |m_axi_kernel_F_ARUSER    |    9|          2|    1|          2|
    |m_axi_kernel_F_ARVALID   |   14|          3|    1|          3|
    |m_axi_kernel_F_RREADY    |    9|          2|    1|          2|
    +-------------------------+-----+-----------+-----+-----------+
    |Total                    |  479|        105|  124|        417|
    +-------------------------+-----+-----------+-----+-----------+

    * Register: 
    +-------------------------------------------------------------------------+----+----+-----+-----------+
    |                                   Name                                  | FF | LUT| Bits| Const Bits|
    +-------------------------------------------------------------------------+----+----+-----+-----------+
    |ap_CS_fsm                                                                |  73|   0|   73|          0|
    |grp_load_F_Pipeline_VITIS_LOOP_53_1_VITIS_LOOP_54_2_fu_189_ap_start_reg  |   1|   0|    1|          0|
    |trunc_ln_reg_357                                                         |  61|   0|   61|          0|
    +-------------------------------------------------------------------------+----+----+-----+-----------+
    |Total                                                                    | 135|   0|  135|          0|
    +-------------------------------------------------------------------------+----+----+-----+-----------+



================================================================
== Interface
================================================================
* Summary: 
+-------------------------+-----+-----+------------+--------------+--------------+
|        RTL Ports        | Dir | Bits|  Protocol  | Source Object|    C Type    |
+-------------------------+-----+-----+------------+--------------+--------------+
|ap_clk                   |   in|    1|  ap_ctrl_hs|        load_F|  return value|
|ap_rst                   |   in|    1|  ap_ctrl_hs|        load_F|  return value|
|ap_start                 |   in|    1|  ap_ctrl_hs|        load_F|  return value|
|ap_done                  |  out|    1|  ap_ctrl_hs|        load_F|  return value|
|ap_idle                  |  out|    1|  ap_ctrl_hs|        load_F|  return value|
|ap_ready                 |  out|    1|  ap_ctrl_hs|        load_F|  return value|
|F_0_address0             |  out|   10|   ap_memory|           F_0|         array|
|F_0_ce0                  |  out|    1|   ap_memory|           F_0|         array|
|F_0_we0                  |  out|    1|   ap_memory|           F_0|         array|
|F_0_d0                   |  out|   32|   ap_memory|           F_0|         array|
|F_1_address0             |  out|   10|   ap_memory|           F_1|         array|
|F_1_ce0                  |  out|    1|   ap_memory|           F_1|         array|
|F_1_we0                  |  out|    1|   ap_memory|           F_1|         array|
|F_1_d0                   |  out|   32|   ap_memory|           F_1|         array|
|F_2_address0             |  out|   10|   ap_memory|           F_2|         array|
|F_2_ce0                  |  out|    1|   ap_memory|           F_2|         array|
|F_2_we0                  |  out|    1|   ap_memory|           F_2|         array|
|F_2_d0                   |  out|   32|   ap_memory|           F_2|         array|
|F_3_address0             |  out|   10|   ap_memory|           F_3|         array|
|F_3_ce0                  |  out|    1|   ap_memory|           F_3|         array|
|F_3_we0                  |  out|    1|   ap_memory|           F_3|         array|
|F_3_d0                   |  out|   32|   ap_memory|           F_3|         array|
|F_4_address0             |  out|   10|   ap_memory|           F_4|         array|
|F_4_ce0                  |  out|    1|   ap_memory|           F_4|         array|
|F_4_we0                  |  out|    1|   ap_memory|           F_4|         array|
|F_4_d0                   |  out|   32|   ap_memory|           F_4|         array|
|F_5_address0             |  out|   10|   ap_memory|           F_5|         array|
|F_5_ce0                  |  out|    1|   ap_memory|           F_5|         array|
|F_5_we0                  |  out|    1|   ap_memory|           F_5|         array|
|F_5_d0                   |  out|   32|   ap_memory|           F_5|         array|
|F_6_address0             |  out|   10|   ap_memory|           F_6|         array|
|F_6_ce0                  |  out|    1|   ap_memory|           F_6|         array|
|F_6_we0                  |  out|    1|   ap_memory|           F_6|         array|
|F_6_d0                   |  out|   32|   ap_memory|           F_6|         array|
|F_7_address0             |  out|   10|   ap_memory|           F_7|         array|
|F_7_ce0                  |  out|    1|   ap_memory|           F_7|         array|
|F_7_we0                  |  out|    1|   ap_memory|           F_7|         array|
|F_7_d0                   |  out|   32|   ap_memory|           F_7|         array|
|F_8_address0             |  out|   10|   ap_memory|           F_8|         array|
|F_8_ce0                  |  out|    1|   ap_memory|           F_8|         array|
|F_8_we0                  |  out|    1|   ap_memory|           F_8|         array|
|F_8_d0                   |  out|   32|   ap_memory|           F_8|         array|
|F_9_address0             |  out|   10|   ap_memory|           F_9|         array|
|F_9_ce0                  |  out|    1|   ap_memory|           F_9|         array|
|F_9_we0                  |  out|    1|   ap_memory|           F_9|         array|
|F_9_d0                   |  out|   32|   ap_memory|           F_9|         array|
|F_10_address0            |  out|   10|   ap_memory|          F_10|         array|
|F_10_ce0                 |  out|    1|   ap_memory|          F_10|         array|
|F_10_we0                 |  out|    1|   ap_memory|          F_10|         array|
|F_10_d0                  |  out|   32|   ap_memory|          F_10|         array|
|F_11_address0            |  out|   10|   ap_memory|          F_11|         array|
|F_11_ce0                 |  out|    1|   ap_memory|          F_11|         array|
|F_11_we0                 |  out|    1|   ap_memory|          F_11|         array|
|F_11_d0                  |  out|   32|   ap_memory|          F_11|         array|
|F_12_address0            |  out|   10|   ap_memory|          F_12|         array|
|F_12_ce0                 |  out|    1|   ap_memory|          F_12|         array|
|F_12_we0                 |  out|    1|   ap_memory|          F_12|         array|
|F_12_d0                  |  out|   32|   ap_memory|          F_12|         array|
|F_13_address0            |  out|   10|   ap_memory|          F_13|         array|
|F_13_ce0                 |  out|    1|   ap_memory|          F_13|         array|
|F_13_we0                 |  out|    1|   ap_memory|          F_13|         array|
|F_13_d0                  |  out|   32|   ap_memory|          F_13|         array|
|F_14_address0            |  out|   10|   ap_memory|          F_14|         array|
|F_14_ce0                 |  out|    1|   ap_memory|          F_14|         array|
|F_14_we0                 |  out|    1|   ap_memory|          F_14|         array|
|F_14_d0                  |  out|   32|   ap_memory|          F_14|         array|
|F_15_address0            |  out|   10|   ap_memory|          F_15|         array|
|F_15_ce0                 |  out|    1|   ap_memory|          F_15|         array|
|F_15_we0                 |  out|    1|   ap_memory|          F_15|         array|
|F_15_d0                  |  out|   32|   ap_memory|          F_15|         array|
|F_16_address0            |  out|   10|   ap_memory|          F_16|         array|
|F_16_ce0                 |  out|    1|   ap_memory|          F_16|         array|
|F_16_we0                 |  out|    1|   ap_memory|          F_16|         array|
|F_16_d0                  |  out|   32|   ap_memory|          F_16|         array|
|F_17_address0            |  out|   10|   ap_memory|          F_17|         array|
|F_17_ce0                 |  out|    1|   ap_memory|          F_17|         array|
|F_17_we0                 |  out|    1|   ap_memory|          F_17|         array|
|F_17_d0                  |  out|   32|   ap_memory|          F_17|         array|
|F_18_address0            |  out|   10|   ap_memory|          F_18|         array|
|F_18_ce0                 |  out|    1|   ap_memory|          F_18|         array|
|F_18_we0                 |  out|    1|   ap_memory|          F_18|         array|
|F_18_d0                  |  out|   32|   ap_memory|          F_18|         array|
|F_19_address0            |  out|   10|   ap_memory|          F_19|         array|
|F_19_ce0                 |  out|    1|   ap_memory|          F_19|         array|
|F_19_we0                 |  out|    1|   ap_memory|          F_19|         array|
|F_19_d0                  |  out|   32|   ap_memory|          F_19|         array|
|F_20_address0            |  out|   10|   ap_memory|          F_20|         array|
|F_20_ce0                 |  out|    1|   ap_memory|          F_20|         array|
|F_20_we0                 |  out|    1|   ap_memory|          F_20|         array|
|F_20_d0                  |  out|   32|   ap_memory|          F_20|         array|
|F_21_address0            |  out|   10|   ap_memory|          F_21|         array|
|F_21_ce0                 |  out|    1|   ap_memory|          F_21|         array|
|F_21_we0                 |  out|    1|   ap_memory|          F_21|         array|
|F_21_d0                  |  out|   32|   ap_memory|          F_21|         array|
|F_22_address0            |  out|   10|   ap_memory|          F_22|         array|
|F_22_ce0                 |  out|    1|   ap_memory|          F_22|         array|
|F_22_we0                 |  out|    1|   ap_memory|          F_22|         array|
|F_22_d0                  |  out|   32|   ap_memory|          F_22|         array|
|F_23_address0            |  out|   10|   ap_memory|          F_23|         array|
|F_23_ce0                 |  out|    1|   ap_memory|          F_23|         array|
|F_23_we0                 |  out|    1|   ap_memory|          F_23|         array|
|F_23_d0                  |  out|   32|   ap_memory|          F_23|         array|
|F_24_address0            |  out|   10|   ap_memory|          F_24|         array|
|F_24_ce0                 |  out|    1|   ap_memory|          F_24|         array|
|F_24_we0                 |  out|    1|   ap_memory|          F_24|         array|
|F_24_d0                  |  out|   32|   ap_memory|          F_24|         array|
|F_25_address0            |  out|   10|   ap_memory|          F_25|         array|
|F_25_ce0                 |  out|    1|   ap_memory|          F_25|         array|
|F_25_we0                 |  out|    1|   ap_memory|          F_25|         array|
|F_25_d0                  |  out|   32|   ap_memory|          F_25|         array|
|F_26_address0            |  out|   10|   ap_memory|          F_26|         array|
|F_26_ce0                 |  out|    1|   ap_memory|          F_26|         array|
|F_26_we0                 |  out|    1|   ap_memory|          F_26|         array|
|F_26_d0                  |  out|   32|   ap_memory|          F_26|         array|
|F_27_address0            |  out|   10|   ap_memory|          F_27|         array|
|F_27_ce0                 |  out|    1|   ap_memory|          F_27|         array|
|F_27_we0                 |  out|    1|   ap_memory|          F_27|         array|
|F_27_d0                  |  out|   32|   ap_memory|          F_27|         array|
|F_28_address0            |  out|   10|   ap_memory|          F_28|         array|
|F_28_ce0                 |  out|    1|   ap_memory|          F_28|         array|
|F_28_we0                 |  out|    1|   ap_memory|          F_28|         array|
|F_28_d0                  |  out|   32|   ap_memory|          F_28|         array|
|F_29_address0            |  out|   10|   ap_memory|          F_29|         array|
|F_29_ce0                 |  out|    1|   ap_memory|          F_29|         array|
|F_29_we0                 |  out|    1|   ap_memory|          F_29|         array|
|F_29_d0                  |  out|   32|   ap_memory|          F_29|         array|
|F_30_address0            |  out|   10|   ap_memory|          F_30|         array|
|F_30_ce0                 |  out|    1|   ap_memory|          F_30|         array|
|F_30_we0                 |  out|    1|   ap_memory|          F_30|         array|
|F_30_d0                  |  out|   32|   ap_memory|          F_30|         array|
|F_31_address0            |  out|   10|   ap_memory|          F_31|         array|
|F_31_ce0                 |  out|    1|   ap_memory|          F_31|         array|
|F_31_we0                 |  out|    1|   ap_memory|          F_31|         array|
|F_31_d0                  |  out|   32|   ap_memory|          F_31|         array|
|F_32_address0            |  out|   10|   ap_memory|          F_32|         array|
|F_32_ce0                 |  out|    1|   ap_memory|          F_32|         array|
|F_32_we0                 |  out|    1|   ap_memory|          F_32|         array|
|F_32_d0                  |  out|   32|   ap_memory|          F_32|         array|
|F_33_address0            |  out|   10|   ap_memory|          F_33|         array|
|F_33_ce0                 |  out|    1|   ap_memory|          F_33|         array|
|F_33_we0                 |  out|    1|   ap_memory|          F_33|         array|
|F_33_d0                  |  out|   32|   ap_memory|          F_33|         array|
|F_34_address0            |  out|   10|   ap_memory|          F_34|         array|
|F_34_ce0                 |  out|    1|   ap_memory|          F_34|         array|
|F_34_we0                 |  out|    1|   ap_memory|          F_34|         array|
|F_34_d0                  |  out|   32|   ap_memory|          F_34|         array|
|F_35_address0            |  out|   10|   ap_memory|          F_35|         array|
|F_35_ce0                 |  out|    1|   ap_memory|          F_35|         array|
|F_35_we0                 |  out|    1|   ap_memory|          F_35|         array|
|F_35_d0                  |  out|   32|   ap_memory|          F_35|         array|
|F_36_address0            |  out|   10|   ap_memory|          F_36|         array|
|F_36_ce0                 |  out|    1|   ap_memory|          F_36|         array|
|F_36_we0                 |  out|    1|   ap_memory|          F_36|         array|
|F_36_d0                  |  out|   32|   ap_memory|          F_36|         array|
|F_37_address0            |  out|   10|   ap_memory|          F_37|         array|
|F_37_ce0                 |  out|    1|   ap_memory|          F_37|         array|
|F_37_we0                 |  out|    1|   ap_memory|          F_37|         array|
|F_37_d0                  |  out|   32|   ap_memory|          F_37|         array|
|F_38_address0            |  out|   10|   ap_memory|          F_38|         array|
|F_38_ce0                 |  out|    1|   ap_memory|          F_38|         array|
|F_38_we0                 |  out|    1|   ap_memory|          F_38|         array|
|F_38_d0                  |  out|   32|   ap_memory|          F_38|         array|
|F_39_address0            |  out|   10|   ap_memory|          F_39|         array|
|F_39_ce0                 |  out|    1|   ap_memory|          F_39|         array|
|F_39_we0                 |  out|    1|   ap_memory|          F_39|         array|
|F_39_d0                  |  out|   32|   ap_memory|          F_39|         array|
|F_40_address0            |  out|   10|   ap_memory|          F_40|         array|
|F_40_ce0                 |  out|    1|   ap_memory|          F_40|         array|
|F_40_we0                 |  out|    1|   ap_memory|          F_40|         array|
|F_40_d0                  |  out|   32|   ap_memory|          F_40|         array|
|F_41_address0            |  out|   10|   ap_memory|          F_41|         array|
|F_41_ce0                 |  out|    1|   ap_memory|          F_41|         array|
|F_41_we0                 |  out|    1|   ap_memory|          F_41|         array|
|F_41_d0                  |  out|   32|   ap_memory|          F_41|         array|
|F_42_address0            |  out|   10|   ap_memory|          F_42|         array|
|F_42_ce0                 |  out|    1|   ap_memory|          F_42|         array|
|F_42_we0                 |  out|    1|   ap_memory|          F_42|         array|
|F_42_d0                  |  out|   32|   ap_memory|          F_42|         array|
|F_43_address0            |  out|   10|   ap_memory|          F_43|         array|
|F_43_ce0                 |  out|    1|   ap_memory|          F_43|         array|
|F_43_we0                 |  out|    1|   ap_memory|          F_43|         array|
|F_43_d0                  |  out|   32|   ap_memory|          F_43|         array|
|F_44_address0            |  out|   10|   ap_memory|          F_44|         array|
|F_44_ce0                 |  out|    1|   ap_memory|          F_44|         array|
|F_44_we0                 |  out|    1|   ap_memory|          F_44|         array|
|F_44_d0                  |  out|   32|   ap_memory|          F_44|         array|
|F_45_address0            |  out|   10|   ap_memory|          F_45|         array|
|F_45_ce0                 |  out|    1|   ap_memory|          F_45|         array|
|F_45_we0                 |  out|    1|   ap_memory|          F_45|         array|
|F_45_d0                  |  out|   32|   ap_memory|          F_45|         array|
|F_46_address0            |  out|   10|   ap_memory|          F_46|         array|
|F_46_ce0                 |  out|    1|   ap_memory|          F_46|         array|
|F_46_we0                 |  out|    1|   ap_memory|          F_46|         array|
|F_46_d0                  |  out|   32|   ap_memory|          F_46|         array|
|F_47_address0            |  out|   10|   ap_memory|          F_47|         array|
|F_47_ce0                 |  out|    1|   ap_memory|          F_47|         array|
|F_47_we0                 |  out|    1|   ap_memory|          F_47|         array|
|F_47_d0                  |  out|   32|   ap_memory|          F_47|         array|
|F_48_address0            |  out|   10|   ap_memory|          F_48|         array|
|F_48_ce0                 |  out|    1|   ap_memory|          F_48|         array|
|F_48_we0                 |  out|    1|   ap_memory|          F_48|         array|
|F_48_d0                  |  out|   32|   ap_memory|          F_48|         array|
|F_49_address0            |  out|   10|   ap_memory|          F_49|         array|
|F_49_ce0                 |  out|    1|   ap_memory|          F_49|         array|
|F_49_we0                 |  out|    1|   ap_memory|          F_49|         array|
|F_49_d0                  |  out|   32|   ap_memory|          F_49|         array|
|F_50_address0            |  out|   10|   ap_memory|          F_50|         array|
|F_50_ce0                 |  out|    1|   ap_memory|          F_50|         array|
|F_50_we0                 |  out|    1|   ap_memory|          F_50|         array|
|F_50_d0                  |  out|   32|   ap_memory|          F_50|         array|
|F_51_address0            |  out|   10|   ap_memory|          F_51|         array|
|F_51_ce0                 |  out|    1|   ap_memory|          F_51|         array|
|F_51_we0                 |  out|    1|   ap_memory|          F_51|         array|
|F_51_d0                  |  out|   32|   ap_memory|          F_51|         array|
|F_52_address0            |  out|   10|   ap_memory|          F_52|         array|
|F_52_ce0                 |  out|    1|   ap_memory|          F_52|         array|
|F_52_we0                 |  out|    1|   ap_memory|          F_52|         array|
|F_52_d0                  |  out|   32|   ap_memory|          F_52|         array|
|F_53_address0            |  out|   10|   ap_memory|          F_53|         array|
|F_53_ce0                 |  out|    1|   ap_memory|          F_53|         array|
|F_53_we0                 |  out|    1|   ap_memory|          F_53|         array|
|F_53_d0                  |  out|   32|   ap_memory|          F_53|         array|
|F_54_address0            |  out|   10|   ap_memory|          F_54|         array|
|F_54_ce0                 |  out|    1|   ap_memory|          F_54|         array|
|F_54_we0                 |  out|    1|   ap_memory|          F_54|         array|
|F_54_d0                  |  out|   32|   ap_memory|          F_54|         array|
|F_55_address0            |  out|   10|   ap_memory|          F_55|         array|
|F_55_ce0                 |  out|    1|   ap_memory|          F_55|         array|
|F_55_we0                 |  out|    1|   ap_memory|          F_55|         array|
|F_55_d0                  |  out|   32|   ap_memory|          F_55|         array|
|F_56_address0            |  out|   10|   ap_memory|          F_56|         array|
|F_56_ce0                 |  out|    1|   ap_memory|          F_56|         array|
|F_56_we0                 |  out|    1|   ap_memory|          F_56|         array|
|F_56_d0                  |  out|   32|   ap_memory|          F_56|         array|
|F_57_address0            |  out|   10|   ap_memory|          F_57|         array|
|F_57_ce0                 |  out|    1|   ap_memory|          F_57|         array|
|F_57_we0                 |  out|    1|   ap_memory|          F_57|         array|
|F_57_d0                  |  out|   32|   ap_memory|          F_57|         array|
|F_58_address0            |  out|   10|   ap_memory|          F_58|         array|
|F_58_ce0                 |  out|    1|   ap_memory|          F_58|         array|
|F_58_we0                 |  out|    1|   ap_memory|          F_58|         array|
|F_58_d0                  |  out|   32|   ap_memory|          F_58|         array|
|F_59_address0            |  out|   10|   ap_memory|          F_59|         array|
|F_59_ce0                 |  out|    1|   ap_memory|          F_59|         array|
|F_59_we0                 |  out|    1|   ap_memory|          F_59|         array|
|F_59_d0                  |  out|   32|   ap_memory|          F_59|         array|
|F_60_address0            |  out|   10|   ap_memory|          F_60|         array|
|F_60_ce0                 |  out|    1|   ap_memory|          F_60|         array|
|F_60_we0                 |  out|    1|   ap_memory|          F_60|         array|
|F_60_d0                  |  out|   32|   ap_memory|          F_60|         array|
|F_61_address0            |  out|   10|   ap_memory|          F_61|         array|
|F_61_ce0                 |  out|    1|   ap_memory|          F_61|         array|
|F_61_we0                 |  out|    1|   ap_memory|          F_61|         array|
|F_61_d0                  |  out|   32|   ap_memory|          F_61|         array|
|F_62_address0            |  out|   10|   ap_memory|          F_62|         array|
|F_62_ce0                 |  out|    1|   ap_memory|          F_62|         array|
|F_62_we0                 |  out|    1|   ap_memory|          F_62|         array|
|F_62_d0                  |  out|   32|   ap_memory|          F_62|         array|
|F_63_address0            |  out|   10|   ap_memory|          F_63|         array|
|F_63_ce0                 |  out|    1|   ap_memory|          F_63|         array|
|F_63_we0                 |  out|    1|   ap_memory|          F_63|         array|
|F_63_d0                  |  out|   32|   ap_memory|          F_63|         array|
|F_64_address0            |  out|   10|   ap_memory|          F_64|         array|
|F_64_ce0                 |  out|    1|   ap_memory|          F_64|         array|
|F_64_we0                 |  out|    1|   ap_memory|          F_64|         array|
|F_64_d0                  |  out|   32|   ap_memory|          F_64|         array|
|F_65_address0            |  out|   10|   ap_memory|          F_65|         array|
|F_65_ce0                 |  out|    1|   ap_memory|          F_65|         array|
|F_65_we0                 |  out|    1|   ap_memory|          F_65|         array|
|F_65_d0                  |  out|   32|   ap_memory|          F_65|         array|
|F_66_address0            |  out|   10|   ap_memory|          F_66|         array|
|F_66_ce0                 |  out|    1|   ap_memory|          F_66|         array|
|F_66_we0                 |  out|    1|   ap_memory|          F_66|         array|
|F_66_d0                  |  out|   32|   ap_memory|          F_66|         array|
|F_67_address0            |  out|   10|   ap_memory|          F_67|         array|
|F_67_ce0                 |  out|    1|   ap_memory|          F_67|         array|
|F_67_we0                 |  out|    1|   ap_memory|          F_67|         array|
|F_67_d0                  |  out|   32|   ap_memory|          F_67|         array|
|F_68_address0            |  out|   10|   ap_memory|          F_68|         array|
|F_68_ce0                 |  out|    1|   ap_memory|          F_68|         array|
|F_68_we0                 |  out|    1|   ap_memory|          F_68|         array|
|F_68_d0                  |  out|   32|   ap_memory|          F_68|         array|
|F_69_address0            |  out|   10|   ap_memory|          F_69|         array|
|F_69_ce0                 |  out|    1|   ap_memory|          F_69|         array|
|F_69_we0                 |  out|    1|   ap_memory|          F_69|         array|
|F_69_d0                  |  out|   32|   ap_memory|          F_69|         array|
|m_axi_kernel_F_AWVALID   |  out|    1|       m_axi|      kernel_F|       pointer|
|m_axi_kernel_F_AWREADY   |   in|    1|       m_axi|      kernel_F|       pointer|
|m_axi_kernel_F_AWADDR    |  out|   64|       m_axi|      kernel_F|       pointer|
|m_axi_kernel_F_AWID      |  out|    1|       m_axi|      kernel_F|       pointer|
|m_axi_kernel_F_AWLEN     |  out|   32|       m_axi|      kernel_F|       pointer|
|m_axi_kernel_F_AWSIZE    |  out|    3|       m_axi|      kernel_F|       pointer|
|m_axi_kernel_F_AWBURST   |  out|    2|       m_axi|      kernel_F|       pointer|
|m_axi_kernel_F_AWLOCK    |  out|    2|       m_axi|      kernel_F|       pointer|
|m_axi_kernel_F_AWCACHE   |  out|    4|       m_axi|      kernel_F|       pointer|
|m_axi_kernel_F_AWPROT    |  out|    3|       m_axi|      kernel_F|       pointer|
|m_axi_kernel_F_AWQOS     |  out|    4|       m_axi|      kernel_F|       pointer|
|m_axi_kernel_F_AWREGION  |  out|    4|       m_axi|      kernel_F|       pointer|
|m_axi_kernel_F_AWUSER    |  out|    1|       m_axi|      kernel_F|       pointer|
|m_axi_kernel_F_WVALID    |  out|    1|       m_axi|      kernel_F|       pointer|
|m_axi_kernel_F_WREADY    |   in|    1|       m_axi|      kernel_F|       pointer|
|m_axi_kernel_F_WDATA     |  out|   64|       m_axi|      kernel_F|       pointer|
|m_axi_kernel_F_WSTRB     |  out|    8|       m_axi|      kernel_F|       pointer|
|m_axi_kernel_F_WLAST     |  out|    1|       m_axi|      kernel_F|       pointer|
|m_axi_kernel_F_WID       |  out|    1|       m_axi|      kernel_F|       pointer|
|m_axi_kernel_F_WUSER     |  out|    1|       m_axi|      kernel_F|       pointer|
|m_axi_kernel_F_ARVALID   |  out|    1|       m_axi|      kernel_F|       pointer|
|m_axi_kernel_F_ARREADY   |   in|    1|       m_axi|      kernel_F|       pointer|
|m_axi_kernel_F_ARADDR    |  out|   64|       m_axi|      kernel_F|       pointer|
|m_axi_kernel_F_ARID      |  out|    1|       m_axi|      kernel_F|       pointer|
|m_axi_kernel_F_ARLEN     |  out|   32|       m_axi|      kernel_F|       pointer|
|m_axi_kernel_F_ARSIZE    |  out|    3|       m_axi|      kernel_F|       pointer|
|m_axi_kernel_F_ARBURST   |  out|    2|       m_axi|      kernel_F|       pointer|
|m_axi_kernel_F_ARLOCK    |  out|    2|       m_axi|      kernel_F|       pointer|
|m_axi_kernel_F_ARCACHE   |  out|    4|       m_axi|      kernel_F|       pointer|
|m_axi_kernel_F_ARPROT    |  out|    3|       m_axi|      kernel_F|       pointer|
|m_axi_kernel_F_ARQOS     |  out|    4|       m_axi|      kernel_F|       pointer|
|m_axi_kernel_F_ARREGION  |  out|    4|       m_axi|      kernel_F|       pointer|
|m_axi_kernel_F_ARUSER    |  out|    1|       m_axi|      kernel_F|       pointer|
|m_axi_kernel_F_RVALID    |   in|    1|       m_axi|      kernel_F|       pointer|
|m_axi_kernel_F_RREADY    |  out|    1|       m_axi|      kernel_F|       pointer|
|m_axi_kernel_F_RDATA     |   in|   64|       m_axi|      kernel_F|       pointer|
|m_axi_kernel_F_RLAST     |   in|    1|       m_axi|      kernel_F|       pointer|
|m_axi_kernel_F_RID       |   in|    1|       m_axi|      kernel_F|       pointer|
|m_axi_kernel_F_RFIFONUM  |   in|    9|       m_axi|      kernel_F|       pointer|
|m_axi_kernel_F_RUSER     |   in|    1|       m_axi|      kernel_F|       pointer|
|m_axi_kernel_F_RRESP     |   in|    2|       m_axi|      kernel_F|       pointer|
|m_axi_kernel_F_BVALID    |   in|    1|       m_axi|      kernel_F|       pointer|
|m_axi_kernel_F_BREADY    |  out|    1|       m_axi|      kernel_F|       pointer|
|m_axi_kernel_F_BRESP     |   in|    2|       m_axi|      kernel_F|       pointer|
|m_axi_kernel_F_BID       |   in|    1|       m_axi|      kernel_F|       pointer|
|m_axi_kernel_F_BUSER     |   in|    1|       m_axi|      kernel_F|       pointer|
|vF                       |   in|   64|     ap_none|            vF|        scalar|
+-------------------------+-----+-----+------------+--------------+--------------+

