

================================================================
== Vitis HLS Report for 'load_C_Pipeline_VITIS_LOOP_75_1_VITIS_LOOP_76_2'
================================================================
* Date:           Mon Aug 19 20:28:59 2024

* Version:        2023.2 (Build 4023990 on Oct 11 2023)
* Project:        kernel_nlp
* Solution:       solution (Vitis Kernel Flow Target)
* Product family: virtexuplusHBM
* Target device:  xcu55c-fsvh2892-2L-e


================================================================
== Performance Estimates
================================================================
+ Timing: 
    * Summary: 
    +--------+---------+----------+------------+
    |  Clock |  Target | Estimated| Uncertainty|
    +--------+---------+----------+------------+
    |ap_clk  |  4.55 ns|  3.318 ns|     1.23 ns|
    +--------+---------+----------+------------+

+ Latency: 
    * Summary: 
    +---------+---------+-----------+-----------+-------+-------+---------+
    |  Latency (cycles) |   Latency (absolute)  |    Interval   | Pipeline|
    |   min   |   max   |    min    |    max    |  min  |  max  |   Type  |
    +---------+---------+-----------+-----------+-------+-------+---------+
    |    10462|    10462|  47.550 us|  47.550 us|  10462|  10462|       no|
    +---------+---------+-----------+-----------+-------+-------+---------+

    + Detail: 
        * Instance: 
        N/A

        * Loop: 
        +-----------------------------------+---------+---------+----------+-----------+-----------+-------+----------+
        |                                   |  Latency (cycles) | Iteration|  Initiation Interval  |  Trip |          |
        |             Loop Name             |   min   |   max   |  Latency |  achieved |   target  | Count | Pipelined|
        +-----------------------------------+---------+---------+----------+-----------+-----------+-------+----------+
        |- VITIS_LOOP_75_1_VITIS_LOOP_76_2  |    10460|    10460|        12|          1|          1|  10450|       yes|
        +-----------------------------------+---------+---------+----------+-----------+-----------+-------+----------+



================================================================
== Utilization Estimates
================================================================
* Summary: 
+---------------------+---------+------+---------+---------+-----+
|         Name        | BRAM_18K|  DSP |    FF   |   LUT   | URAM|
+---------------------+---------+------+---------+---------+-----+
|DSP                  |        -|     -|        -|        -|    -|
|Expression           |        -|     -|        0|      162|    -|
|FIFO                 |        -|     -|        -|        -|    -|
|Instance             |        -|     0|      189|      168|    -|
|Memory               |        -|     -|        -|        -|    -|
|Multiplexer          |        -|     -|        -|     1234|    -|
|Register             |        -|     -|      319|       64|    -|
+---------------------+---------+------+---------+---------+-----+
|Total                |        0|     0|      508|     1628|    0|
+---------------------+---------+------+---------+---------+-----+
|Available SLR        |     1344|  3008|   869120|   434560|  320|
+---------------------+---------+------+---------+---------+-----+
|Utilization SLR (%)  |        0|     0|       ~0|       ~0|    0|
+---------------------+---------+------+---------+---------+-----+
|Available            |     4032|  9024|  2607360|  1303680|  960|
+---------------------+---------+------+---------+---------+-----+
|Utilization (%)      |        0|     0|       ~0|       ~0|    0|
+---------------------+---------+------+---------+---------+-----+

+ Detail: 
    * Instance: 
    +--------------------------+---------------------+---------+----+-----+-----+-----+
    |         Instance         |        Module       | BRAM_18K| DSP|  FF | LUT | URAM|
    +--------------------------+---------------------+---------+----+-----+-----+-----+
    |mul_8ns_10ns_17_1_1_U916  |mul_8ns_10ns_17_1_1  |        0|   0|    0|   62|    0|
    |urem_8ns_7ns_6_12_1_U917  |urem_8ns_7ns_6_12_1  |        0|   0|  189|  106|    0|
    +--------------------------+---------------------+---------+----+-----+-----+-----+
    |Total                     |                     |        0|   0|  189|  168|    0|
    +--------------------------+---------------------+---------+----+-----+-----+-----+

    * DSP: 
    N/A

    * Memory: 
    N/A

    * FIFO: 
    N/A

    * Expression: 
    +---------------------------+----------+----+---+----+------------+------------+
    |       Variable Name       | Operation| DSP| FF| LUT| Bitwidth P0| Bitwidth P1|
    +---------------------------+----------+----+---+----+------------+------------+
    |add_ln75_1_fu_887_p2       |         +|   0|  0|  21|          14|           1|
    |add_ln75_fu_1030_p2        |         +|   0|  0|  15|           8|           1|
    |add_ln76_1_fu_942_p2       |         +|   0|  0|  13|           6|           1|
    |add_ln76_fu_936_p2         |         +|   0|  0|  15|           8|           3|
    |add_ln79_1_fu_1064_p2      |         +|   0|  0|  18|          10|          10|
    |add_ln79_fu_1055_p2        |         +|   0|  0|  18|          10|          10|
    |ap_block_pp0_stage0_11001  |       and|   0|  0|   2|           1|           1|
    |ap_condition_805           |       and|   0|  0|   2|           1|           1|
    |icmp_ln75_fu_881_p2        |      icmp|   0|  0|  21|          14|          14|
    |icmp_ln76_fu_896_p2        |      icmp|   0|  0|  13|           6|           5|
    |select_ln75_1_fu_1036_p3   |    select|   0|  0|   8|           1|           8|
    |select_ln75_fu_902_p3      |    select|   0|  0|   8|           1|           1|
    |select_ln76_fu_948_p3      |    select|   0|  0|   6|           1|           1|
    |ap_enable_pp0              |       xor|   0|  0|   2|           1|           2|
    +---------------------------+----------+----+---+----+------------+------------+
    |Total                      |          |   0|  0| 162|          82|          59|
    +---------------------------+----------+----+---+----+------------+------------+

    * Multiplexer: 
    +--------------------------------------+----+-----------+-----+-----------+
    |                 Name                 | LUT| Input Size| Bits| Total Bits|
    +--------------------------------------+----+-----------+-----+-----------+
    |C_0_d0                                |  26|          5|   32|        160|
    |C_10_d0                               |  26|          5|   32|        160|
    |C_11_d0                               |  26|          5|   32|        160|
    |C_12_d0                               |  26|          5|   32|        160|
    |C_13_d0                               |  26|          5|   32|        160|
    |C_14_d0                               |  26|          5|   32|        160|
    |C_15_d0                               |  26|          5|   32|        160|
    |C_16_d0                               |  26|          5|   32|        160|
    |C_17_d0                               |  26|          5|   32|        160|
    |C_18_d0                               |  26|          5|   32|        160|
    |C_19_d0                               |  26|          5|   32|        160|
    |C_1_d0                                |  26|          5|   32|        160|
    |C_20_d0                               |  26|          5|   32|        160|
    |C_21_d0                               |  26|          5|   32|        160|
    |C_22_d0                               |  26|          5|   32|        160|
    |C_23_d0                               |  26|          5|   32|        160|
    |C_24_d0                               |  26|          5|   32|        160|
    |C_25_d0                               |  26|          5|   32|        160|
    |C_26_d0                               |  26|          5|   32|        160|
    |C_27_d0                               |  26|          5|   32|        160|
    |C_28_d0                               |  26|          5|   32|        160|
    |C_29_d0                               |  26|          5|   32|        160|
    |C_2_d0                                |  26|          5|   32|        160|
    |C_30_d0                               |  26|          5|   32|        160|
    |C_31_d0                               |  26|          5|   32|        160|
    |C_32_d0                               |  26|          5|   32|        160|
    |C_33_d0                               |  26|          5|   32|        160|
    |C_34_d0                               |  26|          5|   32|        160|
    |C_35_d0                               |  26|          5|   32|        160|
    |C_36_d0                               |  26|          5|   32|        160|
    |C_37_d0                               |  26|          5|   32|        160|
    |C_38_d0                               |  26|          5|   32|        160|
    |C_39_d0                               |  26|          5|   32|        160|
    |C_3_d0                                |  26|          5|   32|        160|
    |C_40_d0                               |  26|          5|   32|        160|
    |C_41_d0                               |  26|          5|   32|        160|
    |C_42_d0                               |  26|          5|   32|        160|
    |C_43_d0                               |  26|          5|   32|        160|
    |C_4_d0                                |  26|          5|   32|        160|
    |C_5_d0                                |  26|          5|   32|        160|
    |C_6_d0                                |  26|          5|   32|        160|
    |C_7_d0                                |  26|          5|   32|        160|
    |C_8_d0                                |  26|          5|   32|        160|
    |C_9_d0                                |  26|          5|   32|        160|
    |ap_done_int                           |   9|          2|    1|          2|
    |ap_enable_reg_pp0_iter1               |   9|          2|    1|          2|
    |ap_sig_allocacmp_i1_load              |   9|          2|    8|         16|
    |ap_sig_allocacmp_indvar_flatten_load  |   9|          2|   14|         28|
    |ap_sig_allocacmp_indvar_load          |   9|          2|    6|         12|
    |i0_fu_260                             |   9|          2|    8|         16|
    |i1_fu_252                             |   9|          2|    8|         16|
    |indvar_flatten_fu_264                 |   9|          2|   14|         28|
    |indvar_fu_256                         |   9|          2|    6|         12|
    |kernel_C_blk_n_R                      |   9|          2|    1|          2|
    +--------------------------------------+----+-----------+-----+-----------+
    |Total                                 |1234|        240| 1475|       7174|
    +--------------------------------------+----+-----------+-----+-----------+

    * Register: 
    +-----------------------------------+----+----+-----+-----------+
    |                Name               | FF | LUT| Bits| Const Bits|
    +-----------------------------------+----+----+-----+-----------+
    |ap_CS_fsm                          |   1|   0|    1|          0|
    |ap_done_reg                        |   1|   0|    1|          0|
    |ap_enable_reg_pp0_iter1            |   1|   0|    1|          0|
    |ap_enable_reg_pp0_iter10           |   1|   0|    1|          0|
    |ap_enable_reg_pp0_iter11           |   1|   0|    1|          0|
    |ap_enable_reg_pp0_iter2            |   1|   0|    1|          0|
    |ap_enable_reg_pp0_iter3            |   1|   0|    1|          0|
    |ap_enable_reg_pp0_iter4            |   1|   0|    1|          0|
    |ap_enable_reg_pp0_iter5            |   1|   0|    1|          0|
    |ap_enable_reg_pp0_iter6            |   1|   0|    1|          0|
    |ap_enable_reg_pp0_iter7            |   1|   0|    1|          0|
    |ap_enable_reg_pp0_iter8            |   1|   0|    1|          0|
    |ap_enable_reg_pp0_iter9            |   1|   0|    1|          0|
    |ap_loop_exit_ready_pp0_iter10_reg  |   1|   0|    1|          0|
    |ap_loop_exit_ready_pp0_iter1_reg   |   1|   0|    1|          0|
    |ap_loop_exit_ready_pp0_iter2_reg   |   1|   0|    1|          0|
    |ap_loop_exit_ready_pp0_iter3_reg   |   1|   0|    1|          0|
    |ap_loop_exit_ready_pp0_iter4_reg   |   1|   0|    1|          0|
    |ap_loop_exit_ready_pp0_iter5_reg   |   1|   0|    1|          0|
    |ap_loop_exit_ready_pp0_iter6_reg   |   1|   0|    1|          0|
    |ap_loop_exit_ready_pp0_iter7_reg   |   1|   0|    1|          0|
    |ap_loop_exit_ready_pp0_iter8_reg   |   1|   0|    1|          0|
    |ap_loop_exit_ready_pp0_iter9_reg   |   1|   0|    1|          0|
    |bitcast_ln78_1_reg_1227            |  32|   0|   32|          0|
    |bitcast_ln78_2_reg_1275            |  32|   0|   32|          0|
    |bitcast_ln78_3_reg_1323            |  32|   0|   32|          0|
    |bitcast_ln78_reg_1179              |  32|   0|   32|          0|
    |i0_fu_260                          |   8|   0|    8|          0|
    |i1_fu_252                          |   8|   0|    8|          0|
    |icmp_ln76_reg_1164                 |   1|   0|    1|          0|
    |indvar_flatten_fu_264              |  14|   0|   14|          0|
    |indvar_fu_256                      |   6|   0|    6|          0|
    |tmp_248_reg_1174                   |   3|   0|    3|          0|
    |icmp_ln76_reg_1164                 |  64|  32|    1|          0|
    |tmp_248_reg_1174                   |  64|  32|    3|          0|
    +-----------------------------------+----+----+-----+-----------+
    |Total                              | 319|  64|  195|          0|
    +-----------------------------------+----+----+-----+-----------+



================================================================
== Interface
================================================================
* Summary: 
+-------------------------+-----+-----+------------+-------------------------------------------------+--------------+
|        RTL Ports        | Dir | Bits|  Protocol  |                  Source Object                  |    C Type    |
+-------------------------+-----+-----+------------+-------------------------------------------------+--------------+
|ap_clk                   |   in|    1|  ap_ctrl_hs|  load_C_Pipeline_VITIS_LOOP_75_1_VITIS_LOOP_76_2|  return value|
|ap_rst                   |   in|    1|  ap_ctrl_hs|  load_C_Pipeline_VITIS_LOOP_75_1_VITIS_LOOP_76_2|  return value|
|ap_start                 |   in|    1|  ap_ctrl_hs|  load_C_Pipeline_VITIS_LOOP_75_1_VITIS_LOOP_76_2|  return value|
|ap_done                  |  out|    1|  ap_ctrl_hs|  load_C_Pipeline_VITIS_LOOP_75_1_VITIS_LOOP_76_2|  return value|
|ap_idle                  |  out|    1|  ap_ctrl_hs|  load_C_Pipeline_VITIS_LOOP_75_1_VITIS_LOOP_76_2|  return value|
|ap_ready                 |  out|    1|  ap_ctrl_hs|  load_C_Pipeline_VITIS_LOOP_75_1_VITIS_LOOP_76_2|  return value|
|m_axi_kernel_C_AWVALID   |  out|    1|       m_axi|                                         kernel_C|       pointer|
|m_axi_kernel_C_AWREADY   |   in|    1|       m_axi|                                         kernel_C|       pointer|
|m_axi_kernel_C_AWADDR    |  out|   64|       m_axi|                                         kernel_C|       pointer|
|m_axi_kernel_C_AWID      |  out|    1|       m_axi|                                         kernel_C|       pointer|
|m_axi_kernel_C_AWLEN     |  out|   32|       m_axi|                                         kernel_C|       pointer|
|m_axi_kernel_C_AWSIZE    |  out|    3|       m_axi|                                         kernel_C|       pointer|
|m_axi_kernel_C_AWBURST   |  out|    2|       m_axi|                                         kernel_C|       pointer|
|m_axi_kernel_C_AWLOCK    |  out|    2|       m_axi|                                         kernel_C|       pointer|
|m_axi_kernel_C_AWCACHE   |  out|    4|       m_axi|                                         kernel_C|       pointer|
|m_axi_kernel_C_AWPROT    |  out|    3|       m_axi|                                         kernel_C|       pointer|
|m_axi_kernel_C_AWQOS     |  out|    4|       m_axi|                                         kernel_C|       pointer|
|m_axi_kernel_C_AWREGION  |  out|    4|       m_axi|                                         kernel_C|       pointer|
|m_axi_kernel_C_AWUSER    |  out|    1|       m_axi|                                         kernel_C|       pointer|
|m_axi_kernel_C_WVALID    |  out|    1|       m_axi|                                         kernel_C|       pointer|
|m_axi_kernel_C_WREADY    |   in|    1|       m_axi|                                         kernel_C|       pointer|
|m_axi_kernel_C_WDATA     |  out|  128|       m_axi|                                         kernel_C|       pointer|
|m_axi_kernel_C_WSTRB     |  out|   16|       m_axi|                                         kernel_C|       pointer|
|m_axi_kernel_C_WLAST     |  out|    1|       m_axi|                                         kernel_C|       pointer|
|m_axi_kernel_C_WID       |  out|    1|       m_axi|                                         kernel_C|       pointer|
|m_axi_kernel_C_WUSER     |  out|    1|       m_axi|                                         kernel_C|       pointer|
|m_axi_kernel_C_ARVALID   |  out|    1|       m_axi|                                         kernel_C|       pointer|
|m_axi_kernel_C_ARREADY   |   in|    1|       m_axi|                                         kernel_C|       pointer|
|m_axi_kernel_C_ARADDR    |  out|   64|       m_axi|                                         kernel_C|       pointer|
|m_axi_kernel_C_ARID      |  out|    1|       m_axi|                                         kernel_C|       pointer|
|m_axi_kernel_C_ARLEN     |  out|   32|       m_axi|                                         kernel_C|       pointer|
|m_axi_kernel_C_ARSIZE    |  out|    3|       m_axi|                                         kernel_C|       pointer|
|m_axi_kernel_C_ARBURST   |  out|    2|       m_axi|                                         kernel_C|       pointer|
|m_axi_kernel_C_ARLOCK    |  out|    2|       m_axi|                                         kernel_C|       pointer|
|m_axi_kernel_C_ARCACHE   |  out|    4|       m_axi|                                         kernel_C|       pointer|
|m_axi_kernel_C_ARPROT    |  out|    3|       m_axi|                                         kernel_C|       pointer|
|m_axi_kernel_C_ARQOS     |  out|    4|       m_axi|                                         kernel_C|       pointer|
|m_axi_kernel_C_ARREGION  |  out|    4|       m_axi|                                         kernel_C|       pointer|
|m_axi_kernel_C_ARUSER    |  out|    1|       m_axi|                                         kernel_C|       pointer|
|m_axi_kernel_C_RVALID    |   in|    1|       m_axi|                                         kernel_C|       pointer|
|m_axi_kernel_C_RREADY    |  out|    1|       m_axi|                                         kernel_C|       pointer|
|m_axi_kernel_C_RDATA     |   in|  128|       m_axi|                                         kernel_C|       pointer|
|m_axi_kernel_C_RLAST     |   in|    1|       m_axi|                                         kernel_C|       pointer|
|m_axi_kernel_C_RID       |   in|    1|       m_axi|                                         kernel_C|       pointer|
|m_axi_kernel_C_RFIFONUM  |   in|    9|       m_axi|                                         kernel_C|       pointer|
|m_axi_kernel_C_RUSER     |   in|    1|       m_axi|                                         kernel_C|       pointer|
|m_axi_kernel_C_RRESP     |   in|    2|       m_axi|                                         kernel_C|       pointer|
|m_axi_kernel_C_BVALID    |   in|    1|       m_axi|                                         kernel_C|       pointer|
|m_axi_kernel_C_BREADY    |  out|    1|       m_axi|                                         kernel_C|       pointer|
|m_axi_kernel_C_BRESP     |   in|    2|       m_axi|                                         kernel_C|       pointer|
|m_axi_kernel_C_BID       |   in|    1|       m_axi|                                         kernel_C|       pointer|
|m_axi_kernel_C_BUSER     |   in|    1|       m_axi|                                         kernel_C|       pointer|
|sext_ln75                |   in|   60|     ap_none|                                        sext_ln75|        scalar|
|C_0_address0             |  out|   10|   ap_memory|                                              C_0|         array|
|C_0_ce0                  |  out|    1|   ap_memory|                                              C_0|         array|
|C_0_we0                  |  out|    1|   ap_memory|                                              C_0|         array|
|C_0_d0                   |  out|   32|   ap_memory|                                              C_0|         array|
|C_1_address0             |  out|   10|   ap_memory|                                              C_1|         array|
|C_1_ce0                  |  out|    1|   ap_memory|                                              C_1|         array|
|C_1_we0                  |  out|    1|   ap_memory|                                              C_1|         array|
|C_1_d0                   |  out|   32|   ap_memory|                                              C_1|         array|
|C_2_address0             |  out|   10|   ap_memory|                                              C_2|         array|
|C_2_ce0                  |  out|    1|   ap_memory|                                              C_2|         array|
|C_2_we0                  |  out|    1|   ap_memory|                                              C_2|         array|
|C_2_d0                   |  out|   32|   ap_memory|                                              C_2|         array|
|C_3_address0             |  out|   10|   ap_memory|                                              C_3|         array|
|C_3_ce0                  |  out|    1|   ap_memory|                                              C_3|         array|
|C_3_we0                  |  out|    1|   ap_memory|                                              C_3|         array|
|C_3_d0                   |  out|   32|   ap_memory|                                              C_3|         array|
|C_4_address0             |  out|   10|   ap_memory|                                              C_4|         array|
|C_4_ce0                  |  out|    1|   ap_memory|                                              C_4|         array|
|C_4_we0                  |  out|    1|   ap_memory|                                              C_4|         array|
|C_4_d0                   |  out|   32|   ap_memory|                                              C_4|         array|
|C_5_address0             |  out|   10|   ap_memory|                                              C_5|         array|
|C_5_ce0                  |  out|    1|   ap_memory|                                              C_5|         array|
|C_5_we0                  |  out|    1|   ap_memory|                                              C_5|         array|
|C_5_d0                   |  out|   32|   ap_memory|                                              C_5|         array|
|C_6_address0             |  out|   10|   ap_memory|                                              C_6|         array|
|C_6_ce0                  |  out|    1|   ap_memory|                                              C_6|         array|
|C_6_we0                  |  out|    1|   ap_memory|                                              C_6|         array|
|C_6_d0                   |  out|   32|   ap_memory|                                              C_6|         array|
|C_7_address0             |  out|   10|   ap_memory|                                              C_7|         array|
|C_7_ce0                  |  out|    1|   ap_memory|                                              C_7|         array|
|C_7_we0                  |  out|    1|   ap_memory|                                              C_7|         array|
|C_7_d0                   |  out|   32|   ap_memory|                                              C_7|         array|
|C_8_address0             |  out|   10|   ap_memory|                                              C_8|         array|
|C_8_ce0                  |  out|    1|   ap_memory|                                              C_8|         array|
|C_8_we0                  |  out|    1|   ap_memory|                                              C_8|         array|
|C_8_d0                   |  out|   32|   ap_memory|                                              C_8|         array|
|C_9_address0             |  out|   10|   ap_memory|                                              C_9|         array|
|C_9_ce0                  |  out|    1|   ap_memory|                                              C_9|         array|
|C_9_we0                  |  out|    1|   ap_memory|                                              C_9|         array|
|C_9_d0                   |  out|   32|   ap_memory|                                              C_9|         array|
|C_10_address0            |  out|   10|   ap_memory|                                             C_10|         array|
|C_10_ce0                 |  out|    1|   ap_memory|                                             C_10|         array|
|C_10_we0                 |  out|    1|   ap_memory|                                             C_10|         array|
|C_10_d0                  |  out|   32|   ap_memory|                                             C_10|         array|
|C_11_address0            |  out|   10|   ap_memory|                                             C_11|         array|
|C_11_ce0                 |  out|    1|   ap_memory|                                             C_11|         array|
|C_11_we0                 |  out|    1|   ap_memory|                                             C_11|         array|
|C_11_d0                  |  out|   32|   ap_memory|                                             C_11|         array|
|C_12_address0            |  out|   10|   ap_memory|                                             C_12|         array|
|C_12_ce0                 |  out|    1|   ap_memory|                                             C_12|         array|
|C_12_we0                 |  out|    1|   ap_memory|                                             C_12|         array|
|C_12_d0                  |  out|   32|   ap_memory|                                             C_12|         array|
|C_13_address0            |  out|   10|   ap_memory|                                             C_13|         array|
|C_13_ce0                 |  out|    1|   ap_memory|                                             C_13|         array|
|C_13_we0                 |  out|    1|   ap_memory|                                             C_13|         array|
|C_13_d0                  |  out|   32|   ap_memory|                                             C_13|         array|
|C_14_address0            |  out|   10|   ap_memory|                                             C_14|         array|
|C_14_ce0                 |  out|    1|   ap_memory|                                             C_14|         array|
|C_14_we0                 |  out|    1|   ap_memory|                                             C_14|         array|
|C_14_d0                  |  out|   32|   ap_memory|                                             C_14|         array|
|C_15_address0            |  out|   10|   ap_memory|                                             C_15|         array|
|C_15_ce0                 |  out|    1|   ap_memory|                                             C_15|         array|
|C_15_we0                 |  out|    1|   ap_memory|                                             C_15|         array|
|C_15_d0                  |  out|   32|   ap_memory|                                             C_15|         array|
|C_16_address0            |  out|   10|   ap_memory|                                             C_16|         array|
|C_16_ce0                 |  out|    1|   ap_memory|                                             C_16|         array|
|C_16_we0                 |  out|    1|   ap_memory|                                             C_16|         array|
|C_16_d0                  |  out|   32|   ap_memory|                                             C_16|         array|
|C_17_address0            |  out|   10|   ap_memory|                                             C_17|         array|
|C_17_ce0                 |  out|    1|   ap_memory|                                             C_17|         array|
|C_17_we0                 |  out|    1|   ap_memory|                                             C_17|         array|
|C_17_d0                  |  out|   32|   ap_memory|                                             C_17|         array|
|C_18_address0            |  out|   10|   ap_memory|                                             C_18|         array|
|C_18_ce0                 |  out|    1|   ap_memory|                                             C_18|         array|
|C_18_we0                 |  out|    1|   ap_memory|                                             C_18|         array|
|C_18_d0                  |  out|   32|   ap_memory|                                             C_18|         array|
|C_19_address0            |  out|   10|   ap_memory|                                             C_19|         array|
|C_19_ce0                 |  out|    1|   ap_memory|                                             C_19|         array|
|C_19_we0                 |  out|    1|   ap_memory|                                             C_19|         array|
|C_19_d0                  |  out|   32|   ap_memory|                                             C_19|         array|
|C_20_address0            |  out|   10|   ap_memory|                                             C_20|         array|
|C_20_ce0                 |  out|    1|   ap_memory|                                             C_20|         array|
|C_20_we0                 |  out|    1|   ap_memory|                                             C_20|         array|
|C_20_d0                  |  out|   32|   ap_memory|                                             C_20|         array|
|C_21_address0            |  out|   10|   ap_memory|                                             C_21|         array|
|C_21_ce0                 |  out|    1|   ap_memory|                                             C_21|         array|
|C_21_we0                 |  out|    1|   ap_memory|                                             C_21|         array|
|C_21_d0                  |  out|   32|   ap_memory|                                             C_21|         array|
|C_22_address0            |  out|   10|   ap_memory|                                             C_22|         array|
|C_22_ce0                 |  out|    1|   ap_memory|                                             C_22|         array|
|C_22_we0                 |  out|    1|   ap_memory|                                             C_22|         array|
|C_22_d0                  |  out|   32|   ap_memory|                                             C_22|         array|
|C_23_address0            |  out|   10|   ap_memory|                                             C_23|         array|
|C_23_ce0                 |  out|    1|   ap_memory|                                             C_23|         array|
|C_23_we0                 |  out|    1|   ap_memory|                                             C_23|         array|
|C_23_d0                  |  out|   32|   ap_memory|                                             C_23|         array|
|C_24_address0            |  out|   10|   ap_memory|                                             C_24|         array|
|C_24_ce0                 |  out|    1|   ap_memory|                                             C_24|         array|
|C_24_we0                 |  out|    1|   ap_memory|                                             C_24|         array|
|C_24_d0                  |  out|   32|   ap_memory|                                             C_24|         array|
|C_25_address0            |  out|   10|   ap_memory|                                             C_25|         array|
|C_25_ce0                 |  out|    1|   ap_memory|                                             C_25|         array|
|C_25_we0                 |  out|    1|   ap_memory|                                             C_25|         array|
|C_25_d0                  |  out|   32|   ap_memory|                                             C_25|         array|
|C_26_address0            |  out|   10|   ap_memory|                                             C_26|         array|
|C_26_ce0                 |  out|    1|   ap_memory|                                             C_26|         array|
|C_26_we0                 |  out|    1|   ap_memory|                                             C_26|         array|
|C_26_d0                  |  out|   32|   ap_memory|                                             C_26|         array|
|C_27_address0            |  out|   10|   ap_memory|                                             C_27|         array|
|C_27_ce0                 |  out|    1|   ap_memory|                                             C_27|         array|
|C_27_we0                 |  out|    1|   ap_memory|                                             C_27|         array|
|C_27_d0                  |  out|   32|   ap_memory|                                             C_27|         array|
|C_28_address0            |  out|   10|   ap_memory|                                             C_28|         array|
|C_28_ce0                 |  out|    1|   ap_memory|                                             C_28|         array|
|C_28_we0                 |  out|    1|   ap_memory|                                             C_28|         array|
|C_28_d0                  |  out|   32|   ap_memory|                                             C_28|         array|
|C_29_address0            |  out|   10|   ap_memory|                                             C_29|         array|
|C_29_ce0                 |  out|    1|   ap_memory|                                             C_29|         array|
|C_29_we0                 |  out|    1|   ap_memory|                                             C_29|         array|
|C_29_d0                  |  out|   32|   ap_memory|                                             C_29|         array|
|C_30_address0            |  out|   10|   ap_memory|                                             C_30|         array|
|C_30_ce0                 |  out|    1|   ap_memory|                                             C_30|         array|
|C_30_we0                 |  out|    1|   ap_memory|                                             C_30|         array|
|C_30_d0                  |  out|   32|   ap_memory|                                             C_30|         array|
|C_31_address0            |  out|   10|   ap_memory|                                             C_31|         array|
|C_31_ce0                 |  out|    1|   ap_memory|                                             C_31|         array|
|C_31_we0                 |  out|    1|   ap_memory|                                             C_31|         array|
|C_31_d0                  |  out|   32|   ap_memory|                                             C_31|         array|
|C_32_address0            |  out|   10|   ap_memory|                                             C_32|         array|
|C_32_ce0                 |  out|    1|   ap_memory|                                             C_32|         array|
|C_32_we0                 |  out|    1|   ap_memory|                                             C_32|         array|
|C_32_d0                  |  out|   32|   ap_memory|                                             C_32|         array|
|C_33_address0            |  out|   10|   ap_memory|                                             C_33|         array|
|C_33_ce0                 |  out|    1|   ap_memory|                                             C_33|         array|
|C_33_we0                 |  out|    1|   ap_memory|                                             C_33|         array|
|C_33_d0                  |  out|   32|   ap_memory|                                             C_33|         array|
|C_34_address0            |  out|   10|   ap_memory|                                             C_34|         array|
|C_34_ce0                 |  out|    1|   ap_memory|                                             C_34|         array|
|C_34_we0                 |  out|    1|   ap_memory|                                             C_34|         array|
|C_34_d0                  |  out|   32|   ap_memory|                                             C_34|         array|
|C_35_address0            |  out|   10|   ap_memory|                                             C_35|         array|
|C_35_ce0                 |  out|    1|   ap_memory|                                             C_35|         array|
|C_35_we0                 |  out|    1|   ap_memory|                                             C_35|         array|
|C_35_d0                  |  out|   32|   ap_memory|                                             C_35|         array|
|C_36_address0            |  out|   10|   ap_memory|                                             C_36|         array|
|C_36_ce0                 |  out|    1|   ap_memory|                                             C_36|         array|
|C_36_we0                 |  out|    1|   ap_memory|                                             C_36|         array|
|C_36_d0                  |  out|   32|   ap_memory|                                             C_36|         array|
|C_37_address0            |  out|   10|   ap_memory|                                             C_37|         array|
|C_37_ce0                 |  out|    1|   ap_memory|                                             C_37|         array|
|C_37_we0                 |  out|    1|   ap_memory|                                             C_37|         array|
|C_37_d0                  |  out|   32|   ap_memory|                                             C_37|         array|
|C_38_address0            |  out|   10|   ap_memory|                                             C_38|         array|
|C_38_ce0                 |  out|    1|   ap_memory|                                             C_38|         array|
|C_38_we0                 |  out|    1|   ap_memory|                                             C_38|         array|
|C_38_d0                  |  out|   32|   ap_memory|                                             C_38|         array|
|C_39_address0            |  out|   10|   ap_memory|                                             C_39|         array|
|C_39_ce0                 |  out|    1|   ap_memory|                                             C_39|         array|
|C_39_we0                 |  out|    1|   ap_memory|                                             C_39|         array|
|C_39_d0                  |  out|   32|   ap_memory|                                             C_39|         array|
|C_40_address0            |  out|   10|   ap_memory|                                             C_40|         array|
|C_40_ce0                 |  out|    1|   ap_memory|                                             C_40|         array|
|C_40_we0                 |  out|    1|   ap_memory|                                             C_40|         array|
|C_40_d0                  |  out|   32|   ap_memory|                                             C_40|         array|
|C_41_address0            |  out|   10|   ap_memory|                                             C_41|         array|
|C_41_ce0                 |  out|    1|   ap_memory|                                             C_41|         array|
|C_41_we0                 |  out|    1|   ap_memory|                                             C_41|         array|
|C_41_d0                  |  out|   32|   ap_memory|                                             C_41|         array|
|C_42_address0            |  out|   10|   ap_memory|                                             C_42|         array|
|C_42_ce0                 |  out|    1|   ap_memory|                                             C_42|         array|
|C_42_we0                 |  out|    1|   ap_memory|                                             C_42|         array|
|C_42_d0                  |  out|   32|   ap_memory|                                             C_42|         array|
|C_43_address0            |  out|   10|   ap_memory|                                             C_43|         array|
|C_43_ce0                 |  out|    1|   ap_memory|                                             C_43|         array|
|C_43_we0                 |  out|    1|   ap_memory|                                             C_43|         array|
|C_43_d0                  |  out|   32|   ap_memory|                                             C_43|         array|
+-------------------------+-----+-----+------------+-------------------------------------------------+--------------+

