

================================================================
== Vitis HLS Report for 'load_D'
================================================================
* Date:           Mon Aug 19 20:28:58 2024

* Version:        2023.2 (Build 4023990 on Oct 11 2023)
* Project:        kernel_nlp
* Solution:       solution (Vitis Kernel Flow Target)
* Product family: virtexuplusHBM
* Target device:  xcu55c-fsvh2892-2L-e


================================================================
== Performance Estimates
================================================================
+ Timing: 
    * Summary: 
    +--------+---------+----------+------------+
    |  Clock |  Target | Estimated| Uncertainty|
    +--------+---------+----------+------------+
    |ap_clk  |  4.55 ns|  3.318 ns|     1.23 ns|
    +--------+---------+----------+------------+

+ Latency: 
    * Summary: 
    +---------+---------+----------+----------+-------+-------+---------+
    |  Latency (cycles) |  Latency (absolute) |    Interval   | Pipeline|
    |   min   |   max   |    min   |    max   |  min  |  max  |   Type  |
    +---------+---------+----------+----------+-------+-------+---------+
    |    23184|    23184|  0.105 ms|  0.105 ms|  23184|  23184|       no|
    +---------+---------+----------+----------+-------+-------+---------+

    + Detail: 
        * Instance: 
        +------------------------------------------------------------+-------------------------------------------------+---------+---------+----------+----------+-------+-------+---------+
        |                                                            |                                                 |  Latency (cycles) |  Latency (absolute) |    Interval   | Pipeline|
        |                          Instance                          |                      Module                     |   min   |   max   |    min   |    max   |  min  |  max  |   Type  |
        +------------------------------------------------------------+-------------------------------------------------+---------+---------+----------+----------+-------+-------+---------+
        |grp_load_D_Pipeline_VITIS_LOOP_64_1_VITIS_LOOP_65_2_fu_269  |load_D_Pipeline_VITIS_LOOP_64_1_VITIS_LOOP_65_2  |    23112|    23112|  0.105 ms|  0.105 ms|  23112|  23112|       no|
        +------------------------------------------------------------+-------------------------------------------------+---------+---------+----------+----------+-------+-------+---------+

        * Loop: 
        N/A



================================================================
== Utilization Estimates
================================================================
* Summary: 
+---------------------+---------+------+---------+---------+-----+
|         Name        | BRAM_18K|  DSP |    FF   |   LUT   | URAM|
+---------------------+---------+------+---------+---------+-----+
|DSP                  |        -|     -|        -|        -|    -|
|Expression           |        -|     -|        -|        -|    -|
|FIFO                 |        -|     -|        -|        -|    -|
|Instance             |        -|     1|      651|     2165|    -|
|Memory               |        -|     -|        -|        -|    -|
|Multiplexer          |        -|     -|        -|      479|    -|
|Register             |        -|     -|      135|        -|    -|
+---------------------+---------+------+---------+---------+-----+
|Total                |        0|     1|      786|     2644|    0|
+---------------------+---------+------+---------+---------+-----+
|Available SLR        |     1344|  3008|   869120|   434560|  320|
+---------------------+---------+------+---------+---------+-----+
|Utilization SLR (%)  |        0|    ~0|       ~0|       ~0|    0|
+---------------------+---------+------+---------+---------+-----+
|Available            |     4032|  9024|  2607360|  1303680|  960|
+---------------------+---------+------+---------+---------+-----+
|Utilization (%)      |        0|    ~0|       ~0|       ~0|    0|
+---------------------+---------+------+---------+---------+-----+

+ Detail: 
    * Instance: 
    +------------------------------------------------------------+-------------------------------------------------+---------+----+-----+------+-----+
    |                          Instance                          |                      Module                     | BRAM_18K| DSP|  FF |  LUT | URAM|
    +------------------------------------------------------------+-------------------------------------------------+---------+----+-----+------+-----+
    |grp_load_D_Pipeline_VITIS_LOOP_64_1_VITIS_LOOP_65_2_fu_269  |load_D_Pipeline_VITIS_LOOP_64_1_VITIS_LOOP_65_2  |        0|   1|  651|  2165|    0|
    +------------------------------------------------------------+-------------------------------------------------+---------+----+-----+------+-----+
    |Total                                                       |                                                 |        0|   1|  651|  2165|    0|
    +------------------------------------------------------------+-------------------------------------------------+---------+----+-----+------+-----+

    * DSP: 
    N/A

    * Memory: 
    N/A

    * FIFO: 
    N/A

    * Expression: 
    N/A

    * Multiplexer: 
    +-------------------------+-----+-----------+-----+-----------+
    |           Name          | LUT | Input Size| Bits| Total Bits|
    +-------------------------+-----+-----------+-----+-----------+
    |ap_NS_fsm                |  338|         74|    1|         74|
    |kernel_D_blk_n_AR        |    9|          2|    1|          2|
    |m_axi_kernel_D_ARADDR    |   14|          3|   64|        192|
    |m_axi_kernel_D_ARBURST   |    9|          2|    2|          4|
    |m_axi_kernel_D_ARCACHE   |    9|          2|    4|          8|
    |m_axi_kernel_D_ARID      |    9|          2|    1|          2|
    |m_axi_kernel_D_ARLEN     |   14|          3|   32|         96|
    |m_axi_kernel_D_ARLOCK    |    9|          2|    2|          4|
    |m_axi_kernel_D_ARPROT    |    9|          2|    3|          6|
    |m_axi_kernel_D_ARQOS     |    9|          2|    4|          8|
    |m_axi_kernel_D_ARREGION  |    9|          2|    4|          8|
    |m_axi_kernel_D_ARSIZE    |    9|          2|    3|          6|
    |m_axi_kernel_D_ARUSER    |    9|          2|    1|          2|
    |m_axi_kernel_D_ARVALID   |   14|          3|    1|          3|
    |m_axi_kernel_D_RREADY    |    9|          2|    1|          2|
    +-------------------------+-----+-----------+-----+-----------+
    |Total                    |  479|        105|  124|        417|
    +-------------------------+-----+-----------+-----+-----------+

    * Register: 
    +-------------------------------------------------------------------------+----+----+-----+-----------+
    |                                   Name                                  | FF | LUT| Bits| Const Bits|
    +-------------------------------------------------------------------------+----+----+-----+-----------+
    |ap_CS_fsm                                                                |  73|   0|   73|          0|
    |grp_load_D_Pipeline_VITIS_LOOP_64_1_VITIS_LOOP_65_2_fu_269_ap_start_reg  |   1|   0|    1|          0|
    |trunc_ln_reg_517                                                         |  61|   0|   61|          0|
    +-------------------------------------------------------------------------+----+----+-----+-----------+
    |Total                                                                    | 135|   0|  135|          0|
    +-------------------------------------------------------------------------+----+----+-----+-----------+



================================================================
== Interface
================================================================
* Summary: 
+-------------------------+-----+-----+------------+--------------+--------------+
|        RTL Ports        | Dir | Bits|  Protocol  | Source Object|    C Type    |
+-------------------------+-----+-----+------------+--------------+--------------+
|ap_clk                   |   in|    1|  ap_ctrl_hs|        load_D|  return value|
|ap_rst                   |   in|    1|  ap_ctrl_hs|        load_D|  return value|
|ap_start                 |   in|    1|  ap_ctrl_hs|        load_D|  return value|
|ap_done                  |  out|    1|  ap_ctrl_hs|        load_D|  return value|
|ap_idle                  |  out|    1|  ap_ctrl_hs|        load_D|  return value|
|ap_ready                 |  out|    1|  ap_ctrl_hs|        load_D|  return value|
|D_0_0_address0           |  out|    9|   ap_memory|         D_0_0|         array|
|D_0_0_ce0                |  out|    1|   ap_memory|         D_0_0|         array|
|D_0_0_we0                |  out|    1|   ap_memory|         D_0_0|         array|
|D_0_0_d0                 |  out|   32|   ap_memory|         D_0_0|         array|
|D_0_1_address0           |  out|    9|   ap_memory|         D_0_1|         array|
|D_0_1_ce0                |  out|    1|   ap_memory|         D_0_1|         array|
|D_0_1_we0                |  out|    1|   ap_memory|         D_0_1|         array|
|D_0_1_d0                 |  out|   32|   ap_memory|         D_0_1|         array|
|D_0_2_address0           |  out|    9|   ap_memory|         D_0_2|         array|
|D_0_2_ce0                |  out|    1|   ap_memory|         D_0_2|         array|
|D_0_2_we0                |  out|    1|   ap_memory|         D_0_2|         array|
|D_0_2_d0                 |  out|   32|   ap_memory|         D_0_2|         array|
|D_0_3_address0           |  out|    9|   ap_memory|         D_0_3|         array|
|D_0_3_ce0                |  out|    1|   ap_memory|         D_0_3|         array|
|D_0_3_we0                |  out|    1|   ap_memory|         D_0_3|         array|
|D_0_3_d0                 |  out|   32|   ap_memory|         D_0_3|         array|
|D_0_4_address0           |  out|    9|   ap_memory|         D_0_4|         array|
|D_0_4_ce0                |  out|    1|   ap_memory|         D_0_4|         array|
|D_0_4_we0                |  out|    1|   ap_memory|         D_0_4|         array|
|D_0_4_d0                 |  out|   32|   ap_memory|         D_0_4|         array|
|D_0_5_address0           |  out|    9|   ap_memory|         D_0_5|         array|
|D_0_5_ce0                |  out|    1|   ap_memory|         D_0_5|         array|
|D_0_5_we0                |  out|    1|   ap_memory|         D_0_5|         array|
|D_0_5_d0                 |  out|   32|   ap_memory|         D_0_5|         array|
|D_0_6_address0           |  out|    9|   ap_memory|         D_0_6|         array|
|D_0_6_ce0                |  out|    1|   ap_memory|         D_0_6|         array|
|D_0_6_we0                |  out|    1|   ap_memory|         D_0_6|         array|
|D_0_6_d0                 |  out|   32|   ap_memory|         D_0_6|         array|
|D_0_7_address0           |  out|    9|   ap_memory|         D_0_7|         array|
|D_0_7_ce0                |  out|    1|   ap_memory|         D_0_7|         array|
|D_0_7_we0                |  out|    1|   ap_memory|         D_0_7|         array|
|D_0_7_d0                 |  out|   32|   ap_memory|         D_0_7|         array|
|D_0_8_address0           |  out|    9|   ap_memory|         D_0_8|         array|
|D_0_8_ce0                |  out|    1|   ap_memory|         D_0_8|         array|
|D_0_8_we0                |  out|    1|   ap_memory|         D_0_8|         array|
|D_0_8_d0                 |  out|   32|   ap_memory|         D_0_8|         array|
|D_0_9_address0           |  out|    9|   ap_memory|         D_0_9|         array|
|D_0_9_ce0                |  out|    1|   ap_memory|         D_0_9|         array|
|D_0_9_we0                |  out|    1|   ap_memory|         D_0_9|         array|
|D_0_9_d0                 |  out|   32|   ap_memory|         D_0_9|         array|
|D_1_0_address0           |  out|    9|   ap_memory|         D_1_0|         array|
|D_1_0_ce0                |  out|    1|   ap_memory|         D_1_0|         array|
|D_1_0_we0                |  out|    1|   ap_memory|         D_1_0|         array|
|D_1_0_d0                 |  out|   32|   ap_memory|         D_1_0|         array|
|D_1_1_address0           |  out|    9|   ap_memory|         D_1_1|         array|
|D_1_1_ce0                |  out|    1|   ap_memory|         D_1_1|         array|
|D_1_1_we0                |  out|    1|   ap_memory|         D_1_1|         array|
|D_1_1_d0                 |  out|   32|   ap_memory|         D_1_1|         array|
|D_1_2_address0           |  out|    9|   ap_memory|         D_1_2|         array|
|D_1_2_ce0                |  out|    1|   ap_memory|         D_1_2|         array|
|D_1_2_we0                |  out|    1|   ap_memory|         D_1_2|         array|
|D_1_2_d0                 |  out|   32|   ap_memory|         D_1_2|         array|
|D_1_3_address0           |  out|    9|   ap_memory|         D_1_3|         array|
|D_1_3_ce0                |  out|    1|   ap_memory|         D_1_3|         array|
|D_1_3_we0                |  out|    1|   ap_memory|         D_1_3|         array|
|D_1_3_d0                 |  out|   32|   ap_memory|         D_1_3|         array|
|D_1_4_address0           |  out|    9|   ap_memory|         D_1_4|         array|
|D_1_4_ce0                |  out|    1|   ap_memory|         D_1_4|         array|
|D_1_4_we0                |  out|    1|   ap_memory|         D_1_4|         array|
|D_1_4_d0                 |  out|   32|   ap_memory|         D_1_4|         array|
|D_1_5_address0           |  out|    9|   ap_memory|         D_1_5|         array|
|D_1_5_ce0                |  out|    1|   ap_memory|         D_1_5|         array|
|D_1_5_we0                |  out|    1|   ap_memory|         D_1_5|         array|
|D_1_5_d0                 |  out|   32|   ap_memory|         D_1_5|         array|
|D_1_6_address0           |  out|    9|   ap_memory|         D_1_6|         array|
|D_1_6_ce0                |  out|    1|   ap_memory|         D_1_6|         array|
|D_1_6_we0                |  out|    1|   ap_memory|         D_1_6|         array|
|D_1_6_d0                 |  out|   32|   ap_memory|         D_1_6|         array|
|D_1_7_address0           |  out|    9|   ap_memory|         D_1_7|         array|
|D_1_7_ce0                |  out|    1|   ap_memory|         D_1_7|         array|
|D_1_7_we0                |  out|    1|   ap_memory|         D_1_7|         array|
|D_1_7_d0                 |  out|   32|   ap_memory|         D_1_7|         array|
|D_1_8_address0           |  out|    9|   ap_memory|         D_1_8|         array|
|D_1_8_ce0                |  out|    1|   ap_memory|         D_1_8|         array|
|D_1_8_we0                |  out|    1|   ap_memory|         D_1_8|         array|
|D_1_8_d0                 |  out|   32|   ap_memory|         D_1_8|         array|
|D_1_9_address0           |  out|    9|   ap_memory|         D_1_9|         array|
|D_1_9_ce0                |  out|    1|   ap_memory|         D_1_9|         array|
|D_1_9_we0                |  out|    1|   ap_memory|         D_1_9|         array|
|D_1_9_d0                 |  out|   32|   ap_memory|         D_1_9|         array|
|D_2_0_address0           |  out|    9|   ap_memory|         D_2_0|         array|
|D_2_0_ce0                |  out|    1|   ap_memory|         D_2_0|         array|
|D_2_0_we0                |  out|    1|   ap_memory|         D_2_0|         array|
|D_2_0_d0                 |  out|   32|   ap_memory|         D_2_0|         array|
|D_2_1_address0           |  out|    9|   ap_memory|         D_2_1|         array|
|D_2_1_ce0                |  out|    1|   ap_memory|         D_2_1|         array|
|D_2_1_we0                |  out|    1|   ap_memory|         D_2_1|         array|
|D_2_1_d0                 |  out|   32|   ap_memory|         D_2_1|         array|
|D_2_2_address0           |  out|    9|   ap_memory|         D_2_2|         array|
|D_2_2_ce0                |  out|    1|   ap_memory|         D_2_2|         array|
|D_2_2_we0                |  out|    1|   ap_memory|         D_2_2|         array|
|D_2_2_d0                 |  out|   32|   ap_memory|         D_2_2|         array|
|D_2_3_address0           |  out|    9|   ap_memory|         D_2_3|         array|
|D_2_3_ce0                |  out|    1|   ap_memory|         D_2_3|         array|
|D_2_3_we0                |  out|    1|   ap_memory|         D_2_3|         array|
|D_2_3_d0                 |  out|   32|   ap_memory|         D_2_3|         array|
|D_2_4_address0           |  out|    9|   ap_memory|         D_2_4|         array|
|D_2_4_ce0                |  out|    1|   ap_memory|         D_2_4|         array|
|D_2_4_we0                |  out|    1|   ap_memory|         D_2_4|         array|
|D_2_4_d0                 |  out|   32|   ap_memory|         D_2_4|         array|
|D_2_5_address0           |  out|    9|   ap_memory|         D_2_5|         array|
|D_2_5_ce0                |  out|    1|   ap_memory|         D_2_5|         array|
|D_2_5_we0                |  out|    1|   ap_memory|         D_2_5|         array|
|D_2_5_d0                 |  out|   32|   ap_memory|         D_2_5|         array|
|D_2_6_address0           |  out|    9|   ap_memory|         D_2_6|         array|
|D_2_6_ce0                |  out|    1|   ap_memory|         D_2_6|         array|
|D_2_6_we0                |  out|    1|   ap_memory|         D_2_6|         array|
|D_2_6_d0                 |  out|   32|   ap_memory|         D_2_6|         array|
|D_2_7_address0           |  out|    9|   ap_memory|         D_2_7|         array|
|D_2_7_ce0                |  out|    1|   ap_memory|         D_2_7|         array|
|D_2_7_we0                |  out|    1|   ap_memory|         D_2_7|         array|
|D_2_7_d0                 |  out|   32|   ap_memory|         D_2_7|         array|
|D_2_8_address0           |  out|    9|   ap_memory|         D_2_8|         array|
|D_2_8_ce0                |  out|    1|   ap_memory|         D_2_8|         array|
|D_2_8_we0                |  out|    1|   ap_memory|         D_2_8|         array|
|D_2_8_d0                 |  out|   32|   ap_memory|         D_2_8|         array|
|D_2_9_address0           |  out|    9|   ap_memory|         D_2_9|         array|
|D_2_9_ce0                |  out|    1|   ap_memory|         D_2_9|         array|
|D_2_9_we0                |  out|    1|   ap_memory|         D_2_9|         array|
|D_2_9_d0                 |  out|   32|   ap_memory|         D_2_9|         array|
|D_3_0_address0           |  out|    9|   ap_memory|         D_3_0|         array|
|D_3_0_ce0                |  out|    1|   ap_memory|         D_3_0|         array|
|D_3_0_we0                |  out|    1|   ap_memory|         D_3_0|         array|
|D_3_0_d0                 |  out|   32|   ap_memory|         D_3_0|         array|
|D_3_1_address0           |  out|    9|   ap_memory|         D_3_1|         array|
|D_3_1_ce0                |  out|    1|   ap_memory|         D_3_1|         array|
|D_3_1_we0                |  out|    1|   ap_memory|         D_3_1|         array|
|D_3_1_d0                 |  out|   32|   ap_memory|         D_3_1|         array|
|D_3_2_address0           |  out|    9|   ap_memory|         D_3_2|         array|
|D_3_2_ce0                |  out|    1|   ap_memory|         D_3_2|         array|
|D_3_2_we0                |  out|    1|   ap_memory|         D_3_2|         array|
|D_3_2_d0                 |  out|   32|   ap_memory|         D_3_2|         array|
|D_3_3_address0           |  out|    9|   ap_memory|         D_3_3|         array|
|D_3_3_ce0                |  out|    1|   ap_memory|         D_3_3|         array|
|D_3_3_we0                |  out|    1|   ap_memory|         D_3_3|         array|
|D_3_3_d0                 |  out|   32|   ap_memory|         D_3_3|         array|
|D_3_4_address0           |  out|    9|   ap_memory|         D_3_4|         array|
|D_3_4_ce0                |  out|    1|   ap_memory|         D_3_4|         array|
|D_3_4_we0                |  out|    1|   ap_memory|         D_3_4|         array|
|D_3_4_d0                 |  out|   32|   ap_memory|         D_3_4|         array|
|D_3_5_address0           |  out|    9|   ap_memory|         D_3_5|         array|
|D_3_5_ce0                |  out|    1|   ap_memory|         D_3_5|         array|
|D_3_5_we0                |  out|    1|   ap_memory|         D_3_5|         array|
|D_3_5_d0                 |  out|   32|   ap_memory|         D_3_5|         array|
|D_3_6_address0           |  out|    9|   ap_memory|         D_3_6|         array|
|D_3_6_ce0                |  out|    1|   ap_memory|         D_3_6|         array|
|D_3_6_we0                |  out|    1|   ap_memory|         D_3_6|         array|
|D_3_6_d0                 |  out|   32|   ap_memory|         D_3_6|         array|
|D_3_7_address0           |  out|    9|   ap_memory|         D_3_7|         array|
|D_3_7_ce0                |  out|    1|   ap_memory|         D_3_7|         array|
|D_3_7_we0                |  out|    1|   ap_memory|         D_3_7|         array|
|D_3_7_d0                 |  out|   32|   ap_memory|         D_3_7|         array|
|D_3_8_address0           |  out|    9|   ap_memory|         D_3_8|         array|
|D_3_8_ce0                |  out|    1|   ap_memory|         D_3_8|         array|
|D_3_8_we0                |  out|    1|   ap_memory|         D_3_8|         array|
|D_3_8_d0                 |  out|   32|   ap_memory|         D_3_8|         array|
|D_3_9_address0           |  out|    9|   ap_memory|         D_3_9|         array|
|D_3_9_ce0                |  out|    1|   ap_memory|         D_3_9|         array|
|D_3_9_we0                |  out|    1|   ap_memory|         D_3_9|         array|
|D_3_9_d0                 |  out|   32|   ap_memory|         D_3_9|         array|
|D_4_0_address0           |  out|    9|   ap_memory|         D_4_0|         array|
|D_4_0_ce0                |  out|    1|   ap_memory|         D_4_0|         array|
|D_4_0_we0                |  out|    1|   ap_memory|         D_4_0|         array|
|D_4_0_d0                 |  out|   32|   ap_memory|         D_4_0|         array|
|D_4_1_address0           |  out|    9|   ap_memory|         D_4_1|         array|
|D_4_1_ce0                |  out|    1|   ap_memory|         D_4_1|         array|
|D_4_1_we0                |  out|    1|   ap_memory|         D_4_1|         array|
|D_4_1_d0                 |  out|   32|   ap_memory|         D_4_1|         array|
|D_4_2_address0           |  out|    9|   ap_memory|         D_4_2|         array|
|D_4_2_ce0                |  out|    1|   ap_memory|         D_4_2|         array|
|D_4_2_we0                |  out|    1|   ap_memory|         D_4_2|         array|
|D_4_2_d0                 |  out|   32|   ap_memory|         D_4_2|         array|
|D_4_3_address0           |  out|    9|   ap_memory|         D_4_3|         array|
|D_4_3_ce0                |  out|    1|   ap_memory|         D_4_3|         array|
|D_4_3_we0                |  out|    1|   ap_memory|         D_4_3|         array|
|D_4_3_d0                 |  out|   32|   ap_memory|         D_4_3|         array|
|D_4_4_address0           |  out|    9|   ap_memory|         D_4_4|         array|
|D_4_4_ce0                |  out|    1|   ap_memory|         D_4_4|         array|
|D_4_4_we0                |  out|    1|   ap_memory|         D_4_4|         array|
|D_4_4_d0                 |  out|   32|   ap_memory|         D_4_4|         array|
|D_4_5_address0           |  out|    9|   ap_memory|         D_4_5|         array|
|D_4_5_ce0                |  out|    1|   ap_memory|         D_4_5|         array|
|D_4_5_we0                |  out|    1|   ap_memory|         D_4_5|         array|
|D_4_5_d0                 |  out|   32|   ap_memory|         D_4_5|         array|
|D_4_6_address0           |  out|    9|   ap_memory|         D_4_6|         array|
|D_4_6_ce0                |  out|    1|   ap_memory|         D_4_6|         array|
|D_4_6_we0                |  out|    1|   ap_memory|         D_4_6|         array|
|D_4_6_d0                 |  out|   32|   ap_memory|         D_4_6|         array|
|D_4_7_address0           |  out|    9|   ap_memory|         D_4_7|         array|
|D_4_7_ce0                |  out|    1|   ap_memory|         D_4_7|         array|
|D_4_7_we0                |  out|    1|   ap_memory|         D_4_7|         array|
|D_4_7_d0                 |  out|   32|   ap_memory|         D_4_7|         array|
|D_4_8_address0           |  out|    9|   ap_memory|         D_4_8|         array|
|D_4_8_ce0                |  out|    1|   ap_memory|         D_4_8|         array|
|D_4_8_we0                |  out|    1|   ap_memory|         D_4_8|         array|
|D_4_8_d0                 |  out|   32|   ap_memory|         D_4_8|         array|
|D_4_9_address0           |  out|    9|   ap_memory|         D_4_9|         array|
|D_4_9_ce0                |  out|    1|   ap_memory|         D_4_9|         array|
|D_4_9_we0                |  out|    1|   ap_memory|         D_4_9|         array|
|D_4_9_d0                 |  out|   32|   ap_memory|         D_4_9|         array|
|D_5_0_address0           |  out|    9|   ap_memory|         D_5_0|         array|
|D_5_0_ce0                |  out|    1|   ap_memory|         D_5_0|         array|
|D_5_0_we0                |  out|    1|   ap_memory|         D_5_0|         array|
|D_5_0_d0                 |  out|   32|   ap_memory|         D_5_0|         array|
|D_5_1_address0           |  out|    9|   ap_memory|         D_5_1|         array|
|D_5_1_ce0                |  out|    1|   ap_memory|         D_5_1|         array|
|D_5_1_we0                |  out|    1|   ap_memory|         D_5_1|         array|
|D_5_1_d0                 |  out|   32|   ap_memory|         D_5_1|         array|
|D_5_2_address0           |  out|    9|   ap_memory|         D_5_2|         array|
|D_5_2_ce0                |  out|    1|   ap_memory|         D_5_2|         array|
|D_5_2_we0                |  out|    1|   ap_memory|         D_5_2|         array|
|D_5_2_d0                 |  out|   32|   ap_memory|         D_5_2|         array|
|D_5_3_address0           |  out|    9|   ap_memory|         D_5_3|         array|
|D_5_3_ce0                |  out|    1|   ap_memory|         D_5_3|         array|
|D_5_3_we0                |  out|    1|   ap_memory|         D_5_3|         array|
|D_5_3_d0                 |  out|   32|   ap_memory|         D_5_3|         array|
|D_5_4_address0           |  out|    9|   ap_memory|         D_5_4|         array|
|D_5_4_ce0                |  out|    1|   ap_memory|         D_5_4|         array|
|D_5_4_we0                |  out|    1|   ap_memory|         D_5_4|         array|
|D_5_4_d0                 |  out|   32|   ap_memory|         D_5_4|         array|
|D_5_5_address0           |  out|    9|   ap_memory|         D_5_5|         array|
|D_5_5_ce0                |  out|    1|   ap_memory|         D_5_5|         array|
|D_5_5_we0                |  out|    1|   ap_memory|         D_5_5|         array|
|D_5_5_d0                 |  out|   32|   ap_memory|         D_5_5|         array|
|D_5_6_address0           |  out|    9|   ap_memory|         D_5_6|         array|
|D_5_6_ce0                |  out|    1|   ap_memory|         D_5_6|         array|
|D_5_6_we0                |  out|    1|   ap_memory|         D_5_6|         array|
|D_5_6_d0                 |  out|   32|   ap_memory|         D_5_6|         array|
|D_5_7_address0           |  out|    9|   ap_memory|         D_5_7|         array|
|D_5_7_ce0                |  out|    1|   ap_memory|         D_5_7|         array|
|D_5_7_we0                |  out|    1|   ap_memory|         D_5_7|         array|
|D_5_7_d0                 |  out|   32|   ap_memory|         D_5_7|         array|
|D_5_8_address0           |  out|    9|   ap_memory|         D_5_8|         array|
|D_5_8_ce0                |  out|    1|   ap_memory|         D_5_8|         array|
|D_5_8_we0                |  out|    1|   ap_memory|         D_5_8|         array|
|D_5_8_d0                 |  out|   32|   ap_memory|         D_5_8|         array|
|D_5_9_address0           |  out|    9|   ap_memory|         D_5_9|         array|
|D_5_9_ce0                |  out|    1|   ap_memory|         D_5_9|         array|
|D_5_9_we0                |  out|    1|   ap_memory|         D_5_9|         array|
|D_5_9_d0                 |  out|   32|   ap_memory|         D_5_9|         array|
|D_6_0_address0           |  out|    9|   ap_memory|         D_6_0|         array|
|D_6_0_ce0                |  out|    1|   ap_memory|         D_6_0|         array|
|D_6_0_we0                |  out|    1|   ap_memory|         D_6_0|         array|
|D_6_0_d0                 |  out|   32|   ap_memory|         D_6_0|         array|
|D_6_1_address0           |  out|    9|   ap_memory|         D_6_1|         array|
|D_6_1_ce0                |  out|    1|   ap_memory|         D_6_1|         array|
|D_6_1_we0                |  out|    1|   ap_memory|         D_6_1|         array|
|D_6_1_d0                 |  out|   32|   ap_memory|         D_6_1|         array|
|D_6_2_address0           |  out|    9|   ap_memory|         D_6_2|         array|
|D_6_2_ce0                |  out|    1|   ap_memory|         D_6_2|         array|
|D_6_2_we0                |  out|    1|   ap_memory|         D_6_2|         array|
|D_6_2_d0                 |  out|   32|   ap_memory|         D_6_2|         array|
|D_6_3_address0           |  out|    9|   ap_memory|         D_6_3|         array|
|D_6_3_ce0                |  out|    1|   ap_memory|         D_6_3|         array|
|D_6_3_we0                |  out|    1|   ap_memory|         D_6_3|         array|
|D_6_3_d0                 |  out|   32|   ap_memory|         D_6_3|         array|
|D_6_4_address0           |  out|    9|   ap_memory|         D_6_4|         array|
|D_6_4_ce0                |  out|    1|   ap_memory|         D_6_4|         array|
|D_6_4_we0                |  out|    1|   ap_memory|         D_6_4|         array|
|D_6_4_d0                 |  out|   32|   ap_memory|         D_6_4|         array|
|D_6_5_address0           |  out|    9|   ap_memory|         D_6_5|         array|
|D_6_5_ce0                |  out|    1|   ap_memory|         D_6_5|         array|
|D_6_5_we0                |  out|    1|   ap_memory|         D_6_5|         array|
|D_6_5_d0                 |  out|   32|   ap_memory|         D_6_5|         array|
|D_6_6_address0           |  out|    9|   ap_memory|         D_6_6|         array|
|D_6_6_ce0                |  out|    1|   ap_memory|         D_6_6|         array|
|D_6_6_we0                |  out|    1|   ap_memory|         D_6_6|         array|
|D_6_6_d0                 |  out|   32|   ap_memory|         D_6_6|         array|
|D_6_7_address0           |  out|    9|   ap_memory|         D_6_7|         array|
|D_6_7_ce0                |  out|    1|   ap_memory|         D_6_7|         array|
|D_6_7_we0                |  out|    1|   ap_memory|         D_6_7|         array|
|D_6_7_d0                 |  out|   32|   ap_memory|         D_6_7|         array|
|D_6_8_address0           |  out|    9|   ap_memory|         D_6_8|         array|
|D_6_8_ce0                |  out|    1|   ap_memory|         D_6_8|         array|
|D_6_8_we0                |  out|    1|   ap_memory|         D_6_8|         array|
|D_6_8_d0                 |  out|   32|   ap_memory|         D_6_8|         array|
|D_6_9_address0           |  out|    9|   ap_memory|         D_6_9|         array|
|D_6_9_ce0                |  out|    1|   ap_memory|         D_6_9|         array|
|D_6_9_we0                |  out|    1|   ap_memory|         D_6_9|         array|
|D_6_9_d0                 |  out|   32|   ap_memory|         D_6_9|         array|
|D_7_0_address0           |  out|    9|   ap_memory|         D_7_0|         array|
|D_7_0_ce0                |  out|    1|   ap_memory|         D_7_0|         array|
|D_7_0_we0                |  out|    1|   ap_memory|         D_7_0|         array|
|D_7_0_d0                 |  out|   32|   ap_memory|         D_7_0|         array|
|D_7_1_address0           |  out|    9|   ap_memory|         D_7_1|         array|
|D_7_1_ce0                |  out|    1|   ap_memory|         D_7_1|         array|
|D_7_1_we0                |  out|    1|   ap_memory|         D_7_1|         array|
|D_7_1_d0                 |  out|   32|   ap_memory|         D_7_1|         array|
|D_7_2_address0           |  out|    9|   ap_memory|         D_7_2|         array|
|D_7_2_ce0                |  out|    1|   ap_memory|         D_7_2|         array|
|D_7_2_we0                |  out|    1|   ap_memory|         D_7_2|         array|
|D_7_2_d0                 |  out|   32|   ap_memory|         D_7_2|         array|
|D_7_3_address0           |  out|    9|   ap_memory|         D_7_3|         array|
|D_7_3_ce0                |  out|    1|   ap_memory|         D_7_3|         array|
|D_7_3_we0                |  out|    1|   ap_memory|         D_7_3|         array|
|D_7_3_d0                 |  out|   32|   ap_memory|         D_7_3|         array|
|D_7_4_address0           |  out|    9|   ap_memory|         D_7_4|         array|
|D_7_4_ce0                |  out|    1|   ap_memory|         D_7_4|         array|
|D_7_4_we0                |  out|    1|   ap_memory|         D_7_4|         array|
|D_7_4_d0                 |  out|   32|   ap_memory|         D_7_4|         array|
|D_7_5_address0           |  out|    9|   ap_memory|         D_7_5|         array|
|D_7_5_ce0                |  out|    1|   ap_memory|         D_7_5|         array|
|D_7_5_we0                |  out|    1|   ap_memory|         D_7_5|         array|
|D_7_5_d0                 |  out|   32|   ap_memory|         D_7_5|         array|
|D_7_6_address0           |  out|    9|   ap_memory|         D_7_6|         array|
|D_7_6_ce0                |  out|    1|   ap_memory|         D_7_6|         array|
|D_7_6_we0                |  out|    1|   ap_memory|         D_7_6|         array|
|D_7_6_d0                 |  out|   32|   ap_memory|         D_7_6|         array|
|D_7_7_address0           |  out|    9|   ap_memory|         D_7_7|         array|
|D_7_7_ce0                |  out|    1|   ap_memory|         D_7_7|         array|
|D_7_7_we0                |  out|    1|   ap_memory|         D_7_7|         array|
|D_7_7_d0                 |  out|   32|   ap_memory|         D_7_7|         array|
|D_7_8_address0           |  out|    9|   ap_memory|         D_7_8|         array|
|D_7_8_ce0                |  out|    1|   ap_memory|         D_7_8|         array|
|D_7_8_we0                |  out|    1|   ap_memory|         D_7_8|         array|
|D_7_8_d0                 |  out|   32|   ap_memory|         D_7_8|         array|
|D_7_9_address0           |  out|    9|   ap_memory|         D_7_9|         array|
|D_7_9_ce0                |  out|    1|   ap_memory|         D_7_9|         array|
|D_7_9_we0                |  out|    1|   ap_memory|         D_7_9|         array|
|D_7_9_d0                 |  out|   32|   ap_memory|         D_7_9|         array|
|D_8_0_address0           |  out|    9|   ap_memory|         D_8_0|         array|
|D_8_0_ce0                |  out|    1|   ap_memory|         D_8_0|         array|
|D_8_0_we0                |  out|    1|   ap_memory|         D_8_0|         array|
|D_8_0_d0                 |  out|   32|   ap_memory|         D_8_0|         array|
|D_8_1_address0           |  out|    9|   ap_memory|         D_8_1|         array|
|D_8_1_ce0                |  out|    1|   ap_memory|         D_8_1|         array|
|D_8_1_we0                |  out|    1|   ap_memory|         D_8_1|         array|
|D_8_1_d0                 |  out|   32|   ap_memory|         D_8_1|         array|
|D_8_2_address0           |  out|    9|   ap_memory|         D_8_2|         array|
|D_8_2_ce0                |  out|    1|   ap_memory|         D_8_2|         array|
|D_8_2_we0                |  out|    1|   ap_memory|         D_8_2|         array|
|D_8_2_d0                 |  out|   32|   ap_memory|         D_8_2|         array|
|D_8_3_address0           |  out|    9|   ap_memory|         D_8_3|         array|
|D_8_3_ce0                |  out|    1|   ap_memory|         D_8_3|         array|
|D_8_3_we0                |  out|    1|   ap_memory|         D_8_3|         array|
|D_8_3_d0                 |  out|   32|   ap_memory|         D_8_3|         array|
|D_8_4_address0           |  out|    9|   ap_memory|         D_8_4|         array|
|D_8_4_ce0                |  out|    1|   ap_memory|         D_8_4|         array|
|D_8_4_we0                |  out|    1|   ap_memory|         D_8_4|         array|
|D_8_4_d0                 |  out|   32|   ap_memory|         D_8_4|         array|
|D_8_5_address0           |  out|    9|   ap_memory|         D_8_5|         array|
|D_8_5_ce0                |  out|    1|   ap_memory|         D_8_5|         array|
|D_8_5_we0                |  out|    1|   ap_memory|         D_8_5|         array|
|D_8_5_d0                 |  out|   32|   ap_memory|         D_8_5|         array|
|D_8_6_address0           |  out|    9|   ap_memory|         D_8_6|         array|
|D_8_6_ce0                |  out|    1|   ap_memory|         D_8_6|         array|
|D_8_6_we0                |  out|    1|   ap_memory|         D_8_6|         array|
|D_8_6_d0                 |  out|   32|   ap_memory|         D_8_6|         array|
|D_8_7_address0           |  out|    9|   ap_memory|         D_8_7|         array|
|D_8_7_ce0                |  out|    1|   ap_memory|         D_8_7|         array|
|D_8_7_we0                |  out|    1|   ap_memory|         D_8_7|         array|
|D_8_7_d0                 |  out|   32|   ap_memory|         D_8_7|         array|
|D_8_8_address0           |  out|    9|   ap_memory|         D_8_8|         array|
|D_8_8_ce0                |  out|    1|   ap_memory|         D_8_8|         array|
|D_8_8_we0                |  out|    1|   ap_memory|         D_8_8|         array|
|D_8_8_d0                 |  out|   32|   ap_memory|         D_8_8|         array|
|D_8_9_address0           |  out|    9|   ap_memory|         D_8_9|         array|
|D_8_9_ce0                |  out|    1|   ap_memory|         D_8_9|         array|
|D_8_9_we0                |  out|    1|   ap_memory|         D_8_9|         array|
|D_8_9_d0                 |  out|   32|   ap_memory|         D_8_9|         array|
|D_9_0_address0           |  out|    9|   ap_memory|         D_9_0|         array|
|D_9_0_ce0                |  out|    1|   ap_memory|         D_9_0|         array|
|D_9_0_we0                |  out|    1|   ap_memory|         D_9_0|         array|
|D_9_0_d0                 |  out|   32|   ap_memory|         D_9_0|         array|
|D_9_1_address0           |  out|    9|   ap_memory|         D_9_1|         array|
|D_9_1_ce0                |  out|    1|   ap_memory|         D_9_1|         array|
|D_9_1_we0                |  out|    1|   ap_memory|         D_9_1|         array|
|D_9_1_d0                 |  out|   32|   ap_memory|         D_9_1|         array|
|D_9_2_address0           |  out|    9|   ap_memory|         D_9_2|         array|
|D_9_2_ce0                |  out|    1|   ap_memory|         D_9_2|         array|
|D_9_2_we0                |  out|    1|   ap_memory|         D_9_2|         array|
|D_9_2_d0                 |  out|   32|   ap_memory|         D_9_2|         array|
|D_9_3_address0           |  out|    9|   ap_memory|         D_9_3|         array|
|D_9_3_ce0                |  out|    1|   ap_memory|         D_9_3|         array|
|D_9_3_we0                |  out|    1|   ap_memory|         D_9_3|         array|
|D_9_3_d0                 |  out|   32|   ap_memory|         D_9_3|         array|
|D_9_4_address0           |  out|    9|   ap_memory|         D_9_4|         array|
|D_9_4_ce0                |  out|    1|   ap_memory|         D_9_4|         array|
|D_9_4_we0                |  out|    1|   ap_memory|         D_9_4|         array|
|D_9_4_d0                 |  out|   32|   ap_memory|         D_9_4|         array|
|D_9_5_address0           |  out|    9|   ap_memory|         D_9_5|         array|
|D_9_5_ce0                |  out|    1|   ap_memory|         D_9_5|         array|
|D_9_5_we0                |  out|    1|   ap_memory|         D_9_5|         array|
|D_9_5_d0                 |  out|   32|   ap_memory|         D_9_5|         array|
|D_9_6_address0           |  out|    9|   ap_memory|         D_9_6|         array|
|D_9_6_ce0                |  out|    1|   ap_memory|         D_9_6|         array|
|D_9_6_we0                |  out|    1|   ap_memory|         D_9_6|         array|
|D_9_6_d0                 |  out|   32|   ap_memory|         D_9_6|         array|
|D_9_7_address0           |  out|    9|   ap_memory|         D_9_7|         array|
|D_9_7_ce0                |  out|    1|   ap_memory|         D_9_7|         array|
|D_9_7_we0                |  out|    1|   ap_memory|         D_9_7|         array|
|D_9_7_d0                 |  out|   32|   ap_memory|         D_9_7|         array|
|D_9_8_address0           |  out|    9|   ap_memory|         D_9_8|         array|
|D_9_8_ce0                |  out|    1|   ap_memory|         D_9_8|         array|
|D_9_8_we0                |  out|    1|   ap_memory|         D_9_8|         array|
|D_9_8_d0                 |  out|   32|   ap_memory|         D_9_8|         array|
|D_9_9_address0           |  out|    9|   ap_memory|         D_9_9|         array|
|D_9_9_ce0                |  out|    1|   ap_memory|         D_9_9|         array|
|D_9_9_we0                |  out|    1|   ap_memory|         D_9_9|         array|
|D_9_9_d0                 |  out|   32|   ap_memory|         D_9_9|         array|
|D_10_0_address0          |  out|    9|   ap_memory|        D_10_0|         array|
|D_10_0_ce0               |  out|    1|   ap_memory|        D_10_0|         array|
|D_10_0_we0               |  out|    1|   ap_memory|        D_10_0|         array|
|D_10_0_d0                |  out|   32|   ap_memory|        D_10_0|         array|
|D_10_1_address0          |  out|    9|   ap_memory|        D_10_1|         array|
|D_10_1_ce0               |  out|    1|   ap_memory|        D_10_1|         array|
|D_10_1_we0               |  out|    1|   ap_memory|        D_10_1|         array|
|D_10_1_d0                |  out|   32|   ap_memory|        D_10_1|         array|
|D_10_2_address0          |  out|    9|   ap_memory|        D_10_2|         array|
|D_10_2_ce0               |  out|    1|   ap_memory|        D_10_2|         array|
|D_10_2_we0               |  out|    1|   ap_memory|        D_10_2|         array|
|D_10_2_d0                |  out|   32|   ap_memory|        D_10_2|         array|
|D_10_3_address0          |  out|    9|   ap_memory|        D_10_3|         array|
|D_10_3_ce0               |  out|    1|   ap_memory|        D_10_3|         array|
|D_10_3_we0               |  out|    1|   ap_memory|        D_10_3|         array|
|D_10_3_d0                |  out|   32|   ap_memory|        D_10_3|         array|
|D_10_4_address0          |  out|    9|   ap_memory|        D_10_4|         array|
|D_10_4_ce0               |  out|    1|   ap_memory|        D_10_4|         array|
|D_10_4_we0               |  out|    1|   ap_memory|        D_10_4|         array|
|D_10_4_d0                |  out|   32|   ap_memory|        D_10_4|         array|
|D_10_5_address0          |  out|    9|   ap_memory|        D_10_5|         array|
|D_10_5_ce0               |  out|    1|   ap_memory|        D_10_5|         array|
|D_10_5_we0               |  out|    1|   ap_memory|        D_10_5|         array|
|D_10_5_d0                |  out|   32|   ap_memory|        D_10_5|         array|
|D_10_6_address0          |  out|    9|   ap_memory|        D_10_6|         array|
|D_10_6_ce0               |  out|    1|   ap_memory|        D_10_6|         array|
|D_10_6_we0               |  out|    1|   ap_memory|        D_10_6|         array|
|D_10_6_d0                |  out|   32|   ap_memory|        D_10_6|         array|
|D_10_7_address0          |  out|    9|   ap_memory|        D_10_7|         array|
|D_10_7_ce0               |  out|    1|   ap_memory|        D_10_7|         array|
|D_10_7_we0               |  out|    1|   ap_memory|        D_10_7|         array|
|D_10_7_d0                |  out|   32|   ap_memory|        D_10_7|         array|
|D_10_8_address0          |  out|    9|   ap_memory|        D_10_8|         array|
|D_10_8_ce0               |  out|    1|   ap_memory|        D_10_8|         array|
|D_10_8_we0               |  out|    1|   ap_memory|        D_10_8|         array|
|D_10_8_d0                |  out|   32|   ap_memory|        D_10_8|         array|
|D_10_9_address0          |  out|    9|   ap_memory|        D_10_9|         array|
|D_10_9_ce0               |  out|    1|   ap_memory|        D_10_9|         array|
|D_10_9_we0               |  out|    1|   ap_memory|        D_10_9|         array|
|D_10_9_d0                |  out|   32|   ap_memory|        D_10_9|         array|
|m_axi_kernel_D_AWVALID   |  out|    1|       m_axi|      kernel_D|       pointer|
|m_axi_kernel_D_AWREADY   |   in|    1|       m_axi|      kernel_D|       pointer|
|m_axi_kernel_D_AWADDR    |  out|   64|       m_axi|      kernel_D|       pointer|
|m_axi_kernel_D_AWID      |  out|    1|       m_axi|      kernel_D|       pointer|
|m_axi_kernel_D_AWLEN     |  out|   32|       m_axi|      kernel_D|       pointer|
|m_axi_kernel_D_AWSIZE    |  out|    3|       m_axi|      kernel_D|       pointer|
|m_axi_kernel_D_AWBURST   |  out|    2|       m_axi|      kernel_D|       pointer|
|m_axi_kernel_D_AWLOCK    |  out|    2|       m_axi|      kernel_D|       pointer|
|m_axi_kernel_D_AWCACHE   |  out|    4|       m_axi|      kernel_D|       pointer|
|m_axi_kernel_D_AWPROT    |  out|    3|       m_axi|      kernel_D|       pointer|
|m_axi_kernel_D_AWQOS     |  out|    4|       m_axi|      kernel_D|       pointer|
|m_axi_kernel_D_AWREGION  |  out|    4|       m_axi|      kernel_D|       pointer|
|m_axi_kernel_D_AWUSER    |  out|    1|       m_axi|      kernel_D|       pointer|
|m_axi_kernel_D_WVALID    |  out|    1|       m_axi|      kernel_D|       pointer|
|m_axi_kernel_D_WREADY    |   in|    1|       m_axi|      kernel_D|       pointer|
|m_axi_kernel_D_WDATA     |  out|   64|       m_axi|      kernel_D|       pointer|
|m_axi_kernel_D_WSTRB     |  out|    8|       m_axi|      kernel_D|       pointer|
|m_axi_kernel_D_WLAST     |  out|    1|       m_axi|      kernel_D|       pointer|
|m_axi_kernel_D_WID       |  out|    1|       m_axi|      kernel_D|       pointer|
|m_axi_kernel_D_WUSER     |  out|    1|       m_axi|      kernel_D|       pointer|
|m_axi_kernel_D_ARVALID   |  out|    1|       m_axi|      kernel_D|       pointer|
|m_axi_kernel_D_ARREADY   |   in|    1|       m_axi|      kernel_D|       pointer|
|m_axi_kernel_D_ARADDR    |  out|   64|       m_axi|      kernel_D|       pointer|
|m_axi_kernel_D_ARID      |  out|    1|       m_axi|      kernel_D|       pointer|
|m_axi_kernel_D_ARLEN     |  out|   32|       m_axi|      kernel_D|       pointer|
|m_axi_kernel_D_ARSIZE    |  out|    3|       m_axi|      kernel_D|       pointer|
|m_axi_kernel_D_ARBURST   |  out|    2|       m_axi|      kernel_D|       pointer|
|m_axi_kernel_D_ARLOCK    |  out|    2|       m_axi|      kernel_D|       pointer|
|m_axi_kernel_D_ARCACHE   |  out|    4|       m_axi|      kernel_D|       pointer|
|m_axi_kernel_D_ARPROT    |  out|    3|       m_axi|      kernel_D|       pointer|
|m_axi_kernel_D_ARQOS     |  out|    4|       m_axi|      kernel_D|       pointer|
|m_axi_kernel_D_ARREGION  |  out|    4|       m_axi|      kernel_D|       pointer|
|m_axi_kernel_D_ARUSER    |  out|    1|       m_axi|      kernel_D|       pointer|
|m_axi_kernel_D_RVALID    |   in|    1|       m_axi|      kernel_D|       pointer|
|m_axi_kernel_D_RREADY    |  out|    1|       m_axi|      kernel_D|       pointer|
|m_axi_kernel_D_RDATA     |   in|   64|       m_axi|      kernel_D|       pointer|
|m_axi_kernel_D_RLAST     |   in|    1|       m_axi|      kernel_D|       pointer|
|m_axi_kernel_D_RID       |   in|    1|       m_axi|      kernel_D|       pointer|
|m_axi_kernel_D_RFIFONUM  |   in|    9|       m_axi|      kernel_D|       pointer|
|m_axi_kernel_D_RUSER     |   in|    1|       m_axi|      kernel_D|       pointer|
|m_axi_kernel_D_RRESP     |   in|    2|       m_axi|      kernel_D|       pointer|
|m_axi_kernel_D_BVALID    |   in|    1|       m_axi|      kernel_D|       pointer|
|m_axi_kernel_D_BREADY    |  out|    1|       m_axi|      kernel_D|       pointer|
|m_axi_kernel_D_BRESP     |   in|    2|       m_axi|      kernel_D|       pointer|
|m_axi_kernel_D_BID       |   in|    1|       m_axi|      kernel_D|       pointer|
|m_axi_kernel_D_BUSER     |   in|    1|       m_axi|      kernel_D|       pointer|
|vD                       |   in|   64|     ap_none|            vD|        scalar|
+-------------------------+-----+-----+------------+--------------+--------------+

