

================================================================
== Vitis HLS Report for 'task4'
================================================================
* Date:           Mon Aug 19 20:29:02 2024

* Version:        2023.2 (Build 4023990 on Oct 11 2023)
* Project:        kernel_nlp
* Solution:       solution (Vitis Kernel Flow Target)
* Product family: virtexuplusHBM
* Target device:  xcu55c-fsvh2892-2L-e


================================================================
== Performance Estimates
================================================================
+ Timing: 
    * Summary: 
    +--------+---------+----------+------------+
    |  Clock |  Target | Estimated| Uncertainty|
    +--------+---------+----------+------------+
    |ap_clk  |  4.55 ns|  3.318 ns|     1.23 ns|
    +--------+---------+----------+------------+

+ Latency: 
    * Summary: 
    +---------+---------+----------+----------+-------+-------+---------+
    |  Latency (cycles) |  Latency (absolute) |    Interval   | Pipeline|
    |   min   |   max   |    min   |    max   |  min  |  max  |   Type  |
    +---------+---------+----------+----------+-------+-------+---------+
    |    41026|    41026|  0.186 ms|  0.186 ms|  41026|  41026|       no|
    +---------+---------+----------+----------+-------+-------+---------+

    + Detail: 
        * Instance: 
        +-------------------------------------------------------------+--------------------------------------------------+---------+---------+----------+----------+------+------+---------+
        |                                                             |                                                  |  Latency (cycles) |  Latency (absolute) |   Interval  | Pipeline|
        |                           Instance                          |                      Module                      |   min   |   max   |    min   |    max   |  min |  max |   Type  |
        +-------------------------------------------------------------+--------------------------------------------------+---------+---------+----------+----------+------+------+---------+
        |grp_load_G_S4_fu_196                                         |load_G_S4                                         |     1346|     1346|  6.118 us|  6.118 us|  1346|  1346|       no|
        |grp_task4_Pipeline_VITIS_LOOP_260_2_VITIS_LOOP_261_3_fu_344  |task4_Pipeline_VITIS_LOOP_260_2_VITIS_LOOP_261_3  |       38|       38|  0.173 us|  0.173 us|    38|    38|       no|
        |grp_store_G_S4_fu_488                                        |store_G_S4                                        |     1345|     1345|  6.113 us|  6.113 us|  1345|  1345|       no|
        +-------------------------------------------------------------+--------------------------------------------------+---------+---------+----------+----------+------+------+---------+

        * Loop: 
        +--------------------+---------+---------+----------+-----------+-----------+------+----------+
        |                    |  Latency (cycles) | Iteration|  Initiation Interval  | Trip |          |
        |      Loop Name     |   min   |   max   |  Latency |  achieved |   target  | Count| Pipelined|
        +--------------------+---------+---------+----------+-----------+-----------+------+----------+
        |- VITIS_LOOP_258_1  |    41025|    41025|      2735|          -|          -|    15|        no|
        +--------------------+---------+---------+----------+-----------+-----------+------+----------+



================================================================
== Utilization Estimates
================================================================
* Summary: 
+---------------------+---------+------+---------+---------+-----+
|         Name        | BRAM_18K|  DSP |    FF   |   LUT   | URAM|
+---------------------+---------+------+---------+---------+-----+
|DSP                  |        -|     -|        -|        -|    -|
|Expression           |        -|     -|        0|       24|    -|
|FIFO                 |        -|     -|        -|        -|    -|
|Instance             |        -|     2|     1176|     3864|    -|
|Memory               |        -|     -|        -|        -|    -|
|Multiplexer          |        -|     -|        -|     4857|    -|
|Register             |        -|     -|       18|        -|    -|
+---------------------+---------+------+---------+---------+-----+
|Total                |        0|     2|     1194|     8745|    0|
+---------------------+---------+------+---------+---------+-----+
|Available SLR        |     1344|  3008|   869120|   434560|  320|
+---------------------+---------+------+---------+---------+-----+
|Utilization SLR (%)  |        0|    ~0|       ~0|        2|    0|
+---------------------+---------+------+---------+---------+-----+
|Available            |     4032|  9024|  2607360|  1303680|  960|
+---------------------+---------+------+---------+---------+-----+
|Utilization (%)      |        0|    ~0|       ~0|       ~0|    0|
+---------------------+---------+------+---------+---------+-----+

+ Detail: 
    * Instance: 
    +-------------------------------------------------------------+--------------------------------------------------+---------+----+-----+------+-----+
    |                           Instance                          |                      Module                      | BRAM_18K| DSP|  FF |  LUT | URAM|
    +-------------------------------------------------------------+--------------------------------------------------+---------+----+-----+------+-----+
    |grp_load_G_S4_fu_196                                         |load_G_S4                                         |        0|   1|  581|  2029|    0|
    |grp_store_G_S4_fu_488                                        |store_G_S4                                        |        0|   1|  581|  1681|    0|
    |grp_task4_Pipeline_VITIS_LOOP_260_2_VITIS_LOOP_261_3_fu_344  |task4_Pipeline_VITIS_LOOP_260_2_VITIS_LOOP_261_3  |        0|   0|   14|   154|    0|
    +-------------------------------------------------------------+--------------------------------------------------+---------+----+-----+------+-----+
    |Total                                                        |                                                  |        0|   2| 1176|  3864|    0|
    +-------------------------------------------------------------+--------------------------------------------------+---------+----+-----+------+-----+

    * DSP: 
    N/A

    * Memory: 
    N/A

    * FIFO: 
    N/A

    * Expression: 
    +----------------------+----------+----+---+----+------------+------------+
    |     Variable Name    | Operation| DSP| FF| LUT| Bitwidth P0| Bitwidth P1|
    +----------------------+----------+----+---+----+------------+------------+
    |i0_3_fu_651_p2        |         +|   0|  0|  12|           4|           1|
    |icmp_ln258_fu_645_p2  |      icmp|   0|  0|  12|           4|           2|
    +----------------------+----------+----+---+----+------------+------------+
    |Total                 |          |   0|  0|  24|           8|           3|
    +----------------------+----------+----+---+----+------------+------------+

    * Multiplexer: 
    +------------------------+----+-----------+-----+-----------+
    |          Name          | LUT| Input Size| Bits| Total Bits|
    +------------------------+----+-----------+-----+-----------+
    |G_0_address0            |  20|          4|    6|         24|
    |G_0_ce0                 |  20|          4|    1|          4|
    |G_0_d0                  |  14|          3|   32|         96|
    |G_0_we0                 |  14|          3|    1|          3|
    |G_10_address0           |  20|          4|    6|         24|
    |G_10_ce0                |  20|          4|    1|          4|
    |G_10_d0                 |  14|          3|   32|         96|
    |G_10_we0                |  14|          3|    1|          3|
    |G_11_address0           |  20|          4|    6|         24|
    |G_11_ce0                |  20|          4|    1|          4|
    |G_11_d0                 |  14|          3|   32|         96|
    |G_11_we0                |  14|          3|    1|          3|
    |G_12_address0           |  20|          4|    6|         24|
    |G_12_ce0                |  20|          4|    1|          4|
    |G_12_d0                 |  14|          3|   32|         96|
    |G_12_we0                |  14|          3|    1|          3|
    |G_13_address0           |  20|          4|    6|         24|
    |G_13_ce0                |  20|          4|    1|          4|
    |G_13_d0                 |  14|          3|   32|         96|
    |G_13_we0                |  14|          3|    1|          3|
    |G_14_address0           |  20|          4|    6|         24|
    |G_14_ce0                |  20|          4|    1|          4|
    |G_14_d0                 |  14|          3|   32|         96|
    |G_14_we0                |  14|          3|    1|          3|
    |G_15_address0           |  20|          4|    6|         24|
    |G_15_ce0                |  20|          4|    1|          4|
    |G_15_d0                 |  14|          3|   32|         96|
    |G_15_we0                |  14|          3|    1|          3|
    |G_16_address0           |  20|          4|    6|         24|
    |G_16_ce0                |  20|          4|    1|          4|
    |G_16_d0                 |  14|          3|   32|         96|
    |G_16_we0                |  14|          3|    1|          3|
    |G_17_address0           |  20|          4|    6|         24|
    |G_17_ce0                |  20|          4|    1|          4|
    |G_17_d0                 |  14|          3|   32|         96|
    |G_17_we0                |  14|          3|    1|          3|
    |G_18_address0           |  20|          4|    6|         24|
    |G_18_ce0                |  20|          4|    1|          4|
    |G_18_d0                 |  14|          3|   32|         96|
    |G_18_we0                |  14|          3|    1|          3|
    |G_19_address0           |  20|          4|    6|         24|
    |G_19_ce0                |  20|          4|    1|          4|
    |G_19_d0                 |  14|          3|   32|         96|
    |G_19_we0                |  14|          3|    1|          3|
    |G_1_address0            |  20|          4|    6|         24|
    |G_1_ce0                 |  20|          4|    1|          4|
    |G_1_d0                  |  14|          3|   32|         96|
    |G_1_we0                 |  14|          3|    1|          3|
    |G_20_address0           |  20|          4|    6|         24|
    |G_20_ce0                |  20|          4|    1|          4|
    |G_20_d0                 |  14|          3|   32|         96|
    |G_20_we0                |  14|          3|    1|          3|
    |G_21_address0           |  20|          4|    6|         24|
    |G_21_ce0                |  20|          4|    1|          4|
    |G_21_d0                 |  14|          3|   32|         96|
    |G_21_we0                |  14|          3|    1|          3|
    |G_22_address0           |  20|          4|    6|         24|
    |G_22_ce0                |  20|          4|    1|          4|
    |G_22_d0                 |  14|          3|   32|         96|
    |G_22_we0                |  14|          3|    1|          3|
    |G_23_address0           |  20|          4|    6|         24|
    |G_23_ce0                |  20|          4|    1|          4|
    |G_23_d0                 |  14|          3|   32|         96|
    |G_23_we0                |  14|          3|    1|          3|
    |G_24_address0           |  20|          4|    6|         24|
    |G_24_ce0                |  20|          4|    1|          4|
    |G_24_d0                 |  14|          3|   32|         96|
    |G_24_we0                |  14|          3|    1|          3|
    |G_25_address0           |  20|          4|    6|         24|
    |G_25_ce0                |  20|          4|    1|          4|
    |G_25_d0                 |  14|          3|   32|         96|
    |G_25_we0                |  14|          3|    1|          3|
    |G_26_address0           |  20|          4|    6|         24|
    |G_26_ce0                |  20|          4|    1|          4|
    |G_26_d0                 |  14|          3|   32|         96|
    |G_26_we0                |  14|          3|    1|          3|
    |G_27_address0           |  20|          4|    6|         24|
    |G_27_ce0                |  20|          4|    1|          4|
    |G_27_d0                 |  14|          3|   32|         96|
    |G_27_we0                |  14|          3|    1|          3|
    |G_28_address0           |  20|          4|    6|         24|
    |G_28_ce0                |  20|          4|    1|          4|
    |G_28_d0                 |  14|          3|   32|         96|
    |G_28_we0                |  14|          3|    1|          3|
    |G_29_address0           |  20|          4|    6|         24|
    |G_29_ce0                |  20|          4|    1|          4|
    |G_29_d0                 |  14|          3|   32|         96|
    |G_29_we0                |  14|          3|    1|          3|
    |G_2_address0            |  20|          4|    6|         24|
    |G_2_ce0                 |  20|          4|    1|          4|
    |G_2_d0                  |  14|          3|   32|         96|
    |G_2_we0                 |  14|          3|    1|          3|
    |G_30_address0           |  20|          4|    6|         24|
    |G_30_ce0                |  20|          4|    1|          4|
    |G_30_d0                 |  14|          3|   32|         96|
    |G_30_we0                |  14|          3|    1|          3|
    |G_31_address0           |  20|          4|    6|         24|
    |G_31_ce0                |  20|          4|    1|          4|
    |G_31_d0                 |  14|          3|   32|         96|
    |G_31_we0                |  14|          3|    1|          3|
    |G_32_address0           |  20|          4|    6|         24|
    |G_32_ce0                |  20|          4|    1|          4|
    |G_32_d0                 |  14|          3|   32|         96|
    |G_32_we0                |  14|          3|    1|          3|
    |G_33_address0           |  20|          4|    6|         24|
    |G_33_ce0                |  20|          4|    1|          4|
    |G_33_d0                 |  14|          3|   32|         96|
    |G_33_we0                |  14|          3|    1|          3|
    |G_34_address0           |  20|          4|    6|         24|
    |G_34_ce0                |  20|          4|    1|          4|
    |G_34_d0                 |  14|          3|   32|         96|
    |G_34_we0                |  14|          3|    1|          3|
    |G_35_address0           |  20|          4|    6|         24|
    |G_35_ce0                |  20|          4|    1|          4|
    |G_35_d0                 |  14|          3|   32|         96|
    |G_35_we0                |  14|          3|    1|          3|
    |G_36_address0           |  20|          4|    6|         24|
    |G_36_ce0                |  20|          4|    1|          4|
    |G_36_d0                 |  14|          3|   32|         96|
    |G_36_we0                |  14|          3|    1|          3|
    |G_37_address0           |  20|          4|    6|         24|
    |G_37_ce0                |  20|          4|    1|          4|
    |G_37_d0                 |  14|          3|   32|         96|
    |G_37_we0                |  14|          3|    1|          3|
    |G_38_address0           |  20|          4|    6|         24|
    |G_38_ce0                |  20|          4|    1|          4|
    |G_38_d0                 |  14|          3|   32|         96|
    |G_38_we0                |  14|          3|    1|          3|
    |G_39_address0           |  20|          4|    6|         24|
    |G_39_ce0                |  20|          4|    1|          4|
    |G_39_d0                 |  14|          3|   32|         96|
    |G_39_we0                |  14|          3|    1|          3|
    |G_3_address0            |  20|          4|    6|         24|
    |G_3_ce0                 |  20|          4|    1|          4|
    |G_3_d0                  |  14|          3|   32|         96|
    |G_3_we0                 |  14|          3|    1|          3|
    |G_40_address0           |  20|          4|    6|         24|
    |G_40_ce0                |  20|          4|    1|          4|
    |G_40_d0                 |  14|          3|   32|         96|
    |G_40_we0                |  14|          3|    1|          3|
    |G_41_address0           |  20|          4|    6|         24|
    |G_41_ce0                |  20|          4|    1|          4|
    |G_41_d0                 |  14|          3|   32|         96|
    |G_41_we0                |  14|          3|    1|          3|
    |G_42_address0           |  20|          4|    6|         24|
    |G_42_ce0                |  20|          4|    1|          4|
    |G_42_d0                 |  14|          3|   32|         96|
    |G_42_we0                |  14|          3|    1|          3|
    |G_43_address0           |  20|          4|    6|         24|
    |G_43_ce0                |  20|          4|    1|          4|
    |G_43_d0                 |  14|          3|   32|         96|
    |G_43_we0                |  14|          3|    1|          3|
    |G_44_address0           |  20|          4|    6|         24|
    |G_44_ce0                |  20|          4|    1|          4|
    |G_44_d0                 |  14|          3|   32|         96|
    |G_44_we0                |  14|          3|    1|          3|
    |G_45_address0           |  20|          4|    6|         24|
    |G_45_ce0                |  20|          4|    1|          4|
    |G_45_d0                 |  14|          3|   32|         96|
    |G_45_we0                |  14|          3|    1|          3|
    |G_46_address0           |  20|          4|    6|         24|
    |G_46_ce0                |  20|          4|    1|          4|
    |G_46_d0                 |  14|          3|   32|         96|
    |G_46_we0                |  14|          3|    1|          3|
    |G_47_address0           |  20|          4|    6|         24|
    |G_47_ce0                |  20|          4|    1|          4|
    |G_47_d0                 |  14|          3|   32|         96|
    |G_47_we0                |  14|          3|    1|          3|
    |G_48_address0           |  20|          4|    6|         24|
    |G_48_ce0                |  20|          4|    1|          4|
    |G_48_d0                 |  14|          3|   32|         96|
    |G_48_we0                |  14|          3|    1|          3|
    |G_49_address0           |  20|          4|    6|         24|
    |G_49_ce0                |  20|          4|    1|          4|
    |G_49_d0                 |  14|          3|   32|         96|
    |G_49_we0                |  14|          3|    1|          3|
    |G_4_address0            |  20|          4|    6|         24|
    |G_4_ce0                 |  20|          4|    1|          4|
    |G_4_d0                  |  14|          3|   32|         96|
    |G_4_we0                 |  14|          3|    1|          3|
    |G_50_address0           |  20|          4|    6|         24|
    |G_50_ce0                |  20|          4|    1|          4|
    |G_50_d0                 |  14|          3|   32|         96|
    |G_50_we0                |  14|          3|    1|          3|
    |G_51_address0           |  20|          4|    6|         24|
    |G_51_ce0                |  20|          4|    1|          4|
    |G_51_d0                 |  14|          3|   32|         96|
    |G_51_we0                |  14|          3|    1|          3|
    |G_52_address0           |  20|          4|    6|         24|
    |G_52_ce0                |  20|          4|    1|          4|
    |G_52_d0                 |  14|          3|   32|         96|
    |G_52_we0                |  14|          3|    1|          3|
    |G_53_address0           |  20|          4|    6|         24|
    |G_53_ce0                |  20|          4|    1|          4|
    |G_53_d0                 |  14|          3|   32|         96|
    |G_53_we0                |  14|          3|    1|          3|
    |G_54_address0           |  20|          4|    6|         24|
    |G_54_ce0                |  20|          4|    1|          4|
    |G_54_d0                 |  14|          3|   32|         96|
    |G_54_we0                |  14|          3|    1|          3|
    |G_55_address0           |  20|          4|    6|         24|
    |G_55_ce0                |  20|          4|    1|          4|
    |G_55_d0                 |  14|          3|   32|         96|
    |G_55_we0                |  14|          3|    1|          3|
    |G_56_address0           |  20|          4|    6|         24|
    |G_56_ce0                |  20|          4|    1|          4|
    |G_56_d0                 |  14|          3|   32|         96|
    |G_56_we0                |  14|          3|    1|          3|
    |G_57_address0           |  20|          4|    6|         24|
    |G_57_ce0                |  20|          4|    1|          4|
    |G_57_d0                 |  14|          3|   32|         96|
    |G_57_we0                |  14|          3|    1|          3|
    |G_58_address0           |  20|          4|    6|         24|
    |G_58_ce0                |  20|          4|    1|          4|
    |G_58_d0                 |  14|          3|   32|         96|
    |G_58_we0                |  14|          3|    1|          3|
    |G_59_address0           |  20|          4|    6|         24|
    |G_59_ce0                |  20|          4|    1|          4|
    |G_59_d0                 |  14|          3|   32|         96|
    |G_59_we0                |  14|          3|    1|          3|
    |G_5_address0            |  20|          4|    6|         24|
    |G_5_ce0                 |  20|          4|    1|          4|
    |G_5_d0                  |  14|          3|   32|         96|
    |G_5_we0                 |  14|          3|    1|          3|
    |G_60_address0           |  20|          4|    6|         24|
    |G_60_ce0                |  20|          4|    1|          4|
    |G_60_d0                 |  14|          3|   32|         96|
    |G_60_we0                |  14|          3|    1|          3|
    |G_61_address0           |  20|          4|    6|         24|
    |G_61_ce0                |  20|          4|    1|          4|
    |G_61_d0                 |  14|          3|   32|         96|
    |G_61_we0                |  14|          3|    1|          3|
    |G_62_address0           |  20|          4|    6|         24|
    |G_62_ce0                |  20|          4|    1|          4|
    |G_62_d0                 |  14|          3|   32|         96|
    |G_62_we0                |  14|          3|    1|          3|
    |G_63_address0           |  20|          4|    6|         24|
    |G_63_ce0                |  20|          4|    1|          4|
    |G_63_d0                 |  14|          3|   32|         96|
    |G_63_we0                |  14|          3|    1|          3|
    |G_64_address0           |  20|          4|    6|         24|
    |G_64_ce0                |  20|          4|    1|          4|
    |G_64_d0                 |  14|          3|   32|         96|
    |G_64_we0                |  14|          3|    1|          3|
    |G_65_address0           |  20|          4|    6|         24|
    |G_65_ce0                |  20|          4|    1|          4|
    |G_65_d0                 |  14|          3|   32|         96|
    |G_65_we0                |  14|          3|    1|          3|
    |G_66_address0           |  20|          4|    6|         24|
    |G_66_ce0                |  20|          4|    1|          4|
    |G_66_d0                 |  14|          3|   32|         96|
    |G_66_we0                |  14|          3|    1|          3|
    |G_67_address0           |  20|          4|    6|         24|
    |G_67_ce0                |  20|          4|    1|          4|
    |G_67_d0                 |  14|          3|   32|         96|
    |G_67_we0                |  14|          3|    1|          3|
    |G_68_address0           |  20|          4|    6|         24|
    |G_68_ce0                |  20|          4|    1|          4|
    |G_68_d0                 |  14|          3|   32|         96|
    |G_68_we0                |  14|          3|    1|          3|
    |G_69_address0           |  20|          4|    6|         24|
    |G_69_ce0                |  20|          4|    1|          4|
    |G_69_d0                 |  14|          3|   32|         96|
    |G_69_we0                |  14|          3|    1|          3|
    |G_6_address0            |  20|          4|    6|         24|
    |G_6_ce0                 |  20|          4|    1|          4|
    |G_6_d0                  |  14|          3|   32|         96|
    |G_6_we0                 |  14|          3|    1|          3|
    |G_7_address0            |  20|          4|    6|         24|
    |G_7_ce0                 |  20|          4|    1|          4|
    |G_7_d0                  |  14|          3|   32|         96|
    |G_7_we0                 |  14|          3|    1|          3|
    |G_8_address0            |  20|          4|    6|         24|
    |G_8_ce0                 |  20|          4|    1|          4|
    |G_8_d0                  |  14|          3|   32|         96|
    |G_8_we0                 |  14|          3|    1|          3|
    |G_9_address0            |  20|          4|    6|         24|
    |G_9_ce0                 |  20|          4|    1|          4|
    |G_9_d0                  |  14|          3|   32|         96|
    |G_9_we0                 |  14|          3|    1|          3|
    |ap_NS_fsm               |  43|          8|    1|          8|
    |i0_fu_186               |   9|          2|    4|          8|
    |m_axi_kernel_G_ARVALID  |   9|          2|    1|          2|
    |m_axi_kernel_G_AWVALID  |   9|          2|    1|          2|
    |m_axi_kernel_G_BREADY   |   9|          2|    1|          2|
    |m_axi_kernel_G_RREADY   |   9|          2|    1|          2|
    |m_axi_kernel_G_WVALID   |   9|          2|    1|          2|
    +------------------------+----+-----------+-----+-----------+
    |Total                   |4857|       1000| 2810|       8916|
    +------------------------+----+-----------+-----+-----------+

    * Register: 
    +--------------------------------------------------------------------------+---+----+-----+-----------+
    |                                   Name                                   | FF| LUT| Bits| Const Bits|
    +--------------------------------------------------------------------------+---+----+-----+-----------+
    |ap_CS_fsm                                                                 |  7|   0|    7|          0|
    |grp_load_G_S4_fu_196_ap_start_reg                                         |  1|   0|    1|          0|
    |grp_store_G_S4_fu_488_ap_start_reg                                        |  1|   0|    1|          0|
    |grp_task4_Pipeline_VITIS_LOOP_260_2_VITIS_LOOP_261_3_fu_344_ap_start_reg  |  1|   0|    1|          0|
    |i0_2_reg_675                                                              |  4|   0|    4|          0|
    |i0_fu_186                                                                 |  4|   0|    4|          0|
    +--------------------------------------------------------------------------+---+----+-----+-----------+
    |Total                                                                     | 18|   0|   18|          0|
    +--------------------------------------------------------------------------+---+----+-----+-----------+



================================================================
== Interface
================================================================
* Summary: 
+-------------------------+-----+-----+------------+--------------+--------------+
|        RTL Ports        | Dir | Bits|  Protocol  | Source Object|    C Type    |
+-------------------------+-----+-----+------------+--------------+--------------+
|ap_clk                   |   in|    1|  ap_ctrl_hs|         task4|  return value|
|ap_rst                   |   in|    1|  ap_ctrl_hs|         task4|  return value|
|ap_start                 |   in|    1|  ap_ctrl_hs|         task4|  return value|
|ap_done                  |  out|    1|  ap_ctrl_hs|         task4|  return value|
|ap_idle                  |  out|    1|  ap_ctrl_hs|         task4|  return value|
|ap_ready                 |  out|    1|  ap_ctrl_hs|         task4|  return value|
|G_0_address0             |  out|    6|   ap_memory|           G_0|         array|
|G_0_ce0                  |  out|    1|   ap_memory|           G_0|         array|
|G_0_we0                  |  out|    1|   ap_memory|           G_0|         array|
|G_0_d0                   |  out|   32|   ap_memory|           G_0|         array|
|G_0_q0                   |   in|   32|   ap_memory|           G_0|         array|
|G_1_address0             |  out|    6|   ap_memory|           G_1|         array|
|G_1_ce0                  |  out|    1|   ap_memory|           G_1|         array|
|G_1_we0                  |  out|    1|   ap_memory|           G_1|         array|
|G_1_d0                   |  out|   32|   ap_memory|           G_1|         array|
|G_1_q0                   |   in|   32|   ap_memory|           G_1|         array|
|G_2_address0             |  out|    6|   ap_memory|           G_2|         array|
|G_2_ce0                  |  out|    1|   ap_memory|           G_2|         array|
|G_2_we0                  |  out|    1|   ap_memory|           G_2|         array|
|G_2_d0                   |  out|   32|   ap_memory|           G_2|         array|
|G_2_q0                   |   in|   32|   ap_memory|           G_2|         array|
|G_3_address0             |  out|    6|   ap_memory|           G_3|         array|
|G_3_ce0                  |  out|    1|   ap_memory|           G_3|         array|
|G_3_we0                  |  out|    1|   ap_memory|           G_3|         array|
|G_3_d0                   |  out|   32|   ap_memory|           G_3|         array|
|G_3_q0                   |   in|   32|   ap_memory|           G_3|         array|
|G_4_address0             |  out|    6|   ap_memory|           G_4|         array|
|G_4_ce0                  |  out|    1|   ap_memory|           G_4|         array|
|G_4_we0                  |  out|    1|   ap_memory|           G_4|         array|
|G_4_d0                   |  out|   32|   ap_memory|           G_4|         array|
|G_4_q0                   |   in|   32|   ap_memory|           G_4|         array|
|G_5_address0             |  out|    6|   ap_memory|           G_5|         array|
|G_5_ce0                  |  out|    1|   ap_memory|           G_5|         array|
|G_5_we0                  |  out|    1|   ap_memory|           G_5|         array|
|G_5_d0                   |  out|   32|   ap_memory|           G_5|         array|
|G_5_q0                   |   in|   32|   ap_memory|           G_5|         array|
|G_6_address0             |  out|    6|   ap_memory|           G_6|         array|
|G_6_ce0                  |  out|    1|   ap_memory|           G_6|         array|
|G_6_we0                  |  out|    1|   ap_memory|           G_6|         array|
|G_6_d0                   |  out|   32|   ap_memory|           G_6|         array|
|G_6_q0                   |   in|   32|   ap_memory|           G_6|         array|
|G_7_address0             |  out|    6|   ap_memory|           G_7|         array|
|G_7_ce0                  |  out|    1|   ap_memory|           G_7|         array|
|G_7_we0                  |  out|    1|   ap_memory|           G_7|         array|
|G_7_d0                   |  out|   32|   ap_memory|           G_7|         array|
|G_7_q0                   |   in|   32|   ap_memory|           G_7|         array|
|G_8_address0             |  out|    6|   ap_memory|           G_8|         array|
|G_8_ce0                  |  out|    1|   ap_memory|           G_8|         array|
|G_8_we0                  |  out|    1|   ap_memory|           G_8|         array|
|G_8_d0                   |  out|   32|   ap_memory|           G_8|         array|
|G_8_q0                   |   in|   32|   ap_memory|           G_8|         array|
|G_9_address0             |  out|    6|   ap_memory|           G_9|         array|
|G_9_ce0                  |  out|    1|   ap_memory|           G_9|         array|
|G_9_we0                  |  out|    1|   ap_memory|           G_9|         array|
|G_9_d0                   |  out|   32|   ap_memory|           G_9|         array|
|G_9_q0                   |   in|   32|   ap_memory|           G_9|         array|
|G_10_address0            |  out|    6|   ap_memory|          G_10|         array|
|G_10_ce0                 |  out|    1|   ap_memory|          G_10|         array|
|G_10_we0                 |  out|    1|   ap_memory|          G_10|         array|
|G_10_d0                  |  out|   32|   ap_memory|          G_10|         array|
|G_10_q0                  |   in|   32|   ap_memory|          G_10|         array|
|G_11_address0            |  out|    6|   ap_memory|          G_11|         array|
|G_11_ce0                 |  out|    1|   ap_memory|          G_11|         array|
|G_11_we0                 |  out|    1|   ap_memory|          G_11|         array|
|G_11_d0                  |  out|   32|   ap_memory|          G_11|         array|
|G_11_q0                  |   in|   32|   ap_memory|          G_11|         array|
|G_12_address0            |  out|    6|   ap_memory|          G_12|         array|
|G_12_ce0                 |  out|    1|   ap_memory|          G_12|         array|
|G_12_we0                 |  out|    1|   ap_memory|          G_12|         array|
|G_12_d0                  |  out|   32|   ap_memory|          G_12|         array|
|G_12_q0                  |   in|   32|   ap_memory|          G_12|         array|
|G_13_address0            |  out|    6|   ap_memory|          G_13|         array|
|G_13_ce0                 |  out|    1|   ap_memory|          G_13|         array|
|G_13_we0                 |  out|    1|   ap_memory|          G_13|         array|
|G_13_d0                  |  out|   32|   ap_memory|          G_13|         array|
|G_13_q0                  |   in|   32|   ap_memory|          G_13|         array|
|G_14_address0            |  out|    6|   ap_memory|          G_14|         array|
|G_14_ce0                 |  out|    1|   ap_memory|          G_14|         array|
|G_14_we0                 |  out|    1|   ap_memory|          G_14|         array|
|G_14_d0                  |  out|   32|   ap_memory|          G_14|         array|
|G_14_q0                  |   in|   32|   ap_memory|          G_14|         array|
|G_15_address0            |  out|    6|   ap_memory|          G_15|         array|
|G_15_ce0                 |  out|    1|   ap_memory|          G_15|         array|
|G_15_we0                 |  out|    1|   ap_memory|          G_15|         array|
|G_15_d0                  |  out|   32|   ap_memory|          G_15|         array|
|G_15_q0                  |   in|   32|   ap_memory|          G_15|         array|
|G_16_address0            |  out|    6|   ap_memory|          G_16|         array|
|G_16_ce0                 |  out|    1|   ap_memory|          G_16|         array|
|G_16_we0                 |  out|    1|   ap_memory|          G_16|         array|
|G_16_d0                  |  out|   32|   ap_memory|          G_16|         array|
|G_16_q0                  |   in|   32|   ap_memory|          G_16|         array|
|G_17_address0            |  out|    6|   ap_memory|          G_17|         array|
|G_17_ce0                 |  out|    1|   ap_memory|          G_17|         array|
|G_17_we0                 |  out|    1|   ap_memory|          G_17|         array|
|G_17_d0                  |  out|   32|   ap_memory|          G_17|         array|
|G_17_q0                  |   in|   32|   ap_memory|          G_17|         array|
|G_18_address0            |  out|    6|   ap_memory|          G_18|         array|
|G_18_ce0                 |  out|    1|   ap_memory|          G_18|         array|
|G_18_we0                 |  out|    1|   ap_memory|          G_18|         array|
|G_18_d0                  |  out|   32|   ap_memory|          G_18|         array|
|G_18_q0                  |   in|   32|   ap_memory|          G_18|         array|
|G_19_address0            |  out|    6|   ap_memory|          G_19|         array|
|G_19_ce0                 |  out|    1|   ap_memory|          G_19|         array|
|G_19_we0                 |  out|    1|   ap_memory|          G_19|         array|
|G_19_d0                  |  out|   32|   ap_memory|          G_19|         array|
|G_19_q0                  |   in|   32|   ap_memory|          G_19|         array|
|G_20_address0            |  out|    6|   ap_memory|          G_20|         array|
|G_20_ce0                 |  out|    1|   ap_memory|          G_20|         array|
|G_20_we0                 |  out|    1|   ap_memory|          G_20|         array|
|G_20_d0                  |  out|   32|   ap_memory|          G_20|         array|
|G_20_q0                  |   in|   32|   ap_memory|          G_20|         array|
|G_21_address0            |  out|    6|   ap_memory|          G_21|         array|
|G_21_ce0                 |  out|    1|   ap_memory|          G_21|         array|
|G_21_we0                 |  out|    1|   ap_memory|          G_21|         array|
|G_21_d0                  |  out|   32|   ap_memory|          G_21|         array|
|G_21_q0                  |   in|   32|   ap_memory|          G_21|         array|
|G_22_address0            |  out|    6|   ap_memory|          G_22|         array|
|G_22_ce0                 |  out|    1|   ap_memory|          G_22|         array|
|G_22_we0                 |  out|    1|   ap_memory|          G_22|         array|
|G_22_d0                  |  out|   32|   ap_memory|          G_22|         array|
|G_22_q0                  |   in|   32|   ap_memory|          G_22|         array|
|G_23_address0            |  out|    6|   ap_memory|          G_23|         array|
|G_23_ce0                 |  out|    1|   ap_memory|          G_23|         array|
|G_23_we0                 |  out|    1|   ap_memory|          G_23|         array|
|G_23_d0                  |  out|   32|   ap_memory|          G_23|         array|
|G_23_q0                  |   in|   32|   ap_memory|          G_23|         array|
|G_24_address0            |  out|    6|   ap_memory|          G_24|         array|
|G_24_ce0                 |  out|    1|   ap_memory|          G_24|         array|
|G_24_we0                 |  out|    1|   ap_memory|          G_24|         array|
|G_24_d0                  |  out|   32|   ap_memory|          G_24|         array|
|G_24_q0                  |   in|   32|   ap_memory|          G_24|         array|
|G_25_address0            |  out|    6|   ap_memory|          G_25|         array|
|G_25_ce0                 |  out|    1|   ap_memory|          G_25|         array|
|G_25_we0                 |  out|    1|   ap_memory|          G_25|         array|
|G_25_d0                  |  out|   32|   ap_memory|          G_25|         array|
|G_25_q0                  |   in|   32|   ap_memory|          G_25|         array|
|G_26_address0            |  out|    6|   ap_memory|          G_26|         array|
|G_26_ce0                 |  out|    1|   ap_memory|          G_26|         array|
|G_26_we0                 |  out|    1|   ap_memory|          G_26|         array|
|G_26_d0                  |  out|   32|   ap_memory|          G_26|         array|
|G_26_q0                  |   in|   32|   ap_memory|          G_26|         array|
|G_27_address0            |  out|    6|   ap_memory|          G_27|         array|
|G_27_ce0                 |  out|    1|   ap_memory|          G_27|         array|
|G_27_we0                 |  out|    1|   ap_memory|          G_27|         array|
|G_27_d0                  |  out|   32|   ap_memory|          G_27|         array|
|G_27_q0                  |   in|   32|   ap_memory|          G_27|         array|
|G_28_address0            |  out|    6|   ap_memory|          G_28|         array|
|G_28_ce0                 |  out|    1|   ap_memory|          G_28|         array|
|G_28_we0                 |  out|    1|   ap_memory|          G_28|         array|
|G_28_d0                  |  out|   32|   ap_memory|          G_28|         array|
|G_28_q0                  |   in|   32|   ap_memory|          G_28|         array|
|G_29_address0            |  out|    6|   ap_memory|          G_29|         array|
|G_29_ce0                 |  out|    1|   ap_memory|          G_29|         array|
|G_29_we0                 |  out|    1|   ap_memory|          G_29|         array|
|G_29_d0                  |  out|   32|   ap_memory|          G_29|         array|
|G_29_q0                  |   in|   32|   ap_memory|          G_29|         array|
|G_30_address0            |  out|    6|   ap_memory|          G_30|         array|
|G_30_ce0                 |  out|    1|   ap_memory|          G_30|         array|
|G_30_we0                 |  out|    1|   ap_memory|          G_30|         array|
|G_30_d0                  |  out|   32|   ap_memory|          G_30|         array|
|G_30_q0                  |   in|   32|   ap_memory|          G_30|         array|
|G_31_address0            |  out|    6|   ap_memory|          G_31|         array|
|G_31_ce0                 |  out|    1|   ap_memory|          G_31|         array|
|G_31_we0                 |  out|    1|   ap_memory|          G_31|         array|
|G_31_d0                  |  out|   32|   ap_memory|          G_31|         array|
|G_31_q0                  |   in|   32|   ap_memory|          G_31|         array|
|G_32_address0            |  out|    6|   ap_memory|          G_32|         array|
|G_32_ce0                 |  out|    1|   ap_memory|          G_32|         array|
|G_32_we0                 |  out|    1|   ap_memory|          G_32|         array|
|G_32_d0                  |  out|   32|   ap_memory|          G_32|         array|
|G_32_q0                  |   in|   32|   ap_memory|          G_32|         array|
|G_33_address0            |  out|    6|   ap_memory|          G_33|         array|
|G_33_ce0                 |  out|    1|   ap_memory|          G_33|         array|
|G_33_we0                 |  out|    1|   ap_memory|          G_33|         array|
|G_33_d0                  |  out|   32|   ap_memory|          G_33|         array|
|G_33_q0                  |   in|   32|   ap_memory|          G_33|         array|
|G_34_address0            |  out|    6|   ap_memory|          G_34|         array|
|G_34_ce0                 |  out|    1|   ap_memory|          G_34|         array|
|G_34_we0                 |  out|    1|   ap_memory|          G_34|         array|
|G_34_d0                  |  out|   32|   ap_memory|          G_34|         array|
|G_34_q0                  |   in|   32|   ap_memory|          G_34|         array|
|G_35_address0            |  out|    6|   ap_memory|          G_35|         array|
|G_35_ce0                 |  out|    1|   ap_memory|          G_35|         array|
|G_35_we0                 |  out|    1|   ap_memory|          G_35|         array|
|G_35_d0                  |  out|   32|   ap_memory|          G_35|         array|
|G_35_q0                  |   in|   32|   ap_memory|          G_35|         array|
|G_36_address0            |  out|    6|   ap_memory|          G_36|         array|
|G_36_ce0                 |  out|    1|   ap_memory|          G_36|         array|
|G_36_we0                 |  out|    1|   ap_memory|          G_36|         array|
|G_36_d0                  |  out|   32|   ap_memory|          G_36|         array|
|G_36_q0                  |   in|   32|   ap_memory|          G_36|         array|
|G_37_address0            |  out|    6|   ap_memory|          G_37|         array|
|G_37_ce0                 |  out|    1|   ap_memory|          G_37|         array|
|G_37_we0                 |  out|    1|   ap_memory|          G_37|         array|
|G_37_d0                  |  out|   32|   ap_memory|          G_37|         array|
|G_37_q0                  |   in|   32|   ap_memory|          G_37|         array|
|G_38_address0            |  out|    6|   ap_memory|          G_38|         array|
|G_38_ce0                 |  out|    1|   ap_memory|          G_38|         array|
|G_38_we0                 |  out|    1|   ap_memory|          G_38|         array|
|G_38_d0                  |  out|   32|   ap_memory|          G_38|         array|
|G_38_q0                  |   in|   32|   ap_memory|          G_38|         array|
|G_39_address0            |  out|    6|   ap_memory|          G_39|         array|
|G_39_ce0                 |  out|    1|   ap_memory|          G_39|         array|
|G_39_we0                 |  out|    1|   ap_memory|          G_39|         array|
|G_39_d0                  |  out|   32|   ap_memory|          G_39|         array|
|G_39_q0                  |   in|   32|   ap_memory|          G_39|         array|
|G_40_address0            |  out|    6|   ap_memory|          G_40|         array|
|G_40_ce0                 |  out|    1|   ap_memory|          G_40|         array|
|G_40_we0                 |  out|    1|   ap_memory|          G_40|         array|
|G_40_d0                  |  out|   32|   ap_memory|          G_40|         array|
|G_40_q0                  |   in|   32|   ap_memory|          G_40|         array|
|G_41_address0            |  out|    6|   ap_memory|          G_41|         array|
|G_41_ce0                 |  out|    1|   ap_memory|          G_41|         array|
|G_41_we0                 |  out|    1|   ap_memory|          G_41|         array|
|G_41_d0                  |  out|   32|   ap_memory|          G_41|         array|
|G_41_q0                  |   in|   32|   ap_memory|          G_41|         array|
|G_42_address0            |  out|    6|   ap_memory|          G_42|         array|
|G_42_ce0                 |  out|    1|   ap_memory|          G_42|         array|
|G_42_we0                 |  out|    1|   ap_memory|          G_42|         array|
|G_42_d0                  |  out|   32|   ap_memory|          G_42|         array|
|G_42_q0                  |   in|   32|   ap_memory|          G_42|         array|
|G_43_address0            |  out|    6|   ap_memory|          G_43|         array|
|G_43_ce0                 |  out|    1|   ap_memory|          G_43|         array|
|G_43_we0                 |  out|    1|   ap_memory|          G_43|         array|
|G_43_d0                  |  out|   32|   ap_memory|          G_43|         array|
|G_43_q0                  |   in|   32|   ap_memory|          G_43|         array|
|G_44_address0            |  out|    6|   ap_memory|          G_44|         array|
|G_44_ce0                 |  out|    1|   ap_memory|          G_44|         array|
|G_44_we0                 |  out|    1|   ap_memory|          G_44|         array|
|G_44_d0                  |  out|   32|   ap_memory|          G_44|         array|
|G_44_q0                  |   in|   32|   ap_memory|          G_44|         array|
|G_45_address0            |  out|    6|   ap_memory|          G_45|         array|
|G_45_ce0                 |  out|    1|   ap_memory|          G_45|         array|
|G_45_we0                 |  out|    1|   ap_memory|          G_45|         array|
|G_45_d0                  |  out|   32|   ap_memory|          G_45|         array|
|G_45_q0                  |   in|   32|   ap_memory|          G_45|         array|
|G_46_address0            |  out|    6|   ap_memory|          G_46|         array|
|G_46_ce0                 |  out|    1|   ap_memory|          G_46|         array|
|G_46_we0                 |  out|    1|   ap_memory|          G_46|         array|
|G_46_d0                  |  out|   32|   ap_memory|          G_46|         array|
|G_46_q0                  |   in|   32|   ap_memory|          G_46|         array|
|G_47_address0            |  out|    6|   ap_memory|          G_47|         array|
|G_47_ce0                 |  out|    1|   ap_memory|          G_47|         array|
|G_47_we0                 |  out|    1|   ap_memory|          G_47|         array|
|G_47_d0                  |  out|   32|   ap_memory|          G_47|         array|
|G_47_q0                  |   in|   32|   ap_memory|          G_47|         array|
|G_48_address0            |  out|    6|   ap_memory|          G_48|         array|
|G_48_ce0                 |  out|    1|   ap_memory|          G_48|         array|
|G_48_we0                 |  out|    1|   ap_memory|          G_48|         array|
|G_48_d0                  |  out|   32|   ap_memory|          G_48|         array|
|G_48_q0                  |   in|   32|   ap_memory|          G_48|         array|
|G_49_address0            |  out|    6|   ap_memory|          G_49|         array|
|G_49_ce0                 |  out|    1|   ap_memory|          G_49|         array|
|G_49_we0                 |  out|    1|   ap_memory|          G_49|         array|
|G_49_d0                  |  out|   32|   ap_memory|          G_49|         array|
|G_49_q0                  |   in|   32|   ap_memory|          G_49|         array|
|G_50_address0            |  out|    6|   ap_memory|          G_50|         array|
|G_50_ce0                 |  out|    1|   ap_memory|          G_50|         array|
|G_50_we0                 |  out|    1|   ap_memory|          G_50|         array|
|G_50_d0                  |  out|   32|   ap_memory|          G_50|         array|
|G_50_q0                  |   in|   32|   ap_memory|          G_50|         array|
|G_51_address0            |  out|    6|   ap_memory|          G_51|         array|
|G_51_ce0                 |  out|    1|   ap_memory|          G_51|         array|
|G_51_we0                 |  out|    1|   ap_memory|          G_51|         array|
|G_51_d0                  |  out|   32|   ap_memory|          G_51|         array|
|G_51_q0                  |   in|   32|   ap_memory|          G_51|         array|
|G_52_address0            |  out|    6|   ap_memory|          G_52|         array|
|G_52_ce0                 |  out|    1|   ap_memory|          G_52|         array|
|G_52_we0                 |  out|    1|   ap_memory|          G_52|         array|
|G_52_d0                  |  out|   32|   ap_memory|          G_52|         array|
|G_52_q0                  |   in|   32|   ap_memory|          G_52|         array|
|G_53_address0            |  out|    6|   ap_memory|          G_53|         array|
|G_53_ce0                 |  out|    1|   ap_memory|          G_53|         array|
|G_53_we0                 |  out|    1|   ap_memory|          G_53|         array|
|G_53_d0                  |  out|   32|   ap_memory|          G_53|         array|
|G_53_q0                  |   in|   32|   ap_memory|          G_53|         array|
|G_54_address0            |  out|    6|   ap_memory|          G_54|         array|
|G_54_ce0                 |  out|    1|   ap_memory|          G_54|         array|
|G_54_we0                 |  out|    1|   ap_memory|          G_54|         array|
|G_54_d0                  |  out|   32|   ap_memory|          G_54|         array|
|G_54_q0                  |   in|   32|   ap_memory|          G_54|         array|
|G_55_address0            |  out|    6|   ap_memory|          G_55|         array|
|G_55_ce0                 |  out|    1|   ap_memory|          G_55|         array|
|G_55_we0                 |  out|    1|   ap_memory|          G_55|         array|
|G_55_d0                  |  out|   32|   ap_memory|          G_55|         array|
|G_55_q0                  |   in|   32|   ap_memory|          G_55|         array|
|G_56_address0            |  out|    6|   ap_memory|          G_56|         array|
|G_56_ce0                 |  out|    1|   ap_memory|          G_56|         array|
|G_56_we0                 |  out|    1|   ap_memory|          G_56|         array|
|G_56_d0                  |  out|   32|   ap_memory|          G_56|         array|
|G_56_q0                  |   in|   32|   ap_memory|          G_56|         array|
|G_57_address0            |  out|    6|   ap_memory|          G_57|         array|
|G_57_ce0                 |  out|    1|   ap_memory|          G_57|         array|
|G_57_we0                 |  out|    1|   ap_memory|          G_57|         array|
|G_57_d0                  |  out|   32|   ap_memory|          G_57|         array|
|G_57_q0                  |   in|   32|   ap_memory|          G_57|         array|
|G_58_address0            |  out|    6|   ap_memory|          G_58|         array|
|G_58_ce0                 |  out|    1|   ap_memory|          G_58|         array|
|G_58_we0                 |  out|    1|   ap_memory|          G_58|         array|
|G_58_d0                  |  out|   32|   ap_memory|          G_58|         array|
|G_58_q0                  |   in|   32|   ap_memory|          G_58|         array|
|G_59_address0            |  out|    6|   ap_memory|          G_59|         array|
|G_59_ce0                 |  out|    1|   ap_memory|          G_59|         array|
|G_59_we0                 |  out|    1|   ap_memory|          G_59|         array|
|G_59_d0                  |  out|   32|   ap_memory|          G_59|         array|
|G_59_q0                  |   in|   32|   ap_memory|          G_59|         array|
|G_60_address0            |  out|    6|   ap_memory|          G_60|         array|
|G_60_ce0                 |  out|    1|   ap_memory|          G_60|         array|
|G_60_we0                 |  out|    1|   ap_memory|          G_60|         array|
|G_60_d0                  |  out|   32|   ap_memory|          G_60|         array|
|G_60_q0                  |   in|   32|   ap_memory|          G_60|         array|
|G_61_address0            |  out|    6|   ap_memory|          G_61|         array|
|G_61_ce0                 |  out|    1|   ap_memory|          G_61|         array|
|G_61_we0                 |  out|    1|   ap_memory|          G_61|         array|
|G_61_d0                  |  out|   32|   ap_memory|          G_61|         array|
|G_61_q0                  |   in|   32|   ap_memory|          G_61|         array|
|G_62_address0            |  out|    6|   ap_memory|          G_62|         array|
|G_62_ce0                 |  out|    1|   ap_memory|          G_62|         array|
|G_62_we0                 |  out|    1|   ap_memory|          G_62|         array|
|G_62_d0                  |  out|   32|   ap_memory|          G_62|         array|
|G_62_q0                  |   in|   32|   ap_memory|          G_62|         array|
|G_63_address0            |  out|    6|   ap_memory|          G_63|         array|
|G_63_ce0                 |  out|    1|   ap_memory|          G_63|         array|
|G_63_we0                 |  out|    1|   ap_memory|          G_63|         array|
|G_63_d0                  |  out|   32|   ap_memory|          G_63|         array|
|G_63_q0                  |   in|   32|   ap_memory|          G_63|         array|
|G_64_address0            |  out|    6|   ap_memory|          G_64|         array|
|G_64_ce0                 |  out|    1|   ap_memory|          G_64|         array|
|G_64_we0                 |  out|    1|   ap_memory|          G_64|         array|
|G_64_d0                  |  out|   32|   ap_memory|          G_64|         array|
|G_64_q0                  |   in|   32|   ap_memory|          G_64|         array|
|G_65_address0            |  out|    6|   ap_memory|          G_65|         array|
|G_65_ce0                 |  out|    1|   ap_memory|          G_65|         array|
|G_65_we0                 |  out|    1|   ap_memory|          G_65|         array|
|G_65_d0                  |  out|   32|   ap_memory|          G_65|         array|
|G_65_q0                  |   in|   32|   ap_memory|          G_65|         array|
|G_66_address0            |  out|    6|   ap_memory|          G_66|         array|
|G_66_ce0                 |  out|    1|   ap_memory|          G_66|         array|
|G_66_we0                 |  out|    1|   ap_memory|          G_66|         array|
|G_66_d0                  |  out|   32|   ap_memory|          G_66|         array|
|G_66_q0                  |   in|   32|   ap_memory|          G_66|         array|
|G_67_address0            |  out|    6|   ap_memory|          G_67|         array|
|G_67_ce0                 |  out|    1|   ap_memory|          G_67|         array|
|G_67_we0                 |  out|    1|   ap_memory|          G_67|         array|
|G_67_d0                  |  out|   32|   ap_memory|          G_67|         array|
|G_67_q0                  |   in|   32|   ap_memory|          G_67|         array|
|G_68_address0            |  out|    6|   ap_memory|          G_68|         array|
|G_68_ce0                 |  out|    1|   ap_memory|          G_68|         array|
|G_68_we0                 |  out|    1|   ap_memory|          G_68|         array|
|G_68_d0                  |  out|   32|   ap_memory|          G_68|         array|
|G_68_q0                  |   in|   32|   ap_memory|          G_68|         array|
|G_69_address0            |  out|    6|   ap_memory|          G_69|         array|
|G_69_ce0                 |  out|    1|   ap_memory|          G_69|         array|
|G_69_we0                 |  out|    1|   ap_memory|          G_69|         array|
|G_69_d0                  |  out|   32|   ap_memory|          G_69|         array|
|G_69_q0                  |   in|   32|   ap_memory|          G_69|         array|
|m_axi_kernel_G_AWVALID   |  out|    1|       m_axi|      kernel_G|       pointer|
|m_axi_kernel_G_AWREADY   |   in|    1|       m_axi|      kernel_G|       pointer|
|m_axi_kernel_G_AWADDR    |  out|   64|       m_axi|      kernel_G|       pointer|
|m_axi_kernel_G_AWID      |  out|    1|       m_axi|      kernel_G|       pointer|
|m_axi_kernel_G_AWLEN     |  out|   32|       m_axi|      kernel_G|       pointer|
|m_axi_kernel_G_AWSIZE    |  out|    3|       m_axi|      kernel_G|       pointer|
|m_axi_kernel_G_AWBURST   |  out|    2|       m_axi|      kernel_G|       pointer|
|m_axi_kernel_G_AWLOCK    |  out|    2|       m_axi|      kernel_G|       pointer|
|m_axi_kernel_G_AWCACHE   |  out|    4|       m_axi|      kernel_G|       pointer|
|m_axi_kernel_G_AWPROT    |  out|    3|       m_axi|      kernel_G|       pointer|
|m_axi_kernel_G_AWQOS     |  out|    4|       m_axi|      kernel_G|       pointer|
|m_axi_kernel_G_AWREGION  |  out|    4|       m_axi|      kernel_G|       pointer|
|m_axi_kernel_G_AWUSER    |  out|    1|       m_axi|      kernel_G|       pointer|
|m_axi_kernel_G_WVALID    |  out|    1|       m_axi|      kernel_G|       pointer|
|m_axi_kernel_G_WREADY    |   in|    1|       m_axi|      kernel_G|       pointer|
|m_axi_kernel_G_WDATA     |  out|   64|       m_axi|      kernel_G|       pointer|
|m_axi_kernel_G_WSTRB     |  out|    8|       m_axi|      kernel_G|       pointer|
|m_axi_kernel_G_WLAST     |  out|    1|       m_axi|      kernel_G|       pointer|
|m_axi_kernel_G_WID       |  out|    1|       m_axi|      kernel_G|       pointer|
|m_axi_kernel_G_WUSER     |  out|    1|       m_axi|      kernel_G|       pointer|
|m_axi_kernel_G_ARVALID   |  out|    1|       m_axi|      kernel_G|       pointer|
|m_axi_kernel_G_ARREADY   |   in|    1|       m_axi|      kernel_G|       pointer|
|m_axi_kernel_G_ARADDR    |  out|   64|       m_axi|      kernel_G|       pointer|
|m_axi_kernel_G_ARID      |  out|    1|       m_axi|      kernel_G|       pointer|
|m_axi_kernel_G_ARLEN     |  out|   32|       m_axi|      kernel_G|       pointer|
|m_axi_kernel_G_ARSIZE    |  out|    3|       m_axi|      kernel_G|       pointer|
|m_axi_kernel_G_ARBURST   |  out|    2|       m_axi|      kernel_G|       pointer|
|m_axi_kernel_G_ARLOCK    |  out|    2|       m_axi|      kernel_G|       pointer|
|m_axi_kernel_G_ARCACHE   |  out|    4|       m_axi|      kernel_G|       pointer|
|m_axi_kernel_G_ARPROT    |  out|    3|       m_axi|      kernel_G|       pointer|
|m_axi_kernel_G_ARQOS     |  out|    4|       m_axi|      kernel_G|       pointer|
|m_axi_kernel_G_ARREGION  |  out|    4|       m_axi|      kernel_G|       pointer|
|m_axi_kernel_G_ARUSER    |  out|    1|       m_axi|      kernel_G|       pointer|
|m_axi_kernel_G_RVALID    |   in|    1|       m_axi|      kernel_G|       pointer|
|m_axi_kernel_G_RREADY    |  out|    1|       m_axi|      kernel_G|       pointer|
|m_axi_kernel_G_RDATA     |   in|   64|       m_axi|      kernel_G|       pointer|
|m_axi_kernel_G_RLAST     |   in|    1|       m_axi|      kernel_G|       pointer|
|m_axi_kernel_G_RID       |   in|    1|       m_axi|      kernel_G|       pointer|
|m_axi_kernel_G_RFIFONUM  |   in|    9|       m_axi|      kernel_G|       pointer|
|m_axi_kernel_G_RUSER     |   in|    1|       m_axi|      kernel_G|       pointer|
|m_axi_kernel_G_RRESP     |   in|    2|       m_axi|      kernel_G|       pointer|
|m_axi_kernel_G_BVALID    |   in|    1|       m_axi|      kernel_G|       pointer|
|m_axi_kernel_G_BREADY    |  out|    1|       m_axi|      kernel_G|       pointer|
|m_axi_kernel_G_BRESP     |   in|    2|       m_axi|      kernel_G|       pointer|
|m_axi_kernel_G_BID       |   in|    1|       m_axi|      kernel_G|       pointer|
|m_axi_kernel_G_BUSER     |   in|    1|       m_axi|      kernel_G|       pointer|
|vG                       |   in|   64|     ap_none|            vG|        scalar|
+-------------------------+-----+-----+------------+--------------+--------------+

