2024-04-19 16:06:24,605 [data_extraction.py:70] INFO: ================================================================
2024-04-19 16:06:24,606 [data_extraction.py:71] INFO: 1. Start data extracton: 
2024-04-19 16:06:24,606 [data_extraction.py:72] INFO: ================================================================
2024-04-19 16:06:24,929 [loop_location.py:35] INFO: ------------------------------
2024-04-19 16:06:24,929 [loop_location.py:36] INFO: Start to generate loop_location.json
2024-04-19 16:06:24,929 [loop_location.py:37] INFO: ------------------------------
2024-04-19 16:06:25,037 [topo_id_gen.py:53] INFO: ------------------------------
2024-04-19 16:06:25,038 [topo_id_gen.py:54] INFO: Start to generate topo_info.json
2024-04-19 16:06:25,038 [topo_id_gen.py:55] INFO: ------------------------------
2024-04-19 16:06:27,518 [merge_token.py:250] INFO: merging vendor json file kernel_gemm_Pipeline_L21_csynth.json
2024-04-19 16:06:27,531 [merge_token.py:263] INFO: --k L,kernel_gemm_Pipeline_L21-L2
2024-04-19 16:06:27,531 [merge_token.py:263] INFO: --k kernel_gemm_Pipeline_L21
2024-04-19 16:06:27,531 [merge_token.py:311] WARNING: Not merging kernel_gemm_Pipeline_L21
2024-04-19 16:06:27,532 [merge_token.py:250] INFO: merging vendor json file kernel_gemm_Pipeline_L22_csynth.json
2024-04-19 16:06:27,536 [merge_token.py:263] INFO: --k L,kernel_gemm_Pipeline_L22-L2
2024-04-19 16:06:27,537 [merge_token.py:263] INFO: --k kernel_gemm_Pipeline_L22
2024-04-19 16:06:27,537 [merge_token.py:311] WARNING: Not merging kernel_gemm_Pipeline_L22
2024-04-19 16:06:27,537 [merge_token.py:250] INFO: merging vendor json file kernel_gemm_Pipeline_L2_csynth.json
2024-04-19 16:06:27,542 [merge_token.py:263] INFO: --k L,kernel_gemm_Pipeline_L2-L2
2024-04-19 16:06:27,542 [merge_token.py:263] INFO: --k kernel_gemm_Pipeline_L2
2024-04-19 16:06:27,543 [merge_token.py:311] WARNING: Not merging kernel_gemm_Pipeline_L2
2024-04-19 16:06:27,543 [merge_token.py:250] INFO: merging vendor json file kernel_gemm_Pipeline_L3_csynth.json
2024-04-19 16:06:27,597 [merge_token.py:263] INFO: --k L,kernel_gemm_Pipeline_L3-L3
2024-04-19 16:06:27,598 [merge_token.py:263] INFO: --k kernel_gemm_Pipeline_L3
2024-04-19 16:06:27,598 [merge_token.py:311] WARNING: Not merging kernel_gemm_Pipeline_L3
2024-04-19 16:06:27,598 [merge_token.py:250] INFO: merging vendor json file kernel_gemm_Pipeline_merlinL3_merlinL2_csynth.json
2024-04-19 16:06:27,612 [merge_token.py:263] INFO: --k L,kernel_gemm_Pipeline_merlinL3_merlinL2-merlinL3_merlinL2
2024-04-19 16:06:27,613 [merge_token.py:267] INFO: --tid = L_0_0_0_7_2_0_28_0
2024-04-19 16:06:27,613 [merge_token.py:276] INFO: --loopname = merlinL3_merlinL2
2024-04-19 16:06:27,613 [merge_token.py:263] INFO: --k kernel_gemm_Pipeline_merlinL3_merlinL2
2024-04-19 16:06:27,613 [merge_token.py:311] WARNING: Not merging kernel_gemm_Pipeline_merlinL3_merlinL2
2024-04-19 16:06:27,614 [merge_token.py:250] INFO: merging vendor json file kernel_gemm_csynth.json
2024-04-19 16:06:27,630 [merge_token.py:263] INFO: --k kernel_gemm
2024-04-19 16:06:27,630 [merge_token.py:263] INFO: --k kernel_gemm_Pipeline_L2
2024-04-19 16:06:27,630 [merge_token.py:311] WARNING: Not merging kernel_gemm_Pipeline_L2
2024-04-19 16:06:27,630 [merge_token.py:263] INFO: --k kernel_gemm_Pipeline_L21
2024-04-19 16:06:27,631 [merge_token.py:311] WARNING: Not merging kernel_gemm_Pipeline_L21
2024-04-19 16:06:27,631 [merge_token.py:263] INFO: --k kernel_gemm_Pipeline_L22
2024-04-19 16:06:27,631 [merge_token.py:311] WARNING: Not merging kernel_gemm_Pipeline_L22
2024-04-19 16:06:27,631 [merge_token.py:263] INFO: --k kernel_gemm_Pipeline_L3
2024-04-19 16:06:27,632 [merge_token.py:311] WARNING: Not merging kernel_gemm_Pipeline_L3
2024-04-19 16:06:27,632 [merge_token.py:263] INFO: --k kernel_gemm_Pipeline_merlinL3_merlinL2
2024-04-19 16:06:27,632 [merge_token.py:311] WARNING: Not merging kernel_gemm_Pipeline_merlinL3_merlinL2
2024-04-19 16:06:27,664 [merge_token.py:352] WARNING: line-number merging L,9
2024-04-19 16:06:27,664 [merge_token.py:402] WARNING: Not merging L,9
2024-04-19 16:06:27,664 [merge_token.py:352] WARNING: line-number merging L,8
2024-04-19 16:06:27,665 [merge_token.py:402] WARNING: Not merging L,8
2024-04-19 16:06:27,665 [merge_token.py:352] WARNING: line-number merging L,3
2024-04-19 16:06:27,665 [merge_token.py:402] WARNING: Not merging L,3
2024-04-19 16:06:27,666 [merge_token.py:352] WARNING: line-number merging L,2
2024-04-19 16:06:27,666 [merge_token.py:402] WARNING: Not merging L,2
2024-04-19 16:06:27,666 [merge_token.py:352] WARNING: line-number merging L,1
2024-04-19 16:06:27,666 [merge_token.py:402] WARNING: Not merging L,1
2024-04-19 16:06:27,666 [merge_token.py:352] WARNING: line-number merging L,7
2024-04-19 16:06:27,667 [merge_token.py:402] WARNING: Not merging L,7
2024-04-19 16:06:27,667 [merge_token.py:352] WARNING: line-number merging L,6
2024-04-19 16:06:27,667 [merge_token.py:402] WARNING: Not merging L,6
2024-04-19 16:06:27,667 [merge_token.py:389] INFO: find flatten loop
2024-04-19 16:06:27,668 [merge_token.py:360] INFO: name  = merlinL3
2024-04-19 16:06:27,668 [merge_token.py:361] INFO: one name = merlinL3_merlinL2
2024-04-19 16:06:27,668 [merge_token.py:363] INFO: split name =
2024-04-19 16:06:27,668 [merge_token.py:364] INFO: (u'merlinL3', u'_', u'merlinL2')
2024-04-19 16:06:27,669 [merge_token.py:367] INFO: name index  = 0
2024-04-19 16:06:27,669 [merge_token.py:371] INFO: flatten_son  = merlinL2
2024-04-19 16:06:27,669 [merge_token.py:393] INFO: flatten_id = L_0_0_0_7_2_0_28_0_3_0_0
2024-04-19 16:06:27,669 [merge_token.py:352] WARNING: line-number merging L,10
2024-04-19 16:06:27,670 [merge_token.py:402] WARNING: Not merging L,10
2024-04-19 16:06:27,670 [merge_token.py:423] INFO: merged_node_list: 
2024-04-19 16:06:27,670 [merge_token.py:424] INFO: [u'L_0_0_0_7_2_0_28_0', u'F_0_0_0_7', u'L_0_0_0_7_2_0_28_0_3_0_0', u'L_0_0_0_7_2_0_28_0', u'L_0_0_0_7_2_0_28_0_3_0_0_3_2_0', u'L_0_0_0_7_2_0_28_0_3_0_0_3_2_0_3_2_0']
