[   0m]    INFO Main: Workspace initialized
[   0m]    INFO Main: Loading configurations
[   0m]    INFO Main: Initializing the database at port 6009
[   0m]    INFO Main: Initializing the evaluator
[   0m]    INFO Main: Compiling design space for scope map
[   0m]    INFO DSProc: Design space contains 772182720000 valid design points
[   0m]    INFO DSProc: Finished design space compilation
[   0m]    INFO Main: Building the scope map
[   3m]    INFO Report: DSE Configure
[   3m]    INFO Report: +--------------------+--------------+
[   3m]    INFO Report: |       Config       |    Value     |
[   3m]    INFO Report: +====================+==============+
[   3m]    INFO Report: | Project            | dse_project  |
[   3m]    INFO Report: +--------------------+--------------+
[   3m]    INFO Report: | Backup mode        | BACKUP_ERROR |
[   3m]    INFO Report: +--------------------+--------------+
[   3m]    INFO Report: | Fast mode output # | 4            |
[   3m]    INFO Report: +--------------------+--------------+
[   3m]    INFO Report: | Execution mode     | fast-dse     |
[   3m]    INFO Report: +--------------------+--------------+
[   3m]    INFO Report: | Search approach    | gradient     |
[   3m]    INFO Report: +--------------------+--------------+
[   3m]    INFO Report: | DSE time           | 1000         |
[   3m]    INFO Report: +--------------------+--------------+
[   3m]    INFO Report: | HLS time           | 180          |
[   3m]    INFO Report: +--------------------+--------------+
[   3m]    INFO Report: The actual elapsed time may be over the set up exploration time
[   3m]    INFO Report: because we do not abandon the effort of running cases
[   3m]    INFO Main: Compiling design space
[   3m]    INFO DSProc: Design space contains 772182720000 valid design points
[   3m]    INFO DSProc: Finished design space compilation
[   3m]    INFO Main: Partitioning the design space to at maximum 4 parts
[   3m]    INFO Main: 4 parts generated
[   3m]    INFO Main: Start the exploration
[   3m]    INFO Main: 4 explorers have been launched
[   4m]    INFO Report: Best result reporting...
[   4m]    INFO Report: +-------+-------+-------------------------------------------+
[   4m]    INFO Report: |Quality|Perf.  |Resource                                   |
[   4m]    INFO Report: +-------+-------+-------------------------------------------+
[   7m]    INFO Report: |4.7e-07|2.1e+06|BRAM:13.0%, DSP:0.0%, LUT:3.0%, FF:2.0%    |
[   7m]    INFO Report: +-------+-------+-------------------------------------------+
[  10m]    INFO Report: |5.1e-07|2.0e+06|BRAM:15.0%, DSP:58.0%, LUT:28.0%, FF:24.0% |
[  10m]    INFO Report: +-------+-------+-------------------------------------------+
[  23m]    INFO Report: |1.0e-06|9.9e+05|BRAM:15.0%, DSP:58.0%, LUT:34.0%, FF:29.0% |
[  23m]    INFO Report: +-------+-------+-------------------------------------------+
[1264m]    INFO Main: DSE Summary
[1264m]    INFO Main: +----------------------------+-----+
[1264m]    INFO Main: | Total Explored             | 344 |
[1264m]    INFO Main: +----------------------------+-----+
[1264m]    INFO Main: | Level 1 Timeout            | 0   |
[1264m]    INFO Main: +----------------------------+-----+
[1264m]    INFO Main: | Level 1 Analysis Error     | 0   |
[1264m]    INFO Main: +----------------------------+-----+
[1264m]    INFO Main: | Level 1 Early Reject       | 200 |
[1264m]    INFO Main: +----------------------------+-----+
[1264m]    INFO Main: | Level 1 Result Unavailable | 0   |
[1264m]    INFO Main: +----------------------------+-----+
[1264m]    INFO Main: | Level 2 Timeout            | 7   |
[1264m]    INFO Main: +----------------------------+-----+
[1264m]    INFO Main: | Level 2 Analysis Error     | 0   |
[1264m]    INFO Main: +----------------------------+-----+
[1264m]    INFO Main: | Level 2 Duplicate          | 5   |
[1264m]    INFO Main: +----------------------------+-----+
[1264m]    INFO Main: | Level 2 Result Unavailable | 22  |
[1264m]    INFO Main: +----------------------------+-----+
[1264m]    INFO Main: Outputs of fast exploration are generated
[1264m]    INFO Main: Finish the exploration
