[   3m]    INFO Search: Computation order (high to low): ['PARALLEL', 'PIPELINE']
[   3m]    INFO Search: Communication order (high to low): ['INTERFACE', 'CACHE', 'PIPELINE', 'TILE', 'TILING']
[   3m]    INFO Search: Launch gradient search algorithm
[  10m]    INFO Search: Focus parameters (high order goes to tail): ['__TILE__L0', '__TILE__L3', '__TILE__L1', '__PARA__L2', '__PIPE__L0', '__PARA__L0', '__PIPE__L3', '__PARA__L3', '__PARA__L6', '__PIPE__L1', '__PARA__L1', '__PARA__L5']
[  10m]    INFO Search: === ITERATION 1 ===
[  10m]    INFO Search: Tree Level 0
[  10m]    INFO Search: Working Node:
[  10m]    INFO Search: +---------+------------------------------------------------------------------------------------------------------------+
[  10m]    INFO Search: | Point   | __PARA__L0-1.__PARA__L1-1.__PARA__L2-1.__PARA__L3-1.__PARA__L4-1.__PARA__L5-1.__PARA__L6-1.__PIPE__L0-     |
[  10m]    INFO Search: |         | flatten.__PIPE__L1-off.__PIPE__L3-off.__TILE__L0-1.__TILE__L1-1.__TILE__L3-1                               |
[  10m]    INFO Search: +---------+------------------------------------------------------------------------------------------------------------+
[  10m]    INFO Search: | Quality | 0.00e+00                                                                                                   |
[  10m]    INFO Search: +---------+------------------------------------------------------------------------------------------------------------+
[  10m]    INFO Search: | Perf.   | 1.95e+06                                                                                                   |
[  10m]    INFO Search: +---------+------------------------------------------------------------------------------------------------------------+
[  10m]    INFO Search: | Child   | ('__TILE__L0', '14')<-('__TILE__L3', '14')<-('__TILE__L1', '14')<-('__PARA__L2', '10,4')<-('__PIPE__L0',   |
[  10m]    INFO Search: |         | '')<-('__PARA__L0', '10,4')<-('__PIPE__L3', '1,1')<-('__PARA__L3', '10,4')<-('__PARA__L6',                 |
[  10m]    INFO Search: |         | '10,4')<-('__PIPE__L1', '1')<-('__PARA__L1', '10,4')<-('__PARA__L5', '10,4')<-('builtin', '1')             |
[  10m]    INFO Search: +---------+------------------------------------------------------------------------------------------------------------+
[  10m]    INFO Search: | Tuned   |                                                                                                            |
[  10m]    INFO Search: +---------+------------------------------------------------------------------------------------------------------------+
[  10m]    INFO Search: Working batch: builtin
[  10m]    INFO Search: Evaluating 1 poitns
[  23m]    INFO Search: Received results from evaluator
[  23m]    INFO Search: Results
[  23m]    INFO Search: +--------------------+----------+----------+--------------------+--------+-------+
[  23m]    INFO Search: |        Tag         | Quality  |  Perf.   | BRAM, DSP, LUT, FF | Status | Valid |
[  23m]    INFO Search: +====================+==========+==========+====================+========+=======+
[  23m]    INFO Search: | __PIPE__L3-flatten | 1.01e-06 | 9.93e+05 | 0.1, 0.6, 0.3, 0.3 | PASS   | True  |
[  23m]    INFO Search: +--------------------+----------+----------+--------------------+--------+-------+
[  23m]    INFO Search: -> Add to level 1 with 11 tunable parameters: ['__TILE__L0', '__TILE__L3', '__TILE__L1', '__PIPE__L0', '__PARA__L0', '__PARA__L2', '__PIPE__L3', '__PARA__L3', '__PIPE__L1', '__PARA__L1', '__PARA__L5']
[  23m]    INFO Search: Run out of batches of parameter builtin
[  23m]    INFO Search: === ITERATION 2 ===
[  23m]    INFO Search: Tree Level 1
[  23m]    INFO Search: Working Node:
[  23m]    INFO Search: +---------+------------------------------------------------------------------------------------------------------------+
[  23m]    INFO Search: | Point   | __PARA__L0-1.__PARA__L1-1.__PARA__L2-1.__PARA__L3-1.__PARA__L4-1.__PARA__L5-1.__PARA__L6-1.__PIPE__L0-     |
[  23m]    INFO Search: |         | flatten.__PIPE__L1-off.__PIPE__L3-flatten.__TILE__L0-1.__TILE__L1-1.__TILE__L3-1                           |
[  23m]    INFO Search: +---------+------------------------------------------------------------------------------------------------------------+
[  23m]    INFO Search: | Quality | 1.01e-06                                                                                                   |
[  23m]    INFO Search: +---------+------------------------------------------------------------------------------------------------------------+
[  23m]    INFO Search: | Perf.   | 9.93e+05                                                                                                   |
[  23m]    INFO Search: +---------+------------------------------------------------------------------------------------------------------------+
[  23m]    INFO Search: | Child   | ('__TILE__L0', '14')<-('__TILE__L3', '14')<-('__TILE__L1', '14')<-('__PIPE__L0', '')<-('__PARA__L0',       |
[  23m]    INFO Search: |         | '10,4')<-('__PARA__L2', '10,4')<-('__PIPE__L3', '')<-('__PARA__L3', '10,4')<-('__PIPE__L1',                |
[  23m]    INFO Search: |         | '1')<-('__PARA__L1', '10,4')<-('__PARA__L5', '10,4')                                                       |
[  23m]    INFO Search: +---------+------------------------------------------------------------------------------------------------------------+
[  23m]    INFO Search: | Tuned   |                                                                                                            |
[  23m]    INFO Search: +---------+------------------------------------------------------------------------------------------------------------+
[  23m]    INFO Search: Working batch: __PARA__L5
[  23m]    INFO Search: Evaluating 4 poitns
[ 201m]    INFO Search: Received results from evaluator
[ 201m]    INFO Search: Results
[ 201m]    INFO Search: +--------------+----------+----------+--------------------+--------+-------+
[ 201m]    INFO Search: |     Tag      | Quality  |  Perf.   | BRAM, DSP, LUT, FF | Status | Valid |
[ 201m]    INFO Search: +==============+==========+==========+====================+========+=======+
[ 201m]    INFO Search: | __PARA__L5-2 | 8.67e-07 | 1.15e+06 | 0.1, 0.6, 0.3, 0.3 | PASS   | True  |
[ 201m]    INFO Search: +--------------+----------+----------+--------------------+--------+-------+
[ 201m]    INFO Search: -> Add to level 2 with 10 tunable parameters: ['__TILE__L0', '__TILE__L3', '__TILE__L1', '__PIPE__L0', '__PARA__L0', '__PARA__L2', '__PIPE__L3', '__PARA__L3', '__PIPE__L1', '__PARA__L1']
[ 201m]    INFO Search: +--------------+----------+----------+--------------------+--------+-------+
[ 201m]    INFO Search: |     Tag      | Quality  |  Perf.   | BRAM, DSP, LUT, FF | Status | Valid |
[ 201m]    INFO Search: +==============+==========+==========+====================+========+=======+
[ 201m]    INFO Search: | __PARA__L5-4 | 8.67e-07 | 1.15e+06 | 0.2, 0.6, 0.4, 0.3 | PASS   | True  |
[ 201m]    INFO Search: +--------------+----------+----------+--------------------+--------+-------+
[ 201m]    INFO Search: -> Add to level 2 with 10 tunable parameters: ['__TILE__L0', '__TILE__L3', '__TILE__L1', '__PIPE__L0', '__PARA__L0', '__PARA__L2', '__PIPE__L3', '__PARA__L3', '__PIPE__L1', '__PARA__L1']
[ 201m]    INFO Search: +--------------+----------+----------+--------------------+--------+-------+
[ 201m]    INFO Search: |     Tag      | Quality  |  Perf.   | BRAM, DSP, LUT, FF | Status | Valid |
[ 201m]    INFO Search: +==============+==========+==========+====================+========+=======+
[ 201m]    INFO Search: | __PARA__L5-8 | 8.67e-07 | 1.15e+06 | 0.1, 0.6, 0.6, 0.3 | PASS   | True  |
[ 201m]    INFO Search: +--------------+----------+----------+--------------------+--------+-------+
[ 201m]    INFO Search: -> Add to level 2 with 10 tunable parameters: ['__TILE__L0', '__TILE__L3', '__TILE__L1', '__PIPE__L0', '__PARA__L0', '__PARA__L2', '__PIPE__L3', '__PARA__L3', '__PIPE__L1', '__PARA__L1']
[ 201m]    INFO Search: +---------------+----------+----------+--------------------+--------+-------+
[ 201m]    INFO Search: |      Tag      | Quality  |  Perf.   | BRAM, DSP, LUT, FF | Status | Valid |
[ 201m]    INFO Search: +===============+==========+==========+====================+========+=======+
[ 201m]    INFO Search: | __PARA__L5-16 | 8.67e-07 | 1.15e+06 | 0.1, 0.6, 0.9, 0.4 | PASS   | True  |
[ 201m]    INFO Search: +---------------+----------+----------+--------------------+--------+-------+
[ 201m]    INFO Search: -> Add to level 2 with 10 tunable parameters: ['__TILE__L0', '__TILE__L3', '__TILE__L1', '__PIPE__L0', '__PARA__L0', '__PARA__L2', '__PIPE__L3', '__PARA__L3', '__PIPE__L1', '__PARA__L1']
[ 201m]    INFO Search: === ITERATION 3 ===
[ 201m]    INFO Search: Tree Level 2
[ 201m]    INFO Search: Working Node:
[ 201m]    INFO Search: +---------+------------------------------------------------------------------------------------------------------------+
[ 201m]    INFO Search: | Point   | __PARA__L0-1.__PARA__L1-1.__PARA__L2-1.__PARA__L3-1.__PARA__L4-1.__PARA__L5-16.__PARA__L6-1.__PIPE__L0-    |
[ 201m]    INFO Search: |         | flatten.__PIPE__L1-off.__PIPE__L3-flatten.__TILE__L0-1.__TILE__L1-1.__TILE__L3-1                           |
[ 201m]    INFO Search: +---------+------------------------------------------------------------------------------------------------------------+
[ 201m]    INFO Search: | Quality | 8.67e-07                                                                                                   |
[ 201m]    INFO Search: +---------+------------------------------------------------------------------------------------------------------------+
[ 201m]    INFO Search: | Perf.   | 1.15e+06                                                                                                   |
[ 201m]    INFO Search: +---------+------------------------------------------------------------------------------------------------------------+
[ 201m]    INFO Search: | Child   | ('__TILE__L0', '14')<-('__TILE__L3', '14')<-('__TILE__L1', '14')<-('__PIPE__L0', '')<-('__PARA__L0',       |
[ 201m]    INFO Search: |         | '10,4')<-('__PARA__L2', '10,4')<-('__PIPE__L3', '')<-('__PARA__L3', '10,4')<-('__PIPE__L1',                |
[ 201m]    INFO Search: |         | '1')<-('__PARA__L1', '10,4')                                                                               |
[ 201m]    INFO Search: +---------+------------------------------------------------------------------------------------------------------------+
[ 201m]    INFO Search: | Tuned   | __PARA__L5                                                                                                 |
[ 201m]    INFO Search: +---------+------------------------------------------------------------------------------------------------------------+
[ 201m]    INFO Search: Working batch: __PARA__L1
[ 201m]    INFO Search: Evaluating 4 poitns
[ 384m]    INFO Search: Received results from evaluator
[ 384m]    INFO Search: Results
[ 384m]    INFO Search: +--------------+---------+----------+--------------------+--------------+-------+
[ 384m]    INFO Search: |     Tag      | Quality |  Perf.   | BRAM, DSP, LUT, FF |    Status    | Valid |
[ 384m]    INFO Search: +==============+=========+==========+====================+==============+=======+
[ 384m]    INFO Search: | __PARA__L1-2 | -inf    | 0.00e+00 | 0.0, 0.0, 0.0, 0.0 | EARLY_REJECT | False |
[ 384m]    INFO Search: +--------------+---------+----------+--------------------+--------------+-------+
[ 384m]    INFO Search: -> No quality, abandon
[ 384m]    INFO Search: +--------------+---------+----------+--------------------+--------------+-------+
[ 384m]    INFO Search: |     Tag      | Quality |  Perf.   | BRAM, DSP, LUT, FF |    Status    | Valid |
[ 384m]    INFO Search: +==============+=========+==========+====================+==============+=======+
[ 384m]    INFO Search: | __PARA__L1-4 | -inf    | 0.00e+00 | 0.0, 0.0, 0.0, 0.0 | EARLY_REJECT | False |
[ 384m]    INFO Search: +--------------+---------+----------+--------------------+--------------+-------+
[ 384m]    INFO Search: -> No quality, abandon
[ 384m]    INFO Search: +--------------+---------+----------+--------------------+--------------+-------+
[ 384m]    INFO Search: |     Tag      | Quality |  Perf.   | BRAM, DSP, LUT, FF |    Status    | Valid |
[ 384m]    INFO Search: +==============+=========+==========+====================+==============+=======+
[ 384m]    INFO Search: | __PARA__L1-8 | -inf    | 0.00e+00 | 0.0, 0.0, 0.0, 0.0 | EARLY_REJECT | False |
[ 384m]    INFO Search: +--------------+---------+----------+--------------------+--------------+-------+
[ 384m]    INFO Search: -> No quality, abandon
[ 384m]    INFO Search: +---------------+---------+----------+--------------------+---------+-------+
[ 384m]    INFO Search: |      Tag      | Quality |  Perf.   | BRAM, DSP, LUT, FF | Status  | Valid |
[ 384m]    INFO Search: +===============+=========+==========+====================+=========+=======+
[ 384m]    INFO Search: | __PARA__L1-16 | -inf    | 0.00e+00 | 0.0, 0.0, 0.0, 0.0 | TIMEOUT | False |
[ 384m]    INFO Search: +---------------+---------+----------+--------------------+---------+-------+
[ 384m]    INFO Search: -> No quality, abandon
[ 384m]    INFO Search: === ITERATION 4 ===
[ 384m]    INFO Search: Tree Level 2
[ 384m]    INFO Search: Working Node:
[ 384m]    INFO Search: +---------+------------------------------------------------------------------------------------------------------------+
[ 384m]    INFO Search: | Point   | __PARA__L0-1.__PARA__L1-1.__PARA__L2-1.__PARA__L3-1.__PARA__L4-1.__PARA__L5-16.__PARA__L6-1.__PIPE__L0-    |
[ 384m]    INFO Search: |         | flatten.__PIPE__L1-off.__PIPE__L3-flatten.__TILE__L0-1.__TILE__L1-1.__TILE__L3-1                           |
[ 384m]    INFO Search: +---------+------------------------------------------------------------------------------------------------------------+
[ 384m]    INFO Search: | Quality | 8.67e-07                                                                                                   |
[ 384m]    INFO Search: +---------+------------------------------------------------------------------------------------------------------------+
[ 384m]    INFO Search: | Perf.   | 1.15e+06                                                                                                   |
[ 384m]    INFO Search: +---------+------------------------------------------------------------------------------------------------------------+
[ 384m]    INFO Search: | Child   | ('__TILE__L0', '14')<-('__TILE__L3', '14')<-('__TILE__L1', '14')<-('__PIPE__L0', '')<-('__PARA__L0',       |
[ 384m]    INFO Search: |         | '10,4')<-('__PARA__L2', '10,4')<-('__PIPE__L3', '')<-('__PARA__L3', '10,4')<-('__PIPE__L1',                |
[ 384m]    INFO Search: |         | '1')<-('__PARA__L1', '10')                                                                                 |
[ 384m]    INFO Search: +---------+------------------------------------------------------------------------------------------------------------+
[ 384m]    INFO Search: | Tuned   | __PARA__L5                                                                                                 |
[ 384m]    INFO Search: +---------+------------------------------------------------------------------------------------------------------------+
[ 384m]    INFO Search: Working batch: __PARA__L1
[ 384m]    INFO Search: Evaluating 10 poitns
[ 570m]    INFO Search: Received results from evaluator
[ 570m]    INFO Search: Results
[ 570m]    INFO Search: +--------------+---------+----------+--------------------+--------------+-------+
[ 570m]    INFO Search: |     Tag      | Quality |  Perf.   | BRAM, DSP, LUT, FF |    Status    | Valid |
[ 570m]    INFO Search: +==============+=========+==========+====================+==============+=======+
[ 570m]    INFO Search: | __PARA__L1-5 | -inf    | 0.00e+00 | 0.0, 0.0, 0.0, 0.0 | EARLY_REJECT | False |
[ 570m]    INFO Search: +--------------+---------+----------+--------------------+--------------+-------+
[ 570m]    INFO Search: -> No quality, abandon
[ 570m]    INFO Search: +---------------+---------+----------+--------------------+--------------+-------+
[ 570m]    INFO Search: |      Tag      | Quality |  Perf.   | BRAM, DSP, LUT, FF |    Status    | Valid |
[ 570m]    INFO Search: +===============+=========+==========+====================+==============+=======+
[ 570m]    INFO Search: | __PARA__L1-10 | -inf    | 0.00e+00 | 0.0, 0.0, 0.0, 0.0 | EARLY_REJECT | False |
[ 570m]    INFO Search: +---------------+---------+----------+--------------------+--------------+-------+
[ 570m]    INFO Search: -> No quality, abandon
[ 570m]    INFO Search: +---------------+---------+----------+--------------------+--------------+-------+
[ 570m]    INFO Search: |      Tag      | Quality |  Perf.   | BRAM, DSP, LUT, FF |    Status    | Valid |
[ 570m]    INFO Search: +===============+=========+==========+====================+==============+=======+
[ 570m]    INFO Search: | __PARA__L1-20 | -inf    | 0.00e+00 | 0.0, 0.0, 0.0, 0.0 | EARLY_REJECT | False |
[ 570m]    INFO Search: +---------------+---------+----------+--------------------+--------------+-------+
[ 570m]    INFO Search: -> No quality, abandon
[ 570m]    INFO Search: +---------------+---------+----------+--------------------+--------------+-------+
[ 570m]    INFO Search: |      Tag      | Quality |  Perf.   | BRAM, DSP, LUT, FF |    Status    | Valid |
[ 570m]    INFO Search: +===============+=========+==========+====================+==============+=======+
[ 570m]    INFO Search: | __PARA__L1-25 | -inf    | 0.00e+00 | 0.0, 0.0, 0.0, 0.0 | EARLY_REJECT | False |
[ 570m]    INFO Search: +---------------+---------+----------+--------------------+--------------+-------+
[ 570m]    INFO Search: -> No quality, abandon
[ 570m]    INFO Search: +---------------+---------+----------+--------------------+--------------+-------+
[ 570m]    INFO Search: |      Tag      | Quality |  Perf.   | BRAM, DSP, LUT, FF |    Status    | Valid |
[ 570m]    INFO Search: +===============+=========+==========+====================+==============+=======+
[ 570m]    INFO Search: | __PARA__L1-40 | -inf    | 0.00e+00 | 0.0, 0.0, 0.0, 0.0 | EARLY_REJECT | False |
[ 570m]    INFO Search: +---------------+---------+----------+--------------------+--------------+-------+
[ 570m]    INFO Search: -> No quality, abandon
[ 570m]    INFO Search: +---------------+---------+----------+--------------------+--------------+-------+
[ 570m]    INFO Search: |      Tag      | Quality |  Perf.   | BRAM, DSP, LUT, FF |    Status    | Valid |
[ 570m]    INFO Search: +===============+=========+==========+====================+==============+=======+
[ 570m]    INFO Search: | __PARA__L1-50 | -inf    | 0.00e+00 | 0.0, 0.0, 0.0, 0.0 | EARLY_REJECT | False |
[ 570m]    INFO Search: +---------------+---------+----------+--------------------+--------------+-------+
[ 570m]    INFO Search: -> No quality, abandon
[ 570m]    INFO Search: +----------------+---------+----------+--------------------+--------------+-------+
[ 570m]    INFO Search: |      Tag       | Quality |  Perf.   | BRAM, DSP, LUT, FF |    Status    | Valid |
[ 570m]    INFO Search: +================+=========+==========+====================+==============+=======+
[ 570m]    INFO Search: | __PARA__L1-100 | -inf    | 0.00e+00 | 0.0, 0.0, 0.0, 0.0 | EARLY_REJECT | False |
[ 570m]    INFO Search: +----------------+---------+----------+--------------------+--------------+-------+
[ 570m]    INFO Search: -> No quality, abandon
[ 570m]    INFO Search: +----------------+---------+----------+--------------------+--------------+-------+
[ 570m]    INFO Search: |      Tag       | Quality |  Perf.   | BRAM, DSP, LUT, FF |    Status    | Valid |
[ 570m]    INFO Search: +================+=========+==========+====================+==============+=======+
[ 570m]    INFO Search: | __PARA__L1-200 | -inf    | 0.00e+00 | 0.0, 0.0, 0.0, 0.0 | EARLY_REJECT | False |
[ 570m]    INFO Search: +----------------+---------+----------+--------------------+--------------+-------+
[ 570m]    INFO Search: -> No quality, abandon
[ 570m]    INFO Search: +---------------+---------+----------+--------------------+---------+-------+
[ 570m]    INFO Search: |      Tag      | Quality |  Perf.   | BRAM, DSP, LUT, FF | Status  | Valid |
[ 570m]    INFO Search: +===============+=========+==========+====================+=========+=======+
[ 570m]    INFO Search: | __PARA__L1-80 | -inf    | 0.00e+00 | 0.0, 0.0, 0.0, 0.0 | TIMEOUT | False |
[ 570m]    INFO Search: +---------------+---------+----------+--------------------+---------+-------+
[ 570m]    INFO Search: -> No quality, abandon
[ 570m]    INFO Search: +----------------+----------+----------+--------------------+--------+-------+
[ 570m]    INFO Search: |      Tag       | Quality  |  Perf.   | BRAM, DSP, LUT, FF | Status | Valid |
[ 570m]    INFO Search: +================+==========+==========+====================+========+=======+
[ 570m]    INFO Search: | __PARA__L1-400 | 8.69e-07 | 1.15e+06 | 0.1, 0.6, 0.9, 0.4 | PASS   | True  |
[ 570m]    INFO Search: +----------------+----------+----------+--------------------+--------+-------+
[ 570m]    INFO Search: -> Add to level 3 with 9 tunable parameters: ['__TILE__L0', '__TILE__L3', '__TILE__L1', '__PARA__L2', '__PIPE__L0', '__PARA__L0', '__PIPE__L3', '__PARA__L3', '__PIPE__L1']
[ 570m]    INFO Search: Run out of batches of parameter __PARA__L1
[ 570m]    INFO Search: === ITERATION 5 ===
[ 570m]    INFO Search: Tree Level 3
[ 570m]    INFO Search: Working Node:
[ 570m]    INFO Search: +---------+------------------------------------------------------------------------------------------------------------+
[ 570m]    INFO Search: | Point   | __PARA__L0-1.__PARA__L1-400.__PARA__L2-1.__PARA__L3-1.__PARA__L4-1.__PARA__L5-16.__PARA__L6-1.__PIPE__L0-  |
[ 570m]    INFO Search: |         | flatten.__PIPE__L1-off.__PIPE__L3-flatten.__TILE__L0-1.__TILE__L1-1.__TILE__L3-1                           |
[ 570m]    INFO Search: +---------+------------------------------------------------------------------------------------------------------------+
[ 570m]    INFO Search: | Quality | 8.69e-07                                                                                                   |
[ 570m]    INFO Search: +---------+------------------------------------------------------------------------------------------------------------+
[ 570m]    INFO Search: | Perf.   | 1.15e+06                                                                                                   |
[ 570m]    INFO Search: +---------+------------------------------------------------------------------------------------------------------------+
[ 570m]    INFO Search: | Child   | ('__TILE__L0', '14')<-('__TILE__L3', '14')<-('__TILE__L1', '14')<-('__PARA__L2', '10,4')<-('__PIPE__L0',   |
[ 570m]    INFO Search: |         | '')<-('__PARA__L0', '10,4')<-('__PIPE__L3', '')<-('__PARA__L3', '10,4')<-('__PIPE__L1', '1')               |
[ 570m]    INFO Search: +---------+------------------------------------------------------------------------------------------------------------+
[ 570m]    INFO Search: | Tuned   | __PARA__L5,__PARA__L1                                                                                      |
[ 570m]    INFO Search: +---------+------------------------------------------------------------------------------------------------------------+
[ 570m]    INFO Search: Working batch: __PIPE__L1
[ 570m]    INFO Search: Evaluating 1 poitns
[ 572m]    INFO Search: Received results from evaluator
[ 572m]    INFO Search: Results
[ 572m]    INFO Search: +-------------+---------+----------+--------------------+--------------+-------+
[ 572m]    INFO Search: |     Tag     | Quality |  Perf.   | BRAM, DSP, LUT, FF |    Status    | Valid |
[ 572m]    INFO Search: +=============+=========+==========+====================+==============+=======+
[ 572m]    INFO Search: | __PIPE__L1- | -inf    | 0.00e+00 | 0.0, 0.0, 0.0, 0.0 | EARLY_REJECT | False |
[ 572m]    INFO Search: +-------------+---------+----------+--------------------+--------------+-------+
[ 572m]    INFO Search: -> No quality, abandon
[ 572m]    INFO Search: Run out of batches of parameter __PIPE__L1
[ 572m]    INFO Search: === ITERATION 6 ===
[ 572m]    INFO Search: Tree Level 3
[ 572m]    INFO Search: Working Node:
[ 572m]    INFO Search: +---------+------------------------------------------------------------------------------------------------------------+
[ 572m]    INFO Search: | Point   | __PARA__L0-1.__PARA__L1-400.__PARA__L2-1.__PARA__L3-1.__PARA__L4-1.__PARA__L5-16.__PARA__L6-1.__PIPE__L0-  |
[ 572m]    INFO Search: |         | flatten.__PIPE__L1-off.__PIPE__L3-flatten.__TILE__L0-1.__TILE__L1-1.__TILE__L3-1                           |
[ 572m]    INFO Search: +---------+------------------------------------------------------------------------------------------------------------+
[ 572m]    INFO Search: | Quality | 8.69e-07                                                                                                   |
[ 572m]    INFO Search: +---------+------------------------------------------------------------------------------------------------------------+
[ 572m]    INFO Search: | Perf.   | 1.15e+06                                                                                                   |
[ 572m]    INFO Search: +---------+------------------------------------------------------------------------------------------------------------+
[ 572m]    INFO Search: | Child   | ('__TILE__L0', '14')<-('__TILE__L3', '14')<-('__TILE__L1', '14')<-('__PARA__L2', '10,4')<-('__PIPE__L0',   |
[ 572m]    INFO Search: |         | '')<-('__PARA__L0', '10,4')<-('__PIPE__L3', '')<-('__PARA__L3', '10,4')                                    |
[ 572m]    INFO Search: +---------+------------------------------------------------------------------------------------------------------------+
[ 572m]    INFO Search: | Tuned   | __PARA__L5,__PARA__L1                                                                                      |
[ 572m]    INFO Search: +---------+------------------------------------------------------------------------------------------------------------+
[ 572m]    INFO Search: Working batch: __PARA__L3
[ 572m]    INFO Search: Evaluating 4 poitns
[ 905m]    INFO Search: Received results from evaluator
[ 905m]    INFO Search: Results
[ 905m]    INFO Search: +--------------+----------+----------+--------------------+--------+-------+
[ 905m]    INFO Search: |     Tag      | Quality  |  Perf.   | BRAM, DSP, LUT, FF | Status | Valid |
[ 905m]    INFO Search: +==============+==========+==========+====================+========+=======+
[ 905m]    INFO Search: | __PARA__L3-2 | 8.69e-07 | 1.15e+06 | 0.1, 0.9, 0.9, 0.5 | PASS   | True  |
[ 905m]    INFO Search: +--------------+----------+----------+--------------------+--------+-------+
[ 905m]    INFO Search: -> Add to level 4 with 8 tunable parameters: ['__TILE__L0', '__TILE__L3', '__TILE__L1', '__PARA__L2', '__PIPE__L0', '__PARA__L0', '__PIPE__L3', '__PIPE__L1']
[ 905m]    INFO Search: +--------------+---------+----------+--------------------+-------------+-------+
[ 905m]    INFO Search: |     Tag      | Quality |  Perf.   | BRAM, DSP, LUT, FF |   Status    | Valid |
[ 905m]    INFO Search: +==============+=========+==========+====================+=============+=======+
[ 905m]    INFO Search: | __PARA__L3-4 | -inf    | 0.00e+00 | 0.0, 0.0, 0.0, 0.0 | UNAVAILABLE | False |
[ 905m]    INFO Search: +--------------+---------+----------+--------------------+-------------+-------+
[ 905m]    INFO Search: -> No quality, abandon
[ 905m]    INFO Search: +--------------+---------+----------+--------------------+-------------+-------+
[ 905m]    INFO Search: |     Tag      | Quality |  Perf.   | BRAM, DSP, LUT, FF |   Status    | Valid |
[ 905m]    INFO Search: +==============+=========+==========+====================+=============+=======+
[ 905m]    INFO Search: | __PARA__L3-8 | -inf    | 0.00e+00 | 0.0, 0.0, 0.0, 0.0 | UNAVAILABLE | False |
[ 905m]    INFO Search: +--------------+---------+----------+--------------------+-------------+-------+
[ 905m]    INFO Search: -> No quality, abandon
[ 905m]    INFO Search: +---------------+---------+----------+--------------------+-------------+-------+
[ 905m]    INFO Search: |      Tag      | Quality |  Perf.   | BRAM, DSP, LUT, FF |   Status    | Valid |
[ 905m]    INFO Search: +===============+=========+==========+====================+=============+=======+
[ 905m]    INFO Search: | __PARA__L3-16 | -inf    | 0.00e+00 | 0.0, 0.0, 0.0, 0.0 | UNAVAILABLE | False |
[ 905m]    INFO Search: +---------------+---------+----------+--------------------+-------------+-------+
[ 905m]    INFO Search: -> No quality, abandon
[ 905m]    INFO Search: === ITERATION 7 ===
[ 905m]    INFO Search: Tree Level 4
[ 905m]    INFO Search: Working Node:
[ 905m]    INFO Search: +---------+------------------------------------------------------------------------------------------------------------+
[ 905m]    INFO Search: | Point   | __PARA__L0-1.__PARA__L1-400.__PARA__L2-1.__PARA__L3-2.__PARA__L4-1.__PARA__L5-16.__PARA__L6-1.__PIPE__L0-  |
[ 905m]    INFO Search: |         | flatten.__PIPE__L1-off.__PIPE__L3-flatten.__TILE__L0-1.__TILE__L1-1.__TILE__L3-1                           |
[ 905m]    INFO Search: +---------+------------------------------------------------------------------------------------------------------------+
[ 905m]    INFO Search: | Quality | 8.69e-07                                                                                                   |
[ 905m]    INFO Search: +---------+------------------------------------------------------------------------------------------------------------+
[ 905m]    INFO Search: | Perf.   | 1.15e+06                                                                                                   |
[ 905m]    INFO Search: +---------+------------------------------------------------------------------------------------------------------------+
[ 905m]    INFO Search: | Child   | ('__TILE__L0', '14')<-('__TILE__L3', '14')<-('__TILE__L1', '14')<-('__PARA__L2', '10,4')<-('__PIPE__L0',   |
[ 905m]    INFO Search: |         | '')<-('__PARA__L0', '10,4')<-('__PIPE__L3', '')<-('__PIPE__L1', '1')                                       |
[ 905m]    INFO Search: +---------+------------------------------------------------------------------------------------------------------------+
[ 905m]    INFO Search: | Tuned   | __PARA__L3,__PARA__L5,__PARA__L1                                                                           |
[ 905m]    INFO Search: +---------+------------------------------------------------------------------------------------------------------------+
[ 905m]    INFO Search: Working batch: __PIPE__L1
[ 905m]    INFO Search: Evaluating 1 poitns
[ 906m]    INFO Search: Received results from evaluator
[ 906m]    INFO Search: Results
[ 906m]    INFO Search: +-------------+---------+----------+--------------------+--------------+-------+
[ 906m]    INFO Search: |     Tag     | Quality |  Perf.   | BRAM, DSP, LUT, FF |    Status    | Valid |
[ 906m]    INFO Search: +=============+=========+==========+====================+==============+=======+
[ 906m]    INFO Search: | __PIPE__L1- | -inf    | 0.00e+00 | 0.0, 0.0, 0.0, 0.0 | EARLY_REJECT | False |
[ 906m]    INFO Search: +-------------+---------+----------+--------------------+--------------+-------+
[ 906m]    INFO Search: -> No quality, abandon
[ 906m]    INFO Search: Run out of batches of parameter __PIPE__L1
[ 906m]    INFO Search: === ITERATION 8 ===
[ 906m]    INFO Search: Tree Level 4
[ 906m]    INFO Search: Working Node:
[ 906m]    INFO Search: +---------+------------------------------------------------------------------------------------------------------------+
[ 906m]    INFO Search: | Point   | __PARA__L0-1.__PARA__L1-400.__PARA__L2-1.__PARA__L3-2.__PARA__L4-1.__PARA__L5-16.__PARA__L6-1.__PIPE__L0-  |
[ 906m]    INFO Search: |         | flatten.__PIPE__L1-off.__PIPE__L3-flatten.__TILE__L0-1.__TILE__L1-1.__TILE__L3-1                           |
[ 906m]    INFO Search: +---------+------------------------------------------------------------------------------------------------------------+
[ 906m]    INFO Search: | Quality | 8.69e-07                                                                                                   |
[ 906m]    INFO Search: +---------+------------------------------------------------------------------------------------------------------------+
[ 906m]    INFO Search: | Perf.   | 1.15e+06                                                                                                   |
[ 906m]    INFO Search: +---------+------------------------------------------------------------------------------------------------------------+
[ 906m]    INFO Search: | Child   | ('__TILE__L0', '14')<-('__TILE__L3', '14')<-('__TILE__L1', '14')<-('__PARA__L2', '10,4')<-('__PIPE__L0',   |
[ 906m]    INFO Search: |         | '')<-('__PARA__L0', '10,4')<-('__PIPE__L3', '')                                                            |
[ 906m]    INFO Search: +---------+------------------------------------------------------------------------------------------------------------+
[ 906m]    INFO Search: | Tuned   | __PARA__L3,__PARA__L5,__PARA__L1                                                                           |
[ 906m]    INFO Search: +---------+------------------------------------------------------------------------------------------------------------+
[ 906m]    INFO Search: No batch to be worked
[ 906m]    INFO Search: Run out of batches of parameter __PIPE__L3
[ 906m]    INFO Search: === ITERATION 9 ===
[ 906m]    INFO Search: Tree Level 4
[ 906m]    INFO Search: Working Node:
[ 906m]    INFO Search: +---------+------------------------------------------------------------------------------------------------------------+
[ 906m]    INFO Search: | Point   | __PARA__L0-1.__PARA__L1-400.__PARA__L2-1.__PARA__L3-2.__PARA__L4-1.__PARA__L5-16.__PARA__L6-1.__PIPE__L0-  |
[ 906m]    INFO Search: |         | flatten.__PIPE__L1-off.__PIPE__L3-flatten.__TILE__L0-1.__TILE__L1-1.__TILE__L3-1                           |
[ 906m]    INFO Search: +---------+------------------------------------------------------------------------------------------------------------+
[ 906m]    INFO Search: | Quality | 8.69e-07                                                                                                   |
[ 906m]    INFO Search: +---------+------------------------------------------------------------------------------------------------------------+
[ 906m]    INFO Search: | Perf.   | 1.15e+06                                                                                                   |
[ 906m]    INFO Search: +---------+------------------------------------------------------------------------------------------------------------+
[ 906m]    INFO Search: | Child   | ('__TILE__L0', '14')<-('__TILE__L3', '14')<-('__TILE__L1', '14')<-('__PARA__L2', '10,4')<-('__PIPE__L0',   |
[ 906m]    INFO Search: |         | '')<-('__PARA__L0', '10,4')                                                                                |
[ 906m]    INFO Search: +---------+------------------------------------------------------------------------------------------------------------+
[ 906m]    INFO Search: | Tuned   | __PARA__L3,__PARA__L5,__PARA__L1                                                                           |
[ 906m]    INFO Search: +---------+------------------------------------------------------------------------------------------------------------+
[ 906m]    INFO Search: Working batch: __PARA__L0
[ 906m]    INFO Search: Evaluating 4 poitns
