Copyright 1986-2022 Xilinx, Inc. All Rights Reserved. Copyright 2022-2023 Advanced Micro Devices, Inc. All Rights Reserved.
---------------------------------------------------------------------------------------------------------------------------------------------------------------------------------
| Tool Version : Vivado v.2023.2 (lin64) Build 4029153 Fri Oct 13 20:13:54 MDT 2023
| Date         : Wed Dec 11 03:00:00 2024
| Host         : c01 running 64-bit Ubuntu 22.04.4 LTS
| Command      : report_accelerator_utilization -kernels { kernel_nlp:level0_i/ulp/kernel_nlp_1/inst:kernel_nlp_1} -file kernel_util_synthed.rpt -name kernel_util_synthed -json
| Design       : level0_wrapper
| Device       : xcu55c
| Design State : Synthesized
---------------------------------------------------------------------------------------------------------------------------------------------------------------------------------

Accelerator Utilization Design Information

Table of Contents
-----------------
1. System Utilization

1. System Utilization
---------------------

+---------------------+-------------------+------------------+-------------------+----------------+---------------+----------------+
| Name                | LUT               | LUTAsMem         | REG               | BRAM           | URAM          | DSP            |
+---------------------+-------------------+------------------+-------------------+----------------+---------------+----------------+
| Platform            |  140867 [ 10.81%] |  11065 [  1.84%] |  176088 [  6.75%] |  198 [  9.82%] |   0 [  0.00%] |    4 [  0.04%] |
| User Budget         | 1162813 [100.00%] | 589895 [100.00%] | 2431272 [100.00%] | 1818 [100.00%] | 960 [100.00%] | 9020 [100.00%] |
|    Used Resources   |   97162 [  8.36%] |   6330 [  1.07%] |  105272 [  4.33%] |  312 [ 17.16%] |   0 [  0.00%] |  552 [  6.12%] |
|    Unused Resources | 1065651 [ 91.64%] | 583565 [ 98.93%] | 2326000 [ 95.67%] | 1506 [ 82.84%] | 960 [100.00%] | 8468 [ 93.88%] |
| kernel_nlp          |   97162 [  8.36%] |   6330 [  1.07%] |  105272 [  4.33%] |  312 [ 17.16%] |   0 [  0.00%] |  552 [  6.12%] |
|    kernel_nlp_1     |   97162 [  8.36%] |   6330 [  1.07%] |  105272 [  4.33%] |  312 [ 17.16%] |   0 [  0.00%] |  552 [  6.12%] |
+---------------------+-------------------+------------------+-------------------+----------------+---------------+----------------+


