[   2m]    INFO Search: Computation order (high to low): ['PARALLEL', 'PIPELINE']
[   2m]    INFO Search: Communication order (high to low): ['INTERFACE', 'CACHE', 'PIPELINE', 'TILE', 'TILING']
[   2m]    INFO Search: Launch gradient search algorithm
[ 183m] WARNING Search: Default point is invalid: {'__PARA__L0': 1, '__PARA__L1': 1, '__PARA__L2': 1, '__PIPE__L0': 'off', '__PIPE__L1': 'flatten', '__TILE__L0': 1, '__TILE__L1': 1}
[ 183m] WARNING Search: This exploration is low confidence to achieve high QoR.
[ 183m]    INFO Search: Focus parameters (high order goes to tail): ['__PARA__L0', '__PARA__L1', '__PARA__L2', '__PIPE__L0', '__PIPE__L1', '__TILE__L0', '__TILE__L1']
[ 183m]    INFO Search: === ITERATION 1 ===
[ 183m]    INFO Search: Tree Level 0
[ 183m]    INFO Search: Working Node:
[ 183m]    INFO Search: +---------+------------------------------------------------------------------------------------------------------------+
[ 183m]    INFO Search: | Point   | __PARA__L0-1.__PARA__L1-1.__PARA__L2-1.__PIPE__L0-off.__PIPE__L1-flatten.__TILE__L0-1.__TILE__L1-1         |
[ 183m]    INFO Search: +---------+------------------------------------------------------------------------------------------------------------+
[ 183m]    INFO Search: | Quality | 0.00e+00                                                                                                   |
[ 183m]    INFO Search: +---------+------------------------------------------------------------------------------------------------------------+
[ 183m]    INFO Search: | Perf.   | 0.00e+00                                                                                                   |
[ 183m]    INFO Search: +---------+------------------------------------------------------------------------------------------------------------+
[ 183m]    INFO Search: | Child   | ('__PARA__L0', '11,10')<-('__PARA__L1', '6,2')<-('__PARA__L2', '')<-('__PIPE__L0', '1')<-('__PIPE__L1',    |
[ 183m]    INFO Search: |         | '')<-('__TILE__L0', '21')<-('__TILE__L1', '8')                                                             |
[ 183m]    INFO Search: +---------+------------------------------------------------------------------------------------------------------------+
[ 183m]    INFO Search: | Tuned   |                                                                                                            |
[ 183m]    INFO Search: +---------+------------------------------------------------------------------------------------------------------------+
[ 183m]    INFO Search: Working batch: __TILE__L1
[ 183m]    INFO Search: Evaluating 8 poitns
[ 369m]    INFO Search: Received results from evaluator
[ 369m]    INFO Search: Results
[ 369m]    INFO Search: +--------------+---------+----------+--------------------+--------------+-------+
[ 369m]    INFO Search: |     Tag      | Quality |  Perf.   | BRAM, DSP, LUT, FF |    Status    | Valid |
[ 369m]    INFO Search: +==============+=========+==========+====================+==============+=======+
[ 369m]    INFO Search: | __TILE__L1-2 | -inf    | 0.00e+00 | 0.0, 0.0, 0.0, 0.0 | EARLY_REJECT | False |
[ 369m]    INFO Search: +--------------+---------+----------+--------------------+--------------+-------+
[ 369m]    INFO Search: -> No quality, abandon
[ 369m]    INFO Search: +--------------+---------+----------+--------------------+--------------+-------+
[ 369m]    INFO Search: |     Tag      | Quality |  Perf.   | BRAM, DSP, LUT, FF |    Status    | Valid |
[ 369m]    INFO Search: +==============+=========+==========+====================+==============+=======+
[ 369m]    INFO Search: | __TILE__L1-4 | -inf    | 0.00e+00 | 0.0, 0.0, 0.0, 0.0 | EARLY_REJECT | False |
[ 369m]    INFO Search: +--------------+---------+----------+--------------------+--------------+-------+
[ 369m]    INFO Search: -> No quality, abandon
[ 369m]    INFO Search: +--------------+---------+----------+--------------------+--------------+-------+
[ 369m]    INFO Search: |     Tag      | Quality |  Perf.   | BRAM, DSP, LUT, FF |    Status    | Valid |
[ 369m]    INFO Search: +==============+=========+==========+====================+==============+=======+
[ 369m]    INFO Search: | __TILE__L1-5 | -inf    | 0.00e+00 | 0.0, 0.0, 0.0, 0.0 | EARLY_REJECT | False |
[ 369m]    INFO Search: +--------------+---------+----------+--------------------+--------------+-------+
[ 369m]    INFO Search: -> No quality, abandon
[ 369m]    INFO Search: +---------------+---------+----------+--------------------+--------------+-------+
[ 369m]    INFO Search: |      Tag      | Quality |  Perf.   | BRAM, DSP, LUT, FF |    Status    | Valid |
[ 369m]    INFO Search: +===============+=========+==========+====================+==============+=======+
[ 369m]    INFO Search: | __TILE__L1-10 | -inf    | 0.00e+00 | 0.0, 0.0, 0.0, 0.0 | EARLY_REJECT | False |
[ 369m]    INFO Search: +---------------+---------+----------+--------------------+--------------+-------+
[ 369m]    INFO Search: -> No quality, abandon
[ 369m]    INFO Search: +---------------+---------+----------+--------------------+--------------+-------+
[ 369m]    INFO Search: |      Tag      | Quality |  Perf.   | BRAM, DSP, LUT, FF |    Status    | Valid |
[ 369m]    INFO Search: +===============+=========+==========+====================+==============+=======+
[ 369m]    INFO Search: | __TILE__L1-20 | -inf    | 0.00e+00 | 0.0, 0.0, 0.0, 0.0 | EARLY_REJECT | False |
[ 369m]    INFO Search: +---------------+---------+----------+--------------------+--------------+-------+
[ 369m]    INFO Search: -> No quality, abandon
[ 369m]    INFO Search: +---------------+---------+----------+--------------------+--------------+-------+
[ 369m]    INFO Search: |      Tag      | Quality |  Perf.   | BRAM, DSP, LUT, FF |    Status    | Valid |
[ 369m]    INFO Search: +===============+=========+==========+====================+==============+=======+
[ 369m]    INFO Search: | __TILE__L1-25 | -inf    | 0.00e+00 | 0.0, 0.0, 0.0, 0.0 | EARLY_REJECT | False |
[ 369m]    INFO Search: +---------------+---------+----------+--------------------+--------------+-------+
[ 369m]    INFO Search: -> No quality, abandon
[ 369m]    INFO Search: +---------------+---------+----------+--------------------+--------------+-------+
[ 369m]    INFO Search: |      Tag      | Quality |  Perf.   | BRAM, DSP, LUT, FF |    Status    | Valid |
[ 369m]    INFO Search: +===============+=========+==========+====================+==============+=======+
[ 369m]    INFO Search: | __TILE__L1-50 | -inf    | 0.00e+00 | 0.0, 0.0, 0.0, 0.0 | EARLY_REJECT | False |
[ 369m]    INFO Search: +---------------+---------+----------+--------------------+--------------+-------+
[ 369m]    INFO Search: -> No quality, abandon
[ 369m]    INFO Search: +----------------+---------+----------+--------------------+---------+-------+
[ 369m]    INFO Search: |      Tag       | Quality |  Perf.   | BRAM, DSP, LUT, FF | Status  | Valid |
[ 369m]    INFO Search: +================+=========+==========+====================+=========+=======+
[ 369m]    INFO Search: | __TILE__L1-100 | -inf    | 0.00e+00 | 0.0, 0.0, 0.0, 0.0 | TIMEOUT | False |
[ 369m]    INFO Search: +----------------+---------+----------+--------------------+---------+-------+
[ 369m]    INFO Search: -> No quality, abandon
[ 369m]    INFO Search: Run out of batches of parameter __TILE__L1
[ 369m]    INFO Search: === ITERATION 2 ===
[ 369m]    INFO Search: Tree Level 0
[ 369m]    INFO Search: Working Node:
[ 369m]    INFO Search: +---------+------------------------------------------------------------------------------------------------------------+
[ 369m]    INFO Search: | Point   | __PARA__L0-1.__PARA__L1-1.__PARA__L2-1.__PIPE__L0-off.__PIPE__L1-flatten.__TILE__L0-1.__TILE__L1-1         |
[ 369m]    INFO Search: +---------+------------------------------------------------------------------------------------------------------------+
[ 369m]    INFO Search: | Quality | 0.00e+00                                                                                                   |
[ 369m]    INFO Search: +---------+------------------------------------------------------------------------------------------------------------+
[ 369m]    INFO Search: | Perf.   | 0.00e+00                                                                                                   |
[ 369m]    INFO Search: +---------+------------------------------------------------------------------------------------------------------------+
[ 369m]    INFO Search: | Child   | ('__PARA__L0', '11,10')<-('__PARA__L1', '6,2')<-('__PARA__L2', '')<-('__PIPE__L0', '1')<-('__PIPE__L1',    |
[ 369m]    INFO Search: |         | '')<-('__TILE__L0', '21')                                                                                  |
[ 369m]    INFO Search: +---------+------------------------------------------------------------------------------------------------------------+
[ 369m]    INFO Search: | Tuned   |                                                                                                            |
[ 369m]    INFO Search: +---------+------------------------------------------------------------------------------------------------------------+
[ 369m]    INFO Search: Working batch: __TILE__L0
[ 369m]    INFO Search: Evaluating 21 poitns
