

================================================================
== Vitis HLS Report for 'kernel_nlp_Pipeline_merlinL3'
================================================================
* Date:           Fri Dec 13 02:58:17 2024

* Version:        2023.2 (Build 4023990 on Oct 11 2023)
* Project:        kernel_nlp
* Solution:       solution (Vitis Kernel Flow Target)
* Product family: virtexuplusHBM
* Target device:  xcu55c-fsvh2892-2L-e


================================================================
== Performance Estimates
================================================================
+ Timing: 
    * Summary: 
    +--------+---------+----------+------------+
    |  Clock |  Target | Estimated| Uncertainty|
    +--------+---------+----------+------------+
    |ap_clk  |  4.55 ns|  2.976 ns|     1.23 ns|
    +--------+---------+----------+------------+

+ Latency: 
    * Summary: 
    +---------+---------+----------+----------+------+------+---------+
    |  Latency (cycles) |  Latency (absolute) |   Interval  | Pipeline|
    |   min   |   max   |    min   |    max   |  min |  max |   Type  |
    +---------+---------+----------+----------+------+------+---------+
    |     1040|     1040|  4.727 us|  4.727 us|  1040|  1040|       no|
    +---------+---------+----------+----------+------+------+---------+

    + Detail: 
        * Instance: 
        N/A

        * Loop: 
        +------------+---------+---------+----------+-----------+-----------+------+----------+
        |            |  Latency (cycles) | Iteration|  Initiation Interval  | Trip |          |
        |  Loop Name |   min   |   max   |  Latency |  achieved |   target  | Count| Pipelined|
        +------------+---------+---------+----------+-----------+-----------+------+----------+
        |- merlinL3  |     1038|     1038|        19|          5|          1|   205|       yes|
        +------------+---------+---------+----------+-----------+-----------+------+----------+



================================================================
== Utilization Estimates
================================================================
* Summary: 
+---------------------+---------+------+---------+---------+-----+
|         Name        | BRAM_18K|  DSP |    FF   |   LUT   | URAM|
+---------------------+---------+------+---------+---------+-----+
|DSP                  |        -|     -|        -|        -|    -|
|Expression           |        -|     -|        0|       56|    -|
|FIFO                 |        -|     -|        -|        -|    -|
|Instance             |        -|     -|        0|       86|    -|
|Memory               |        -|     -|        -|        -|    -|
|Multiplexer          |        -|     -|        -|      177|    -|
|Register             |        -|     -|      381|       32|    -|
+---------------------+---------+------+---------+---------+-----+
|Total                |        0|     0|      381|      351|    0|
+---------------------+---------+------+---------+---------+-----+
|Available SLR        |     1344|  3008|   869120|   434560|  320|
+---------------------+---------+------+---------+---------+-----+
|Utilization SLR (%)  |        0|     0|       ~0|       ~0|    0|
+---------------------+---------+------+---------+---------+-----+
|Available            |     4032|  9024|  2607360|  1303680|  960|
+---------------------+---------+------+---------+---------+-----+
|Utilization (%)      |        0|     0|       ~0|       ~0|    0|
+---------------------+---------+------+---------+---------+-----+

+ Detail: 
    * Instance: 
    +----------------------------+-----------------------+---------+----+---+----+-----+
    |          Instance          |         Module        | BRAM_18K| DSP| FF| LUT| URAM|
    +----------------------------+-----------------------+---------+----+---+----+-----+
    |sparsemux_17_3_32_1_1_U318  |sparsemux_17_3_32_1_1  |        0|   0|  0|  43|    0|
    |sparsemux_17_3_32_1_1_U319  |sparsemux_17_3_32_1_1  |        0|   0|  0|  43|    0|
    +----------------------------+-----------------------+---------+----+---+----+-----+
    |Total                       |                       |        0|   0|  0|  86|    0|
    +----------------------------+-----------------------+---------+----+---+----+-----+

    * DSP: 
    N/A

    * Memory: 
    N/A

    * FIFO: 
    N/A

    * Expression: 
    +----------------------+----------+----+---+----+------------+------------+
    |     Variable Name    | Operation| DSP| FF| LUT| Bitwidth P0| Bitwidth P1|
    +----------------------+----------+----+---+----+------------+------------+
    |add_ln136_fu_426_p2   |         +|   0|  0|  15|           8|           1|
    |add_ln151_fu_384_p2   |         +|   0|  0|  24|          17|          17|
    |icmp_ln136_fu_374_p2  |      icmp|   0|  0|  15|           8|           7|
    |ap_enable_pp0         |       xor|   0|  0|   2|           1|           2|
    +----------------------+----------+----+---+----+------------+------------+
    |Total                 |          |   0|  0|  56|          34|          27|
    +----------------------+----------+----+---+----+------------+------------+

    * Multiplexer: 
    +-------------------------------------+----+-----------+-----+-----------+
    |                 Name                | LUT| Input Size| Bits| Total Bits|
    +-------------------------------------+----+-----------+-----+-----------+
    |add36_lcssa33_fu_98                  |   9|          2|   32|         64|
    |ap_NS_fsm                            |  31|          6|    1|          6|
    |ap_done_int                          |   9|          2|    1|          2|
    |ap_enable_reg_pp0_iter0              |   9|          2|    1|          2|
    |ap_enable_reg_pp0_iter1              |   9|          2|    1|          2|
    |ap_enable_reg_pp0_iter3              |   9|          2|    1|          2|
    |ap_loop_exit_ready_pp0_iter1_reg     |   9|          2|    1|          2|
    |ap_loop_exit_ready_pp0_iter2_reg     |   9|          2|    1|          2|
    |ap_sig_allocacmp_add36_lcssa33_load  |   9|          2|   32|         64|
    |ap_sig_allocacmp_j_1                 |   9|          2|    8|         16|
    |grp_fu_353_p0                        |  14|          3|   32|         96|
    |grp_fu_353_p1                        |  14|          3|   32|         96|
    |grp_fu_357_p0                        |  14|          3|   32|         96|
    |grp_fu_357_p1                        |  14|          3|   32|         96|
    |j_fu_102                             |   9|          2|    8|         16|
    +-------------------------------------+----+-----------+-----+-----------+
    |Total                                | 177|         38|  215|        562|
    +-------------------------------------+----+-----------+-----+-----------+

    * Register: 
    +----------------------------------+----+----+-----+-----------+
    |               Name               | FF | LUT| Bits| Const Bits|
    +----------------------------------+----+----+-----+-----------+
    |A_7_0_buf_2_load_reg_656          |  32|   0|   32|          0|
    |A_7_0_buf_load_reg_646            |  32|   0|   32|          0|
    |add36_1_reg_686                   |  32|   0|   32|          0|
    |add36_lcssa33_fu_98               |  32|   0|   32|          0|
    |ap_CS_fsm                         |   5|   0|    5|          0|
    |ap_done_reg                       |   1|   0|    1|          0|
    |ap_enable_reg_pp0_iter0_reg       |   1|   0|    1|          0|
    |ap_enable_reg_pp0_iter1           |   1|   0|    1|          0|
    |ap_enable_reg_pp0_iter2           |   1|   0|    1|          0|
    |ap_enable_reg_pp0_iter3           |   1|   0|    1|          0|
    |ap_loop_exit_ready_pp0_iter1_reg  |   1|   0|    1|          0|
    |ap_loop_exit_ready_pp0_iter2_reg  |   1|   0|    1|          0|
    |icmp_ln136_reg_552                |   1|   0|    1|          0|
    |j_1_reg_546                       |   8|   0|    8|          0|
    |j_fu_102                          |   8|   0|    8|          0|
    |mul35_1_reg_671                   |  32|   0|   32|          0|
    |mul_reg_666                       |  32|   0|   32|          0|
    |tmp_4_reg_651                     |  32|   0|   32|          0|
    |tmp_7_reg_661                     |  32|   0|   32|          0|
    |tmp_8_reg_676                     |  32|   0|   32|          0|
    |icmp_ln136_reg_552                |  64|  32|    1|          0|
    +----------------------------------+----+----+-----+-----------+
    |Total                             | 381|  32|  318|          0|
    +----------------------------------+----+----+-----+-----------+



================================================================
== Interface
================================================================
* Summary: 
+--------------------------+-----+-----+------------+------------------------------+--------------+
|         RTL Ports        | Dir | Bits|  Protocol  |         Source Object        |    C Type    |
+--------------------------+-----+-----+------------+------------------------------+--------------+
|ap_clk                    |   in|    1|  ap_ctrl_hs|  kernel_nlp_Pipeline_merlinL3|  return value|
|ap_rst                    |   in|    1|  ap_ctrl_hs|  kernel_nlp_Pipeline_merlinL3|  return value|
|ap_start                  |   in|    1|  ap_ctrl_hs|  kernel_nlp_Pipeline_merlinL3|  return value|
|ap_done                   |  out|    1|  ap_ctrl_hs|  kernel_nlp_Pipeline_merlinL3|  return value|
|ap_idle                   |  out|    1|  ap_ctrl_hs|  kernel_nlp_Pipeline_merlinL3|  return value|
|ap_ready                  |  out|    1|  ap_ctrl_hs|  kernel_nlp_Pipeline_merlinL3|  return value|
|grp_fu_2712_p_din0        |  out|   32|  ap_ctrl_hs|  kernel_nlp_Pipeline_merlinL3|  return value|
|grp_fu_2712_p_din1        |  out|   32|  ap_ctrl_hs|  kernel_nlp_Pipeline_merlinL3|  return value|
|grp_fu_2712_p_opcode      |  out|    2|  ap_ctrl_hs|  kernel_nlp_Pipeline_merlinL3|  return value|
|grp_fu_2712_p_dout0       |   in|   32|  ap_ctrl_hs|  kernel_nlp_Pipeline_merlinL3|  return value|
|grp_fu_2712_p_ce          |  out|    1|  ap_ctrl_hs|  kernel_nlp_Pipeline_merlinL3|  return value|
|grp_fu_2716_p_din0        |  out|   32|  ap_ctrl_hs|  kernel_nlp_Pipeline_merlinL3|  return value|
|grp_fu_2716_p_din1        |  out|   32|  ap_ctrl_hs|  kernel_nlp_Pipeline_merlinL3|  return value|
|grp_fu_2716_p_dout0       |   in|   32|  ap_ctrl_hs|  kernel_nlp_Pipeline_merlinL3|  return value|
|grp_fu_2716_p_ce          |  out|    1|  ap_ctrl_hs|  kernel_nlp_Pipeline_merlinL3|  return value|
|phi_mul                   |   in|   17|     ap_none|                       phi_mul|        scalar|
|A_7_0_buf_address0        |  out|   17|   ap_memory|                     A_7_0_buf|         array|
|A_7_0_buf_ce0             |  out|    1|   ap_memory|                     A_7_0_buf|         array|
|A_7_0_buf_q0              |   in|   32|   ap_memory|                     A_7_0_buf|         array|
|A_7_0_buf_2_address0      |  out|   17|   ap_memory|                   A_7_0_buf_2|         array|
|A_7_0_buf_2_ce0           |  out|    1|   ap_memory|                   A_7_0_buf_2|         array|
|A_7_0_buf_2_q0            |   in|   32|   ap_memory|                   A_7_0_buf_2|         array|
|x_7_0_buf_address0        |  out|    5|   ap_memory|                     x_7_0_buf|         array|
|x_7_0_buf_ce0             |  out|    1|   ap_memory|                     x_7_0_buf|         array|
|x_7_0_buf_q0              |   in|   32|   ap_memory|                     x_7_0_buf|         array|
|x_7_0_buf_16_address0     |  out|    5|   ap_memory|                  x_7_0_buf_16|         array|
|x_7_0_buf_16_ce0          |  out|    1|   ap_memory|                  x_7_0_buf_16|         array|
|x_7_0_buf_16_q0           |   in|   32|   ap_memory|                  x_7_0_buf_16|         array|
|x_7_0_buf_17_address0     |  out|    5|   ap_memory|                  x_7_0_buf_17|         array|
|x_7_0_buf_17_ce0          |  out|    1|   ap_memory|                  x_7_0_buf_17|         array|
|x_7_0_buf_17_q0           |   in|   32|   ap_memory|                  x_7_0_buf_17|         array|
|x_7_0_buf_18_address0     |  out|    5|   ap_memory|                  x_7_0_buf_18|         array|
|x_7_0_buf_18_ce0          |  out|    1|   ap_memory|                  x_7_0_buf_18|         array|
|x_7_0_buf_18_q0           |   in|   32|   ap_memory|                  x_7_0_buf_18|         array|
|x_7_0_buf_19_address0     |  out|    5|   ap_memory|                  x_7_0_buf_19|         array|
|x_7_0_buf_19_ce0          |  out|    1|   ap_memory|                  x_7_0_buf_19|         array|
|x_7_0_buf_19_q0           |   in|   32|   ap_memory|                  x_7_0_buf_19|         array|
|x_7_0_buf_20_address0     |  out|    5|   ap_memory|                  x_7_0_buf_20|         array|
|x_7_0_buf_20_ce0          |  out|    1|   ap_memory|                  x_7_0_buf_20|         array|
|x_7_0_buf_20_q0           |   in|   32|   ap_memory|                  x_7_0_buf_20|         array|
|x_7_0_buf_21_address0     |  out|    5|   ap_memory|                  x_7_0_buf_21|         array|
|x_7_0_buf_21_ce0          |  out|    1|   ap_memory|                  x_7_0_buf_21|         array|
|x_7_0_buf_21_q0           |   in|   32|   ap_memory|                  x_7_0_buf_21|         array|
|x_7_0_buf_22_address0     |  out|    5|   ap_memory|                  x_7_0_buf_22|         array|
|x_7_0_buf_22_ce0          |  out|    1|   ap_memory|                  x_7_0_buf_22|         array|
|x_7_0_buf_22_q0           |   in|   32|   ap_memory|                  x_7_0_buf_22|         array|
|x_7_0_buf_23_address0     |  out|    5|   ap_memory|                  x_7_0_buf_23|         array|
|x_7_0_buf_23_ce0          |  out|    1|   ap_memory|                  x_7_0_buf_23|         array|
|x_7_0_buf_23_q0           |   in|   32|   ap_memory|                  x_7_0_buf_23|         array|
|x_7_0_buf_24_address0     |  out|    5|   ap_memory|                  x_7_0_buf_24|         array|
|x_7_0_buf_24_ce0          |  out|    1|   ap_memory|                  x_7_0_buf_24|         array|
|x_7_0_buf_24_q0           |   in|   32|   ap_memory|                  x_7_0_buf_24|         array|
|x_7_0_buf_25_address0     |  out|    5|   ap_memory|                  x_7_0_buf_25|         array|
|x_7_0_buf_25_ce0          |  out|    1|   ap_memory|                  x_7_0_buf_25|         array|
|x_7_0_buf_25_q0           |   in|   32|   ap_memory|                  x_7_0_buf_25|         array|
|x_7_0_buf_26_address0     |  out|    5|   ap_memory|                  x_7_0_buf_26|         array|
|x_7_0_buf_26_ce0          |  out|    1|   ap_memory|                  x_7_0_buf_26|         array|
|x_7_0_buf_26_q0           |   in|   32|   ap_memory|                  x_7_0_buf_26|         array|
|x_7_0_buf_27_address0     |  out|    5|   ap_memory|                  x_7_0_buf_27|         array|
|x_7_0_buf_27_ce0          |  out|    1|   ap_memory|                  x_7_0_buf_27|         array|
|x_7_0_buf_27_q0           |   in|   32|   ap_memory|                  x_7_0_buf_27|         array|
|x_7_0_buf_28_address0     |  out|    5|   ap_memory|                  x_7_0_buf_28|         array|
|x_7_0_buf_28_ce0          |  out|    1|   ap_memory|                  x_7_0_buf_28|         array|
|x_7_0_buf_28_q0           |   in|   32|   ap_memory|                  x_7_0_buf_28|         array|
|x_7_0_buf_29_address0     |  out|    5|   ap_memory|                  x_7_0_buf_29|         array|
|x_7_0_buf_29_ce0          |  out|    1|   ap_memory|                  x_7_0_buf_29|         array|
|x_7_0_buf_29_q0           |   in|   32|   ap_memory|                  x_7_0_buf_29|         array|
|x_7_0_buf_30_address0     |  out|    5|   ap_memory|                  x_7_0_buf_30|         array|
|x_7_0_buf_30_ce0          |  out|    1|   ap_memory|                  x_7_0_buf_30|         array|
|x_7_0_buf_30_q0           |   in|   32|   ap_memory|                  x_7_0_buf_30|         array|
|add36_lcssa33_out         |  out|   32|      ap_vld|             add36_lcssa33_out|       pointer|
|add36_lcssa33_out_ap_vld  |  out|    1|      ap_vld|             add36_lcssa33_out|       pointer|
+--------------------------+-----+-----+------------+------------------------------+--------------+

