

================================================================
== Vitis HLS Report for 'kernel_nlp_Pipeline_L35'
================================================================
* Date:           Fri Dec 13 02:58:18 2024

* Version:        2023.2 (Build 4023990 on Oct 11 2023)
* Project:        kernel_nlp
* Solution:       solution (Vitis Kernel Flow Target)
* Product family: virtexuplusHBM
* Target device:  xcu55c-fsvh2892-2L-e


================================================================
== Performance Estimates
================================================================
+ Timing: 
    * Summary: 
    +--------+---------+----------+------------+
    |  Clock |  Target | Estimated| Uncertainty|
    +--------+---------+----------+------------+
    |ap_clk  |  4.55 ns|  3.318 ns|     1.23 ns|
    +--------+---------+----------+------------+

+ Latency: 
    * Summary: 
    +---------+---------+----------+----------+-----+-----+---------+
    |  Latency (cycles) |  Latency (absolute) |  Interval | Pipeline|
    |   min   |   max   |    min   |    max   | min | max |   Type  |
    +---------+---------+----------+----------+-----+-----+---------+
    |       29|       29|  0.132 us|  0.132 us|   29|   29|       no|
    +---------+---------+----------+----------+-----+-----+---------+

    + Detail: 
        * Instance: 
        N/A

        * Loop: 
        +----------+---------+---------+----------+-----------+-----------+------+----------+
        |          |  Latency (cycles) | Iteration|  Initiation Interval  | Trip |          |
        | Loop Name|   min   |   max   |  Latency |  achieved |   target  | Count| Pipelined|
        +----------+---------+---------+----------+-----------+-----------+------+----------+
        |- L3      |       27|       27|         4|          1|          1|    25|       yes|
        +----------+---------+---------+----------+-----------+-----------+------+----------+



================================================================
== Utilization Estimates
================================================================
* Summary: 
+---------------------+---------+------+---------+---------+-----+
|         Name        | BRAM_18K|  DSP |    FF   |   LUT   | URAM|
+---------------------+---------+------+---------+---------+-----+
|DSP                  |        -|     -|        -|        -|    -|
|Expression           |        -|     -|        0|      165|    -|
|FIFO                 |        -|     -|        -|        -|    -|
|Instance             |        -|    15|        0|     2120|    -|
|Memory               |        -|     -|        -|        -|    -|
|Multiplexer          |        -|     -|        -|     2537|    -|
|Register             |        -|     -|      534|        -|    -|
+---------------------+---------+------+---------+---------+-----+
|Total                |        0|    15|      534|     4822|    0|
+---------------------+---------+------+---------+---------+-----+
|Available SLR        |     1344|  3008|   869120|   434560|  320|
+---------------------+---------+------+---------+---------+-----+
|Utilization SLR (%)  |        0|    ~0|       ~0|        1|    0|
+---------------------+---------+------+---------+---------+-----+
|Available            |     4032|  9024|  2607360|  1303680|  960|
+---------------------+---------+------+---------+---------+-----+
|Utilization (%)      |        0|    ~0|       ~0|       ~0|    0|
+---------------------+---------+------+---------+---------+-----+

+ Detail: 
    * Instance: 
    +----------------------------+-----------------------+---------+----+---+-----+-----+
    |          Instance          |         Module        | BRAM_18K| DSP| FF| LUT | URAM|
    +----------------------------+-----------------------+---------+----+---+-----+-----+
    |mul_8ns_10ns_17_1_1_U689    |mul_8ns_10ns_17_1_1    |        0|   0|  0|   62|    0|
    |mul_9ns_11ns_19_1_1_U690    |mul_9ns_11ns_19_1_1    |        0|   1|  0|    6|    0|
    |mul_9ns_11ns_19_1_1_U691    |mul_9ns_11ns_19_1_1    |        0|   1|  0|    6|    0|
    |mul_9ns_11ns_19_1_1_U692    |mul_9ns_11ns_19_1_1    |        0|   1|  0|    6|    0|
    |mul_9ns_11ns_19_1_1_U693    |mul_9ns_11ns_19_1_1    |        0|   1|  0|    6|    0|
    |mul_9ns_11ns_19_1_1_U694    |mul_9ns_11ns_19_1_1    |        0|   1|  0|    6|    0|
    |mul_9ns_11ns_19_1_1_U695    |mul_9ns_11ns_19_1_1    |        0|   1|  0|    6|    0|
    |mul_9ns_11ns_19_1_1_U696    |mul_9ns_11ns_19_1_1    |        0|   1|  0|    6|    0|
    |mul_9ns_11ns_19_1_1_U697    |mul_9ns_11ns_19_1_1    |        0|   1|  0|    6|    0|
    |mul_9ns_11ns_19_1_1_U698    |mul_9ns_11ns_19_1_1    |        0|   1|  0|    6|    0|
    |mul_9ns_11ns_19_1_1_U699    |mul_9ns_11ns_19_1_1    |        0|   1|  0|    6|    0|
    |mul_9ns_11ns_19_1_1_U700    |mul_9ns_11ns_19_1_1    |        0|   1|  0|    6|    0|
    |mul_9ns_11ns_19_1_1_U701    |mul_9ns_11ns_19_1_1    |        0|   1|  0|    6|    0|
    |mul_9ns_11ns_19_1_1_U702    |mul_9ns_11ns_19_1_1    |        0|   1|  0|    6|    0|
    |mul_9ns_11ns_19_1_1_U703    |mul_9ns_11ns_19_1_1    |        0|   1|  0|    6|    0|
    |mul_9ns_11ns_19_1_1_U704    |mul_9ns_11ns_19_1_1    |        0|   1|  0|    6|    0|
    |sparsemux_51_5_32_1_1_U705  |sparsemux_51_5_32_1_1  |        0|   0|  0|  123|    0|
    |sparsemux_51_5_32_1_1_U706  |sparsemux_51_5_32_1_1  |        0|   0|  0|  123|    0|
    |sparsemux_51_5_32_1_1_U707  |sparsemux_51_5_32_1_1  |        0|   0|  0|  123|    0|
    |sparsemux_51_5_32_1_1_U708  |sparsemux_51_5_32_1_1  |        0|   0|  0|  123|    0|
    |sparsemux_51_5_32_1_1_U709  |sparsemux_51_5_32_1_1  |        0|   0|  0|  123|    0|
    |sparsemux_51_5_32_1_1_U710  |sparsemux_51_5_32_1_1  |        0|   0|  0|  123|    0|
    |sparsemux_51_5_32_1_1_U711  |sparsemux_51_5_32_1_1  |        0|   0|  0|  123|    0|
    |sparsemux_51_5_32_1_1_U712  |sparsemux_51_5_32_1_1  |        0|   0|  0|  123|    0|
    |sparsemux_51_5_32_1_1_U713  |sparsemux_51_5_32_1_1  |        0|   0|  0|  123|    0|
    |sparsemux_51_5_32_1_1_U714  |sparsemux_51_5_32_1_1  |        0|   0|  0|  123|    0|
    |sparsemux_51_5_32_1_1_U715  |sparsemux_51_5_32_1_1  |        0|   0|  0|  123|    0|
    |sparsemux_51_5_32_1_1_U716  |sparsemux_51_5_32_1_1  |        0|   0|  0|  123|    0|
    |sparsemux_51_5_32_1_1_U717  |sparsemux_51_5_32_1_1  |        0|   0|  0|  123|    0|
    |sparsemux_51_5_32_1_1_U718  |sparsemux_51_5_32_1_1  |        0|   0|  0|  123|    0|
    |sparsemux_51_5_32_1_1_U719  |sparsemux_51_5_32_1_1  |        0|   0|  0|  123|    0|
    |sparsemux_51_5_32_1_1_U720  |sparsemux_51_5_32_1_1  |        0|   0|  0|  123|    0|
    +----------------------------+-----------------------+---------+----+---+-----+-----+
    |Total                       |                       |        0|  15|  0| 2120|    0|
    +----------------------------+-----------------------+---------+----+---+-----+-----+

    * DSP: 
    N/A

    * Memory: 
    N/A

    * FIFO: 
    N/A

    * Expression: 
    +---------------------------+----------+----+---+----+------------+------------+
    |       Variable Name       | Operation| DSP| FF| LUT| Bitwidth P0| Bitwidth P1|
    +---------------------------+----------+----+---+----+------------+------------+
    |i_3_fu_3964_p2             |         +|   0|  0|  12|           5|           1|
    |ap_block_pp0_stage0_11001  |       and|   0|  0|   2|           1|           1|
    |ap_condition_1459          |       and|   0|  0|   2|           1|           1|
    |icmp_ln3672_fu_3958_p2     |      icmp|   0|  0|  12|           5|           4|
    |empty_39_fu_3988_p2        |        or|   0|  0|   9|           9|           4|
    |empty_40_fu_3994_p2        |        or|   0|  0|   9|           9|           4|
    |empty_41_fu_4000_p2        |        or|   0|  0|   9|           9|           4|
    |empty_42_fu_4006_p2        |        or|   0|  0|   9|           9|           4|
    |empty_43_fu_4012_p2        |        or|   0|  0|   9|           9|           4|
    |empty_44_fu_4018_p2        |        or|   0|  0|   9|           9|           4|
    |empty_45_fu_4024_p2        |        or|   0|  0|   9|           9|           4|
    |empty_46_fu_4030_p2        |        or|   0|  0|   9|           9|           3|
    |empty_47_fu_4036_p2        |        or|   0|  0|   9|           9|           3|
    |empty_48_fu_4042_p2        |        or|   0|  0|   9|           9|           3|
    |empty_49_fu_4048_p2        |        or|   0|  0|   9|           9|           3|
    |empty_50_fu_4054_p2        |        or|   0|  0|   9|           9|           2|
    |empty_51_fu_4060_p2        |        or|   0|  0|   9|           9|           2|
    |empty_52_fu_4066_p2        |        or|   0|  0|   9|           9|           1|
    |empty_fu_3982_p2           |        or|   0|  0|   9|           9|           4|
    |ap_enable_pp0              |       xor|   0|  0|   2|           1|           2|
    +---------------------------+----------+----+---+----+------------+------------+
    |Total                      |          |   0|  0| 165|         148|          58|
    +---------------------------+----------+----+---+----+------------+------------+

    * Multiplexer: 
    +---------------------------------------+----+-----------+-----+-----------+
    |                  Name                 | LUT| Input Size| Bits| Total Bits|
    +---------------------------------------+----+-----------+-----+-----------+
    |ap_done_int                            |   9|          2|    1|          2|
    |ap_enable_reg_pp0_iter1                |   9|          2|    1|          2|
    |ap_sig_allocacmp_i_2                   |   9|          2|    5|         10|
    |i_fu_318                               |   9|          2|    5|         10|
    |merlin_gmem_kernel_atax_512_y_blk_n_W  |   9|          2|    1|          2|
    |y_buf_100_address0                     |  31|          6|    3|         18|
    |y_buf_101_address0                     |  31|          6|    3|         18|
    |y_buf_102_address0                     |  31|          6|    3|         18|
    |y_buf_103_address0                     |  31|          6|    3|         18|
    |y_buf_104_address0                     |  31|          6|    3|         18|
    |y_buf_105_address0                     |  31|          6|    3|         18|
    |y_buf_106_address0                     |  31|          6|    3|         18|
    |y_buf_107_address0                     |  31|          6|    3|         18|
    |y_buf_108_address0                     |  31|          6|    3|         18|
    |y_buf_109_address0                     |  31|          6|    3|         18|
    |y_buf_110_address0                     |  31|          6|    3|         18|
    |y_buf_111_address0                     |  31|          6|    3|         18|
    |y_buf_112_address0                     |  31|          6|    3|         18|
    |y_buf_113_address0                     |  31|          6|    3|         18|
    |y_buf_114_address0                     |  31|          6|    3|         18|
    |y_buf_115_address0                     |  31|          6|    3|         18|
    |y_buf_116_address0                     |  31|          6|    3|         18|
    |y_buf_117_address0                     |  31|          6|    3|         18|
    |y_buf_118_address0                     |  31|          6|    3|         18|
    |y_buf_119_address0                     |  31|          6|    3|         18|
    |y_buf_120_address0                     |  31|          6|    3|         18|
    |y_buf_121_address0                     |  31|          6|    3|         18|
    |y_buf_122_address0                     |  31|          6|    3|         18|
    |y_buf_123_address0                     |  31|          6|    3|         18|
    |y_buf_124_address0                     |  31|          6|    3|         18|
    |y_buf_125_address0                     |  31|          6|    3|         18|
    |y_buf_126_address0                     |  31|          6|    3|         18|
    |y_buf_127_address0                     |  31|          6|    3|         18|
    |y_buf_128_address0                     |  31|          6|    3|         18|
    |y_buf_129_address0                     |  31|          6|    3|         18|
    |y_buf_130_address0                     |  31|          6|    3|         18|
    |y_buf_131_address0                     |  31|          6|    3|         18|
    |y_buf_132_address0                     |  31|          6|    3|         18|
    |y_buf_133_address0                     |  31|          6|    3|         18|
    |y_buf_134_address0                     |  31|          6|    3|         18|
    |y_buf_135_address0                     |  31|          6|    3|         18|
    |y_buf_136_address0                     |  31|          6|    3|         18|
    |y_buf_137_address0                     |  31|          6|    3|         18|
    |y_buf_138_address0                     |  31|          6|    3|         18|
    |y_buf_139_address0                     |  31|          6|    3|         18|
    |y_buf_140_address0                     |  31|          6|    3|         18|
    |y_buf_141_address0                     |  31|          6|    3|         18|
    |y_buf_142_address0                     |  31|          6|    3|         18|
    |y_buf_143_address0                     |  31|          6|    3|         18|
    |y_buf_144_address0                     |  31|          6|    3|         18|
    |y_buf_145_address0                     |  31|          6|    3|         18|
    |y_buf_146_address0                     |  31|          6|    3|         18|
    |y_buf_147_address0                     |  31|          6|    3|         18|
    |y_buf_148_address0                     |  31|          6|    3|         18|
    |y_buf_149_address0                     |  31|          6|    3|         18|
    |y_buf_150_address0                     |  31|          6|    3|         18|
    |y_buf_151_address0                     |  31|          6|    3|         18|
    |y_buf_152_address0                     |  31|          6|    3|         18|
    |y_buf_153_address0                     |  26|          5|    3|         15|
    |y_buf_154_address0                     |  26|          5|    3|         15|
    |y_buf_155_address0                     |  26|          5|    3|         15|
    |y_buf_156_address0                     |  26|          5|    3|         15|
    |y_buf_157_address0                     |  26|          5|    3|         15|
    |y_buf_158_address0                     |  26|          5|    3|         15|
    |y_buf_159_address0                     |  26|          5|    3|         15|
    |y_buf_160_address0                     |  26|          5|    3|         15|
    |y_buf_161_address0                     |  26|          5|    3|         15|
    |y_buf_162_address0                     |  26|          5|    3|         15|
    |y_buf_82_address0                      |  31|          6|    3|         18|
    |y_buf_83_address0                      |  31|          6|    3|         18|
    |y_buf_84_address0                      |  31|          6|    3|         18|
    |y_buf_85_address0                      |  31|          6|    3|         18|
    |y_buf_86_address0                      |  31|          6|    3|         18|
    |y_buf_87_address0                      |  31|          6|    3|         18|
    |y_buf_88_address0                      |  31|          6|    3|         18|
    |y_buf_89_address0                      |  31|          6|    3|         18|
    |y_buf_90_address0                      |  31|          6|    3|         18|
    |y_buf_91_address0                      |  31|          6|    3|         18|
    |y_buf_92_address0                      |  31|          6|    3|         18|
    |y_buf_93_address0                      |  31|          6|    3|         18|
    |y_buf_94_address0                      |  31|          6|    3|         18|
    |y_buf_95_address0                      |  31|          6|    3|         18|
    |y_buf_96_address0                      |  31|          6|    3|         18|
    |y_buf_97_address0                      |  31|          6|    3|         18|
    |y_buf_98_address0                      |  31|          6|    3|         18|
    |y_buf_99_address0                      |  31|          6|    3|         18|
    |y_buf_address0                         |  31|          6|    3|         18|
    +---------------------------------------+----+-----------+-----+-----------+
    |Total                                  |2537|        492|  259|       1472|
    +---------------------------------------+----+-----------+-----+-----------+

    * Register: 
    +----------------------------------+----+----+-----+-----------+
    |               Name               | FF | LUT| Bits| Const Bits|
    +----------------------------------+----+----+-----+-----------+
    |ap_CS_fsm                         |   1|   0|    1|          0|
    |ap_done_reg                       |   1|   0|    1|          0|
    |ap_enable_reg_pp0_iter1           |   1|   0|    1|          0|
    |ap_enable_reg_pp0_iter2           |   1|   0|    1|          0|
    |ap_enable_reg_pp0_iter3           |   1|   0|    1|          0|
    |ap_loop_exit_ready_pp0_iter1_reg  |   1|   0|    1|          0|
    |ap_loop_exit_ready_pp0_iter2_reg  |   1|   0|    1|          0|
    |buf_tmp_10_reg_8754               |  32|   0|   32|          0|
    |buf_tmp_11_reg_8759               |  32|   0|   32|          0|
    |buf_tmp_12_reg_8764               |  32|   0|   32|          0|
    |buf_tmp_13_reg_8769               |  32|   0|   32|          0|
    |buf_tmp_14_reg_8774               |  32|   0|   32|          0|
    |buf_tmp_15_reg_8779               |  32|   0|   32|          0|
    |buf_tmp_1_reg_8709                |  32|   0|   32|          0|
    |buf_tmp_2_reg_8714                |  32|   0|   32|          0|
    |buf_tmp_3_reg_8719                |  32|   0|   32|          0|
    |buf_tmp_4_reg_8724                |  32|   0|   32|          0|
    |buf_tmp_5_reg_8729                |  32|   0|   32|          0|
    |buf_tmp_6_reg_8734                |  32|   0|   32|          0|
    |buf_tmp_7_reg_8739                |  32|   0|   32|          0|
    |buf_tmp_8_reg_8744                |  32|   0|   32|          0|
    |buf_tmp_9_reg_8749                |  32|   0|   32|          0|
    |buf_tmp_reg_8704                  |  32|   0|   32|          0|
    |i_2_reg_6678                      |   5|   0|    5|          0|
    |i_2_reg_6678_pp0_iter1_reg        |   5|   0|    5|          0|
    |i_fu_318                          |   5|   0|    5|          0|
    +----------------------------------+----+----+-----+-----------+
    |Total                             | 534|   0|  534|          0|
    +----------------------------------+----+----+-----+-----------+



================================================================
== Interface
================================================================
* Summary: 
+----------------------------------------------+-----+-----+------------+-------------------------------+--------------+
|                   RTL Ports                  | Dir | Bits|  Protocol  |         Source Object         |    C Type    |
+----------------------------------------------+-----+-----+------------+-------------------------------+--------------+
|ap_clk                                        |   in|    1|  ap_ctrl_hs|        kernel_nlp_Pipeline_L35|  return value|
|ap_rst                                        |   in|    1|  ap_ctrl_hs|        kernel_nlp_Pipeline_L35|  return value|
|ap_start                                      |   in|    1|  ap_ctrl_hs|        kernel_nlp_Pipeline_L35|  return value|
|ap_done                                       |  out|    1|  ap_ctrl_hs|        kernel_nlp_Pipeline_L35|  return value|
|ap_idle                                       |  out|    1|  ap_ctrl_hs|        kernel_nlp_Pipeline_L35|  return value|
|ap_ready                                      |  out|    1|  ap_ctrl_hs|        kernel_nlp_Pipeline_L35|  return value|
|m_axi_merlin_gmem_kernel_atax_512_y_AWVALID   |  out|    1|       m_axi|  merlin_gmem_kernel_atax_512_y|       pointer|
|m_axi_merlin_gmem_kernel_atax_512_y_AWREADY   |   in|    1|       m_axi|  merlin_gmem_kernel_atax_512_y|       pointer|
|m_axi_merlin_gmem_kernel_atax_512_y_AWADDR    |  out|   64|       m_axi|  merlin_gmem_kernel_atax_512_y|       pointer|
|m_axi_merlin_gmem_kernel_atax_512_y_AWID      |  out|    1|       m_axi|  merlin_gmem_kernel_atax_512_y|       pointer|
|m_axi_merlin_gmem_kernel_atax_512_y_AWLEN     |  out|   32|       m_axi|  merlin_gmem_kernel_atax_512_y|       pointer|
|m_axi_merlin_gmem_kernel_atax_512_y_AWSIZE    |  out|    3|       m_axi|  merlin_gmem_kernel_atax_512_y|       pointer|
|m_axi_merlin_gmem_kernel_atax_512_y_AWBURST   |  out|    2|       m_axi|  merlin_gmem_kernel_atax_512_y|       pointer|
|m_axi_merlin_gmem_kernel_atax_512_y_AWLOCK    |  out|    2|       m_axi|  merlin_gmem_kernel_atax_512_y|       pointer|
|m_axi_merlin_gmem_kernel_atax_512_y_AWCACHE   |  out|    4|       m_axi|  merlin_gmem_kernel_atax_512_y|       pointer|
|m_axi_merlin_gmem_kernel_atax_512_y_AWPROT    |  out|    3|       m_axi|  merlin_gmem_kernel_atax_512_y|       pointer|
|m_axi_merlin_gmem_kernel_atax_512_y_AWQOS     |  out|    4|       m_axi|  merlin_gmem_kernel_atax_512_y|       pointer|
|m_axi_merlin_gmem_kernel_atax_512_y_AWREGION  |  out|    4|       m_axi|  merlin_gmem_kernel_atax_512_y|       pointer|
|m_axi_merlin_gmem_kernel_atax_512_y_AWUSER    |  out|    1|       m_axi|  merlin_gmem_kernel_atax_512_y|       pointer|
|m_axi_merlin_gmem_kernel_atax_512_y_WVALID    |  out|    1|       m_axi|  merlin_gmem_kernel_atax_512_y|       pointer|
|m_axi_merlin_gmem_kernel_atax_512_y_WREADY    |   in|    1|       m_axi|  merlin_gmem_kernel_atax_512_y|       pointer|
|m_axi_merlin_gmem_kernel_atax_512_y_WDATA     |  out|  512|       m_axi|  merlin_gmem_kernel_atax_512_y|       pointer|
|m_axi_merlin_gmem_kernel_atax_512_y_WSTRB     |  out|   64|       m_axi|  merlin_gmem_kernel_atax_512_y|       pointer|
|m_axi_merlin_gmem_kernel_atax_512_y_WLAST     |  out|    1|       m_axi|  merlin_gmem_kernel_atax_512_y|       pointer|
|m_axi_merlin_gmem_kernel_atax_512_y_WID       |  out|    1|       m_axi|  merlin_gmem_kernel_atax_512_y|       pointer|
|m_axi_merlin_gmem_kernel_atax_512_y_WUSER     |  out|    1|       m_axi|  merlin_gmem_kernel_atax_512_y|       pointer|
|m_axi_merlin_gmem_kernel_atax_512_y_ARVALID   |  out|    1|       m_axi|  merlin_gmem_kernel_atax_512_y|       pointer|
|m_axi_merlin_gmem_kernel_atax_512_y_ARREADY   |   in|    1|       m_axi|  merlin_gmem_kernel_atax_512_y|       pointer|
|m_axi_merlin_gmem_kernel_atax_512_y_ARADDR    |  out|   64|       m_axi|  merlin_gmem_kernel_atax_512_y|       pointer|
|m_axi_merlin_gmem_kernel_atax_512_y_ARID      |  out|    1|       m_axi|  merlin_gmem_kernel_atax_512_y|       pointer|
|m_axi_merlin_gmem_kernel_atax_512_y_ARLEN     |  out|   32|       m_axi|  merlin_gmem_kernel_atax_512_y|       pointer|
|m_axi_merlin_gmem_kernel_atax_512_y_ARSIZE    |  out|    3|       m_axi|  merlin_gmem_kernel_atax_512_y|       pointer|
|m_axi_merlin_gmem_kernel_atax_512_y_ARBURST   |  out|    2|       m_axi|  merlin_gmem_kernel_atax_512_y|       pointer|
|m_axi_merlin_gmem_kernel_atax_512_y_ARLOCK    |  out|    2|       m_axi|  merlin_gmem_kernel_atax_512_y|       pointer|
|m_axi_merlin_gmem_kernel_atax_512_y_ARCACHE   |  out|    4|       m_axi|  merlin_gmem_kernel_atax_512_y|       pointer|
|m_axi_merlin_gmem_kernel_atax_512_y_ARPROT    |  out|    3|       m_axi|  merlin_gmem_kernel_atax_512_y|       pointer|
|m_axi_merlin_gmem_kernel_atax_512_y_ARQOS     |  out|    4|       m_axi|  merlin_gmem_kernel_atax_512_y|       pointer|
|m_axi_merlin_gmem_kernel_atax_512_y_ARREGION  |  out|    4|       m_axi|  merlin_gmem_kernel_atax_512_y|       pointer|
|m_axi_merlin_gmem_kernel_atax_512_y_ARUSER    |  out|    1|       m_axi|  merlin_gmem_kernel_atax_512_y|       pointer|
|m_axi_merlin_gmem_kernel_atax_512_y_RVALID    |   in|    1|       m_axi|  merlin_gmem_kernel_atax_512_y|       pointer|
|m_axi_merlin_gmem_kernel_atax_512_y_RREADY    |  out|    1|       m_axi|  merlin_gmem_kernel_atax_512_y|       pointer|
|m_axi_merlin_gmem_kernel_atax_512_y_RDATA     |   in|  512|       m_axi|  merlin_gmem_kernel_atax_512_y|       pointer|
|m_axi_merlin_gmem_kernel_atax_512_y_RLAST     |   in|    1|       m_axi|  merlin_gmem_kernel_atax_512_y|       pointer|
|m_axi_merlin_gmem_kernel_atax_512_y_RID       |   in|    1|       m_axi|  merlin_gmem_kernel_atax_512_y|       pointer|
|m_axi_merlin_gmem_kernel_atax_512_y_RFIFONUM  |   in|    9|       m_axi|  merlin_gmem_kernel_atax_512_y|       pointer|
|m_axi_merlin_gmem_kernel_atax_512_y_RUSER     |   in|    1|       m_axi|  merlin_gmem_kernel_atax_512_y|       pointer|
|m_axi_merlin_gmem_kernel_atax_512_y_RRESP     |   in|    2|       m_axi|  merlin_gmem_kernel_atax_512_y|       pointer|
|m_axi_merlin_gmem_kernel_atax_512_y_BVALID    |   in|    1|       m_axi|  merlin_gmem_kernel_atax_512_y|       pointer|
|m_axi_merlin_gmem_kernel_atax_512_y_BREADY    |  out|    1|       m_axi|  merlin_gmem_kernel_atax_512_y|       pointer|
|m_axi_merlin_gmem_kernel_atax_512_y_BRESP     |   in|    2|       m_axi|  merlin_gmem_kernel_atax_512_y|       pointer|
|m_axi_merlin_gmem_kernel_atax_512_y_BID       |   in|    1|       m_axi|  merlin_gmem_kernel_atax_512_y|       pointer|
|m_axi_merlin_gmem_kernel_atax_512_y_BUSER     |   in|    1|       m_axi|  merlin_gmem_kernel_atax_512_y|       pointer|
|sext_ln3421                                   |   in|   58|     ap_none|                    sext_ln3421|        scalar|
|y_buf_address0                                |  out|    3|   ap_memory|                          y_buf|         array|
|y_buf_ce0                                     |  out|    1|   ap_memory|                          y_buf|         array|
|y_buf_q0                                      |   in|   32|   ap_memory|                          y_buf|         array|
|y_buf_89_address0                             |  out|    3|   ap_memory|                       y_buf_89|         array|
|y_buf_89_ce0                                  |  out|    1|   ap_memory|                       y_buf_89|         array|
|y_buf_89_q0                                   |   in|   32|   ap_memory|                       y_buf_89|         array|
|y_buf_91_address0                             |  out|    3|   ap_memory|                       y_buf_91|         array|
|y_buf_91_ce0                                  |  out|    1|   ap_memory|                       y_buf_91|         array|
|y_buf_91_q0                                   |   in|   32|   ap_memory|                       y_buf_91|         array|
|y_buf_93_address0                             |  out|    3|   ap_memory|                       y_buf_93|         array|
|y_buf_93_ce0                                  |  out|    1|   ap_memory|                       y_buf_93|         array|
|y_buf_93_q0                                   |   in|   32|   ap_memory|                       y_buf_93|         array|
|y_buf_95_address0                             |  out|    3|   ap_memory|                       y_buf_95|         array|
|y_buf_95_ce0                                  |  out|    1|   ap_memory|                       y_buf_95|         array|
|y_buf_95_q0                                   |   in|   32|   ap_memory|                       y_buf_95|         array|
|y_buf_97_address0                             |  out|    3|   ap_memory|                       y_buf_97|         array|
|y_buf_97_ce0                                  |  out|    1|   ap_memory|                       y_buf_97|         array|
|y_buf_97_q0                                   |   in|   32|   ap_memory|                       y_buf_97|         array|
|y_buf_105_address0                            |  out|    3|   ap_memory|                      y_buf_105|         array|
|y_buf_105_ce0                                 |  out|    1|   ap_memory|                      y_buf_105|         array|
|y_buf_105_q0                                  |   in|   32|   ap_memory|                      y_buf_105|         array|
|y_buf_107_address0                            |  out|    3|   ap_memory|                      y_buf_107|         array|
|y_buf_107_ce0                                 |  out|    1|   ap_memory|                      y_buf_107|         array|
|y_buf_107_q0                                  |   in|   32|   ap_memory|                      y_buf_107|         array|
|y_buf_109_address0                            |  out|    3|   ap_memory|                      y_buf_109|         array|
|y_buf_109_ce0                                 |  out|    1|   ap_memory|                      y_buf_109|         array|
|y_buf_109_q0                                  |   in|   32|   ap_memory|                      y_buf_109|         array|
|y_buf_111_address0                            |  out|    3|   ap_memory|                      y_buf_111|         array|
|y_buf_111_ce0                                 |  out|    1|   ap_memory|                      y_buf_111|         array|
|y_buf_111_q0                                  |   in|   32|   ap_memory|                      y_buf_111|         array|
|y_buf_113_address0                            |  out|    3|   ap_memory|                      y_buf_113|         array|
|y_buf_113_ce0                                 |  out|    1|   ap_memory|                      y_buf_113|         array|
|y_buf_113_q0                                  |   in|   32|   ap_memory|                      y_buf_113|         array|
|y_buf_121_address0                            |  out|    3|   ap_memory|                      y_buf_121|         array|
|y_buf_121_ce0                                 |  out|    1|   ap_memory|                      y_buf_121|         array|
|y_buf_121_q0                                  |   in|   32|   ap_memory|                      y_buf_121|         array|
|y_buf_123_address0                            |  out|    3|   ap_memory|                      y_buf_123|         array|
|y_buf_123_ce0                                 |  out|    1|   ap_memory|                      y_buf_123|         array|
|y_buf_123_q0                                  |   in|   32|   ap_memory|                      y_buf_123|         array|
|y_buf_125_address0                            |  out|    3|   ap_memory|                      y_buf_125|         array|
|y_buf_125_ce0                                 |  out|    1|   ap_memory|                      y_buf_125|         array|
|y_buf_125_q0                                  |   in|   32|   ap_memory|                      y_buf_125|         array|
|y_buf_127_address0                            |  out|    3|   ap_memory|                      y_buf_127|         array|
|y_buf_127_ce0                                 |  out|    1|   ap_memory|                      y_buf_127|         array|
|y_buf_127_q0                                  |   in|   32|   ap_memory|                      y_buf_127|         array|
|y_buf_129_address0                            |  out|    3|   ap_memory|                      y_buf_129|         array|
|y_buf_129_ce0                                 |  out|    1|   ap_memory|                      y_buf_129|         array|
|y_buf_129_q0                                  |   in|   32|   ap_memory|                      y_buf_129|         array|
|y_buf_137_address0                            |  out|    3|   ap_memory|                      y_buf_137|         array|
|y_buf_137_ce0                                 |  out|    1|   ap_memory|                      y_buf_137|         array|
|y_buf_137_q0                                  |   in|   32|   ap_memory|                      y_buf_137|         array|
|y_buf_139_address0                            |  out|    3|   ap_memory|                      y_buf_139|         array|
|y_buf_139_ce0                                 |  out|    1|   ap_memory|                      y_buf_139|         array|
|y_buf_139_q0                                  |   in|   32|   ap_memory|                      y_buf_139|         array|
|y_buf_141_address0                            |  out|    3|   ap_memory|                      y_buf_141|         array|
|y_buf_141_ce0                                 |  out|    1|   ap_memory|                      y_buf_141|         array|
|y_buf_141_q0                                  |   in|   32|   ap_memory|                      y_buf_141|         array|
|y_buf_143_address0                            |  out|    3|   ap_memory|                      y_buf_143|         array|
|y_buf_143_ce0                                 |  out|    1|   ap_memory|                      y_buf_143|         array|
|y_buf_143_q0                                  |   in|   32|   ap_memory|                      y_buf_143|         array|
|y_buf_145_address0                            |  out|    3|   ap_memory|                      y_buf_145|         array|
|y_buf_145_ce0                                 |  out|    1|   ap_memory|                      y_buf_145|         array|
|y_buf_145_q0                                  |   in|   32|   ap_memory|                      y_buf_145|         array|
|y_buf_155_address0                            |  out|    3|   ap_memory|                      y_buf_155|         array|
|y_buf_155_ce0                                 |  out|    1|   ap_memory|                      y_buf_155|         array|
|y_buf_155_q0                                  |   in|   32|   ap_memory|                      y_buf_155|         array|
|y_buf_157_address0                            |  out|    3|   ap_memory|                      y_buf_157|         array|
|y_buf_157_ce0                                 |  out|    1|   ap_memory|                      y_buf_157|         array|
|y_buf_157_q0                                  |   in|   32|   ap_memory|                      y_buf_157|         array|
|y_buf_159_address0                            |  out|    3|   ap_memory|                      y_buf_159|         array|
|y_buf_159_ce0                                 |  out|    1|   ap_memory|                      y_buf_159|         array|
|y_buf_159_q0                                  |   in|   32|   ap_memory|                      y_buf_159|         array|
|y_buf_161_address0                            |  out|    3|   ap_memory|                      y_buf_161|         array|
|y_buf_161_ce0                                 |  out|    1|   ap_memory|                      y_buf_161|         array|
|y_buf_161_q0                                  |   in|   32|   ap_memory|                      y_buf_161|         array|
|y_buf_82_address0                             |  out|    3|   ap_memory|                       y_buf_82|         array|
|y_buf_82_ce0                                  |  out|    1|   ap_memory|                       y_buf_82|         array|
|y_buf_82_q0                                   |   in|   32|   ap_memory|                       y_buf_82|         array|
|y_buf_90_address0                             |  out|    3|   ap_memory|                       y_buf_90|         array|
|y_buf_90_ce0                                  |  out|    1|   ap_memory|                       y_buf_90|         array|
|y_buf_90_q0                                   |   in|   32|   ap_memory|                       y_buf_90|         array|
|y_buf_92_address0                             |  out|    3|   ap_memory|                       y_buf_92|         array|
|y_buf_92_ce0                                  |  out|    1|   ap_memory|                       y_buf_92|         array|
|y_buf_92_q0                                   |   in|   32|   ap_memory|                       y_buf_92|         array|
|y_buf_94_address0                             |  out|    3|   ap_memory|                       y_buf_94|         array|
|y_buf_94_ce0                                  |  out|    1|   ap_memory|                       y_buf_94|         array|
|y_buf_94_q0                                   |   in|   32|   ap_memory|                       y_buf_94|         array|
|y_buf_96_address0                             |  out|    3|   ap_memory|                       y_buf_96|         array|
|y_buf_96_ce0                                  |  out|    1|   ap_memory|                       y_buf_96|         array|
|y_buf_96_q0                                   |   in|   32|   ap_memory|                       y_buf_96|         array|
|y_buf_98_address0                             |  out|    3|   ap_memory|                       y_buf_98|         array|
|y_buf_98_ce0                                  |  out|    1|   ap_memory|                       y_buf_98|         array|
|y_buf_98_q0                                   |   in|   32|   ap_memory|                       y_buf_98|         array|
|y_buf_106_address0                            |  out|    3|   ap_memory|                      y_buf_106|         array|
|y_buf_106_ce0                                 |  out|    1|   ap_memory|                      y_buf_106|         array|
|y_buf_106_q0                                  |   in|   32|   ap_memory|                      y_buf_106|         array|
|y_buf_108_address0                            |  out|    3|   ap_memory|                      y_buf_108|         array|
|y_buf_108_ce0                                 |  out|    1|   ap_memory|                      y_buf_108|         array|
|y_buf_108_q0                                  |   in|   32|   ap_memory|                      y_buf_108|         array|
|y_buf_110_address0                            |  out|    3|   ap_memory|                      y_buf_110|         array|
|y_buf_110_ce0                                 |  out|    1|   ap_memory|                      y_buf_110|         array|
|y_buf_110_q0                                  |   in|   32|   ap_memory|                      y_buf_110|         array|
|y_buf_112_address0                            |  out|    3|   ap_memory|                      y_buf_112|         array|
|y_buf_112_ce0                                 |  out|    1|   ap_memory|                      y_buf_112|         array|
|y_buf_112_q0                                  |   in|   32|   ap_memory|                      y_buf_112|         array|
|y_buf_114_address0                            |  out|    3|   ap_memory|                      y_buf_114|         array|
|y_buf_114_ce0                                 |  out|    1|   ap_memory|                      y_buf_114|         array|
|y_buf_114_q0                                  |   in|   32|   ap_memory|                      y_buf_114|         array|
|y_buf_122_address0                            |  out|    3|   ap_memory|                      y_buf_122|         array|
|y_buf_122_ce0                                 |  out|    1|   ap_memory|                      y_buf_122|         array|
|y_buf_122_q0                                  |   in|   32|   ap_memory|                      y_buf_122|         array|
|y_buf_124_address0                            |  out|    3|   ap_memory|                      y_buf_124|         array|
|y_buf_124_ce0                                 |  out|    1|   ap_memory|                      y_buf_124|         array|
|y_buf_124_q0                                  |   in|   32|   ap_memory|                      y_buf_124|         array|
|y_buf_126_address0                            |  out|    3|   ap_memory|                      y_buf_126|         array|
|y_buf_126_ce0                                 |  out|    1|   ap_memory|                      y_buf_126|         array|
|y_buf_126_q0                                  |   in|   32|   ap_memory|                      y_buf_126|         array|
|y_buf_128_address0                            |  out|    3|   ap_memory|                      y_buf_128|         array|
|y_buf_128_ce0                                 |  out|    1|   ap_memory|                      y_buf_128|         array|
|y_buf_128_q0                                  |   in|   32|   ap_memory|                      y_buf_128|         array|
|y_buf_130_address0                            |  out|    3|   ap_memory|                      y_buf_130|         array|
|y_buf_130_ce0                                 |  out|    1|   ap_memory|                      y_buf_130|         array|
|y_buf_130_q0                                  |   in|   32|   ap_memory|                      y_buf_130|         array|
|y_buf_138_address0                            |  out|    3|   ap_memory|                      y_buf_138|         array|
|y_buf_138_ce0                                 |  out|    1|   ap_memory|                      y_buf_138|         array|
|y_buf_138_q0                                  |   in|   32|   ap_memory|                      y_buf_138|         array|
|y_buf_140_address0                            |  out|    3|   ap_memory|                      y_buf_140|         array|
|y_buf_140_ce0                                 |  out|    1|   ap_memory|                      y_buf_140|         array|
|y_buf_140_q0                                  |   in|   32|   ap_memory|                      y_buf_140|         array|
|y_buf_142_address0                            |  out|    3|   ap_memory|                      y_buf_142|         array|
|y_buf_142_ce0                                 |  out|    1|   ap_memory|                      y_buf_142|         array|
|y_buf_142_q0                                  |   in|   32|   ap_memory|                      y_buf_142|         array|
|y_buf_144_address0                            |  out|    3|   ap_memory|                      y_buf_144|         array|
|y_buf_144_ce0                                 |  out|    1|   ap_memory|                      y_buf_144|         array|
|y_buf_144_q0                                  |   in|   32|   ap_memory|                      y_buf_144|         array|
|y_buf_146_address0                            |  out|    3|   ap_memory|                      y_buf_146|         array|
|y_buf_146_ce0                                 |  out|    1|   ap_memory|                      y_buf_146|         array|
|y_buf_146_q0                                  |   in|   32|   ap_memory|                      y_buf_146|         array|
|y_buf_156_address0                            |  out|    3|   ap_memory|                      y_buf_156|         array|
|y_buf_156_ce0                                 |  out|    1|   ap_memory|                      y_buf_156|         array|
|y_buf_156_q0                                  |   in|   32|   ap_memory|                      y_buf_156|         array|
|y_buf_158_address0                            |  out|    3|   ap_memory|                      y_buf_158|         array|
|y_buf_158_ce0                                 |  out|    1|   ap_memory|                      y_buf_158|         array|
|y_buf_158_q0                                  |   in|   32|   ap_memory|                      y_buf_158|         array|
|y_buf_160_address0                            |  out|    3|   ap_memory|                      y_buf_160|         array|
|y_buf_160_ce0                                 |  out|    1|   ap_memory|                      y_buf_160|         array|
|y_buf_160_q0                                  |   in|   32|   ap_memory|                      y_buf_160|         array|
|y_buf_162_address0                            |  out|    3|   ap_memory|                      y_buf_162|         array|
|y_buf_162_ce0                                 |  out|    1|   ap_memory|                      y_buf_162|         array|
|y_buf_162_q0                                  |   in|   32|   ap_memory|                      y_buf_162|         array|
|y_buf_83_address0                             |  out|    3|   ap_memory|                       y_buf_83|         array|
|y_buf_83_ce0                                  |  out|    1|   ap_memory|                       y_buf_83|         array|
|y_buf_83_q0                                   |   in|   32|   ap_memory|                       y_buf_83|         array|
|y_buf_99_address0                             |  out|    3|   ap_memory|                       y_buf_99|         array|
|y_buf_99_ce0                                  |  out|    1|   ap_memory|                       y_buf_99|         array|
|y_buf_99_q0                                   |   in|   32|   ap_memory|                       y_buf_99|         array|
|y_buf_115_address0                            |  out|    3|   ap_memory|                      y_buf_115|         array|
|y_buf_115_ce0                                 |  out|    1|   ap_memory|                      y_buf_115|         array|
|y_buf_115_q0                                  |   in|   32|   ap_memory|                      y_buf_115|         array|
|y_buf_131_address0                            |  out|    3|   ap_memory|                      y_buf_131|         array|
|y_buf_131_ce0                                 |  out|    1|   ap_memory|                      y_buf_131|         array|
|y_buf_131_q0                                  |   in|   32|   ap_memory|                      y_buf_131|         array|
|y_buf_147_address0                            |  out|    3|   ap_memory|                      y_buf_147|         array|
|y_buf_147_ce0                                 |  out|    1|   ap_memory|                      y_buf_147|         array|
|y_buf_147_q0                                  |   in|   32|   ap_memory|                      y_buf_147|         array|
|y_buf_84_address0                             |  out|    3|   ap_memory|                       y_buf_84|         array|
|y_buf_84_ce0                                  |  out|    1|   ap_memory|                       y_buf_84|         array|
|y_buf_84_q0                                   |   in|   32|   ap_memory|                       y_buf_84|         array|
|y_buf_100_address0                            |  out|    3|   ap_memory|                      y_buf_100|         array|
|y_buf_100_ce0                                 |  out|    1|   ap_memory|                      y_buf_100|         array|
|y_buf_100_q0                                  |   in|   32|   ap_memory|                      y_buf_100|         array|
|y_buf_116_address0                            |  out|    3|   ap_memory|                      y_buf_116|         array|
|y_buf_116_ce0                                 |  out|    1|   ap_memory|                      y_buf_116|         array|
|y_buf_116_q0                                  |   in|   32|   ap_memory|                      y_buf_116|         array|
|y_buf_132_address0                            |  out|    3|   ap_memory|                      y_buf_132|         array|
|y_buf_132_ce0                                 |  out|    1|   ap_memory|                      y_buf_132|         array|
|y_buf_132_q0                                  |   in|   32|   ap_memory|                      y_buf_132|         array|
|y_buf_148_address0                            |  out|    3|   ap_memory|                      y_buf_148|         array|
|y_buf_148_ce0                                 |  out|    1|   ap_memory|                      y_buf_148|         array|
|y_buf_148_q0                                  |   in|   32|   ap_memory|                      y_buf_148|         array|
|y_buf_85_address0                             |  out|    3|   ap_memory|                       y_buf_85|         array|
|y_buf_85_ce0                                  |  out|    1|   ap_memory|                       y_buf_85|         array|
|y_buf_85_q0                                   |   in|   32|   ap_memory|                       y_buf_85|         array|
|y_buf_101_address0                            |  out|    3|   ap_memory|                      y_buf_101|         array|
|y_buf_101_ce0                                 |  out|    1|   ap_memory|                      y_buf_101|         array|
|y_buf_101_q0                                  |   in|   32|   ap_memory|                      y_buf_101|         array|
|y_buf_117_address0                            |  out|    3|   ap_memory|                      y_buf_117|         array|
|y_buf_117_ce0                                 |  out|    1|   ap_memory|                      y_buf_117|         array|
|y_buf_117_q0                                  |   in|   32|   ap_memory|                      y_buf_117|         array|
|y_buf_133_address0                            |  out|    3|   ap_memory|                      y_buf_133|         array|
|y_buf_133_ce0                                 |  out|    1|   ap_memory|                      y_buf_133|         array|
|y_buf_133_q0                                  |   in|   32|   ap_memory|                      y_buf_133|         array|
|y_buf_149_address0                            |  out|    3|   ap_memory|                      y_buf_149|         array|
|y_buf_149_ce0                                 |  out|    1|   ap_memory|                      y_buf_149|         array|
|y_buf_149_q0                                  |   in|   32|   ap_memory|                      y_buf_149|         array|
|y_buf_86_address0                             |  out|    3|   ap_memory|                       y_buf_86|         array|
|y_buf_86_ce0                                  |  out|    1|   ap_memory|                       y_buf_86|         array|
|y_buf_86_q0                                   |   in|   32|   ap_memory|                       y_buf_86|         array|
|y_buf_102_address0                            |  out|    3|   ap_memory|                      y_buf_102|         array|
|y_buf_102_ce0                                 |  out|    1|   ap_memory|                      y_buf_102|         array|
|y_buf_102_q0                                  |   in|   32|   ap_memory|                      y_buf_102|         array|
|y_buf_118_address0                            |  out|    3|   ap_memory|                      y_buf_118|         array|
|y_buf_118_ce0                                 |  out|    1|   ap_memory|                      y_buf_118|         array|
|y_buf_118_q0                                  |   in|   32|   ap_memory|                      y_buf_118|         array|
|y_buf_134_address0                            |  out|    3|   ap_memory|                      y_buf_134|         array|
|y_buf_134_ce0                                 |  out|    1|   ap_memory|                      y_buf_134|         array|
|y_buf_134_q0                                  |   in|   32|   ap_memory|                      y_buf_134|         array|
|y_buf_150_address0                            |  out|    3|   ap_memory|                      y_buf_150|         array|
|y_buf_150_ce0                                 |  out|    1|   ap_memory|                      y_buf_150|         array|
|y_buf_150_q0                                  |   in|   32|   ap_memory|                      y_buf_150|         array|
|y_buf_87_address0                             |  out|    3|   ap_memory|                       y_buf_87|         array|
|y_buf_87_ce0                                  |  out|    1|   ap_memory|                       y_buf_87|         array|
|y_buf_87_q0                                   |   in|   32|   ap_memory|                       y_buf_87|         array|
|y_buf_103_address0                            |  out|    3|   ap_memory|                      y_buf_103|         array|
|y_buf_103_ce0                                 |  out|    1|   ap_memory|                      y_buf_103|         array|
|y_buf_103_q0                                  |   in|   32|   ap_memory|                      y_buf_103|         array|
|y_buf_119_address0                            |  out|    3|   ap_memory|                      y_buf_119|         array|
|y_buf_119_ce0                                 |  out|    1|   ap_memory|                      y_buf_119|         array|
|y_buf_119_q0                                  |   in|   32|   ap_memory|                      y_buf_119|         array|
|y_buf_135_address0                            |  out|    3|   ap_memory|                      y_buf_135|         array|
|y_buf_135_ce0                                 |  out|    1|   ap_memory|                      y_buf_135|         array|
|y_buf_135_q0                                  |   in|   32|   ap_memory|                      y_buf_135|         array|
|y_buf_151_address0                            |  out|    3|   ap_memory|                      y_buf_151|         array|
|y_buf_151_ce0                                 |  out|    1|   ap_memory|                      y_buf_151|         array|
|y_buf_151_q0                                  |   in|   32|   ap_memory|                      y_buf_151|         array|
|y_buf_88_address0                             |  out|    3|   ap_memory|                       y_buf_88|         array|
|y_buf_88_ce0                                  |  out|    1|   ap_memory|                       y_buf_88|         array|
|y_buf_88_q0                                   |   in|   32|   ap_memory|                       y_buf_88|         array|
|y_buf_104_address0                            |  out|    3|   ap_memory|                      y_buf_104|         array|
|y_buf_104_ce0                                 |  out|    1|   ap_memory|                      y_buf_104|         array|
|y_buf_104_q0                                  |   in|   32|   ap_memory|                      y_buf_104|         array|
|y_buf_120_address0                            |  out|    3|   ap_memory|                      y_buf_120|         array|
|y_buf_120_ce0                                 |  out|    1|   ap_memory|                      y_buf_120|         array|
|y_buf_120_q0                                  |   in|   32|   ap_memory|                      y_buf_120|         array|
|y_buf_136_address0                            |  out|    3|   ap_memory|                      y_buf_136|         array|
|y_buf_136_ce0                                 |  out|    1|   ap_memory|                      y_buf_136|         array|
|y_buf_136_q0                                  |   in|   32|   ap_memory|                      y_buf_136|         array|
|y_buf_152_address0                            |  out|    3|   ap_memory|                      y_buf_152|         array|
|y_buf_152_ce0                                 |  out|    1|   ap_memory|                      y_buf_152|         array|
|y_buf_152_q0                                  |   in|   32|   ap_memory|                      y_buf_152|         array|
|y_buf_153_address0                            |  out|    3|   ap_memory|                      y_buf_153|         array|
|y_buf_153_ce0                                 |  out|    1|   ap_memory|                      y_buf_153|         array|
|y_buf_153_q0                                  |   in|   32|   ap_memory|                      y_buf_153|         array|
|y_buf_154_address0                            |  out|    3|   ap_memory|                      y_buf_154|         array|
|y_buf_154_ce0                                 |  out|    1|   ap_memory|                      y_buf_154|         array|
|y_buf_154_q0                                  |   in|   32|   ap_memory|                      y_buf_154|         array|
+----------------------------------------------+-----+-----+------------+-------------------------------+--------------+

