================================================================
== Design Size Report
================================================================

* Total Instructions per Compilation Phase
+---------------+-----------------------------+--------------+----------------------------------------------------------------------------------------+
| Phase         | Step                        | Instructions | Description                                                                            |
+---------------+-----------------------------+--------------+----------------------------------------------------------------------------------------+
| Compile/Link  |                             |   5,410      | After all functions are compiled and linked into a single design                       |
|               |                             |              |                                                                                        |
| Unroll/Inline |                             |              | After user unroll and inline pragmas are applied                                       |
|               | (1) unroll                  |   1,988      | user unroll pragmas are applied                                                        |
|               | (2) simplification          |   1,798      | simplification of applied user unroll pragmas                                          |
|               | (3) inline                  |   1,790      | user inline pragmas are applied                                                        |
|               | (4) simplification          |   1,780      | simplification of applied user inline pragmas                                          |
|               |                             |              |                                                                                        |
| Array/Struct  |                             |              | After user array partition and struct aggregate/disaggregate pragmas are applied       |
|               | (1) array partition         | 157,906 *    | user array partition pragmas are applied                                               |
|               | (2) simplification          |   7,379      | simplification of applied user array partition & struct aggregate/disaggregate pragmas |
|               | (3) aggregate/disaggregate  |   7,379      | user struct aggregate/disaggregate pragmas are applied                                 |
|               | (4) array reshape           |   7,378      | apply array reshape pragmas                                                            |
|               | (5) access patterns         |   7,479      | array access pattern optmizations                                                      |
|               |                             |              |                                                                                        |
| Performance   |                             |              | After transformations are applied to meet performance pragma targets                   |
|               | (1) loop simplification     |   7,490      | loop and instruction simplification                                                    |
|               | (2) parallelization         |   7,490      | loops are unrolled or pipelined to meet performance targets                            |
|               | (3) array partition         |   7,490      | arrays are partitioned to meet performance targets                                     |
|               | (4) simplification          |   7,490      | simplification of design after performance transformations                             |
|               |                             |              |                                                                                        |
| HW Transforms |                             |              | After hardware transfomations                                                          |
|               | (1) lowering                |   7,504      | initial conversion to HW specific instructions                                         |
|               | (2) optimizations           |   7,555      | high level synthesis optimizations                                                     |
+---------------+-----------------------------+--------------+----------------------------------------------------------------------------------------+
    * - Exceeded design size warning message threshold

* Instructions per Function for each Compilation Phase
+------------------------------------+-------------------------+-----------------+---------------+--------------+-------------+---------------+
| Function                           | Location                | Compile/Link    | Unroll/Inline | Array/Struct | Performance | HW Transforms |
+------------------------------------+-------------------------+-----------------+---------------+--------------+-------------+---------------+
| + kernel_nlp                       | output.cpp:45           | 5,410           | 1,780         | 7,479        | 7,490       | 7,555         |
|    memcpy_wide_bus_read_float_2... | mars_wide_bus_2d.h:1326 | 1,266 (3 calls) |               |              |             |               |
|    memcpy_wide_bus_read_float_2... | mars_wide_bus_2d.h:1326 |  422            |               |              |             |               |
|    memcpy_wide_bus_read_float_3... | mars_wide_bus_3d.h:1648 |  584            |               |              |             |               |
|    memcpy_wide_bus_read_float_3... | mars_wide_bus_3d.h:1648 |  566            |               |              |             |               |
|    memcpy_wide_bus_read_float_2... | mars_wide_bus_2d.h:1326 |  426            |               |              |             |               |
|    memcpy_wide_bus_write_float_... | mars_wide_bus_2d.h:1422 | 1,264 (2 calls) |               |              |             |               |
|    memcpy_wide_bus_write_float_... | mars_wide_bus_2d.h:1422 |  632            |               |              |             |               |
+------------------------------------+-------------------------+-----------------+---------------+--------------+-------------+---------------+

* Design Size Message Settings
+---------------------------------------------+--------+------------------------------------------------------------------+
| Message Setting                             | Value  | Description                                                      |
+---------------------------------------------+--------+------------------------------------------------------------------+
| config_compile -design_size_maximum_warning | 100000 | Show a warning when total design instructions exceeds this value |
+---------------------------------------------+--------+------------------------------------------------------------------+


