debug mode
Warning: this is an empty file (no tokens found): not even a CR present! (but not an error using the token stream unparsing) 
[DEL ALGO][analysis_delinearize]****  DELINEARIZE SgInitializedName:B_7_0_buf in kernel_gemm() **** 
[DEL ALGO][analysis_delinearize]type_dim: 1
[DEL ALGO][analysis_delinearize]type dim size on i-th dim: 52800
[DEL ALGO][analysis_delinearize]iterate on access: SgCastExp:(void *)(&B_7_0_buf[0])
[DEL ALGO][analysis_delinearize]pntr_dim: 0
[DEL ALGO][analysis_delinearize]type_dim: 1
[DEL ALGO][analysis_delinearize]iterate on access: SgPntrArrRefExp:B_7_0_buf[k * 220L + j]
[DEL ALGO][analysis_delinearize]pntr_dim: 1
[DEL ALGO][analysis_delinearize]type_dim: 1
[DEL ALGO][analysis_delinearize]access sections
[DEL ALGO][analysis_delinearize]SgPntrArrRefExp:B_7_0_buf[k * 220L + j]: 1,0,219
[DEL ALGO][analysis_delinearize]SgPntrArrRefExp:B_7_0_buf[k * 220L + j]: 220,0,239
[DEL ALGO] steps after filter non-divisible ones: 1, 220
[DEL ALGO][analysis_delinearize]  ---- after access merge: 
[DEL ALGO] split step: 1, 220
[DEL ALGO][analysis_delinearize]  ---- after alias update: 
[DEL ALGO] split step: 1, 220
[DEL ALGO][analysis_delinearize]alias: empty
NEW array dims: 240,220,
  ---- TYPE: SgInitializedName:B_7_0_buf float [52800] -> float [240][220]
  ---- EXP: SgCastExp:(void *)(&B_7_0_buf[0]) -> P_nullptr:SgPntrArrRefExp:B_7_0_buf[0]
  ---- EXP: SgPntrArrRefExp:B_7_0_buf[k * 220L + j] -> P_nullptr:SgPntrArrRefExp:B_7_0_buf[k][j]
  ---- SgInitializedName:B_7_0_buf:  dim=0 ( 1,220:1,220 ) 
  ---- SgInitializedName:B_7_0_buf: float [52800] -> float [240][220]
Delinearizing the array 'B_7_0_buf' (gemm_MEDIUM.c:3)

INFO: [DELIN-101] Delinearizing the array 'B_7_0_buf' (gemm_MEDIUM.c:3)


[DEL ALGO][analysis_delinearize]****  DELINEARIZE SgInitializedName:A_7_0_buf in kernel_gemm() **** 
[DEL ALGO][analysis_delinearize]type_dim: 1
[DEL ALGO][analysis_delinearize]type dim size on i-th dim: 48000
[DEL ALGO][analysis_delinearize]iterate on access: SgCastExp:(void *)(&A_7_0_buf[0])
[DEL ALGO][analysis_delinearize]pntr_dim: 0
[DEL ALGO][analysis_delinearize]type_dim: 1
[DEL ALGO][analysis_delinearize]iterate on access: SgPntrArrRefExp:A_7_0_buf[i * 1200L + i_sub * 240L + k]
[DEL ALGO][analysis_delinearize]pntr_dim: 1
[DEL ALGO][analysis_delinearize]type_dim: 1
[DEL ALGO][analysis_delinearize]access sections
[DEL ALGO][analysis_delinearize]SgPntrArrRefExp:A_7_0_buf[i * 1200L + i_sub * 240L + k]: 1,0,239
[DEL ALGO][analysis_delinearize]SgPntrArrRefExp:A_7_0_buf[i * 1200L + i_sub * 240L + k]: 240,0,4
[DEL ALGO][analysis_delinearize]SgPntrArrRefExp:A_7_0_buf[i * 1200L + i_sub * 240L + k]: 1200,0,39
[DEL ALGO] steps after filter non-divisible ones: 1, 240, 1200
[DEL ALGO][analysis_delinearize]  ---- after access merge: 
[DEL ALGO] split step: 1, 240, 1200
[DEL ALGO][analysis_delinearize]  ---- after alias update: 
[DEL ALGO] split step: 1, 240, 1200
[DEL ALGO][analysis_delinearize]alias: empty
NEW array dims: 40,5,240,
  ---- TYPE: SgInitializedName:A_7_0_buf float [48000] -> float [40][5][240]
  ---- EXP: SgCastExp:(void *)(&A_7_0_buf[0]) -> P_nullptr:SgPntrArrRefExp:A_7_0_buf[0][0]
  ---- EXP: SgPntrArrRefExp:A_7_0_buf[i * 1200L + i_sub * 240L + k] -> P_nullptr:SgPntrArrRefExp:A_7_0_buf[i][i_sub][k]
  ---- SgInitializedName:A_7_0_buf:  dim=0 ( 1,240,1200:1,240,1200 ) 
  ---- SgInitializedName:A_7_0_buf: float [48000] -> float [40][5][240]
Delinearizing the array 'A_7_0_buf' (gemm_MEDIUM.c:3)

INFO: [DELIN-101] Delinearizing the array 'A_7_0_buf' (gemm_MEDIUM.c:3)


[DEL ALGO][analysis_delinearize]****  DELINEARIZE SgInitializedName:C_buf in kernel_gemm() **** 
[DEL ALGO][analysis_delinearize]type_dim: 1
[DEL ALGO][analysis_delinearize]type dim size on i-th dim: 1100
[DEL ALGO][analysis_delinearize]iterate on access: SgCastExp:(void *)(&C_buf[0])
[DEL ALGO][analysis_delinearize]pntr_dim: 0
[DEL ALGO][analysis_delinearize]type_dim: 1
[DEL ALGO][analysis_delinearize]iterate on access: SgPntrArrRefExp:C_buf[i_sub * 220L +(j * 4) + j_sub]
[DEL ALGO][analysis_delinearize]pntr_dim: 1
[DEL ALGO][analysis_delinearize]type_dim: 1
[DEL ALGO][analysis_delinearize]iterate on access: SgPntrArrRefExp:C_buf[i_sub * 220L + j]
[DEL ALGO][analysis_delinearize]pntr_dim: 1
[DEL ALGO][analysis_delinearize]type_dim: 1
[DEL ALGO][analysis_delinearize]iterate on access: SgCastExp:(const void *)(&C_buf[0])
[DEL ALGO][analysis_delinearize]pntr_dim: 0
[DEL ALGO][analysis_delinearize]type_dim: 1
[DEL ALGO][analysis_delinearize]access sections
[DEL ALGO][analysis_delinearize]SgPntrArrRefExp:C_buf[i_sub * 220L +(j * 4) + j_sub]: 1,0,3
[DEL ALGO][analysis_delinearize]SgPntrArrRefExp:C_buf[i_sub * 220L +(j * 4) + j_sub]: 4,0,54
[DEL ALGO][analysis_delinearize]SgPntrArrRefExp:C_buf[i_sub * 220L +(j * 4) + j_sub]: 220,0,4
[DEL ALGO][analysis_delinearize]SgPntrArrRefExp:C_buf[i_sub * 220L + j]: 1,0,219
[DEL ALGO][analysis_delinearize]SgPntrArrRefExp:C_buf[i_sub * 220L + j]: 220,0,4
[DEL ALGO] steps after filter non-divisible ones: 1, 4, 220
[DEL ALGO][analysis_delinearize]  ---- after access merge: 
[DEL ALGO] split step: 1, 220
[DEL ALGO][analysis_delinearize]  ---- after alias update: 
[DEL ALGO] split step: 1, 220
[DEL ALGO][analysis_delinearize]alias: empty
NEW array dims: 5,220,
  ---- TYPE: SgInitializedName:C_buf float [1100] -> float [5][220]
  ---- EXP: SgCastExp:(void *)(&C_buf[0]) -> P_nullptr:SgPntrArrRefExp:C_buf[0]
  ---- EXP: SgPntrArrRefExp:C_buf[i_sub * 220L +(j * 4) + j_sub] -> P_nullptr:SgPntrArrRefExp:C_buf[i_sub][j * 4L + j_sub]
  ---- EXP: SgPntrArrRefExp:C_buf[i_sub * 220L + j] -> P_nullptr:SgPntrArrRefExp:C_buf[i_sub][j]
  ---- EXP: SgCastExp:(const void *)(&C_buf[0]) -> P_nullptr:SgPntrArrRefExp:C_buf[0]
  ---- SgInitializedName:C_buf:  dim=0 ( 1,220:1,220 ) 
  ---- SgInitializedName:C_buf: float [1100] -> float [5][220]
Delinearizing the array 'C_buf' (gemm_MEDIUM.c:3)

INFO: [DELIN-101] Delinearizing the array 'C_buf' (gemm_MEDIUM.c:3)


mars_opt __dummy__.c __merlinwrapper_kernel_gemm.c __merlinkernel_kernel_gemm.c  -e c -p delinearization -a cstd=c99 -a cxxstd=c++11  -a impl_tool=sdaccel -a tool_version=vitis -a effort=standard -a generate_l2_api=on -a debug_mode=debug   -I /opt/merlin/sources/merlin-compiler/trunk/source-opt/include/apint_include -I/home/spouget/iccad_24/autodse_without_tree_reduction/gemm_MEDIUM/_done/work_dir/output/fast/0 -I/home/spouget/iccad_24/autodse_without_tree_reduction/gemm_MEDIUM/_done/work_dir/output/fast/0/gemm_MEDIUM/ -I/opt/merlin/sources/merlin-compiler/trunk//mars-gen/lib/merlin -I /opt/merlin/sources/merlin-compiler/trunk/mars-gen/lib/merlin -a cflags=" -D__SYNTHESIS__  -D_MARS_COMPILER_FLOW_ "
