debug mode
Warning: this is an empty file (no tokens found): not even a CR present! (but not an error using the token stream unparsing) 
==============================================
-----=# wide bus Interface Optimization Start#=----
==============================================
found the kenerl function

 Total BRAM size is 3145728 byte.
==============================================
-----=# Memory Burst Optimization Start#=----
==============================================

infer small caching in fine grained scope for coalescing: 
============================================
-----=# Memory Burst Optimization End#=----
============================================

Current is in function kernel_gemm
basic type is float
C need to enlarge bit width
basic type is float
A need to enlarge bit width
basic type is float
B need to enlarge bit width
basic type is float
basic type is float
basic type is float
============================================
-----=# wide bus Interface Optimization End#=----
============================================

mars_opt __dummy__.c __merlinwrapper_kernel_gemm.c __merlinkernel_kernel_gemm.c  -e c -p bitwidth_opt -a cstd=c99 -a cxxstd=c++11  -a impl_tool=sdaccel -a tool_version=vitis -a effort=standard -a generate_l2_api=on -a bus_length_threshold= -a lift_fine_grained_cache= -a debug_mode=debug   -I /opt/merlin/sources/merlin-compiler/trunk/source-opt/include/apint_include -I/home/spouget/iccad_24/autodse_without_tree_reduction/gemm_MEDIUM/_done/work_dir/output/fast/0 -I/home/spouget/iccad_24/autodse_without_tree_reduction/gemm_MEDIUM/_done/work_dir/output/fast/0/gemm_MEDIUM/ -I/opt/merlin/sources/merlin-compiler/trunk//mars-gen/lib/merlin -I /opt/merlin/sources/merlin-compiler/trunk/mars-gen/lib/merlin -a cflags=" -D__SYNTHESIS__  -D_MARS_COMPILER_FLOW_ "
