debug mode
Warning: this is an empty file (no tokens found): not even a CR present! (but not an error using the token stream unparsing) 
Merlin Pass [Structural Function Inlining] started ... 
[StructuralInline] processing void kernel_gemm(float alpha,float beta,merlin_uint_128 [110... C,merlin_uint_512 [300... A,merlin_uint_128 [132... B) {...} ...
Building up call graph for: SgFunctionDeclaration:void kernel_gemm(float alpha,float beta,merlin_uint_128 [110... C,merlin_uint_512 [300... A,merlin_uint_128 [132... B) {...}
Building up call graph for: SgFunctionDeclaration:void mars_kernel_0_1(int mars_i,int mars_init,int mars_cond,float [40][5][240] mars_A_7_0_buf_1,float [240][220] mars_B_7_0_buf_1,merlin_uint_128 [110... C,float [5][220] mars_C_buf_0_0,float [5][220] mars_C_buf_0_1,float [5][220] mars_C_buf_0_2,float alpha,float beta) {...}
Building up call graph for: SgFunctionDeclaration:void mars_kernel_0_1_bus(int mars_i,int mars_init,int mars_cond,float [40][5][240] mars_A_7_0_buf_1,float [240][220] mars_B_7_0_buf_1,merlin_uint_128 [110... C,float [5][220] mars_C_buf_0_0,float [5][220] mars_C_buf_0_1,float [5][220] mars_C_buf_0_2,float alpha,float beta) {...}
Building up call graph for: SgFunctionDeclaration:void mars_kernel_0_1_node_0_stage_0(int i,int exec,merlin_uint_128 [110... C,float [5][220] C_buf_0) {...}
Building up call graph for: SgFunctionDeclaration:void mars_kernel_0_1_node_1_stage_1(int i,int exec,float [40][5][240] A_7_0_buf,float [240][220] B_7_0_buf,float [5][220] C_buf_0,float alpha,float beta) {...}
Building up call graph for: SgFunctionDeclaration:void mars_kernel_0_1_node_2_stage_2(int i,int exec,merlin_uint_128 [110... C,float [5][220] C_buf_0) {...}
Building up call graph for: SgFunctionDeclaration:void mars_kernel_0_1_comp(int mars_i,int mars_init,int mars_cond,float [40][5][240] mars_A_7_0_buf_1,float [240][220] mars_B_7_0_buf_1,merlin_uint_128 [110... C,float [5][220] mars_C_buf_0_0,float [5][220] mars_C_buf_0_1,float [5][220] mars_C_buf_0_2,float alpha,float beta) {...}
========SgFunctionDeclaration:void mars_kernel_0_1_bus(int mars_i,int mars_init,int mars_cond,float [40][5][240] mars_A_7_0_buf_1,float [240][220] mars_B_7_0_buf_1,merlin_uint_128 [110... C,float [5][220] mars_C_buf_0_0,float [5][220] mars_C_buf_0_1,float [5][220] mars_C_buf_0_2,float alpha,float beta) {...}========
  SgFunctionDeclaration:void mars_kernel_0_1_node_2_stage_2(int i,int exec,merlin_uint_128 [110... C,float [5][220] C_buf_0) {...} -> SgFunctionCallExp:mars_kernel_0_1_node_2_stage_2(mars_i - 2,(int )(mars_i >= mars_init + 2 & mars_i <= mars_cond + 2),C,mars_C_buf_0_2)
  SgFunctionDeclaration:void mars_kernel_0_1_node_1_stage_1(int i,int exec,float [40][5][240] A_7_0_buf,float [240][220] B_7_0_buf,float [5][220] C_buf_0,float alpha,float beta) {...} -> SgFunctionCallExp:mars_kernel_0_1_node_1_stage_1(mars_i - 1,(int )(mars_i >= mars_init + 1 & mars_i <= mars_cond + 1),mars_A_7_0_buf_1,mars_B_7_0_buf_1,mars_C_buf_0_1,alpha,beta)
  SgFunctionDeclaration:void mars_kernel_0_1_node_0_stage_0(int i,int exec,merlin_uint_128 [110... C,float [5][220] C_buf_0) {...} -> SgFunctionCallExp:mars_kernel_0_1_node_0_stage_0(mars_i - 0,(int )(mars_i >= mars_init + 0 & mars_i <= mars_cond + 0),C,mars_C_buf_0_0)
========SgFunctionDeclaration:void mars_kernel_0_1(int mars_i,int mars_init,int mars_cond,float [40][5][240] mars_A_7_0_buf_1,float [240][220] mars_B_7_0_buf_1,merlin_uint_128 [110... C,float [5][220] mars_C_buf_0_0,float [5][220] mars_C_buf_0_1,float [5][220] mars_C_buf_0_2,float alpha,float beta) {...}========
  SgFunctionDeclaration:void mars_kernel_0_1_comp(int mars_i,int mars_init,int mars_cond,float [40][5][240] mars_A_7_0_buf_1,float [240][220] mars_B_7_0_buf_1,merlin_uint_128 [110... C,float [5][220] mars_C_buf_0_0,float [5][220] mars_C_buf_0_1,float [5][220] mars_C_buf_0_2,float alpha,float beta) {...} -> SgFunctionCallExp:mars_kernel_0_1_comp(mars_i,mars_init,mars_cond,mars_A_7_0_buf_1,mars_B_7_0_buf_1,C,mars_C_buf_0_0,mars_C_buf_0_1,mars_C_buf_0_2,alpha,beta)
  SgFunctionDeclaration:void mars_kernel_0_1_bus(int mars_i,int mars_init,int mars_cond,float [40][5][240] mars_A_7_0_buf_1,float [240][220] mars_B_7_0_buf_1,merlin_uint_128 [110... C,float [5][220] mars_C_buf_0_0,float [5][220] mars_C_buf_0_1,float [5][220] mars_C_buf_0_2,float alpha,float beta) {...} -> SgFunctionCallExp:mars_kernel_0_1_bus(mars_i,mars_init,mars_cond,mars_A_7_0_buf_1,mars_B_7_0_buf_1,C,mars_C_buf_0_0,mars_C_buf_0_1,mars_C_buf_0_2,alpha,beta)
========SgFunctionDeclaration:void kernel_gemm(float alpha,float beta,merlin_uint_128 [110... C,merlin_uint_512 [300... A,merlin_uint_128 [132... B) {...}========
  SgFunctionDeclaration:void mars_kernel_0_1(int mars_i,int mars_init,int mars_cond,float [40][5][240] mars_A_7_0_buf_1,float [240][220] mars_B_7_0_buf_1,merlin_uint_128 [110... C,float [5][220] mars_C_buf_0_0,float [5][220] mars_C_buf_0_1,float [5][220] mars_C_buf_0_2,float alpha,float beta) {...} -> SgFunctionCallExp:mars_kernel_0_1(i,0,39,A_7_0_buf,B_7_0_buf,C,mars_kernel_0_1_C_buf_0_1,mars_kernel_0_1_C_buf_0_2,mars_kernel_0_1_C_buf_0_0,alpha,beta)
  SgFunctionDeclaration:void mars_kernel_0_1(int mars_i,int mars_init,int mars_cond,float [40][5][240] mars_A_7_0_buf_1,float [240][220] mars_B_7_0_buf_1,merlin_uint_128 [110... C,float [5][220] mars_C_buf_0_0,float [5][220] mars_C_buf_0_1,float [5][220] mars_C_buf_0_2,float alpha,float beta) {...} -> SgFunctionCallExp:mars_kernel_0_1(i,0,39,A_7_0_buf,B_7_0_buf,C,mars_kernel_0_1_C_buf_0_2,mars_kernel_0_1_C_buf_0_0,mars_kernel_0_1_C_buf_0_1,alpha,beta)
  SgFunctionDeclaration:void mars_kernel_0_1(int mars_i,int mars_init,int mars_cond,float [40][5][240] mars_A_7_0_buf_1,float [240][220] mars_B_7_0_buf_1,merlin_uint_128 [110... C,float [5][220] mars_C_buf_0_0,float [5][220] mars_C_buf_0_1,float [5][220] mars_C_buf_0_2,float alpha,float beta) {...} -> SgFunctionCallExp:mars_kernel_0_1(i,0,39,A_7_0_buf,B_7_0_buf,C,mars_kernel_0_1_C_buf_0_0,mars_kernel_0_1_C_buf_0_1,mars_kernel_0_1_C_buf_0_2,alpha,beta)
mars_opt __dummy__.c __merlinwrapper_kernel_gemm.c __merlinkernel_kernel_gemm.c  -e c -p structural_func_inline -a cstd=c99 -a cxxstd=c++11   -a impl_tool=sdaccel -a tool_version=vitis -a effort=standard -a generate_l2_api=on -a debug_mode=debug   -I /opt/merlin/sources/merlin-compiler/trunk/source-opt/include/apint_include -I/home/spouget/iccad_24/autodse_without_tree_reduction/gemm_MEDIUM/_done/work_dir/output/fast/0 -I/home/spouget/iccad_24/autodse_without_tree_reduction/gemm_MEDIUM/_done/work_dir/output/fast/0/gemm_MEDIUM/ -I/opt/merlin/sources/merlin-compiler/trunk//mars-gen/lib/merlin -I /opt/merlin/sources/merlin-compiler/trunk/mars-gen/lib/merlin -a cflags=" -D__SYNTHESIS__  -D_MARS_COMPILER_FLOW_ "
