debug mode
1 ...
[MARS-PARALLEL-MSG] Enable xilinx flow mode.
    Enter check old style function definition...

-----------------------------------------------
Found an IR node with preprocessing Info attached:
(memaddr: 0x7fbd95e46128 Sage type: SgGlobal) in file 
/home/spouget/iccad_24/autodse_without_tree_reduction/gemm_MEDIUM/_done/work_dir/output/fast/0/.merlin_prj/run/implement/code_transform/__dummy__.c (line 0 col 0)
-----------------------------------------------
Found an IR node with preprocessing Info attached:
(memaddr: 0x7fbd92dc0978 Sage type: SgBasicBlock) in file 
/home/spouget/iccad_24/autodse_without_tree_reduction/gemm_MEDIUM/_done/work_dir/output/fast/0/.merlin_prj/run/implement/code_transform/gemm_MEDIUM.c (line 15 col 1)
check overload function
    Enter check local variable with non-constant dimension ...
3 ...
    Enter simple dce...
4 ...
    Enter check function pointer statement...
    Enter check unsupported statement...
    Enter goto statement1...
5 ...
Hello kernel_pragma_gen...
Find a kernel pragma : ACCEL kernel
6 ...
Enter check task pragma legality.

====== Typedef replace ========>
Kernel Seperate ... 
rm -rf kernel.list
    Enter kernel_file_list_gen...
Kernel -- SgFunctionDeclaration:void kernel_gemm(float alpha,float beta,float [200][220] C,float [200][240] A,float [240][220] B) {...}
filename : __merlinkernel_kernel_gemm.c

====== Typedef replace ========>
echo '__merlinkernel_kernel_gemm.c' >> kernel.list
echo 'gemm_MEDIUM.c' >> host.list
 Generating merlin_type_define.h...
7 ...
    Enter simple dce...
8 ...
mars_opt __dummy__.c gemm_MEDIUM.c  -e c -p lower_separate -a cstd=c99 -a cxxstd=c++11  -a skip_syntax_check= -a enable_cpp=  -a impl_tool=sdaccel -a tool_version=vitis -a effort=standard -a generate_l2_api=on -a pure_kernel=off -a debug_mode=debug   -I /opt/merlin/sources/merlin-compiler/trunk/source-opt/include/apint_include -I/home/spouget/iccad_24/autodse_without_tree_reduction/gemm_MEDIUM/_done/work_dir/output/fast/0 -I/home/spouget/iccad_24/autodse_without_tree_reduction/gemm_MEDIUM/_done/work_dir/output/fast/0/gemm_MEDIUM/ -I/opt/merlin/sources/merlin-compiler/trunk//mars-gen/lib/merlin -I /opt/merlin/sources/merlin-compiler/trunk/mars-gen/lib/merlin -a cflags=" -D__SYNTHESIS__  -D_MARS_COMPILER_FLOW_ "
