[  13m]    INFO Explorer: Found a better result at #0000: Quality 1.5e-06, Perf 6.5e+05
[  55m]    INFO Explorer: All points are stopped at level 1
[  66m]    INFO Explorer: All points are stopped at level 1
[  68m]    INFO Explorer: All points are stopped at level 1
[  97m]    INFO Explorer: Found a better result at #0024: Quality 2.0e-06, Perf 5.0e+05
[  97m]    INFO Explorer: Found a better result at #0024: Quality 2.3e-06, Perf 4.3e+05
[  97m]    INFO Explorer: Found a better result at #0024: Quality 2.5e-06, Perf 3.9e+05
[  97m]    INFO Explorer: Found a better result at #0024: Quality 2.7e-06, Perf 3.7e+05
[ 100m]    INFO Explorer: All points are stopped at level 1
[ 111m]    INFO Explorer: All points are stopped at level 1
[ 113m]    INFO Explorer: All points are stopped at level 1
[ 136m]    INFO Explorer: All points are stopped at level 1
[ 148m]    INFO Explorer: All points are stopped at level 1
[ 149m]    INFO Explorer: All points are stopped at level 1
[ 181m]    INFO Explorer: All points are stopped at level 1
[ 182m]    INFO Explorer: All points are stopped at level 1
[ 202m]    INFO Explorer: All points are stopped at level 1
[ 205m]    INFO Explorer: All points are stopped at level 1
[ 217m]    INFO Explorer: All points are stopped at level 1
[ 218m]    INFO Explorer: All points are stopped at level 1
[ 256m]    INFO Explorer: All points are stopped at level 1
[ 258m]    INFO Explorer: All points are stopped at level 1
[ 282m]    INFO Explorer: All points are stopped at level 1
[ 285m]    INFO Explorer: All points are stopped at level 1
[ 297m]    INFO Explorer: All points are stopped at level 1
[ 299m]    INFO Explorer: All points are stopped at level 1
[ 324m]    INFO Explorer: All points are stopped at level 1
[ 336m]    INFO Explorer: All points are stopped at level 1
[ 337m]    INFO Explorer: All points are stopped at level 1
[ 371m]    INFO Explorer: All points are stopped at level 1
[ 372m]    INFO Explorer: All points are stopped at level 1
[ 393m]    INFO Explorer: All points are stopped at level 1
[ 396m]    INFO Explorer: All points are stopped at level 1
[ 408m]    INFO Explorer: All points are stopped at level 1
[ 409m]    INFO Explorer: All points are stopped at level 1
[ 447m]    INFO Explorer: All points are stopped at level 1
[ 448m]    INFO Explorer: All points are stopped at level 1
[ 472m]    INFO Explorer: All points are stopped at level 1
[ 475m]    INFO Explorer: All points are stopped at level 1
[ 487m]    INFO Explorer: All points are stopped at level 1
[ 488m]    INFO Explorer: All points are stopped at level 1
[ 514m]    INFO Explorer: All points are stopped at level 1
[ 526m]    INFO Explorer: All points are stopped at level 1
[ 527m]    INFO Explorer: All points are stopped at level 1
[ 560m]    INFO Explorer: All points are stopped at level 1
[ 562m]    INFO Explorer: All points are stopped at level 1
[ 583m]    INFO Explorer: All points are stopped at level 1
[ 586m]    INFO Explorer: All points are stopped at level 1
[ 599m]    INFO Explorer: All points are stopped at level 1
[ 601m]    INFO Explorer: All points are stopped at level 1
[ 640m]    INFO Explorer: All points are stopped at level 1
[ 642m]    INFO Explorer: All points are stopped at level 1
[ 667m]    INFO Explorer: All points are stopped at level 1
[ 670m]    INFO Explorer: All points are stopped at level 1
[ 683m]    INFO Explorer: All points are stopped at level 1
[ 685m]    INFO Explorer: All points are stopped at level 1
[ 711m]    INFO Explorer: All points are stopped at level 1
[ 724m]    INFO Explorer: All points are stopped at level 1
[ 726m]    INFO Explorer: All points are stopped at level 1
[ 760m]    INFO Explorer: All points are stopped at level 1
[ 761m]    INFO Explorer: All points are stopped at level 1
[ 782m]    INFO Explorer: All points are stopped at level 1
[ 785m]    INFO Explorer: All points are stopped at level 1
[ 799m]    INFO Explorer: All points are stopped at level 1
[ 800m]    INFO Explorer: All points are stopped at level 1
[ 839m]    INFO Explorer: All points are stopped at level 1
[ 841m]    INFO Explorer: All points are stopped at level 1
[ 865m]    INFO Explorer: All points are stopped at level 1
[ 988m]    INFO Explorer: Found a better result at #0496: Quality 2.7e-06, Perf 3.7e+05
[ 988m]    INFO Explorer: Found a better result at #0496: Quality 2.7e-06, Perf 3.7e+05
[ 988m]    INFO Explorer: Found a better result at #0496: Quality 2.7e-06, Perf 3.6e+05
[ 988m]    INFO Explorer: Found a better result at #0496: Quality 2.8e-06, Perf 3.6e+05
[ 988m]    INFO Explorer: Found a better result at #0496: Quality 2.8e-06, Perf 3.6e+05
[ 988m]    INFO Explorer: Found a better result at #0496: Quality 2.8e-06, Perf 3.6e+05
[ 988m]    INFO Explorer: Found a better result at #0496: Quality 2.8e-06, Perf 3.6e+05
[ 988m]    INFO Explorer: Found a better result at #0496: Quality 2.8e-06, Perf 3.5e+05
[ 992m]    INFO Explorer: All points are stopped at level 1
[1005m]    INFO Explorer: All points are stopped at level 1
[1005m]    INFO Explorer: Explored 530 points
