[   7m]    INFO Explorer: Found a better result at #0000: Quality 8.6e-08, Perf 1.2e+07
[  15m]    INFO Explorer: Found a better result at #0001: Quality 1.7e-07, Perf 5.8e+06
[  15m]    INFO Explorer: Found a better result at #0001: Quality 3.4e-07, Perf 3.0e+06
[  15m]    INFO Explorer: Found a better result at #0001: Quality 6.6e-07, Perf 1.5e+06
[  15m]    INFO Explorer: Found a better result at #0001: Quality 1.2e-06, Perf 8.0e+05
[  18m]    INFO Explorer: All points are stopped at level 1
[  23m]    INFO Explorer: All points are stopped at level 1
[  25m]    INFO Explorer: All points are stopped at level 1
[  27m]    INFO Explorer: All points are stopped at level 1
[  38m]    INFO Explorer: All points are stopped at level 1
[  40m]    INFO Explorer: All points are stopped at level 1
[  48m]    INFO Explorer: Found a better result at #0037: Quality 1.3e-06, Perf 7.7e+05
[  48m]    INFO Explorer: Found a better result at #0037: Quality 1.3e-06, Perf 7.6e+05
[  48m]    INFO Explorer: Found a better result at #0037: Quality 1.3e-06, Perf 7.5e+05
[  48m]    INFO Explorer: Found a better result at #0037: Quality 1.3e-06, Perf 7.5e+05
[  51m]    INFO Explorer: All points are stopped at level 1
[  57m]    INFO Explorer: All points are stopped at level 1
[  58m]    INFO Explorer: All points are stopped at level 1
[  61m]    INFO Explorer: All points are stopped at level 1
[  72m]    INFO Explorer: All points are stopped at level 1
[  73m]    INFO Explorer: All points are stopped at level 1
[  86m]    INFO Explorer: All points are stopped at level 1
[  88m]    INFO Explorer: All points are stopped at level 1
[ 100m]    INFO Explorer: All points are stopped at level 1
[ 101m]    INFO Explorer: All points are stopped at level 1
[ 120m]    INFO Explorer: All points are stopped at level 1
[ 125m]    INFO Explorer: All points are stopped at level 1
[ 127m]    INFO Explorer: All points are stopped at level 1
[ 128m]    INFO Explorer: All points are stopped at level 1
[ 131m]    INFO Explorer: All points are stopped at level 1
[ 136m]    INFO Explorer: All points are stopped at level 1
[ 138m]    INFO Explorer: All points are stopped at level 1
[ 141m]    INFO Explorer: All points are stopped at level 1
[ 152m]    INFO Explorer: All points are stopped at level 1
[ 154m]    INFO Explorer: All points are stopped at level 1
[ 166m]    INFO Explorer: All points are stopped at level 1
[ 169m]    INFO Explorer: All points are stopped at level 1
[ 180m]    INFO Explorer: All points are stopped at level 1
[ 181m]    INFO Explorer: All points are stopped at level 1
[ 200m]    INFO Explorer: All points are stopped at level 1
[ 206m]    INFO Explorer: All points are stopped at level 1
[ 207m]    INFO Explorer: All points are stopped at level 1
[ 208m]    INFO Explorer: All points are stopped at level 1
[ 211m]    INFO Explorer: All points are stopped at level 1
[ 217m]    INFO Explorer: All points are stopped at level 1
[ 219m]    INFO Explorer: All points are stopped at level 1
[ 222m]    INFO Explorer: All points are stopped at level 1
[ 234m]    INFO Explorer: All points are stopped at level 1
[ 236m]    INFO Explorer: All points are stopped at level 1
[ 249m]    INFO Explorer: All points are stopped at level 1
[ 252m]    INFO Explorer: All points are stopped at level 1
[ 263m]    INFO Explorer: All points are stopped at level 1
[ 265m]    INFO Explorer: All points are stopped at level 1
[ 284m]    INFO Explorer: All points are stopped at level 1
[ 290m]    INFO Explorer: All points are stopped at level 1
[ 292m]    INFO Explorer: All points are stopped at level 1
[ 293m]    INFO Explorer: All points are stopped at level 1
[ 296m]    INFO Explorer: All points are stopped at level 1
[ 302m]    INFO Explorer: All points are stopped at level 1
[ 303m]    INFO Explorer: All points are stopped at level 1
[ 306m]    INFO Explorer: All points are stopped at level 1
[ 319m]    INFO Explorer: All points are stopped at level 1
[ 320m]    INFO Explorer: All points are stopped at level 1
[ 333m]    INFO Explorer: All points are stopped at level 1
[ 336m]    INFO Explorer: All points are stopped at level 1
[ 349m]    INFO Explorer: All points are stopped at level 1
[ 350m]    INFO Explorer: All points are stopped at level 1
[ 370m]    INFO Explorer: All points are stopped at level 1
[ 376m]    INFO Explorer: All points are stopped at level 1
[ 377m]    INFO Explorer: All points are stopped at level 1
[ 378m]    INFO Explorer: All points are stopped at level 1
[ 416m]    INFO Explorer: Found a better result at #0425: Quality 1.3e-06, Perf 7.5e+05
[ 416m]    INFO Explorer: Found a better result at #0425: Quality 1.3e-06, Perf 7.5e+05
[ 416m]    INFO Explorer: Found a better result at #0425: Quality 1.3e-06, Perf 7.5e+05
[ 416m]    INFO Explorer: Found a better result at #0425: Quality 1.3e-06, Perf 7.5e+05
[ 419m]    INFO Explorer: All points are stopped at level 1
[ 425m]    INFO Explorer: All points are stopped at level 1
[ 426m]    INFO Explorer: All points are stopped at level 1
[ 429m]    INFO Explorer: All points are stopped at level 1
[ 441m]    INFO Explorer: All points are stopped at level 1
[ 443m]    INFO Explorer: All points are stopped at level 1
[ 455m]    INFO Explorer: All points are stopped at level 1
[ 458m]    INFO Explorer: All points are stopped at level 1
[ 470m]    INFO Explorer: All points are stopped at level 1
[ 471m]    INFO Explorer: All points are stopped at level 1
[ 491m]    INFO Explorer: All points are stopped at level 1
[ 497m]    INFO Explorer: All points are stopped at level 1
[ 499m]    INFO Explorer: All points are stopped at level 1
[ 500m]    INFO Explorer: All points are stopped at level 1
[ 503m]    INFO Explorer: All points are stopped at level 1
[ 509m]    INFO Explorer: All points are stopped at level 1
[ 510m]    INFO Explorer: All points are stopped at level 1
[ 514m]    INFO Explorer: All points are stopped at level 1
[ 526m]    INFO Explorer: All points are stopped at level 1
[ 528m]    INFO Explorer: All points are stopped at level 1
[ 541m]    INFO Explorer: All points are stopped at level 1
[ 544m]    INFO Explorer: All points are stopped at level 1
[ 556m]    INFO Explorer: All points are stopped at level 1
[ 557m]    INFO Explorer: All points are stopped at level 1
[ 577m]    INFO Explorer: All points are stopped at level 1
[ 583m]    INFO Explorer: All points are stopped at level 1
[ 584m]    INFO Explorer: All points are stopped at level 1
[ 586m]    INFO Explorer: All points are stopped at level 1
[ 589m]    INFO Explorer: All points are stopped at level 1
[ 596m]    INFO Explorer: All points are stopped at level 1
[ 597m]    INFO Explorer: All points are stopped at level 1
[ 600m]    INFO Explorer: All points are stopped at level 1
[ 613m]    INFO Explorer: All points are stopped at level 1
[ 615m]    INFO Explorer: All points are stopped at level 1
[ 628m]    INFO Explorer: All points are stopped at level 1
[ 631m]    INFO Explorer: All points are stopped at level 1
[ 644m]    INFO Explorer: All points are stopped at level 1
[ 645m]    INFO Explorer: All points are stopped at level 1
[ 665m]    INFO Explorer: All points are stopped at level 1
[ 671m]    INFO Explorer: All points are stopped at level 1
[ 673m]    INFO Explorer: All points are stopped at level 1
[ 674m]    INFO Explorer: All points are stopped at level 1
[ 677m]    INFO Explorer: All points are stopped at level 1
[ 684m]    INFO Explorer: All points are stopped at level 1
[ 686m]    INFO Explorer: All points are stopped at level 1
[ 689m]    INFO Explorer: All points are stopped at level 1
[ 701m]    INFO Explorer: All points are stopped at level 1
[ 703m]    INFO Explorer: All points are stopped at level 1
[ 716m]    INFO Explorer: All points are stopped at level 1
[ 720m]    INFO Explorer: All points are stopped at level 1
[ 733m]    INFO Explorer: All points are stopped at level 1
[ 734m]    INFO Explorer: All points are stopped at level 1
[ 756m]    INFO Explorer: All points are stopped at level 1
[ 762m]    INFO Explorer: All points are stopped at level 1
[ 763m]    INFO Explorer: All points are stopped at level 1
[ 765m]    INFO Explorer: All points are stopped at level 1
[ 768m]    INFO Explorer: All points are stopped at level 1
[ 774m]    INFO Explorer: All points are stopped at level 1
[ 775m]    INFO Explorer: All points are stopped at level 1
[ 778m]    INFO Explorer: All points are stopped at level 1
[ 791m]    INFO Explorer: All points are stopped at level 1
[ 793m]    INFO Explorer: All points are stopped at level 1
[ 807m]    INFO Explorer: All points are stopped at level 1
[ 810m]    INFO Explorer: All points are stopped at level 1
[ 823m]    INFO Explorer: All points are stopped at level 1
[ 824m]    INFO Explorer: All points are stopped at level 1
[ 845m]    INFO Explorer: All points are stopped at level 1
[ 851m]    INFO Explorer: All points are stopped at level 1
[ 852m]    INFO Explorer: All points are stopped at level 1
[ 853m]    INFO Explorer: All points are stopped at level 1
[ 856m]    INFO Explorer: All points are stopped at level 1
[ 862m]    INFO Explorer: All points are stopped at level 1
[ 864m]    INFO Explorer: All points are stopped at level 1
[ 867m]    INFO Explorer: All points are stopped at level 1
[ 880m]    INFO Explorer: All points are stopped at level 1
[ 881m]    INFO Explorer: All points are stopped at level 1
[ 894m]    INFO Explorer: All points are stopped at level 1
[ 897m]    INFO Explorer: All points are stopped at level 1
[ 908m]    INFO Explorer: All points are stopped at level 1
[ 910m]    INFO Explorer: All points are stopped at level 1
[ 929m]    INFO Explorer: All points are stopped at level 1
[ 935m]    INFO Explorer: All points are stopped at level 1
[ 937m]    INFO Explorer: All points are stopped at level 1
[ 938m]    INFO Explorer: All points are stopped at level 1
[ 941m]    INFO Explorer: All points are stopped at level 1
[ 947m]    INFO Explorer: All points are stopped at level 1
[ 949m]    INFO Explorer: All points are stopped at level 1
[ 952m]    INFO Explorer: All points are stopped at level 1
[ 964m]    INFO Explorer: All points are stopped at level 1
[ 965m]    INFO Explorer: All points are stopped at level 1
[ 978m]    INFO Explorer: All points are stopped at level 1
[ 981m]    INFO Explorer: All points are stopped at level 1
[ 994m]    INFO Explorer: All points are stopped at level 1
[ 995m]    INFO Explorer: All points are stopped at level 1
[1013m]    INFO Explorer: Explored 1099 points
