

================================================================
== Vitis HLS Report for 'load_input_S0_Pipeline_VITIS_LOOP_15_2_VITIS_LOOP_16_3'
================================================================
* Date:           Tue Sep 17 03:33:50 2024

* Version:        2023.2 (Build 4023990 on Oct 11 2023)
* Project:        kernel_nlp
* Solution:       solution (Vitis Kernel Flow Target)
* Product family: virtexuplus
* Target device:  xcu200-fsgd2104-2-e


================================================================
== Performance Estimates
================================================================
+ Timing: 
    * Summary: 
    +--------+---------+----------+------------+
    |  Clock |  Target | Estimated| Uncertainty|
    +--------+---------+----------+------------+
    |ap_clk  |  4.00 ns|  2.920 ns|     1.08 ns|
    +--------+---------+----------+------------+

+ Latency: 
    * Summary: 
    +---------+---------+-----------+-----------+-------+-------+---------+
    |  Latency (cycles) |   Latency (absolute)  |    Interval   | Pipeline|
    |   min   |   max   |    min    |    max    |  min  |  max  |   Type  |
    +---------+---------+-----------+-----------+-------+-------+---------+
    |    13009|    13009|  52.036 us|  52.036 us|  13009|  13009|       no|
    +---------+---------+-----------+-----------+-------+-------+---------+

    + Detail: 
        * Instance: 
        N/A

        * Loop: 
        +-----------------------------------+---------+---------+----------+-----------+-----------+-------+----------+
        |                                   |  Latency (cycles) | Iteration|  Initiation Interval  |  Trip |          |
        |             Loop Name             |   min   |   max   |  Latency |  achieved |   target  | Count | Pipelined|
        +-----------------------------------+---------+---------+----------+-----------+-----------+-------+----------+
        |- VITIS_LOOP_15_2_VITIS_LOOP_16_3  |    13007|    13007|        13|          1|          1|  12996|       yes|
        +-----------------------------------+---------+---------+----------+-----------+-----------+-------+----------+



================================================================
== Utilization Estimates
================================================================
* Summary: 
+---------------------+---------+------+---------+---------+-----+
|         Name        | BRAM_18K|  DSP |    FF   |   LUT   | URAM|
+---------------------+---------+------+---------+---------+-----+
|DSP                  |        -|     -|        -|        -|    -|
|Expression           |        -|     -|        0|      250|    -|
|FIFO                 |        -|     -|        -|        -|    -|
|Instance             |        -|     0|      189|      387|    -|
|Memory               |        -|     -|        -|        -|    -|
|Multiplexer          |        -|     -|        -|     4250|    -|
|Register             |        -|     -|      367|       64|    -|
+---------------------+---------+------+---------+---------+-----+
|Total                |        0|     0|      556|     4951|    0|
+---------------------+---------+------+---------+---------+-----+
|Available SLR        |     1440|  2280|   788160|   394080|  320|
+---------------------+---------+------+---------+---------+-----+
|Utilization SLR (%)  |        0|     0|       ~0|        1|    0|
+---------------------+---------+------+---------+---------+-----+
|Available            |     4320|  6840|  2364480|  1182240|  960|
+---------------------+---------+------+---------+---------+-----+
|Utilization (%)      |        0|     0|       ~0|       ~0|    0|
+---------------------+---------+------+---------+---------+-----+

+ Detail: 
    * Instance: 
    +--------------------------+---------------------+---------+----+-----+-----+-----+
    |         Instance         |        Module       | BRAM_18K| DSP|  FF | LUT | URAM|
    +--------------------------+---------------------+---------+----+-----+-----+-----+
    |mul_4ns_7ns_10_1_1_U688   |mul_4ns_7ns_10_1_1   |        0|   0|    0|   33|    0|
    |mul_8ns_10ns_17_1_1_U689  |mul_8ns_10ns_17_1_1  |        0|   0|    0|   62|    0|
    |mul_8ns_10ns_17_1_1_U690  |mul_8ns_10ns_17_1_1  |        0|   0|    0|   62|    0|
    |mul_8ns_10ns_17_1_1_U691  |mul_8ns_10ns_17_1_1  |        0|   0|    0|   62|    0|
    |mul_8ns_10ns_17_1_1_U692  |mul_8ns_10ns_17_1_1  |        0|   0|    0|   62|    0|
    |urem_8ns_4ns_3_12_1_U687  |urem_8ns_4ns_3_12_1  |        0|   0|  189|  106|    0|
    +--------------------------+---------------------+---------+----+-----+-----+-----+
    |Total                     |                     |        0|   0|  189|  387|    0|
    +--------------------------+---------------------+---------+----+-----+-----+-----+

    * DSP: 
    N/A

    * Memory: 
    N/A

    * FIFO: 
    N/A

    * Expression: 
    +---------------------------+----------+----+---+----+------------+------------+
    |       Variable Name       | Operation| DSP| FF| LUT| Bitwidth P0| Bitwidth P1|
    +---------------------------+----------+----+---+----+------------+------------+
    |add_ln15_1_fu_3384_p2      |         +|   0|  0|  15|           8|           1|
    |add_ln15_fu_3311_p2        |         +|   0|  0|  21|          14|           1|
    |add_ln16_1_fu_3346_p2      |         +|   0|  0|  13|           6|           1|
    |add_ln16_fu_3340_p2        |         +|   0|  0|  15|           8|           3|
    |add_ln19_fu_3561_p2        |         +|   0|  0|  17|          10|          10|
    |add_ln20_fu_3985_p2        |         +|   0|  0|  17|          10|          10|
    |add_ln21_fu_4077_p2        |         +|   0|  0|  17|          10|          10|
    |add_ln22_fu_4169_p2        |         +|   0|  0|  17|          10|          10|
    |ap_block_pp0_stage0_11001  |       and|   0|  0|   2|           1|           1|
    |ap_condition_1945          |       and|   0|  0|   2|           1|           1|
    |ap_condition_1948          |       and|   0|  0|   2|           1|           1|
    |ap_condition_1953          |       and|   0|  0|   2|           1|           1|
    |ap_condition_1956          |       and|   0|  0|   2|           1|           1|
    |ap_condition_1959          |       and|   0|  0|   2|           1|           1|
    |ap_condition_1962          |       and|   0|  0|   2|           1|           1|
    |ap_condition_1965          |       and|   0|  0|   2|           1|           1|
    |ap_condition_1968          |       and|   0|  0|   2|           1|           1|
    |ap_condition_1971          |       and|   0|  0|   2|           1|           1|
    |ap_condition_1974          |       and|   0|  0|   2|           1|           1|
    |ap_condition_1977          |       and|   0|  0|   2|           1|           1|
    |ap_condition_1980          |       and|   0|  0|   2|           1|           1|
    |ap_condition_1983          |       and|   0|  0|   2|           1|           1|
    |ap_condition_1986          |       and|   0|  0|   2|           1|           1|
    |ap_condition_1989          |       and|   0|  0|   2|           1|           1|
    |ap_condition_1992          |       and|   0|  0|   2|           1|           1|
    |ap_condition_1995          |       and|   0|  0|   2|           1|           1|
    |icmp_ln15_fu_3305_p2       |      icmp|   0|  0|  21|          14|          13|
    |icmp_ln16_fu_3320_p2       |      icmp|   0|  0|  13|           6|           4|
    |or_ln16_1_fu_3426_p2       |        or|   0|  0|   8|           8|           2|
    |or_ln16_2_fu_3431_p2       |        or|   0|  0|   8|           8|           1|
    |or_ln16_fu_3421_p2         |        or|   0|  0|   8|           8|           2|
    |select_ln15_1_fu_3390_p3   |    select|   0|  0|   8|           1|           8|
    |select_ln15_fu_3326_p3     |    select|   0|  0|   8|           1|           1|
    |select_ln16_fu_3352_p3     |    select|   0|  0|   6|           1|           1|
    |ap_enable_pp0              |       xor|   0|  0|   2|           1|           2|
    +---------------------------+----------+----+---+----+------------+------------+
    |Total                      |          |   0|  0| 250|         142|          98|
    +---------------------------+----------+----+---+----+------------+------------+

    * Multiplexer: 
    +--------------------------------------+----+-----------+-----+-----------+
    |                 Name                 | LUT| Input Size| Bits| Total Bits|
    +--------------------------------------+----+-----------+-----+-----------+
    |ap_done_int                           |   9|          2|    1|          2|
    |ap_enable_reg_pp0_iter1               |   9|          2|    1|          2|
    |ap_sig_allocacmp_i2_load              |   9|          2|    8|         16|
    |ap_sig_allocacmp_indvar_flatten_load  |   9|          2|   14|         28|
    |ap_sig_allocacmp_indvar_load          |   9|          2|    6|         12|
    |i1_fu_296                             |   9|          2|    8|         16|
    |i2_fu_288                             |   9|          2|    8|         16|
    |indvar_flatten_fu_300                 |   9|          2|   14|         28|
    |indvar_fu_292                         |   9|          2|    6|         12|
    |input_0_0_address0                    |  26|          5|   10|         50|
    |input_0_0_d0                          |  26|          5|   32|        160|
    |input_0_1_address0                    |  26|          5|   10|         50|
    |input_0_1_d0                          |  26|          5|   32|        160|
    |input_0_2_address0                    |  26|          5|   10|         50|
    |input_0_2_d0                          |  26|          5|   32|        160|
    |input_0_3_address0                    |  26|          5|   10|         50|
    |input_0_3_d0                          |  26|          5|   32|        160|
    |input_0_4_address0                    |  26|          5|   10|         50|
    |input_0_4_d0                          |  26|          5|   32|        160|
    |input_10_0_address0                   |  26|          5|   10|         50|
    |input_10_0_d0                         |  26|          5|   32|        160|
    |input_10_1_address0                   |  26|          5|   10|         50|
    |input_10_1_d0                         |  26|          5|   32|        160|
    |input_10_2_address0                   |  26|          5|   10|         50|
    |input_10_2_d0                         |  26|          5|   32|        160|
    |input_10_3_address0                   |  26|          5|   10|         50|
    |input_10_3_d0                         |  26|          5|   32|        160|
    |input_10_4_address0                   |  26|          5|   10|         50|
    |input_10_4_d0                         |  26|          5|   32|        160|
    |input_11_0_address0                   |  26|          5|   10|         50|
    |input_11_0_d0                         |  26|          5|   32|        160|
    |input_11_1_address0                   |  26|          5|   10|         50|
    |input_11_1_d0                         |  26|          5|   32|        160|
    |input_11_2_address0                   |  26|          5|   10|         50|
    |input_11_2_d0                         |  26|          5|   32|        160|
    |input_11_3_address0                   |  26|          5|   10|         50|
    |input_11_3_d0                         |  26|          5|   32|        160|
    |input_11_4_address0                   |  26|          5|   10|         50|
    |input_11_4_d0                         |  26|          5|   32|        160|
    |input_12_0_address0                   |  26|          5|   10|         50|
    |input_12_0_d0                         |  26|          5|   32|        160|
    |input_12_1_address0                   |  26|          5|   10|         50|
    |input_12_1_d0                         |  26|          5|   32|        160|
    |input_12_2_address0                   |  26|          5|   10|         50|
    |input_12_2_d0                         |  26|          5|   32|        160|
    |input_12_3_address0                   |  26|          5|   10|         50|
    |input_12_3_d0                         |  26|          5|   32|        160|
    |input_12_4_address0                   |  26|          5|   10|         50|
    |input_12_4_d0                         |  26|          5|   32|        160|
    |input_13_0_address0                   |  26|          5|   10|         50|
    |input_13_0_d0                         |  26|          5|   32|        160|
    |input_13_1_address0                   |  26|          5|   10|         50|
    |input_13_1_d0                         |  26|          5|   32|        160|
    |input_13_2_address0                   |  26|          5|   10|         50|
    |input_13_2_d0                         |  26|          5|   32|        160|
    |input_13_3_address0                   |  26|          5|   10|         50|
    |input_13_3_d0                         |  26|          5|   32|        160|
    |input_13_4_address0                   |  26|          5|   10|         50|
    |input_13_4_d0                         |  26|          5|   32|        160|
    |input_14_0_address0                   |  26|          5|   10|         50|
    |input_14_0_d0                         |  26|          5|   32|        160|
    |input_14_1_address0                   |  26|          5|   10|         50|
    |input_14_1_d0                         |  26|          5|   32|        160|
    |input_14_2_address0                   |  26|          5|   10|         50|
    |input_14_2_d0                         |  26|          5|   32|        160|
    |input_14_3_address0                   |  26|          5|   10|         50|
    |input_14_3_d0                         |  26|          5|   32|        160|
    |input_14_4_address0                   |  26|          5|   10|         50|
    |input_14_4_d0                         |  26|          5|   32|        160|
    |input_15_0_address0                   |  26|          5|   10|         50|
    |input_15_0_d0                         |  26|          5|   32|        160|
    |input_15_1_address0                   |  26|          5|   10|         50|
    |input_15_1_d0                         |  26|          5|   32|        160|
    |input_15_2_address0                   |  26|          5|   10|         50|
    |input_15_2_d0                         |  26|          5|   32|        160|
    |input_15_3_address0                   |  26|          5|   10|         50|
    |input_15_3_d0                         |  26|          5|   32|        160|
    |input_15_4_address0                   |  26|          5|   10|         50|
    |input_15_4_d0                         |  26|          5|   32|        160|
    |input_1_0_address0                    |  26|          5|   10|         50|
    |input_1_0_d0                          |  26|          5|   32|        160|
    |input_1_1_address0                    |  26|          5|   10|         50|
    |input_1_1_d0                          |  26|          5|   32|        160|
    |input_1_2_address0                    |  26|          5|   10|         50|
    |input_1_2_d0                          |  26|          5|   32|        160|
    |input_1_3_address0                    |  26|          5|   10|         50|
    |input_1_3_d0                          |  26|          5|   32|        160|
    |input_1_4_address0                    |  26|          5|   10|         50|
    |input_1_4_d0                          |  26|          5|   32|        160|
    |input_2_0_address0                    |  26|          5|   10|         50|
    |input_2_0_d0                          |  26|          5|   32|        160|
    |input_2_1_address0                    |  26|          5|   10|         50|
    |input_2_1_d0                          |  26|          5|   32|        160|
    |input_2_2_address0                    |  26|          5|   10|         50|
    |input_2_2_d0                          |  26|          5|   32|        160|
    |input_2_3_address0                    |  26|          5|   10|         50|
    |input_2_3_d0                          |  26|          5|   32|        160|
    |input_2_4_address0                    |  26|          5|   10|         50|
    |input_2_4_d0                          |  26|          5|   32|        160|
    |input_3_0_address0                    |  26|          5|   10|         50|
    |input_3_0_d0                          |  26|          5|   32|        160|
    |input_3_1_address0                    |  26|          5|   10|         50|
    |input_3_1_d0                          |  26|          5|   32|        160|
    |input_3_2_address0                    |  26|          5|   10|         50|
    |input_3_2_d0                          |  26|          5|   32|        160|
    |input_3_3_address0                    |  26|          5|   10|         50|
    |input_3_3_d0                          |  26|          5|   32|        160|
    |input_3_4_address0                    |  26|          5|   10|         50|
    |input_3_4_d0                          |  26|          5|   32|        160|
    |input_4_0_address0                    |  26|          5|   10|         50|
    |input_4_0_d0                          |  26|          5|   32|        160|
    |input_4_1_address0                    |  26|          5|   10|         50|
    |input_4_1_d0                          |  26|          5|   32|        160|
    |input_4_2_address0                    |  26|          5|   10|         50|
    |input_4_2_d0                          |  26|          5|   32|        160|
    |input_4_3_address0                    |  26|          5|   10|         50|
    |input_4_3_d0                          |  26|          5|   32|        160|
    |input_4_4_address0                    |  26|          5|   10|         50|
    |input_4_4_d0                          |  26|          5|   32|        160|
    |input_5_0_address0                    |  26|          5|   10|         50|
    |input_5_0_d0                          |  26|          5|   32|        160|
    |input_5_1_address0                    |  26|          5|   10|         50|
    |input_5_1_d0                          |  26|          5|   32|        160|
    |input_5_2_address0                    |  26|          5|   10|         50|
    |input_5_2_d0                          |  26|          5|   32|        160|
    |input_5_3_address0                    |  26|          5|   10|         50|
    |input_5_3_d0                          |  26|          5|   32|        160|
    |input_5_4_address0                    |  26|          5|   10|         50|
    |input_5_4_d0                          |  26|          5|   32|        160|
    |input_6_0_address0                    |  26|          5|   10|         50|
    |input_6_0_d0                          |  26|          5|   32|        160|
    |input_6_1_address0                    |  26|          5|   10|         50|
    |input_6_1_d0                          |  26|          5|   32|        160|
    |input_6_2_address0                    |  26|          5|   10|         50|
    |input_6_2_d0                          |  26|          5|   32|        160|
    |input_6_3_address0                    |  26|          5|   10|         50|
    |input_6_3_d0                          |  26|          5|   32|        160|
    |input_6_4_address0                    |  26|          5|   10|         50|
    |input_6_4_d0                          |  26|          5|   32|        160|
    |input_7_0_address0                    |  26|          5|   10|         50|
    |input_7_0_d0                          |  26|          5|   32|        160|
    |input_7_1_address0                    |  26|          5|   10|         50|
    |input_7_1_d0                          |  26|          5|   32|        160|
    |input_7_2_address0                    |  26|          5|   10|         50|
    |input_7_2_d0                          |  26|          5|   32|        160|
    |input_7_3_address0                    |  26|          5|   10|         50|
    |input_7_3_d0                          |  26|          5|   32|        160|
    |input_7_4_address0                    |  26|          5|   10|         50|
    |input_7_4_d0                          |  26|          5|   32|        160|
    |input_8_0_address0                    |  26|          5|   10|         50|
    |input_8_0_d0                          |  26|          5|   32|        160|
    |input_8_1_address0                    |  26|          5|   10|         50|
    |input_8_1_d0                          |  26|          5|   32|        160|
    |input_8_2_address0                    |  26|          5|   10|         50|
    |input_8_2_d0                          |  26|          5|   32|        160|
    |input_8_3_address0                    |  26|          5|   10|         50|
    |input_8_3_d0                          |  26|          5|   32|        160|
    |input_8_4_address0                    |  26|          5|   10|         50|
    |input_8_4_d0                          |  26|          5|   32|        160|
    |input_9_0_address0                    |  26|          5|   10|         50|
    |input_9_0_d0                          |  26|          5|   32|        160|
    |input_9_1_address0                    |  26|          5|   10|         50|
    |input_9_1_d0                          |  26|          5|   32|        160|
    |input_9_2_address0                    |  26|          5|   10|         50|
    |input_9_2_d0                          |  26|          5|   32|        160|
    |input_9_3_address0                    |  26|          5|   10|         50|
    |input_9_3_d0                          |  26|          5|   32|        160|
    |input_9_4_address0                    |  26|          5|   10|         50|
    |input_9_4_d0                          |  26|          5|   32|        160|
    |kernel_input_blk_n_R                  |   9|          2|    1|          2|
    +--------------------------------------+----+-----------+-----+-----------+
    |Total                                 |4250|        820| 3427|      16934|
    +--------------------------------------+----+-----------+-----+-----------+

    * Register: 
    +-----------------------------------+----+----+-----+-----------+
    |                Name               | FF | LUT| Bits| Const Bits|
    +-----------------------------------+----+----+-----+-----------+
    |ap_CS_fsm                          |   1|   0|    1|          0|
    |ap_done_reg                        |   1|   0|    1|          0|
    |ap_enable_reg_pp0_iter1            |   1|   0|    1|          0|
    |ap_enable_reg_pp0_iter10           |   1|   0|    1|          0|
    |ap_enable_reg_pp0_iter11           |   1|   0|    1|          0|
    |ap_enable_reg_pp0_iter12           |   1|   0|    1|          0|
    |ap_enable_reg_pp0_iter2            |   1|   0|    1|          0|
    |ap_enable_reg_pp0_iter3            |   1|   0|    1|          0|
    |ap_enable_reg_pp0_iter4            |   1|   0|    1|          0|
    |ap_enable_reg_pp0_iter5            |   1|   0|    1|          0|
    |ap_enable_reg_pp0_iter6            |   1|   0|    1|          0|
    |ap_enable_reg_pp0_iter7            |   1|   0|    1|          0|
    |ap_enable_reg_pp0_iter8            |   1|   0|    1|          0|
    |ap_enable_reg_pp0_iter9            |   1|   0|    1|          0|
    |ap_loop_exit_ready_pp0_iter10_reg  |   1|   0|    1|          0|
    |ap_loop_exit_ready_pp0_iter11_reg  |   1|   0|    1|          0|
    |ap_loop_exit_ready_pp0_iter1_reg   |   1|   0|    1|          0|
    |ap_loop_exit_ready_pp0_iter2_reg   |   1|   0|    1|          0|
    |ap_loop_exit_ready_pp0_iter3_reg   |   1|   0|    1|          0|
    |ap_loop_exit_ready_pp0_iter4_reg   |   1|   0|    1|          0|
    |ap_loop_exit_ready_pp0_iter5_reg   |   1|   0|    1|          0|
    |ap_loop_exit_ready_pp0_iter6_reg   |   1|   0|    1|          0|
    |ap_loop_exit_ready_pp0_iter7_reg   |   1|   0|    1|          0|
    |ap_loop_exit_ready_pp0_iter8_reg   |   1|   0|    1|          0|
    |ap_loop_exit_ready_pp0_iter9_reg   |   1|   0|    1|          0|
    |i1_fu_296                          |   8|   0|    8|          0|
    |i2_fu_288                          |   8|   0|    8|          0|
    |icmp_ln16_reg_4295                 |   1|   0|    1|          0|
    |indvar_flatten_fu_300              |  14|   0|   14|          0|
    |indvar_fu_292                      |   6|   0|    6|          0|
    |mul_ln19_reg_4313                  |  10|   0|   10|          0|
    |select_ln15_reg_4300               |   8|   0|    8|          0|
    |tmp_1025_reg_4350                  |   6|   0|    6|          0|
    |tmp_1026_reg_4355                  |   6|   0|    6|          0|
    |tmp_1027_reg_4360                  |   6|   0|    6|          0|
    |tmp_reg_4321                       |   6|   0|    6|          0|
    |trunc_ln15_reg_4309                |   4|   0|    4|          0|
    |trunc_ln16_reg_4326                |   3|   0|    3|          0|
    |trunc_ln18_1_reg_4335              |  32|   0|   32|          0|
    |trunc_ln18_2_reg_4340              |  32|   0|   32|          0|
    |trunc_ln18_3_reg_4345              |  32|   0|   32|          0|
    |trunc_ln18_reg_4330                |  32|   0|   32|          0|
    |icmp_ln16_reg_4295                 |  64|  32|    1|          0|
    |select_ln15_reg_4300               |  64|  32|    8|          0|
    +-----------------------------------+----+----+-----+-----------+
    |Total                              | 367|  64|  248|          0|
    +-----------------------------------+----+----+-----+-----------+



================================================================
== Interface
================================================================
* Summary: 
+-----------------------------+-----+-----+------------+--------------------------------------------------------+--------------+
|          RTL Ports          | Dir | Bits|  Protocol  |                      Source Object                     |    C Type    |
+-----------------------------+-----+-----+------------+--------------------------------------------------------+--------------+
|ap_clk                       |   in|    1|  ap_ctrl_hs|  load_input_S0_Pipeline_VITIS_LOOP_15_2_VITIS_LOOP_16_3|  return value|
|ap_rst                       |   in|    1|  ap_ctrl_hs|  load_input_S0_Pipeline_VITIS_LOOP_15_2_VITIS_LOOP_16_3|  return value|
|ap_start                     |   in|    1|  ap_ctrl_hs|  load_input_S0_Pipeline_VITIS_LOOP_15_2_VITIS_LOOP_16_3|  return value|
|ap_done                      |  out|    1|  ap_ctrl_hs|  load_input_S0_Pipeline_VITIS_LOOP_15_2_VITIS_LOOP_16_3|  return value|
|ap_idle                      |  out|    1|  ap_ctrl_hs|  load_input_S0_Pipeline_VITIS_LOOP_15_2_VITIS_LOOP_16_3|  return value|
|ap_ready                     |  out|    1|  ap_ctrl_hs|  load_input_S0_Pipeline_VITIS_LOOP_15_2_VITIS_LOOP_16_3|  return value|
|m_axi_kernel_input_AWVALID   |  out|    1|       m_axi|                                            kernel_input|       pointer|
|m_axi_kernel_input_AWREADY   |   in|    1|       m_axi|                                            kernel_input|       pointer|
|m_axi_kernel_input_AWADDR    |  out|   64|       m_axi|                                            kernel_input|       pointer|
|m_axi_kernel_input_AWID      |  out|    1|       m_axi|                                            kernel_input|       pointer|
|m_axi_kernel_input_AWLEN     |  out|   32|       m_axi|                                            kernel_input|       pointer|
|m_axi_kernel_input_AWSIZE    |  out|    3|       m_axi|                                            kernel_input|       pointer|
|m_axi_kernel_input_AWBURST   |  out|    2|       m_axi|                                            kernel_input|       pointer|
|m_axi_kernel_input_AWLOCK    |  out|    2|       m_axi|                                            kernel_input|       pointer|
|m_axi_kernel_input_AWCACHE   |  out|    4|       m_axi|                                            kernel_input|       pointer|
|m_axi_kernel_input_AWPROT    |  out|    3|       m_axi|                                            kernel_input|       pointer|
|m_axi_kernel_input_AWQOS     |  out|    4|       m_axi|                                            kernel_input|       pointer|
|m_axi_kernel_input_AWREGION  |  out|    4|       m_axi|                                            kernel_input|       pointer|
|m_axi_kernel_input_AWUSER    |  out|    1|       m_axi|                                            kernel_input|       pointer|
|m_axi_kernel_input_WVALID    |  out|    1|       m_axi|                                            kernel_input|       pointer|
|m_axi_kernel_input_WREADY    |   in|    1|       m_axi|                                            kernel_input|       pointer|
|m_axi_kernel_input_WDATA     |  out|  128|       m_axi|                                            kernel_input|       pointer|
|m_axi_kernel_input_WSTRB     |  out|   16|       m_axi|                                            kernel_input|       pointer|
|m_axi_kernel_input_WLAST     |  out|    1|       m_axi|                                            kernel_input|       pointer|
|m_axi_kernel_input_WID       |  out|    1|       m_axi|                                            kernel_input|       pointer|
|m_axi_kernel_input_WUSER     |  out|    1|       m_axi|                                            kernel_input|       pointer|
|m_axi_kernel_input_ARVALID   |  out|    1|       m_axi|                                            kernel_input|       pointer|
|m_axi_kernel_input_ARREADY   |   in|    1|       m_axi|                                            kernel_input|       pointer|
|m_axi_kernel_input_ARADDR    |  out|   64|       m_axi|                                            kernel_input|       pointer|
|m_axi_kernel_input_ARID      |  out|    1|       m_axi|                                            kernel_input|       pointer|
|m_axi_kernel_input_ARLEN     |  out|   32|       m_axi|                                            kernel_input|       pointer|
|m_axi_kernel_input_ARSIZE    |  out|    3|       m_axi|                                            kernel_input|       pointer|
|m_axi_kernel_input_ARBURST   |  out|    2|       m_axi|                                            kernel_input|       pointer|
|m_axi_kernel_input_ARLOCK    |  out|    2|       m_axi|                                            kernel_input|       pointer|
|m_axi_kernel_input_ARCACHE   |  out|    4|       m_axi|                                            kernel_input|       pointer|
|m_axi_kernel_input_ARPROT    |  out|    3|       m_axi|                                            kernel_input|       pointer|
|m_axi_kernel_input_ARQOS     |  out|    4|       m_axi|                                            kernel_input|       pointer|
|m_axi_kernel_input_ARREGION  |  out|    4|       m_axi|                                            kernel_input|       pointer|
|m_axi_kernel_input_ARUSER    |  out|    1|       m_axi|                                            kernel_input|       pointer|
|m_axi_kernel_input_RVALID    |   in|    1|       m_axi|                                            kernel_input|       pointer|
|m_axi_kernel_input_RREADY    |  out|    1|       m_axi|                                            kernel_input|       pointer|
|m_axi_kernel_input_RDATA     |   in|  128|       m_axi|                                            kernel_input|       pointer|
|m_axi_kernel_input_RLAST     |   in|    1|       m_axi|                                            kernel_input|       pointer|
|m_axi_kernel_input_RID       |   in|    1|       m_axi|                                            kernel_input|       pointer|
|m_axi_kernel_input_RFIFONUM  |   in|    9|       m_axi|                                            kernel_input|       pointer|
|m_axi_kernel_input_RUSER     |   in|    1|       m_axi|                                            kernel_input|       pointer|
|m_axi_kernel_input_RRESP     |   in|    2|       m_axi|                                            kernel_input|       pointer|
|m_axi_kernel_input_BVALID    |   in|    1|       m_axi|                                            kernel_input|       pointer|
|m_axi_kernel_input_BREADY    |  out|    1|       m_axi|                                            kernel_input|       pointer|
|m_axi_kernel_input_BRESP     |   in|    2|       m_axi|                                            kernel_input|       pointer|
|m_axi_kernel_input_BID       |   in|    1|       m_axi|                                            kernel_input|       pointer|
|m_axi_kernel_input_BUSER     |   in|    1|       m_axi|                                            kernel_input|       pointer|
|sext_ln15                    |   in|   60|     ap_none|                                               sext_ln15|        scalar|
|input_0_0_address0           |  out|   10|   ap_memory|                                               input_0_0|         array|
|input_0_0_ce0                |  out|    1|   ap_memory|                                               input_0_0|         array|
|input_0_0_we0                |  out|    1|   ap_memory|                                               input_0_0|         array|
|input_0_0_d0                 |  out|   32|   ap_memory|                                               input_0_0|         array|
|input_0_1_address0           |  out|   10|   ap_memory|                                               input_0_1|         array|
|input_0_1_ce0                |  out|    1|   ap_memory|                                               input_0_1|         array|
|input_0_1_we0                |  out|    1|   ap_memory|                                               input_0_1|         array|
|input_0_1_d0                 |  out|   32|   ap_memory|                                               input_0_1|         array|
|input_0_2_address0           |  out|   10|   ap_memory|                                               input_0_2|         array|
|input_0_2_ce0                |  out|    1|   ap_memory|                                               input_0_2|         array|
|input_0_2_we0                |  out|    1|   ap_memory|                                               input_0_2|         array|
|input_0_2_d0                 |  out|   32|   ap_memory|                                               input_0_2|         array|
|input_0_3_address0           |  out|   10|   ap_memory|                                               input_0_3|         array|
|input_0_3_ce0                |  out|    1|   ap_memory|                                               input_0_3|         array|
|input_0_3_we0                |  out|    1|   ap_memory|                                               input_0_3|         array|
|input_0_3_d0                 |  out|   32|   ap_memory|                                               input_0_3|         array|
|input_0_4_address0           |  out|   10|   ap_memory|                                               input_0_4|         array|
|input_0_4_ce0                |  out|    1|   ap_memory|                                               input_0_4|         array|
|input_0_4_we0                |  out|    1|   ap_memory|                                               input_0_4|         array|
|input_0_4_d0                 |  out|   32|   ap_memory|                                               input_0_4|         array|
|input_1_0_address0           |  out|   10|   ap_memory|                                               input_1_0|         array|
|input_1_0_ce0                |  out|    1|   ap_memory|                                               input_1_0|         array|
|input_1_0_we0                |  out|    1|   ap_memory|                                               input_1_0|         array|
|input_1_0_d0                 |  out|   32|   ap_memory|                                               input_1_0|         array|
|input_1_1_address0           |  out|   10|   ap_memory|                                               input_1_1|         array|
|input_1_1_ce0                |  out|    1|   ap_memory|                                               input_1_1|         array|
|input_1_1_we0                |  out|    1|   ap_memory|                                               input_1_1|         array|
|input_1_1_d0                 |  out|   32|   ap_memory|                                               input_1_1|         array|
|input_1_2_address0           |  out|   10|   ap_memory|                                               input_1_2|         array|
|input_1_2_ce0                |  out|    1|   ap_memory|                                               input_1_2|         array|
|input_1_2_we0                |  out|    1|   ap_memory|                                               input_1_2|         array|
|input_1_2_d0                 |  out|   32|   ap_memory|                                               input_1_2|         array|
|input_1_3_address0           |  out|   10|   ap_memory|                                               input_1_3|         array|
|input_1_3_ce0                |  out|    1|   ap_memory|                                               input_1_3|         array|
|input_1_3_we0                |  out|    1|   ap_memory|                                               input_1_3|         array|
|input_1_3_d0                 |  out|   32|   ap_memory|                                               input_1_3|         array|
|input_1_4_address0           |  out|   10|   ap_memory|                                               input_1_4|         array|
|input_1_4_ce0                |  out|    1|   ap_memory|                                               input_1_4|         array|
|input_1_4_we0                |  out|    1|   ap_memory|                                               input_1_4|         array|
|input_1_4_d0                 |  out|   32|   ap_memory|                                               input_1_4|         array|
|input_2_0_address0           |  out|   10|   ap_memory|                                               input_2_0|         array|
|input_2_0_ce0                |  out|    1|   ap_memory|                                               input_2_0|         array|
|input_2_0_we0                |  out|    1|   ap_memory|                                               input_2_0|         array|
|input_2_0_d0                 |  out|   32|   ap_memory|                                               input_2_0|         array|
|input_2_1_address0           |  out|   10|   ap_memory|                                               input_2_1|         array|
|input_2_1_ce0                |  out|    1|   ap_memory|                                               input_2_1|         array|
|input_2_1_we0                |  out|    1|   ap_memory|                                               input_2_1|         array|
|input_2_1_d0                 |  out|   32|   ap_memory|                                               input_2_1|         array|
|input_2_2_address0           |  out|   10|   ap_memory|                                               input_2_2|         array|
|input_2_2_ce0                |  out|    1|   ap_memory|                                               input_2_2|         array|
|input_2_2_we0                |  out|    1|   ap_memory|                                               input_2_2|         array|
|input_2_2_d0                 |  out|   32|   ap_memory|                                               input_2_2|         array|
|input_2_3_address0           |  out|   10|   ap_memory|                                               input_2_3|         array|
|input_2_3_ce0                |  out|    1|   ap_memory|                                               input_2_3|         array|
|input_2_3_we0                |  out|    1|   ap_memory|                                               input_2_3|         array|
|input_2_3_d0                 |  out|   32|   ap_memory|                                               input_2_3|         array|
|input_2_4_address0           |  out|   10|   ap_memory|                                               input_2_4|         array|
|input_2_4_ce0                |  out|    1|   ap_memory|                                               input_2_4|         array|
|input_2_4_we0                |  out|    1|   ap_memory|                                               input_2_4|         array|
|input_2_4_d0                 |  out|   32|   ap_memory|                                               input_2_4|         array|
|input_3_0_address0           |  out|   10|   ap_memory|                                               input_3_0|         array|
|input_3_0_ce0                |  out|    1|   ap_memory|                                               input_3_0|         array|
|input_3_0_we0                |  out|    1|   ap_memory|                                               input_3_0|         array|
|input_3_0_d0                 |  out|   32|   ap_memory|                                               input_3_0|         array|
|input_3_1_address0           |  out|   10|   ap_memory|                                               input_3_1|         array|
|input_3_1_ce0                |  out|    1|   ap_memory|                                               input_3_1|         array|
|input_3_1_we0                |  out|    1|   ap_memory|                                               input_3_1|         array|
|input_3_1_d0                 |  out|   32|   ap_memory|                                               input_3_1|         array|
|input_3_2_address0           |  out|   10|   ap_memory|                                               input_3_2|         array|
|input_3_2_ce0                |  out|    1|   ap_memory|                                               input_3_2|         array|
|input_3_2_we0                |  out|    1|   ap_memory|                                               input_3_2|         array|
|input_3_2_d0                 |  out|   32|   ap_memory|                                               input_3_2|         array|
|input_3_3_address0           |  out|   10|   ap_memory|                                               input_3_3|         array|
|input_3_3_ce0                |  out|    1|   ap_memory|                                               input_3_3|         array|
|input_3_3_we0                |  out|    1|   ap_memory|                                               input_3_3|         array|
|input_3_3_d0                 |  out|   32|   ap_memory|                                               input_3_3|         array|
|input_3_4_address0           |  out|   10|   ap_memory|                                               input_3_4|         array|
|input_3_4_ce0                |  out|    1|   ap_memory|                                               input_3_4|         array|
|input_3_4_we0                |  out|    1|   ap_memory|                                               input_3_4|         array|
|input_3_4_d0                 |  out|   32|   ap_memory|                                               input_3_4|         array|
|input_4_0_address0           |  out|   10|   ap_memory|                                               input_4_0|         array|
|input_4_0_ce0                |  out|    1|   ap_memory|                                               input_4_0|         array|
|input_4_0_we0                |  out|    1|   ap_memory|                                               input_4_0|         array|
|input_4_0_d0                 |  out|   32|   ap_memory|                                               input_4_0|         array|
|input_4_1_address0           |  out|   10|   ap_memory|                                               input_4_1|         array|
|input_4_1_ce0                |  out|    1|   ap_memory|                                               input_4_1|         array|
|input_4_1_we0                |  out|    1|   ap_memory|                                               input_4_1|         array|
|input_4_1_d0                 |  out|   32|   ap_memory|                                               input_4_1|         array|
|input_4_2_address0           |  out|   10|   ap_memory|                                               input_4_2|         array|
|input_4_2_ce0                |  out|    1|   ap_memory|                                               input_4_2|         array|
|input_4_2_we0                |  out|    1|   ap_memory|                                               input_4_2|         array|
|input_4_2_d0                 |  out|   32|   ap_memory|                                               input_4_2|         array|
|input_4_3_address0           |  out|   10|   ap_memory|                                               input_4_3|         array|
|input_4_3_ce0                |  out|    1|   ap_memory|                                               input_4_3|         array|
|input_4_3_we0                |  out|    1|   ap_memory|                                               input_4_3|         array|
|input_4_3_d0                 |  out|   32|   ap_memory|                                               input_4_3|         array|
|input_4_4_address0           |  out|   10|   ap_memory|                                               input_4_4|         array|
|input_4_4_ce0                |  out|    1|   ap_memory|                                               input_4_4|         array|
|input_4_4_we0                |  out|    1|   ap_memory|                                               input_4_4|         array|
|input_4_4_d0                 |  out|   32|   ap_memory|                                               input_4_4|         array|
|input_5_0_address0           |  out|   10|   ap_memory|                                               input_5_0|         array|
|input_5_0_ce0                |  out|    1|   ap_memory|                                               input_5_0|         array|
|input_5_0_we0                |  out|    1|   ap_memory|                                               input_5_0|         array|
|input_5_0_d0                 |  out|   32|   ap_memory|                                               input_5_0|         array|
|input_5_1_address0           |  out|   10|   ap_memory|                                               input_5_1|         array|
|input_5_1_ce0                |  out|    1|   ap_memory|                                               input_5_1|         array|
|input_5_1_we0                |  out|    1|   ap_memory|                                               input_5_1|         array|
|input_5_1_d0                 |  out|   32|   ap_memory|                                               input_5_1|         array|
|input_5_2_address0           |  out|   10|   ap_memory|                                               input_5_2|         array|
|input_5_2_ce0                |  out|    1|   ap_memory|                                               input_5_2|         array|
|input_5_2_we0                |  out|    1|   ap_memory|                                               input_5_2|         array|
|input_5_2_d0                 |  out|   32|   ap_memory|                                               input_5_2|         array|
|input_5_3_address0           |  out|   10|   ap_memory|                                               input_5_3|         array|
|input_5_3_ce0                |  out|    1|   ap_memory|                                               input_5_3|         array|
|input_5_3_we0                |  out|    1|   ap_memory|                                               input_5_3|         array|
|input_5_3_d0                 |  out|   32|   ap_memory|                                               input_5_3|         array|
|input_5_4_address0           |  out|   10|   ap_memory|                                               input_5_4|         array|
|input_5_4_ce0                |  out|    1|   ap_memory|                                               input_5_4|         array|
|input_5_4_we0                |  out|    1|   ap_memory|                                               input_5_4|         array|
|input_5_4_d0                 |  out|   32|   ap_memory|                                               input_5_4|         array|
|input_6_0_address0           |  out|   10|   ap_memory|                                               input_6_0|         array|
|input_6_0_ce0                |  out|    1|   ap_memory|                                               input_6_0|         array|
|input_6_0_we0                |  out|    1|   ap_memory|                                               input_6_0|         array|
|input_6_0_d0                 |  out|   32|   ap_memory|                                               input_6_0|         array|
|input_6_1_address0           |  out|   10|   ap_memory|                                               input_6_1|         array|
|input_6_1_ce0                |  out|    1|   ap_memory|                                               input_6_1|         array|
|input_6_1_we0                |  out|    1|   ap_memory|                                               input_6_1|         array|
|input_6_1_d0                 |  out|   32|   ap_memory|                                               input_6_1|         array|
|input_6_2_address0           |  out|   10|   ap_memory|                                               input_6_2|         array|
|input_6_2_ce0                |  out|    1|   ap_memory|                                               input_6_2|         array|
|input_6_2_we0                |  out|    1|   ap_memory|                                               input_6_2|         array|
|input_6_2_d0                 |  out|   32|   ap_memory|                                               input_6_2|         array|
|input_6_3_address0           |  out|   10|   ap_memory|                                               input_6_3|         array|
|input_6_3_ce0                |  out|    1|   ap_memory|                                               input_6_3|         array|
|input_6_3_we0                |  out|    1|   ap_memory|                                               input_6_3|         array|
|input_6_3_d0                 |  out|   32|   ap_memory|                                               input_6_3|         array|
|input_6_4_address0           |  out|   10|   ap_memory|                                               input_6_4|         array|
|input_6_4_ce0                |  out|    1|   ap_memory|                                               input_6_4|         array|
|input_6_4_we0                |  out|    1|   ap_memory|                                               input_6_4|         array|
|input_6_4_d0                 |  out|   32|   ap_memory|                                               input_6_4|         array|
|input_7_0_address0           |  out|   10|   ap_memory|                                               input_7_0|         array|
|input_7_0_ce0                |  out|    1|   ap_memory|                                               input_7_0|         array|
|input_7_0_we0                |  out|    1|   ap_memory|                                               input_7_0|         array|
|input_7_0_d0                 |  out|   32|   ap_memory|                                               input_7_0|         array|
|input_7_1_address0           |  out|   10|   ap_memory|                                               input_7_1|         array|
|input_7_1_ce0                |  out|    1|   ap_memory|                                               input_7_1|         array|
|input_7_1_we0                |  out|    1|   ap_memory|                                               input_7_1|         array|
|input_7_1_d0                 |  out|   32|   ap_memory|                                               input_7_1|         array|
|input_7_2_address0           |  out|   10|   ap_memory|                                               input_7_2|         array|
|input_7_2_ce0                |  out|    1|   ap_memory|                                               input_7_2|         array|
|input_7_2_we0                |  out|    1|   ap_memory|                                               input_7_2|         array|
|input_7_2_d0                 |  out|   32|   ap_memory|                                               input_7_2|         array|
|input_7_3_address0           |  out|   10|   ap_memory|                                               input_7_3|         array|
|input_7_3_ce0                |  out|    1|   ap_memory|                                               input_7_3|         array|
|input_7_3_we0                |  out|    1|   ap_memory|                                               input_7_3|         array|
|input_7_3_d0                 |  out|   32|   ap_memory|                                               input_7_3|         array|
|input_7_4_address0           |  out|   10|   ap_memory|                                               input_7_4|         array|
|input_7_4_ce0                |  out|    1|   ap_memory|                                               input_7_4|         array|
|input_7_4_we0                |  out|    1|   ap_memory|                                               input_7_4|         array|
|input_7_4_d0                 |  out|   32|   ap_memory|                                               input_7_4|         array|
|input_8_0_address0           |  out|   10|   ap_memory|                                               input_8_0|         array|
|input_8_0_ce0                |  out|    1|   ap_memory|                                               input_8_0|         array|
|input_8_0_we0                |  out|    1|   ap_memory|                                               input_8_0|         array|
|input_8_0_d0                 |  out|   32|   ap_memory|                                               input_8_0|         array|
|input_8_1_address0           |  out|   10|   ap_memory|                                               input_8_1|         array|
|input_8_1_ce0                |  out|    1|   ap_memory|                                               input_8_1|         array|
|input_8_1_we0                |  out|    1|   ap_memory|                                               input_8_1|         array|
|input_8_1_d0                 |  out|   32|   ap_memory|                                               input_8_1|         array|
|input_8_2_address0           |  out|   10|   ap_memory|                                               input_8_2|         array|
|input_8_2_ce0                |  out|    1|   ap_memory|                                               input_8_2|         array|
|input_8_2_we0                |  out|    1|   ap_memory|                                               input_8_2|         array|
|input_8_2_d0                 |  out|   32|   ap_memory|                                               input_8_2|         array|
|input_8_3_address0           |  out|   10|   ap_memory|                                               input_8_3|         array|
|input_8_3_ce0                |  out|    1|   ap_memory|                                               input_8_3|         array|
|input_8_3_we0                |  out|    1|   ap_memory|                                               input_8_3|         array|
|input_8_3_d0                 |  out|   32|   ap_memory|                                               input_8_3|         array|
|input_8_4_address0           |  out|   10|   ap_memory|                                               input_8_4|         array|
|input_8_4_ce0                |  out|    1|   ap_memory|                                               input_8_4|         array|
|input_8_4_we0                |  out|    1|   ap_memory|                                               input_8_4|         array|
|input_8_4_d0                 |  out|   32|   ap_memory|                                               input_8_4|         array|
|input_9_0_address0           |  out|   10|   ap_memory|                                               input_9_0|         array|
|input_9_0_ce0                |  out|    1|   ap_memory|                                               input_9_0|         array|
|input_9_0_we0                |  out|    1|   ap_memory|                                               input_9_0|         array|
|input_9_0_d0                 |  out|   32|   ap_memory|                                               input_9_0|         array|
|input_9_1_address0           |  out|   10|   ap_memory|                                               input_9_1|         array|
|input_9_1_ce0                |  out|    1|   ap_memory|                                               input_9_1|         array|
|input_9_1_we0                |  out|    1|   ap_memory|                                               input_9_1|         array|
|input_9_1_d0                 |  out|   32|   ap_memory|                                               input_9_1|         array|
|input_9_2_address0           |  out|   10|   ap_memory|                                               input_9_2|         array|
|input_9_2_ce0                |  out|    1|   ap_memory|                                               input_9_2|         array|
|input_9_2_we0                |  out|    1|   ap_memory|                                               input_9_2|         array|
|input_9_2_d0                 |  out|   32|   ap_memory|                                               input_9_2|         array|
|input_9_3_address0           |  out|   10|   ap_memory|                                               input_9_3|         array|
|input_9_3_ce0                |  out|    1|   ap_memory|                                               input_9_3|         array|
|input_9_3_we0                |  out|    1|   ap_memory|                                               input_9_3|         array|
|input_9_3_d0                 |  out|   32|   ap_memory|                                               input_9_3|         array|
|input_9_4_address0           |  out|   10|   ap_memory|                                               input_9_4|         array|
|input_9_4_ce0                |  out|    1|   ap_memory|                                               input_9_4|         array|
|input_9_4_we0                |  out|    1|   ap_memory|                                               input_9_4|         array|
|input_9_4_d0                 |  out|   32|   ap_memory|                                               input_9_4|         array|
|input_10_0_address0          |  out|   10|   ap_memory|                                              input_10_0|         array|
|input_10_0_ce0               |  out|    1|   ap_memory|                                              input_10_0|         array|
|input_10_0_we0               |  out|    1|   ap_memory|                                              input_10_0|         array|
|input_10_0_d0                |  out|   32|   ap_memory|                                              input_10_0|         array|
|input_10_1_address0          |  out|   10|   ap_memory|                                              input_10_1|         array|
|input_10_1_ce0               |  out|    1|   ap_memory|                                              input_10_1|         array|
|input_10_1_we0               |  out|    1|   ap_memory|                                              input_10_1|         array|
|input_10_1_d0                |  out|   32|   ap_memory|                                              input_10_1|         array|
|input_10_2_address0          |  out|   10|   ap_memory|                                              input_10_2|         array|
|input_10_2_ce0               |  out|    1|   ap_memory|                                              input_10_2|         array|
|input_10_2_we0               |  out|    1|   ap_memory|                                              input_10_2|         array|
|input_10_2_d0                |  out|   32|   ap_memory|                                              input_10_2|         array|
|input_10_3_address0          |  out|   10|   ap_memory|                                              input_10_3|         array|
|input_10_3_ce0               |  out|    1|   ap_memory|                                              input_10_3|         array|
|input_10_3_we0               |  out|    1|   ap_memory|                                              input_10_3|         array|
|input_10_3_d0                |  out|   32|   ap_memory|                                              input_10_3|         array|
|input_10_4_address0          |  out|   10|   ap_memory|                                              input_10_4|         array|
|input_10_4_ce0               |  out|    1|   ap_memory|                                              input_10_4|         array|
|input_10_4_we0               |  out|    1|   ap_memory|                                              input_10_4|         array|
|input_10_4_d0                |  out|   32|   ap_memory|                                              input_10_4|         array|
|input_11_0_address0          |  out|   10|   ap_memory|                                              input_11_0|         array|
|input_11_0_ce0               |  out|    1|   ap_memory|                                              input_11_0|         array|
|input_11_0_we0               |  out|    1|   ap_memory|                                              input_11_0|         array|
|input_11_0_d0                |  out|   32|   ap_memory|                                              input_11_0|         array|
|input_11_1_address0          |  out|   10|   ap_memory|                                              input_11_1|         array|
|input_11_1_ce0               |  out|    1|   ap_memory|                                              input_11_1|         array|
|input_11_1_we0               |  out|    1|   ap_memory|                                              input_11_1|         array|
|input_11_1_d0                |  out|   32|   ap_memory|                                              input_11_1|         array|
|input_11_2_address0          |  out|   10|   ap_memory|                                              input_11_2|         array|
|input_11_2_ce0               |  out|    1|   ap_memory|                                              input_11_2|         array|
|input_11_2_we0               |  out|    1|   ap_memory|                                              input_11_2|         array|
|input_11_2_d0                |  out|   32|   ap_memory|                                              input_11_2|         array|
|input_11_3_address0          |  out|   10|   ap_memory|                                              input_11_3|         array|
|input_11_3_ce0               |  out|    1|   ap_memory|                                              input_11_3|         array|
|input_11_3_we0               |  out|    1|   ap_memory|                                              input_11_3|         array|
|input_11_3_d0                |  out|   32|   ap_memory|                                              input_11_3|         array|
|input_11_4_address0          |  out|   10|   ap_memory|                                              input_11_4|         array|
|input_11_4_ce0               |  out|    1|   ap_memory|                                              input_11_4|         array|
|input_11_4_we0               |  out|    1|   ap_memory|                                              input_11_4|         array|
|input_11_4_d0                |  out|   32|   ap_memory|                                              input_11_4|         array|
|input_12_0_address0          |  out|   10|   ap_memory|                                              input_12_0|         array|
|input_12_0_ce0               |  out|    1|   ap_memory|                                              input_12_0|         array|
|input_12_0_we0               |  out|    1|   ap_memory|                                              input_12_0|         array|
|input_12_0_d0                |  out|   32|   ap_memory|                                              input_12_0|         array|
|input_12_1_address0          |  out|   10|   ap_memory|                                              input_12_1|         array|
|input_12_1_ce0               |  out|    1|   ap_memory|                                              input_12_1|         array|
|input_12_1_we0               |  out|    1|   ap_memory|                                              input_12_1|         array|
|input_12_1_d0                |  out|   32|   ap_memory|                                              input_12_1|         array|
|input_12_2_address0          |  out|   10|   ap_memory|                                              input_12_2|         array|
|input_12_2_ce0               |  out|    1|   ap_memory|                                              input_12_2|         array|
|input_12_2_we0               |  out|    1|   ap_memory|                                              input_12_2|         array|
|input_12_2_d0                |  out|   32|   ap_memory|                                              input_12_2|         array|
|input_12_3_address0          |  out|   10|   ap_memory|                                              input_12_3|         array|
|input_12_3_ce0               |  out|    1|   ap_memory|                                              input_12_3|         array|
|input_12_3_we0               |  out|    1|   ap_memory|                                              input_12_3|         array|
|input_12_3_d0                |  out|   32|   ap_memory|                                              input_12_3|         array|
|input_12_4_address0          |  out|   10|   ap_memory|                                              input_12_4|         array|
|input_12_4_ce0               |  out|    1|   ap_memory|                                              input_12_4|         array|
|input_12_4_we0               |  out|    1|   ap_memory|                                              input_12_4|         array|
|input_12_4_d0                |  out|   32|   ap_memory|                                              input_12_4|         array|
|input_13_0_address0          |  out|   10|   ap_memory|                                              input_13_0|         array|
|input_13_0_ce0               |  out|    1|   ap_memory|                                              input_13_0|         array|
|input_13_0_we0               |  out|    1|   ap_memory|                                              input_13_0|         array|
|input_13_0_d0                |  out|   32|   ap_memory|                                              input_13_0|         array|
|input_13_1_address0          |  out|   10|   ap_memory|                                              input_13_1|         array|
|input_13_1_ce0               |  out|    1|   ap_memory|                                              input_13_1|         array|
|input_13_1_we0               |  out|    1|   ap_memory|                                              input_13_1|         array|
|input_13_1_d0                |  out|   32|   ap_memory|                                              input_13_1|         array|
|input_13_2_address0          |  out|   10|   ap_memory|                                              input_13_2|         array|
|input_13_2_ce0               |  out|    1|   ap_memory|                                              input_13_2|         array|
|input_13_2_we0               |  out|    1|   ap_memory|                                              input_13_2|         array|
|input_13_2_d0                |  out|   32|   ap_memory|                                              input_13_2|         array|
|input_13_3_address0          |  out|   10|   ap_memory|                                              input_13_3|         array|
|input_13_3_ce0               |  out|    1|   ap_memory|                                              input_13_3|         array|
|input_13_3_we0               |  out|    1|   ap_memory|                                              input_13_3|         array|
|input_13_3_d0                |  out|   32|   ap_memory|                                              input_13_3|         array|
|input_13_4_address0          |  out|   10|   ap_memory|                                              input_13_4|         array|
|input_13_4_ce0               |  out|    1|   ap_memory|                                              input_13_4|         array|
|input_13_4_we0               |  out|    1|   ap_memory|                                              input_13_4|         array|
|input_13_4_d0                |  out|   32|   ap_memory|                                              input_13_4|         array|
|input_14_0_address0          |  out|   10|   ap_memory|                                              input_14_0|         array|
|input_14_0_ce0               |  out|    1|   ap_memory|                                              input_14_0|         array|
|input_14_0_we0               |  out|    1|   ap_memory|                                              input_14_0|         array|
|input_14_0_d0                |  out|   32|   ap_memory|                                              input_14_0|         array|
|input_14_1_address0          |  out|   10|   ap_memory|                                              input_14_1|         array|
|input_14_1_ce0               |  out|    1|   ap_memory|                                              input_14_1|         array|
|input_14_1_we0               |  out|    1|   ap_memory|                                              input_14_1|         array|
|input_14_1_d0                |  out|   32|   ap_memory|                                              input_14_1|         array|
|input_14_2_address0          |  out|   10|   ap_memory|                                              input_14_2|         array|
|input_14_2_ce0               |  out|    1|   ap_memory|                                              input_14_2|         array|
|input_14_2_we0               |  out|    1|   ap_memory|                                              input_14_2|         array|
|input_14_2_d0                |  out|   32|   ap_memory|                                              input_14_2|         array|
|input_14_3_address0          |  out|   10|   ap_memory|                                              input_14_3|         array|
|input_14_3_ce0               |  out|    1|   ap_memory|                                              input_14_3|         array|
|input_14_3_we0               |  out|    1|   ap_memory|                                              input_14_3|         array|
|input_14_3_d0                |  out|   32|   ap_memory|                                              input_14_3|         array|
|input_14_4_address0          |  out|   10|   ap_memory|                                              input_14_4|         array|
|input_14_4_ce0               |  out|    1|   ap_memory|                                              input_14_4|         array|
|input_14_4_we0               |  out|    1|   ap_memory|                                              input_14_4|         array|
|input_14_4_d0                |  out|   32|   ap_memory|                                              input_14_4|         array|
|input_15_0_address0          |  out|   10|   ap_memory|                                              input_15_0|         array|
|input_15_0_ce0               |  out|    1|   ap_memory|                                              input_15_0|         array|
|input_15_0_we0               |  out|    1|   ap_memory|                                              input_15_0|         array|
|input_15_0_d0                |  out|   32|   ap_memory|                                              input_15_0|         array|
|input_15_1_address0          |  out|   10|   ap_memory|                                              input_15_1|         array|
|input_15_1_ce0               |  out|    1|   ap_memory|                                              input_15_1|         array|
|input_15_1_we0               |  out|    1|   ap_memory|                                              input_15_1|         array|
|input_15_1_d0                |  out|   32|   ap_memory|                                              input_15_1|         array|
|input_15_2_address0          |  out|   10|   ap_memory|                                              input_15_2|         array|
|input_15_2_ce0               |  out|    1|   ap_memory|                                              input_15_2|         array|
|input_15_2_we0               |  out|    1|   ap_memory|                                              input_15_2|         array|
|input_15_2_d0                |  out|   32|   ap_memory|                                              input_15_2|         array|
|input_15_3_address0          |  out|   10|   ap_memory|                                              input_15_3|         array|
|input_15_3_ce0               |  out|    1|   ap_memory|                                              input_15_3|         array|
|input_15_3_we0               |  out|    1|   ap_memory|                                              input_15_3|         array|
|input_15_3_d0                |  out|   32|   ap_memory|                                              input_15_3|         array|
|input_15_4_address0          |  out|   10|   ap_memory|                                              input_15_4|         array|
|input_15_4_ce0               |  out|    1|   ap_memory|                                              input_15_4|         array|
|input_15_4_we0               |  out|    1|   ap_memory|                                              input_15_4|         array|
|input_15_4_d0                |  out|   32|   ap_memory|                                              input_15_4|         array|
+-----------------------------+-----+-----+------------+--------------------------------------------------------+--------------+

