Copyright 1986-2022 Xilinx, Inc. All Rights Reserved. Copyright 2022-2023 Advanced Micro Devices, Inc. All Rights Reserved.
---------------------------------------------------------------------------------------------------------------------------------------------
| Tool Version : Vivado v.2023.2 (lin64) Build 4029153 Fri Oct 13 20:13:54 MDT 2023
| Date         : Fri Dec 13 04:09:00 2024
| Host         : c02 running 64-bit Ubuntu 22.04.4 LTS
| Command      : report_utilization -slr -file slr_util_placed.rpt -pb slr_util_placed.pb
| Design       : level0_wrapper
| Device       : xcu55c-fsvh2892-2L-e
| Speed File   : -2L
| Design State : Fully Placed
---------------------------------------------------------------------------------------------------------------------------------------------

Utilization Design Information

Table of Contents
-----------------
1. SLR Connectivity
2. SLR Connectivity Matrix
3. SLR CLB Logic and Dedicated Block Utilization
4. SLR IO Utilization

1. SLR Connectivity
-------------------

+----------------------------------+-------+-------+-----------+-------+
|                                  |  Used | Fixed | Available | Util% |
+----------------------------------+-------+-------+-----------+-------+
| SLR2 <-> SLR1                    |  7092 |       |     23040 | 30.78 |
|   SLR1 -> SLR2                   |  3661 |       |           | 15.89 |
|     Using TX_REG only            |     0 |     0 |           |       |
|     Using RX_REG only            |     0 |     0 |           |       |
|     Using Both TX_REG and RX_REG |     0 |     0 |           |       |
|   SLR2 -> SLR1                   |  3431 |       |           | 14.89 |
|     Using TX_REG only            |     0 |     0 |           |       |
|     Using RX_REG only            |     0 |     0 |           |       |
|     Using Both TX_REG and RX_REG |     0 |     0 |           |       |
| SLR1 <-> SLR0                    |  8640 |       |     23040 | 37.50 |
|   SLR0 -> SLR1                   |  4554 |       |           | 19.77 |
|     Using TX_REG only            |     0 |     0 |           |       |
|     Using RX_REG only            |     0 |     0 |           |       |
|     Using Both TX_REG and RX_REG |     0 |     0 |           |       |
|   SLR1 -> SLR0                   |  4086 |       |           | 17.73 |
|     Using TX_REG only            |     0 |     0 |           |       |
|     Using RX_REG only            |     0 |     0 |           |       |
|     Using Both TX_REG and RX_REG |     0 |     0 |           |       |
+----------------------------------+-------+-------+-----------+-------+
| Total SLLs Used                  | 15732 |       |           |       |
+----------------------------------+-------+-------+-----------+-------+


2. SLR Connectivity Matrix
--------------------------

+-----------+------+------+------+
| FROM \ TO | SLR2 | SLR1 | SLR0 |
+-----------+------+------+------+
| SLR2      |    0 | 3233 |  198 |
| SLR1      | 3594 |    0 | 3888 |
| SLR0      |   67 | 4487 |    0 |
+-----------+------+------+------+


3. SLR CLB Logic and Dedicated Block Utilization
------------------------------------------------

+----------------------------+-------+--------+-------+--------+--------+--------+
|          Site Type         |  SLR0 |  SLR1  |  SLR2 | SLR0 % | SLR1 % | SLR2 % |
+----------------------------+-------+--------+-------+--------+--------+--------+
| CLB                        |  9721 |  18395 |  8131 |  17.69 |  34.06 |  15.06 |
|   CLBL                     |  4925 |   9861 |  4314 |  16.82 |  33.68 |  14.73 |
|   CLBM                     |  4796 |   8534 |  3817 |  18.68 |  34.52 |  15.44 |
| CLB LUTs                   | 38518 |  98448 | 31749 |   8.76 |  22.79 |   7.35 |
|   LUT as Logic             | 33494 |  89460 | 29955 |   7.62 |  20.71 |   6.93 |
|     using O5 output only   |  1182 |    974 |   499 |   0.27 |   0.23 |   0.12 |
|     using O6 output only   | 23364 |  69199 | 22029 |   5.31 |  16.02 |   5.10 |
|     using O5 and O6        |  8948 |  19287 |  7427 |   2.04 |   4.46 |   1.72 |
|   LUT as Memory            |  5024 |   8988 |  1794 |   2.45 |   4.54 |   0.91 |
|     LUT as Distributed RAM |  3108 |   7116 |  1076 |   1.51 |   3.60 |   0.54 |
|       using O5 output only |     0 |      0 |     0 |   0.00 |   0.00 |   0.00 |
|       using O6 output only |   252 |    386 |     0 |   0.12 |   0.20 |   0.00 |
|       using O5 and O6      |  2856 |   6730 |  1076 |   1.39 |   3.40 |   0.54 |
|     LUT as Shift Register  |  1916 |   1872 |   718 |   0.93 |   0.95 |   0.36 |
|       using O5 output only |     0 |      0 |     0 |   0.00 |   0.00 |   0.00 |
|       using O6 output only |  1204 |   1208 |   684 |   0.59 |   0.61 |   0.35 |
|       using O5 and O6      |   712 |    664 |    34 |   0.35 |   0.34 |   0.02 |
| CLB Registers              | 65408 | 107001 | 44804 |   7.44 |  12.38 |   5.19 |
| CARRY8                     |   347 |   1178 |   214 |   0.63 |   2.18 |   0.40 |
| F7 Muxes                   |   838 |   2430 |   949 |   0.38 |   1.13 |   0.44 |
| F8 Muxes                   |   191 |    772 |    44 |   0.17 |   0.71 |   0.04 |
| F9 Muxes                   |     0 |      0 |     0 |   0.00 |   0.00 |   0.00 |
| Block RAM Tile             |    58 |  599.5 |   210 |   8.63 |  89.21 |  31.25 |
|   RAMB36/FIFO              |    55 |    598 |   210 |   8.18 |  88.99 |  31.25 |
|   RAMB18                   |     6 |      3 |     0 |   0.45 |   0.22 |   0.00 |
| URAM                       |     0 |      0 |     0 |   0.00 |   0.00 |   0.00 |
| DSPs                       |     0 |    168 |    28 |   0.00 |   5.47 |   0.91 |
| Unique Control Sets        |  2267 |   3819 |  1422 |   2.06 |   3.54 |   1.32 |
+----------------------------+-------+--------+-------+--------+--------+--------+
* Note: Available Control Sets based on CLB Registers / 8


4. SLR IO Utilization
---------------------

+-----------+-----------+---------+------------+----------+------------+----------+-----+
| SLR Index | Used IOBs | (%)IOBs | Used IPADs | (%)IPADs | Used OPADs | (%)OPADs | GTs |
+-----------+-----------+---------+------------+----------+------------+----------+-----+
| SLR2      |         0 |    0.00 |          0 |     0.00 |          0 |     0.00 |   0 |
| SLR1      |         0 |    0.00 |          0 |     0.00 |          0 |     0.00 |   0 |
| SLR0      |        12 |    5.77 |          0 |     0.00 |          0 |     0.00 |  16 |
+-----------+-----------+---------+------------+----------+------------+----------+-----+
| Total     |        12 |         |          0 |          |          0 |          |  16 |
+-----------+-----------+---------+------------+----------+------------+----------+-----+


