
****** Vitis HLS - High-Level Synthesis from C, C++ and OpenCL v2023.2 (64-bit)
  **** SW Build 4023990 on Oct 11 2023
  **** IP Build 4028589 on Sat Oct 14 00:45:43 MDT 2023
  **** SharedData Build 4025554 on Tue Oct 10 17:18:54 MDT 2023
    ** Copyright 1986-2022 Xilinx, Inc. All Rights Reserved.
    ** Copyright 2022-2023 Advanced Micro Devices, Inc. All Rights Reserved.

source /mnt/software/xilinx/Vitis_HLS/2023.2/scripts/vitis_hls/hls.tcl -notrace
INFO: [HLS 200-10] Running '/mnt/software/xilinx/Vitis_HLS/2023.2/bin/unwrapped/lnx64.o/vitis_hls'
INFO: [HLS 200-10] For user 'spouget' on host 'amx3' (Linux_x86_64 version 5.15.0-116-generic) on Fri Aug 16 13:57:19 PDT 2024
INFO: [HLS 200-10] On os Ubuntu 22.04.4 LTS
INFO: [HLS 200-10] In directory '/home/spouget/CodeGenBitNew/3mm_bit'
INFO: [HLS 200-2053] The vitis_hls executable is being deprecated. Consider using vitis-run --mode hls --tcl
Sourcing Tcl script 'csim.tcl'
INFO: [HLS 200-1510] Running: source csim.tcl
INFO: [HLS 200-1510] Running: open_project csim.prj 
INFO: [HLS 200-10] Opening project '/home/spouget/CodeGenBitNew/3mm_bit/csim.prj'.
INFO: [HLS 200-1510] Running: set_top csim 
INFO: [HLS 200-1510] Running: add_files code_generated.cpp -cflags  -O3 -D XILINX  
INFO: [HLS 200-10] Adding design file 'code_generated.cpp' to the project
INFO: [HLS 200-1510] Running: add_files -tb csim.cpp 
INFO: [HLS 200-10] Adding test bench file 'csim.cpp' to the project
INFO: [HLS 200-1510] Running: open_solution -flow_target vitis solution 
INFO: [HLS 200-10] Opening solution '/home/spouget/CodeGenBitNew/3mm_bit/csim.prj/solution'.
INFO: [SYN 201-201] Setting up clock 'default' with a period of 4ns.
INFO: [HLS 200-1611] Setting target device to 'xcu200-fsgd2104-2-e'
INFO: [HLS 200-1505] Using flow_target 'vitis'
Resolution: For help on HLS 200-1505 see docs.xilinx.com/access/sources/dita/topic?Doc_Version=2023.2%20English&url=ug1448-hls-guidance&resourceid=200-1505.html
INFO: [HLS 200-1464] Running solution command: config_interface -m_axi_latency=64
INFO: [HLS 200-1464] Running solution command: config_interface -m_axi_alignment_byte_size=64
INFO: [HLS 200-1464] Running solution command: config_interface -m_axi_max_widen_bitwidth=512
INFO: [HLS 200-1464] Running solution command: config_interface -default_interface=kernel
INFO: [HLS 200-1464] Running solution command: config_rtl -register_reset_num=3
INFO: [HLS 200-1510] Running: set_part xcu200-fsgd2104-2-e 
INFO: [HLS 200-1510] Running: create_clock -period 250MHz -name default 
INFO: [HLS 200-1510] Running: csim_design 
INFO: [SIM 211-2] *************** CSIM start ***************
INFO: [SIM 211-4] CSIM will launch GCC as the compiler.
INFO: [HLS 200-2036] Building debug C Simulation binaries
   Compiling ../../../../csim.cpp in debug mode
   Compiling ../../../../code_generated.cpp in debug mode
   Generating csim.exe
Starting C-simulation...
C-simulation passed!
INFO: [SIM 211-1] CSim done with 0 errors.
INFO: [SIM 211-3] *************** CSIM finish ***************
INFO: [HLS 200-111] Finished Command csim_design CPU user time: 2.28 seconds. CPU system time: 0.57 seconds. Elapsed time: 3.96 seconds; current allocated memory: 0.000 MB.
INFO: [HLS 200-1510] Running: close_project 
HLS completed successfully
INFO: [HLS 200-112] Total CPU user time: 3.8 seconds. Total CPU system time: 0.99 seconds. Total elapsed time: 10.1 seconds; peak allocated memory: 272.145 MB.
INFO: [Common 17-206] Exiting vitis_hls at Fri Aug 16 13:57:29 2024...
