DSE Summary
+----------------------------+------+
| Total Explored             | 1155 |
+----------------------------+------+
| Level 1 Timeout            | 0    |
+----------------------------+------+
| Level 1 Analysis Error     | 0    |
+----------------------------+------+
| Level 1 Early Reject       | 1042 |
+----------------------------+------+
| Level 1 Result Unavailable | 0    |
+----------------------------+------+
| Level 2 Timeout            | 5    |
+----------------------------+------+
| Level 2 Analysis Error     | 0    |
+----------------------------+------+
| Level 2 Duplicate          | 0    |
+----------------------------+------+
| Level 2 Result Unavailable | 7    |
+----------------------------+------+

Level 2 Result Details
+-----+----------+----------------------------+-------------+-------+------+
| ID  |  Perf.   |     BRAM, DSP, LUT, FF     |   Status    | Valid | Time |
+=====+==========+============================+=============+=======+======+
|  0  |   ----   |            ----            | Unavailable |  No   | 0.0  |
+-----+----------+----------------------------+-------------+-------+------+
|  1  | 1.37e+06 |  16.0%, 0.0%, 2.0%, 0.0%   |  Finished   |  Yes  | 0.0  |
+-----+----------+----------------------------+-------------+-------+------+
|  2  | 1.37e+06 |  16.0%, 0.0%, 1.0%, 0.0%   |  Finished   |  Yes  | 0.0  |
+-----+----------+----------------------------+-------------+-------+------+
|  3  | 1.29e+06 |  16.0%, 6.0%, 4.0%, 3.0%   |  Finished   |  Yes  | 0.0  |
+-----+----------+----------------------------+-------------+-------+------+
|  4  | 8.56e+04 | 21.0%, 10.0%, 10.0%, 10.0% |  Finished   |  Yes  | 0.0  |
+-----+----------+----------------------------+-------------+-------+------+
|  5  | 1.29e+06 | 18.0%, 29.0%, 13.0%, 11.0% |  Finished   |  Yes  | 0.0  |
+-----+----------+----------------------------+-------------+-------+------+
|  6  | 1.40e+06 |  16.0%, 0.0%, 4.0%, 1.0%   |  Finished   |  Yes  | 0.0  |
+-----+----------+----------------------------+-------------+-------+------+
|  7  |   ----   |            ----            |   Timeout   |  No   | 0.0  |
+-----+----------+----------------------------+-------------+-------+------+
|  8  | 1.45e+06 |  16.0%, 0.0%, 1.0%, 0.0%   |  Finished   |  Yes  | 0.0  |
+-----+----------+----------------------------+-------------+-------+------+
|  9  | 8.58e+04 | 40.0%, 8.0%, 15.0%, 15.0%  |  Finished   |  Yes  | 0.0  |
+-----+----------+----------------------------+-------------+-------+------+
| 10  | 8.54e+04 | 21.0%, 10.0%, 12.0%, 10.0% |  Finished   |  Yes  | 0.0  |
+-----+----------+----------------------------+-------------+-------+------+
| 11  | 8.54e+04 | 21.0%, 10.0%, 10.0%, 9.0%  |  Finished   |  Yes  | 0.0  |
+-----+----------+----------------------------+-------------+-------+------+
| 12  | 1.31e+06 |  16.0%, 0.0%, 2.0%, 1.0%   |  Finished   |  Yes  | 0.0  |
+-----+----------+----------------------------+-------------+-------+------+
| 13  | 1.37e+06 |  16.0%, 0.0%, 2.0%, 0.0%   |  Finished   |  Yes  | 0.0  |
+-----+----------+----------------------------+-------------+-------+------+
| 14  | 1.29e+06 | 18.0%, 29.0%, 14.0%, 11.0% |  Finished   |  Yes  | 0.0  |
+-----+----------+----------------------------+-------------+-------+------+
| 15  | 1.31e+06 |  16.0%, 0.0%, 2.0%, 1.0%   |  Finished   |  Yes  | 0.0  |
+-----+----------+----------------------------+-------------+-------+------+
| 16  | 8.58e+04 | 40.0%, 8.0%, 15.0%, 15.0%  |  Finished   |  Yes  | 0.0  |
+-----+----------+----------------------------+-------------+-------+------+
| 17  | 1.30e+06 |  17.0%, 1.0%, 3.0%, 1.0%   |  Finished   |  Yes  | 0.0  |
+-----+----------+----------------------------+-------------+-------+------+
| 18  | 1.29e+06 | 18.0%, 29.0%, 13.0%, 11.0% |  Finished   |  Yes  | 0.0  |
+-----+----------+----------------------------+-------------+-------+------+
| 19  |   ----   |            ----            | Unavailable |  No   | 0.0  |
+-----+----------+----------------------------+-------------+-------+------+
| 20  | 1.30e+06 |  17.0%, 1.0%, 5.0%, 2.0%   |  Finished   |  Yes  | 0.0  |
+-----+----------+----------------------------+-------------+-------+------+
| 21  | 1.30e+06 |  17.0%, 1.0%, 3.0%, 1.0%   |  Finished   |  Yes  | 0.0  |
+-----+----------+----------------------------+-------------+-------+------+
| 22  | 1.31e+06 |  16.0%, 0.0%, 4.0%, 2.0%   |  Finished   |  Yes  | 0.0  |
+-----+----------+----------------------------+-------------+-------+------+
| 23  | 8.57e+04 | 40.0%, 8.0%, 14.0%, 14.0%  |  Finished   |  Yes  | 0.0  |
+-----+----------+----------------------------+-------------+-------+------+
| 24  | 1.29e+06 | 18.0%, 29.0%, 12.0%, 10.0% |  Finished   |  Yes  | 0.0  |
+-----+----------+----------------------------+-------------+-------+------+
| 25  | 1.29e+06 |  17.0%, 6.0%, 5.0%, 3.0%   |  Finished   |  Yes  | 0.0  |
+-----+----------+----------------------------+-------------+-------+------+
| 26  | 1.31e+06 |  16.0%, 0.0%, 2.0%, 1.0%   |  Finished   |  Yes  | 0.0  |
+-----+----------+----------------------------+-------------+-------+------+
| 27  | 9.02e+04 | 58.0%, 10.0%, 23.0%, 21.0% |  Finished   |  Yes  | 0.0  |
+-----+----------+----------------------------+-------------+-------+------+
| 28  | 1.85e+06 |  16.0%, 0.0%, 4.0%, 1.0%   |  Finished   |  Yes  | 0.0  |
+-----+----------+----------------------------+-------------+-------+------+
| 29  | 9.02e+04 | 58.0%, 10.0%, 22.0%, 21.0% |  Finished   |  Yes  | 0.0  |
+-----+----------+----------------------------+-------------+-------+------+
| 30  | 8.43e+04 | 59.0%, 10.0%, 22.0%, 21.0% |  Finished   |  Yes  | 0.0  |
+-----+----------+----------------------------+-------------+-------+------+
| 31  | 1.31e+06 |  16.0%, 0.0%, 2.0%, 1.0%   |  Finished   |  Yes  | 0.0  |
+-----+----------+----------------------------+-------------+-------+------+
| 32  | 8.58e+04 | 40.0%, 8.0%, 14.0%, 15.0%  |  Finished   |  Yes  | 0.0  |
+-----+----------+----------------------------+-------------+-------+------+
| 33  | 1.29e+06 | 18.0%, 29.0%, 13.0%, 11.0% |  Finished   |  Yes  | 0.0  |
+-----+----------+----------------------------+-------------+-------+------+
| 34  | 1.29e+06 |  16.0%, 0.0%, 1.0%, 0.0%   |  Finished   |  Yes  | 0.0  |
+-----+----------+----------------------------+-------------+-------+------+
| 35  | 8.60e+04 | 40.0%, 8.0%, 14.0%, 15.0%  |  Finished   |  Yes  | 0.0  |
+-----+----------+----------------------------+-------------+-------+------+
| 36  | 1.29e+06 |  16.0%, 6.0%, 4.0%, 3.0%   |  Finished   |  Yes  | 0.0  |
+-----+----------+----------------------------+-------------+-------+------+
| 37  | 1.29e+06 | 18.0%, 29.0%, 13.0%, 11.0% |  Finished   |  Yes  | 0.0  |
+-----+----------+----------------------------+-------------+-------+------+
| 38  | 1.29e+06 |  17.0%, 6.0%, 5.0%, 3.0%   |  Finished   |  Yes  | 0.0  |
+-----+----------+----------------------------+-------------+-------+------+
| 39  | 1.29e+06 |  17.0%, 6.0%, 5.0%, 3.0%   |  Finished   |  Yes  | 0.0  |
+-----+----------+----------------------------+-------------+-------+------+
| 40  | 8.58e+04 | 40.0%, 8.0%, 14.0%, 15.0%  |  Finished   |  Yes  | 0.0  |
+-----+----------+----------------------------+-------------+-------+------+
| 41  | 1.29e+06 | 18.0%, 29.0%, 14.0%, 11.0% |  Finished   |  Yes  | 0.0  |
+-----+----------+----------------------------+-------------+-------+------+
| 42  | 1.29e+06 | 18.0%, 29.0%, 12.0%, 10.0% |  Finished   |  Yes  | 0.0  |
+-----+----------+----------------------------+-------------+-------+------+
| 43  | 1.37e+06 |  16.0%, 0.0%, 1.0%, 0.0%   |  Finished   |  Yes  | 0.0  |
+-----+----------+----------------------------+-------------+-------+------+
| 44  | 1.29e+06 |  17.0%, 6.0%, 5.0%, 3.0%   |  Finished   |  Yes  | 0.0  |
+-----+----------+----------------------------+-------------+-------+------+
| 45  | 8.62e+04 | 40.0%, 8.0%, 14.0%, 15.0%  |  Finished   |  Yes  | 0.0  |
+-----+----------+----------------------------+-------------+-------+------+
| 46  |   ----   |            ----            | Unavailable |  No   | 0.0  |
+-----+----------+----------------------------+-------------+-------+------+
| 47  | 8.58e+04 | 40.0%, 8.0%, 14.0%, 15.0%  |  Finished   |  Yes  | 0.0  |
+-----+----------+----------------------------+-------------+-------+------+
| 48  | 1.31e+06 |  16.0%, 0.0%, 4.0%, 2.0%   |  Finished   |  Yes  | 0.0  |
+-----+----------+----------------------------+-------------+-------+------+
| 49  | 1.85e+06 |  16.0%, 0.0%, 2.0%, 1.0%   |  Finished   |  Yes  | 0.0  |
+-----+----------+----------------------------+-------------+-------+------+
| 50  | 1.31e+06 |  16.0%, 0.0%, 1.0%, 0.0%   |  Finished   |  Yes  | 0.0  |
+-----+----------+----------------------------+-------------+-------+------+
| 51  | 8.66e+04 | 58.0%, 8.0%, 18.0%, 18.0%  |  Finished   |  Yes  | 0.0  |
+-----+----------+----------------------------+-------------+-------+------+
| 52  | 1.31e+06 |  16.0%, 0.0%, 3.0%, 1.0%   |  Finished   |  Yes  | 0.0  |
+-----+----------+----------------------------+-------------+-------+------+
| 53  | 1.37e+06 |  16.0%, 0.0%, 1.0%, 0.0%   |  Finished   |  Yes  | 0.0  |
+-----+----------+----------------------------+-------------+-------+------+
| 54  | 8.66e+04 |  1.0%, 8.0%, 49.0%, 32.0%  |  Finished   |  Yes  | 0.0  |
+-----+----------+----------------------------+-------------+-------+------+
| 55  | 1.31e+06 |  16.0%, 0.0%, 3.0%, 1.0%   |  Finished   |  Yes  | 0.0  |
+-----+----------+----------------------------+-------------+-------+------+
| 56  | 8.54e+04 | 21.0%, 10.0%, 10.0%, 10.0% |  Finished   |  Yes  | 0.0  |
+-----+----------+----------------------------+-------------+-------+------+
| 57  | 1.45e+06 |  18.0%, 2.0%, 6.0%, 3.0%   |  Finished   |  Yes  | 0.0  |
+-----+----------+----------------------------+-------------+-------+------+
| 58  | 1.85e+06 |  16.0%, 0.0%, 4.0%, 1.0%   |  Finished   |  Yes  | 0.0  |
+-----+----------+----------------------------+-------------+-------+------+
| 59  | 8.60e+04 | 40.0%, 8.0%, 14.0%, 15.0%  |  Finished   |  Yes  | 0.0  |
+-----+----------+----------------------------+-------------+-------+------+
| 60  | 8.58e+04 | 40.0%, 8.0%, 14.0%, 15.0%  |  Finished   |  Yes  | 0.0  |
+-----+----------+----------------------------+-------------+-------+------+
| 61  | 1.31e+06 |  16.0%, 0.0%, 2.0%, 1.0%   |  Finished   |  Yes  | 0.0  |
+-----+----------+----------------------------+-------------+-------+------+
| 62  |   ----   |            ----            | Unavailable |  No   | 0.0  |
+-----+----------+----------------------------+-------------+-------+------+
| 63  | 1.29e+06 | 18.0%, 29.0%, 13.0%, 11.0% |  Finished   |  Yes  | 0.0  |
+-----+----------+----------------------------+-------------+-------+------+
| 64  | 1.29e+06 |  17.0%, 6.0%, 5.0%, 3.0%   |  Finished   |  Yes  | 0.0  |
+-----+----------+----------------------------+-------------+-------+------+
| 65  | 8.50e+04 | 58.0%, 10.0%, 22.0%, 21.0% |  Finished   |  Yes  | 0.0  |
+-----+----------+----------------------------+-------------+-------+------+
| 66  | 1.29e+06 |  17.0%, 6.0%, 5.0%, 3.0%   |  Finished   |  Yes  | 0.0  |
+-----+----------+----------------------------+-------------+-------+------+
| 67  | 1.29e+06 | 18.0%, 29.0%, 13.0%, 11.0% |  Finished   |  Yes  | 0.0  |
+-----+----------+----------------------------+-------------+-------+------+
| 68  | 8.58e+04 | 21.0%, 10.0%, 10.0%, 10.0% |  Finished   |  Yes  | 0.0  |
+-----+----------+----------------------------+-------------+-------+------+
| 69  | 1.29e+06 | 18.0%, 29.0%, 13.0%, 11.0% |  Finished   |  Yes  | 0.0  |
+-----+----------+----------------------------+-------------+-------+------+
| 70  | 1.37e+06 |  16.0%, 0.0%, 1.0%, 0.0%   |  Finished   |  Yes  | 0.0  |
+-----+----------+----------------------------+-------------+-------+------+
| 71  | 8.54e+04 | 21.0%, 10.0%, 10.0%, 10.0% |  Finished   |  Yes  | 0.0  |
+-----+----------+----------------------------+-------------+-------+------+
| 72  | 8.58e+04 | 40.0%, 8.0%, 14.0%, 15.0%  |  Finished   |  Yes  | 0.0  |
+-----+----------+----------------------------+-------------+-------+------+
| 73  | 1.29e+06 | 18.0%, 29.0%, 13.0%, 11.0% |  Finished   |  Yes  | 0.0  |
+-----+----------+----------------------------+-------------+-------+------+
| 74  | 1.85e+06 |  16.0%, 0.0%, 2.0%, 1.0%   |  Finished   |  Yes  | 0.0  |
+-----+----------+----------------------------+-------------+-------+------+
| 75  | 9.02e+04 | 58.0%, 10.0%, 22.0%, 21.0% |  Finished   |  Yes  | 0.0  |
+-----+----------+----------------------------+-------------+-------+------+
| 76  | 1.40e+06 |  16.0%, 0.0%, 2.0%, 1.0%   |  Finished   |  Yes  | 0.0  |
+-----+----------+----------------------------+-------------+-------+------+
| 77  | 8.54e+04 | 21.0%, 10.0%, 10.0%, 10.0% |  Finished   |  Yes  | 0.0  |
+-----+----------+----------------------------+-------------+-------+------+
| 78  | 1.37e+06 |  16.0%, 0.0%, 1.0%, 0.0%   |  Finished   |  Yes  | 0.0  |
+-----+----------+----------------------------+-------------+-------+------+
| 79  | 8.50e+04 | 58.0%, 10.0%, 22.0%, 21.0% |  Finished   |  Yes  | 0.0  |
+-----+----------+----------------------------+-------------+-------+------+
| 80  | 8.62e+04 | 40.0%, 8.0%, 14.0%, 15.0%  |  Finished   |  Yes  | 0.0  |
+-----+----------+----------------------------+-------------+-------+------+
| 81  | 1.29e+06 |  17.0%, 6.0%, 5.0%, 3.0%   |  Finished   |  Yes  | 0.0  |
+-----+----------+----------------------------+-------------+-------+------+
| 82  | 8.43e+04 | 59.0%, 10.0%, 22.0%, 21.0% |  Finished   |  Yes  | 0.0  |
+-----+----------+----------------------------+-------------+-------+------+
| 83  | 1.29e+06 | 18.0%, 29.0%, 13.0%, 11.0% |  Finished   |  Yes  | 0.0  |
+-----+----------+----------------------------+-------------+-------+------+
| 84  | 1.37e+06 |  16.0%, 0.0%, 2.0%, 1.0%   |  Finished   |  Yes  | 0.0  |
+-----+----------+----------------------------+-------------+-------+------+
| 85  | 8.58e+04 | 40.0%, 8.0%, 14.0%, 15.0%  |  Finished   |  Yes  | 0.0  |
+-----+----------+----------------------------+-------------+-------+------+
| 86  |   ----   |            ----            | Unavailable |  No   | 0.0  |
+-----+----------+----------------------------+-------------+-------+------+
| 87  | 1.30e+06 |  17.0%, 1.0%, 5.0%, 2.0%   |  Finished   |  Yes  | 0.0  |
+-----+----------+----------------------------+-------------+-------+------+
| 88  | 1.37e+06 |  16.0%, 0.0%, 1.0%, 0.0%   |  Finished   |  Yes  | 0.0  |
+-----+----------+----------------------------+-------------+-------+------+
| 89  | 8.54e+04 | 21.0%, 10.0%, 10.0%, 10.0% |  Finished   |  Yes  | 0.0  |
+-----+----------+----------------------------+-------------+-------+------+
| 90  |   ----   |            ----            |   Timeout   |  No   | 0.0  |
+-----+----------+----------------------------+-------------+-------+------+
| 91  | 1.29e+06 | 18.0%, 29.0%, 13.0%, 11.0% |  Finished   |  Yes  | 0.0  |
+-----+----------+----------------------------+-------------+-------+------+
| 92  |   ----   |            ----            |   Timeout   |  No   | 0.0  |
+-----+----------+----------------------------+-------------+-------+------+
| 93  | 8.58e+04 | 21.0%, 10.0%, 10.0%, 10.0% |  Finished   |  Yes  | 0.0  |
+-----+----------+----------------------------+-------------+-------+------+
| 94  |   ----   |            ----            | Unavailable |  No   | 0.0  |
+-----+----------+----------------------------+-------------+-------+------+
| 95  | 1.37e+06 |  16.0%, 0.0%, 1.0%, 0.0%   |  Finished   |  Yes  | 0.0  |
+-----+----------+----------------------------+-------------+-------+------+
| 96  | 1.29e+06 | 18.0%, 29.0%, 13.0%, 11.0% |  Finished   |  Yes  | 0.0  |
+-----+----------+----------------------------+-------------+-------+------+
| 97  | 8.58e+04 | 40.0%, 8.0%, 14.0%, 15.0%  |  Finished   |  Yes  | 0.0  |
+-----+----------+----------------------------+-------------+-------+------+
| 98  | 1.31e+06 |  16.0%, 0.0%, 1.0%, 0.0%   |  Finished   |  Yes  | 0.0  |
+-----+----------+----------------------------+-------------+-------+------+
| 99  | 1.29e+06 | 18.0%, 29.0%, 13.0%, 11.0% |  Finished   |  Yes  | 0.0  |
+-----+----------+----------------------------+-------------+-------+------+
| 100 | 1.45e+06 |   9.0%, 3.0%, 3.0%, 2.0%   |  Finished   |  Yes  | 0.0  |
+-----+----------+----------------------------+-------------+-------+------+
| 101 | 1.29e+06 |  17.0%, 6.0%, 5.0%, 3.0%   |  Finished   |  Yes  | 0.0  |
+-----+----------+----------------------------+-------------+-------+------+
| 102 | 1.29e+06 |  17.0%, 6.0%, 5.0%, 3.0%   |  Finished   |  Yes  | 0.0  |
+-----+----------+----------------------------+-------------+-------+------+
| 103 |   ----   |            ----            |   Timeout   |  No   | 0.0  |
+-----+----------+----------------------------+-------------+-------+------+
| 104 |   ----   |            ----            | Unavailable |  No   | 0.0  |
+-----+----------+----------------------------+-------------+-------+------+
| 105 | 1.37e+06 |  16.0%, 0.0%, 2.0%, 1.0%   |  Finished   |  Yes  | 0.0  |
+-----+----------+----------------------------+-------------+-------+------+
| 106 | 1.37e+06 |  16.0%, 0.0%, 1.0%, 0.0%   |  Finished   |  Yes  | 0.0  |
+-----+----------+----------------------------+-------------+-------+------+
| 107 | 8.57e+04 | 40.0%, 8.0%, 14.0%, 14.0%  |  Finished   |  Yes  | 0.0  |
+-----+----------+----------------------------+-------------+-------+------+
| 108 |   ----   |            ----            |   Timeout   |  No   | 0.0  |
+-----+----------+----------------------------+-------------+-------+------+
| 109 | 8.58e+04 | 40.0%, 8.0%, 14.0%, 15.0%  |  Finished   |  Yes  | 0.0  |
+-----+----------+----------------------------+-------------+-------+------+
| 110 | 8.43e+04 | 59.0%, 10.0%, 22.0%, 21.0% |  Finished   |  Yes  | 0.0  |
+-----+----------+----------------------------+-------------+-------+------+
| 111 | 1.29e+06 |  17.0%, 6.0%, 5.0%, 3.0%   |  Finished   |  Yes  | 0.0  |
+-----+----------+----------------------------+-------------+-------+------+
| 112 | 1.48e+06 |  16.0%, 0.0%, 2.0%, 1.0%   |  Finished   |  Yes  | 0.0  |
+-----+----------+----------------------------+-------------+-------+------+

Explored Points
+-----+------------+------------+------------+------------+------------+------------+
| ID  | __PARA__L0 | __PARA__L1 | __PARA__L2 | __PARA__L3 | __PIPE__L1 | __TILE__L1 |
+=====+============+============+============+============+============+============+
|  0  |     1      |     65     |     1      |     1      |  flatten   |     1      |
+-----+------------+------------+------------+------------+------------+------------+
|  1  |     41     |     1      |     2      |     2      |    off     |    390     |
+-----+------------+------------+------------+------------+------------+------------+
|  2  |     5      |     1      |     2      |     2      |    off     |    390     |
+-----+------------+------------+------------+------------+------------+------------+
|  3  |     82     |     1      |     2      |     82     |    off     |     1      |
+-----+------------+------------+------------+------------+------------+------------+
|  4  |     2      |     1      |     1      |     1      |  flatten   |    390     |
+-----+------------+------------+------------+------------+------------+------------+
|  5  |     82     |     1      |     2      |    410     |    off     |     1      |
+-----+------------+------------+------------+------------+------------+------------+
|  6  |    205     |     1      |     2      |     10     |    off     |     1      |
+-----+------------+------------+------------+------------+------------+------------+
|  7  |     1      |     10     |     1      |     1      |  flatten   |     1      |
+-----+------------+------------+------------+------------+------------+------------+
|  8  |     1      |     1      |     2      |     1      |    off     |     1      |
+-----+------------+------------+------------+------------+------------+------------+
|  9  |    205     |     2      |     1      |     1      |  flatten   |     1      |
+-----+------------+------------+------------+------------+------------+------------+
| 10  |    205     |     1      |     1      |     1      |  flatten   |    390     |
+-----+------------+------------+------------+------------+------------+------------+
| 11  |    410     |     1      |     1      |     1      |  flatten   |    390     |
+-----+------------+------------+------------+------------+------------+------------+
| 12  |     5      |     1      |     2      |     10     |    off     |    390     |
+-----+------------+------------+------------+------------+------------+------------+
| 13  |     41     |     1      |     2      |     2      |    off     |     1      |
+-----+------------+------------+------------+------------+------------+------------+
| 14  |    205     |     1      |     2      |    410     |    off     |     1      |
+-----+------------+------------+------------+------------+------------+------------+
| 15  |     5      |     1      |     2      |     10     |    off     |     1      |
+-----+------------+------------+------------+------------+------------+------------+
| 16  |    205     |     2      |     1      |     1      |  flatten   |    195     |
+-----+------------+------------+------------+------------+------------+------------+
| 17  |    410     |     1      |     2      |     82     |    off     |    390     |
+-----+------------+------------+------------+------------+------------+------------+
| 18  |     10     |     1      |     2      |    410     |    off     |    390     |
+-----+------------+------------+------------+------------+------------+------------+
| 19  |     1      |     78     |     1      |     1      |  flatten   |     1      |
+-----+------------+------------+------------+------------+------------+------------+
| 20  |    205     |     1      |     2      |     82     |    off     |    390     |
+-----+------------+------------+------------+------------+------------+------------+
| 21  |    410     |     1      |     2      |     82     |    off     |     1      |
+-----+------------+------------+------------+------------+------------+------------+
| 22  |     82     |     1      |     2      |     10     |    off     |    390     |
+-----+------------+------------+------------+------------+------------+------------+
| 23  |    410     |     2      |     1      |     1      |  flatten   |     1      |
+-----+------------+------------+------------+------------+------------+------------+
| 24  |    410     |     1      |     2      |    410     |    off     |     1      |
+-----+------------+------------+------------+------------+------------+------------+
| 25  |     2      |     1      |     2      |     82     |    off     |    390     |
+-----+------------+------------+------------+------------+------------+------------+
| 26  |     2      |     1      |     2      |     10     |    off     |     1      |
+-----+------------+------------+------------+------------+------------+------------+
| 27  |    205     |     2      |     1      |     1      |  flatten   |    130     |
+-----+------------+------------+------------+------------+------------+------------+
| 28  |    205     |     1      |     2      |     2      |    off     |    390     |
+-----+------------+------------+------------+------------+------------+------------+
| 29  |     5      |     2      |     1      |     1      |  flatten   |    130     |
+-----+------------+------------+------------+------------+------------+------------+
| 30  |     2      |     2      |     1      |     1      |  flatten   |    130     |
+-----+------------+------------+------------+------------+------------+------------+
| 31  |     2      |     1      |     2      |     10     |    off     |    390     |
+-----+------------+------------+------------+------------+------------+------------+
| 32  |     82     |     2      |     1      |     1      |  flatten   |     1      |
+-----+------------+------------+------------+------------+------------+------------+
| 33  |     10     |     1      |     2      |    410     |    off     |     1      |
+-----+------------+------------+------------+------------+------------+------------+
| 34  |     1      |     1      |     1      |     1      |    off     |     1      |
+-----+------------+------------+------------+------------+------------+------------+
| 35  |     2      |     2      |     1      |     1      |  flatten   |     1      |
+-----+------------+------------+------------+------------+------------+------------+
| 36  |     82     |     1      |     2      |     82     |    off     |    390     |
+-----+------------+------------+------------+------------+------------+------------+
| 37  |     2      |     1      |     2      |    410     |    off     |     1      |
+-----+------------+------------+------------+------------+------------+------------+
| 38  |     41     |     1      |     2      |     82     |    off     |    390     |
+-----+------------+------------+------------+------------+------------+------------+
| 39  |     1      |     1      |     2      |     82     |    off     |     1      |
+-----+------------+------------+------------+------------+------------+------------+
| 40  |     10     |     2      |     1      |     1      |  flatten   |     1      |
+-----+------------+------------+------------+------------+------------+------------+
| 41  |    205     |     1      |     2      |    410     |    off     |    390     |
+-----+------------+------------+------------+------------+------------+------------+
| 42  |    410     |     1      |     2      |    410     |    off     |    390     |
+-----+------------+------------+------------+------------+------------+------------+
| 43  |     2      |     1      |     2      |     2      |    off     |    390     |
+-----+------------+------------+------------+------------+------------+------------+
| 44  |     1      |     1      |     2      |     82     |    off     |    390     |
+-----+------------+------------+------------+------------+------------+------------+
| 45  |     1      |     2      |     1      |     1      |  flatten   |     1      |
+-----+------------+------------+------------+------------+------------+------------+
| 46  |     1      |     26     |     1      |     1      |  flatten   |     1      |
+-----+------------+------------+------------+------------+------------+------------+
| 47  |     41     |     2      |     1      |     1      |  flatten   |     1      |
+-----+------------+------------+------------+------------+------------+------------+
| 48  |     82     |     1      |     2      |     10     |    off     |     1      |
+-----+------------+------------+------------+------------+------------+------------+
| 49  |    410     |     1      |     2      |     2      |    off     |     1      |
+-----+------------+------------+------------+------------+------------+------------+
| 50  |     10     |     1      |     2      |     10     |    off     |     1      |
+-----+------------+------------+------------+------------+------------+------------+
| 51  |     1      |     3      |     1      |     1      |  flatten   |     1      |
+-----+------------+------------+------------+------------+------------+------------+
| 52  |     41     |     1      |     2      |     10     |    off     |     1      |
+-----+------------+------------+------------+------------+------------+------------+
| 53  |     1      |     1      |     2      |     2      |    off     |     1      |
+-----+------------+------------+------------+------------+------------+------------+
| 54  |     1      |     5      |     1      |     1      |  flatten   |     1      |
+-----+------------+------------+------------+------------+------------+------------+
| 55  |     41     |     1      |     2      |     10     |    off     |    390     |
+-----+------------+------------+------------+------------+------------+------------+
| 56  |     82     |     1      |     1      |     1      |  flatten   |    390     |
+-----+------------+------------+------------+------------+------------+------------+
| 57  |     1      |     1      |     2      |    205     |    off     |     1      |
+-----+------------+------------+------------+------------+------------+------------+
| 58  |    205     |     1      |     2      |     2      |    off     |     1      |
+-----+------------+------------+------------+------------+------------+------------+
| 59  |     2      |     2      |     1      |     1      |  flatten   |    195     |
+-----+------------+------------+------------+------------+------------+------------+
| 60  |     41     |     2      |     1      |     1      |  flatten   |    195     |
+-----+------------+------------+------------+------------+------------+------------+
| 61  |     1      |     1      |     2      |     10     |    off     |     1      |
+-----+------------+------------+------------+------------+------------+------------+
| 62  |     1      |     30     |     1      |     1      |  flatten   |     1      |
+-----+------------+------------+------------+------------+------------+------------+
| 63  |     41     |     1      |     2      |    410     |    off     |     1      |
+-----+------------+------------+------------+------------+------------+------------+
| 64  |     5      |     1      |     2      |     82     |    off     |    390     |
+-----+------------+------------+------------+------------+------------+------------+
| 65  |     10     |     2      |     1      |     1      |  flatten   |    130     |
+-----+------------+------------+------------+------------+------------+------------+
| 66  |     10     |     1      |     2      |     82     |    off     |    390     |
+-----+------------+------------+------------+------------+------------+------------+
| 67  |     82     |     1      |     2      |    410     |    off     |    390     |
+-----+------------+------------+------------+------------+------------+------------+
| 68  |     1      |     1      |     1      |     1      |  flatten   |     1      |
+-----+------------+------------+------------+------------+------------+------------+
| 69  |     1      |     1      |     2      |    410     |    off     |    390     |
+-----+------------+------------+------------+------------+------------+------------+
| 70  |     5      |     1      |     2      |     2      |    off     |     1      |
+-----+------------+------------+------------+------------+------------+------------+
| 71  |     41     |     1      |     1      |     1      |  flatten   |    390     |
+-----+------------+------------+------------+------------+------------+------------+
| 72  |     82     |     2      |     1      |     1      |  flatten   |    195     |
+-----+------------+------------+------------+------------+------------+------------+
| 73  |     1      |     1      |     2      |    410     |    off     |     1      |
+-----+------------+------------+------------+------------+------------+------------+
| 74  |    410     |     1      |     2      |     2      |    off     |    390     |
+-----+------------+------------+------------+------------+------------+------------+
| 75  |     41     |     2      |     1      |     1      |  flatten   |    130     |
+-----+------------+------------+------------+------------+------------+------------+
| 76  |    410     |     1      |     2      |     10     |    off     |     1      |
+-----+------------+------------+------------+------------+------------+------------+
| 77  |     5      |     1      |     1      |     1      |  flatten   |    390     |
+-----+------------+------------+------------+------------+------------+------------+
| 78  |     2      |     1      |     2      |     2      |    off     |     1      |
+-----+------------+------------+------------+------------+------------+------------+
| 79  |     82     |     2      |     1      |     1      |  flatten   |    130     |
+-----+------------+------------+------------+------------+------------+------------+
| 80  |     1      |     2      |     1      |     1      |  flatten   |    195     |
+-----+------------+------------+------------+------------+------------+------------+
| 81  |     10     |     1      |     2      |     82     |    off     |     1      |
+-----+------------+------------+------------+------------+------------+------------+
| 82  |    410     |     2      |     1      |     1      |  flatten   |    130     |
+-----+------------+------------+------------+------------+------------+------------+
| 83  |     41     |     1      |     2      |    410     |    off     |    390     |
+-----+------------+------------+------------+------------+------------+------------+
| 84  |     82     |     1      |     2      |     2      |    off     |    390     |
+-----+------------+------------+------------+------------+------------+------------+
| 85  |     5      |     2      |     1      |     1      |  flatten   |    195     |
+-----+------------+------------+------------+------------+------------+------------+
| 86  |     1      |    130     |     1      |     1      |  flatten   |     1      |
+-----+------------+------------+------------+------------+------------+------------+
| 87  |    205     |     1      |     2      |     82     |    off     |     1      |
+-----+------------+------------+------------+------------+------------+------------+
| 88  |     10     |     1      |     2      |     2      |    off     |    390     |
+-----+------------+------------+------------+------------+------------+------------+
| 89  |     10     |     1      |     1      |     1      |  flatten   |    390     |
+-----+------------+------------+------------+------------+------------+------------+
| 90  |     1      |    390     |     1      |     1      |  flatten   |     1      |
+-----+------------+------------+------------+------------+------------+------------+
| 91  |     5      |     1      |     2      |    410     |    off     |    390     |
+-----+------------+------------+------------+------------+------------+------------+
| 92  |     1      |     6      |     1      |     1      |  flatten   |     1      |
+-----+------------+------------+------------+------------+------------+------------+
| 93  |     1      |     1      |     1      |     1      |  flatten   |    390     |
+-----+------------+------------+------------+------------+------------+------------+
| 94  |     1      |     39     |     1      |     1      |  flatten   |     1      |
+-----+------------+------------+------------+------------+------------+------------+
| 95  |     10     |     1      |     2      |     2      |    off     |     1      |
+-----+------------+------------+------------+------------+------------+------------+
| 96  |     2      |     1      |     2      |    410     |    off     |    390     |
+-----+------------+------------+------------+------------+------------+------------+
| 97  |     10     |     2      |     1      |     1      |  flatten   |    195     |
+-----+------------+------------+------------+------------+------------+------------+
| 98  |     10     |     1      |     2      |     10     |    off     |    390     |
+-----+------------+------------+------------+------------+------------+------------+
| 99  |     5      |     1      |     2      |    410     |    off     |     1      |
+-----+------------+------------+------------+------------+------------+------------+
| 100 |     1      |     1      |     2      |     41     |    off     |     1      |
+-----+------------+------------+------------+------------+------------+------------+
| 101 |     2      |     1      |     2      |     82     |    off     |     1      |
+-----+------------+------------+------------+------------+------------+------------+
| 102 |     5      |     1      |     2      |     82     |    off     |     1      |
+-----+------------+------------+------------+------------+------------+------------+
| 103 |     1      |     15     |     1      |     1      |  flatten   |     1      |
+-----+------------+------------+------------+------------+------------+------------+
| 104 |     1      |     13     |     1      |     1      |  flatten   |     1      |
+-----+------------+------------+------------+------------+------------+------------+
| 105 |     82     |     1      |     2      |     2      |    off     |     1      |
+-----+------------+------------+------------+------------+------------+------------+
| 106 |     1      |     1      |     2      |     2      |    off     |    390     |
+-----+------------+------------+------------+------------+------------+------------+
| 107 |    410     |     2      |     1      |     1      |  flatten   |    195     |
+-----+------------+------------+------------+------------+------------+------------+
| 108 |     1      |    195     |     1      |     1      |  flatten   |     1      |
+-----+------------+------------+------------+------------+------------+------------+
| 109 |     5      |     2      |     1      |     1      |  flatten   |     1      |
+-----+------------+------------+------------+------------+------------+------------+
| 110 |     1      |     2      |     1      |     1      |  flatten   |    130     |
+-----+------------+------------+------------+------------+------------+------------+
| 111 |     41     |     1      |     2      |     82     |    off     |     1      |
+-----+------------+------------+------------+------------+------------+------------+
| 112 |     1      |     1      |     2      |     5      |    off     |     1      |
+-----+------------+------------+------------+------------+------------+------------+
