[   6m]    INFO Explorer: Found a better result at #0000: Quality 8.6e-08, Perf 1.2e+07
[  15m]    INFO Explorer: Found a better result at #0001: Quality 1.7e-07, Perf 5.8e+06
[  15m]    INFO Explorer: Found a better result at #0001: Quality 3.4e-07, Perf 3.0e+06
[  15m]    INFO Explorer: Found a better result at #0001: Quality 6.6e-07, Perf 1.5e+06
[  15m]    INFO Explorer: Found a better result at #0001: Quality 1.2e-06, Perf 8.0e+05
[  17m]    INFO Explorer: All points are stopped at level 1
[  23m]    INFO Explorer: All points are stopped at level 1
[  24m]    INFO Explorer: All points are stopped at level 1
[  27m]    INFO Explorer: All points are stopped at level 1
[  38m]    INFO Explorer: All points are stopped at level 1
[  39m]    INFO Explorer: All points are stopped at level 1
[  48m]    INFO Explorer: Found a better result at #0037: Quality 1.3e-06, Perf 7.7e+05
[  48m]    INFO Explorer: Found a better result at #0037: Quality 1.3e-06, Perf 7.6e+05
[  48m]    INFO Explorer: Found a better result at #0037: Quality 1.3e-06, Perf 7.5e+05
[  48m]    INFO Explorer: Found a better result at #0037: Quality 1.3e-06, Perf 7.5e+05
[  51m]    INFO Explorer: All points are stopped at level 1
[  57m]    INFO Explorer: All points are stopped at level 1
[  58m]    INFO Explorer: All points are stopped at level 1
[  61m]    INFO Explorer: All points are stopped at level 1
[  72m]    INFO Explorer: All points are stopped at level 1
[  73m]    INFO Explorer: All points are stopped at level 1
[  85m]    INFO Explorer: All points are stopped at level 1
[  88m]    INFO Explorer: All points are stopped at level 1
[  99m]    INFO Explorer: All points are stopped at level 1
[ 101m]    INFO Explorer: All points are stopped at level 1
[ 119m]    INFO Explorer: All points are stopped at level 1
[ 125m]    INFO Explorer: All points are stopped at level 1
[ 126m]    INFO Explorer: All points are stopped at level 1
[ 127m]    INFO Explorer: All points are stopped at level 1
[ 130m]    INFO Explorer: All points are stopped at level 1
[ 136m]    INFO Explorer: All points are stopped at level 1
[ 137m]    INFO Explorer: All points are stopped at level 1
[ 140m]    INFO Explorer: All points are stopped at level 1
[ 151m]    INFO Explorer: All points are stopped at level 1
[ 152m]    INFO Explorer: All points are stopped at level 1
[ 164m]    INFO Explorer: All points are stopped at level 1
[ 167m]    INFO Explorer: All points are stopped at level 1
[ 178m]    INFO Explorer: All points are stopped at level 1
[ 179m]    INFO Explorer: All points are stopped at level 1
[ 198m]    INFO Explorer: All points are stopped at level 1
[ 203m]    INFO Explorer: All points are stopped at level 1
[ 205m]    INFO Explorer: All points are stopped at level 1
[ 206m]    INFO Explorer: All points are stopped at level 1
[ 209m]    INFO Explorer: All points are stopped at level 1
[ 215m]    INFO Explorer: All points are stopped at level 1
[ 216m]    INFO Explorer: All points are stopped at level 1
[ 219m]    INFO Explorer: All points are stopped at level 1
[ 230m]    INFO Explorer: All points are stopped at level 1
[ 231m]    INFO Explorer: All points are stopped at level 1
[ 243m]    INFO Explorer: All points are stopped at level 1
[ 246m]    INFO Explorer: All points are stopped at level 1
[ 257m]    INFO Explorer: All points are stopped at level 1
[ 259m]    INFO Explorer: All points are stopped at level 1
[ 278m]    INFO Explorer: All points are stopped at level 1
[ 283m]    INFO Explorer: All points are stopped at level 1
[ 285m]    INFO Explorer: All points are stopped at level 1
[ 286m]    INFO Explorer: All points are stopped at level 1
[ 289m]    INFO Explorer: All points are stopped at level 1
[ 295m]    INFO Explorer: All points are stopped at level 1
[ 296m]    INFO Explorer: All points are stopped at level 1
[ 299m]    INFO Explorer: All points are stopped at level 1
[ 310m]    INFO Explorer: All points are stopped at level 1
[ 312m]    INFO Explorer: All points are stopped at level 1
[ 324m]    INFO Explorer: All points are stopped at level 1
[ 327m]    INFO Explorer: All points are stopped at level 1
[ 338m]    INFO Explorer: All points are stopped at level 1
[ 339m]    INFO Explorer: All points are stopped at level 1
[ 358m]    INFO Explorer: All points are stopped at level 1
[ 364m]    INFO Explorer: All points are stopped at level 1
[ 365m]    INFO Explorer: All points are stopped at level 1
[ 367m]    INFO Explorer: All points are stopped at level 1
[ 407m]    INFO Explorer: Found a better result at #0425: Quality 1.3e-06, Perf 7.5e+05
[ 407m]    INFO Explorer: Found a better result at #0425: Quality 1.3e-06, Perf 7.5e+05
[ 407m]    INFO Explorer: Found a better result at #0425: Quality 1.3e-06, Perf 7.5e+05
[ 407m]    INFO Explorer: Found a better result at #0425: Quality 1.3e-06, Perf 7.5e+05
[ 409m]    INFO Explorer: All points are stopped at level 1
[ 415m]    INFO Explorer: All points are stopped at level 1
[ 416m]    INFO Explorer: All points are stopped at level 1
[ 419m]    INFO Explorer: All points are stopped at level 1
[ 431m]    INFO Explorer: All points are stopped at level 1
[ 432m]    INFO Explorer: All points are stopped at level 1
[ 444m]    INFO Explorer: All points are stopped at level 1
[ 447m]    INFO Explorer: All points are stopped at level 1
[ 459m]    INFO Explorer: All points are stopped at level 1
[ 460m]    INFO Explorer: All points are stopped at level 1
[ 479m]    INFO Explorer: All points are stopped at level 1
[ 484m]    INFO Explorer: All points are stopped at level 1
[ 486m]    INFO Explorer: All points are stopped at level 1
[ 487m]    INFO Explorer: All points are stopped at level 1
[ 490m]    INFO Explorer: All points are stopped at level 1
[ 496m]    INFO Explorer: All points are stopped at level 1
[ 497m]    INFO Explorer: All points are stopped at level 1
[ 500m]    INFO Explorer: All points are stopped at level 1
[ 511m]    INFO Explorer: All points are stopped at level 1
[ 513m]    INFO Explorer: All points are stopped at level 1
[ 525m]    INFO Explorer: All points are stopped at level 1
[ 528m]    INFO Explorer: All points are stopped at level 1
[ 539m]    INFO Explorer: All points are stopped at level 1
[ 540m]    INFO Explorer: All points are stopped at level 1
[ 559m]    INFO Explorer: All points are stopped at level 1
[ 564m]    INFO Explorer: All points are stopped at level 1
[ 566m]    INFO Explorer: All points are stopped at level 1
[ 567m]    INFO Explorer: All points are stopped at level 1
[ 570m]    INFO Explorer: All points are stopped at level 1
[ 576m]    INFO Explorer: All points are stopped at level 1
[ 577m]    INFO Explorer: All points are stopped at level 1
[ 580m]    INFO Explorer: All points are stopped at level 1
[ 591m]    INFO Explorer: All points are stopped at level 1
[ 593m]    INFO Explorer: All points are stopped at level 1
[ 606m]    INFO Explorer: All points are stopped at level 1
[ 608m]    INFO Explorer: All points are stopped at level 1
[ 620m]    INFO Explorer: All points are stopped at level 1
[ 621m]    INFO Explorer: All points are stopped at level 1
[ 641m]    INFO Explorer: All points are stopped at level 1
[ 647m]    INFO Explorer: All points are stopped at level 1
[ 648m]    INFO Explorer: All points are stopped at level 1
[ 649m]    INFO Explorer: All points are stopped at level 1
[ 652m]    INFO Explorer: All points are stopped at level 1
[ 658m]    INFO Explorer: All points are stopped at level 1
[ 659m]    INFO Explorer: All points are stopped at level 1
[ 662m]    INFO Explorer: All points are stopped at level 1
[ 674m]    INFO Explorer: All points are stopped at level 1
[ 675m]    INFO Explorer: All points are stopped at level 1
[ 688m]    INFO Explorer: All points are stopped at level 1
[ 691m]    INFO Explorer: All points are stopped at level 1
[ 702m]    INFO Explorer: All points are stopped at level 1
[ 704m]    INFO Explorer: All points are stopped at level 1
[ 724m]    INFO Explorer: All points are stopped at level 1
[ 729m]    INFO Explorer: All points are stopped at level 1
[ 731m]    INFO Explorer: All points are stopped at level 1
[ 732m]    INFO Explorer: All points are stopped at level 1
[ 735m]    INFO Explorer: All points are stopped at level 1
[ 741m]    INFO Explorer: All points are stopped at level 1
[ 742m]    INFO Explorer: All points are stopped at level 1
[ 745m]    INFO Explorer: All points are stopped at level 1
[ 757m]    INFO Explorer: All points are stopped at level 1
[ 758m]    INFO Explorer: All points are stopped at level 1
[ 771m]    INFO Explorer: All points are stopped at level 1
[ 774m]    INFO Explorer: All points are stopped at level 1
[ 786m]    INFO Explorer: All points are stopped at level 1
[ 787m]    INFO Explorer: All points are stopped at level 1
[ 806m]    INFO Explorer: All points are stopped at level 1
[ 812m]    INFO Explorer: All points are stopped at level 1
[ 813m]    INFO Explorer: All points are stopped at level 1
[ 815m]    INFO Explorer: All points are stopped at level 1
[ 818m]    INFO Explorer: All points are stopped at level 1
[ 823m]    INFO Explorer: All points are stopped at level 1
[ 825m]    INFO Explorer: All points are stopped at level 1
[ 828m]    INFO Explorer: All points are stopped at level 1
[ 839m]    INFO Explorer: All points are stopped at level 1
[ 840m]    INFO Explorer: All points are stopped at level 1
[ 853m]    INFO Explorer: All points are stopped at level 1
[ 856m]    INFO Explorer: All points are stopped at level 1
[ 867m]    INFO Explorer: All points are stopped at level 1
[ 869m]    INFO Explorer: All points are stopped at level 1
[ 888m]    INFO Explorer: All points are stopped at level 1
[ 894m]    INFO Explorer: All points are stopped at level 1
[ 895m]    INFO Explorer: All points are stopped at level 1
[ 897m]    INFO Explorer: All points are stopped at level 1
[ 900m]    INFO Explorer: All points are stopped at level 1
[ 905m]    INFO Explorer: All points are stopped at level 1
[ 907m]    INFO Explorer: All points are stopped at level 1
[ 910m]    INFO Explorer: All points are stopped at level 1
[ 921m]    INFO Explorer: All points are stopped at level 1
[ 922m]    INFO Explorer: All points are stopped at level 1
[ 935m]    INFO Explorer: All points are stopped at level 1
[ 938m]    INFO Explorer: All points are stopped at level 1
[ 949m]    INFO Explorer: All points are stopped at level 1
[ 951m]    INFO Explorer: All points are stopped at level 1
[ 971m]    INFO Explorer: All points are stopped at level 1
[ 976m]    INFO Explorer: All points are stopped at level 1
[ 978m]    INFO Explorer: All points are stopped at level 1
[ 979m]    INFO Explorer: All points are stopped at level 1
[ 982m]    INFO Explorer: All points are stopped at level 1
[ 988m]    INFO Explorer: All points are stopped at level 1
[ 989m]    INFO Explorer: All points are stopped at level 1
[ 992m]    INFO Explorer: All points are stopped at level 1
[1004m]    INFO Explorer: All points are stopped at level 1
[1004m]    INFO Explorer: Explored 1143 points
