DSE Summary
+----------------------------+------+
| Total Explored             | 1369 |
+----------------------------+------+
| Level 1 Timeout            | 0    |
+----------------------------+------+
| Level 1 Analysis Error     | 0    |
+----------------------------+------+
| Level 1 Early Reject       | 1281 |
+----------------------------+------+
| Level 1 Result Unavailable | 0    |
+----------------------------+------+
| Level 2 Timeout            | 21   |
+----------------------------+------+
| Level 2 Analysis Error     | 0    |
+----------------------------+------+
| Level 2 Duplicate          | 0    |
+----------------------------+------+
| Level 2 Result Unavailable | 1    |
+----------------------------+------+

Level 2 Result Details
+----+----------+---------------------------+-------------+-------+------+
| ID |  Perf.   |    BRAM, DSP, LUT, FF     |   Status    | Valid | Time |
+====+==========+===========================+=============+=======+======+
| 0  | 7.47e+05 |  16.0%, 2.0%, 5.0%, 2.0%  |  Finished   |  Yes  | 0.0  |
+----+----------+---------------------------+-------------+-------+------+
| 1  | 6.48e+05 | 13.0%, 5.0%, 33.0%, 15.0% |  Finished   |  Yes  | 0.0  |
+----+----------+---------------------------+-------------+-------+------+
| 2  |   ----   |           ----            |   Timeout   |  No   | 0.0  |
+----+----------+---------------------------+-------------+-------+------+
| 3  | 7.52e+05 |  13.0%, 2.0%, 3.0%, 1.0%  |  Finished   |  Yes  | 0.0  |
+----+----------+---------------------------+-------------+-------+------+
| 4  | 7.48e+05 |  16.0%, 2.0%, 4.0%, 2.0%  |  Finished   |  Yes  | 0.0  |
+----+----------+---------------------------+-------------+-------+------+
| 5  | 7.48e+05 |  16.0%, 2.0%, 4.0%, 2.0%  |  Finished   |  Yes  | 0.0  |
+----+----------+---------------------------+-------------+-------+------+
| 6  |   ----   |           ----            |   Timeout   |  No   | 0.0  |
+----+----------+---------------------------+-------------+-------+------+
| 7  | 7.50e+05 |  13.0%, 2.0%, 3.0%, 1.0%  |  Finished   |  Yes  | 0.0  |
+----+----------+---------------------------+-------------+-------+------+
| 8  |   ----   |           ----            |   Timeout   |  No   | 0.0  |
+----+----------+---------------------------+-------------+-------+------+
| 9  | 7.74e+05 |  13.0%, 2.0%, 3.0%, 1.0%  |  Finished   |  Yes  | 0.0  |
+----+----------+---------------------------+-------------+-------+------+
| 10 | 7.74e+05 |  13.0%, 2.0%, 3.0%, 1.0%  |  Finished   |  Yes  | 0.0  |
+----+----------+---------------------------+-------------+-------+------+
| 11 | 7.48e+05 |  16.0%, 2.0%, 4.0%, 2.0%  |  Finished   |  Yes  | 0.0  |
+----+----------+---------------------------+-------------+-------+------+
| 12 | 7.56e+05 |  13.0%, 2.0%, 3.0%, 1.0%  |  Finished   |  Yes  | 0.0  |
+----+----------+---------------------------+-------------+-------+------+
| 13 | 7.48e+05 |  16.0%, 2.0%, 4.0%, 2.0%  |  Finished   |  Yes  | 0.0  |
+----+----------+---------------------------+-------------+-------+------+
| 14 | 7.59e+05 |  13.0%, 2.0%, 3.0%, 1.0%  |  Finished   |  Yes  | 0.0  |
+----+----------+---------------------------+-------------+-------+------+
| 15 | 8.19e+05 | 2.0%, 5.0%, 31.0%, 11.0%  |  Finished   |  Yes  | 0.0  |
+----+----------+---------------------------+-------------+-------+------+
| 16 |   ----   |           ----            |   Timeout   |  No   | 0.0  |
+----+----------+---------------------------+-------------+-------+------+
| 17 | 7.49e+05 |  13.0%, 2.0%, 4.0%, 2.0%  |  Finished   |  Yes  | 0.0  |
+----+----------+---------------------------+-------------+-------+------+
| 18 |   ----   |           ----            | Unavailable |  No   | 0.0  |
+----+----------+---------------------------+-------------+-------+------+
| 19 | 7.49e+05 |  13.0%, 2.0%, 4.0%, 2.0%  |  Finished   |  Yes  | 0.0  |
+----+----------+---------------------------+-------------+-------+------+
| 20 |   ----   |           ----            |   Timeout   |  No   | 0.0  |
+----+----------+---------------------------+-------------+-------+------+
| 21 | 7.49e+05 |  13.0%, 2.0%, 3.0%, 1.0%  |  Finished   |  Yes  | 0.0  |
+----+----------+---------------------------+-------------+-------+------+
| 22 | 7.50e+05 |  13.0%, 2.0%, 3.0%, 2.0%  |  Finished   |  Yes  | 0.0  |
+----+----------+---------------------------+-------------+-------+------+
| 23 |   ----   |           ----            |   Timeout   |  No   | 0.0  |
+----+----------+---------------------------+-------------+-------+------+
| 24 | 7.50e+05 |  13.0%, 2.0%, 3.0%, 1.0%  |  Finished   |  Yes  | 0.0  |
+----+----------+---------------------------+-------------+-------+------+
| 25 | 6.48e+05 | 13.0%, 5.0%, 37.0%, 13.0% |  Finished   |  Yes  | 0.0  |
+----+----------+---------------------------+-------------+-------+------+
| 26 | 7.49e+05 |  13.0%, 2.0%, 4.0%, 2.0%  |  Finished   |  Yes  | 0.0  |
+----+----------+---------------------------+-------------+-------+------+
| 27 |   ----   |           ----            |   Timeout   |  No   | 0.0  |
+----+----------+---------------------------+-------------+-------+------+
| 28 | 7.47e+05 |  16.0%, 3.0%, 6.0%, 3.0%  |  Finished   |  Yes  | 0.0  |
+----+----------+---------------------------+-------------+-------+------+
| 29 |   ----   |           ----            |   Timeout   |  No   | 0.0  |
+----+----------+---------------------------+-------------+-------+------+
| 30 | 3.75e+05 | 13.0%, 5.0%, 31.0%, 11.0% |  Finished   |  Yes  | 0.0  |
+----+----------+---------------------------+-------------+-------+------+
| 31 | 5.84e+06 |  8.0%, 0.0%, 1.0%, 0.0%   |  Finished   |  Yes  | 0.0  |
+----+----------+---------------------------+-------------+-------+------+
| 32 | 2.96e+06 |  13.0%, 0.0%, 1.0%, 1.0%  |  Finished   |  Yes  | 0.0  |
+----+----------+---------------------------+-------------+-------+------+
| 33 | 7.47e+05 |  16.0%, 2.0%, 5.0%, 2.0%  |  Finished   |  Yes  | 0.0  |
+----+----------+---------------------------+-------------+-------+------+
| 34 | 7.48e+05 |  16.0%, 2.0%, 4.0%, 2.0%  |  Finished   |  Yes  | 0.0  |
+----+----------+---------------------------+-------------+-------+------+
| 35 | 5.78e+06 |  19.0%, 2.0%, 6.0%, 4.0%  |  Finished   |  Yes  | 0.0  |
+----+----------+---------------------------+-------------+-------+------+
| 36 | 8.19e+05 | 2.0%, 5.0%, 31.0%, 11.0%  |  Finished   |  Yes  | 0.0  |
+----+----------+---------------------------+-------------+-------+------+
| 37 | 7.48e+05 |  16.0%, 2.0%, 4.0%, 2.0%  |  Finished   |  Yes  | 0.0  |
+----+----------+---------------------------+-------------+-------+------+
| 38 | 7.49e+05 |  13.0%, 2.0%, 4.0%, 2.0%  |  Finished   |  Yes  | 0.0  |
+----+----------+---------------------------+-------------+-------+------+
| 39 | 1.52e+06 |  13.0%, 1.0%, 2.0%, 1.0%  |  Finished   |  Yes  | 0.0  |
+----+----------+---------------------------+-------------+-------+------+
| 40 |   ----   |           ----            |   Timeout   |  No   | 0.0  |
+----+----------+---------------------------+-------------+-------+------+
| 41 | 7.50e+05 |  13.0%, 2.0%, 3.0%, 1.0%  |  Finished   |  Yes  | 0.0  |
+----+----------+---------------------------+-------------+-------+------+
| 42 |   ----   |           ----            |   Timeout   |  No   | 0.0  |
+----+----------+---------------------------+-------------+-------+------+
| 43 | 7.49e+05 |  13.0%, 2.0%, 4.0%, 2.0%  |  Finished   |  Yes  | 0.0  |
+----+----------+---------------------------+-------------+-------+------+
| 44 |   ----   |           ----            |   Timeout   |  No   | 0.0  |
+----+----------+---------------------------+-------------+-------+------+
| 45 | 5.79e+06 |  19.0%, 1.0%, 7.0%, 3.0%  |  Finished   |  Yes  | 0.0  |
+----+----------+---------------------------+-------------+-------+------+
| 46 | 1.16e+07 |  13.0%, 0.0%, 1.0%, 0.0%  |  Finished   |  Yes  | 0.0  |
+----+----------+---------------------------+-------------+-------+------+
| 47 | 7.49e+05 |  13.0%, 2.0%, 4.0%, 2.0%  |  Finished   |  Yes  | 0.0  |
+----+----------+---------------------------+-------------+-------+------+
| 48 | 3.96e+05 | 13.0%, 5.0%, 31.0%, 10.0% |  Finished   |  Yes  | 0.0  |
+----+----------+---------------------------+-------------+-------+------+
| 49 | 7.52e+05 |  13.0%, 2.0%, 3.0%, 1.0%  |  Finished   |  Yes  | 0.0  |
+----+----------+---------------------------+-------------+-------+------+
| 50 | 3.75e+05 | 13.0%, 5.0%, 32.0%, 12.0% |  Finished   |  Yes  | 0.0  |
+----+----------+---------------------------+-------------+-------+------+
| 51 | 7.51e+05 |  13.0%, 2.0%, 3.0%, 2.0%  |  Finished   |  Yes  | 0.0  |
+----+----------+---------------------------+-------------+-------+------+
| 52 |   ----   |           ----            |   Timeout   |  No   | 0.0  |
+----+----------+---------------------------+-------------+-------+------+
| 53 | 7.47e+05 |  16.0%, 2.0%, 5.0%, 2.0%  |  Finished   |  Yes  | 0.0  |
+----+----------+---------------------------+-------------+-------+------+
| 54 |   ----   |           ----            |   Timeout   |  No   | 0.0  |
+----+----------+---------------------------+-------------+-------+------+
| 55 |   ----   |           ----            |   Timeout   |  No   | 0.0  |
+----+----------+---------------------------+-------------+-------+------+
| 56 | 8.19e+05 | 2.0%, 5.0%, 30.0%, 10.0%  |  Finished   |  Yes  | 0.0  |
+----+----------+---------------------------+-------------+-------+------+
| 57 |   ----   |           ----            |   Timeout   |  No   | 0.0  |
+----+----------+---------------------------+-------------+-------+------+
| 58 | 3.96e+05 | 13.0%, 5.0%, 31.0%, 10.0% |  Finished   |  Yes  | 0.0  |
+----+----------+---------------------------+-------------+-------+------+
| 59 |   ----   |           ----            |   Timeout   |  No   | 0.0  |
+----+----------+---------------------------+-------------+-------+------+
| 60 | 7.47e+05 |  16.0%, 3.0%, 6.0%, 3.0%  |  Finished   |  Yes  | 0.0  |
+----+----------+---------------------------+-------------+-------+------+
| 61 | 8.36e+05 | 2.0%, 5.0%, 30.0%, 10.0%  |  Finished   |  Yes  | 0.0  |
+----+----------+---------------------------+-------------+-------+------+
| 62 | 6.48e+05 | 13.0%, 5.0%, 31.0%, 10.0% |  Finished   |  Yes  | 0.0  |
+----+----------+---------------------------+-------------+-------+------+
| 63 | 5.04e+05 | 13.0%, 5.0%, 32.0%, 11.0% |  Finished   |  Yes  | 0.0  |
+----+----------+---------------------------+-------------+-------+------+
| 64 | 3.75e+05 | 13.0%, 5.0%, 32.0%, 12.0% |  Finished   |  Yes  | 0.0  |
+----+----------+---------------------------+-------------+-------+------+
| 65 | 7.64e+05 |  13.0%, 2.0%, 3.0%, 1.0%  |  Finished   |  Yes  | 0.0  |
+----+----------+---------------------------+-------------+-------+------+
| 66 |   ----   |           ----            |   Timeout   |  No   | 0.0  |
+----+----------+---------------------------+-------------+-------+------+
| 67 |   ----   |           ----            |   Timeout   |  No   | 0.0  |
+----+----------+---------------------------+-------------+-------+------+
| 68 | 7.74e+05 |  13.0%, 2.0%, 3.0%, 1.0%  |  Finished   |  Yes  | 0.0  |
+----+----------+---------------------------+-------------+-------+------+
| 69 |   ----   |           ----            |   Timeout   |  No   | 0.0  |
+----+----------+---------------------------+-------------+-------+------+
| 70 | 7.47e+05 |  16.0%, 3.0%, 6.0%, 3.0%  |  Finished   |  Yes  | 0.0  |
+----+----------+---------------------------+-------------+-------+------+
| 71 | 8.03e+05 |  13.0%, 2.0%, 3.0%, 1.0%  |  Finished   |  Yes  | 0.0  |
+----+----------+---------------------------+-------------+-------+------+
| 72 | 7.52e+05 |  13.0%, 2.0%, 3.0%, 1.0%  |  Finished   |  Yes  | 0.0  |
+----+----------+---------------------------+-------------+-------+------+
| 73 | 7.59e+05 |  13.0%, 2.0%, 3.0%, 1.0%  |  Finished   |  Yes  | 0.0  |
+----+----------+---------------------------+-------------+-------+------+
| 74 |   ----   |           ----            |   Timeout   |  No   | 0.0  |
+----+----------+---------------------------+-------------+-------+------+
| 75 | 3.96e+05 | 13.0%, 5.0%, 32.0%, 11.0% |  Finished   |  Yes  | 0.0  |
+----+----------+---------------------------+-------------+-------+------+
| 76 | 6.48e+05 | 13.0%, 5.0%, 32.0%, 11.0% |  Finished   |  Yes  | 0.0  |
+----+----------+---------------------------+-------------+-------+------+
| 77 | 4.32e+05 | 13.0%, 5.0%, 32.0%, 11.0% |  Finished   |  Yes  | 0.0  |
+----+----------+---------------------------+-------------+-------+------+
| 78 | 7.49e+05 |  13.0%, 2.0%, 3.0%, 1.0%  |  Finished   |  Yes  | 0.0  |
+----+----------+---------------------------+-------------+-------+------+
| 79 | 7.59e+05 |  13.0%, 2.0%, 3.0%, 1.0%  |  Finished   |  Yes  | 0.0  |
+----+----------+---------------------------+-------------+-------+------+
| 80 | 3.96e+05 | 13.0%, 5.0%, 32.0%, 11.0% |  Finished   |  Yes  | 0.0  |
+----+----------+---------------------------+-------------+-------+------+
| 81 | 8.19e+05 | 2.0%, 5.0%, 30.0%, 10.0%  |  Finished   |  Yes  | 0.0  |
+----+----------+---------------------------+-------------+-------+------+
| 82 |   ----   |           ----            |   Timeout   |  No   | 0.0  |
+----+----------+---------------------------+-------------+-------+------+
| 83 | 7.49e+05 |  13.0%, 2.0%, 3.0%, 1.0%  |  Finished   |  Yes  | 0.0  |
+----+----------+---------------------------+-------------+-------+------+
| 84 | 7.51e+05 |  13.0%, 2.0%, 3.0%, 2.0%  |  Finished   |  Yes  | 0.0  |
+----+----------+---------------------------+-------------+-------+------+
| 85 | 3.75e+05 | 13.0%, 5.0%, 32.0%, 12.0% |  Finished   |  Yes  | 0.0  |
+----+----------+---------------------------+-------------+-------+------+
| 86 | 7.55e+05 |  13.0%, 2.0%, 3.0%, 1.0%  |  Finished   |  Yes  | 0.0  |
+----+----------+---------------------------+-------------+-------+------+
| 87 | 3.75e+05 | 13.0%, 5.0%, 31.0%, 11.0% |  Finished   |  Yes  | 0.0  |
+----+----------+---------------------------+-------------+-------+------+

Explored Points
+----+-----------+-----------+-----------+-----------+-----------+-----------+----------+----------+
| ID | __PARA__L | __PARA__L | __PARA__L | __PARA__L | __PIPE__L | __PIPE__L | __TILE__ | __TILE__ |
|    |     0     |     1     |     2     |     3     |     0     |     2     |    L0    |    L2    |
+====+===========+===========+===========+===========+===========+===========+==========+==========+
| 0  |     1     |    60     |     1     |    16     |    off    |    off    |    1     |   200    |
+----+-----------+-----------+-----------+-----------+-----------+-----------+----------+----------+
| 1  |     1     |     1     |     8     |     1     |    off    |  flatten  |    1     |    1     |
+----+-----------+-----------+-----------+-----------+-----------+-----------+----------+----------+
| 2  |    16     |     1     |     1     |     1     |  flatten  |    off    |    1     |    1     |
+----+-----------+-----------+-----------+-----------+-----------+-----------+----------+----------+
| 3  |     1     |     8     |     1     |    16     |    off    |    off    |    1     |    1     |
+----+-----------+-----------+-----------+-----------+-----------+-----------+----------+----------+
| 4  |     1     |    40     |     1     |    16     |    off    |    off    |    1     |    1     |
+----+-----------+-----------+-----------+-----------+-----------+-----------+----------+----------+
| 5  |     1     |    48     |     1     |    16     |    off    |    off    |   240    |    1     |
+----+-----------+-----------+-----------+-----------+-----------+-----------+----------+----------+
| 6  |    40     |     1     |     1     |     1     |  flatten  |    off    |    1     |    1     |
+----+-----------+-----------+-----------+-----------+-----------+-----------+----------+----------+
| 7  |     1     |    12     |     1     |    16     |    off    |    off    |    1     |   200    |
+----+-----------+-----------+-----------+-----------+-----------+-----------+----------+----------+
| 8  |     1     |     1     |     1     |     1     |  flatten  |    off    |   240    |    1     |
+----+-----------+-----------+-----------+-----------+-----------+-----------+----------+----------+
| 9  |     1     |     2     |     1     |    16     |    off    |    off    |    1     |   200    |
+----+-----------+-----------+-----------+-----------+-----------+-----------+----------+----------+
| 10 |     1     |     2     |     1     |    16     |    off    |    off    |    1     |    1     |
+----+-----------+-----------+-----------+-----------+-----------+-----------+----------+----------+
| 11 |     1     |    48     |     1     |    16     |    off    |    off    |    1     |   200    |
+----+-----------+-----------+-----------+-----------+-----------+-----------+----------+----------+
| 12 |     1     |     5     |     1     |    16     |    off    |    off    |    1     |    1     |
+----+-----------+-----------+-----------+-----------+-----------+-----------+----------+----------+
| 13 |     1     |    40     |     1     |    16     |    off    |    off    |    1     |   200    |
+----+-----------+-----------+-----------+-----------+-----------+-----------+----------+----------+
| 14 |     1     |     4     |     1     |    16     |    off    |    off    |    1     |    1     |
+----+-----------+-----------+-----------+-----------+-----------+-----------+----------+----------+
| 15 |     1     |    16     |     2     |     1     |    off    |  flatten  |   120    |    1     |
+----+-----------+-----------+-----------+-----------+-----------+-----------+----------+----------+
| 16 |     4     |     1     |     1     |     1     |  flatten  |    off    |    1     |    1     |
+----+-----------+-----------+-----------+-----------+-----------+-----------+----------+----------+
| 17 |     1     |    15     |     1     |    16     |    off    |    off    |    1     |    1     |
+----+-----------+-----------+-----------+-----------+-----------+-----------+----------+----------+
| 18 |     2     |     1     |     1     |     1     |  flatten  |    off    |    1     |    1     |
+----+-----------+-----------+-----------+-----------+-----------+-----------+----------+----------+
| 19 |     1     |    30     |     1     |    16     |    off    |    off    |    1     |   200    |
+----+-----------+-----------+-----------+-----------+-----------+-----------+----------+----------+
| 20 |    240    |     1     |     1     |     1     |  flatten  |    off    |    1     |    1     |
+----+-----------+-----------+-----------+-----------+-----------+-----------+----------+----------+
| 21 |     1     |    16     |     1     |    16     |    off    |    off    |    1     |   200    |
+----+-----------+-----------+-----------+-----------+-----------+-----------+----------+----------+
| 22 |     1     |    24     |     1     |    16     |    off    |    off    |    1     |    1     |
+----+-----------+-----------+-----------+-----------+-----------+-----------+----------+----------+
| 23 |     3     |     1     |     1     |     1     |  flatten  |    off    |    1     |    1     |
+----+-----------+-----------+-----------+-----------+-----------+-----------+----------+----------+
| 24 |     1     |    12     |     1     |    16     |    off    |    off    |   240    |    1     |
+----+-----------+-----------+-----------+-----------+-----------+-----------+----------+----------+
| 25 |     1     |     1     |     4     |     1     |    off    |  flatten  |    1     |    1     |
+----+-----------+-----------+-----------+-----------+-----------+-----------+----------+----------+
| 26 |     1     |    15     |     1     |    16     |    off    |    off    |    1     |   200    |
+----+-----------+-----------+-----------+-----------+-----------+-----------+----------+----------+
| 27 |    60     |     1     |     1     |     1     |  flatten  |    off    |    1     |    1     |
+----+-----------+-----------+-----------+-----------+-----------+-----------+----------+----------+
| 28 |     1     |    80     |     1     |    16     |    off    |    off    |    1     |   200    |
+----+-----------+-----------+-----------+-----------+-----------+-----------+----------+----------+
| 29 |    30     |     1     |     1     |     1     |  flatten  |    off    |    1     |    1     |
+----+-----------+-----------+-----------+-----------+-----------+-----------+----------+----------+
| 30 |     1     |    16     |     1     |     1     |    off    |  flatten  |   240    |    1     |
+----+-----------+-----------+-----------+-----------+-----------+-----------+----------+----------+
| 31 |     1     |     1     |     1     |     2     |    off    |    off    |    1     |    1     |
+----+-----------+-----------+-----------+-----------+-----------+-----------+----------+----------+
| 32 |     1     |     1     |     1     |     4     |    off    |    off    |    1     |    1     |
+----+-----------+-----------+-----------+-----------+-----------+-----------+----------+----------+
| 33 |     1     |    60     |     1     |    16     |    off    |    off    |   240    |    1     |
+----+-----------+-----------+-----------+-----------+-----------+-----------+----------+----------+
| 34 |     1     |    40     |     1     |    16     |    off    |    off    |   240    |    1     |
+----+-----------+-----------+-----------+-----------+-----------+-----------+----------+----------+
| 35 |     1     |    240    |     1     |    16     |    off    |    off    |    1     |    1     |
+----+-----------+-----------+-----------+-----------+-----------+-----------+----------+----------+
| 36 |     1     |    16     |     2     |     1     |           |  flatten  |   120    |    1     |
+----+-----------+-----------+-----------+-----------+-----------+-----------+----------+----------+
| 37 |     1     |    48     |     1     |    16     |    off    |    off    |    1     |    1     |
+----+-----------+-----------+-----------+-----------+-----------+-----------+----------+----------+
| 38 |     1     |    30     |     1     |    16     |    off    |    off    |    1     |    1     |
+----+-----------+-----------+-----------+-----------+-----------+-----------+----------+----------+
| 39 |     1     |     1     |     1     |     8     |    off    |    off    |    1     |    1     |
+----+-----------+-----------+-----------+-----------+-----------+-----------+----------+----------+
| 40 |     5     |     1     |     1     |     1     |  flatten  |    off    |    1     |    1     |
+----+-----------+-----------+-----------+-----------+-----------+-----------+----------+----------+
| 41 |     1     |    12     |     1     |    16     |    off    |    off    |    1     |    1     |
+----+-----------+-----------+-----------+-----------+-----------+-----------+----------+----------+
| 42 |     1     |     1     |     1     |     1     |  flatten  |    off    |    1     |    1     |
+----+-----------+-----------+-----------+-----------+-----------+-----------+----------+----------+
| 43 |     1     |    15     |     1     |    16     |    off    |    off    |   240    |    1     |
+----+-----------+-----------+-----------+-----------+-----------+-----------+----------+----------+
| 44 |    12     |     1     |     1     |     1     |  flatten  |    off    |    1     |    1     |
+----+-----------+-----------+-----------+-----------+-----------+-----------+----------+----------+
| 45 |     1     |    120    |     1     |    16     |    off    |    off    |    1     |    1     |
+----+-----------+-----------+-----------+-----------+-----------+-----------+----------+----------+
| 46 |     1     |     1     |     1     |     1     |    off    |    off    |    1     |    1     |
+----+-----------+-----------+-----------+-----------+-----------+-----------+----------+----------+
| 47 |     1     |    30     |     1     |    16     |    off    |    off    |   240    |    1     |
+----+-----------+-----------+-----------+-----------+-----------+-----------+----------+----------+
| 48 |     1     |     8     |     1     |     1     |    off    |  flatten  |    1     |   200    |
+----+-----------+-----------+-----------+-----------+-----------+-----------+----------+----------+
| 49 |     1     |     8     |     1     |    16     |    off    |    off    |   240    |    1     |
+----+-----------+-----------+-----------+-----------+-----------+-----------+----------+----------+
| 50 |     1     |    16     |     2     |     1     |    off    |  flatten  |   240    |    1     |
+----+-----------+-----------+-----------+-----------+-----------+-----------+----------+----------+
| 51 |     1     |    10     |     1     |    16     |    off    |    off    |    1     |    1     |
+----+-----------+-----------+-----------+-----------+-----------+-----------+----------+----------+
| 52 |    48     |     1     |     1     |     1     |  flatten  |    off    |    1     |    1     |
+----+-----------+-----------+-----------+-----------+-----------+-----------+----------+----------+
| 53 |     1     |    60     |     1     |    16     |    off    |    off    |    1     |    1     |
+----+-----------+-----------+-----------+-----------+-----------+-----------+----------+----------+
| 54 |     6     |     1     |     1     |     1     |  flatten  |    off    |    1     |    1     |
+----+-----------+-----------+-----------+-----------+-----------+-----------+----------+----------+
| 55 |     8     |     1     |     1     |     1     |  flatten  |    off    |    1     |    1     |
+----+-----------+-----------+-----------+-----------+-----------+-----------+----------+----------+
| 56 |     1     |    16     |     1     |     1     |    off    |  flatten  |   120    |    1     |
+----+-----------+-----------+-----------+-----------+-----------+-----------+----------+----------+
| 57 |    15     |     1     |     1     |     1     |  flatten  |    off    |    1     |    1     |
+----+-----------+-----------+-----------+-----------+-----------+-----------+----------+----------+
| 58 |     1     |     8     |     1     |     1     |    off    |  flatten  |   240    |    1     |
+----+-----------+-----------+-----------+-----------+-----------+-----------+----------+----------+
| 59 |    120    |     1     |     1     |     1     |  flatten  |    off    |    1     |    1     |
+----+-----------+-----------+-----------+-----------+-----------+-----------+----------+----------+
| 60 |     1     |    80     |     1     |    16     |    off    |    off    |    1     |    1     |
+----+-----------+-----------+-----------+-----------+-----------+-----------+----------+----------+
| 61 |     1     |     8     |     1     |     1     |    off    |  flatten  |   120    |    1     |
+----+-----------+-----------+-----------+-----------+-----------+-----------+----------+----------+
| 62 |     1     |     1     |     1     |     1     |    off    |  flatten  |    1     |    1     |
+----+-----------+-----------+-----------+-----------+-----------+-----------+----------+----------+
| 63 |     1     |     2     |     2     |     1     |    off    |  flatten  |    1     |    1     |
+----+-----------+-----------+-----------+-----------+-----------+-----------+----------+----------+
| 64 |     1     |    16     |     2     |     1     |    off    |  flatten  |    1     |    1     |
+----+-----------+-----------+-----------+-----------+-----------+-----------+----------+----------+
| 65 |     1     |     3     |     1     |    16     |    off    |    off    |    1     |    1     |
+----+-----------+-----------+-----------+-----------+-----------+-----------+----------+----------+
| 66 |    10     |     1     |     1     |     1     |  flatten  |    off    |    1     |    1     |
+----+-----------+-----------+-----------+-----------+-----------+-----------+----------+----------+
| 67 |    24     |     1     |     1     |     1     |  flatten  |    off    |    1     |    1     |
+----+-----------+-----------+-----------+-----------+-----------+-----------+----------+----------+
| 68 |     1     |     2     |     1     |    16     |    off    |    off    |   240    |    1     |
+----+-----------+-----------+-----------+-----------+-----------+-----------+----------+----------+
| 69 |    20     |     1     |     1     |     1     |  flatten  |    off    |    1     |    1     |
+----+-----------+-----------+-----------+-----------+-----------+-----------+----------+----------+
| 70 |     1     |    80     |     1     |    16     |    off    |    off    |   240    |    1     |
+----+-----------+-----------+-----------+-----------+-----------+-----------+----------+----------+
| 71 |     1     |     1     |     1     |    16     |    off    |    off    |    1     |    1     |
+----+-----------+-----------+-----------+-----------+-----------+-----------+----------+----------+
| 72 |     1     |     8     |     1     |    16     |    off    |    off    |    1     |   200    |
+----+-----------+-----------+-----------+-----------+-----------+-----------+----------+----------+
| 73 |     1     |     4     |     1     |    16     |    off    |    off    |   240    |    1     |
+----+-----------+-----------+-----------+-----------+-----------+-----------+----------+----------+
| 74 |    80     |     1     |     1     |     1     |  flatten  |    off    |    1     |    1     |
+----+-----------+-----------+-----------+-----------+-----------+-----------+----------+----------+
| 75 |     1     |     8     |     2     |     1     |    off    |  flatten  |    1     |   100    |
+----+-----------+-----------+-----------+-----------+-----------+-----------+----------+----------+
| 76 |     1     |     1     |     2     |     1     |    off    |  flatten  |    1     |    1     |
+----+-----------+-----------+-----------+-----------+-----------+-----------+----------+----------+
| 77 |     1     |     4     |     2     |     1     |    off    |  flatten  |    1     |    1     |
+----+-----------+-----------+-----------+-----------+-----------+-----------+----------+----------+
| 78 |     1     |    16     |     1     |    16     |    off    |    off    |   240    |    1     |
+----+-----------+-----------+-----------+-----------+-----------+-----------+----------+----------+
| 79 |     1     |     4     |     1     |    16     |    off    |    off    |    1     |   200    |
+----+-----------+-----------+-----------+-----------+-----------+-----------+----------+----------+
| 80 |     1     |     8     |     2     |     1     |    off    |  flatten  |    1     |    1     |
+----+-----------+-----------+-----------+-----------+-----------+-----------+----------+----------+
| 81 |     1     |    16     |     1     |     1     |           |  flatten  |   120    |    1     |
+----+-----------+-----------+-----------+-----------+-----------+-----------+----------+----------+
| 82 |     1     |     1     |     1     |     1     |  flatten  |    off    |   120    |    1     |
+----+-----------+-----------+-----------+-----------+-----------+-----------+----------+----------+
| 83 |     1     |    16     |     1     |    16     |    off    |    off    |    1     |    1     |
+----+-----------+-----------+-----------+-----------+-----------+-----------+----------+----------+
| 84 |     1     |    20     |     1     |    16     |    off    |    off    |    1     |    1     |
+----+-----------+-----------+-----------+-----------+-----------+-----------+----------+----------+
| 85 |     1     |    16     |     2     |     1     |    off    |  flatten  |    1     |   100    |
+----+-----------+-----------+-----------+-----------+-----------+-----------+----------+----------+
| 86 |     1     |     6     |     1     |    16     |    off    |    off    |    1     |    1     |
+----+-----------+-----------+-----------+-----------+-----------+-----------+----------+----------+
| 87 |     1     |    16     |     1     |     1     |    off    |  flatten  |    1     |   200    |
+----+-----------+-----------+-----------+-----------+-----------+-----------+----------+----------+
