

================================================================
== Vitis HLS Report for 'kernel_gemm_Pipeline_L2'
================================================================
* Date:           Fri Apr 19 16:00:24 2024

* Version:        2023.2 (Build 4023990 on Oct 11 2023)
* Project:        kernel_gemm
* Solution:       solution (Vitis Kernel Flow Target)
* Product family: virtexuplus
* Target device:  xcu200-fsgd2104-2-e


================================================================
== Performance Estimates
================================================================
+ Timing: 
    * Summary: 
    +--------+---------+----------+------------+
    |  Clock |  Target | Estimated| Uncertainty|
    +--------+---------+----------+------------+
    |ap_clk  |  4.00 ns|  2.920 ns|     1.08 ns|
    +--------+---------+----------+------------+

+ Latency: 
    * Summary: 
    +---------+---------+-----------+-----------+------+------+---------+
    |  Latency (cycles) |   Latency (absolute)  |   Interval  | Pipeline|
    |   min   |   max   |    min    |    max    |  min |  max |   Type  |
    +---------+---------+-----------+-----------+------+------+---------+
    |     4803|     4803|  19.212 us|  19.212 us|  4803|  4803|       no|
    +---------+---------+-----------+-----------+------+------+---------+

    + Detail: 
        * Instance: 
        N/A

        * Loop: 
        +----------+---------+---------+----------+-----------+-----------+------+----------+
        |          |  Latency (cycles) | Iteration|  Initiation Interval  | Trip |          |
        | Loop Name|   min   |   max   |  Latency |  achieved |   target  | Count| Pipelined|
        +----------+---------+---------+----------+-----------+-----------+------+----------+
        |- L2      |     4801|     4801|         3|          1|          1|  4800|       yes|
        +----------+---------+---------+----------+-----------+-----------+------+----------+

============================================================
+ Verbose Summary: Synthesis Manager
============================================================
InlineROM: 1
ExposeGlobal: 0
============================================================
+ Verbose Summary: CDFG Model
============================================================
IsTopModel: 0
ResetActiveHigh: 1
IsCombinational: 0
IsDatapathOnly: 0
HasWiredReturn: 1
HasMFsm: 2
HasVarLatency: 1
IsPipeline: 0
IsRtlPipelined: 0
IsInstanceOverlapped: 0
IsDontTouch: 0
HasImplIP: 0
IsGatedGlobalClock: 0

+ Individual pipeline summary: 
  * Pipeline-0: initiation interval (II) = 1, depth = 3


============================================================
+ Verbose Summary: Schedule
============================================================
* Number of FSM states : 3
* Pipeline : 1
  Pipeline-0 : II = 1, D = 3, States = { 1 2 3 }
* Dataflow Pipeline: 0

* FSM state transitions: 
1 --> 2 
2 --> 3 
3 --> 

* FSM state operations: 

State 1 <SV = 0> <Delay = 1.52>
ST_1 : Operation 6 [1/1] (0.00ns)   --->   "%i = alloca i32 1" [/home/spouget/iccad_24/autodse_without_tree_reduction/bert_100_768/_done/work_dir/output/fast/0/.merlin_prj/run/implement/exec/hls/mars_wide_bus_3d.h:1664->/home/spouget/iccad_24/autodse_without_tree_reduction/bert_100_768/_done/work_dir/output/fast/0/.merlin_prj/run/implement/exec/hls/__merlinkernel_kernel_gemm.c:74]   --->   Operation 6 'alloca' 'i' <Predicate = true> <Delay = 0.00>
ST_1 : Operation 7 [1/1] (0.00ns)   --->   "%index3 = alloca i32 1" [/home/spouget/iccad_24/autodse_without_tree_reduction/bert_100_768/_done/work_dir/output/fast/0/.merlin_prj/run/implement/exec/hls/mars_wide_bus_3d.h:1665->/home/spouget/iccad_24/autodse_without_tree_reduction/bert_100_768/_done/work_dir/output/fast/0/.merlin_prj/run/implement/exec/hls/__merlinkernel_kernel_gemm.c:74]   --->   Operation 7 'alloca' 'index3' <Predicate = true> <Delay = 0.00>
ST_1 : Operation 8 [1/1] (0.00ns)   --->   "%index2 = alloca i32 1" [/home/spouget/iccad_24/autodse_without_tree_reduction/bert_100_768/_done/work_dir/output/fast/0/.merlin_prj/run/implement/exec/hls/mars_wide_bus_3d.h:1665->/home/spouget/iccad_24/autodse_without_tree_reduction/bert_100_768/_done/work_dir/output/fast/0/.merlin_prj/run/implement/exec/hls/__merlinkernel_kernel_gemm.c:74]   --->   Operation 8 'alloca' 'index2' <Predicate = true> <Delay = 0.00>
ST_1 : Operation 9 [1/1] (0.00ns)   --->   "%sext_ln1705_read = read i58 @_ssdm_op_Read.ap_auto.i58, i58 %sext_ln1705"   --->   Operation 9 'read' 'sext_ln1705_read' <Predicate = true> <Delay = 0.00>
ST_1 : Operation 10 [1/1] (0.00ns)   --->   "%sext_ln1705_cast = sext i58 %sext_ln1705_read"   --->   Operation 10 'sext' 'sext_ln1705_cast' <Predicate = true> <Delay = 0.00>
ST_1 : Operation 11 [1/1] (0.00ns)   --->   "%specinterface_ln0 = specinterface void @_ssdm_op_SpecInterface, i512 %merlin_gmem_kernel_gemm_512_C, void @empty_12, i32 0, i32 0, void @empty_0, i32 64, i32 4800, void @empty_1, void @empty_8, void @empty_0, i32 16, i32 16, i32 16, i32 16, void @empty_0, void @empty_0, i32 4294967295, i32 0"   --->   Operation 11 'specinterface' 'specinterface_ln0' <Predicate = true> <Delay = 0.00>
ST_1 : Operation 12 [1/1] (0.38ns)   --->   "%store_ln1665 = store i64 0, i64 %index2" [/home/spouget/iccad_24/autodse_without_tree_reduction/bert_100_768/_done/work_dir/output/fast/0/.merlin_prj/run/implement/exec/hls/mars_wide_bus_3d.h:1665->/home/spouget/iccad_24/autodse_without_tree_reduction/bert_100_768/_done/work_dir/output/fast/0/.merlin_prj/run/implement/exec/hls/__merlinkernel_kernel_gemm.c:74]   --->   Operation 12 'store' 'store_ln1665' <Predicate = true> <Delay = 0.38>
ST_1 : Operation 13 [1/1] (0.38ns)   --->   "%store_ln1665 = store i13 0, i13 %index3" [/home/spouget/iccad_24/autodse_without_tree_reduction/bert_100_768/_done/work_dir/output/fast/0/.merlin_prj/run/implement/exec/hls/mars_wide_bus_3d.h:1665->/home/spouget/iccad_24/autodse_without_tree_reduction/bert_100_768/_done/work_dir/output/fast/0/.merlin_prj/run/implement/exec/hls/__merlinkernel_kernel_gemm.c:74]   --->   Operation 13 'store' 'store_ln1665' <Predicate = true> <Delay = 0.38>
ST_1 : Operation 14 [1/1] (0.38ns)   --->   "%store_ln1664 = store i13 0, i13 %i" [/home/spouget/iccad_24/autodse_without_tree_reduction/bert_100_768/_done/work_dir/output/fast/0/.merlin_prj/run/implement/exec/hls/mars_wide_bus_3d.h:1664->/home/spouget/iccad_24/autodse_without_tree_reduction/bert_100_768/_done/work_dir/output/fast/0/.merlin_prj/run/implement/exec/hls/__merlinkernel_kernel_gemm.c:74]   --->   Operation 14 'store' 'store_ln1664' <Predicate = true> <Delay = 0.38>
ST_1 : Operation 15 [1/1] (0.00ns)   --->   "%br_ln0 = br void %for.body62.i"   --->   Operation 15 'br' 'br_ln0' <Predicate = true> <Delay = 0.00>
ST_1 : Operation 16 [1/1] (0.00ns)   --->   "%i_6 = load i13 %i" [/home/spouget/iccad_24/autodse_without_tree_reduction/bert_100_768/_done/work_dir/output/fast/0/.merlin_prj/run/implement/exec/hls/mars_wide_bus_3d.h:1705->/home/spouget/iccad_24/autodse_without_tree_reduction/bert_100_768/_done/work_dir/output/fast/0/.merlin_prj/run/implement/exec/hls/__merlinkernel_kernel_gemm.c:74]   --->   Operation 16 'load' 'i_6' <Predicate = true> <Delay = 0.00>
ST_1 : Operation 17 [1/1] (0.00ns)   --->   "%specbitsmap_ln0 = specbitsmap void @_ssdm_op_SpecBitsMap, i512 %merlin_gmem_kernel_gemm_512_C"   --->   Operation 17 'specbitsmap' 'specbitsmap_ln0' <Predicate = true> <Delay = 0.00>
ST_1 : Operation 18 [1/1] (0.75ns)   --->   "%icmp_ln1705 = icmp_eq  i13 %i_6, i13 4800" [/home/spouget/iccad_24/autodse_without_tree_reduction/bert_100_768/_done/work_dir/output/fast/0/.merlin_prj/run/implement/exec/hls/mars_wide_bus_3d.h:1705->/home/spouget/iccad_24/autodse_without_tree_reduction/bert_100_768/_done/work_dir/output/fast/0/.merlin_prj/run/implement/exec/hls/__merlinkernel_kernel_gemm.c:74]   --->   Operation 18 'icmp' 'icmp_ln1705' <Predicate = true> <Delay = 0.75> <CoreInst = "Cmp">   --->   Core 9 'Cmp' <Latency = 0> <II = 1> <Delay = 0.75> <FuncUnit> <Opcode : 'icmp'> <InPorts = 2> <OutPorts = 1>
ST_1 : Operation 19 [1/1] (0.75ns)   --->   "%i_7 = add i13 %i_6, i13 1" [/home/spouget/iccad_24/autodse_without_tree_reduction/bert_100_768/_done/work_dir/output/fast/0/.merlin_prj/run/implement/exec/hls/mars_wide_bus_3d.h:1705->/home/spouget/iccad_24/autodse_without_tree_reduction/bert_100_768/_done/work_dir/output/fast/0/.merlin_prj/run/implement/exec/hls/__merlinkernel_kernel_gemm.c:74]   --->   Operation 19 'add' 'i_7' <Predicate = true> <Delay = 0.75> <CoreInst = "Adder">   --->   Core 1 'Adder' <Latency = 0> <II = 1> <Delay = 0.75> <FuncUnit> <Opcode : 'add' 'sub'> <InPorts = 2> <OutPorts = 1>
ST_1 : Operation 20 [1/1] (0.00ns)   --->   "%br_ln1705 = br i1 %icmp_ln1705, void %for.body62.i.split, void %memcpy_wide_bus_read_float_3d_96_8_512.exit.exitStub" [/home/spouget/iccad_24/autodse_without_tree_reduction/bert_100_768/_done/work_dir/output/fast/0/.merlin_prj/run/implement/exec/hls/mars_wide_bus_3d.h:1705->/home/spouget/iccad_24/autodse_without_tree_reduction/bert_100_768/_done/work_dir/output/fast/0/.merlin_prj/run/implement/exec/hls/__merlinkernel_kernel_gemm.c:74]   --->   Operation 20 'br' 'br_ln1705' <Predicate = true> <Delay = 0.00>
ST_1 : Operation 21 [1/1] (0.38ns)   --->   "%store_ln1664 = store i13 %i_7, i13 %i" [/home/spouget/iccad_24/autodse_without_tree_reduction/bert_100_768/_done/work_dir/output/fast/0/.merlin_prj/run/implement/exec/hls/mars_wide_bus_3d.h:1664->/home/spouget/iccad_24/autodse_without_tree_reduction/bert_100_768/_done/work_dir/output/fast/0/.merlin_prj/run/implement/exec/hls/__merlinkernel_kernel_gemm.c:74]   --->   Operation 21 'store' 'store_ln1664' <Predicate = (!icmp_ln1705)> <Delay = 0.38>

State 2 <SV = 1> <Delay = 2.92>
ST_2 : Operation 22 [1/1] (0.00ns)   --->   "%merlin_gmem_kernel_gemm_512_C_addr = getelementptr i512 %merlin_gmem_kernel_gemm_512_C, i64 %sext_ln1705_cast" [/home/spouget/iccad_24/autodse_without_tree_reduction/bert_100_768/_done/work_dir/output/fast/0/.merlin_prj/run/implement/exec/hls/mars_wide_bus_3d.h:1705->/home/spouget/iccad_24/autodse_without_tree_reduction/bert_100_768/_done/work_dir/output/fast/0/.merlin_prj/run/implement/exec/hls/__merlinkernel_kernel_gemm.c:74]   --->   Operation 22 'getelementptr' 'merlin_gmem_kernel_gemm_512_C_addr' <Predicate = true> <Delay = 0.00>
ST_2 : Operation 23 [1/1] (2.92ns)   --->   "%merlin_gmem_kernel_gemm_512_C_addr_read = read i512 @_ssdm_op_Read.m_axi.p1i512, i512 %merlin_gmem_kernel_gemm_512_C_addr" [/home/spouget/iccad_24/autodse_without_tree_reduction/bert_100_768/_done/work_dir/output/fast/0/.merlin_prj/run/implement/exec/hls/memcpy_512.h:56->/home/spouget/iccad_24/autodse_without_tree_reduction/bert_100_768/_done/work_dir/output/fast/0/.merlin_prj/run/implement/exec/hls/mars_wide_bus_3d.h:1732->/home/spouget/iccad_24/autodse_without_tree_reduction/bert_100_768/_done/work_dir/output/fast/0/.merlin_prj/run/implement/exec/hls/__merlinkernel_kernel_gemm.c:74]   --->   Operation 23 'read' 'merlin_gmem_kernel_gemm_512_C_addr_read' <Predicate = true> <Delay = 2.92> <CoreInst = "m_axi">   --->   Core 121 'm_axi' <Latency = 0> <II = 1> <Delay = 1.00> <Adapter> <Opcode : 'read' 'write' 'readreq' 'writereq' 'writeresp'>
ST_2 : Operation 24 [1/1] (0.00ns)   --->   "%raw_bits = trunc i512 %merlin_gmem_kernel_gemm_512_C_addr_read" [/home/spouget/iccad_24/autodse_without_tree_reduction/bert_100_768/_done/work_dir/output/fast/0/.merlin_prj/run/implement/exec/hls/mars_wide_bus_3d.h:1732->/home/spouget/iccad_24/autodse_without_tree_reduction/bert_100_768/_done/work_dir/output/fast/0/.merlin_prj/run/implement/exec/hls/__merlinkernel_kernel_gemm.c:74]   --->   Operation 24 'trunc' 'raw_bits' <Predicate = true> <Delay = 0.00>
ST_2 : Operation 25 [1/1] (0.00ns)   --->   "%raw_bits_1 = partselect i32 @_ssdm_op_PartSelect.i32.i512.i32.i32, i512 %merlin_gmem_kernel_gemm_512_C_addr_read, i32 32, i32 63" [/home/spouget/iccad_24/autodse_without_tree_reduction/bert_100_768/_done/work_dir/output/fast/0/.merlin_prj/run/implement/exec/hls/mars_wide_bus_3d.h:1732->/home/spouget/iccad_24/autodse_without_tree_reduction/bert_100_768/_done/work_dir/output/fast/0/.merlin_prj/run/implement/exec/hls/__merlinkernel_kernel_gemm.c:74]   --->   Operation 25 'partselect' 'raw_bits_1' <Predicate = true> <Delay = 0.00>
ST_2 : Operation 26 [1/1] (0.00ns)   --->   "%raw_bits_2 = partselect i32 @_ssdm_op_PartSelect.i32.i512.i32.i32, i512 %merlin_gmem_kernel_gemm_512_C_addr_read, i32 64, i32 95" [/home/spouget/iccad_24/autodse_without_tree_reduction/bert_100_768/_done/work_dir/output/fast/0/.merlin_prj/run/implement/exec/hls/mars_wide_bus_3d.h:1732->/home/spouget/iccad_24/autodse_without_tree_reduction/bert_100_768/_done/work_dir/output/fast/0/.merlin_prj/run/implement/exec/hls/__merlinkernel_kernel_gemm.c:74]   --->   Operation 26 'partselect' 'raw_bits_2' <Predicate = true> <Delay = 0.00>
ST_2 : Operation 27 [1/1] (0.00ns)   --->   "%raw_bits_3 = partselect i32 @_ssdm_op_PartSelect.i32.i512.i32.i32, i512 %merlin_gmem_kernel_gemm_512_C_addr_read, i32 96, i32 127" [/home/spouget/iccad_24/autodse_without_tree_reduction/bert_100_768/_done/work_dir/output/fast/0/.merlin_prj/run/implement/exec/hls/mars_wide_bus_3d.h:1732->/home/spouget/iccad_24/autodse_without_tree_reduction/bert_100_768/_done/work_dir/output/fast/0/.merlin_prj/run/implement/exec/hls/__merlinkernel_kernel_gemm.c:74]   --->   Operation 27 'partselect' 'raw_bits_3' <Predicate = true> <Delay = 0.00>
ST_2 : Operation 28 [1/1] (0.00ns)   --->   "%raw_bits_4 = partselect i32 @_ssdm_op_PartSelect.i32.i512.i32.i32, i512 %merlin_gmem_kernel_gemm_512_C_addr_read, i32 128, i32 159" [/home/spouget/iccad_24/autodse_without_tree_reduction/bert_100_768/_done/work_dir/output/fast/0/.merlin_prj/run/implement/exec/hls/mars_wide_bus_3d.h:1732->/home/spouget/iccad_24/autodse_without_tree_reduction/bert_100_768/_done/work_dir/output/fast/0/.merlin_prj/run/implement/exec/hls/__merlinkernel_kernel_gemm.c:74]   --->   Operation 28 'partselect' 'raw_bits_4' <Predicate = true> <Delay = 0.00>
ST_2 : Operation 29 [1/1] (0.00ns)   --->   "%raw_bits_5 = partselect i32 @_ssdm_op_PartSelect.i32.i512.i32.i32, i512 %merlin_gmem_kernel_gemm_512_C_addr_read, i32 160, i32 191" [/home/spouget/iccad_24/autodse_without_tree_reduction/bert_100_768/_done/work_dir/output/fast/0/.merlin_prj/run/implement/exec/hls/mars_wide_bus_3d.h:1732->/home/spouget/iccad_24/autodse_without_tree_reduction/bert_100_768/_done/work_dir/output/fast/0/.merlin_prj/run/implement/exec/hls/__merlinkernel_kernel_gemm.c:74]   --->   Operation 29 'partselect' 'raw_bits_5' <Predicate = true> <Delay = 0.00>
ST_2 : Operation 30 [1/1] (0.00ns)   --->   "%raw_bits_6 = partselect i32 @_ssdm_op_PartSelect.i32.i512.i32.i32, i512 %merlin_gmem_kernel_gemm_512_C_addr_read, i32 192, i32 223" [/home/spouget/iccad_24/autodse_without_tree_reduction/bert_100_768/_done/work_dir/output/fast/0/.merlin_prj/run/implement/exec/hls/mars_wide_bus_3d.h:1732->/home/spouget/iccad_24/autodse_without_tree_reduction/bert_100_768/_done/work_dir/output/fast/0/.merlin_prj/run/implement/exec/hls/__merlinkernel_kernel_gemm.c:74]   --->   Operation 30 'partselect' 'raw_bits_6' <Predicate = true> <Delay = 0.00>
ST_2 : Operation 31 [1/1] (0.00ns)   --->   "%raw_bits_7 = partselect i32 @_ssdm_op_PartSelect.i32.i512.i32.i32, i512 %merlin_gmem_kernel_gemm_512_C_addr_read, i32 224, i32 255" [/home/spouget/iccad_24/autodse_without_tree_reduction/bert_100_768/_done/work_dir/output/fast/0/.merlin_prj/run/implement/exec/hls/mars_wide_bus_3d.h:1732->/home/spouget/iccad_24/autodse_without_tree_reduction/bert_100_768/_done/work_dir/output/fast/0/.merlin_prj/run/implement/exec/hls/__merlinkernel_kernel_gemm.c:74]   --->   Operation 31 'partselect' 'raw_bits_7' <Predicate = true> <Delay = 0.00>
ST_2 : Operation 32 [1/1] (0.00ns)   --->   "%raw_bits_8 = partselect i32 @_ssdm_op_PartSelect.i32.i512.i32.i32, i512 %merlin_gmem_kernel_gemm_512_C_addr_read, i32 256, i32 287" [/home/spouget/iccad_24/autodse_without_tree_reduction/bert_100_768/_done/work_dir/output/fast/0/.merlin_prj/run/implement/exec/hls/mars_wide_bus_3d.h:1732->/home/spouget/iccad_24/autodse_without_tree_reduction/bert_100_768/_done/work_dir/output/fast/0/.merlin_prj/run/implement/exec/hls/__merlinkernel_kernel_gemm.c:74]   --->   Operation 32 'partselect' 'raw_bits_8' <Predicate = true> <Delay = 0.00>
ST_2 : Operation 33 [1/1] (0.00ns)   --->   "%raw_bits_9 = partselect i32 @_ssdm_op_PartSelect.i32.i512.i32.i32, i512 %merlin_gmem_kernel_gemm_512_C_addr_read, i32 288, i32 319" [/home/spouget/iccad_24/autodse_without_tree_reduction/bert_100_768/_done/work_dir/output/fast/0/.merlin_prj/run/implement/exec/hls/mars_wide_bus_3d.h:1732->/home/spouget/iccad_24/autodse_without_tree_reduction/bert_100_768/_done/work_dir/output/fast/0/.merlin_prj/run/implement/exec/hls/__merlinkernel_kernel_gemm.c:74]   --->   Operation 33 'partselect' 'raw_bits_9' <Predicate = true> <Delay = 0.00>
ST_2 : Operation 34 [1/1] (0.00ns)   --->   "%raw_bits_34 = partselect i32 @_ssdm_op_PartSelect.i32.i512.i32.i32, i512 %merlin_gmem_kernel_gemm_512_C_addr_read, i32 320, i32 351" [/home/spouget/iccad_24/autodse_without_tree_reduction/bert_100_768/_done/work_dir/output/fast/0/.merlin_prj/run/implement/exec/hls/mars_wide_bus_3d.h:1732->/home/spouget/iccad_24/autodse_without_tree_reduction/bert_100_768/_done/work_dir/output/fast/0/.merlin_prj/run/implement/exec/hls/__merlinkernel_kernel_gemm.c:74]   --->   Operation 34 'partselect' 'raw_bits_34' <Predicate = true> <Delay = 0.00>
ST_2 : Operation 35 [1/1] (0.00ns)   --->   "%raw_bits_35 = partselect i32 @_ssdm_op_PartSelect.i32.i512.i32.i32, i512 %merlin_gmem_kernel_gemm_512_C_addr_read, i32 352, i32 383" [/home/spouget/iccad_24/autodse_without_tree_reduction/bert_100_768/_done/work_dir/output/fast/0/.merlin_prj/run/implement/exec/hls/mars_wide_bus_3d.h:1732->/home/spouget/iccad_24/autodse_without_tree_reduction/bert_100_768/_done/work_dir/output/fast/0/.merlin_prj/run/implement/exec/hls/__merlinkernel_kernel_gemm.c:74]   --->   Operation 35 'partselect' 'raw_bits_35' <Predicate = true> <Delay = 0.00>
ST_2 : Operation 36 [1/1] (0.00ns)   --->   "%raw_bits_36 = partselect i32 @_ssdm_op_PartSelect.i32.i512.i32.i32, i512 %merlin_gmem_kernel_gemm_512_C_addr_read, i32 384, i32 415" [/home/spouget/iccad_24/autodse_without_tree_reduction/bert_100_768/_done/work_dir/output/fast/0/.merlin_prj/run/implement/exec/hls/mars_wide_bus_3d.h:1732->/home/spouget/iccad_24/autodse_without_tree_reduction/bert_100_768/_done/work_dir/output/fast/0/.merlin_prj/run/implement/exec/hls/__merlinkernel_kernel_gemm.c:74]   --->   Operation 36 'partselect' 'raw_bits_36' <Predicate = true> <Delay = 0.00>
ST_2 : Operation 37 [1/1] (0.00ns)   --->   "%raw_bits_37 = partselect i32 @_ssdm_op_PartSelect.i32.i512.i32.i32, i512 %merlin_gmem_kernel_gemm_512_C_addr_read, i32 416, i32 447" [/home/spouget/iccad_24/autodse_without_tree_reduction/bert_100_768/_done/work_dir/output/fast/0/.merlin_prj/run/implement/exec/hls/mars_wide_bus_3d.h:1732->/home/spouget/iccad_24/autodse_without_tree_reduction/bert_100_768/_done/work_dir/output/fast/0/.merlin_prj/run/implement/exec/hls/__merlinkernel_kernel_gemm.c:74]   --->   Operation 37 'partselect' 'raw_bits_37' <Predicate = true> <Delay = 0.00>
ST_2 : Operation 38 [1/1] (0.00ns)   --->   "%raw_bits_38 = partselect i32 @_ssdm_op_PartSelect.i32.i512.i32.i32, i512 %merlin_gmem_kernel_gemm_512_C_addr_read, i32 448, i32 479" [/home/spouget/iccad_24/autodse_without_tree_reduction/bert_100_768/_done/work_dir/output/fast/0/.merlin_prj/run/implement/exec/hls/mars_wide_bus_3d.h:1732->/home/spouget/iccad_24/autodse_without_tree_reduction/bert_100_768/_done/work_dir/output/fast/0/.merlin_prj/run/implement/exec/hls/__merlinkernel_kernel_gemm.c:74]   --->   Operation 38 'partselect' 'raw_bits_38' <Predicate = true> <Delay = 0.00>
ST_2 : Operation 39 [1/1] (0.00ns)   --->   "%raw_bits_39 = partselect i32 @_ssdm_op_PartSelect.i32.i512.i32.i32, i512 %merlin_gmem_kernel_gemm_512_C_addr_read, i32 480, i32 511" [/home/spouget/iccad_24/autodse_without_tree_reduction/bert_100_768/_done/work_dir/output/fast/0/.merlin_prj/run/implement/exec/hls/mars_wide_bus_3d.h:1732->/home/spouget/iccad_24/autodse_without_tree_reduction/bert_100_768/_done/work_dir/output/fast/0/.merlin_prj/run/implement/exec/hls/__merlinkernel_kernel_gemm.c:74]   --->   Operation 39 'partselect' 'raw_bits_39' <Predicate = true> <Delay = 0.00>
ST_2 : Operation 107 [1/1] (0.00ns)   --->   "%ret_ln0 = ret"   --->   Operation 107 'ret' 'ret_ln0' <Predicate = (icmp_ln1705)> <Delay = 0.00>

State 3 <SV = 2> <Delay = 1.98>
ST_3 : Operation 40 [1/1] (0.00ns)   --->   "%index3_load = load i13 %index3" [/home/spouget/iccad_24/autodse_without_tree_reduction/bert_100_768/_done/work_dir/output/fast/0/.merlin_prj/run/implement/exec/hls/mars_wide_bus_3d.h:1733->/home/spouget/iccad_24/autodse_without_tree_reduction/bert_100_768/_done/work_dir/output/fast/0/.merlin_prj/run/implement/exec/hls/__merlinkernel_kernel_gemm.c:74]   --->   Operation 40 'load' 'index3_load' <Predicate = true> <Delay = 0.00>
ST_3 : Operation 41 [1/1] (0.00ns)   --->   "%index2_load = load i64 %index2" [/home/spouget/iccad_24/autodse_without_tree_reduction/bert_100_768/_done/work_dir/output/fast/0/.merlin_prj/run/implement/exec/hls/mars_wide_bus_3d.h:1705->/home/spouget/iccad_24/autodse_without_tree_reduction/bert_100_768/_done/work_dir/output/fast/0/.merlin_prj/run/implement/exec/hls/__merlinkernel_kernel_gemm.c:74]   --->   Operation 41 'load' 'index2_load' <Predicate = true> <Delay = 0.00>
ST_3 : Operation 42 [1/1] (0.00ns)   --->   "%shl_ln1733 = shl i13 %index3_load, i13 6" [/home/spouget/iccad_24/autodse_without_tree_reduction/bert_100_768/_done/work_dir/output/fast/0/.merlin_prj/run/implement/exec/hls/mars_wide_bus_3d.h:1733->/home/spouget/iccad_24/autodse_without_tree_reduction/bert_100_768/_done/work_dir/output/fast/0/.merlin_prj/run/implement/exec/hls/__merlinkernel_kernel_gemm.c:74]   --->   Operation 42 'shl' 'shl_ln1733' <Predicate = true> <Delay = 0.00>
ST_3 : Operation 43 [1/1] (0.00ns)   --->   "%shl_ln1733_1 = shl i13 %index3_load, i13 4" [/home/spouget/iccad_24/autodse_without_tree_reduction/bert_100_768/_done/work_dir/output/fast/0/.merlin_prj/run/implement/exec/hls/mars_wide_bus_3d.h:1733->/home/spouget/iccad_24/autodse_without_tree_reduction/bert_100_768/_done/work_dir/output/fast/0/.merlin_prj/run/implement/exec/hls/__merlinkernel_kernel_gemm.c:74]   --->   Operation 43 'shl' 'shl_ln1733_1' <Predicate = true> <Delay = 0.00>
ST_3 : Operation 44 [1/1] (0.00ns) (grouped into TernaryAdder)   --->   "%sub_ln1733 = sub i13 %shl_ln1733, i13 %shl_ln1733_1" [/home/spouget/iccad_24/autodse_without_tree_reduction/bert_100_768/_done/work_dir/output/fast/0/.merlin_prj/run/implement/exec/hls/mars_wide_bus_3d.h:1733->/home/spouget/iccad_24/autodse_without_tree_reduction/bert_100_768/_done/work_dir/output/fast/0/.merlin_prj/run/implement/exec/hls/__merlinkernel_kernel_gemm.c:74]   --->   Operation 44 'sub' 'sub_ln1733' <Predicate = true> <Delay = 0.00> <CoreInst = "TAddSub">   --->   Core 10 'TAddSub' <Latency = 0> <II = 1> <Delay = 0.36> <IPBlock> <Opcode : '' 'add' 'sub'> <InPorts = 3> <OutPorts = 1> <Sync> <CReg>
ST_3 : Operation 45 [1/1] (0.00ns)   --->   "%trunc_ln1705 = trunc i64 %index2_load" [/home/spouget/iccad_24/autodse_without_tree_reduction/bert_100_768/_done/work_dir/output/fast/0/.merlin_prj/run/implement/exec/hls/mars_wide_bus_3d.h:1705->/home/spouget/iccad_24/autodse_without_tree_reduction/bert_100_768/_done/work_dir/output/fast/0/.merlin_prj/run/implement/exec/hls/__merlinkernel_kernel_gemm.c:74]   --->   Operation 45 'trunc' 'trunc_ln1705' <Predicate = true> <Delay = 0.00>
ST_3 : Operation 46 [1/1] (0.00ns)   --->   "%specpipeline_ln1710 = specpipeline void @_ssdm_op_SpecPipeline, i32 4294967295, i32 0, i32 0, i32 0, void @empty_0" [/home/spouget/iccad_24/autodse_without_tree_reduction/bert_100_768/_done/work_dir/output/fast/0/.merlin_prj/run/implement/exec/hls/mars_wide_bus_3d.h:1710->/home/spouget/iccad_24/autodse_without_tree_reduction/bert_100_768/_done/work_dir/output/fast/0/.merlin_prj/run/implement/exec/hls/__merlinkernel_kernel_gemm.c:74]   --->   Operation 46 'specpipeline' 'specpipeline_ln1710' <Predicate = true> <Delay = 0.00>
ST_3 : Operation 47 [1/1] (0.00ns)   --->   "%speclooptripcount_ln1664 = speclooptripcount void @_ssdm_op_SpecLoopTripCount, i64 4800, i64 4800, i64 4800" [/home/spouget/iccad_24/autodse_without_tree_reduction/bert_100_768/_done/work_dir/output/fast/0/.merlin_prj/run/implement/exec/hls/mars_wide_bus_3d.h:1664->/home/spouget/iccad_24/autodse_without_tree_reduction/bert_100_768/_done/work_dir/output/fast/0/.merlin_prj/run/implement/exec/hls/__merlinkernel_kernel_gemm.c:74]   --->   Operation 47 'speclooptripcount' 'speclooptripcount_ln1664' <Predicate = true> <Delay = 0.00>
ST_3 : Operation 48 [1/1] (0.00ns)   --->   "%specloopname_ln1705 = specloopname void @_ssdm_op_SpecLoopName, void @empty_13" [/home/spouget/iccad_24/autodse_without_tree_reduction/bert_100_768/_done/work_dir/output/fast/0/.merlin_prj/run/implement/exec/hls/mars_wide_bus_3d.h:1705->/home/spouget/iccad_24/autodse_without_tree_reduction/bert_100_768/_done/work_dir/output/fast/0/.merlin_prj/run/implement/exec/hls/__merlinkernel_kernel_gemm.c:74]   --->   Operation 48 'specloopname' 'specloopname_ln1705' <Predicate = true> <Delay = 0.00>
ST_3 : Operation 49 [1/1] (0.73ns) (root node of TernaryAdder)   --->   "%add_ln1733 = add i13 %sub_ln1733, i13 %trunc_ln1705" [/home/spouget/iccad_24/autodse_without_tree_reduction/bert_100_768/_done/work_dir/output/fast/0/.merlin_prj/run/implement/exec/hls/mars_wide_bus_3d.h:1733->/home/spouget/iccad_24/autodse_without_tree_reduction/bert_100_768/_done/work_dir/output/fast/0/.merlin_prj/run/implement/exec/hls/__merlinkernel_kernel_gemm.c:74]   --->   Operation 49 'add' 'add_ln1733' <Predicate = true> <Delay = 0.73> <CoreInst = "TAddSub">   --->   Core 10 'TAddSub' <Latency = 0> <II = 1> <Delay = 0.36> <IPBlock> <Opcode : '' 'add' 'sub'> <InPorts = 3> <OutPorts = 1> <Sync> <CReg>
ST_3 : Operation 50 [1/1] (0.00ns)   --->   "%zext_ln1733 = zext i13 %add_ln1733" [/home/spouget/iccad_24/autodse_without_tree_reduction/bert_100_768/_done/work_dir/output/fast/0/.merlin_prj/run/implement/exec/hls/mars_wide_bus_3d.h:1733->/home/spouget/iccad_24/autodse_without_tree_reduction/bert_100_768/_done/work_dir/output/fast/0/.merlin_prj/run/implement/exec/hls/__merlinkernel_kernel_gemm.c:74]   --->   Operation 50 'zext' 'zext_ln1733' <Predicate = true> <Delay = 0.00>
ST_3 : Operation 51 [1/1] (0.00ns)   --->   "%C_buf_addr = getelementptr i32 %C_buf, i64 0, i64 %zext_ln1733" [/home/spouget/iccad_24/autodse_without_tree_reduction/bert_100_768/_done/work_dir/output/fast/0/.merlin_prj/run/implement/exec/hls/mars_wide_bus_3d.h:1733->/home/spouget/iccad_24/autodse_without_tree_reduction/bert_100_768/_done/work_dir/output/fast/0/.merlin_prj/run/implement/exec/hls/__merlinkernel_kernel_gemm.c:74]   --->   Operation 51 'getelementptr' 'C_buf_addr' <Predicate = true> <Delay = 0.00>
ST_3 : Operation 52 [1/1] (0.00ns)   --->   "%C_buf_16_addr = getelementptr i32 %C_buf_16, i64 0, i64 %zext_ln1733" [/home/spouget/iccad_24/autodse_without_tree_reduction/bert_100_768/_done/work_dir/output/fast/0/.merlin_prj/run/implement/exec/hls/mars_wide_bus_3d.h:1733->/home/spouget/iccad_24/autodse_without_tree_reduction/bert_100_768/_done/work_dir/output/fast/0/.merlin_prj/run/implement/exec/hls/__merlinkernel_kernel_gemm.c:74]   --->   Operation 52 'getelementptr' 'C_buf_16_addr' <Predicate = true> <Delay = 0.00>
ST_3 : Operation 53 [1/1] (0.00ns)   --->   "%C_buf_17_addr = getelementptr i32 %C_buf_17, i64 0, i64 %zext_ln1733" [/home/spouget/iccad_24/autodse_without_tree_reduction/bert_100_768/_done/work_dir/output/fast/0/.merlin_prj/run/implement/exec/hls/mars_wide_bus_3d.h:1733->/home/spouget/iccad_24/autodse_without_tree_reduction/bert_100_768/_done/work_dir/output/fast/0/.merlin_prj/run/implement/exec/hls/__merlinkernel_kernel_gemm.c:74]   --->   Operation 53 'getelementptr' 'C_buf_17_addr' <Predicate = true> <Delay = 0.00>
ST_3 : Operation 54 [1/1] (0.00ns)   --->   "%C_buf_18_addr = getelementptr i32 %C_buf_18, i64 0, i64 %zext_ln1733" [/home/spouget/iccad_24/autodse_without_tree_reduction/bert_100_768/_done/work_dir/output/fast/0/.merlin_prj/run/implement/exec/hls/mars_wide_bus_3d.h:1733->/home/spouget/iccad_24/autodse_without_tree_reduction/bert_100_768/_done/work_dir/output/fast/0/.merlin_prj/run/implement/exec/hls/__merlinkernel_kernel_gemm.c:74]   --->   Operation 54 'getelementptr' 'C_buf_18_addr' <Predicate = true> <Delay = 0.00>
ST_3 : Operation 55 [1/1] (0.00ns)   --->   "%C_buf_19_addr = getelementptr i32 %C_buf_19, i64 0, i64 %zext_ln1733" [/home/spouget/iccad_24/autodse_without_tree_reduction/bert_100_768/_done/work_dir/output/fast/0/.merlin_prj/run/implement/exec/hls/mars_wide_bus_3d.h:1733->/home/spouget/iccad_24/autodse_without_tree_reduction/bert_100_768/_done/work_dir/output/fast/0/.merlin_prj/run/implement/exec/hls/__merlinkernel_kernel_gemm.c:74]   --->   Operation 55 'getelementptr' 'C_buf_19_addr' <Predicate = true> <Delay = 0.00>
ST_3 : Operation 56 [1/1] (0.00ns)   --->   "%C_buf_20_addr = getelementptr i32 %C_buf_20, i64 0, i64 %zext_ln1733" [/home/spouget/iccad_24/autodse_without_tree_reduction/bert_100_768/_done/work_dir/output/fast/0/.merlin_prj/run/implement/exec/hls/mars_wide_bus_3d.h:1733->/home/spouget/iccad_24/autodse_without_tree_reduction/bert_100_768/_done/work_dir/output/fast/0/.merlin_prj/run/implement/exec/hls/__merlinkernel_kernel_gemm.c:74]   --->   Operation 56 'getelementptr' 'C_buf_20_addr' <Predicate = true> <Delay = 0.00>
ST_3 : Operation 57 [1/1] (0.00ns)   --->   "%C_buf_21_addr = getelementptr i32 %C_buf_21, i64 0, i64 %zext_ln1733" [/home/spouget/iccad_24/autodse_without_tree_reduction/bert_100_768/_done/work_dir/output/fast/0/.merlin_prj/run/implement/exec/hls/mars_wide_bus_3d.h:1733->/home/spouget/iccad_24/autodse_without_tree_reduction/bert_100_768/_done/work_dir/output/fast/0/.merlin_prj/run/implement/exec/hls/__merlinkernel_kernel_gemm.c:74]   --->   Operation 57 'getelementptr' 'C_buf_21_addr' <Predicate = true> <Delay = 0.00>
ST_3 : Operation 58 [1/1] (0.00ns)   --->   "%C_buf_22_addr = getelementptr i32 %C_buf_22, i64 0, i64 %zext_ln1733" [/home/spouget/iccad_24/autodse_without_tree_reduction/bert_100_768/_done/work_dir/output/fast/0/.merlin_prj/run/implement/exec/hls/mars_wide_bus_3d.h:1733->/home/spouget/iccad_24/autodse_without_tree_reduction/bert_100_768/_done/work_dir/output/fast/0/.merlin_prj/run/implement/exec/hls/__merlinkernel_kernel_gemm.c:74]   --->   Operation 58 'getelementptr' 'C_buf_22_addr' <Predicate = true> <Delay = 0.00>
ST_3 : Operation 59 [1/1] (0.00ns)   --->   "%C_buf_23_addr = getelementptr i32 %C_buf_23, i64 0, i64 %zext_ln1733" [/home/spouget/iccad_24/autodse_without_tree_reduction/bert_100_768/_done/work_dir/output/fast/0/.merlin_prj/run/implement/exec/hls/mars_wide_bus_3d.h:1733->/home/spouget/iccad_24/autodse_without_tree_reduction/bert_100_768/_done/work_dir/output/fast/0/.merlin_prj/run/implement/exec/hls/__merlinkernel_kernel_gemm.c:74]   --->   Operation 59 'getelementptr' 'C_buf_23_addr' <Predicate = true> <Delay = 0.00>
ST_3 : Operation 60 [1/1] (0.00ns)   --->   "%C_buf_24_addr = getelementptr i32 %C_buf_24, i64 0, i64 %zext_ln1733" [/home/spouget/iccad_24/autodse_without_tree_reduction/bert_100_768/_done/work_dir/output/fast/0/.merlin_prj/run/implement/exec/hls/mars_wide_bus_3d.h:1733->/home/spouget/iccad_24/autodse_without_tree_reduction/bert_100_768/_done/work_dir/output/fast/0/.merlin_prj/run/implement/exec/hls/__merlinkernel_kernel_gemm.c:74]   --->   Operation 60 'getelementptr' 'C_buf_24_addr' <Predicate = true> <Delay = 0.00>
ST_3 : Operation 61 [1/1] (0.00ns)   --->   "%C_buf_25_addr = getelementptr i32 %C_buf_25, i64 0, i64 %zext_ln1733" [/home/spouget/iccad_24/autodse_without_tree_reduction/bert_100_768/_done/work_dir/output/fast/0/.merlin_prj/run/implement/exec/hls/mars_wide_bus_3d.h:1733->/home/spouget/iccad_24/autodse_without_tree_reduction/bert_100_768/_done/work_dir/output/fast/0/.merlin_prj/run/implement/exec/hls/__merlinkernel_kernel_gemm.c:74]   --->   Operation 61 'getelementptr' 'C_buf_25_addr' <Predicate = true> <Delay = 0.00>
ST_3 : Operation 62 [1/1] (0.00ns)   --->   "%C_buf_26_addr = getelementptr i32 %C_buf_26, i64 0, i64 %zext_ln1733" [/home/spouget/iccad_24/autodse_without_tree_reduction/bert_100_768/_done/work_dir/output/fast/0/.merlin_prj/run/implement/exec/hls/mars_wide_bus_3d.h:1733->/home/spouget/iccad_24/autodse_without_tree_reduction/bert_100_768/_done/work_dir/output/fast/0/.merlin_prj/run/implement/exec/hls/__merlinkernel_kernel_gemm.c:74]   --->   Operation 62 'getelementptr' 'C_buf_26_addr' <Predicate = true> <Delay = 0.00>
ST_3 : Operation 63 [1/1] (0.00ns)   --->   "%C_buf_27_addr = getelementptr i32 %C_buf_27, i64 0, i64 %zext_ln1733" [/home/spouget/iccad_24/autodse_without_tree_reduction/bert_100_768/_done/work_dir/output/fast/0/.merlin_prj/run/implement/exec/hls/mars_wide_bus_3d.h:1733->/home/spouget/iccad_24/autodse_without_tree_reduction/bert_100_768/_done/work_dir/output/fast/0/.merlin_prj/run/implement/exec/hls/__merlinkernel_kernel_gemm.c:74]   --->   Operation 63 'getelementptr' 'C_buf_27_addr' <Predicate = true> <Delay = 0.00>
ST_3 : Operation 64 [1/1] (0.00ns)   --->   "%C_buf_28_addr = getelementptr i32 %C_buf_28, i64 0, i64 %zext_ln1733" [/home/spouget/iccad_24/autodse_without_tree_reduction/bert_100_768/_done/work_dir/output/fast/0/.merlin_prj/run/implement/exec/hls/mars_wide_bus_3d.h:1733->/home/spouget/iccad_24/autodse_without_tree_reduction/bert_100_768/_done/work_dir/output/fast/0/.merlin_prj/run/implement/exec/hls/__merlinkernel_kernel_gemm.c:74]   --->   Operation 64 'getelementptr' 'C_buf_28_addr' <Predicate = true> <Delay = 0.00>
ST_3 : Operation 65 [1/1] (0.00ns)   --->   "%C_buf_29_addr = getelementptr i32 %C_buf_29, i64 0, i64 %zext_ln1733" [/home/spouget/iccad_24/autodse_without_tree_reduction/bert_100_768/_done/work_dir/output/fast/0/.merlin_prj/run/implement/exec/hls/mars_wide_bus_3d.h:1733->/home/spouget/iccad_24/autodse_without_tree_reduction/bert_100_768/_done/work_dir/output/fast/0/.merlin_prj/run/implement/exec/hls/__merlinkernel_kernel_gemm.c:74]   --->   Operation 65 'getelementptr' 'C_buf_29_addr' <Predicate = true> <Delay = 0.00>
ST_3 : Operation 66 [1/1] (0.00ns)   --->   "%C_buf_30_addr = getelementptr i32 %C_buf_30, i64 0, i64 %zext_ln1733" [/home/spouget/iccad_24/autodse_without_tree_reduction/bert_100_768/_done/work_dir/output/fast/0/.merlin_prj/run/implement/exec/hls/mars_wide_bus_3d.h:1733->/home/spouget/iccad_24/autodse_without_tree_reduction/bert_100_768/_done/work_dir/output/fast/0/.merlin_prj/run/implement/exec/hls/__merlinkernel_kernel_gemm.c:74]   --->   Operation 66 'getelementptr' 'C_buf_30_addr' <Predicate = true> <Delay = 0.00>
ST_3 : Operation 67 [1/1] (0.00ns)   --->   "%bitcast_ln1734 = bitcast i32 %raw_bits" [/home/spouget/iccad_24/autodse_without_tree_reduction/bert_100_768/_done/work_dir/output/fast/0/.merlin_prj/run/implement/exec/hls/mars_wide_bus_3d.h:1734->/home/spouget/iccad_24/autodse_without_tree_reduction/bert_100_768/_done/work_dir/output/fast/0/.merlin_prj/run/implement/exec/hls/__merlinkernel_kernel_gemm.c:74]   --->   Operation 67 'bitcast' 'bitcast_ln1734' <Predicate = true> <Delay = 0.00>
ST_3 : Operation 68 [1/1] (0.00ns)   --->   "%bitcast_ln1734_1 = bitcast i32 %raw_bits_1" [/home/spouget/iccad_24/autodse_without_tree_reduction/bert_100_768/_done/work_dir/output/fast/0/.merlin_prj/run/implement/exec/hls/mars_wide_bus_3d.h:1734->/home/spouget/iccad_24/autodse_without_tree_reduction/bert_100_768/_done/work_dir/output/fast/0/.merlin_prj/run/implement/exec/hls/__merlinkernel_kernel_gemm.c:74]   --->   Operation 68 'bitcast' 'bitcast_ln1734_1' <Predicate = true> <Delay = 0.00>
ST_3 : Operation 69 [1/1] (0.00ns)   --->   "%bitcast_ln1734_2 = bitcast i32 %raw_bits_2" [/home/spouget/iccad_24/autodse_without_tree_reduction/bert_100_768/_done/work_dir/output/fast/0/.merlin_prj/run/implement/exec/hls/mars_wide_bus_3d.h:1734->/home/spouget/iccad_24/autodse_without_tree_reduction/bert_100_768/_done/work_dir/output/fast/0/.merlin_prj/run/implement/exec/hls/__merlinkernel_kernel_gemm.c:74]   --->   Operation 69 'bitcast' 'bitcast_ln1734_2' <Predicate = true> <Delay = 0.00>
ST_3 : Operation 70 [1/1] (0.00ns)   --->   "%bitcast_ln1734_3 = bitcast i32 %raw_bits_3" [/home/spouget/iccad_24/autodse_without_tree_reduction/bert_100_768/_done/work_dir/output/fast/0/.merlin_prj/run/implement/exec/hls/mars_wide_bus_3d.h:1734->/home/spouget/iccad_24/autodse_without_tree_reduction/bert_100_768/_done/work_dir/output/fast/0/.merlin_prj/run/implement/exec/hls/__merlinkernel_kernel_gemm.c:74]   --->   Operation 70 'bitcast' 'bitcast_ln1734_3' <Predicate = true> <Delay = 0.00>
ST_3 : Operation 71 [1/1] (0.00ns)   --->   "%bitcast_ln1734_4 = bitcast i32 %raw_bits_4" [/home/spouget/iccad_24/autodse_without_tree_reduction/bert_100_768/_done/work_dir/output/fast/0/.merlin_prj/run/implement/exec/hls/mars_wide_bus_3d.h:1734->/home/spouget/iccad_24/autodse_without_tree_reduction/bert_100_768/_done/work_dir/output/fast/0/.merlin_prj/run/implement/exec/hls/__merlinkernel_kernel_gemm.c:74]   --->   Operation 71 'bitcast' 'bitcast_ln1734_4' <Predicate = true> <Delay = 0.00>
ST_3 : Operation 72 [1/1] (0.00ns)   --->   "%bitcast_ln1734_5 = bitcast i32 %raw_bits_5" [/home/spouget/iccad_24/autodse_without_tree_reduction/bert_100_768/_done/work_dir/output/fast/0/.merlin_prj/run/implement/exec/hls/mars_wide_bus_3d.h:1734->/home/spouget/iccad_24/autodse_without_tree_reduction/bert_100_768/_done/work_dir/output/fast/0/.merlin_prj/run/implement/exec/hls/__merlinkernel_kernel_gemm.c:74]   --->   Operation 72 'bitcast' 'bitcast_ln1734_5' <Predicate = true> <Delay = 0.00>
ST_3 : Operation 73 [1/1] (0.00ns)   --->   "%bitcast_ln1734_6 = bitcast i32 %raw_bits_6" [/home/spouget/iccad_24/autodse_without_tree_reduction/bert_100_768/_done/work_dir/output/fast/0/.merlin_prj/run/implement/exec/hls/mars_wide_bus_3d.h:1734->/home/spouget/iccad_24/autodse_without_tree_reduction/bert_100_768/_done/work_dir/output/fast/0/.merlin_prj/run/implement/exec/hls/__merlinkernel_kernel_gemm.c:74]   --->   Operation 73 'bitcast' 'bitcast_ln1734_6' <Predicate = true> <Delay = 0.00>
ST_3 : Operation 74 [1/1] (0.00ns)   --->   "%bitcast_ln1734_7 = bitcast i32 %raw_bits_7" [/home/spouget/iccad_24/autodse_without_tree_reduction/bert_100_768/_done/work_dir/output/fast/0/.merlin_prj/run/implement/exec/hls/mars_wide_bus_3d.h:1734->/home/spouget/iccad_24/autodse_without_tree_reduction/bert_100_768/_done/work_dir/output/fast/0/.merlin_prj/run/implement/exec/hls/__merlinkernel_kernel_gemm.c:74]   --->   Operation 74 'bitcast' 'bitcast_ln1734_7' <Predicate = true> <Delay = 0.00>
ST_3 : Operation 75 [1/1] (0.00ns)   --->   "%bitcast_ln1734_8 = bitcast i32 %raw_bits_8" [/home/spouget/iccad_24/autodse_without_tree_reduction/bert_100_768/_done/work_dir/output/fast/0/.merlin_prj/run/implement/exec/hls/mars_wide_bus_3d.h:1734->/home/spouget/iccad_24/autodse_without_tree_reduction/bert_100_768/_done/work_dir/output/fast/0/.merlin_prj/run/implement/exec/hls/__merlinkernel_kernel_gemm.c:74]   --->   Operation 75 'bitcast' 'bitcast_ln1734_8' <Predicate = true> <Delay = 0.00>
ST_3 : Operation 76 [1/1] (0.00ns)   --->   "%bitcast_ln1734_9 = bitcast i32 %raw_bits_9" [/home/spouget/iccad_24/autodse_without_tree_reduction/bert_100_768/_done/work_dir/output/fast/0/.merlin_prj/run/implement/exec/hls/mars_wide_bus_3d.h:1734->/home/spouget/iccad_24/autodse_without_tree_reduction/bert_100_768/_done/work_dir/output/fast/0/.merlin_prj/run/implement/exec/hls/__merlinkernel_kernel_gemm.c:74]   --->   Operation 76 'bitcast' 'bitcast_ln1734_9' <Predicate = true> <Delay = 0.00>
ST_3 : Operation 77 [1/1] (0.00ns)   --->   "%bitcast_ln1734_10 = bitcast i32 %raw_bits_34" [/home/spouget/iccad_24/autodse_without_tree_reduction/bert_100_768/_done/work_dir/output/fast/0/.merlin_prj/run/implement/exec/hls/mars_wide_bus_3d.h:1734->/home/spouget/iccad_24/autodse_without_tree_reduction/bert_100_768/_done/work_dir/output/fast/0/.merlin_prj/run/implement/exec/hls/__merlinkernel_kernel_gemm.c:74]   --->   Operation 77 'bitcast' 'bitcast_ln1734_10' <Predicate = true> <Delay = 0.00>
ST_3 : Operation 78 [1/1] (0.00ns)   --->   "%bitcast_ln1734_11 = bitcast i32 %raw_bits_35" [/home/spouget/iccad_24/autodse_without_tree_reduction/bert_100_768/_done/work_dir/output/fast/0/.merlin_prj/run/implement/exec/hls/mars_wide_bus_3d.h:1734->/home/spouget/iccad_24/autodse_without_tree_reduction/bert_100_768/_done/work_dir/output/fast/0/.merlin_prj/run/implement/exec/hls/__merlinkernel_kernel_gemm.c:74]   --->   Operation 78 'bitcast' 'bitcast_ln1734_11' <Predicate = true> <Delay = 0.00>
ST_3 : Operation 79 [1/1] (0.00ns)   --->   "%bitcast_ln1734_12 = bitcast i32 %raw_bits_36" [/home/spouget/iccad_24/autodse_without_tree_reduction/bert_100_768/_done/work_dir/output/fast/0/.merlin_prj/run/implement/exec/hls/mars_wide_bus_3d.h:1734->/home/spouget/iccad_24/autodse_without_tree_reduction/bert_100_768/_done/work_dir/output/fast/0/.merlin_prj/run/implement/exec/hls/__merlinkernel_kernel_gemm.c:74]   --->   Operation 79 'bitcast' 'bitcast_ln1734_12' <Predicate = true> <Delay = 0.00>
ST_3 : Operation 80 [1/1] (0.00ns)   --->   "%bitcast_ln1734_13 = bitcast i32 %raw_bits_37" [/home/spouget/iccad_24/autodse_without_tree_reduction/bert_100_768/_done/work_dir/output/fast/0/.merlin_prj/run/implement/exec/hls/mars_wide_bus_3d.h:1734->/home/spouget/iccad_24/autodse_without_tree_reduction/bert_100_768/_done/work_dir/output/fast/0/.merlin_prj/run/implement/exec/hls/__merlinkernel_kernel_gemm.c:74]   --->   Operation 80 'bitcast' 'bitcast_ln1734_13' <Predicate = true> <Delay = 0.00>
ST_3 : Operation 81 [1/1] (0.00ns)   --->   "%bitcast_ln1734_14 = bitcast i32 %raw_bits_38" [/home/spouget/iccad_24/autodse_without_tree_reduction/bert_100_768/_done/work_dir/output/fast/0/.merlin_prj/run/implement/exec/hls/mars_wide_bus_3d.h:1734->/home/spouget/iccad_24/autodse_without_tree_reduction/bert_100_768/_done/work_dir/output/fast/0/.merlin_prj/run/implement/exec/hls/__merlinkernel_kernel_gemm.c:74]   --->   Operation 81 'bitcast' 'bitcast_ln1734_14' <Predicate = true> <Delay = 0.00>
ST_3 : Operation 82 [1/1] (0.00ns)   --->   "%bitcast_ln1734_15 = bitcast i32 %raw_bits_39" [/home/spouget/iccad_24/autodse_without_tree_reduction/bert_100_768/_done/work_dir/output/fast/0/.merlin_prj/run/implement/exec/hls/mars_wide_bus_3d.h:1734->/home/spouget/iccad_24/autodse_without_tree_reduction/bert_100_768/_done/work_dir/output/fast/0/.merlin_prj/run/implement/exec/hls/__merlinkernel_kernel_gemm.c:74]   --->   Operation 82 'bitcast' 'bitcast_ln1734_15' <Predicate = true> <Delay = 0.00>
ST_3 : Operation 83 [1/1] (1.24ns)   --->   "%store_ln1733 = store i32 %bitcast_ln1734, i13 %C_buf_addr" [/home/spouget/iccad_24/autodse_without_tree_reduction/bert_100_768/_done/work_dir/output/fast/0/.merlin_prj/run/implement/exec/hls/mars_wide_bus_3d.h:1733->/home/spouget/iccad_24/autodse_without_tree_reduction/bert_100_768/_done/work_dir/output/fast/0/.merlin_prj/run/implement/exec/hls/__merlinkernel_kernel_gemm.c:74]   --->   Operation 83 'store' 'store_ln1733' <Predicate = true> <Delay = 1.24> <CoreInst = "RAM">   --->   Core 83 'RAM' <Latency = 1> <II = 1> <Delay = 1.24> <Storage> <Opcode : 'load' 'store'> <Ports = 2> <Width = 32> <Depth = 4800> <RAM>
ST_3 : Operation 84 [1/1] (1.24ns)   --->   "%store_ln1733 = store i32 %bitcast_ln1734_1, i13 %C_buf_16_addr" [/home/spouget/iccad_24/autodse_without_tree_reduction/bert_100_768/_done/work_dir/output/fast/0/.merlin_prj/run/implement/exec/hls/mars_wide_bus_3d.h:1733->/home/spouget/iccad_24/autodse_without_tree_reduction/bert_100_768/_done/work_dir/output/fast/0/.merlin_prj/run/implement/exec/hls/__merlinkernel_kernel_gemm.c:74]   --->   Operation 84 'store' 'store_ln1733' <Predicate = true> <Delay = 1.24> <CoreInst = "RAM">   --->   Core 83 'RAM' <Latency = 1> <II = 1> <Delay = 1.24> <Storage> <Opcode : 'load' 'store'> <Ports = 2> <Width = 32> <Depth = 4800> <RAM>
ST_3 : Operation 85 [1/1] (1.24ns)   --->   "%store_ln1733 = store i32 %bitcast_ln1734_2, i13 %C_buf_17_addr" [/home/spouget/iccad_24/autodse_without_tree_reduction/bert_100_768/_done/work_dir/output/fast/0/.merlin_prj/run/implement/exec/hls/mars_wide_bus_3d.h:1733->/home/spouget/iccad_24/autodse_without_tree_reduction/bert_100_768/_done/work_dir/output/fast/0/.merlin_prj/run/implement/exec/hls/__merlinkernel_kernel_gemm.c:74]   --->   Operation 85 'store' 'store_ln1733' <Predicate = true> <Delay = 1.24> <CoreInst = "RAM">   --->   Core 83 'RAM' <Latency = 1> <II = 1> <Delay = 1.24> <Storage> <Opcode : 'load' 'store'> <Ports = 2> <Width = 32> <Depth = 4800> <RAM>
ST_3 : Operation 86 [1/1] (1.24ns)   --->   "%store_ln1733 = store i32 %bitcast_ln1734_3, i13 %C_buf_18_addr" [/home/spouget/iccad_24/autodse_without_tree_reduction/bert_100_768/_done/work_dir/output/fast/0/.merlin_prj/run/implement/exec/hls/mars_wide_bus_3d.h:1733->/home/spouget/iccad_24/autodse_without_tree_reduction/bert_100_768/_done/work_dir/output/fast/0/.merlin_prj/run/implement/exec/hls/__merlinkernel_kernel_gemm.c:74]   --->   Operation 86 'store' 'store_ln1733' <Predicate = true> <Delay = 1.24> <CoreInst = "RAM">   --->   Core 83 'RAM' <Latency = 1> <II = 1> <Delay = 1.24> <Storage> <Opcode : 'load' 'store'> <Ports = 2> <Width = 32> <Depth = 4800> <RAM>
ST_3 : Operation 87 [1/1] (1.24ns)   --->   "%store_ln1733 = store i32 %bitcast_ln1734_4, i13 %C_buf_19_addr" [/home/spouget/iccad_24/autodse_without_tree_reduction/bert_100_768/_done/work_dir/output/fast/0/.merlin_prj/run/implement/exec/hls/mars_wide_bus_3d.h:1733->/home/spouget/iccad_24/autodse_without_tree_reduction/bert_100_768/_done/work_dir/output/fast/0/.merlin_prj/run/implement/exec/hls/__merlinkernel_kernel_gemm.c:74]   --->   Operation 87 'store' 'store_ln1733' <Predicate = true> <Delay = 1.24> <CoreInst = "RAM">   --->   Core 83 'RAM' <Latency = 1> <II = 1> <Delay = 1.24> <Storage> <Opcode : 'load' 'store'> <Ports = 2> <Width = 32> <Depth = 4800> <RAM>
ST_3 : Operation 88 [1/1] (1.24ns)   --->   "%store_ln1733 = store i32 %bitcast_ln1734_5, i13 %C_buf_20_addr" [/home/spouget/iccad_24/autodse_without_tree_reduction/bert_100_768/_done/work_dir/output/fast/0/.merlin_prj/run/implement/exec/hls/mars_wide_bus_3d.h:1733->/home/spouget/iccad_24/autodse_without_tree_reduction/bert_100_768/_done/work_dir/output/fast/0/.merlin_prj/run/implement/exec/hls/__merlinkernel_kernel_gemm.c:74]   --->   Operation 88 'store' 'store_ln1733' <Predicate = true> <Delay = 1.24> <CoreInst = "RAM">   --->   Core 83 'RAM' <Latency = 1> <II = 1> <Delay = 1.24> <Storage> <Opcode : 'load' 'store'> <Ports = 2> <Width = 32> <Depth = 4800> <RAM>
ST_3 : Operation 89 [1/1] (1.24ns)   --->   "%store_ln1733 = store i32 %bitcast_ln1734_6, i13 %C_buf_21_addr" [/home/spouget/iccad_24/autodse_without_tree_reduction/bert_100_768/_done/work_dir/output/fast/0/.merlin_prj/run/implement/exec/hls/mars_wide_bus_3d.h:1733->/home/spouget/iccad_24/autodse_without_tree_reduction/bert_100_768/_done/work_dir/output/fast/0/.merlin_prj/run/implement/exec/hls/__merlinkernel_kernel_gemm.c:74]   --->   Operation 89 'store' 'store_ln1733' <Predicate = true> <Delay = 1.24> <CoreInst = "RAM">   --->   Core 83 'RAM' <Latency = 1> <II = 1> <Delay = 1.24> <Storage> <Opcode : 'load' 'store'> <Ports = 2> <Width = 32> <Depth = 4800> <RAM>
ST_3 : Operation 90 [1/1] (1.24ns)   --->   "%store_ln1733 = store i32 %bitcast_ln1734_7, i13 %C_buf_22_addr" [/home/spouget/iccad_24/autodse_without_tree_reduction/bert_100_768/_done/work_dir/output/fast/0/.merlin_prj/run/implement/exec/hls/mars_wide_bus_3d.h:1733->/home/spouget/iccad_24/autodse_without_tree_reduction/bert_100_768/_done/work_dir/output/fast/0/.merlin_prj/run/implement/exec/hls/__merlinkernel_kernel_gemm.c:74]   --->   Operation 90 'store' 'store_ln1733' <Predicate = true> <Delay = 1.24> <CoreInst = "RAM">   --->   Core 83 'RAM' <Latency = 1> <II = 1> <Delay = 1.24> <Storage> <Opcode : 'load' 'store'> <Ports = 2> <Width = 32> <Depth = 4800> <RAM>
ST_3 : Operation 91 [1/1] (1.24ns)   --->   "%store_ln1733 = store i32 %bitcast_ln1734_8, i13 %C_buf_23_addr" [/home/spouget/iccad_24/autodse_without_tree_reduction/bert_100_768/_done/work_dir/output/fast/0/.merlin_prj/run/implement/exec/hls/mars_wide_bus_3d.h:1733->/home/spouget/iccad_24/autodse_without_tree_reduction/bert_100_768/_done/work_dir/output/fast/0/.merlin_prj/run/implement/exec/hls/__merlinkernel_kernel_gemm.c:74]   --->   Operation 91 'store' 'store_ln1733' <Predicate = true> <Delay = 1.24> <CoreInst = "RAM">   --->   Core 83 'RAM' <Latency = 1> <II = 1> <Delay = 1.24> <Storage> <Opcode : 'load' 'store'> <Ports = 2> <Width = 32> <Depth = 4800> <RAM>
ST_3 : Operation 92 [1/1] (1.24ns)   --->   "%store_ln1733 = store i32 %bitcast_ln1734_9, i13 %C_buf_24_addr" [/home/spouget/iccad_24/autodse_without_tree_reduction/bert_100_768/_done/work_dir/output/fast/0/.merlin_prj/run/implement/exec/hls/mars_wide_bus_3d.h:1733->/home/spouget/iccad_24/autodse_without_tree_reduction/bert_100_768/_done/work_dir/output/fast/0/.merlin_prj/run/implement/exec/hls/__merlinkernel_kernel_gemm.c:74]   --->   Operation 92 'store' 'store_ln1733' <Predicate = true> <Delay = 1.24> <CoreInst = "RAM">   --->   Core 83 'RAM' <Latency = 1> <II = 1> <Delay = 1.24> <Storage> <Opcode : 'load' 'store'> <Ports = 2> <Width = 32> <Depth = 4800> <RAM>
ST_3 : Operation 93 [1/1] (1.24ns)   --->   "%store_ln1733 = store i32 %bitcast_ln1734_10, i13 %C_buf_25_addr" [/home/spouget/iccad_24/autodse_without_tree_reduction/bert_100_768/_done/work_dir/output/fast/0/.merlin_prj/run/implement/exec/hls/mars_wide_bus_3d.h:1733->/home/spouget/iccad_24/autodse_without_tree_reduction/bert_100_768/_done/work_dir/output/fast/0/.merlin_prj/run/implement/exec/hls/__merlinkernel_kernel_gemm.c:74]   --->   Operation 93 'store' 'store_ln1733' <Predicate = true> <Delay = 1.24> <CoreInst = "RAM">   --->   Core 83 'RAM' <Latency = 1> <II = 1> <Delay = 1.24> <Storage> <Opcode : 'load' 'store'> <Ports = 2> <Width = 32> <Depth = 4800> <RAM>
ST_3 : Operation 94 [1/1] (1.24ns)   --->   "%store_ln1733 = store i32 %bitcast_ln1734_11, i13 %C_buf_26_addr" [/home/spouget/iccad_24/autodse_without_tree_reduction/bert_100_768/_done/work_dir/output/fast/0/.merlin_prj/run/implement/exec/hls/mars_wide_bus_3d.h:1733->/home/spouget/iccad_24/autodse_without_tree_reduction/bert_100_768/_done/work_dir/output/fast/0/.merlin_prj/run/implement/exec/hls/__merlinkernel_kernel_gemm.c:74]   --->   Operation 94 'store' 'store_ln1733' <Predicate = true> <Delay = 1.24> <CoreInst = "RAM">   --->   Core 83 'RAM' <Latency = 1> <II = 1> <Delay = 1.24> <Storage> <Opcode : 'load' 'store'> <Ports = 2> <Width = 32> <Depth = 4800> <RAM>
ST_3 : Operation 95 [1/1] (1.24ns)   --->   "%store_ln1733 = store i32 %bitcast_ln1734_12, i13 %C_buf_27_addr" [/home/spouget/iccad_24/autodse_without_tree_reduction/bert_100_768/_done/work_dir/output/fast/0/.merlin_prj/run/implement/exec/hls/mars_wide_bus_3d.h:1733->/home/spouget/iccad_24/autodse_without_tree_reduction/bert_100_768/_done/work_dir/output/fast/0/.merlin_prj/run/implement/exec/hls/__merlinkernel_kernel_gemm.c:74]   --->   Operation 95 'store' 'store_ln1733' <Predicate = true> <Delay = 1.24> <CoreInst = "RAM">   --->   Core 83 'RAM' <Latency = 1> <II = 1> <Delay = 1.24> <Storage> <Opcode : 'load' 'store'> <Ports = 2> <Width = 32> <Depth = 4800> <RAM>
ST_3 : Operation 96 [1/1] (1.24ns)   --->   "%store_ln1733 = store i32 %bitcast_ln1734_13, i13 %C_buf_28_addr" [/home/spouget/iccad_24/autodse_without_tree_reduction/bert_100_768/_done/work_dir/output/fast/0/.merlin_prj/run/implement/exec/hls/mars_wide_bus_3d.h:1733->/home/spouget/iccad_24/autodse_without_tree_reduction/bert_100_768/_done/work_dir/output/fast/0/.merlin_prj/run/implement/exec/hls/__merlinkernel_kernel_gemm.c:74]   --->   Operation 96 'store' 'store_ln1733' <Predicate = true> <Delay = 1.24> <CoreInst = "RAM">   --->   Core 83 'RAM' <Latency = 1> <II = 1> <Delay = 1.24> <Storage> <Opcode : 'load' 'store'> <Ports = 2> <Width = 32> <Depth = 4800> <RAM>
ST_3 : Operation 97 [1/1] (1.24ns)   --->   "%store_ln1733 = store i32 %bitcast_ln1734_14, i13 %C_buf_29_addr" [/home/spouget/iccad_24/autodse_without_tree_reduction/bert_100_768/_done/work_dir/output/fast/0/.merlin_prj/run/implement/exec/hls/mars_wide_bus_3d.h:1733->/home/spouget/iccad_24/autodse_without_tree_reduction/bert_100_768/_done/work_dir/output/fast/0/.merlin_prj/run/implement/exec/hls/__merlinkernel_kernel_gemm.c:74]   --->   Operation 97 'store' 'store_ln1733' <Predicate = true> <Delay = 1.24> <CoreInst = "RAM">   --->   Core 83 'RAM' <Latency = 1> <II = 1> <Delay = 1.24> <Storage> <Opcode : 'load' 'store'> <Ports = 2> <Width = 32> <Depth = 4800> <RAM>
ST_3 : Operation 98 [1/1] (1.24ns)   --->   "%store_ln1733 = store i32 %bitcast_ln1734_15, i13 %C_buf_30_addr" [/home/spouget/iccad_24/autodse_without_tree_reduction/bert_100_768/_done/work_dir/output/fast/0/.merlin_prj/run/implement/exec/hls/mars_wide_bus_3d.h:1733->/home/spouget/iccad_24/autodse_without_tree_reduction/bert_100_768/_done/work_dir/output/fast/0/.merlin_prj/run/implement/exec/hls/__merlinkernel_kernel_gemm.c:74]   --->   Operation 98 'store' 'store_ln1733' <Predicate = true> <Delay = 1.24> <CoreInst = "RAM">   --->   Core 83 'RAM' <Latency = 1> <II = 1> <Delay = 1.24> <Storage> <Opcode : 'load' 'store'> <Ports = 2> <Width = 32> <Depth = 4800> <RAM>
ST_3 : Operation 99 [1/1] (1.14ns)   --->   "%icmp_ln1737 = icmp_eq  i64 %index2_load, i64 47" [/home/spouget/iccad_24/autodse_without_tree_reduction/bert_100_768/_done/work_dir/output/fast/0/.merlin_prj/run/implement/exec/hls/mars_wide_bus_3d.h:1737->/home/spouget/iccad_24/autodse_without_tree_reduction/bert_100_768/_done/work_dir/output/fast/0/.merlin_prj/run/implement/exec/hls/__merlinkernel_kernel_gemm.c:74]   --->   Operation 99 'icmp' 'icmp_ln1737' <Predicate = true> <Delay = 1.14> <CoreInst = "Cmp">   --->   Core 9 'Cmp' <Latency = 0> <II = 1> <Delay = 1.14> <FuncUnit> <Opcode : 'icmp'> <InPorts = 2> <OutPorts = 1>
ST_3 : Operation 100 [1/1] (0.75ns)   --->   "%index3_6 = add i13 %index3_load, i13 1" [/home/spouget/iccad_24/autodse_without_tree_reduction/bert_100_768/_done/work_dir/output/fast/0/.merlin_prj/run/implement/exec/hls/mars_wide_bus_3d.h:1737->/home/spouget/iccad_24/autodse_without_tree_reduction/bert_100_768/_done/work_dir/output/fast/0/.merlin_prj/run/implement/exec/hls/__merlinkernel_kernel_gemm.c:74]   --->   Operation 100 'add' 'index3_6' <Predicate = true> <Delay = 0.75> <CoreInst = "Adder">   --->   Core 1 'Adder' <Latency = 0> <II = 1> <Delay = 0.75> <FuncUnit> <Opcode : 'add' 'sub'> <InPorts = 2> <OutPorts = 1>
ST_3 : Operation 101 [1/1] (1.14ns)   --->   "%index2_7 = add i64 %index2_load, i64 1" [/home/spouget/iccad_24/autodse_without_tree_reduction/bert_100_768/_done/work_dir/output/fast/0/.merlin_prj/run/implement/exec/hls/mars_wide_bus_3d.h:1737->/home/spouget/iccad_24/autodse_without_tree_reduction/bert_100_768/_done/work_dir/output/fast/0/.merlin_prj/run/implement/exec/hls/__merlinkernel_kernel_gemm.c:74]   --->   Operation 101 'add' 'index2_7' <Predicate = true> <Delay = 1.14> <CoreInst = "Adder">   --->   Core 1 'Adder' <Latency = 0> <II = 1> <Delay = 1.14> <FuncUnit> <Opcode : 'add' 'sub'> <InPorts = 2> <OutPorts = 1>
ST_3 : Operation 102 [1/1] (0.32ns)   --->   "%index3_7 = select i1 %icmp_ln1737, i13 %index3_6, i13 %index3_load" [/home/spouget/iccad_24/autodse_without_tree_reduction/bert_100_768/_done/work_dir/output/fast/0/.merlin_prj/run/implement/exec/hls/mars_wide_bus_3d.h:1737->/home/spouget/iccad_24/autodse_without_tree_reduction/bert_100_768/_done/work_dir/output/fast/0/.merlin_prj/run/implement/exec/hls/__merlinkernel_kernel_gemm.c:74]   --->   Operation 102 'select' 'index3_7' <Predicate = true> <Delay = 0.32> <CoreInst = "Sel">   --->   Core 73 'Sel' <Latency = 0> <II = 1> <Delay = 0.32> <FuncUnit> <Opcode : 'select'> <InPorts = 3> <OutPorts = 1>
ST_3 : Operation 103 [1/1] (0.41ns)   --->   "%index2_8 = select i1 %icmp_ln1737, i64 0, i64 %index2_7" [/home/spouget/iccad_24/autodse_without_tree_reduction/bert_100_768/_done/work_dir/output/fast/0/.merlin_prj/run/implement/exec/hls/mars_wide_bus_3d.h:1737->/home/spouget/iccad_24/autodse_without_tree_reduction/bert_100_768/_done/work_dir/output/fast/0/.merlin_prj/run/implement/exec/hls/__merlinkernel_kernel_gemm.c:74]   --->   Operation 103 'select' 'index2_8' <Predicate = true> <Delay = 0.41> <CoreInst = "Sel">   --->   Core 73 'Sel' <Latency = 0> <II = 1> <Delay = 0.41> <FuncUnit> <Opcode : 'select'> <InPorts = 3> <OutPorts = 1>
ST_3 : Operation 104 [1/1] (0.38ns)   --->   "%store_ln1665 = store i64 %index2_8, i64 %index2" [/home/spouget/iccad_24/autodse_without_tree_reduction/bert_100_768/_done/work_dir/output/fast/0/.merlin_prj/run/implement/exec/hls/mars_wide_bus_3d.h:1665->/home/spouget/iccad_24/autodse_without_tree_reduction/bert_100_768/_done/work_dir/output/fast/0/.merlin_prj/run/implement/exec/hls/__merlinkernel_kernel_gemm.c:74]   --->   Operation 104 'store' 'store_ln1665' <Predicate = true> <Delay = 0.38>
ST_3 : Operation 105 [1/1] (0.38ns)   --->   "%store_ln1665 = store i13 %index3_7, i13 %index3" [/home/spouget/iccad_24/autodse_without_tree_reduction/bert_100_768/_done/work_dir/output/fast/0/.merlin_prj/run/implement/exec/hls/mars_wide_bus_3d.h:1665->/home/spouget/iccad_24/autodse_without_tree_reduction/bert_100_768/_done/work_dir/output/fast/0/.merlin_prj/run/implement/exec/hls/__merlinkernel_kernel_gemm.c:74]   --->   Operation 105 'store' 'store_ln1665' <Predicate = true> <Delay = 0.38>
ST_3 : Operation 106 [1/1] (0.00ns)   --->   "%br_ln1705 = br void %for.body62.i" [/home/spouget/iccad_24/autodse_without_tree_reduction/bert_100_768/_done/work_dir/output/fast/0/.merlin_prj/run/implement/exec/hls/mars_wide_bus_3d.h:1705->/home/spouget/iccad_24/autodse_without_tree_reduction/bert_100_768/_done/work_dir/output/fast/0/.merlin_prj/run/implement/exec/hls/__merlinkernel_kernel_gemm.c:74]   --->   Operation 106 'br' 'br_ln1705' <Predicate = true> <Delay = 0.00>


============================================================
+ Verbose Summary: Timing violations
============================================================
Target clock period: 4.000ns, clock uncertainty: 1.080ns.

 <State 1>: 1.529ns
The critical path consists of the following:
	'store' operation 0 bit ('store_ln1664', /home/spouget/iccad_24/autodse_without_tree_reduction/bert_100_768/_done/work_dir/output/fast/0/.merlin_prj/run/implement/exec/hls/mars_wide_bus_3d.h:1664->/home/spouget/iccad_24/autodse_without_tree_reduction/bert_100_768/_done/work_dir/output/fast/0/.merlin_prj/run/implement/exec/hls/__merlinkernel_kernel_gemm.c:74) of constant 0 on local variable 'i', /home/spouget/iccad_24/autodse_without_tree_reduction/bert_100_768/_done/work_dir/output/fast/0/.merlin_prj/run/implement/exec/hls/mars_wide_bus_3d.h:1664->/home/spouget/iccad_24/autodse_without_tree_reduction/bert_100_768/_done/work_dir/output/fast/0/.merlin_prj/run/implement/exec/hls/__merlinkernel_kernel_gemm.c:74 [27]  (0.387 ns)
	'load' operation 13 bit ('i', /home/spouget/iccad_24/autodse_without_tree_reduction/bert_100_768/_done/work_dir/output/fast/0/.merlin_prj/run/implement/exec/hls/mars_wide_bus_3d.h:1705->/home/spouget/iccad_24/autodse_without_tree_reduction/bert_100_768/_done/work_dir/output/fast/0/.merlin_prj/run/implement/exec/hls/__merlinkernel_kernel_gemm.c:74) on local variable 'i', /home/spouget/iccad_24/autodse_without_tree_reduction/bert_100_768/_done/work_dir/output/fast/0/.merlin_prj/run/implement/exec/hls/mars_wide_bus_3d.h:1664->/home/spouget/iccad_24/autodse_without_tree_reduction/bert_100_768/_done/work_dir/output/fast/0/.merlin_prj/run/implement/exec/hls/__merlinkernel_kernel_gemm.c:74 [30]  (0.000 ns)
	'icmp' operation 1 bit ('icmp_ln1705', /home/spouget/iccad_24/autodse_without_tree_reduction/bert_100_768/_done/work_dir/output/fast/0/.merlin_prj/run/implement/exec/hls/mars_wide_bus_3d.h:1705->/home/spouget/iccad_24/autodse_without_tree_reduction/bert_100_768/_done/work_dir/output/fast/0/.merlin_prj/run/implement/exec/hls/__merlinkernel_kernel_gemm.c:74) [32]  (0.755 ns)
	'store' operation 0 bit ('store_ln1664', /home/spouget/iccad_24/autodse_without_tree_reduction/bert_100_768/_done/work_dir/output/fast/0/.merlin_prj/run/implement/exec/hls/mars_wide_bus_3d.h:1664->/home/spouget/iccad_24/autodse_without_tree_reduction/bert_100_768/_done/work_dir/output/fast/0/.merlin_prj/run/implement/exec/hls/__merlinkernel_kernel_gemm.c:74) of variable 'i', /home/spouget/iccad_24/autodse_without_tree_reduction/bert_100_768/_done/work_dir/output/fast/0/.merlin_prj/run/implement/exec/hls/mars_wide_bus_3d.h:1705->/home/spouget/iccad_24/autodse_without_tree_reduction/bert_100_768/_done/work_dir/output/fast/0/.merlin_prj/run/implement/exec/hls/__merlinkernel_kernel_gemm.c:74 on local variable 'i', /home/spouget/iccad_24/autodse_without_tree_reduction/bert_100_768/_done/work_dir/output/fast/0/.merlin_prj/run/implement/exec/hls/mars_wide_bus_3d.h:1664->/home/spouget/iccad_24/autodse_without_tree_reduction/bert_100_768/_done/work_dir/output/fast/0/.merlin_prj/run/implement/exec/hls/__merlinkernel_kernel_gemm.c:74 [120]  (0.387 ns)

 <State 2>: 2.920ns
The critical path consists of the following:
	'getelementptr' operation 512 bit ('merlin_gmem_kernel_gemm_512_C_addr', /home/spouget/iccad_24/autodse_without_tree_reduction/bert_100_768/_done/work_dir/output/fast/0/.merlin_prj/run/implement/exec/hls/mars_wide_bus_3d.h:1705->/home/spouget/iccad_24/autodse_without_tree_reduction/bert_100_768/_done/work_dir/output/fast/0/.merlin_prj/run/implement/exec/hls/__merlinkernel_kernel_gemm.c:74) [38]  (0.000 ns)
	bus read operation ('merlin_gmem_kernel_gemm_512_C_addr_read', /home/spouget/iccad_24/autodse_without_tree_reduction/bert_100_768/_done/work_dir/output/fast/0/.merlin_prj/run/implement/exec/hls/memcpy_512.h:56->/home/spouget/iccad_24/autodse_without_tree_reduction/bert_100_768/_done/work_dir/output/fast/0/.merlin_prj/run/implement/exec/hls/mars_wide_bus_3d.h:1732->/home/spouget/iccad_24/autodse_without_tree_reduction/bert_100_768/_done/work_dir/output/fast/0/.merlin_prj/run/implement/exec/hls/__merlinkernel_kernel_gemm.c:74) on port 'merlin_gmem_kernel_gemm_512_C' (/home/spouget/iccad_24/autodse_without_tree_reduction/bert_100_768/_done/work_dir/output/fast/0/.merlin_prj/run/implement/exec/hls/memcpy_512.h:56->/home/spouget/iccad_24/autodse_without_tree_reduction/bert_100_768/_done/work_dir/output/fast/0/.merlin_prj/run/implement/exec/hls/mars_wide_bus_3d.h:1732->/home/spouget/iccad_24/autodse_without_tree_reduction/bert_100_768/_done/work_dir/output/fast/0/.merlin_prj/run/implement/exec/hls/__merlinkernel_kernel_gemm.c:74) [64]  (2.920 ns)

 <State 3>: 1.984ns
The critical path consists of the following:
	'load' operation 13 bit ('index3_load', /home/spouget/iccad_24/autodse_without_tree_reduction/bert_100_768/_done/work_dir/output/fast/0/.merlin_prj/run/implement/exec/hls/mars_wide_bus_3d.h:1733->/home/spouget/iccad_24/autodse_without_tree_reduction/bert_100_768/_done/work_dir/output/fast/0/.merlin_prj/run/implement/exec/hls/__merlinkernel_kernel_gemm.c:74) on local variable 'index3', /home/spouget/iccad_24/autodse_without_tree_reduction/bert_100_768/_done/work_dir/output/fast/0/.merlin_prj/run/implement/exec/hls/mars_wide_bus_3d.h:1665->/home/spouget/iccad_24/autodse_without_tree_reduction/bert_100_768/_done/work_dir/output/fast/0/.merlin_prj/run/implement/exec/hls/__merlinkernel_kernel_gemm.c:74 [36]  (0.000 ns)
	'shl' operation 13 bit ('shl_ln1733_1', /home/spouget/iccad_24/autodse_without_tree_reduction/bert_100_768/_done/work_dir/output/fast/0/.merlin_prj/run/implement/exec/hls/mars_wide_bus_3d.h:1733->/home/spouget/iccad_24/autodse_without_tree_reduction/bert_100_768/_done/work_dir/output/fast/0/.merlin_prj/run/implement/exec/hls/__merlinkernel_kernel_gemm.c:74) [40]  (0.000 ns)
	'sub' operation 13 bit ('sub_ln1733', /home/spouget/iccad_24/autodse_without_tree_reduction/bert_100_768/_done/work_dir/output/fast/0/.merlin_prj/run/implement/exec/hls/mars_wide_bus_3d.h:1733->/home/spouget/iccad_24/autodse_without_tree_reduction/bert_100_768/_done/work_dir/output/fast/0/.merlin_prj/run/implement/exec/hls/__merlinkernel_kernel_gemm.c:74) [41]  (0.000 ns)
	'add' operation 13 bit ('add_ln1733', /home/spouget/iccad_24/autodse_without_tree_reduction/bert_100_768/_done/work_dir/output/fast/0/.merlin_prj/run/implement/exec/hls/mars_wide_bus_3d.h:1733->/home/spouget/iccad_24/autodse_without_tree_reduction/bert_100_768/_done/work_dir/output/fast/0/.merlin_prj/run/implement/exec/hls/__merlinkernel_kernel_gemm.c:74) [46]  (0.736 ns)
	'getelementptr' operation 13 bit ('C_buf_addr', /home/spouget/iccad_24/autodse_without_tree_reduction/bert_100_768/_done/work_dir/output/fast/0/.merlin_prj/run/implement/exec/hls/mars_wide_bus_3d.h:1733->/home/spouget/iccad_24/autodse_without_tree_reduction/bert_100_768/_done/work_dir/output/fast/0/.merlin_prj/run/implement/exec/hls/__merlinkernel_kernel_gemm.c:74) [48]  (0.000 ns)
	'store' operation 0 bit ('store_ln1733', /home/spouget/iccad_24/autodse_without_tree_reduction/bert_100_768/_done/work_dir/output/fast/0/.merlin_prj/run/implement/exec/hls/mars_wide_bus_3d.h:1733->/home/spouget/iccad_24/autodse_without_tree_reduction/bert_100_768/_done/work_dir/output/fast/0/.merlin_prj/run/implement/exec/hls/__merlinkernel_kernel_gemm.c:74) of variable 'bitcast_ln1734', /home/spouget/iccad_24/autodse_without_tree_reduction/bert_100_768/_done/work_dir/output/fast/0/.merlin_prj/run/implement/exec/hls/mars_wide_bus_3d.h:1734->/home/spouget/iccad_24/autodse_without_tree_reduction/bert_100_768/_done/work_dir/output/fast/0/.merlin_prj/run/implement/exec/hls/__merlinkernel_kernel_gemm.c:74 on array 'C_buf' [97]  (1.248 ns)


============================================================
+ Verbose Summary: Binding
============================================================
N/A
* FSMD analyzer results:
  - Output states:
 - Input state : 
  - Chain level:
	State 1
	State 2
	State 3


============================================================
+ Verbose Summary: Datapath Resource usage 
============================================================
N/A
