[   0m]    INFO Main: Workspace initialized
[   0m]    INFO Main: Loading configurations
[   0m]    INFO Main: Initializing the database at port 6013
[   0m]    INFO Main: Initializing the evaluator
[   0m]    INFO Main: Compiling design space for scope map
[   0m]    INFO DSProc: Design space contains 38478 valid design points
[   0m]    INFO DSProc: Finished design space compilation
[   0m]    INFO Main: Building the scope map
[   2m]    INFO Report: DSE Configure
[   2m]    INFO Report: +--------------------+--------------+
[   2m]    INFO Report: |       Config       |    Value     |
[   2m]    INFO Report: +====================+==============+
[   2m]    INFO Report: | Project            | dse_project  |
[   2m]    INFO Report: +--------------------+--------------+
[   2m]    INFO Report: | Backup mode        | BACKUP_ERROR |
[   2m]    INFO Report: +--------------------+--------------+
[   2m]    INFO Report: | Fast mode output # | 4            |
[   2m]    INFO Report: +--------------------+--------------+
[   2m]    INFO Report: | Execution mode     | fast-dse     |
[   2m]    INFO Report: +--------------------+--------------+
[   2m]    INFO Report: | Search approach    | gradient     |
[   2m]    INFO Report: +--------------------+--------------+
[   2m]    INFO Report: | DSE time           | 1000         |
[   2m]    INFO Report: +--------------------+--------------+
[   2m]    INFO Report: | HLS time           | 180          |
[   2m]    INFO Report: +--------------------+--------------+
[   2m]    INFO Report: The actual elapsed time may be over the set up exploration time
[   2m]    INFO Report: because we do not abandon the effort of running cases
[   2m]    INFO Main: Compiling design space
[   2m]    INFO DSProc: Design space contains 38478 valid design points
[   2m]    INFO DSProc: Finished design space compilation
[   2m]    INFO Main: Partitioning the design space to at maximum 4 parts
[   2m]    INFO Main: 3 parts generated
[   2m]    INFO Main: Start the exploration
[   2m]    INFO Main: 3 explorers have been launched
[   4m]    INFO Report: Best result reporting...
[   4m]    INFO Report: +-------+-------+-------------------------------------------+
[   4m]    INFO Report: |Quality|Perf.  |Resource                                   |
[   4m]    INFO Report: +-------+-------+-------------------------------------------+
[   7m]    INFO Report: |1.5e-08|6.8e+07|BRAM:8.0%, DSP:0.0%, LUT:2.0%, FF:1.0%     |
[   7m]    INFO Report: +-------+-------+-------------------------------------------+
[ 172m]    INFO Report: |2.4e-06|4.1e+05|BRAM:11.0%, DSP:15.0%, LUT:85.0%, FF:27.0% |
[ 172m]    INFO Report: +-------+-------+-------------------------------------------+
[ 535m]    INFO Report: |3.1e-06|3.2e+05|BRAM:11.0%, DSP:234.0%, LUT:204.0%, FF:134.0%|
[ 535m]    INFO Report: +-------+-------+-------------------------------------------+
[1331m]    INFO Main: DSE Summary
[1331m]    INFO Main: +----------------------------+-----+
[1331m]    INFO Main: | Total Explored             | 182 |
[1331m]    INFO Main: +----------------------------+-----+
[1331m]    INFO Main: | Level 1 Timeout            | 0   |
[1331m]    INFO Main: +----------------------------+-----+
[1331m]    INFO Main: | Level 1 Analysis Error     | 0   |
[1331m]    INFO Main: +----------------------------+-----+
[1331m]    INFO Main: | Level 1 Early Reject       | 140 |
[1331m]    INFO Main: +----------------------------+-----+
[1331m]    INFO Main: | Level 1 Result Unavailable | 0   |
[1331m]    INFO Main: +----------------------------+-----+
[1331m]    INFO Main: | Level 2 Timeout            | 20  |
[1331m]    INFO Main: +----------------------------+-----+
[1331m]    INFO Main: | Level 2 Analysis Error     | 0   |
[1331m]    INFO Main: +----------------------------+-----+
[1331m]    INFO Main: | Level 2 Duplicate          | 0   |
[1331m]    INFO Main: +----------------------------+-----+
[1331m]    INFO Main: | Level 2 Result Unavailable | 9   |
[1331m]    INFO Main: +----------------------------+-----+
[1331m]    INFO Main: Outputs of fast exploration are generated
[1331m]    INFO Main: Finish the exploration
