[   2m]    INFO Search: Computation order (high to low): ['PARALLEL', 'PIPELINE']
[   2m]    INFO Search: Communication order (high to low): ['INTERFACE', 'CACHE', 'PIPELINE', 'TILE', 'TILING']
[   2m]    INFO Search: Launch gradient search algorithm
[ 143m] WARNING Search: Default point is invalid: {'__PARA__L0': 1, '__PARA__L1': 1, '__PARA__L2': 1, '__PIPE__L0': 'flatten', '__PIPE__L1': 'off', '__TILE__L0': 1, '__TILE__L1': 1}
[ 143m] WARNING Search: This exploration is low confidence to achieve high QoR.
[ 143m]    INFO Search: Focus parameters (high order goes to tail): ['__PARA__L0', '__PARA__L1', '__PARA__L2', '__PIPE__L0', '__PIPE__L1', '__TILE__L0', '__TILE__L1']
[ 143m]    INFO Search: === ITERATION 1 ===
[ 143m]    INFO Search: Tree Level 0
[ 143m]    INFO Search: Working Node:
[ 143m]    INFO Search: +---------+------------------------------------------------------------------------------------------------------------+
[ 143m]    INFO Search: | Point   | __PARA__L0-1.__PARA__L1-1.__PARA__L2-1.__PIPE__L0-flatten.__PIPE__L1-off.__TILE__L0-1.__TILE__L1-1         |
[ 143m]    INFO Search: +---------+------------------------------------------------------------------------------------------------------------+
[ 143m]    INFO Search: | Quality | 0.00e+00                                                                                                   |
[ 143m]    INFO Search: +---------+------------------------------------------------------------------------------------------------------------+
[ 143m]    INFO Search: | Perf.   | 0.00e+00                                                                                                   |
[ 143m]    INFO Search: +---------+------------------------------------------------------------------------------------------------------------+
[ 143m]    INFO Search: | Child   | ('__PARA__L0', '8,3')<-('__PARA__L1', '')<-('__PARA__L2', '')<-('__PIPE__L0', '')<-('__PIPE__L1',          |
[ 143m]    INFO Search: |         | '')<-('__TILE__L0', '11')<-('__TILE__L1', '')                                                              |
[ 143m]    INFO Search: +---------+------------------------------------------------------------------------------------------------------------+
[ 143m]    INFO Search: | Tuned   |                                                                                                            |
[ 143m]    INFO Search: +---------+------------------------------------------------------------------------------------------------------------+
[ 143m]    INFO Search: No batch to be worked
[ 143m]    INFO Search: Run out of batches of parameter __TILE__L1
[ 143m]    INFO Search: === ITERATION 2 ===
[ 143m]    INFO Search: Tree Level 0
[ 143m]    INFO Search: Working Node:
[ 143m]    INFO Search: +---------+------------------------------------------------------------------------------------------------------------+
[ 143m]    INFO Search: | Point   | __PARA__L0-1.__PARA__L1-1.__PARA__L2-1.__PIPE__L0-flatten.__PIPE__L1-off.__TILE__L0-1.__TILE__L1-1         |
[ 143m]    INFO Search: +---------+------------------------------------------------------------------------------------------------------------+
[ 143m]    INFO Search: | Quality | 0.00e+00                                                                                                   |
[ 143m]    INFO Search: +---------+------------------------------------------------------------------------------------------------------------+
[ 143m]    INFO Search: | Perf.   | 0.00e+00                                                                                                   |
[ 143m]    INFO Search: +---------+------------------------------------------------------------------------------------------------------------+
[ 143m]    INFO Search: | Child   | ('__PARA__L0', '8,3')<-('__PARA__L1', '')<-('__PARA__L2', '')<-('__PIPE__L0', '')<-('__PIPE__L1',          |
[ 143m]    INFO Search: |         | '')<-('__TILE__L0', '11')                                                                                  |
[ 143m]    INFO Search: +---------+------------------------------------------------------------------------------------------------------------+
[ 143m]    INFO Search: | Tuned   |                                                                                                            |
[ 143m]    INFO Search: +---------+------------------------------------------------------------------------------------------------------------+
[ 143m]    INFO Search: Working batch: __TILE__L0
[ 143m]    INFO Search: Evaluating 11 poitns
