================================================================
== Design Size Report
================================================================

* Total Instructions per Compilation Phase
+---------------+-----------------------------+--------------+----------------------------------------------------------------------------------------+
| Phase         | Step                        | Instructions | Description                                                                            |
+---------------+-----------------------------+--------------+----------------------------------------------------------------------------------------+
| Compile/Link  |                             |     1,393    | After all functions are compiled and linked into a single design                       |
|               |                             |              |                                                                                        |
| Unroll/Inline |                             |              | After user unroll and inline pragmas are applied                                       |
|               | (1) unroll                  |    94,040    | user unroll pragmas are applied                                                        |
|               | (2) simplification          |    34,351    | simplification of applied user unroll pragmas                                          |
|               | (3) inline                  |    30,989    | user inline pragmas are applied                                                        |
|               | (4) simplification          |    30,849    | simplification of applied user inline pragmas                                          |
|               |                             |              |                                                                                        |
| Array/Struct  |                             |              | After user array partition and struct aggregate/disaggregate pragmas are applied       |
|               | (1) array partition         | 3,055,443 *  | user array partition pragmas are applied                                               |
|               | (2) simplification          |    93,721    | simplification of applied user array partition & struct aggregate/disaggregate pragmas |
|               | (3) aggregate/disaggregate  |    93,724    | user struct aggregate/disaggregate pragmas are applied                                 |
|               | (4) array reshape           |    93,854    | apply array reshape pragmas                                                            |
|               | (5) access patterns         |    88,863    | array access pattern optmizations                                                      |
|               |                             |              |                                                                                        |
| Performance   |                             |              | After transformations are applied to meet performance pragma targets                   |
|               | (1) loop simplification     |    86,977    | loop and instruction simplification                                                    |
|               | (2) parallelization         |    86,956    | loops are unrolled or pipelined to meet performance targets                            |
|               | (3) array partition         |    86,956    | arrays are partitioned to meet performance targets                                     |
|               | (4) simplification          |    86,956    | simplification of design after performance transformations                             |
|               |                             |              |                                                                                        |
| HW Transforms |                             |              | After hardware transfomations                                                          |
|               | (1) lowering                |    86,993    | initial conversion to HW specific instructions                                         |
|               | (2) optimizations           |    87,085    | high level synthesis optimizations                                                     |
+---------------+-----------------------------+--------------+----------------------------------------------------------------------------------------+
    * - Exceeded design size warning message threshold

* Instructions per Function for each Compilation Phase
+--------------+------------------------+--------------+---------------+--------------+-------------+---------------+
| Function     | Location               | Compile/Link | Unroll/Inline | Array/Struct | Performance | HW Transforms |
+--------------+------------------------+--------------+---------------+--------------+-------------+---------------+
| + kernel_nlp | code_generated.cpp:266 | 1,393        | 30,849        | 88,863       | 86,956      | 87,085        |
|    load_E    | code_generated.cpp:12  |   69         |    29         | 4,719        | 4,718       | 4,724         |
|    load_B    | code_generated.cpp:23  |   69         |    29         | 3,870        | 3,869       | 3,875         |
|    load_A    | code_generated.cpp:34  |  183         |    59         | 1,568        | 1,567       | 1,585         |
|    load_F    | code_generated.cpp:51  |   69         |    29         | 5,019        | 5,018       | 5,024         |
|    load_D    | code_generated.cpp:62  |   69         |    29         | 2,031        | 2,030       | 2,036         |
|    load_C    | code_generated.cpp:73  |  107         |    39         | 3,276        | 3,275       | 3,285         |
|    load_G    | code_generated.cpp:86  |   69         |    29         | 4,719        | 4,718       | 4,724         |
|    task0     | code_generated.cpp:134 |   57         | 1,281         | 2,411        | 2,411       | 2,418         |
|    task1     | code_generated.cpp:153 |   90         | 7,850         | 11,057       | 10,457      | 10,467        |
|    task2     | code_generated.cpp:178 |   57         | 1,491         | 2,811        | 2,811       | 2,818         |
|    task3     | code_generated.cpp:197 |   90         | 9,140         | 12,637       | 11,937      | 11,947        |
|    task4     | code_generated.cpp:222 |   57         | 1,288         | 3,018        | 3,018       | 3,028         |
|    task5     | code_generated.cpp:241 |   90         | 9,401         | 13,270       | 12,670      | 12,680        |
|    store_E   | code_generated.cpp:97  |   69         |    29         | 1,359        | 1,359       | 1,362         |
|    store_F   | code_generated.cpp:109 |   69         |    29         | 1,459        | 1,459       | 1,462         |
|    store_G   | code_generated.cpp:121 |   69         |    29         | 1,359        | 1,359       | 1,362         |
+--------------+------------------------+--------------+---------------+--------------+-------------+---------------+

* Design Size Message Settings
+---------------------------------------------+--------+------------------------------------------------------------------+
| Message Setting                             | Value  | Description                                                      |
+---------------------------------------------+--------+------------------------------------------------------------------+
| config_compile -design_size_maximum_warning | 100000 | Show a warning when total design instructions exceeds this value |
+---------------------------------------------+--------+------------------------------------------------------------------+


