[   6m]    INFO Explorer: Found a better result at #0000: Quality 9.4e-08, Perf 1.1e+07
[  11m]    INFO Explorer: Found a better result at #0001: Quality 1.9e-07, Perf 5.4e+06
[  11m]    INFO Explorer: Found a better result at #0001: Quality 3.7e-07, Perf 2.7e+06
[  13m]    INFO Explorer: All points are stopped at level 1
[  24m]    INFO Explorer: All points are stopped at level 1
[  26m]    INFO Explorer: All points are stopped at level 1
[  28m]    INFO Explorer: All points are stopped at level 1
[  44m]    INFO Explorer: All points are stopped at level 1
[  48m]    INFO Explorer: Found a better result at #0035: Quality 3.7e-07, Perf 2.7e+06
[  48m]    INFO Explorer: Found a better result at #0035: Quality 3.7e-07, Perf 2.7e+06
[  51m]    INFO Explorer: All points are stopped at level 1
[  62m]    INFO Explorer: All points are stopped at level 1
[  63m]    INFO Explorer: All points are stopped at level 1
[  67m]    INFO Explorer: All points are stopped at level 1
[  83m]    INFO Explorer: All points are stopped at level 1
[  99m]    INFO Explorer: All points are stopped at level 1
[ 102m]    INFO Explorer: All points are stopped at level 1
[ 117m]    INFO Explorer: All points are stopped at level 1
[ 133m]    INFO Explorer: All points are stopped at level 1
[ 145m]    INFO Explorer: All points are stopped at level 1
[ 146m]    INFO Explorer: All points are stopped at level 1
[ 147m]    INFO Explorer: All points are stopped at level 1
[ 150m]    INFO Explorer: All points are stopped at level 1
[ 161m]    INFO Explorer: All points are stopped at level 1
[ 162m]    INFO Explorer: All points are stopped at level 1
[ 165m]    INFO Explorer: All points are stopped at level 1
[ 179m]    INFO Explorer: All points are stopped at level 1
[ 197m]    INFO Explorer: All points are stopped at level 1
[ 200m]    INFO Explorer: All points are stopped at level 1
[ 214m]    INFO Explorer: All points are stopped at level 1
[ 228m]    INFO Explorer: All points are stopped at level 1
[ 239m]    INFO Explorer: All points are stopped at level 1
[ 240m]    INFO Explorer: All points are stopped at level 1
[ 242m]    INFO Explorer: All points are stopped at level 1
[ 264m]    INFO Explorer: Found a better result at #0229: Quality 3.7e-07, Perf 2.7e+06
[ 264m]    INFO Explorer: Found a better result at #0229: Quality 3.7e-07, Perf 2.7e+06
[ 264m]    INFO Explorer: Found a better result at #0229: Quality 3.7e-07, Perf 2.7e+06
[ 264m]    INFO Explorer: Found a better result at #0229: Quality 3.7e-07, Perf 2.7e+06
[ 264m]    INFO Explorer: Found a better result at #0229: Quality 3.7e-07, Perf 2.7e+06
[ 264m]    INFO Explorer: Found a better result at #0229: Quality 3.7e-07, Perf 2.7e+06
[ 264m]    INFO Explorer: Found a better result at #0229: Quality 3.7e-07, Perf 2.7e+06
[ 267m]    INFO Explorer: All points are stopped at level 1
[ 277m]    INFO Explorer: All points are stopped at level 1
[ 278m]    INFO Explorer: All points are stopped at level 1
[ 281m]    INFO Explorer: All points are stopped at level 1
[ 468m]    INFO Explorer: All points are stopped at level 1
[ 510m]    INFO Explorer: All points are stopped at level 1
[ 513m]    INFO Explorer: All points are stopped at level 1
[ 701m]    INFO Explorer: All points are stopped at level 1
[ 716m]    INFO Explorer: All points are stopped at level 1
[ 727m]    INFO Explorer: All points are stopped at level 1
[ 728m]    INFO Explorer: All points are stopped at level 1
[ 730m]    INFO Explorer: All points are stopped at level 1
[ 731m]    INFO Explorer: All points are stopped at level 1
[ 736m]    INFO Explorer: All points are stopped at level 1
[ 739m]    INFO Explorer: All points are stopped at level 1
[ 744m]    INFO Explorer: All points are stopped at level 1
[ 745m]    INFO Explorer: All points are stopped at level 1
[ 752m]    INFO Explorer: All points are stopped at level 1
[ 754m]    INFO Explorer: All points are stopped at level 1
[ 760m]    INFO Explorer: All points are stopped at level 1
[ 761m]    INFO Explorer: All points are stopped at level 1
[ 762m]    INFO Explorer: All points are stopped at level 1
[ 763m]    INFO Explorer: All points are stopped at level 1
[ 769m]    INFO Explorer: All points are stopped at level 1
[ 770m]    INFO Explorer: All points are stopped at level 1
[ 772m]    INFO Explorer: All points are stopped at level 1
[ 777m]    INFO Explorer: All points are stopped at level 1
[ 778m]    INFO Explorer: All points are stopped at level 1
[ 781m]    INFO Explorer: All points are stopped at level 1
[ 786m]    INFO Explorer: All points are stopped at level 1
[ 787m]    INFO Explorer: All points are stopped at level 1
[ 788m]    INFO Explorer: All points are stopped at level 1
[ 789m]    INFO Explorer: All points are stopped at level 1
[ 794m]    INFO Explorer: All points are stopped at level 1
[ 796m]    INFO Explorer: All points are stopped at level 1
[ 798m]    INFO Explorer: All points are stopped at level 1
[ 803m]    INFO Explorer: All points are stopped at level 1
[ 804m]    INFO Explorer: All points are stopped at level 1
[ 807m]    INFO Explorer: All points are stopped at level 1
[ 812m]    INFO Explorer: All points are stopped at level 1
[ 813m]    INFO Explorer: All points are stopped at level 1
[ 814m]    INFO Explorer: All points are stopped at level 1
[ 816m]    INFO Explorer: All points are stopped at level 1
[ 821m]    INFO Explorer: All points are stopped at level 1
[ 822m]    INFO Explorer: All points are stopped at level 1
[ 825m]    INFO Explorer: All points are stopped at level 1
[ 829m]    INFO Explorer: All points are stopped at level 1
[ 831m]    INFO Explorer: All points are stopped at level 1
[ 833m]    INFO Explorer: All points are stopped at level 1
[ 838m]    INFO Explorer: All points are stopped at level 1
[ 839m]    INFO Explorer: All points are stopped at level 1
[ 840m]    INFO Explorer: All points are stopped at level 1
[ 843m]    INFO Explorer: All points are stopped at level 1
[ 848m]    INFO Explorer: All points are stopped at level 1
[ 850m]    INFO Explorer: All points are stopped at level 1
[ 853m]    INFO Explorer: All points are stopped at level 1
[ 858m]    INFO Explorer: All points are stopped at level 1
[ 859m]    INFO Explorer: All points are stopped at level 1
[ 862m]    INFO Explorer: All points are stopped at level 1
[ 867m]    INFO Explorer: All points are stopped at level 1
[ 868m]    INFO Explorer: All points are stopped at level 1
[ 871m]    INFO Explorer: All points are stopped at level 1
[ 873m]    INFO Explorer: All points are stopped at level 1
[ 880m]    INFO Explorer: All points are stopped at level 1
[ 882m]    INFO Explorer: All points are stopped at level 1
[ 885m]    INFO Explorer: All points are stopped at level 1
[ 890m]    INFO Explorer: All points are stopped at level 1
[ 891m]    INFO Explorer: All points are stopped at level 1
[ 894m]    INFO Explorer: All points are stopped at level 1
[ 899m]    INFO Explorer: All points are stopped at level 1
[ 900m]    INFO Explorer: All points are stopped at level 1
[ 903m]    INFO Explorer: All points are stopped at level 1
[ 906m]    INFO Explorer: All points are stopped at level 1
[ 912m]    INFO Explorer: All points are stopped at level 1
[ 915m]    INFO Explorer: All points are stopped at level 1
[ 917m]    INFO Explorer: All points are stopped at level 1
[ 923m]    INFO Explorer: All points are stopped at level 1
[ 924m]    INFO Explorer: All points are stopped at level 1
[ 926m]    INFO Explorer: All points are stopped at level 1
[ 932m]    INFO Explorer: All points are stopped at level 1
[ 933m]    INFO Explorer: All points are stopped at level 1
[ 936m]    INFO Explorer: All points are stopped at level 1
[ 939m]    INFO Explorer: All points are stopped at level 1
[ 945m]    INFO Explorer: All points are stopped at level 1
[ 949m]    INFO Explorer: All points are stopped at level 1
[ 952m]    INFO Explorer: All points are stopped at level 1
[ 957m]    INFO Explorer: All points are stopped at level 1
[ 958m]    INFO Explorer: All points are stopped at level 1
[ 961m]    INFO Explorer: All points are stopped at level 1
[ 966m]    INFO Explorer: All points are stopped at level 1
[ 967m]    INFO Explorer: All points are stopped at level 1
[ 970m]    INFO Explorer: All points are stopped at level 1
[ 973m]    INFO Explorer: All points are stopped at level 1
[ 980m]    INFO Explorer: All points are stopped at level 1
[ 983m]    INFO Explorer: All points are stopped at level 1
[ 986m]    INFO Explorer: All points are stopped at level 1
[ 991m]    INFO Explorer: All points are stopped at level 1
[ 992m]    INFO Explorer: All points are stopped at level 1
[ 995m]    INFO Explorer: All points are stopped at level 1
[1000m]    INFO Explorer: All points are stopped at level 1
[1001m]    INFO Explorer: All points are stopped at level 1
[1003m]    INFO Explorer: All points are stopped at level 1
[1003m]    INFO Explorer: Explored 663 points
