debug mode
Warning: this is an empty file (no tokens found): not even a CR present! (but not an error using the token stream unparsing) 


++++++++++++++++++++++++++++++++++++++++
Struct transformation 
++++++++++++++++++++++++++++++++++++++++


++++++++++++++++++++++++++++++++++++++++
Remove simple pointer alias 
++++++++++++++++++++++++++++++++++++++++
    Enter pointer alias removal...


++++++++++++++++++++++++++++++++++++++++
Access range intrinsic gen 
++++++++++++++++++++++++++++++++++++++++
Access range  generation


++++++++++++++++++++++++++++++++++++++++
Array transformation 
++++++++++++++++++++++++++++++++++++++++
Hello Array Linearize ... 
[MARS-PARALLEL-MSG] Enable xilinx flow mode.
    Enter function uniquify...
    Enter getKernelMap...
 -- Checking out-of-range access ... 
 -- Checking out-of-range access ... 
 -- Checking out-of-range access ... 
Variable -- C: float [100][64]
Variable -- A: float [100][100]
Variable -- B: float [100][64]


++++++++++++++++++++++++++++++++++++++++
convert bool to char for xilinx flow 
++++++++++++++++++++++++++++++++++++++++


Enter bool2char...


++++++++++++++++++++++++++++++++++++++++
rename interface variable name 
++++++++++++++++++++++++++++++++++++++++
Interface port name renaming


++++++++++++++++++++++++++++++++++++++++
Data transfer gen 
++++++++++++++++++++++++++++++++++++++++
Data transfer generation


++++++++++++++++++++++++++++++++++++++++
Multi-dimensional pointer 
++++++++++++++++++++++++++++++++++++++++
mars_opt __dummy__.c __merlinwrapper_kernel_gemm.c __merlinkernel_kernel_gemm.c  -e c -p interface_transform -a cstd=c99 -a cxxstd=c++11  -a impl_tool=sdaccel -a tool_version=vitis -a effort=standard -a generate_l2_api=on -a pure_kernel=off -a systolic_array= -a disable_array_linearize= -a aligned_struct_decomp= -a skip_out_of_address_checker=off -a pcie_transfer_opt= -a skip_io_analysis=off -a debug_mode=debug   -I /opt/merlin/sources/merlin-compiler/trunk/source-opt/include/apint_include -I/home/spouget/iccad_24/autodse_tree_reduction/bert_100_64/_done/work_dir/output/fast/0 -I/home/spouget/iccad_24/autodse_tree_reduction/bert_100_64/_done/work_dir/output/fast/0/bert_100_64/ -I/home/spouget/iccad_24/autodse_tree_reduction/bert_100_64/_done/work_dir/output/fast/0/./ -I/mnt/software/xilinx/Vitis_HLS/2023.2/lnx64/tools/gcc/lib/gcc/x86_64-unknown-linux-gnu/4.6.3/include/ -I/mnt/software/xilinx/Vitis_HLS/2023.2/include/ -I/opt/merlin/sources/merlin-compiler/trunk/source-opt/include/apint_include/ -I/opt/merlin/sources/merlin-compiler/trunk//mars-gen/lib/merlin -I /opt/merlin/sources/merlin-compiler/trunk/mars-gen/lib/merlin -a cflags="-D XILINX -D__SYNTHESIS__  -D_MARS_COMPILER_FLOW_ "
