DSE Summary
+----------------------------+------+
| Total Explored             | 1026 |
+----------------------------+------+
| Level 1 Timeout            | 0    |
+----------------------------+------+
| Level 1 Analysis Error     | 0    |
+----------------------------+------+
| Level 1 Early Reject       | 877  |
+----------------------------+------+
| Level 1 Result Unavailable | 0    |
+----------------------------+------+
| Level 2 Timeout            | 12   |
+----------------------------+------+
| Level 2 Analysis Error     | 0    |
+----------------------------+------+
| Level 2 Duplicate          | 0    |
+----------------------------+------+
| Level 2 Result Unavailable | 12   |
+----------------------------+------+

Level 2 Result Details
+-----+----------+------------------------------+-------------+-------+------+
| ID  |  Perf.   |      BRAM, DSP, LUT, FF      |   Status    | Valid | Time |
+=====+==========+==============================+=============+=======+======+
|  0  | 2.29e+07 |    8.0%, 0.0%, 1.0%, 0.0%    |  Finished   |  Yes  | 0.0  |
+-----+----------+------------------------------+-------------+-------+------+
|  1  | 2.95e+05 |  2.0%, 58.0%, 32.0%, 22.0%   |  Finished   |  Yes  | 0.0  |
+-----+----------+------------------------------+-------------+-------+------+
|  2  | 1.49e+07 |    8.0%, 0.0%, 1.0%, 0.0%    |  Finished   |  Yes  | 0.0  |
+-----+----------+------------------------------+-------------+-------+------+
|  3  | 1.40e+07 |    8.0%, 0.0%, 1.0%, 0.0%    |  Finished   |  Yes  | 0.0  |
+-----+----------+------------------------------+-------------+-------+------+
|  4  | 2.75e+07 |    8.0%, 0.0%, 1.0%, 0.0%    |  Finished   |  Yes  | 0.0  |
+-----+----------+------------------------------+-------------+-------+------+
|  5  |   ----   |             ----             |   Timeout   |  No   | 0.0  |
+-----+----------+------------------------------+-------------+-------+------+
|  6  |   ----   |             ----             |   Timeout   |  No   | 0.0  |
+-----+----------+------------------------------+-------------+-------+------+
|  7  | 2.75e+07 |    8.0%, 0.0%, 1.0%, 0.0%    |  Finished   |  Yes  | 0.0  |
+-----+----------+------------------------------+-------------+-------+------+
|  8  | 1.83e+07 |    8.0%, 0.0%, 1.0%, 0.0%    |  Finished   |  Yes  | 0.0  |
+-----+----------+------------------------------+-------------+-------+------+
|  9  | 1.44e+07 |    8.0%, 0.0%, 1.0%, 0.0%    |  Finished   |  Yes  | 0.0  |
+-----+----------+------------------------------+-------------+-------+------+
| 10  | 1.95e+04 |  3.0%, 58.0%, 32.0%, 22.0%   |  Finished   |  Yes  | 0.0  |
+-----+----------+------------------------------+-------------+-------+------+
| 11  | 2.30e+04 |  2.0%, 58.0%, 33.0%, 22.0%   |  Finished   |  Yes  | 0.0  |
+-----+----------+------------------------------+-------------+-------+------+
| 12  | 1.55e+07 |    8.0%, 0.0%, 1.0%, 1.0%    |  Finished   |  Yes  | 0.0  |
+-----+----------+------------------------------+-------------+-------+------+
| 13  | 1.94e+04 |  4.0%, 58.0%, 32.0%, 22.0%   |  Finished   |  Yes  | 0.0  |
+-----+----------+------------------------------+-------------+-------+------+
| 14  | 1.95e+04 |  3.0%, 58.0%, 32.0%, 22.0%   |  Finished   |  Yes  | 0.0  |
+-----+----------+------------------------------+-------------+-------+------+
| 15  | 1.14e+05 |  2.0%, 58.0%, 33.0%, 22.0%   |  Finished   |  Yes  | 0.0  |
+-----+----------+------------------------------+-------------+-------+------+
| 16  | 2.75e+07 |    8.0%, 0.0%, 1.0%, 0.0%    |  Finished   |  Yes  | 0.0  |
+-----+----------+------------------------------+-------------+-------+------+
| 17  | 1.72e+07 |    8.0%, 0.0%, 1.0%, 0.0%    |  Finished   |  Yes  | 0.0  |
+-----+----------+------------------------------+-------------+-------+------+
| 18  | 1.22e+04 |  8.0%, 232.0%, 90.0%, 76.0%  |  Finished   |  No   | 0.0  |
+-----+----------+------------------------------+-------------+-------+------+
| 19  | 1.61e+07 |    8.0%, 0.0%, 1.0%, 1.0%    |  Finished   |  Yes  | 0.0  |
+-----+----------+------------------------------+-------------+-------+------+
| 20  |   ----   |             ----             | Unavailable |  No   | 0.0  |
+-----+----------+------------------------------+-------------+-------+------+
| 21  | 2.29e+07 |    8.0%, 0.0%, 1.0%, 0.0%    |  Finished   |  Yes  | 0.0  |
+-----+----------+------------------------------+-------------+-------+------+
| 22  | 1.94e+04 |  8.0%, 58.0%, 32.0%, 22.0%   |  Finished   |  Yes  | 0.0  |
+-----+----------+------------------------------+-------------+-------+------+
| 23  | 2.90e+04 |  8.0%, 29.0%, 21.0%, 12.0%   |  Finished   |  Yes  | 0.0  |
+-----+----------+------------------------------+-------------+-------+------+
| 24  | 1.55e+07 |    8.0%, 0.0%, 1.0%, 1.0%    |  Finished   |  Yes  | 0.0  |
+-----+----------+------------------------------+-------------+-------+------+
| 25  | 1.83e+07 |    8.0%, 0.0%, 1.0%, 0.0%    |  Finished   |  Yes  | 0.0  |
+-----+----------+------------------------------+-------------+-------+------+
| 26  | 2.29e+07 |    8.0%, 0.0%, 1.0%, 0.0%    |  Finished   |  Yes  | 0.0  |
+-----+----------+------------------------------+-------------+-------+------+
| 27  | 2.47e+07 |    8.0%, 0.0%, 1.0%, 0.0%    |  Finished   |  Yes  | 0.0  |
+-----+----------+------------------------------+-------------+-------+------+
| 28  | 2.06e+07 |    8.0%, 0.0%, 1.0%, 0.0%    |  Finished   |  Yes  | 0.0  |
+-----+----------+------------------------------+-------------+-------+------+
| 29  |   ----   |             ----             | Unavailable |  No   | 0.0  |
+-----+----------+------------------------------+-------------+-------+------+
| 30  | 2.32e+05 |  2.0%, 58.0%, 32.0%, 22.0%   |  Finished   |  Yes  | 0.0  |
+-----+----------+------------------------------+-------------+-------+------+
| 31  |   ----   |             ----             | Unavailable |  No   | 0.0  |
+-----+----------+------------------------------+-------------+-------+------+
| 32  |   ----   |             ----             | Unavailable |  No   | 0.0  |
+-----+----------+------------------------------+-------------+-------+------+
| 33  | 4.82e+04 |   8.0%, 14.0%, 16.0%, 7.0%   |  Finished   |  Yes  | 0.0  |
+-----+----------+------------------------------+-------------+-------+------+
| 34  | 2.30e+04 |  2.0%, 58.0%, 33.0%, 22.0%   |  Finished   |  Yes  | 0.0  |
+-----+----------+------------------------------+-------------+-------+------+
| 35  |   ----   |             ----             | Unavailable |  No   | 0.0  |
+-----+----------+------------------------------+-------------+-------+------+
| 36  | 2.02e+04 |  6.0%, 58.0%, 32.0%, 22.0%   |  Finished   |  Yes  | 0.0  |
+-----+----------+------------------------------+-------------+-------+------+
| 37  |   ----   |             ----             |   Timeout   |  No   | 0.0  |
+-----+----------+------------------------------+-------------+-------+------+
| 38  | 1.44e+07 |    8.0%, 0.0%, 1.0%, 0.0%    |  Finished   |  Yes  | 0.0  |
+-----+----------+------------------------------+-------------+-------+------+
| 39  |   ----   |             ----             | Unavailable |  No   | 0.0  |
+-----+----------+------------------------------+-------------+-------+------+
| 40  | 1.55e+07 |    8.0%, 0.0%, 1.0%, 1.0%    |  Finished   |  Yes  | 0.0  |
+-----+----------+------------------------------+-------------+-------+------+
| 41  | 2.06e+07 |    8.0%, 0.0%, 1.0%, 0.0%    |  Finished   |  Yes  | 0.0  |
+-----+----------+------------------------------+-------------+-------+------+
| 42  | 2.30e+04 |  2.0%, 58.0%, 33.0%, 22.0%   |  Finished   |  Yes  | 0.0  |
+-----+----------+------------------------------+-------------+-------+------+
| 43  | 8.66e+04 |   8.0%, 7.0%, 14.0%, 5.0%    |  Finished   |  Yes  | 0.0  |
+-----+----------+------------------------------+-------------+-------+------+
| 44  | 2.23e+05 |  359.0%, 7.0%, 24.0%, 7.0%   |  Finished   |  No   | 0.0  |
+-----+----------+------------------------------+-------------+-------+------+
| 45  | 4.71e+07 |   13.0%, 0.0%, 1.0%, 0.0%    |  Finished   |  Yes  | 0.0  |
+-----+----------+------------------------------+-------------+-------+------+
| 46  | 2.90e+04 |  8.0%, 29.0%, 21.0%, 12.0%   |  Finished   |  Yes  | 0.0  |
+-----+----------+------------------------------+-------------+-------+------+
| 47  | 2.29e+07 |    8.0%, 0.0%, 1.0%, 0.0%    |  Finished   |  Yes  | 0.0  |
+-----+----------+------------------------------+-------------+-------+------+
| 48  | 2.06e+07 |    8.0%, 0.0%, 1.0%, 0.0%    |  Finished   |  Yes  | 0.0  |
+-----+----------+------------------------------+-------------+-------+------+
| 49  | 1.83e+07 |    8.0%, 0.0%, 1.0%, 0.0%    |  Finished   |  Yes  | 0.0  |
+-----+----------+------------------------------+-------------+-------+------+
| 50  |   ----   |             ----             |   Timeout   |  No   | 0.0  |
+-----+----------+------------------------------+-------------+-------+------+
| 51  | 2.47e+04 |  2.0%, 58.0%, 32.0%, 22.0%   |  Finished   |  Yes  | 0.0  |
+-----+----------+------------------------------+-------------+-------+------+
| 52  | 1.74e+05 |  2.0%, 58.0%, 33.0%, 22.0%   |  Finished   |  Yes  | 0.0  |
+-----+----------+------------------------------+-------------+-------+------+
| 53  |   ----   |             ----             |   Timeout   |  No   | 0.0  |
+-----+----------+------------------------------+-------------+-------+------+
| 54  | 1.44e+07 |    8.0%, 0.0%, 1.0%, 0.0%    |  Finished   |  Yes  | 0.0  |
+-----+----------+------------------------------+-------------+-------+------+
| 55  |   ----   |             ----             | Unavailable |  No   | 0.0  |
+-----+----------+------------------------------+-------------+-------+------+
| 56  | 1.61e+07 |    8.0%, 0.0%, 1.0%, 1.0%    |  Finished   |  Yes  | 0.0  |
+-----+----------+------------------------------+-------------+-------+------+
| 57  | 1.55e+07 |    8.0%, 0.0%, 1.0%, 1.0%    |  Finished   |  Yes  | 0.0  |
+-----+----------+------------------------------+-------------+-------+------+
| 58  | 8.30e+05 |  2.0%, 58.0%, 32.0%, 23.0%   |  Finished   |  Yes  | 0.0  |
+-----+----------+------------------------------+-------------+-------+------+
| 59  | 1.10e+04 | 8.0%, 465.0%, 193.0%, 164.0% |  Finished   |  No   | 0.0  |
+-----+----------+------------------------------+-------------+-------+------+
| 60  |   ----   |             ----             |   Timeout   |  No   | 0.0  |
+-----+----------+------------------------------+-------------+-------+------+
| 61  | 1.44e+07 |    8.0%, 0.0%, 1.0%, 0.0%    |  Finished   |  Yes  | 0.0  |
+-----+----------+------------------------------+-------------+-------+------+
| 62  | 1.08e+04 | 5.0%, 582.0%, 206.0%, 184.0% |  Finished   |  No   | 0.0  |
+-----+----------+------------------------------+-------------+-------+------+
| 63  |   ----   |             ----             | Unavailable |  No   | 0.0  |
+-----+----------+------------------------------+-------------+-------+------+
| 64  | 1.95e+04 |  3.0%, 58.0%, 32.0%, 22.0%   |  Finished   |  Yes  | 0.0  |
+-----+----------+------------------------------+-------------+-------+------+
| 65  | 2.06e+07 |    8.0%, 0.0%, 1.0%, 0.0%    |  Finished   |  Yes  | 0.0  |
+-----+----------+------------------------------+-------------+-------+------+
| 66  | 2.29e+07 |    8.0%, 0.0%, 1.0%, 0.0%    |  Finished   |  Yes  | 0.0  |
+-----+----------+------------------------------+-------------+-------+------+
| 67  | 1.55e+07 |    8.0%, 0.0%, 1.0%, 1.0%    |  Finished   |  Yes  | 0.0  |
+-----+----------+------------------------------+-------------+-------+------+
| 68  | 1.72e+07 |    8.0%, 0.0%, 1.0%, 0.0%    |  Finished   |  Yes  | 0.0  |
+-----+----------+------------------------------+-------------+-------+------+
| 69  |   ----   |             ----             |   Timeout   |  No   | 0.0  |
+-----+----------+------------------------------+-------------+-------+------+
| 70  | 1.72e+07 |    8.0%, 0.0%, 1.0%, 0.0%    |  Finished   |  Yes  | 0.0  |
+-----+----------+------------------------------+-------------+-------+------+
| 71  | 1.44e+07 |    8.0%, 0.0%, 1.0%, 0.0%    |  Finished   |  Yes  | 0.0  |
+-----+----------+------------------------------+-------------+-------+------+
| 72  | 1.61e+07 |    8.0%, 0.0%, 1.0%, 1.0%    |  Finished   |  Yes  | 0.0  |
+-----+----------+------------------------------+-------------+-------+------+
| 73  | 1.17e+04 | 5.0%, 291.0%, 109.0%, 94.0%  |  Finished   |  No   | 0.0  |
+-----+----------+------------------------------+-------------+-------+------+
| 74  | 1.40e+07 |    8.0%, 0.0%, 1.0%, 0.0%    |  Finished   |  Yes  | 0.0  |
+-----+----------+------------------------------+-------------+-------+------+
| 75  | 8.98e+04 |  5.0%, 43.0%, 21.0%, 16.0%   |  Finished   |  Yes  | 0.0  |
+-----+----------+------------------------------+-------------+-------+------+
| 76  |   ----   |             ----             | Unavailable |  No   | 0.0  |
+-----+----------+------------------------------+-------------+-------+------+
| 77  | 1.83e+04 |  3.0%, 58.0%, 32.0%, 22.0%   |  Finished   |  Yes  | 0.0  |
+-----+----------+------------------------------+-------------+-------+------+
| 78  | 1.83e+07 |    8.0%, 0.0%, 1.0%, 0.0%    |  Finished   |  Yes  | 0.0  |
+-----+----------+------------------------------+-------------+-------+------+
| 79  | 8.66e+04 |   8.0%, 7.0%, 14.0%, 5.0%    |  Finished   |  Yes  | 0.0  |
+-----+----------+------------------------------+-------------+-------+------+
| 80  | 1.44e+07 |    8.0%, 0.0%, 1.0%, 0.0%    |  Finished   |  Yes  | 0.0  |
+-----+----------+------------------------------+-------------+-------+------+
| 81  | 1.94e+04 |  8.0%, 58.0%, 32.0%, 22.0%   |  Finished   |  Yes  | 0.0  |
+-----+----------+------------------------------+-------------+-------+------+
| 82  | 1.83e+07 |    8.0%, 0.0%, 1.0%, 0.0%    |  Finished   |  Yes  | 0.0  |
+-----+----------+------------------------------+-------------+-------+------+
| 83  | 1.61e+07 |    8.0%, 0.0%, 1.0%, 1.0%    |  Finished   |  Yes  | 0.0  |
+-----+----------+------------------------------+-------------+-------+------+
| 84  |   ----   |             ----             | Unavailable |  No   | 0.0  |
+-----+----------+------------------------------+-------------+-------+------+
| 85  | 2.29e+07 |    8.0%, 0.0%, 1.0%, 0.0%    |  Finished   |  Yes  | 0.0  |
+-----+----------+------------------------------+-------------+-------+------+
| 86  | 1.26e+05 |  2.0%, 65.0%, 46.0%, 27.0%   |  Finished   |  Yes  | 0.0  |
+-----+----------+------------------------------+-------------+-------+------+
| 87  | 1.72e+07 |    8.0%, 0.0%, 1.0%, 0.0%    |  Finished   |  Yes  | 0.0  |
+-----+----------+------------------------------+-------------+-------+------+
| 88  |   ----   |             ----             | Unavailable |  No   | 0.0  |
+-----+----------+------------------------------+-------------+-------+------+
| 89  | 1.46e+04 |  8.0%, 116.0%, 49.0%, 41.0%  |  Finished   |  No   | 0.0  |
+-----+----------+------------------------------+-------------+-------+------+
| 90  |   ----   |             ----             |   Timeout   |  No   | 0.0  |
+-----+----------+------------------------------+-------------+-------+------+
| 91  | 2.06e+07 |    8.0%, 0.0%, 1.0%, 0.0%    |  Finished   |  Yes  | 0.0  |
+-----+----------+------------------------------+-------------+-------+------+
| 92  | 1.72e+07 |    8.0%, 0.0%, 1.0%, 0.0%    |  Finished   |  Yes  | 0.0  |
+-----+----------+------------------------------+-------------+-------+------+
| 93  | 2.29e+07 |    8.0%, 0.0%, 1.0%, 0.0%    |  Finished   |  Yes  | 0.0  |
+-----+----------+------------------------------+-------------+-------+------+
| 94  | 1.79e+05 |   12.0%, 21.0%, 9.0%, 7.0%   |  Finished   |  Yes  | 0.0  |
+-----+----------+------------------------------+-------------+-------+------+
| 95  | 1.49e+07 |    8.0%, 0.0%, 1.0%, 0.0%    |  Finished   |  Yes  | 0.0  |
+-----+----------+------------------------------+-------------+-------+------+
| 96  | 1.61e+07 |    8.0%, 0.0%, 1.0%, 1.0%    |  Finished   |  Yes  | 0.0  |
+-----+----------+------------------------------+-------------+-------+------+
| 97  | 1.49e+07 |    8.0%, 0.0%, 1.0%, 0.0%    |  Finished   |  Yes  | 0.0  |
+-----+----------+------------------------------+-------------+-------+------+
| 98  | 2.06e+07 |    8.0%, 0.0%, 1.0%, 0.0%    |  Finished   |  Yes  | 0.0  |
+-----+----------+------------------------------+-------------+-------+------+
| 99  | 1.44e+07 |    8.0%, 0.0%, 1.0%, 0.0%    |  Finished   |  Yes  | 0.0  |
+-----+----------+------------------------------+-------------+-------+------+
| 100 | 2.75e+07 |    8.0%, 0.0%, 1.0%, 0.0%    |  Finished   |  Yes  | 0.0  |
+-----+----------+------------------------------+-------------+-------+------+
| 101 | 2.06e+07 |    8.0%, 0.0%, 1.0%, 0.0%    |  Finished   |  Yes  | 0.0  |
+-----+----------+------------------------------+-------------+-------+------+
| 102 | 1.49e+07 |    8.0%, 0.0%, 1.0%, 0.0%    |  Finished   |  Yes  | 0.0  |
+-----+----------+------------------------------+-------------+-------+------+
| 103 | 1.61e+07 |    8.0%, 0.0%, 1.0%, 1.0%    |  Finished   |  Yes  | 0.0  |
+-----+----------+------------------------------+-------------+-------+------+
| 104 | 1.44e+07 |    8.0%, 0.0%, 1.0%, 0.0%    |  Finished   |  Yes  | 0.0  |
+-----+----------+------------------------------+-------------+-------+------+
| 105 | 2.23e+05 |  359.0%, 7.0%, 24.0%, 7.0%   |  Finished   |  No   | 0.0  |
+-----+----------+------------------------------+-------------+-------+------+
| 106 | 1.72e+07 |    8.0%, 0.0%, 1.0%, 0.0%    |  Finished   |  Yes  | 0.0  |
+-----+----------+------------------------------+-------------+-------+------+
| 107 | 1.72e+07 |    8.0%, 0.0%, 1.0%, 0.0%    |  Finished   |  Yes  | 0.0  |
+-----+----------+------------------------------+-------------+-------+------+
| 108 | 4.16e+05 |  2.0%, 58.0%, 32.0%, 22.0%   |  Finished   |  Yes  | 0.0  |
+-----+----------+------------------------------+-------------+-------+------+
| 109 | 2.30e+04 |  2.0%, 58.0%, 33.0%, 22.0%   |  Finished   |  Yes  | 0.0  |
+-----+----------+------------------------------+-------------+-------+------+
| 110 | 2.75e+07 |    8.0%, 0.0%, 1.0%, 0.0%    |  Finished   |  Yes  | 0.0  |
+-----+----------+------------------------------+-------------+-------+------+
| 111 | 1.39e+07 |    8.0%, 0.0%, 1.0%, 0.0%    |  Finished   |  Yes  | 0.0  |
+-----+----------+------------------------------+-------------+-------+------+
| 112 | 1.39e+07 |    8.0%, 0.0%, 1.0%, 0.0%    |  Finished   |  Yes  | 0.0  |
+-----+----------+------------------------------+-------------+-------+------+
| 113 | 2.75e+07 |    8.0%, 0.0%, 1.0%, 0.0%    |  Finished   |  Yes  | 0.0  |
+-----+----------+------------------------------+-------------+-------+------+
| 114 | 2.23e+05 |  359.0%, 7.0%, 24.0%, 7.0%   |  Finished   |  No   | 0.0  |
+-----+----------+------------------------------+-------------+-------+------+
| 115 | 1.49e+07 |    8.0%, 0.0%, 1.0%, 0.0%    |  Finished   |  Yes  | 0.0  |
+-----+----------+------------------------------+-------------+-------+------+
| 116 | 1.49e+07 |    8.0%, 0.0%, 1.0%, 0.0%    |  Finished   |  Yes  | 0.0  |
+-----+----------+------------------------------+-------------+-------+------+
| 117 | 1.49e+07 |    8.0%, 0.0%, 1.0%, 0.0%    |  Finished   |  Yes  | 0.0  |
+-----+----------+------------------------------+-------------+-------+------+
| 118 | 2.23e+05 |  359.0%, 7.0%, 24.0%, 7.0%   |  Finished   |  No   | 0.0  |
+-----+----------+------------------------------+-------------+-------+------+
| 119 | 1.83e+07 |    8.0%, 0.0%, 1.0%, 0.0%    |  Finished   |  Yes  | 0.0  |
+-----+----------+------------------------------+-------------+-------+------+
| 120 | 1.61e+07 |    8.0%, 0.0%, 1.0%, 1.0%    |  Finished   |  Yes  | 0.0  |
+-----+----------+------------------------------+-------------+-------+------+
| 121 | 1.49e+07 |    8.0%, 0.0%, 1.0%, 0.0%    |  Finished   |  Yes  | 0.0  |
+-----+----------+------------------------------+-------------+-------+------+
| 122 | 2.75e+07 |    8.0%, 0.0%, 1.0%, 0.0%    |  Finished   |  Yes  | 0.0  |
+-----+----------+------------------------------+-------------+-------+------+
| 123 |   ----   |             ----             |   Timeout   |  No   | 0.0  |
+-----+----------+------------------------------+-------------+-------+------+
| 124 | 1.38e+07 |   13.0%, 0.0%, 1.0%, 0.0%    |  Finished   |  Yes  | 0.0  |
+-----+----------+------------------------------+-------------+-------+------+
| 125 | 1.43e+05 |  2.0%, 58.0%, 33.0%, 22.0%   |  Finished   |  Yes  | 0.0  |
+-----+----------+------------------------------+-------------+-------+------+
| 126 |   ----   |             ----             |   Timeout   |  No   | 0.0  |
+-----+----------+------------------------------+-------------+-------+------+
| 127 | 1.89e+04 |  3.0%, 58.0%, 32.0%, 22.0%   |  Finished   |  Yes  | 0.0  |
+-----+----------+------------------------------+-------------+-------+------+
| 128 | 1.83e+07 |    8.0%, 0.0%, 1.0%, 0.0%    |  Finished   |  Yes  | 0.0  |
+-----+----------+------------------------------+-------------+-------+------+
| 129 | 9.91e+04 |  2.0%, 58.0%, 33.0%, 22.0%   |  Finished   |  Yes  | 0.0  |
+-----+----------+------------------------------+-------------+-------+------+
| 130 | 8.71e+04 |  2.0%, 58.0%, 33.0%, 22.0%   |  Finished   |  Yes  | 0.0  |
+-----+----------+------------------------------+-------------+-------+------+
| 131 |   ----   |             ----             | Unavailable |  No   | 0.0  |
+-----+----------+------------------------------+-------------+-------+------+
| 132 | 1.83e+07 |    8.0%, 0.0%, 1.0%, 0.0%    |  Finished   |  Yes  | 0.0  |
+-----+----------+------------------------------+-------------+-------+------+
| 133 | 1.55e+07 |    8.0%, 0.0%, 1.0%, 1.0%    |  Finished   |  Yes  | 0.0  |
+-----+----------+------------------------------+-------------+-------+------+
| 134 | 1.38e+07 |   13.0%, 0.0%, 1.0%, 0.0%    |  Finished   |  Yes  | 0.0  |
+-----+----------+------------------------------+-------------+-------+------+
| 135 | 1.72e+07 |    8.0%, 0.0%, 1.0%, 0.0%    |  Finished   |  Yes  | 0.0  |
+-----+----------+------------------------------+-------------+-------+------+
| 136 | 1.61e+07 |    8.0%, 0.0%, 1.0%, 1.0%    |  Finished   |  Yes  | 0.0  |
+-----+----------+------------------------------+-------------+-------+------+
| 137 |   ----   |             ----             |   Timeout   |  No   | 0.0  |
+-----+----------+------------------------------+-------------+-------+------+
| 138 | 1.38e+07 |   13.0%, 0.0%, 1.0%, 0.0%    |  Finished   |  Yes  | 0.0  |
+-----+----------+------------------------------+-------------+-------+------+
| 139 | 1.22e+04 |  2.0%, 232.0%, 97.0%, 82.0%  |  Finished   |  No   | 0.0  |
+-----+----------+------------------------------+-------------+-------+------+
| 140 |   ----   |             ----             |   Timeout   |  No   | 0.0  |
+-----+----------+------------------------------+-------------+-------+------+
| 141 | 1.46e+04 |  2.0%, 116.0%, 51.0%, 40.0%  |  Finished   |  No   | 0.0  |
+-----+----------+------------------------------+-------------+-------+------+
| 142 | 1.55e+07 |    8.0%, 0.0%, 1.0%, 1.0%    |  Finished   |  Yes  | 0.0  |
+-----+----------+------------------------------+-------------+-------+------+
| 143 | 2.06e+07 |    8.0%, 0.0%, 1.0%, 0.0%    |  Finished   |  Yes  | 0.0  |
+-----+----------+------------------------------+-------------+-------+------+
| 144 | 4.82e+04 |   8.0%, 14.0%, 16.0%, 7.0%   |  Finished   |  Yes  | 0.0  |
+-----+----------+------------------------------+-------------+-------+------+
| 145 | 1.95e+04 |  3.0%, 58.0%, 32.0%, 22.0%   |  Finished   |  Yes  | 0.0  |
+-----+----------+------------------------------+-------------+-------+------+
| 146 | 2.29e+07 |    8.0%, 0.0%, 1.0%, 0.0%    |  Finished   |  Yes  | 0.0  |
+-----+----------+------------------------------+-------------+-------+------+
| 147 | 1.55e+07 |    8.0%, 0.0%, 1.0%, 1.0%    |  Finished   |  Yes  | 0.0  |
+-----+----------+------------------------------+-------------+-------+------+
| 148 | 1.94e+04 |  8.0%, 58.0%, 32.0%, 22.0%   |  Finished   |  Yes  | 0.0  |
+-----+----------+------------------------------+-------------+-------+------+

Explored Points
+-----+------------+------------+------------+------------+------------+------------+------------+
| ID  | __PARA__L0 | __PARA__L1 | __PARA__L2 | __PIPE__L0 | __PIPE__L1 | __TILE__L0 | __TILE__L1 |
+=====+============+============+============+============+============+============+============+
|  0  |     1      |    256     |     4      |    off     |    off     |     1      |     1      |
+-----+------------+------------+------------+------------+------------+------------+------------+
|  1  |     1      |     8      |     1      |    off     |  flatten   |     1      |     6      |
+-----+------------+------------+------------+------------+------------+------------+------------+
|  2  |     1      |     32     |     4      |    off     |            |     1      |     1      |
+-----+------------+------------+------------+------------+------------+------------+------------+
|  3  |     1      |    768     |     4      |            |    off     |    100     |     1      |
+-----+------------+------------+------------+------------+------------+------------+------------+
|  4  |     1      |    384     |     4      |    off     |    off     |     1      |     2      |
+-----+------------+------------+------------+------------+------------+------------+------------+
|  5  |    100     |     1      |     1      |  flatten   |    off     |     1      |     1      |
+-----+------------+------------+------------+------------+------------+------------+------------+
|  6  |     50     |     1      |     1      |  flatten   |    off     |     1      |     1      |
+-----+------------+------------+------------+------------+------------+------------+------------+
|  7  |     1      |    384     |     4      |    off     |            |    100     |     1      |
+-----+------------+------------+------------+------------+------------+------------+------------+
|  8  |     1      |     1      |     4      |    off     |    off     |     1      |    128     |
+-----+------------+------------+------------+------------+------------+------------+------------+
|  9  |     1      |     16     |     4      |    off     |            |     1      |     48     |
+-----+------------+------------+------------+------------+------------+------------+------------+
| 10  |     4      |     8      |     1      |            |  flatten   |     25     |     1      |
+-----+------------+------------+------------+------------+------------+------------+------------+
| 11  |     2      |     8      |     1      |    off     |  flatten   |     50     |     1      |
+-----+------------+------------+------------+------------+------------+------------+------------+
| 12  |     1      |     48     |     4      |    off     |            |     1      |     1      |
+-----+------------+------------+------------+------------+------------+------------+------------+
| 13  |     20     |     8      |     1      |    off     |  flatten   |     1      |     96     |
+-----+------------+------------+------------+------------+------------+------------+------------+
| 14  |     4      |     8      |     1      |    off     |  flatten   |     1      |     96     |
+-----+------------+------------+------------+------------+------------+------------+------------+
| 15  |     1      |     8      |     1      |    off     |  flatten   |     1      |     24     |
+-----+------------+------------+------------+------------+------------+------------+------------+
| 16  |     1      |    384     |     4      |    off     |            |     1      |     2      |
+-----+------------+------------+------------+------------+------------+------------+------------+
| 17  |     1      |     96     |     4      |    off     |            |     1      |     8      |
+-----+------------+------------+------------+------------+------------+------------+------------+
| 18  |     4      |     8      |     1      |    off     |  flatten   |     1      |     1      |
+-----+------------+------------+------------+------------+------------+------------+------------+
| 19  |     1      |     64     |     4      |    off     |            |     1      |     12     |
+-----+------------+------------+------------+------------+------------+------------+------------+
| 20  |     1      |     1      |     1      |  flatten   |    off     |     10     |     1      |
+-----+------------+------------+------------+------------+------------+------------+------------+
| 21  |     1      |    256     |     4      |    off     |            |     1      |     3      |
+-----+------------+------------+------------+------------+------------+------------+------------+
| 22  |     1      |     8      |     1      |    off     |  flatten   |     1      |     96     |
+-----+------------+------------+------------+------------+------------+------------+------------+
| 23  |     1      |     4      |     1      |    off     |  flatten   |     1      |    192     |
+-----+------------+------------+------------+------------+------------+------------+------------+
| 24  |     1      |     1      |     4      |    off     |            |     1      |     48     |
+-----+------------+------------+------------+------------+------------+------------+------------+
| 25  |     1      |    128     |     4      |    off     |            |    100     |     1      |
+-----+------------+------------+------------+------------+------------+------------+------------+
| 26  |     1      |     1      |     4      |    off     |    off     |     1      |    256     |
+-----+------------+------------+------------+------------+------------+------------+------------+
| 27  |     1      |     1      |     2      |    off     |    off     |     1      |     1      |
+-----+------------+------------+------------+------------+------------+------------+------------+
| 28  |     1      |    192     |     4      |    off     |    off     |     1      |     1      |
+-----+------------+------------+------------+------------+------------+------------+------------+
| 29  |     1      |    128     |     1      |    off     |  flatten   |     1      |     1      |
+-----+------------+------------+------------+------------+------------+------------+------------+
| 30  |     1      |     8      |     1      |    off     |  flatten   |     1      |     8      |
+-----+------------+------------+------------+------------+------------+------------+------------+
| 31  |     1      |     1      |     1      |  flatten   |    off     |     4      |     1      |
+-----+------------+------------+------------+------------+------------+------------+------------+
| 32  |     1      |     1      |     1      |  flatten   |    off     |     20     |     1      |
+-----+------------+------------+------------+------------+------------+------------+------------+
| 33  |     1      |     2      |     1      |    off     |  flatten   |     1      |     1      |
+-----+------------+------------+------------+------------+------------+------------+------------+
| 34  |     2      |     8      |     1      |    off     |  flatten   |     1      |     96     |
+-----+------------+------------+------------+------------+------------+------------+------------+
| 35  |     1      |     1      |     1      |  flatten   |    off     |     50     |     1      |
+-----+------------+------------+------------+------------+------------+------------+------------+
| 36  |     25     |     8      |     1      |    off     |  flatten   |     1      |     96     |
+-----+------------+------------+------------+------------+------------+------------+------------+
| 37  |     50     |     8      |     1      |    off     |  flatten   |     1      |     1      |
+-----+------------+------------+------------+------------+------------+------------+------------+
| 38  |     1      |     16     |     4      |    off     |    off     |    100     |     1      |
+-----+------------+------------+------------+------------+------------+------------+------------+
| 39  |     1      |    256     |     1      |    off     |  flatten   |     1      |     1      |
+-----+------------+------------+------------+------------+------------+------------+------------+
| 40  |     1      |     48     |     4      |    off     |    off     |     1      |     1      |
+-----+------------+------------+------------+------------+------------+------------+------------+
| 41  |     1      |    192     |     4      |    off     |    off     |    100     |     1      |
+-----+------------+------------+------------+------------+------------+------------+------------+
| 42  |     2      |     8      |     1      |            |  flatten   |     50     |     1      |
+-----+------------+------------+------------+------------+------------+------------+------------+
| 43  |     1      |     1      |     1      |    off     |  flatten   |     1      |    768     |
+-----+------------+------------+------------+------------+------------+------------+------------+
| 44  |    100     |     1      |     4      |    off     |    off     |     1      |    768     |
+-----+------------+------------+------------+------------+------------+------------+------------+
| 45  |     1      |     1      |     1      |    off     |    off     |     1      |     1      |
+-----+------------+------------+------------+------------+------------+------------+------------+
| 46  |     1      |     4      |     1      |    off     |  flatten   |     1      |     1      |
+-----+------------+------------+------------+------------+------------+------------+------------+
| 47  |     1      |    256     |     4      |    off     |    off     |    100     |     1      |
+-----+------------+------------+------------+------------+------------+------------+------------+
| 48  |     1      |    192     |     4      |    off     |            |    100     |     1      |
+-----+------------+------------+------------+------------+------------+------------+------------+
| 49  |     1      |    128     |     4      |    off     |            |     1      |     1      |
+-----+------------+------------+------------+------------+------------+------------+------------+
| 50  |     25     |     1      |     1      |  flatten   |    off     |     1      |     1      |
+-----+------------+------------+------------+------------+------------+------------+------------+
| 51  |     50     |     8      |     1      |    off     |  flatten   |     1      |     96     |
+-----+------------+------------+------------+------------+------------+------------+------------+
| 52  |     1      |     8      |     1      |    off     |  flatten   |     1      |     12     |
+-----+------------+------------+------------+------------+------------+------------+------------+
| 53  |     20     |     1      |     1      |  flatten   |    off     |     1      |     1      |
+-----+------------+------------+------------+------------+------------+------------+------------+
| 54  |     1      |     1      |     4      |    off     |    off     |     1      |     16     |
+-----+------------+------------+------------+------------+------------+------------+------------+
| 55  |     1      |     1      |     1      |  flatten   |    off     |     5      |     1      |
+-----+------------+------------+------------+------------+------------+------------+------------+
| 56  |     1      |     64     |     4      |    off     |            |     1      |     1      |
+-----+------------+------------+------------+------------+------------+------------+------------+
| 57  |     1      |     48     |     4      |    off     |    off     |     1      |     16     |
+-----+------------+------------+------------+------------+------------+------------+------------+
| 58  |     1      |     8      |     1      |    off     |  flatten   |     1      |     2      |
+-----+------------+------------+------------+------------+------------+------------+------------+
| 59  |     1      |     64     |     1      |    off     |  flatten   |     1      |     1      |
+-----+------------+------------+------------+------------+------------+------------+------------+
| 60  |     2      |     1      |     1      |  flatten   |    off     |     1      |     1      |
+-----+------------+------------+------------+------------+------------+------------+------------+
| 61  |     1      |     16     |     4      |    off     |    off     |     1      |     48     |
+-----+------------+------------+------------+------------+------------+------------+------------+
| 62  |     10     |     8      |     1      |    off     |  flatten   |     1      |     1      |
+-----+------------+------------+------------+------------+------------+------------+------------+
| 63  |     1      |     1      |     1      |  flatten   |    off     |     1      |     1      |
+-----+------------+------------+------------+------------+------------+------------+------------+
| 64  |     4      |     8      |     1      |    off     |  flatten   |     25     |     1      |
+-----+------------+------------+------------+------------+------------+------------+------------+
| 65  |     1      |     1      |     4      |    off     |    off     |     1      |    192     |
+-----+------------+------------+------------+------------+------------+------------+------------+
| 66  |     1      |     1      |     4      |    off     |            |     1      |    256     |
+-----+------------+------------+------------+------------+------------+------------+------------+
| 67  |     1      |     1      |     4      |    off     |    off     |     1      |     48     |
+-----+------------+------------+------------+------------+------------+------------+------------+
| 68  |     1      |     1      |     4      |    off     |            |     1      |     96     |
+-----+------------+------------+------------+------------+------------+------------+------------+
| 69  |    100     |     8      |     1      |    off     |  flatten   |     1      |     1      |
+-----+------------+------------+------------+------------+------------+------------+------------+
| 70  |     1      |     96     |     4      |    off     |    off     |     1      |     1      |
+-----+------------+------------+------------+------------+------------+------------+------------+
| 71  |     1      |     16     |     4      |    off     |            |     1      |     1      |
+-----+------------+------------+------------+------------+------------+------------+------------+
| 72  |     1      |     64     |     4      |    off     |    off     |     1      |     1      |
+-----+------------+------------+------------+------------+------------+------------+------------+
| 73  |     5      |     8      |     1      |    off     |  flatten   |     1      |     1      |
+-----+------------+------------+------------+------------+------------+------------+------------+
| 74  |     1      |    768     |     4      |            |    off     |     1      |     1      |
+-----+------------+------------+------------+------------+------------+------------+------------+
| 75  |     1      |     6      |     1      |    off     |  flatten   |     1      |    128     |
+-----+------------+------------+------------+------------+------------+------------+------------+
| 76  |     1      |     1      |     1      |  flatten   |    off     |     25     |     1      |
+-----+------------+------------+------------+------------+------------+------------+------------+
| 77  |     10     |     8      |     1      |    off     |  flatten   |     1      |     96     |
+-----+------------+------------+------------+------------+------------+------------+------------+
| 78  |     1      |     1      |     4      |    off     |            |     1      |    128     |
+-----+------------+------------+------------+------------+------------+------------+------------+
| 79  |     1      |     1      |     1      |    off     |  flatten   |     1      |     1      |
+-----+------------+------------+------------+------------+------------+------------+------------+
| 80  |     1      |     1      |     4      |    off     |            |     1      |     16     |
+-----+------------+------------+------------+------------+------------+------------+------------+
| 81  |     1      |     8      |     1      |    off     |  flatten   |     1      |     1      |
+-----+------------+------------+------------+------------+------------+------------+------------+
| 82  |     1      |    128     |     4      |    off     |            |     1      |     6      |
+-----+------------+------------+------------+------------+------------+------------+------------+
| 83  |     1      |     64     |     4      |    off     |    off     |     1      |     12     |
+-----+------------+------------+------------+------------+------------+------------+------------+
| 84  |     1      |     1      |     1      |  flatten   |    off     |    100     |     1      |
+-----+------------+------------+------------+------------+------------+------------+------------+
| 85  |     1      |    256     |     4      |    off     |            |     1      |     1      |
+-----+------------+------------+------------+------------+------------+------------+------------+
| 86  |     1      |     8      |     1      |    off     |  flatten   |     1      |     64     |
+-----+------------+------------+------------+------------+------------+------------+------------+
| 87  |     1      |     96     |     4      |    off     |    off     |    100     |     1      |
+-----+------------+------------+------------+------------+------------+------------+------------+
| 88  |    100     |     8      |     1      |    off     |  flatten   |     1      |     96     |
+-----+------------+------------+------------+------------+------------+------------+------------+
| 89  |     1      |     16     |     1      |    off     |  flatten   |     1      |     1      |
+-----+------------+------------+------------+------------+------------+------------+------------+
| 90  |     10     |     1      |     1      |  flatten   |    off     |     1      |     1      |
+-----+------------+------------+------------+------------+------------+------------+------------+
| 91  |     1      |    192     |     4      |    off     |    off     |     1      |     4      |
+-----+------------+------------+------------+------------+------------+------------+------------+
| 92  |     1      |     96     |     4      |    off     |            |    100     |     1      |
+-----+------------+------------+------------+------------+------------+------------+------------+
| 93  |     1      |    256     |     4      |    off     |            |    100     |     1      |
+-----+------------+------------+------------+------------+------------+------------+------------+
| 94  |     1      |     3      |     1      |    off     |  flatten   |     1      |    256     |
+-----+------------+------------+------------+------------+------------+------------+------------+
| 95  |     1      |     32     |     4      |    off     |    off     |     1      |     1      |
+-----+------------+------------+------------+------------+------------+------------+------------+
| 96  |     1      |     64     |     4      |    off     |            |    100     |     1      |
+-----+------------+------------+------------+------------+------------+------------+------------+
| 97  |     1      |     32     |     4      |    off     |            |    100     |     1      |
+-----+------------+------------+------------+------------+------------+------------+------------+
| 98  |     1      |    192     |     4      |    off     |            |     1      |     1      |
+-----+------------+------------+------------+------------+------------+------------+------------+
| 99  |     1      |     16     |     4      |    off     |    off     |     1      |     1      |
+-----+------------+------------+------------+------------+------------+------------+------------+
| 100 |     1      |    384     |     4      |    off     |    off     |     1      |     1      |
+-----+------------+------------+------------+------------+------------+------------+------------+
| 101 |     1      |    192     |     4      |    off     |            |     1      |     4      |
+-----+------------+------------+------------+------------+------------+------------+------------+
| 102 |     1      |     32     |     4      |    off     |            |     1      |     24     |
+-----+------------+------------+------------+------------+------------+------------+------------+
| 103 |     1      |     1      |     4      |    off     |    off     |     1      |     64     |
+-----+------------+------------+------------+------------+------------+------------+------------+
| 104 |     1      |     16     |     4      |    off     |            |    100     |     1      |
+-----+------------+------------+------------+------------+------------+------------+------------+
| 105 |    100     |    768     |     4      |            |    off     |     1      |     1      |
+-----+------------+------------+------------+------------+------------+------------+------------+
| 106 |     1      |     1      |     4      |    off     |    off     |     1      |     96     |
+-----+------------+------------+------------+------------+------------+------------+------------+
| 107 |     1      |     96     |     4      |    off     |            |     1      |     1      |
+-----+------------+------------+------------+------------+------------+------------+------------+
| 108 |     1      |     8      |     1      |    off     |  flatten   |     1      |     4      |
+-----+------------+------------+------------+------------+------------+------------+------------+
| 109 |     2      |     8      |     1      |            |  flatten   |     1      |     96     |
+-----+------------+------------+------------+------------+------------+------------+------------+
| 110 |     1      |    384     |     4      |    off     |    off     |    100     |     1      |
+-----+------------+------------+------------+------------+------------+------------+------------+
| 111 |     1      |    768     |     4      |    off     |    off     |     1      |     1      |
+-----+------------+------------+------------+------------+------------+------------+------------+
| 112 |     1      |    768     |     4      |    off     |    off     |    100     |     1      |
+-----+------------+------------+------------+------------+------------+------------+------------+
| 113 |     1      |     1      |     4      |    off     |    off     |     1      |    384     |
+-----+------------+------------+------------+------------+------------+------------+------------+
| 114 |    100     |    768     |     4      |    off     |    off     |     1      |     1      |
+-----+------------+------------+------------+------------+------------+------------+------------+
| 115 |     1      |     32     |     4      |    off     |    off     |     1      |     24     |
+-----+------------+------------+------------+------------+------------+------------+------------+
| 116 |     1      |     1      |     4      |    off     |    off     |     1      |     32     |
+-----+------------+------------+------------+------------+------------+------------+------------+
| 117 |     1      |     32     |     4      |    off     |    off     |    100     |     1      |
+-----+------------+------------+------------+------------+------------+------------+------------+
| 118 |    100     |     1      |     4      |    off     |    off     |     1      |     1      |
+-----+------------+------------+------------+------------+------------+------------+------------+
| 119 |     1      |    128     |     4      |    off     |    off     |     1      |     1      |
+-----+------------+------------+------------+------------+------------+------------+------------+
| 120 |     1      |     1      |     4      |    off     |            |     1      |     64     |
+-----+------------+------------+------------+------------+------------+------------+------------+
| 121 |     1      |     1      |     4      |    off     |            |     1      |     32     |
+-----+------------+------------+------------+------------+------------+------------+------------+
| 122 |     1      |    384     |     4      |    off     |            |     1      |     1      |
+-----+------------+------------+------------+------------+------------+------------+------------+
| 123 |     20     |     8      |     1      |    off     |  flatten   |     1      |     1      |
+-----+------------+------------+------------+------------+------------+------------+------------+
| 124 |     1      |     1      |     4      |    off     |    off     |     1      |     1      |
+-----+------------+------------+------------+------------+------------+------------+------------+
| 125 |     1      |     8      |     1      |    off     |  flatten   |     1      |     16     |
+-----+------------+------------+------------+------------+------------+------------+------------+
| 126 |     4      |     1      |     1      |  flatten   |    off     |     1      |     1      |
+-----+------------+------------+------------+------------+------------+------------+------------+
| 127 |     5      |     8      |     1      |    off     |  flatten   |     1      |     96     |
+-----+------------+------------+------------+------------+------------+------------+------------+
| 128 |     1      |    128     |     4      |    off     |    off     |    100     |     1      |
+-----+------------+------------+------------+------------+------------+------------+------------+
| 129 |     1      |     8      |     1      |    off     |  flatten   |     1      |     32     |
+-----+------------+------------+------------+------------+------------+------------+------------+
| 130 |     1      |     8      |     1      |    off     |  flatten   |     1      |     48     |
+-----+------------+------------+------------+------------+------------+------------+------------+
| 131 |     1      |     1      |     1      |  flatten   |    off     |     2      |     1      |
+-----+------------+------------+------------+------------+------------+------------+------------+
| 132 |     1      |    128     |     4      |    off     |    off     |     1      |     6      |
+-----+------------+------------+------------+------------+------------+------------+------------+
| 133 |     1      |     48     |     4      |    off     |            |     1      |     16     |
+-----+------------+------------+------------+------------+------------+------------+------------+
| 134 |     1      |     1      |     4      |    off     |    off     |    100     |     1      |
+-----+------------+------------+------------+------------+------------+------------+------------+
| 135 |     1      |     96     |     4      |    off     |    off     |     1      |     8      |
+-----+------------+------------+------------+------------+------------+------------+------------+
| 136 |     1      |     64     |     4      |    off     |    off     |    100     |     1      |
+-----+------------+------------+------------+------------+------------+------------+------------+
| 137 |     25     |     8      |     1      |    off     |  flatten   |     1      |     1      |
+-----+------------+------------+------------+------------+------------+------------+------------+
| 138 |     1      |     1      |     4      |    off     |    off     |     1      |    768     |
+-----+------------+------------+------------+------------+------------+------------+------------+
| 139 |     1      |     32     |     1      |    off     |  flatten   |     1      |     1      |
+-----+------------+------------+------------+------------+------------+------------+------------+
| 140 |     5      |     1      |     1      |  flatten   |    off     |     1      |     1      |
+-----+------------+------------+------------+------------+------------+------------+------------+
| 141 |     2      |     8      |     1      |    off     |  flatten   |     1      |     1      |
+-----+------------+------------+------------+------------+------------+------------+------------+
| 142 |     1      |     48     |     4      |    off     |            |    100     |     1      |
+-----+------------+------------+------------+------------+------------+------------+------------+
| 143 |     1      |     1      |     4      |    off     |            |     1      |    192     |
+-----+------------+------------+------------+------------+------------+------------+------------+
| 144 |     1      |     2      |     1      |    off     |  flatten   |     1      |    384     |
+-----+------------+------------+------------+------------+------------+------------+------------+
| 145 |     4      |     8      |     1      |            |  flatten   |     1      |     96     |
+-----+------------+------------+------------+------------+------------+------------+------------+
| 146 |     1      |    256     |     4      |    off     |    off     |     1      |     3      |
+-----+------------+------------+------------+------------+------------+------------+------------+
| 147 |     1      |     48     |     4      |    off     |    off     |    100     |     1      |
+-----+------------+------------+------------+------------+------------+------------+------------+
| 148 |     1      |     8      |     1      |    off     |  flatten   |    100     |     1      |
+-----+------------+------------+------------+------------+------------+------------+------------+
