2024-04-19 16:06:24,605 [data_extraction.py:70] INFO: ================================================================
2024-04-19 16:06:24,606 [data_extraction.py:71] INFO: 1. Start data extracton: 
2024-04-19 16:06:24,606 [data_extraction.py:72] INFO: ================================================================
2024-04-19 16:06:24,929 [loop_location.py:35] INFO: ------------------------------
2024-04-19 16:06:24,929 [loop_location.py:36] INFO: Start to generate loop_location.json
2024-04-19 16:06:24,929 [loop_location.py:37] INFO: ------------------------------
2024-04-19 16:06:25,037 [topo_id_gen.py:53] INFO: ------------------------------
2024-04-19 16:06:25,038 [topo_id_gen.py:54] INFO: Start to generate topo_info.json
2024-04-19 16:06:25,038 [topo_id_gen.py:55] INFO: ------------------------------
2024-04-19 16:06:27,518 [merge_token.py:250] INFO: merging vendor json file kernel_gemm_Pipeline_L21_csynth.json
2024-04-19 16:06:27,531 [merge_token.py:263] INFO: --k L,kernel_gemm_Pipeline_L21-L2
2024-04-19 16:06:27,531 [merge_token.py:263] INFO: --k kernel_gemm_Pipeline_L21
2024-04-19 16:06:27,531 [merge_token.py:311] WARNING: Not merging kernel_gemm_Pipeline_L21
2024-04-19 16:06:27,532 [merge_token.py:250] INFO: merging vendor json file kernel_gemm_Pipeline_L22_csynth.json
2024-04-19 16:06:27,536 [merge_token.py:263] INFO: --k L,kernel_gemm_Pipeline_L22-L2
2024-04-19 16:06:27,537 [merge_token.py:263] INFO: --k kernel_gemm_Pipeline_L22
2024-04-19 16:06:27,537 [merge_token.py:311] WARNING: Not merging kernel_gemm_Pipeline_L22
2024-04-19 16:06:27,537 [merge_token.py:250] INFO: merging vendor json file kernel_gemm_Pipeline_L2_csynth.json
2024-04-19 16:06:27,542 [merge_token.py:263] INFO: --k L,kernel_gemm_Pipeline_L2-L2
2024-04-19 16:06:27,542 [merge_token.py:263] INFO: --k kernel_gemm_Pipeline_L2
2024-04-19 16:06:27,543 [merge_token.py:311] WARNING: Not merging kernel_gemm_Pipeline_L2
2024-04-19 16:06:27,543 [merge_token.py:250] INFO: merging vendor json file kernel_gemm_Pipeline_L3_csynth.json
2024-04-19 16:06:27,597 [merge_token.py:263] INFO: --k L,kernel_gemm_Pipeline_L3-L3
2024-04-19 16:06:27,598 [merge_token.py:263] INFO: --k kernel_gemm_Pipeline_L3
2024-04-19 16:06:27,598 [merge_token.py:311] WARNING: Not merging kernel_gemm_Pipeline_L3
2024-04-19 16:06:27,598 [merge_token.py:250] INFO: merging vendor json file kernel_gemm_Pipeline_merlinL3_merlinL2_csynth.json
2024-04-19 16:06:27,612 [merge_token.py:263] INFO: --k L,kernel_gemm_Pipeline_merlinL3_merlinL2-merlinL3_merlinL2
2024-04-19 16:06:27,613 [merge_token.py:267] INFO: --tid = L_0_0_0_7_2_0_28_0
2024-04-19 16:06:27,613 [merge_token.py:276] INFO: --loopname = merlinL3_merlinL2
2024-04-19 16:06:27,613 [merge_token.py:263] INFO: --k kernel_gemm_Pipeline_merlinL3_merlinL2
2024-04-19 16:06:27,613 [merge_token.py:311] WARNING: Not merging kernel_gemm_Pipeline_merlinL3_merlinL2
2024-04-19 16:06:27,614 [merge_token.py:250] INFO: merging vendor json file kernel_gemm_csynth.json
2024-04-19 16:06:27,630 [merge_token.py:263] INFO: --k kernel_gemm
2024-04-19 16:06:27,630 [merge_token.py:263] INFO: --k kernel_gemm_Pipeline_L2
2024-04-19 16:06:27,630 [merge_token.py:311] WARNING: Not merging kernel_gemm_Pipeline_L2
2024-04-19 16:06:27,630 [merge_token.py:263] INFO: --k kernel_gemm_Pipeline_L21
2024-04-19 16:06:27,631 [merge_token.py:311] WARNING: Not merging kernel_gemm_Pipeline_L21
2024-04-19 16:06:27,631 [merge_token.py:263] INFO: --k kernel_gemm_Pipeline_L22
2024-04-19 16:06:27,631 [merge_token.py:311] WARNING: Not merging kernel_gemm_Pipeline_L22
2024-04-19 16:06:27,631 [merge_token.py:263] INFO: --k kernel_gemm_Pipeline_L3
2024-04-19 16:06:27,632 [merge_token.py:311] WARNING: Not merging kernel_gemm_Pipeline_L3
2024-04-19 16:06:27,632 [merge_token.py:263] INFO: --k kernel_gemm_Pipeline_merlinL3_merlinL2
2024-04-19 16:06:27,632 [merge_token.py:311] WARNING: Not merging kernel_gemm_Pipeline_merlinL3_merlinL2
2024-04-19 16:06:27,664 [merge_token.py:352] WARNING: line-number merging L,9
2024-04-19 16:06:27,664 [merge_token.py:402] WARNING: Not merging L,9
2024-04-19 16:06:27,664 [merge_token.py:352] WARNING: line-number merging L,8
2024-04-19 16:06:27,665 [merge_token.py:402] WARNING: Not merging L,8
2024-04-19 16:06:27,665 [merge_token.py:352] WARNING: line-number merging L,3
2024-04-19 16:06:27,665 [merge_token.py:402] WARNING: Not merging L,3
2024-04-19 16:06:27,666 [merge_token.py:352] WARNING: line-number merging L,2
2024-04-19 16:06:27,666 [merge_token.py:402] WARNING: Not merging L,2
2024-04-19 16:06:27,666 [merge_token.py:352] WARNING: line-number merging L,1
2024-04-19 16:06:27,666 [merge_token.py:402] WARNING: Not merging L,1
2024-04-19 16:06:27,666 [merge_token.py:352] WARNING: line-number merging L,7
2024-04-19 16:06:27,667 [merge_token.py:402] WARNING: Not merging L,7
2024-04-19 16:06:27,667 [merge_token.py:352] WARNING: line-number merging L,6
2024-04-19 16:06:27,667 [merge_token.py:402] WARNING: Not merging L,6
2024-04-19 16:06:27,667 [merge_token.py:389] INFO: find flatten loop
2024-04-19 16:06:27,668 [merge_token.py:360] INFO: name  = merlinL3
2024-04-19 16:06:27,668 [merge_token.py:361] INFO: one name = merlinL3_merlinL2
2024-04-19 16:06:27,668 [merge_token.py:363] INFO: split name =
2024-04-19 16:06:27,668 [merge_token.py:364] INFO: (u'merlinL3', u'_', u'merlinL2')
2024-04-19 16:06:27,669 [merge_token.py:367] INFO: name index  = 0
2024-04-19 16:06:27,669 [merge_token.py:371] INFO: flatten_son  = merlinL2
2024-04-19 16:06:27,669 [merge_token.py:393] INFO: flatten_id = L_0_0_0_7_2_0_28_0_3_0_0
2024-04-19 16:06:27,669 [merge_token.py:352] WARNING: line-number merging L,10
2024-04-19 16:06:27,670 [merge_token.py:402] WARNING: Not merging L,10
2024-04-19 16:06:27,670 [merge_token.py:423] INFO: merged_node_list: 
2024-04-19 16:06:27,670 [merge_token.py:424] INFO: [u'L_0_0_0_7_2_0_28_0', u'F_0_0_0_7', u'L_0_0_0_7_2_0_28_0_3_0_0', u'L_0_0_0_7_2_0_28_0', u'L_0_0_0_7_2_0_28_0_3_0_0_3_2_0', u'L_0_0_0_7_2_0_28_0_3_0_0_3_2_0_3_2_0']
2024-04-19 16:06:27,980 [reference_induction.py:58] INFO: ================================================================
2024-04-19 16:06:27,980 [reference_induction.py:59] INFO: 2. Start reference induct: 
2024-04-19 16:06:27,980 [reference_induction.py:60] INFO: ================================================================
2024-04-19 16:06:28,864 [performance_estimate.py:54] INFO: ================================================================
2024-04-19 16:06:28,865 [performance_estimate.py:55] INFO: 3. Start performance estimate: 
2024-04-19 16:06:28,865 [performance_estimate.py:56] INFO: ================================================================
2024-04-19 16:06:28,865 [performance_estimate.py:65] INFO: cmd = mars_perl /opt/merlin/sources/merlin-compiler/trunk/mars-gen/scripts/msg_report/perf_est.pl              --ann_rpt refer_induct.json --perf_rpt perf_est.json > perf_est.log
2024-04-19 16:06:33,822 [final_report.py:61] INFO: ================================================================
2024-04-19 16:06:33,823 [final_report.py:62] INFO: 4. Start final report generation: 
2024-04-19 16:06:33,823 [final_report.py:63] INFO: ================================================================
2024-04-19 16:06:33,823 [gen_hierarchy.py:52] INFO: ------------------------------
2024-04-19 16:06:33,823 [gen_hierarchy.py:53] INFO: Start generating hierarchy.json
2024-04-19 16:06:33,824 [gen_hierarchy.py:54] INFO: ------------------------------
illegal org_identifier: BuiltInauto_parallel_2, topo_id: V_0_0_0_7_2_0_28_0_3_0_0_3_2_0_0_0 
illegal org_identifier: BuiltInfinal_code_gen_138, topo_id: X_0_0_0_7_2_0_0 
illegal org_identifier: BuiltInfinal_code_gen_139, topo_id: X_0_0_0_7_2_0_1 
illegal org_identifier: BuiltIninterface_transform_48, topo_id: X_0_0_0_7_2_0_10 
illegal org_identifier: BuiltIninterface_transform_40, topo_id: X_0_0_0_7_2_0_11 
illegal org_identifier: BuiltIninterface_transform_32, topo_id: X_0_0_0_7_2_0_12 
illegal org_identifier: BuiltInloop_parallel_138, topo_id: X_0_0_0_7_2_0_14 
illegal org_identifier: BuiltInloop_parallel_137, topo_id: X_0_0_0_7_2_0_15 
illegal org_identifier: BuiltInloop_parallel_136, topo_id: X_0_0_0_7_2_0_16 
illegal org_identifier: BuiltInloop_parallel_139, topo_id: X_0_0_0_7_2_0_18 
illegal org_identifier: BuiltInfinal_code_gen_140, topo_id: X_0_0_0_7_2_0_2 
illegal org_identifier: BuiltInloop_parallel_141, topo_id: X_0_0_0_7_2_0_20 
illegal org_identifier: BuiltInloop_parallel_140, topo_id: X_0_0_0_7_2_0_21 
illegal org_identifier: BuiltInbitwidth_opt_14, topo_id: X_0_0_0_7_2_0_25 
illegal org_identifier: BuiltInbitwidth_opt_6, topo_id: X_0_0_0_7_2_0_25_0_1_0 
illegal org_identifier: BuiltInbitwidth_opt_7, topo_id: X_0_0_0_7_2_0_25_0_1_4_0 
illegal org_identifier: BuiltInmemory_burst_285, topo_id: X_0_0_0_7_2_0_26 
illegal org_identifier: BuiltInbitwidth_opt_32, topo_id: X_0_0_0_7_2_0_26_0 
illegal org_identifier: BuiltInbitwidth_opt_25, topo_id: X_0_0_0_7_2_0_26_0_0_1_0 
illegal org_identifier: BuiltInbitwidth_opt_26, topo_id: X_0_0_0_7_2_0_26_0_0_1_3_0 
illegal org_identifier: BuiltInmemory_burst_305, topo_id: X_0_0_0_7_2_0_27 
illegal org_identifier: BuiltInbitwidth_opt_41, topo_id: X_0_0_0_7_2_0_27_0 
illegal org_identifier: BuiltInbitwidth_opt_33, topo_id: X_0_0_0_7_2_0_27_0_0_1_0 
illegal org_identifier: BuiltInbitwidth_opt_34, topo_id: X_0_0_0_7_2_0_27_0_0_1_4_0 
cant find source node, wrong org_identifier: X_0_0_0_7_2_0_28
cant find source node, wrong org_identifier: X_0_0_0_7_2_0_28_0_3_0
illegal org_identifier: BuiltInloop_parallel_143, topo_id: X_0_0_0_7_2_0_28_0_3_0_0_3_0 
illegal org_identifier: BuiltInloop_parallel_142, topo_id: X_0_0_0_7_2_0_28_0_3_0_0_3_1 
cant find source node, wrong org_identifier: X_0_0_0_7_2_0_28_0_3_0_0_3_2
illegal org_identifier: BuiltInauto_parallel_2, topo_id: X_0_0_0_7_2_0_28_0_3_0_0_3_2_0_0_0_1 
illegal org_identifier: BuiltInauto_parallel_6, topo_id: X_0_0_0_7_2_0_28_0_3_0_0_3_2_0_1 
illegal org_identifier: BuiltInloop_parallel_144, topo_id: X_0_0_0_7_2_0_28_0_3_0_0_3_2_0_3_0 
illegal org_identifier: BuiltIndelinearization_75, topo_id: X_0_0_0_7_2_0_28_0_3_0_0_3_2_0_3_1_0_0_0_0_0 
cant find source node, wrong org_identifier: X_0_0_0_7_2_0_28_0_3_0_0_3_2_0_3_2
illegal org_identifier: BuiltInloop_parallel_145, topo_id: X_0_0_0_7_2_0_28_0_3_0_0_3_2_0_3_2_0_3_0 
illegal org_identifier: BuiltIndelinearization_82, topo_id: X_0_0_0_7_2_0_28_0_3_0_0_3_2_0_3_2_0_3_1_0_0_0_0_0 
illegal org_identifier: BuiltIndelinearization_38, topo_id: X_0_0_0_7_2_0_28_0_3_0_0_3_2_0_3_2_0_3_1_0_1_0_0_0 
illegal org_identifier: BuiltIndelinearization_22, topo_id: X_0_0_0_7_2_0_28_0_3_0_0_3_2_0_3_2_0_3_1_0_1_1_0_0_0 
illegal org_identifier: BuiltInbitwidth_opt_23, topo_id: X_0_0_0_7_2_0_29 
illegal org_identifier: BuiltInbitwidth_opt_15, topo_id: X_0_0_0_7_2_0_29_0_1_0_0 
illegal org_identifier: BuiltInbitwidth_opt_17, topo_id: X_0_0_0_7_2_0_29_0_1_1 
illegal org_identifier: BuiltInfinal_code_gen_141, topo_id: X_0_0_0_7_2_0_3 
illegal org_identifier: BuiltInfinal_code_gen_142, topo_id: X_0_0_0_7_2_0_4 
illegal org_identifier: BuiltInfinal_code_gen_143, topo_id: X_0_0_0_7_2_0_5 
illegal org_identifier: BuiltInfinal_code_gen_137, topo_id: X_0_0_0_7_2_0_6 
illegal org_identifier: BuiltInbitwidth_opt_2, topo_id: X_0_0_0_7_2_0_7 
illegal org_identifier: BuiltInbitwidth_opt_1, topo_id: X_0_0_0_7_2_0_8 
illegal org_identifier: BuiltInbitwidth_opt_0, topo_id: X_0_0_0_7_2_0_9 
2024-04-19 16:06:35,481 [fill_source_data.py:53] INFO: Start loading info
2024-04-19 16:06:35,892 [fill_source_data.py:75] INFO: Loading hierarchy topo info
2024-04-19 16:06:35,892 [json_parser.py:788] INFO: Building map for src_location...
2024-04-19 16:06:35,893 [json_parser.py:736] INFO: append node id = F_0_1_0_1
2024-04-19 16:06:35,893 [json_parser.py:750] INFO: append interface id = X_0_1_0_1_0_0
2024-04-19 16:06:35,893 [json_parser.py:750] INFO: append interface id = X_0_1_0_1_0_1
2024-04-19 16:06:35,894 [json_parser.py:750] INFO: append interface id = X_0_1_0_1_0_2
2024-04-19 16:06:35,894 [json_parser.py:736] INFO: append node id = L_0_1_0_1_2_0_6
2024-04-19 16:06:35,894 [json_parser.py:736] INFO: append node id = L_0_1_0_1_2_0_6_3_3
2024-04-19 16:06:35,894 [json_parser.py:736] INFO: append node id = L_0_1_0_1_2_0_6_3_3_3_2
2024-04-19 16:06:35,895 [json_parser.py:793] INFO: Printing src location,,
2024-04-19 16:06:35,895 [json_parser.py:794] INFO: {u'L_0_1_0_1_2_0_6': u"loop 'i' (bert_100_768.c:14)", u'L_0_1_0_1_2_0_6_3_3': u"loop 'j' (bert_100_768.c:21)", u'F_0_1_0_1': u"'kernel_gemm' (bert_100_768.c:3)", u'L_0_1_0_1_2_0_6_3_3_3_2': u"loop 'k' (bert_100_768.c:25)", u'X_0_1_0_1_0_1': u"'A' (bert_100_768.c:3)", u'X_0_1_0_1_0_0': u"'C' (bert_100_768.c:3)", u'X_0_1_0_1_0_2': u"'B' (bert_100_768.c:3)"}
2024-04-19 16:06:35,895 [json_parser.py:676] INFO: src topo id sets = 
2024-04-19 16:06:35,895 [json_parser.py:677] INFO: [u'F_0_1_0_1', u'X_0_1_0_1_0_0', u'X_0_1_0_1_0_1', u'X_0_1_0_1_0_2', u'L_0_1_0_1_2_0_6', u'L_0_1_0_1_2_0_6_3_3', u'L_0_1_0_1_2_0_6_3_3_3_2']
2024-04-19 16:06:35,896 [fill_source_data.py:124] INFO: Do preprocess for vendor data
2024-04-19 16:06:35,896 [fill_source_data.py:125] INFO: get map list
2024-04-19 16:06:35,896 [fill_source_data.py:126] INFO: {u'0_1_0_1_2_0_6_3_3_3_2_3': u'L_0_1_0_1_2_0_6_3_3_3_2', u'0_1_0_1_2_0_6_3': u'L_0_1_0_1_2_0_6', u'0_1_0_1_2_0_6_3_3_3': u'L_0_1_0_1_2_0_6_3_3'}
2024-04-19 16:06:35,896 [fill_source_data.py:153] INFO: correct id from V_0_1_0_1_0_2 to X_0_1_0_1_0_2
2024-04-19 16:06:35,896 [fill_source_data.py:153] INFO: correct id from V_0_1_0_1_0_1 to X_0_1_0_1_0_1
2024-04-19 16:06:35,897 [fill_source_data.py:153] INFO: correct id from V_0_1_0_1_0_0 to X_0_1_0_1_0_0
2024-04-19 16:06:35,897 [fill_source_data.py:153] INFO: correct id from X_0_1_0_1 to F_0_1_0_1
2024-04-19 16:06:35,897 [fill_source_data.py:153] INFO: correct id from X_0_1_0_1_2_0_6_3_3 to L_0_1_0_1_2_0_6_3_3
2024-04-19 16:06:35,903 [fill_source_data.py:83] INFO: Loading topo info
2024-04-19 16:06:35,903 [json_parser.py:364] INFO: Building map for src_id and dst_id...
2024-04-19 16:06:35,904 [json_parser.py:385] INFO: Printing src_id to dst_id,,,
2024-04-19 16:06:35,904 [json_parser.py:386] INFO: {u'X_0_1_0_1_2_0_6_3_3_3_2_0': [u'X_0_0_0_7_2_0_28_0_3_0_0_3_2_0_3_2_0_0'], u'X_0_1_0_1_2_0_6_3_3_3_2_1': [u'X_0_0_0_7_2_0_28_0_3_0_0_3_2_0_3_2_0_1'], u'X_0_1_0_1_2_0_0_1': [u'X_0_0_0_7_2_0_22_1'], u'BuiltInbitwidth_opt_23': [u'X_0_0_0_7_2_0_29'], u'BuiltInauto_parallel_6': [u'X_0_0_0_7_2_0_28_0_3_0_0_3_2_0_1'], u'BuiltInbitwidth_opt_26': [u'X_0_0_0_7_2_0_26_0_0_1_3_0'], u'BuiltInbitwidth_opt_25': [u'X_0_0_0_7_2_0_26_0_0_1_0'], u'BuiltInauto_parallel_2': [u'X_0_0_0_7_2_0_28_0_3_0_0_3_2_0_0_0_1', u'V_0_0_0_7_2_0_28_0_3_0_0_3_2_0_0_0'], u'X_0_0_0_7_2_0_28': [u'X_0_0_0_7_2_0_28'], u'L_0_1_0_1_2_0_6_3_3_3_2': [u'X_0_0_0_7_2_0_28_0_3_0_0_3_2_0_3_2_0_3', u'L_0_0_0_7_2_0_28_0_3_0_0_3_2_0_3_2_0'], u'BuiltInbitwidth_opt_41': [u'X_0_0_0_7_2_0_27_0'], u'X_0_1_0_1_2_0_2_1': [u'X_0_0_0_7_2_0_24_1'], u'BuiltInloop_parallel_139': [u'X_0_0_0_7_2_0_18'], u'BuiltInloop_parallel_136': [u'X_0_0_0_7_2_0_16'], u'BuiltInloop_parallel_137': [u'X_0_0_0_7_2_0_15'], u'BuiltIndelinearization_38': [u'X_0_0_0_7_2_0_28_0_3_0_0_3_2_0_3_2_0_3_1_0_1_0_0_0'], u'X_0_1_0_1_2_0_6_3_3_3_0': [u'X_0_0_0_7_2_0_28_0_3_0_0_3_2_0_3_1'], u'L_0_1_0_1_2_0_6_3_3': [u'X_0_0_0_7_2_0_28_0_3_0_0_3', u'L_0_0_0_7_2_0_28_0_3_0_0', u'X_0_0_0_7_2_0_28_0_3_0_0_3_2_0_0', u'X_0_0_0_7_2_0_28_0_3_0_0_3_2_0_3', u'L_0_0_0_7_2_0_28_0_3_0_0_3_2_0'], u'BuiltInloop_parallel_138': [u'X_0_0_0_7_2_0_14'], u'F_0_1_0_1': [u'F_0_0_0_7_2', u'F_0_0_0_7', u'X_0_0_0_7_0'], u'BuiltInfinal_code_gen_137': [u'X_0_0_0_7_2_0_6'], u'X_0_1_0_1_2_0_6_0_0': [u'X_0_0_0_7_2_0_28_0_0_0'], u'BuiltInmemory_burst_305': [u'X_0_0_0_7_2_0_27'], u'X_0_1_0_1_0_2': [u'X_0_0_0_7_0_2', u'X_0_0_0_7_2_0_13_1', u'V_0_0_0_7_2_0_13', u'X_0_0_0_7_2_0_27_0_0'], u'BuiltIninterface_transform_32': [u'X_0_0_0_7_2_0_12'], u'X_0_1_0_1_2_0_6_3_3_0_0': [u'X_0_0_0_7_2_0_28_0_3_0_0_0_0'], u'BuiltInbitwidth_opt_7': [u'X_0_0_0_7_2_0_25_0_1_4_0'], u'X_0_1_0_1_0_1': [u'X_0_0_0_7_2_0_26_0_0', u'X_0_0_0_7_0_1', u'X_0_0_0_7_2_0_17_1', u'V_0_0_0_7_2_0_17'], u'X_0_1_0_1_0_0': [u'X_0_0_0_7_0_0', u'X_0_0_0_7_2_0_29_0', u'V_0_0_0_7_2_0_19', u'X_0_0_0_7_2_0_19_1', u'X_0_0_0_7_2_0_25_0'], u'BuiltInfinal_code_gen_138': [u'X_0_0_0_7_2_0_0'], u'BuiltInfinal_code_gen_139': [u'X_0_0_0_7_2_0_1'], u'X_0_1_0_1_2_0_6_1': [u'X_0_0_0_7_2_0_28_0_1'], u'BuiltInbitwidth_opt_17': [u'X_0_0_0_7_2_0_29_0_1_1'], u'BuiltInbitwidth_opt_14': [u'X_0_0_0_7_2_0_25'], u'BuiltInbitwidth_opt_15': [u'X_0_0_0_7_2_0_29_0_1_0_0'], u'BuiltInbitwidth_opt_34': [u'X_0_0_0_7_2_0_27_0_0_1_4_0'], u'V_0_1_0_1_2_0_0': [u'V_0_0_0_7_2_0_22'], u'BuiltInbitwidth_opt_32': [u'X_0_0_0_7_2_0_26_0'], u'BuiltInbitwidth_opt_33': [u'X_0_0_0_7_2_0_27_0_0_1_0'], u'BuiltInmemory_burst_285': [u'X_0_0_0_7_2_0_26'], u'BuiltIninterface_transform_40': [u'X_0_0_0_7_2_0_11'], u'X_0_1_0_1_2_0_6_3_3_1': [u'X_0_0_0_7_2_0_28_0_3_0_0_1'], u'X_0_1_0_1_2_0_6_3_3_0': [u'X_0_0_0_7_2_0_28_0_3_0_0_0'], u'BuiltInbitwidth_opt_0': [u'X_0_0_0_7_2_0_9'], u'BuiltInbitwidth_opt_1': [u'X_0_0_0_7_2_0_8'], u'BuiltInbitwidth_opt_2': [u'X_0_0_0_7_2_0_7'], u'X_0_1_0_1_2_0_1_1': [u'X_0_0_0_7_2_0_23_1'], u'X_0_0_0_7_2_0_28_0_3_0': [u'X_0_0_0_7_2_0_28_0_3_0'], u'BuiltInbitwidth_opt_6': [u'X_0_0_0_7_2_0_25_0_1_0'], u'X_0_1_0_1_2_0_6_0': [u'X_0_0_0_7_2_0_28_0_0'], u'V_0_1_0_1_2_0_2': [u'V_0_0_0_7_2_0_24'], u'L_0_1_0_1_2_0_6': [u'L_0_0_0_7_2_0_28_0', u'X_0_0_0_7_2_0_28_0_3'], u'V_0_1_0_1_2_0_1': [u'V_0_0_0_7_2_0_23'], u'X_0_1_0_1_2_0_6_3_3_3_2_3_0': [u'X_0_0_0_7_2_0_28_0_3_0_0_3_2_0_3_2_0_3_1'], u'BuiltIndelinearization_22': [u'X_0_0_0_7_2_0_28_0_3_0_0_3_2_0_3_2_0_3_1_0_1_1_0_0_0'], u'BuiltIndelinearization_75': [u'X_0_0_0_7_2_0_28_0_3_0_0_3_2_0_3_1_0_0_0_0_0'], u'X_0_1_0_1_2_0_6_3_3_3_2_0_0': [u'X_0_0_0_7_2_0_28_0_3_0_0_3_2_0_3_2_0_0_0'], u'X_0_0_0_7_2_0_28_0_3_0_0_3_2_0_3_2': [u'X_0_0_0_7_2_0_28_0_3_0_0_3_2_0_3_2'], u'BuiltInloop_parallel_143': [u'X_0_0_0_7_2_0_28_0_3_0_0_3_0'], u'BuiltInloop_parallel_144': [u'X_0_0_0_7_2_0_28_0_3_0_0_3_2_0_3_0'], u'BuiltIninterface_transform_48': [u'X_0_0_0_7_2_0_10'], u'BuiltInloop_parallel_142': [u'X_0_0_0_7_2_0_28_0_3_0_0_3_1'], u'X_0_0_0_7_2_0_28_0_3_0_0_3_2': [u'X_0_0_0_7_2_0_28_0_3_0_0_3_2'], u'X_0_1_0_1_2_0': [u'X_0_0_0_7_2_0'], u'BuiltInloop_parallel_141': [u'X_0_0_0_7_2_0_20'], u'BuiltIndelinearization_82': [u'X_0_0_0_7_2_0_28_0_3_0_0_3_2_0_3_2_0_3_1_0_0_0_0_0'], u'BuiltInloop_parallel_145': [u'X_0_0_0_7_2_0_28_0_3_0_0_3_2_0_3_2_0_3_0'], u'BuiltInloop_parallel_140': [u'X_0_0_0_7_2_0_21'], u'BuiltInfinal_code_gen_143': [u'X_0_0_0_7_2_0_5'], u'BuiltInfinal_code_gen_142': [u'X_0_0_0_7_2_0_4'], u'BuiltInfinal_code_gen_141': [u'X_0_0_0_7_2_0_3'], u'BuiltInfinal_code_gen_140': [u'X_0_0_0_7_2_0_2']}
2024-04-19 16:06:35,904 [json_parser.py:387] INFO: Printing dst_id to src_id,,,
2024-04-19 16:06:35,904 [json_parser.py:388] INFO: {u'X_0_0_0_7_2_0_28': u'X_0_0_0_7_2_0_28', u'X_0_0_0_7_2_0_29': u'BuiltInbitwidth_opt_23', u'X_0_0_0_7_2_0_20': u'BuiltInloop_parallel_141', u'X_0_0_0_7_2_0_21': u'BuiltInloop_parallel_140', u'X_0_0_0_7_2_0_26': u'BuiltInmemory_burst_285', u'X_0_0_0_7_2_0_26_0_0_1_0': u'BuiltInbitwidth_opt_25', u'X_0_0_0_7_2_0_25': u'BuiltInbitwidth_opt_14', u'F_0_0_0_7_2': u'F_0_1_0_1', u'X_0_0_0_7_2_0_3': u'BuiltInfinal_code_gen_141', u'X_0_0_0_7_2_0_2': u'BuiltInfinal_code_gen_140', u'X_0_0_0_7_2_0_1': u'BuiltInfinal_code_gen_139', u'X_0_0_0_7_2_0_0': u'BuiltInfinal_code_gen_138', u'X_0_0_0_7_2_0_7': u'BuiltInbitwidth_opt_2', u'X_0_0_0_7_2_0_6': u'BuiltInfinal_code_gen_137', u'X_0_0_0_7_2_0_5': u'BuiltInfinal_code_gen_143', u'X_0_0_0_7_2_0_4': u'BuiltInfinal_code_gen_142', u'X_0_0_0_7_2_0_9': u'BuiltInbitwidth_opt_0', u'X_0_0_0_7_2_0_8': u'BuiltInbitwidth_opt_1', u'V_0_0_0_7_2_0_22': u'V_0_1_0_1_2_0_0', u'X_0_0_0_7_2_0_28_0_3_0_0_3': u'L_0_1_0_1_2_0_6_3_3', u'X_0_0_0_7_2_0_28_0_3_0_0_0': u'X_0_1_0_1_2_0_6_3_3_0', u'X_0_0_0_7_2_0_28_0_3_0_0_1': u'X_0_1_0_1_2_0_6_3_3_1', u'X_0_0_0_7_2_0_28_0_3_0_0_3_2_0_3_2_0_3': u'L_0_1_0_1_2_0_6_3_3_3_2', u'X_0_0_0_7_2_0_28_0_3_0_0_3_2_0_3_2_0_0': u'X_0_1_0_1_2_0_6_3_3_3_2_0', u'X_0_0_0_7_2_0_28_0_3_0_0_3_2_0_3_2_0_1': u'X_0_1_0_1_2_0_6_3_3_3_2_1', u'X_0_0_0_7_2_0_26_0_0': u'X_0_1_0_1_0_1', u'X_0_0_0_7_2_0_28_0_0_0': u'X_0_1_0_1_2_0_6_0_0', u'F_0_0_0_7': u'F_0_1_0_1', u'TOP_kernel_gemm': None, u'X_0_0_0_7_2_0_27_0_0_1_0': u'BuiltInbitwidth_opt_33', u'X_0_0_0_7_0': u'F_0_1_0_1', u'X_0_0_0_7_2_0_29_0_1_0_0': u'BuiltInbitwidth_opt_15', u'X_0_0_0_7_2_0_27': u'BuiltInmemory_burst_305', u'V_0_0_0_7_2_0_24': u'V_0_1_0_1_2_0_2', u'X_0_0_0_7_2_0_22_1': u'X_0_1_0_1_2_0_0_1', u'V_0_0_0_7_2_0_23': u'V_0_1_0_1_2_0_1', u'X_0_0_0_7_2_0_28_0_3_0_0_3_2_0_3_2_0_3_0': u'BuiltInloop_parallel_145', u'X_0_0_0_7_2_0_28_0_3_0_0_3_2_0_3_2_0_3_1': u'X_0_1_0_1_2_0_6_3_3_3_2_3_0', u'X_0_0_0_7_2_0_25_0_1_0': u'BuiltInbitwidth_opt_6', u'X_0_0_0_7_2_0_28_0_3_0_0_3_2_0_0_0_1': u'BuiltInauto_parallel_2', u'X_0_0_0_7_2_0_13_1': u'X_0_1_0_1_0_2', u'X_0_0_0_7_2_0_28_0_3_0_0_3_2_0_3_2_0_3_1_0_1_0_0_0': u'BuiltIndelinearization_38', u'X_0_0_0_7_2_0_28_0_3_0_0_3_2': u'X_0_0_0_7_2_0_28_0_3_0_0_3_2', u'X_0_0_0_7_2_0_28_0_3_0_0_3_0': u'BuiltInloop_parallel_143', u'X_0_0_0_7_2_0_28_0_3_0_0_3_1': u'BuiltInloop_parallel_142', u'X_0_0_0_7_2_0': u'X_0_1_0_1_2_0', u'X_0_0_0_7_2_0_26_0': u'BuiltInbitwidth_opt_32', u'L_0_0_0_7_2_0_28_0_3_0_0': u'L_0_1_0_1_2_0_6_3_3', u'X_0_0_0_7_0_2': u'X_0_1_0_1_0_2', u'X_0_0_0_7_0_0': u'X_0_1_0_1_0_0', u'X_0_0_0_7_0_1': u'X_0_1_0_1_0_1', u'X_0_0_0_7_2_0_28_0_3_0_0_3_2_0_3_1_0_0_0_0_0': u'BuiltIndelinearization_75', u'L_0_0_0_7_2_0_28_0_3_0_0_3_2_0_3_2_0': u'L_0_1_0_1_2_0_6_3_3_3_2', u'X_0_0_0_7_2_0_23_1': u'X_0_1_0_1_2_0_1_1', u'X_0_0_0_7_2_0_24_1': u'X_0_1_0_1_2_0_2_1', u'X_0_0_0_7_2_0_17_1': u'X_0_1_0_1_0_1', u'X_0_0_0_7_2_0_29_0_1_1': u'BuiltInbitwidth_opt_17', u'X_0_0_0_7_2_0_26_0_0_1_3_0': u'BuiltInbitwidth_opt_26', u'X_0_0_0_7_2_0_28_0_3_0_0_0_0': u'X_0_1_0_1_2_0_6_3_3_0_0', u'X_0_0_0_7_2_0_29_0': u'X_0_1_0_1_0_0', u'X_0_0_0_7_2_0_28_0_3_0_0_3_2_0_3_2_0_0_0': u'X_0_1_0_1_2_0_6_3_3_3_2_0_0', u'X_0_0_0_7_2_0_28_0_3_0_0_3_2_0_0': u'L_0_1_0_1_2_0_6_3_3', u'X_0_0_0_7_2_0_28_0_3_0_0_3_2_0_1': u'BuiltInauto_parallel_6', u'X_0_0_0_7_2_0_28_0_3_0_0_3_2_0_3': u'L_0_1_0_1_2_0_6_3_3', u'L_0_0_0_7_2_0_28_0_3_0_0_3_2_0': u'L_0_1_0_1_2_0_6_3_3', u'X_0_0_0_7_2_0_28_0_3': u'L_0_1_0_1_2_0_6', u'X_0_0_0_7_2_0_28_0_0': u'X_0_1_0_1_2_0_6_0', u'X_0_0_0_7_2_0_28_0_1': u'X_0_1_0_1_2_0_6_1', u'V_0_0_0_7_2_0_19': u'X_0_1_0_1_0_0', u'V_0_0_0_7_2_0_17': u'X_0_1_0_1_0_1', u'X_0_0_0_7_2_0_19_1': u'X_0_1_0_1_0_0', u'V_0_0_0_7_2_0_13': u'X_0_1_0_1_0_2', u'X_0_0_0_7_2_0_27_0': u'BuiltInbitwidth_opt_41', u'V_0_0_0_7_2_0_28_0_3_0_0_3_2_0_0_0': u'BuiltInauto_parallel_2', u'X_0_0_0_7_2_0_27_0_0_1_4_0': u'BuiltInbitwidth_opt_34', u'X_0_0_0_7_2_0_25_0_1_4_0': u'BuiltInbitwidth_opt_7', u'L_0_0_0_7_2_0_28_0': u'L_0_1_0_1_2_0_6', u'X_0_0_0_7_2_0_25_0': u'X_0_1_0_1_0_0', u'X_0_0_0_7_2_0_28_0_3_0_0_3_2_0_3_2_0_3_1_0_0_0_0_0': u'BuiltIndelinearization_82', u'X_0_0_0_7_2_0_27_0_0': u'X_0_1_0_1_0_2', u'X_0_0_0_7_2_0_28_0_3_0_0_3_2_0_3_2_0_3_1_0_1_1_0_0_0': u'BuiltIndelinearization_22', u'X_0_0_0_7_2_0_28_0_3_0_0_3_2_0_3_0': u'BuiltInloop_parallel_144', u'X_0_0_0_7_2_0_28_0_3_0_0_3_2_0_3_1': u'X_0_1_0_1_2_0_6_3_3_3_0', u'X_0_0_0_7_2_0_28_0_3_0_0_3_2_0_3_2': u'X_0_0_0_7_2_0_28_0_3_0_0_3_2_0_3_2', u'X_0_0_0_7_2_0_16': u'BuiltInloop_parallel_136', u'X_0_0_0_7_2_0_15': u'BuiltInloop_parallel_137', u'X_0_0_0_7_2_0_14': u'BuiltInloop_parallel_138', u'X_0_0_0_7_2_0_12': u'BuiltIninterface_transform_32', u'X_0_0_0_7_2_0_11': u'BuiltIninterface_transform_40', u'X_0_0_0_7_2_0_10': u'BuiltIninterface_transform_48', u'X_0_0_0_7_2_0_18': u'BuiltInloop_parallel_139', u'X_0_0_0_7_2_0_28_0_3_0': u'X_0_0_0_7_2_0_28_0_3_0'}
2024-04-19 16:06:35,905 [json_parser.py:389] INFO: Printing array list,,,
2024-04-19 16:06:35,905 [json_parser.py:390] INFO: [u'B', u'C', u'A', u'B_5_0_buf', u'A_5_0_buf', u'C_buf']
2024-04-19 16:06:35,905 [fill_source_data.py:88] INFO: Loading nest info
2024-04-19 16:06:35,905 [json_parser.py:97] CRITICAL WARNING: list index out of range
2024-04-19 16:06:35,906 [json_parser.py:97] CRITICAL WARNING: list index out of range
2024-04-19 16:06:35,906 [json_parser.py:97] CRITICAL WARNING: list index out of range
2024-04-19 16:06:35,906 [json_parser.py:97] CRITICAL WARNING: list index out of range
2024-04-19 16:06:35,906 [json_parser.py:97] CRITICAL WARNING: list index out of range
2024-04-19 16:06:35,907 [json_parser.py:97] CRITICAL WARNING: list index out of range
2024-04-19 16:06:35,907 [json_parser.py:81] CRITICAL WARNING: u'memcpy_wide_bus_read_float_3d_96_8_512'
2024-04-19 16:06:35,907 [json_parser.py:81] CRITICAL WARNING: u'memcpy_wide_bus_read_float_2d_100_128'
2024-04-19 16:06:35,907 [json_parser.py:81] CRITICAL WARNING: u'memcpy_wide_bus_read_float_3d_96_8_512'
2024-04-19 16:06:35,908 [json_parser.py:81] CRITICAL WARNING: u'memcpy_wide_bus_write_float_3d_96_8_512'
2024-04-19 16:06:35,908 [fill_source_data.py:94] INFO: Loading schedule info
2024-04-19 16:06:35,908 [fill_source_data.py:101] INFO: Loading burst info
2024-04-19 16:06:35,908 [json_parser.py:97] CRITICAL WARNING: list index out of range
2024-04-19 16:06:35,908 [json_parser.py:97] CRITICAL WARNING: list index out of range
2024-04-19 16:06:35,909 [json_parser.py:97] CRITICAL WARNING: list index out of range
2024-04-19 16:06:35,909 [json_parser.py:97] CRITICAL WARNING: list index out of range
2024-04-19 16:06:35,909 [json_parser.py:97] CRITICAL WARNING: list index out of range
2024-04-19 16:06:35,909 [json_parser.py:97] CRITICAL WARNING: list index out of range
2024-04-19 16:06:35,910 [fill_source_data.py:112] INFO: Finish loading info
2024-04-19 16:06:35,910 [fill_source_data.py:1241] INFO: Start to merge input and output json files
2024-04-19 16:06:35,910 [fill_source_data.py:1247] INFO: Start to merge kernel: kernel_gemm
2024-04-19 16:06:35,910 [fill_source_data.py:604] INFO: Start to compute for loop F_0_1_0_1
2024-04-19 16:06:35,910 [fill_source_data.py:612] INFO: Get dst nodes: 
2024-04-19 16:06:35,911 [fill_source_data.py:613] INFO: [u'F_0_0_0_7_2', u'F_0_0_0_7', u'X_0_0_0_7_0']
2024-04-19 16:06:35,911 [fill_source_data.py:210] INFO: Checking function F_0_0_0_7_2
2024-04-19 16:06:35,911 [json_parser.py:441] CRITICAL WARNING: 'name'
2024-04-19 16:06:35,911 [json_parser.py:441] CRITICAL WARNING: 'inline'
2024-04-19 16:06:35,912 [fill_source_data.py:217] INFO: is inline function 
2024-04-19 16:06:35,912 [fill_source_data.py:210] INFO: Checking function F_0_0_0_7
2024-04-19 16:06:35,912 [json_parser.py:441] CRITICAL WARNING: 'inline'
2024-04-19 16:06:35,912 [fill_source_data.py:217] INFO: is inline function 
2024-04-19 16:06:35,913 [json_parser.py:441] CRITICAL WARNING: 'name'
2024-04-19 16:06:35,913 [json_parser.py:441] CRITICAL WARNING: 'name'
2024-04-19 16:06:35,913 [fill_source_data.py:243] INFO: decl child list = 
2024-04-19 16:06:35,913 [fill_source_data.py:244] INFO: [u'F_0_0_0_7_2']
2024-04-19 16:06:35,914 [fill_source_data.py:636] INFO: Get filtered nodes: 
2024-04-19 16:06:35,914 [fill_source_data.py:637] INFO: [u'F_0_0_0_7']
2024-04-19 16:06:35,914 [fill_source_data.py:638] INFO: Get outermost nested nodes: 
2024-04-19 16:06:35,914 [fill_source_data.py:639] INFO: [u'F_0_0_0_7']
2024-04-19 16:06:35,915 [fill_source_data.py:641] INFO: Get schedule nodes: 
2024-04-19 16:06:35,915 [fill_source_data.py:642] INFO: [[u'F_0_0_0_7']]
2024-04-19 16:06:35,915 [fill_source_data.py:673] INFO: prepare to collect data
2024-04-19 16:06:35,915 [fill_source_data.py:687] INFO: Compute dst node F_0_0_0_7
2024-04-19 16:06:35,916 [json_parser.py:441] CRITICAL WARNING: 'node_priority'
2024-04-19 16:06:35,916 [fill_source_data.py:837] INFO: Neste cycles = 20058
2024-04-19 16:06:35,916 [fill_source_data.py:860] INFO: parallel cycles = 20058
2024-04-19 16:06:35,916 [fill_source_data.py:863] INFO: Parallel cycles = 20058
2024-04-19 16:06:35,917 [fill_source_data.py:875] INFO: total cycles = 20058
2024-04-19 16:06:35,917 [fill_source_data.py:263] INFO: Start to merge interface: C
2024-04-19 16:06:35,917 [json_parser.py:450] WARNING: Already have data: interface_bitwidth
2024-04-19 16:06:35,917 [json_parser.py:417] INFO: dst_ids = 
2024-04-19 16:06:35,918 [json_parser.py:418] INFO: [u'X_0_0_0_7_0_0', u'X_0_0_0_7_2_0_29_0', u'V_0_0_0_7_2_0_19', u'X_0_0_0_7_2_0_19_1', u'X_0_0_0_7_2_0_25_0']
2024-04-19 16:06:35,918 [json_parser.py:1088] INFO: cross list = []
2024-04-19 16:06:35,918 [json_parser.py:1088] INFO: cross list = []
2024-04-19 16:06:35,918 [json_parser.py:417] INFO: dst_ids = 
2024-04-19 16:06:35,919 [json_parser.py:418] INFO: [u'X_0_0_0_7_0_0', u'X_0_0_0_7_2_0_29_0', u'V_0_0_0_7_2_0_19', u'X_0_0_0_7_2_0_19_1', u'X_0_0_0_7_2_0_25_0']
2024-04-19 16:06:35,919 [json_parser.py:831] INFO: interface = 
2024-04-19 16:06:35,919 [json_parser.py:832] INFO: OrderedDict([(u'src_line', 3), (u'src_col', 24), (u'src_filename', u'bert_100_768.c'), (u'src_topo_id', u'X_0_1_0_1_0_0'), (u'type', u'interface'), (u'name', u'C'), (u'interface_bitwidth', u'32'), (u'var_type', u'array')])
2024-04-19 16:06:35,919 [json_parser.py:859] INFO: analyze interface node
2024-04-19 16:06:35,920 [json_parser.py:946] INFO: output_info = 
2024-04-19 16:06:35,920 [json_parser.py:947] INFO: {'comment_interface': 'cached & coalesced', 'burst': u'on', 'coalesce': u'on', 'coalesce_bitwidth': u'512', 'burst_read_write': 'R/W', 'table_note': ''}
2024-04-19 16:06:35,920 [fill_source_data.py:263] INFO: Start to merge interface: A
2024-04-19 16:06:35,920 [json_parser.py:450] WARNING: Already have data: interface_bitwidth
2024-04-19 16:06:35,921 [json_parser.py:417] INFO: dst_ids = 
2024-04-19 16:06:35,921 [json_parser.py:418] INFO: [u'X_0_0_0_7_2_0_26_0_0', u'X_0_0_0_7_0_1', u'X_0_0_0_7_2_0_17_1', u'V_0_0_0_7_2_0_17']
2024-04-19 16:06:35,921 [json_parser.py:1088] INFO: cross list = []
2024-04-19 16:06:35,921 [json_parser.py:417] INFO: dst_ids = 
2024-04-19 16:06:35,922 [json_parser.py:418] INFO: [u'X_0_0_0_7_2_0_26_0_0', u'X_0_0_0_7_0_1', u'X_0_0_0_7_2_0_17_1', u'V_0_0_0_7_2_0_17']
2024-04-19 16:06:35,922 [json_parser.py:831] INFO: interface = 
2024-04-19 16:06:35,922 [json_parser.py:832] INFO: OrderedDict([(u'src_line', 3), (u'src_col', 42), (u'src_filename', u'bert_100_768.c'), (u'src_topo_id', u'X_0_1_0_1_0_1'), (u'type', u'interface'), (u'name', u'A'), (u'interface_bitwidth', u'32'), (u'var_type', u'array')])
2024-04-19 16:06:35,923 [json_parser.py:859] INFO: analyze interface node
2024-04-19 16:06:35,923 [json_parser.py:946] INFO: output_info = 
2024-04-19 16:06:35,923 [json_parser.py:947] INFO: {'comment_interface': 'cached & coalesced', 'burst': u'on', 'coalesce': u'on', 'coalesce_bitwidth': u'128', 'burst_read_write': 'RO', 'table_note': ''}
2024-04-19 16:06:35,923 [fill_source_data.py:263] INFO: Start to merge interface: B
2024-04-19 16:06:35,923 [json_parser.py:450] WARNING: Already have data: interface_bitwidth
2024-04-19 16:06:35,924 [json_parser.py:417] INFO: dst_ids = 
2024-04-19 16:06:35,924 [json_parser.py:418] INFO: [u'X_0_0_0_7_0_2', u'X_0_0_0_7_2_0_13_1', u'V_0_0_0_7_2_0_13', u'X_0_0_0_7_2_0_27_0_0']
2024-04-19 16:06:35,924 [json_parser.py:1088] INFO: cross list = []
2024-04-19 16:06:35,925 [json_parser.py:417] INFO: dst_ids = 
2024-04-19 16:06:35,925 [json_parser.py:418] INFO: [u'X_0_0_0_7_0_2', u'X_0_0_0_7_2_0_13_1', u'V_0_0_0_7_2_0_13', u'X_0_0_0_7_2_0_27_0_0']
2024-04-19 16:06:35,925 [json_parser.py:831] INFO: interface = 
2024-04-19 16:06:35,925 [json_parser.py:832] INFO: OrderedDict([(u'src_line', 3), (u'src_col', 60), (u'src_filename', u'bert_100_768.c'), (u'src_topo_id', u'X_0_1_0_1_0_2'), (u'type', u'interface'), (u'name', u'B'), (u'interface_bitwidth', u'32'), (u'var_type', u'array')])
2024-04-19 16:06:35,926 [json_parser.py:859] INFO: analyze interface node
2024-04-19 16:06:35,926 [json_parser.py:946] INFO: output_info = 
2024-04-19 16:06:35,926 [json_parser.py:947] INFO: {'comment_interface': 'cached & coalesced', 'burst': u'on', 'coalesce': u'on', 'coalesce_bitwidth': u'512', 'burst_read_write': 'RO', 'table_note': ''}
2024-04-19 16:06:35,926 [json_parser.py:1103] INFO: Print location_merlin_memcpy...
2024-04-19 16:06:35,927 [json_parser.py:1104] INFO: {u'X_0_0_0_7_2_0_29_0': (u'L_0_1_0_1_2_0_6', None), u'X_0_0_0_7_2_0_26_0_0': (None, u'L_0_1_0_1_2_0_6'), u'X_0_0_0_7_2_0_25_0': (None, u'L_0_1_0_1_2_0_6'), u'X_0_0_0_7_2_0_27_0_0': (None, u'L_0_1_0_1_2_0_6')}
2024-04-19 16:06:35,927 [json_parser.py:1105] INFO: Print parent_merlin_memcpy...
2024-04-19 16:06:35,927 [json_parser.py:1106] INFO: {}
2024-04-19 16:06:35,927 [json_parser.py:1138] INFO: Print location_merlin_memcpy_src...
2024-04-19 16:06:35,927 [json_parser.py:1139] INFO: {u'L_0_1_0_1_2_0_6': {'after': [u'X_0_0_0_7_2_0_29_0'], 'before': [u'X_0_0_0_7_2_0_26_0_0', u'X_0_0_0_7_2_0_25_0', u'X_0_0_0_7_2_0_27_0_0']}}
2024-04-19 16:06:35,928 [json_parser.py:1140] INFO: Print parent_merlin_memcpy_src...
2024-04-19 16:06:35,928 [json_parser.py:1141] INFO: {}
2024-04-19 16:06:35,928 [json_parser.py:1149] INFO: get_childs_memory_burst with parent id:F_0_1_0_1
2024-04-19 16:06:35,928 [fill_source_data.py:1121] INFO: Compute child id = L_0_1_0_1_2_0_6
2024-04-19 16:06:35,929 [json_parser.py:1165] INFO: find insert positoin
2024-04-19 16:06:35,929 [json_parser.py:1175] INFO: find after node = X_0_0_0_7_2_0_29_0
2024-04-19 16:06:35,929 [json_parser.py:1182] INFO: find before node = X_0_0_0_7_2_0_26_0_0
2024-04-19 16:06:35,929 [json_parser.py:1182] INFO: find before node = X_0_0_0_7_2_0_25_0
2024-04-19 16:06:35,929 [json_parser.py:1182] INFO: find before node = X_0_0_0_7_2_0_27_0_0
2024-04-19 16:06:35,930 [json_parser.py:507] INFO: node = X_0_0_0_7_2_0_26_0_0
2024-04-19 16:06:35,930 [json_parser.py:508] INFO: cross list = {u'X_0_0_0_7_2_0_29_0': [], u'X_0_0_0_7_2_0_26_0_0': [], u'X_0_0_0_7_2_0_25_0': [], u'X_0_0_0_7_2_0_27_0_0': []}
2024-04-19 16:06:35,930 [json_parser.py:518] INFO: cross list = {u'X_0_0_0_7_2_0_29_0': [], u'X_0_0_0_7_2_0_26_0_0': [], u'X_0_0_0_7_2_0_25_0': [], u'X_0_0_0_7_2_0_27_0_0': []}
2024-04-19 16:06:35,930 [json_parser.py:519] INFO: node = X_0_0_0_7_2_0_26_0_0
2024-04-19 16:06:35,931 [json_parser.py:531] INFO: cycles factor = 1
2024-04-19 16:06:35,931 [json_parser.py:537] INFO: cycles = 2500
2024-04-19 16:06:35,931 [json_parser.py:551] INFO: topo_id_map = 
2024-04-19 16:06:35,931 [json_parser.py:552] INFO: {u'X_0_1_0_1_0_1': u'A', u'X_0_1_0_1_0_0': u'C', u'X_0_1_0_1_0_2': u'B'}
2024-04-19 16:06:35,932 [json_parser.py:566] INFO: display_name = auto memory burst for 'A'
2024-04-19 16:06:35,932 [fill_source_data.py:1136] INFO: insert info before node = {'comment': 'cache size=40000B', 'comment_resource': '', 'name': u"auto memory burst for 'A'(read)", 'total-DSP': '-', 'total-FF': '-', 'CYCLE_UNIT': 2500, 'total-URAM': '-', 'total-LUT': '-', 'total-BRAM': '-', 'type': 'burst'}
2024-04-19 16:06:35,932 [json_parser.py:507] INFO: node = X_0_0_0_7_2_0_25_0
2024-04-19 16:06:35,932 [json_parser.py:508] INFO: cross list = {u'X_0_0_0_7_2_0_29_0': [], u'X_0_0_0_7_2_0_26_0_0': [], u'X_0_0_0_7_2_0_25_0': [], u'X_0_0_0_7_2_0_27_0_0': []}
2024-04-19 16:06:35,933 [json_parser.py:518] INFO: cross list = {u'X_0_0_0_7_2_0_29_0': [], u'X_0_0_0_7_2_0_26_0_0': [], u'X_0_0_0_7_2_0_25_0': [], u'X_0_0_0_7_2_0_27_0_0': []}
2024-04-19 16:06:35,933 [json_parser.py:519] INFO: node = X_0_0_0_7_2_0_25_0
2024-04-19 16:06:35,933 [json_parser.py:531] INFO: cycles factor = 1
2024-04-19 16:06:35,933 [json_parser.py:537] INFO: cycles = 4800
2024-04-19 16:06:35,933 [json_parser.py:551] INFO: topo_id_map = 
2024-04-19 16:06:35,934 [json_parser.py:552] INFO: {u'X_0_1_0_1_0_1': u'A', u'X_0_1_0_1_0_0': u'C', u'X_0_1_0_1_0_2': u'B'}
2024-04-19 16:06:35,934 [json_parser.py:566] INFO: display_name = auto memory burst for 'C'
2024-04-19 16:06:35,934 [fill_source_data.py:1136] INFO: insert info before node = {'comment': 'cache size=307200B', 'comment_resource': '', 'name': u"auto memory burst for 'C'(read)", 'total-DSP': '-', 'total-FF': '-', 'CYCLE_UNIT': 4800, 'total-URAM': '-', 'total-LUT': '-', 'total-BRAM': '-', 'type': 'burst'}
2024-04-19 16:06:35,934 [json_parser.py:507] INFO: node = X_0_0_0_7_2_0_27_0_0
2024-04-19 16:06:35,935 [json_parser.py:508] INFO: cross list = {u'X_0_0_0_7_2_0_29_0': [], u'X_0_0_0_7_2_0_26_0_0': [], u'X_0_0_0_7_2_0_25_0': [], u'X_0_0_0_7_2_0_27_0_0': []}
2024-04-19 16:06:35,935 [json_parser.py:518] INFO: cross list = {u'X_0_0_0_7_2_0_29_0': [], u'X_0_0_0_7_2_0_26_0_0': [], u'X_0_0_0_7_2_0_25_0': [], u'X_0_0_0_7_2_0_27_0_0': []}
2024-04-19 16:06:35,935 [json_parser.py:519] INFO: node = X_0_0_0_7_2_0_27_0_0
2024-04-19 16:06:35,935 [json_parser.py:531] INFO: cycles factor = 1
2024-04-19 16:06:35,936 [json_parser.py:537] INFO: cycles = 4800
2024-04-19 16:06:35,936 [json_parser.py:551] INFO: topo_id_map = 
2024-04-19 16:06:35,936 [json_parser.py:552] INFO: {u'X_0_1_0_1_0_1': u'A', u'X_0_1_0_1_0_0': u'C', u'X_0_1_0_1_0_2': u'B'}
2024-04-19 16:06:35,936 [json_parser.py:566] INFO: display_name = auto memory burst for 'B'
2024-04-19 16:06:35,936 [fill_source_data.py:1136] INFO: insert info before node = {'comment': 'cache size=307200B', 'comment_resource': '', 'name': u"auto memory burst for 'B'(read)", 'total-DSP': '-', 'total-FF': '-', 'CYCLE_UNIT': 4800, 'total-URAM': '-', 'total-LUT': '-', 'total-BRAM': '-', 'type': 'burst'}
2024-04-19 16:06:35,937 [fill_source_data.py:604] INFO: Start to compute for loop L_0_1_0_1_2_0_6
2024-04-19 16:06:35,937 [fill_source_data.py:612] INFO: Get dst nodes: 
2024-04-19 16:06:35,937 [fill_source_data.py:613] INFO: [u'L_0_0_0_7_2_0_28_0', u'X_0_0_0_7_2_0_28_0_3']
2024-04-19 16:06:35,937 [fill_source_data.py:243] INFO: decl child list = 
2024-04-19 16:06:35,938 [fill_source_data.py:244] INFO: []
2024-04-19 16:06:35,938 [fill_source_data.py:636] INFO: Get filtered nodes: 
2024-04-19 16:06:35,938 [fill_source_data.py:637] INFO: [u'L_0_0_0_7_2_0_28_0']
2024-04-19 16:06:35,938 [fill_source_data.py:638] INFO: Get outermost nested nodes: 
2024-04-19 16:06:35,939 [fill_source_data.py:639] INFO: [u'L_0_0_0_7_2_0_28_0']
2024-04-19 16:06:35,939 [fill_source_data.py:641] INFO: Get schedule nodes: 
2024-04-19 16:06:35,939 [fill_source_data.py:642] INFO: [[u'L_0_0_0_7_2_0_28_0']]
2024-04-19 16:06:35,939 [fill_source_data.py:673] INFO: prepare to collect data
2024-04-19 16:06:35,940 [fill_source_data.py:687] INFO: Compute dst node L_0_0_0_7_2_0_28_0
2024-04-19 16:06:35,940 [json_parser.py:441] CRITICAL WARNING: 'node_priority'
2024-04-19 16:06:35,940 [json_parser.py:441] CRITICAL WARNING: 'flatten-id'
2024-04-19 16:06:35,940 [fill_source_data.py:786] INFO: flatten_info = 
2024-04-19 16:06:35,941 [fill_source_data.py:787] INFO: 
2024-04-19 16:06:35,941 [json_parser.py:441] CRITICAL WARNING: 'unrolled'
2024-04-19 16:06:35,941 [fill_source_data.py:804] INFO: is pipeline = yes
2024-04-19 16:06:35,941 [fill_source_data.py:806] INFO: iteration_interval = 1
2024-04-19 16:06:35,942 [fill_source_data.py:808] INFO: dep_var_list =  i j j_sub C_buf k A_5_0_buf B_5_0_buf
2024-04-19 16:06:35,942 [json_parser.py:441] CRITICAL WARNING: 'II_violation'
2024-04-19 16:06:35,942 [fill_source_data.py:525] INFO: Finding the reason for II != 1
2024-04-19 16:06:35,943 [fill_source_data.py:526] INFO: is pipeline = yes, dep_var_list =  i j j_sub C_buf k A_5_0_buf B_5_0_buf, violaiton = 
2024-04-19 16:06:35,943 [fill_source_data.py:527] INFO: 
2024-04-19 16:06:35,943 [fill_source_data.py:829] INFO: pipeline II = 1
2024-04-19 16:06:35,943 [fill_source_data.py:837] INFO: Neste cycles = 10305
2024-04-19 16:06:35,944 [fill_source_data.py:852] INFO: pipeline II = 1
2024-04-19 16:06:35,944 [fill_source_data.py:860] INFO: parallel cycles = 10305
2024-04-19 16:06:35,944 [fill_source_data.py:863] INFO: Parallel cycles = 10305
2024-04-19 16:06:35,944 [fill_source_data.py:875] INFO: total cycles = 10305
2024-04-19 16:06:35,945 [fill_source_data.py:902] INFO: performance comment = pipeline II=1
2024-04-19 16:06:35,945 [fill_source_data.py:903] INFO: resource comment = pipeline II=1
2024-04-19 16:06:35,945 [fill_source_data.py:904] INFO: output for loop {'comment': 'pipeline II=1', 'comment_resource': '', 'comment_interface': '-', 'flatten-id': '', 'total-FF': '-', 'total-DSP': '-', 'total-URAM': '-', 'flatten': u'yes', 'total-LUT': '-', 'trip-count': u'100', 'CYCLE_UNIT': 10305, 'total-BRAM': '-'}
2024-04-19 16:06:35,945 [json_parser.py:1149] INFO: get_childs_memory_burst with parent id:L_0_1_0_1_2_0_6
2024-04-19 16:06:35,945 [fill_source_data.py:1121] INFO: Compute child id = L_0_1_0_1_2_0_6_3_3
2024-04-19 16:06:35,946 [fill_source_data.py:604] INFO: Start to compute for loop L_0_1_0_1_2_0_6_3_3
2024-04-19 16:06:35,946 [fill_source_data.py:612] INFO: Get dst nodes: 
2024-04-19 16:06:35,946 [fill_source_data.py:613] INFO: [u'X_0_0_0_7_2_0_28_0_3_0_0_3', u'L_0_0_0_7_2_0_28_0_3_0_0', u'X_0_0_0_7_2_0_28_0_3_0_0_3_2_0_0', u'X_0_0_0_7_2_0_28_0_3_0_0_3_2_0_3', u'L_0_0_0_7_2_0_28_0_3_0_0_3_2_0']
2024-04-19 16:06:35,947 [fill_source_data.py:243] INFO: decl child list = 
2024-04-19 16:06:35,947 [fill_source_data.py:244] INFO: []
2024-04-19 16:06:35,947 [fill_source_data.py:636] INFO: Get filtered nodes: 
2024-04-19 16:06:35,947 [fill_source_data.py:637] INFO: [u'L_0_0_0_7_2_0_28_0_3_0_0', u'L_0_0_0_7_2_0_28_0_3_0_0_3_2_0']
2024-04-19 16:06:35,948 [fill_source_data.py:638] INFO: Get outermost nested nodes: 
2024-04-19 16:06:35,948 [fill_source_data.py:639] INFO: [u'L_0_0_0_7_2_0_28_0_3_0_0']
2024-04-19 16:06:35,948 [fill_source_data.py:641] INFO: Get schedule nodes: 
2024-04-19 16:06:35,948 [fill_source_data.py:642] INFO: [[u'L_0_0_0_7_2_0_28_0_3_0_0']]
2024-04-19 16:06:35,949 [fill_source_data.py:673] INFO: prepare to collect data
2024-04-19 16:06:35,949 [fill_source_data.py:687] INFO: Compute dst node L_0_0_0_7_2_0_28_0_3_0_0
2024-04-19 16:06:35,949 [json_parser.py:441] CRITICAL WARNING: 'node_priority'
2024-04-19 16:06:35,950 [fill_source_data.py:786] INFO: flatten_info = 
2024-04-19 16:06:35,950 [fill_source_data.py:787] INFO: flattened
2024-04-19 16:06:35,950 [json_parser.py:441] CRITICAL WARNING: 'unrolled'
2024-04-19 16:06:35,950 [json_parser.py:441] CRITICAL WARNING: 'pipelined'
2024-04-19 16:06:35,951 [fill_source_data.py:804] INFO: is pipeline = 
2024-04-19 16:06:35,951 [json_parser.py:441] CRITICAL WARNING: 'II'
2024-04-19 16:06:35,951 [fill_source_data.py:806] INFO: iteration_interval = 
2024-04-19 16:06:35,951 [json_parser.py:441] CRITICAL WARNING: 'possible_dep_var'
2024-04-19 16:06:35,952 [fill_source_data.py:808] INFO: dep_var_list = 
2024-04-19 16:06:35,952 [json_parser.py:441] CRITICAL WARNING: 'II_violation'
2024-04-19 16:06:35,952 [fill_source_data.py:687] INFO: Compute dst node L_0_0_0_7_2_0_28_0_3_0_0_3_2_0
2024-04-19 16:06:35,953 [json_parser.py:441] CRITICAL WARNING: 'flatten'
2024-04-19 16:06:35,953 [json_parser.py:441] CRITICAL WARNING: 'flatten-id'
2024-04-19 16:06:35,953 [fill_source_data.py:797] INFO: unroll_factor = 8
2024-04-19 16:06:35,953 [json_parser.py:441] CRITICAL WARNING: 'pipelined'
2024-04-19 16:06:35,954 [fill_source_data.py:804] INFO: is pipeline = 
2024-04-19 16:06:35,954 [json_parser.py:441] CRITICAL WARNING: 'II'
2024-04-19 16:06:35,954 [fill_source_data.py:806] INFO: iteration_interval = 
2024-04-19 16:06:35,954 [json_parser.py:441] CRITICAL WARNING: 'possible_dep_var'
2024-04-19 16:06:35,955 [fill_source_data.py:808] INFO: dep_var_list = 
2024-04-19 16:06:35,955 [json_parser.py:441] CRITICAL WARNING: 'II_violation'
2024-04-19 16:06:35,955 [fill_source_data.py:837] INFO: Neste cycles = 0
2024-04-19 16:06:35,955 [fill_source_data.py:842] INFO: parallel unroll_factor = 8
2024-04-19 16:06:35,956 [fill_source_data.py:860] INFO: parallel cycles = 0
2024-04-19 16:06:35,956 [fill_source_data.py:863] INFO: Parallel cycles = 0
2024-04-19 16:06:35,956 [fill_source_data.py:875] INFO: total cycles = -
2024-04-19 16:06:35,957 [fill_source_data.py:902] INFO: performance comment = flattened, parallel factor=8x
2024-04-19 16:06:35,957 [fill_source_data.py:903] INFO: resource comment = flattened, parallel factor=8x
2024-04-19 16:06:35,957 [fill_source_data.py:904] INFO: output for loop {'comment': 'flattened, parallel factor=8x', 'comment_resource': '', 'comment_interface': '-', 'flatten-id': u'L_0_0_0_7_2_0_28_0', 'total-FF': '-', 'total-DSP': '-', 'total-URAM': '-', 'flatten': u'yes', 'unroll-factor': 8, 'total-LUT': '-', 'trip-count': u'768', 'CYCLE_UNIT': '-', 'total-BRAM': '-'}
2024-04-19 16:06:35,957 [json_parser.py:1149] INFO: get_childs_memory_burst with parent id:L_0_1_0_1_2_0_6_3_3
2024-04-19 16:06:35,958 [fill_source_data.py:1121] INFO: Compute child id = L_0_1_0_1_2_0_6_3_3_3_2
2024-04-19 16:06:35,958 [fill_source_data.py:604] INFO: Start to compute for loop L_0_1_0_1_2_0_6_3_3_3_2
2024-04-19 16:06:35,958 [fill_source_data.py:612] INFO: Get dst nodes: 
2024-04-19 16:06:35,958 [fill_source_data.py:613] INFO: [u'X_0_0_0_7_2_0_28_0_3_0_0_3_2_0_3_2_0_3', u'L_0_0_0_7_2_0_28_0_3_0_0_3_2_0_3_2_0']
2024-04-19 16:06:35,959 [fill_source_data.py:243] INFO: decl child list = 
2024-04-19 16:06:35,959 [fill_source_data.py:244] INFO: []
2024-04-19 16:06:35,959 [fill_source_data.py:636] INFO: Get filtered nodes: 
2024-04-19 16:06:35,960 [fill_source_data.py:637] INFO: [u'L_0_0_0_7_2_0_28_0_3_0_0_3_2_0_3_2_0']
2024-04-19 16:06:35,960 [fill_source_data.py:638] INFO: Get outermost nested nodes: 
2024-04-19 16:06:35,960 [fill_source_data.py:639] INFO: [u'L_0_0_0_7_2_0_28_0_3_0_0_3_2_0_3_2_0']
2024-04-19 16:06:35,960 [fill_source_data.py:641] INFO: Get schedule nodes: 
2024-04-19 16:06:35,961 [fill_source_data.py:642] INFO: [[u'L_0_0_0_7_2_0_28_0_3_0_0_3_2_0_3_2_0']]
2024-04-19 16:06:35,961 [fill_source_data.py:673] INFO: prepare to collect data
2024-04-19 16:06:35,961 [fill_source_data.py:687] INFO: Compute dst node L_0_0_0_7_2_0_28_0_3_0_0_3_2_0_3_2_0
2024-04-19 16:06:35,962 [json_parser.py:441] CRITICAL WARNING: 'node_priority'
2024-04-19 16:06:35,962 [json_parser.py:441] CRITICAL WARNING: 'flatten'
2024-04-19 16:06:35,962 [json_parser.py:441] CRITICAL WARNING: 'flatten-id'
2024-04-19 16:06:35,962 [fill_source_data.py:797] INFO: unroll_factor = 100
2024-04-19 16:06:35,963 [json_parser.py:441] CRITICAL WARNING: 'pipelined'
2024-04-19 16:06:35,963 [fill_source_data.py:804] INFO: is pipeline = 
2024-04-19 16:06:35,963 [json_parser.py:441] CRITICAL WARNING: 'II'
2024-04-19 16:06:35,964 [fill_source_data.py:806] INFO: iteration_interval = 
2024-04-19 16:06:35,964 [json_parser.py:441] CRITICAL WARNING: 'possible_dep_var'
2024-04-19 16:06:35,964 [fill_source_data.py:808] INFO: dep_var_list = 
2024-04-19 16:06:35,964 [json_parser.py:441] CRITICAL WARNING: 'II_violation'
2024-04-19 16:06:35,965 [fill_source_data.py:837] INFO: Neste cycles = 0
2024-04-19 16:06:35,965 [fill_source_data.py:842] INFO: parallel unroll_factor = 100
2024-04-19 16:06:35,965 [fill_source_data.py:860] INFO: parallel cycles = 0
2024-04-19 16:06:35,966 [fill_source_data.py:863] INFO: Parallel cycles = 0
2024-04-19 16:06:35,966 [fill_source_data.py:875] INFO: total cycles = -
2024-04-19 16:06:35,966 [fill_source_data.py:902] INFO: performance comment = parallel factor=100x
2024-04-19 16:06:35,966 [fill_source_data.py:903] INFO: resource comment = parallel factor=100x
2024-04-19 16:06:35,967 [fill_source_data.py:904] INFO: output for loop {'comment': 'parallel factor=100x', 'comment_resource': '', 'comment_interface': '-', 'total-FF': '-', 'total-DSP': '-', 'total-URAM': '-', 'unroll-factor': 100, 'total-LUT': '-', 'trip-count': u'100', 'CYCLE_UNIT': '-', 'total-BRAM': '-'}
2024-04-19 16:06:35,967 [json_parser.py:1149] INFO: get_childs_memory_burst with parent id:L_0_1_0_1_2_0_6_3_3_3_2
2024-04-19 16:06:35,967 [json_parser.py:1149] INFO: get_childs_memory_burst with parent id:L_0_1_0_1_2_0_6_3_3_3_2
2024-04-19 16:06:35,968 [json_parser.py:1149] INFO: get_childs_memory_burst with parent id:L_0_1_0_1_2_0_6_3_3
2024-04-19 16:06:35,968 [json_parser.py:1149] INFO: get_childs_memory_burst with parent id:L_0_1_0_1_2_0_6
2024-04-19 16:06:35,968 [json_parser.py:507] INFO: node = X_0_0_0_7_2_0_29_0
2024-04-19 16:06:35,968 [json_parser.py:508] INFO: cross list = {u'X_0_0_0_7_2_0_29_0': [], u'X_0_0_0_7_2_0_26_0_0': [], u'X_0_0_0_7_2_0_25_0': [], u'X_0_0_0_7_2_0_27_0_0': []}
2024-04-19 16:06:35,968 [json_parser.py:518] INFO: cross list = {u'X_0_0_0_7_2_0_29_0': [], u'X_0_0_0_7_2_0_26_0_0': [], u'X_0_0_0_7_2_0_25_0': [], u'X_0_0_0_7_2_0_27_0_0': []}
2024-04-19 16:06:35,969 [json_parser.py:519] INFO: node = X_0_0_0_7_2_0_29_0
2024-04-19 16:06:35,969 [json_parser.py:531] INFO: cycles factor = 1
2024-04-19 16:06:35,969 [json_parser.py:537] INFO: cycles = 4800
2024-04-19 16:06:35,969 [json_parser.py:551] INFO: topo_id_map = 
2024-04-19 16:06:35,970 [json_parser.py:552] INFO: {u'X_0_1_0_1_0_1': u'A', u'X_0_1_0_1_0_0': u'C', u'X_0_1_0_1_0_2': u'B'}
2024-04-19 16:06:35,970 [json_parser.py:566] INFO: display_name = auto memory burst for 'C'
2024-04-19 16:06:35,970 [fill_source_data.py:1144] INFO: insert info after node = {'comment': 'cache size=307200B', 'comment_resource': '', 'name': u"auto memory burst for 'C'(write)", 'total-DSP': '-', 'total-FF': '-', 'CYCLE_UNIT': 4800, 'total-URAM': '-', 'total-LUT': '-', 'total-BRAM': '-', 'type': 'burst'}
2024-04-19 16:06:35,970 [json_parser.py:1149] INFO: get_childs_memory_burst with parent id:F_0_1_0_1
2024-04-19 16:06:35,971 [fill_source_data.py:1229] INFO: Do post process for filled data
2024-04-19 16:06:35,974 [hotspot_gen.py:158] INFO: start to handle node [kernel_gemm] 's hotspot
2024-04-19 16:06:35,974 [hotspot_gen.py:220] INFO: node [kernel_gemm] 's AC is: 20058 (100.0%)
2024-04-19 16:06:35,975 [hotspot_gen.py:222] INFO: node [kernel_gemm] 's trip-count after update is: 1
2024-04-19 16:06:35,975 [hotspot_gen.py:158] INFO: start to handle node [auto memory burst for 'A'(read)] 's hotspot
2024-04-19 16:06:35,975 [hotspot_gen.py:220] INFO: node [auto memory burst for 'A'(read)] 's AC is: 2500 ( 12.5%)
2024-04-19 16:06:35,975 [hotspot_gen.py:222] INFO: node [auto memory burst for 'A'(read)] 's trip-count after update is: 1
2024-04-19 16:06:35,976 [hotspot_gen.py:158] INFO: start to handle node [auto memory burst for 'C'(read)] 's hotspot
2024-04-19 16:06:35,976 [hotspot_gen.py:220] INFO: node [auto memory burst for 'C'(read)] 's AC is: 4800 ( 23.9%)
2024-04-19 16:06:35,976 [hotspot_gen.py:222] INFO: node [auto memory burst for 'C'(read)] 's trip-count after update is: 1
2024-04-19 16:06:35,976 [hotspot_gen.py:158] INFO: start to handle node [auto memory burst for 'B'(read)] 's hotspot
2024-04-19 16:06:35,977 [hotspot_gen.py:220] INFO: node [auto memory burst for 'B'(read)] 's AC is: 4800 ( 23.9%)
2024-04-19 16:06:35,977 [hotspot_gen.py:222] INFO: node [auto memory burst for 'B'(read)] 's trip-count after update is: 1
2024-04-19 16:06:35,977 [hotspot_gen.py:158] INFO: start to handle node [i] 's hotspot
2024-04-19 16:06:35,977 [hotspot_gen.py:220] INFO: node [i] 's AC is: 10305 ( 51.4%)
2024-04-19 16:06:35,978 [hotspot_gen.py:222] INFO: node [i] 's trip-count after update is: 100
2024-04-19 16:06:35,978 [hotspot_gen.py:158] INFO: start to handle node [j] 's hotspot
2024-04-19 16:06:35,978 [hotspot_gen.py:220] INFO: node [j] 's AC is: -
2024-04-19 16:06:35,979 [hotspot_gen.py:222] INFO: node [j] 's trip-count after update is: 12
2024-04-19 16:06:35,979 [hotspot_gen.py:158] INFO: start to handle node [k] 's hotspot
2024-04-19 16:06:35,979 [hotspot_gen.py:220] INFO: node [k] 's AC is: -
2024-04-19 16:06:35,979 [hotspot_gen.py:222] INFO: node [k] 's trip-count after update is: 12
2024-04-19 16:06:35,980 [hotspot_gen.py:158] INFO: start to handle node [auto memory burst for 'C'(write)] 's hotspot
2024-04-19 16:06:35,980 [hotspot_gen.py:220] INFO: node [auto memory burst for 'C'(write)] 's AC is: 4800 ( 23.9%)
2024-04-19 16:06:35,980 [hotspot_gen.py:222] INFO: node [auto memory burst for 'C'(write)] 's trip-count after update is: 1
2024-04-19 16:06:35,989 [separate_json_gen_top.py:404] INFO: ------------------------------
2024-04-19 16:06:35,990 [separate_json_gen_top.py:405] INFO: Start generating summary.json
2024-04-19 16:06:35,990 [separate_json_gen_top.py:406] INFO: ------------------------------
2024-04-19 16:06:35,991 [separate_json_gen_top.py:409] INFO: ------------------------------
2024-04-19 16:06:35,992 [separate_json_gen_top.py:410] INFO: Start generating interface.json
2024-04-19 16:06:35,992 [separate_json_gen_top.py:411] INFO: ------------------------------
2024-04-19 16:06:35,993 [separate_json_gen_top.py:414] INFO: ------------------------------
2024-04-19 16:06:35,993 [separate_json_gen_top.py:415] INFO: Start generating performance.json
2024-04-19 16:06:35,994 [separate_json_gen_top.py:416] INFO: ------------------------------
2024-04-19 16:06:35,995 [separate_json_gen_top.py:419] INFO: ------------------------------
2024-04-19 16:06:35,995 [separate_json_gen_top.py:420] INFO: Start generating resource.json
2024-04-19 16:06:35,995 [separate_json_gen_top.py:421] INFO: ------------------------------
2024-04-19 16:06:35,997 [report_translate.py:258] INFO: Start report translate top
2024-04-19 16:06:35,997 [report_translate.py:260] INFO: ------------------------------
2024-04-19 16:06:35,997 [report_translate.py:261] INFO: Start generating summary
2024-04-19 16:06:35,998 [report_translate.py:262] INFO: ------------------------------
2024-04-19 16:06:35,998 [report_translate.py:219] INFO: Start report translate for summary.json
2024-04-19 16:06:35,999 [report_translate.py:101] INFO: Start to translate head report:
2024-04-19 16:06:35,999 [report_translate.py:116] INFO: Start to translate pre info report:
2024-04-19 16:06:35,999 [report_translate.py:130] INFO: Start to translate table report:
2024-04-19 16:06:36,000 [report_translate.py:209] INFO: Start to translate note report:
2024-04-19 16:06:36,000 [report_translate.py:265] INFO: ------------------------------
2024-04-19 16:06:36,000 [report_translate.py:266] INFO: Start generating interface
2024-04-19 16:06:36,000 [report_translate.py:267] INFO: ------------------------------
2024-04-19 16:06:36,001 [report_translate.py:219] INFO: Start report translate for interface.json
2024-04-19 16:06:36,002 [report_translate.py:101] INFO: Start to translate head report:
2024-04-19 16:06:36,002 [report_translate.py:116] INFO: Start to translate pre info report:
2024-04-19 16:06:36,002 [report_translate.py:130] INFO: Start to translate table report:
2024-04-19 16:06:36,002 [report_translate.py:209] INFO: Start to translate note report:
2024-04-19 16:06:36,003 [report_translate.py:270] INFO: ------------------------------
2024-04-19 16:06:36,003 [report_translate.py:271] INFO: Start generating performance
2024-04-19 16:06:36,003 [report_translate.py:272] INFO: ------------------------------
2024-04-19 16:06:36,003 [report_translate.py:219] INFO: Start report translate for performance.json
2024-04-19 16:06:36,004 [report_translate.py:101] INFO: Start to translate head report:
2024-04-19 16:06:36,005 [report_translate.py:116] INFO: Start to translate pre info report:
2024-04-19 16:06:36,005 [report_translate.py:130] INFO: Start to translate table report:
2024-04-19 16:06:36,005 [report_translate.py:209] INFO: Start to translate note report:
2024-04-19 16:06:36,006 [report_translate.py:275] INFO: ------------------------------
2024-04-19 16:06:36,006 [report_translate.py:276] INFO: Start generating resource
2024-04-19 16:06:36,006 [report_translate.py:277] INFO: ------------------------------
2024-04-19 16:06:36,006 [report_translate.py:219] INFO: Start report translate for resource.json
2024-04-19 16:06:36,007 [report_translate.py:101] INFO: Start to translate head report:
2024-04-19 16:06:36,008 [report_translate.py:116] INFO: Start to translate pre info report:
2024-04-19 16:06:36,008 [report_translate.py:130] INFO: Start to translate table report:
2024-04-19 16:06:36,008 [report_translate.py:209] INFO: Start to translate note report:
sdaccel
cmd = mars_opt -e -c -p gen_token_id __merlinkernel_kernel_gemm.c -a impl_tool=sdaccel -a cflags="-D XILINX" -I. -I/home/spouget/iccad_24/autodse_without_tree_reduction/bert_100_768/_done/work_dir/output/fast/0 -I/home/spouget/iccad_24/autodse_without_tree_reduction/bert_100_768/_done/work_dir/output/fast/0/bert_100_768/ -I/home/spouget/iccad_24/autodse_without_tree_reduction/bert_100_768/_done/work_dir/output/fast/0/./ -I/mnt/software/xilinx/Vitis_HLS/2023.2/lnx64/tools/gcc/lib/gcc/x86_64-unknown-linux-gnu/4.6.3/include/ -I/mnt/software/xilinx/Vitis_HLS/2023.2/include/ -I/opt/merlin/sources/merlin-compiler/trunk/source-opt/include/apint_include/ -I/opt/merlin/sources/merlin-compiler/trunk//mars-gen/lib/merlin -a kernel_list=kernel_list.json -a output=topo_info.json
cmd = mars_opt -e -c -p id_update __merlin.cpp -a impl_tool=sdaccel -a cflags="-D XILINX" -I. -I/home/spouget/iccad_24/autodse_without_tree_reduction/bert_100_768/_done/work_dir/output/fast/0 -I/home/spouget/iccad_24/autodse_without_tree_reduction/bert_100_768/_done/work_dir/output/fast/0/bert_100_768/ -I/home/spouget/iccad_24/autodse_without_tree_reduction/bert_100_768/_done/work_dir/output/fast/0/./ -I/mnt/software/xilinx/Vitis_HLS/2023.2/lnx64/tools/gcc/lib/gcc/x86_64-unknown-linux-gnu/4.6.3/include/ -I/mnt/software/xilinx/Vitis_HLS/2023.2/include/ -I/opt/merlin/sources/merlin-compiler/trunk/source-opt/include/apint_include/ -I/opt/merlin/sources/merlin-compiler/trunk//mars-gen/lib/merlin -a history_list=history_passes.list -a inter_report=gen_token.json > refer_induct.log
cmd = mars_opt -e -c -p gen_hierarchy /home/spouget/iccad_24/autodse_without_tree_reduction/bert_100_768/_done/work_dir/output/fast/0/.merlin_prj/run/implement/exec/hls/report_merlin/final_report/src/__dummy__.c bert_100_768.c -a impl_tool=sdaccel -a cflags="-D XILINX" -I. -I/home/spouget/iccad_24/autodse_without_tree_reduction/bert_100_768/_done/work_dir/output/fast/0 -I/home/spouget/iccad_24/autodse_without_tree_reduction/bert_100_768/_done/work_dir/output/fast/0/bert_100_768/ -I/home/spouget/iccad_24/autodse_without_tree_reduction/bert_100_768/_done/work_dir/output/fast/0/./ -I/mnt/software/xilinx/Vitis_HLS/2023.2/lnx64/tools/gcc/lib/gcc/x86_64-unknown-linux-gnu/4.6.3/include/ -I/mnt/software/xilinx/Vitis_HLS/2023.2/include/ -I/opt/merlin/sources/merlin-compiler/trunk/source-opt/include/apint_include/ -I/opt/merlin/sources/merlin-compiler/trunk//mars-gen/lib/merlin -a input=perf_est.json -a output=final_info.json -a hierarchy=hierarchy.json -a switch=on
run :python -O $MERLIN_COMPILER_HOME/mars-gen/scripts/msg_report/msg_report.py --src src --dst lc --metadata metadata --xml directive.xml --report vendor_report 
