INFO: [v++ 60-1306] Additional information associated with this v++ link can be found at:
	Reports: /scratch/spouget/2mm_bit_gem/_x/reports/link
	Log files: /scratch/spouget/2mm_bit_gem/_x/logs/link
INFO: [v++ 60-1548] Creating build summary session with primary output /scratch/spouget/2mm_bit_gem/src/bin/workload-hw.xclbin.link_summary, at Wed Dec 11 02:30:51 2024
INFO: [v++ 60-1315] Creating rulecheck session with output '/scratch/spouget/2mm_bit_gem/_x/reports/link/v++_link_workload-hw_guidance.html', at Wed Dec 11 02:30:51 2024
INFO: [v++ 60-895]   Target platform: /opt/xilinx/platforms/xilinx_u55c_gen3x16_xdma_3_202210_1/xilinx_u55c_gen3x16_xdma_3_202210_1.xpfm
INFO: [v++ 60-1578]   This platform contains Xilinx Shell Archive '/opt/xilinx/platforms/xilinx_u55c_gen3x16_xdma_3_202210_1/hw/hw.xsa'
INFO: [v++ 74-78] Compiler Version string: 2023.2
INFO: [v++ 60-629] Linking for hardware target
INFO: [v++ 60-423]   Target device: xilinx_u55c_gen3x16_xdma_3_202210_1
INFO: [v++ 60-1332] Run 'run_link' status: Not started
INFO: [v++ 60-1443] [02:30:55] Run run_link: Step system_link: Started
INFO: [v++ 60-1453] Command Line: system_link --xo /scratch/spouget/2mm_bit_gem/src/bin/workload-kernel_nlp-hw.xo -keep --config /scratch/spouget/2mm_bit_gem/_x/link/int/syslinkConfig.ini --xpfm /opt/xilinx/platforms/xilinx_u55c_gen3x16_xdma_3_202210_1/xilinx_u55c_gen3x16_xdma_3_202210_1.xpfm --target hw --output_dir /scratch/spouget/2mm_bit_gem/_x/link/int --temp_dir /scratch/spouget/2mm_bit_gem/_x/link/sys_link
INFO: [v++ 60-1454] Run Directory: /scratch/spouget/2mm_bit_gem/_x/link/run_link
INFO: [SYSTEM_LINK 82-70] Extracting xo v3 file /scratch/spouget/2mm_bit_gem/src/bin/workload-kernel_nlp-hw.xo
INFO: [SYSTEM_LINK 82-53] Creating IP database /scratch/spouget/2mm_bit_gem/_x/link/sys_link/_sysl/.cdb/xd_ip_db.xml
INFO: [SYSTEM_LINK 82-38] [02:30:56] build_xd_ip_db started: /mnt/software/xilinx/Vitis/2023.2/bin/build_xd_ip_db -ip_search 0  -sds-pf /scratch/spouget/2mm_bit_gem/_x/link/sys_link/hw.hpfm -clkid 0 -ip /scratch/spouget/2mm_bit_gem/_x/link/sys_link/iprepo/xilinx_com_hls_kernel_nlp_1_0,kernel_nlp -o /scratch/spouget/2mm_bit_gem/_x/link/sys_link/_sysl/.cdb/xd_ip_db.xml
INFO: [SYSTEM_LINK 82-37] [02:31:00] build_xd_ip_db finished successfully
Time (s): cpu = 00:00:04 ; elapsed = 00:00:04 . Memory (MB): peak = 455.977 ; gain = 0.000 ; free physical = 764403 ; free virtual = 979913
INFO: [SYSTEM_LINK 82-51] Create system connectivity graph
INFO: [SYSTEM_LINK 82-102] Applying explicit connections to the system connectivity graph: /scratch/spouget/2mm_bit_gem/_x/link/sys_link/cfgraph/cfgen_cfgraph.xml
INFO: [SYSTEM_LINK 82-38] [02:31:00] cfgen started: /mnt/software/xilinx/Vitis/2023.2/bin/cfgen  -sp kernel_nlp_1.vtmp:HBM[0] -sp kernel_nlp_1.vA:HBM[3] -sp kernel_nlp_1.vB:HBM[7] -sp kernel_nlp_1.vC:HBM[11] -sp kernel_nlp_1.vD:HBM[15] -dpa_mem_offload false -dmclkid 0 -r /scratch/spouget/2mm_bit_gem/_x/link/sys_link/_sysl/.cdb/xd_ip_db.xml -o /scratch/spouget/2mm_bit_gem/_x/link/sys_link/cfgraph/cfgen_cfgraph.xml
INFO: [CFGEN 83-0] Kernel Specs: 
INFO: [CFGEN 83-0]   kernel: kernel_nlp, num: 1  {kernel_nlp_1}
INFO: [CFGEN 83-0] Port Specs: 
INFO: [CFGEN 83-0]   kernel: kernel_nlp_1, k_port: vtmp, sptag: HBM[0]
INFO: [CFGEN 83-0]   kernel: kernel_nlp_1, k_port: vA, sptag: HBM[3]
INFO: [CFGEN 83-0]   kernel: kernel_nlp_1, k_port: vB, sptag: HBM[7]
INFO: [CFGEN 83-0]   kernel: kernel_nlp_1, k_port: vC, sptag: HBM[11]
INFO: [CFGEN 83-0]   kernel: kernel_nlp_1, k_port: vD, sptag: HBM[15]
INFO: [SYSTEM_LINK 82-37] [02:31:07] cfgen finished successfully
Time (s): cpu = 00:00:06 ; elapsed = 00:00:06 . Memory (MB): peak = 455.977 ; gain = 0.000 ; free physical = 764384 ; free virtual = 979920
INFO: [SYSTEM_LINK 82-52] Create top-level block diagram
INFO: [SYSTEM_LINK 82-38] [02:31:07] cf2bd started: /mnt/software/xilinx/Vitis/2023.2/bin/cf2bd  --linux --trace_buffer 1024 --input_file /scratch/spouget/2mm_bit_gem/_x/link/sys_link/cfgraph/cfgen_cfgraph.xml --ip_db /scratch/spouget/2mm_bit_gem/_x/link/sys_link/_sysl/.cdb/xd_ip_db.xml --cf_name dr --working_dir /scratch/spouget/2mm_bit_gem/_x/link/sys_link/_sysl/.xsd --temp_dir /scratch/spouget/2mm_bit_gem/_x/link/sys_link --output_dir /scratch/spouget/2mm_bit_gem/_x/link/int --target_bd ulp.bd
INFO: [CF2BD 82-31] Launching cf2xd: cf2xd -linux -trace-buffer 1024 -i /scratch/spouget/2mm_bit_gem/_x/link/sys_link/cfgraph/cfgen_cfgraph.xml -r /scratch/spouget/2mm_bit_gem/_x/link/sys_link/_sysl/.cdb/xd_ip_db.xml -o dr.xml
INFO: [CF2BD 82-28] cf2xd finished successfully
INFO: [CF2BD 82-31] Launching cf_xsd: cf_xsd -disable-address-gen -bd ulp.bd -dn dr -dp /scratch/spouget/2mm_bit_gem/_x/link/sys_link/_sysl/.xsd
INFO: [CF2BD 82-28] cf_xsd finished successfully
INFO: [SYSTEM_LINK 82-37] [02:31:10] cf2bd finished successfully
Time (s): cpu = 00:00:03 ; elapsed = 00:00:03 . Memory (MB): peak = 455.977 ; gain = 0.000 ; free physical = 763129 ; free virtual = 978943
INFO: [v++ 60-1441] [02:31:10] Run run_link: Step system_link: Completed
Time (s): cpu = 00:00:14 ; elapsed = 00:00:15 . Memory (MB): peak = 479.973 ; gain = 0.000 ; free physical = 763266 ; free virtual = 979079
INFO: [v++ 60-1443] [02:31:10] Run run_link: Step cf2sw: Started
INFO: [v++ 60-1453] Command Line: cf2sw -sdsl /scratch/spouget/2mm_bit_gem/_x/link/int/sdsl.dat -rtd /scratch/spouget/2mm_bit_gem/_x/link/int/cf2sw.rtd -nofilter /scratch/spouget/2mm_bit_gem/_x/link/int/cf2sw_full.rtd -xclbin /scratch/spouget/2mm_bit_gem/_x/link/int/xclbin_orig.xml -o /scratch/spouget/2mm_bit_gem/_x/link/int/xclbin_orig.1.xml
INFO: [v++ 60-1454] Run Directory: /scratch/spouget/2mm_bit_gem/_x/link/run_link
INFO: [v++ 60-1441] [02:31:14] Run run_link: Step cf2sw: Completed
Time (s): cpu = 00:00:04 ; elapsed = 00:00:04 . Memory (MB): peak = 479.973 ; gain = 0.000 ; free physical = 763813 ; free virtual = 979634
INFO: [v++ 60-1443] [02:31:14] Run run_link: Step rtd2_system_diagram: Started
INFO: [v++ 60-1453] Command Line: rtd2SystemDiagram
INFO: [v++ 60-1454] Run Directory: /scratch/spouget/2mm_bit_gem/_x/link/run_link
INFO: [v++ 60-1441] [02:31:14] Run run_link: Step rtd2_system_diagram: Completed
Time (s): cpu = 00:00:00 ; elapsed = 00:00:00.28 . Memory (MB): peak = 479.973 ; gain = 0.000 ; free physical = 763841 ; free virtual = 979662
INFO: [v++ 60-1443] [02:31:14] Run run_link: Step vpl: Started
INFO: [v++ 60-1453] Command Line: vpl -t hw -f xilinx_u55c_gen3x16_xdma_3_202210_1 -s --kernel_frequency 220 --remote_ip_cache /scratch/spouget/2mm_bit_gem/.ipcache --output_dir /scratch/spouget/2mm_bit_gem/_x/link/int --log_dir /scratch/spouget/2mm_bit_gem/_x/logs/link --report_dir /scratch/spouget/2mm_bit_gem/_x/reports/link --config /scratch/spouget/2mm_bit_gem/_x/link/int/vplConfig.ini -k /scratch/spouget/2mm_bit_gem/_x/link/int/kernel_info.dat --webtalk_flag Vitis --temp_dir /scratch/spouget/2mm_bit_gem/_x/link --no-info --iprepo /scratch/spouget/2mm_bit_gem/_x/link/int/xo/ip_repo/xilinx_com_hls_kernel_nlp_1_0 --messageDb /scratch/spouget/2mm_bit_gem/_x/link/run_link/vpl.pb /scratch/spouget/2mm_bit_gem/_x/link/int/dr.bd.tcl
INFO: [v++ 60-1454] Run Directory: /scratch/spouget/2mm_bit_gem/_x/link/run_link

****** vpl v2023.2 (64-bit)
  **** SW Build 4026344 on 2023-10-11-15:42:10
    ** Copyright 1986-2022 Xilinx, Inc. All Rights Reserved.
    ** Copyright 2022-2023 Advanced Micro Devices, Inc. All Rights Reserved.

INFO: [VPL 60-839] Read in kernel information from file '/scratch/spouget/2mm_bit_gem/_x/link/int/kernel_info.dat'.
INFO: [VPL 74-78] Compiler Version string: 2023.2
INFO: [VPL 60-423]   Target device: xilinx_u55c_gen3x16_xdma_3_202210_1
INFO: [VPL 60-1032] Extracting hardware platform to /scratch/spouget/2mm_bit_gem/_x/link/vivado/vpl/.local/hw_platform
[02:31:28] Run vpl: Step create_project: Started
Creating Vivado project.
[02:31:33] Run vpl: Step create_project: Completed
[02:31:33] Run vpl: Step create_bd: Started
[02:31:56] Run vpl: Step create_bd: Completed
[02:31:56] Run vpl: Step update_bd: Started
[02:31:56] Run vpl: Step update_bd: Completed
[02:31:56] Run vpl: Step generate_target: Started
[02:32:58] Run vpl: Step generate_target: Completed
[02:32:58] Run vpl: Step config_hw_runs: Started
[02:33:40] Run vpl: Step config_hw_runs: Completed
[02:33:40] Run vpl: Step synth: Started
[02:34:11] Block-level synthesis in progress, 0 of 146 jobs complete, 8 jobs running.
[02:34:42] Block-level synthesis in progress, 4 of 146 jobs complete, 4 jobs running.
[02:35:12] Block-level synthesis in progress, 10 of 146 jobs complete, 6 jobs running.
[02:35:42] Block-level synthesis in progress, 15 of 146 jobs complete, 3 jobs running.
[02:36:12] Block-level synthesis in progress, 16 of 146 jobs complete, 8 jobs running.
[02:36:42] Block-level synthesis in progress, 22 of 146 jobs complete, 4 jobs running.
[02:37:12] Block-level synthesis in progress, 24 of 146 jobs complete, 7 jobs running.
[02:37:42] Block-level synthesis in progress, 29 of 146 jobs complete, 4 jobs running.
[02:38:12] Block-level synthesis in progress, 31 of 146 jobs complete, 7 jobs running.
[02:38:43] Block-level synthesis in progress, 37 of 146 jobs complete, 4 jobs running.
[02:39:13] Block-level synthesis in progress, 39 of 146 jobs complete, 6 jobs running.
[02:39:43] Block-level synthesis in progress, 43 of 146 jobs complete, 6 jobs running.
[02:40:13] Block-level synthesis in progress, 45 of 146 jobs complete, 7 jobs running.
[02:40:43] Block-level synthesis in progress, 52 of 146 jobs complete, 6 jobs running.
[02:41:13] Block-level synthesis in progress, 59 of 146 jobs complete, 4 jobs running.
[02:41:44] Block-level synthesis in progress, 67 of 146 jobs complete, 2 jobs running.
[02:42:14] Block-level synthesis in progress, 72 of 146 jobs complete, 7 jobs running.
[02:42:44] Block-level synthesis in progress, 75 of 146 jobs complete, 6 jobs running.
[02:43:14] Block-level synthesis in progress, 84 of 146 jobs complete, 3 jobs running.
[02:43:44] Block-level synthesis in progress, 93 of 146 jobs complete, 2 jobs running.
[02:44:15] Block-level synthesis in progress, 103 of 146 jobs complete, 4 jobs running.
[02:44:45] Block-level synthesis in progress, 108 of 146 jobs complete, 7 jobs running.
[02:45:15] Block-level synthesis in progress, 110 of 146 jobs complete, 6 jobs running.
[02:45:45] Block-level synthesis in progress, 117 of 146 jobs complete, 5 jobs running.
[02:46:16] Block-level synthesis in progress, 117 of 146 jobs complete, 8 jobs running.
[02:46:46] Block-level synthesis in progress, 120 of 146 jobs complete, 7 jobs running.
[02:47:16] Block-level synthesis in progress, 124 of 146 jobs complete, 8 jobs running.
[02:47:46] Block-level synthesis in progress, 127 of 146 jobs complete, 6 jobs running.
[02:48:17] Block-level synthesis in progress, 136 of 146 jobs complete, 4 jobs running.
[02:48:47] Block-level synthesis in progress, 142 of 146 jobs complete, 3 jobs running.
[02:49:17] Block-level synthesis in progress, 144 of 146 jobs complete, 2 jobs running.
[02:49:47] Block-level synthesis in progress, 145 of 146 jobs complete, 1 job running.
[02:50:18] Block-level synthesis in progress, 146 of 146 jobs complete, 0 jobs running.
[02:50:48] Top-level synthesis in progress.
[02:51:25] Run vpl: Step synth: Completed
[02:51:25] Run vpl: Step impl: Started
[03:05:04] Finished 2nd of 6 tasks (FPGA linking synthesized kernels to platform). Elapsed time: 00h 33m 49s 

[03:05:04] Starting logic optimization..
[03:05:04] Phase 1 Initialization
[03:05:04] Phase 1.1 Core Generation And Design Setup
[03:05:35] Phase 1.2 Setup Constraints And Sort Netlist
[03:05:35] Phase 2 Timer Update And Timing Data Collection
[03:05:35] Phase 2.1 Timer Update
[03:05:35] Phase 2.2 Timing Data Collection
[03:06:05] Phase 3 Retarget
[03:06:35] Phase 4 Constant propagation
[03:06:35] Phase 5 Sweep
[03:07:36] Phase 6 BUFG optimization
[03:07:36] Phase 7 Shift Register Optimization
[03:07:36] Phase 8 Post Processing Netlist
[03:08:06] Phase 9 Finalization
[03:08:06] Phase 9.1 Finalizing Design Cores and Updating Shapes
[03:08:06] Phase 9.2 Verifying Netlist Connectivity
[03:13:09] Finished 3rd of 6 tasks (FPGA logic optimization). Elapsed time: 00h 08m 04s 

[03:13:09] Starting logic placement..
[03:13:09] Phase 1 Placer Initialization
[03:13:09] Phase 1.1 Placer Initialization Netlist Sorting
[03:15:41] Phase 1.2 IO Placement/ Clock Placement/ Build Placer Device
[03:16:11] Phase 1.3 Build Placer Netlist Model
[03:18:12] Phase 1.4 Constrain Clocks/Macros
[03:18:12] Phase 2 Global Placement
[03:18:43] Phase 2.1 Floorplanning
[03:19:13] Phase 2.1.1 Partition Driven Placement
[03:19:13] Phase 2.1.1.1 PBP: Partition Driven Placement
[03:20:14] Phase 2.1.1.2 PBP: Clock Region Placement
[03:20:44] Phase 2.1.1.3 PBP: Compute Congestion
[03:21:14] Phase 2.1.1.4 PBP: UpdateTiming
[03:21:14] Phase 2.1.1.5 PBP: Add part constraints
[03:21:45] Phase 2.2 Physical Synthesis After Floorplan
[03:22:15] Phase 2.3 Update Timing before SLR Path Opt
[03:22:15] Phase 2.4 Post-Processing in Floorplanning
[03:22:15] Phase 2.5 Global Placement Core
[03:29:50] Phase 2.5.1 UpdateTiming Before Physical Synthesis
[03:30:21] Phase 2.5.2 Physical Synthesis In Placer
[03:32:52] Phase 3 Detail Placement
[03:33:23] Phase 3.1 Commit Multi Column Macros
[03:33:23] Phase 3.2 Commit Most Macros & LUTRAMs
[03:34:24] Phase 3.3 Small Shape DP
[03:34:24] Phase 3.3.1 Small Shape Clustering
[03:34:54] Phase 3.3.2 Slice Area Swap
[03:34:54] Phase 3.3.2.1 Slice Area Swap Initial
[03:36:25] Phase 3.4 Place Remaining
[03:36:25] Phase 3.5 Re-assign LUT pins
[03:36:55] Phase 3.6 Pipeline Register Optimization
[03:36:55] Phase 3.7 Fast Optimization
[03:37:56] Phase 4 Post Placement Optimization and Clean-Up
[03:37:56] Phase 4.1 Post Commit Optimization
[03:38:57] Phase 4.1.1 Post Placement Optimization
[03:39:27] Phase 4.1.1.1 BUFG Insertion
[03:39:27] Phase 1 Physical Synthesis Initialization
[03:39:57] Phase 4.1.1.2 BUFG Replication
[03:39:57] Phase 4.1.1.3 Post Placement Timing Optimization
[03:46:02] Phase 4.1.1.4 Replication
[03:47:33] Phase 4.2 Post Placement Cleanup
[03:47:33] Phase 4.3 Placer Reporting
[03:47:33] Phase 4.3.1 Print Estimated Congestion
[03:47:33] Phase 4.4 Final Placement Cleanup
[03:54:07] Finished 4th of 6 tasks (FPGA logic placement). Elapsed time: 00h 40m 58s 

[03:54:07] Starting logic routing..
[03:54:38] Phase 1 Build RT Design
[03:56:09] Phase 2 Router Initialization
[03:56:09] Phase 2.1 Fix Topology Constraints
[03:56:09] Phase 2.2 Pre Route Cleanup
[03:56:09] Phase 2.3 Global Clock Net Routing
[03:56:39] Phase 2.4 Update Timing
[03:58:41] Phase 2.5 Update Timing for Bus Skew
[03:58:41] Phase 2.5.1 Update Timing
[03:59:11] Phase 3 Initial Routing
[03:59:11] Phase 3.1 Global Routing
[03:59:11] Phase 3.2 Initial Net Routing
[04:00:42] Phase 4 Rip-up And Reroute
[04:00:42] Phase 4.1 Global Iteration 0
[04:08:49] Phase 4.2 Global Iteration 1
[04:10:20] Phase 4.3 Global Iteration 2
[04:11:51] Phase 4.4 Global Iteration 3
[04:12:51] Phase 5 Delay and Skew Optimization
[04:12:51] Phase 5.1 Delay CleanUp
[04:12:51] Phase 5.1.1 Update Timing
[04:13:22] Phase 5.1.2 Update Timing
[04:13:52] Phase 5.2 Clock Skew Optimization
[04:13:52] Phase 6 Post Hold Fix
[04:13:52] Phase 6.1 Hold Fix Iter
[04:13:52] Phase 6.1.1 Update Timing
[04:14:23] Phase 6.2 Additional Hold Fix
[04:14:53] Phase 6.3 Non Free Resource Hold Fix Iter
[04:14:53] Phase 7 Route finalize
[04:14:53] Phase 8 Verifying routed nets
[04:14:53] Phase 9 Depositing Routes
[04:15:23] Phase 10 Leaf Clock Prog Delay Opt
[04:15:54] Phase 10.1 Optimize Skews
[04:15:54] Phase 10.1.1 Leaf ClockOpt Init
[04:16:24] Phase 10.2 Post SkewOpt Delay Cleanup
[04:16:24] Phase 10.2.1 Delay CleanUp
[04:16:24] Phase 10.2.1.1 Update Timing
[04:16:54] Phase 10.2.1.2 Update Timing
[04:17:25] Phase 10.3 Post SkewOpt Hold Fix
[04:17:25] Phase 10.3.1 Hold Fix Iter
[04:17:25] Phase 10.3.1.1 Update Timing
[04:18:56] Phase 11 Depositing Routes
[04:19:26] Phase 12 Resolve XTalk
[04:19:26] Phase 13 Post Router Timing
[04:20:27] Phase 14 Route finalize
[04:20:27] Finished 5th of 6 tasks (FPGA routing). Elapsed time: 00h 26m 19s 

[04:20:27] Starting bitstream generation..
[04:20:27] Phase 15 Post-Route Event Processing
[04:29:03] Creating bitmap...
[04:33:06] Writing bitstream ./level0_i_ulp_my_rm_partial.bit...
[04:33:06] Finished 6th of 6 tasks (FPGA bitstream generation). Elapsed time: 00h 12m 39s 
Check VPL, containing 12 checks, has run: 0 errors, 2 advisory violations
ADVISORY: [AUTO-FREQ-SCALING-08] For clock clk_kernel_00_unbuffered_net, the auto scaled frequency 223.5 MHz exceeds the original specified frequency. The compiler will select the original specified frequency of 220.0 MHz.
ADVISORY: [AUTO-FREQ-SCALING-08] For clock hbm_aclk, the auto scaled frequency 462.7 MHz exceeds the original specified frequency. The compiler will select the original specified frequency of 450.0 MHz.
[04:33:48] Run vpl: Step impl: Completed
[04:33:48] Run vpl: FINISHED. Run Status: impl Complete!
INFO: [v++ 60-1441] [04:33:48] Run run_link: Step vpl: Completed
Time (s): cpu = 00:01:08 ; elapsed = 02:02:35 . Memory (MB): peak = 479.973 ; gain = 0.000 ; free physical = 752197 ; free virtual = 978963
INFO: [v++ 60-1443] [04:33:48] Run run_link: Step rtdgen: Started
INFO: [v++ 60-1453] Command Line: rtdgen
INFO: [v++ 60-1454] Run Directory: /scratch/spouget/2mm_bit_gem/_x/link/run_link
INFO: [v++ 60-991] clock name 'ulp_ucs/aclk_kernel_01' (clock ID '1') is being mapped to clock name 'KERNEL_CLK' in the xclbin
INFO: [v++ 60-991] clock name 'ulp_ucs/aclk_kernel_00' (clock ID '0') is being mapped to clock name 'DATA_CLK' in the xclbin
INFO: [v++ 60-991] clock name 'hbm_aclk' (clock ID '') is being mapped to clock name 'hbm_aclk' in the xclbin
INFO: [v++ 60-1230] The compiler selected the following frequencies for the runtime controllable kernel clock(s) and scalable system clock(s): System (SYSTEM) clock: hbm_aclk = 450, Kernel (KERNEL) clock: ulp_ucs/aclk_kernel_01 = 500, Kernel (DATA) clock: ulp_ucs/aclk_kernel_00 = 220
INFO: [v++ 60-1453] Command Line: cf2sw -a /scratch/spouget/2mm_bit_gem/_x/link/int/address_map.xml -sdsl /scratch/spouget/2mm_bit_gem/_x/link/int/sdsl.dat -xclbin /scratch/spouget/2mm_bit_gem/_x/link/int/xclbin_orig.xml -rtd /scratch/spouget/2mm_bit_gem/_x/link/int/workload-hw.rtd -o /scratch/spouget/2mm_bit_gem/_x/link/int/workload-hw.xml
INFO: [v++ 60-1652] Cf2sw returned exit code: 0
INFO: [v++ 60-1441] [04:33:52] Run run_link: Step rtdgen: Completed
Time (s): cpu = 00:00:04 ; elapsed = 00:00:04 . Memory (MB): peak = 479.973 ; gain = 0.000 ; free physical = 752141 ; free virtual = 978937
INFO: [v++ 60-1443] [04:33:52] Run run_link: Step xclbinutil: Started
INFO: [v++ 60-1453] Command Line: xclbinutil --add-section BITSTREAM:RAW:/scratch/spouget/2mm_bit_gem/_x/link/int/partial.bit --force --target hw --key-value SYS:dfx_enable:true --add-section :JSON:/scratch/spouget/2mm_bit_gem/_x/link/int/workload-hw.rtd --append-section :JSON:/scratch/spouget/2mm_bit_gem/_x/link/int/appendSection.rtd --add-section CLOCK_FREQ_TOPOLOGY:JSON:/scratch/spouget/2mm_bit_gem/_x/link/int/workload-hw_xml.rtd --add-section BUILD_METADATA:JSON:/scratch/spouget/2mm_bit_gem/_x/link/int/workload-hw_build.rtd --add-section EMBEDDED_METADATA:RAW:/scratch/spouget/2mm_bit_gem/_x/link/int/workload-hw.xml --add-section SYSTEM_METADATA:RAW:/scratch/spouget/2mm_bit_gem/_x/link/int/systemDiagramModelSlrBaseAddress.json --key-value SYS:PlatformVBNV:xilinx_u55c_gen3x16_xdma_3_202210_1 --output /scratch/spouget/2mm_bit_gem/src/bin/workload-hw.xclbin
INFO: [v++ 60-1454] Run Directory: /scratch/spouget/2mm_bit_gem/_x/link/run_link
XRT Build Version: 2.14.384 (2022.2)
       Build Date: 2022-12-09 00:55:08
          Hash ID: 090bb050d570d2b668477c3bd0f979dc3a34b9db
Creating a default 'in-memory' xclbin image.

Section: 'BITSTREAM'(0) was successfully added.
Size   : 52789166 bytes
Format : RAW
File   : '/scratch/spouget/2mm_bit_gem/_x/link/int/partial.bit'

Section: 'MEM_TOPOLOGY'(6) was successfully added.
Format : JSON
File   : 'mem_topology'

Section: 'IP_LAYOUT'(8) was successfully added.
Format : JSON
File   : 'ip_layout'

Section: 'CONNECTIVITY'(7) was successfully added.
Format : JSON
File   : 'connectivity'

Section: 'CLOCK_FREQ_TOPOLOGY'(11) was successfully added.
Size   : 410 bytes
Format : JSON
File   : '/scratch/spouget/2mm_bit_gem/_x/link/int/workload-hw_xml.rtd'

Section: 'BUILD_METADATA'(14) was successfully added.
Size   : 3855 bytes
Format : JSON
File   : '/scratch/spouget/2mm_bit_gem/_x/link/int/workload-hw_build.rtd'

Section: 'EMBEDDED_METADATA'(2) was successfully added.
Size   : 136794 bytes
Format : RAW
File   : '/scratch/spouget/2mm_bit_gem/_x/link/int/workload-hw.xml'

Section: 'SYSTEM_METADATA'(22) was successfully added.
Size   : 29974 bytes
Format : RAW
File   : '/scratch/spouget/2mm_bit_gem/_x/link/int/systemDiagramModelSlrBaseAddress.json'

Section: 'PARTITION_METADATA'(20) was successfully appended to.
Format : JSON
File   : 'partition_metadata'

Section: 'IP_LAYOUT'(8) was successfully appended to.
Format : JSON
File   : 'ip_layout'
Successfully wrote (52989241 bytes) to the output file: /scratch/spouget/2mm_bit_gem/src/bin/workload-hw.xclbin
Leaving xclbinutil.
INFO: [v++ 60-1441] [04:33:53] Run run_link: Step xclbinutil: Completed
Time (s): cpu = 00:00:00.1 ; elapsed = 00:00:00.21 . Memory (MB): peak = 479.973 ; gain = 0.000 ; free physical = 752068 ; free virtual = 978931
INFO: [v++ 60-1443] [04:33:53] Run run_link: Step xclbinutilinfo: Started
INFO: [v++ 60-1453] Command Line: xclbinutil --quiet --force --info /scratch/spouget/2mm_bit_gem/src/bin/workload-hw.xclbin.info --input /scratch/spouget/2mm_bit_gem/src/bin/workload-hw.xclbin
INFO: [v++ 60-1454] Run Directory: /scratch/spouget/2mm_bit_gem/_x/link/run_link
INFO: [v++ 60-1441] [04:33:53] Run run_link: Step xclbinutilinfo: Completed
Time (s): cpu = 00:00:00.5 ; elapsed = 00:00:00.59 . Memory (MB): peak = 479.973 ; gain = 0.000 ; free physical = 751995 ; free virtual = 978863
INFO: [v++ 60-1443] [04:33:53] Run run_link: Step generate_sc_driver: Started
INFO: [v++ 60-1453] Command Line: 
INFO: [v++ 60-1454] Run Directory: /scratch/spouget/2mm_bit_gem/_x/link/run_link
INFO: [v++ 60-1441] [04:33:53] Run run_link: Step generate_sc_driver: Completed
Time (s): cpu = 00:00:00 ; elapsed = 00:00:00 . Memory (MB): peak = 479.973 ; gain = 0.000 ; free physical = 751995 ; free virtual = 978863
INFO: [v++ 60-244] Generating system estimate report...
INFO: [v++ 60-1092] Generated system estimate report: /scratch/spouget/2mm_bit_gem/_x/reports/link/system_estimate_workload-hw.xtxt
INFO: [v++ 60-586] Created /scratch/spouget/2mm_bit_gem/src/bin/workload-hw.ltx
INFO: [v++ 60-586] Created src/bin/workload-hw.xclbin
INFO: [v++ 60-1307] Run completed. Additional information can be found in:
	Guidance: /scratch/spouget/2mm_bit_gem/_x/reports/link/v++_link_workload-hw_guidance.html
	Timing Report: /scratch/spouget/2mm_bit_gem/_x/reports/link/imp/impl_1_hw_bb_locked_timing_summary_routed.rpt
	Vivado Log: /scratch/spouget/2mm_bit_gem/_x/logs/link/vivado.log
	Steps Log File: /scratch/spouget/2mm_bit_gem/_x/logs/link/link.steps.log

INFO: [v++ 60-2343] Use the vitis_analyzer tool to visualize and navigate the relevant reports. Run the following command. 
    vitis_analyzer /scratch/spouget/2mm_bit_gem/src/bin/workload-hw.xclbin.link_summary 
INFO: [v++ 60-791] Total elapsed time: 2h 3m 4s
INFO: [v++ 60-1653] Closing dispatch client.
