

================================================================
== Vitis HLS Report for 'kernel_nlp_Pipeline_L22'
================================================================
* Date:           Fri Dec 13 02:58:42 2024

* Version:        2023.2 (Build 4023990 on Oct 11 2023)
* Project:        kernel_nlp
* Solution:       solution (Vitis Kernel Flow Target)
* Product family: virtexuplusHBM
* Target device:  xcu55c-fsvh2892-2L-e


================================================================
== Performance Estimates
================================================================
+ Timing: 
    * Summary: 
    +--------+---------+----------+------------+
    |  Clock |  Target | Estimated| Uncertainty|
    +--------+---------+----------+------------+
    |ap_clk  |  4.55 ns|  3.318 ns|     1.23 ns|
    +--------+---------+----------+------------+

+ Latency: 
    * Summary: 
    +---------+---------+-----------+-----------+-------+-------+---------+
    |  Latency (cycles) |   Latency (absolute)  |    Interval   | Pipeline|
    |   min   |   max   |    min    |    max    |  min  |  max  |   Type  |
    +---------+---------+-----------+-----------+-------+-------+---------+
    |    19954|    19954|  90.691 us|  90.691 us|  19954|  19954|       no|
    +---------+---------+-----------+-----------+-------+-------+---------+

    + Detail: 
        * Instance: 
        N/A

        * Loop: 
        +----------+---------+---------+----------+-----------+-----------+-------+----------+
        |          |  Latency (cycles) | Iteration|  Initiation Interval  |  Trip |          |
        | Loop Name|   min   |   max   |  Latency |  achieved |   target  | Count | Pipelined|
        +----------+---------+---------+----------+-----------+-----------+-------+----------+
        |- L2      |    19952|    19952|         4|          1|          1|  19950|       yes|
        +----------+---------+---------+----------+-----------+-----------+-------+----------+



================================================================
== Utilization Estimates
================================================================
* Summary: 
+---------------------+---------+------+---------+---------+-----+
|         Name        | BRAM_18K|  DSP |    FF   |   LUT   | URAM|
+---------------------+---------+------+---------+---------+-----+
|DSP                  |        -|     1|        -|        -|    -|
|Expression           |        -|     -|        0|      574|    -|
|FIFO                 |        -|     -|        -|        -|    -|
|Instance             |        -|     -|        -|        -|    -|
|Memory               |        -|     -|        -|        -|    -|
|Multiplexer          |        -|     -|        -|       95|    -|
|Register             |        -|     -|      580|       96|    -|
+---------------------+---------+------+---------+---------+-----+
|Total                |        0|     1|      580|      765|    0|
+---------------------+---------+------+---------+---------+-----+
|Available SLR        |     1344|  3008|   869120|   434560|  320|
+---------------------+---------+------+---------+---------+-----+
|Utilization SLR (%)  |        0|    ~0|       ~0|       ~0|    0|
+---------------------+---------+------+---------+---------+-----+
|Available            |     4032|  9024|  2607360|  1303680|  960|
+---------------------+---------+------+---------+---------+-----+
|Utilization (%)      |        0|    ~0|       ~0|       ~0|    0|
+---------------------+---------+------+---------+---------+-----+

+ Detail: 
    * Instance: 
    N/A

    * DSP: 
    +-------------------------------------+--------------------------------+--------------+
    |               Instance              |             Module             |  Expression  |
    +-------------------------------------+--------------------------------+--------------+
    |mac_muladd_14s_7ns_14ns_14_4_1_U199  |mac_muladd_14s_7ns_14ns_14_4_1  |  i0 * i1 + i2|
    +-------------------------------------+--------------------------------+--------------+

    * Memory: 
    N/A

    * FIFO: 
    N/A

    * Expression: 
    +----------------------------------+----------+----+---+----+------------+------------+
    |           Variable Name          | Operation| DSP| FF| LUT| Bitwidth P0| Bitwidth P1|
    +----------------------------------+----------+----+---+----+------------+------------+
    |i_8_fu_214_p2                     |         +|   0|  0|  22|          15|           1|
    |index1_9_fu_278_p2                |         +|   0|  0|  71|          64|           1|
    |index2_11_fu_256_p2               |         +|   0|  0|  71|          64|           1|
    |index3_1_fu_250_p2                |         +|   0|  0|  21|          14|           1|
    |ap_block_pp0_stage0_11001         |       and|   0|  0|   2|           1|           1|
    |ap_block_state4_pp0_stage0_iter3  |       and|   0|  0|   2|           1|           1|
    |ap_predicate_op53_read_state4     |       and|   0|  0|   2|           1|           1|
    |icmp_ln1705_fu_208_p2             |      icmp|   0|  0|  22|          15|          15|
    |icmp_ln1723_1_fu_244_p2           |      icmp|   0|  0|  71|          64|           1|
    |icmp_ln1723_fu_238_p2             |      icmp|   0|  0|  71|          64|           7|
    |index1_10_fu_300_p3               |    select|   0|  0|  63|           1|           1|
    |index2_12_fu_270_p3               |    select|   0|  0|  63|           1|           1|
    |index2_13_fu_292_p3               |    select|   0|  0|  63|           1|          64|
    |index3_2_fu_262_p3                |    select|   0|  0|  14|           1|          14|
    |index3_3_fu_284_p3                |    select|   0|  0|  14|           1|          14|
    |ap_enable_pp0                     |       xor|   0|  0|   2|           1|           2|
    +----------------------------------+----------+----+---+----+------------+------------+
    |Total                             |          |   0|  0| 574|         309|         126|
    +----------------------------------+----------+----+---+----+------------+------------+

    * Multiplexer: 
    +-------------------------------------+----+-----------+-----+-----------+
    |                 Name                | LUT| Input Size| Bits| Total Bits|
    +-------------------------------------+----+-----------+-----+-----------+
    |ap_done_int                          |   9|          2|    1|          2|
    |ap_enable_reg_pp0_iter1              |   9|          2|    1|          2|
    |ap_enable_reg_pp0_iter2              |   9|          2|    1|          2|
    |ap_phi_mux_empty_phi_fu_164_p4       |  14|          3|  128|        384|
    |i_4_fu_82                            |   9|          2|   15|         30|
    |index1_3_fu_94                       |   9|          2|   64|        128|
    |index2_6_fu_90                       |   9|          2|   64|        128|
    |index3_fu_86                         |   9|          2|   14|         28|
    |merlin_gmem_kernel_2mm_64_1_blk_n_R  |   9|          2|    1|          2|
    |shiftreg4002_fu_78                   |   9|          2|   64|        128|
    +-------------------------------------+----+-----------+-----+-----------+
    |Total                                |  95|         21|  353|        834|
    +-------------------------------------+----+-----------+-----+-----------+

    * Register: 
    +-----------------------------------------------+-----+----+-----+-----------+
    |                      Name                     |  FF | LUT| Bits| Const Bits|
    +-----------------------------------------------+-----+----+-----+-----------+
    |ap_CS_fsm                                      |    1|   0|    1|          0|
    |ap_done_reg                                    |    1|   0|    1|          0|
    |ap_enable_reg_pp0_iter1                        |    1|   0|    1|          0|
    |ap_enable_reg_pp0_iter2                        |    1|   0|    1|          0|
    |ap_enable_reg_pp0_iter3                        |    1|   0|    1|          0|
    |ap_enable_reg_pp0_iter4                        |    1|   0|    1|          0|
    |ap_loop_exit_ready_pp0_iter2_reg               |    1|   0|    1|          0|
    |ap_loop_exit_ready_pp0_iter3_reg               |    1|   0|    1|          0|
    |i_4_fu_82                                      |   15|   0|   15|          0|
    |icmp_ln1705_reg_439                            |    1|   0|    1|          0|
    |index1_3_fu_94                                 |   64|   0|   64|          0|
    |index2_6_fu_90                                 |   64|   0|   64|          0|
    |index3_fu_86                                   |   14|   0|   14|          0|
    |merlin_gmem_kernel_2mm_64_1_addr_read_reg_461  |  128|   0|  128|          0|
    |shiftreg4002_fu_78                             |   64|   0|   64|          0|
    |trunc_ln1664_reg_457                           |    1|   0|    1|          0|
    |trunc_ln1705_1_reg_452                         |   14|   0|   14|          0|
    |trunc_ln1705_1_reg_452_pp0_iter2_reg           |   14|   0|   14|          0|
    |trunc_ln1705_reg_448                           |    1|   0|    1|          0|
    |icmp_ln1705_reg_439                            |   64|  32|    1|          0|
    |trunc_ln1664_reg_457                           |   64|  32|    1|          0|
    |trunc_ln1705_reg_448                           |   64|  32|    1|          0|
    +-----------------------------------------------+-----+----+-----+-----------+
    |Total                                          |  580|  96|  391|          0|
    +-----------------------------------------------+-----+----+-----+-----------+



================================================================
== Interface
================================================================
* Summary: 
+--------------------------------------------+-----+-----+------------+-----------------------------+--------------+
|                  RTL Ports                 | Dir | Bits|  Protocol  |        Source Object        |    C Type    |
+--------------------------------------------+-----+-----+------------+-----------------------------+--------------+
|ap_clk                                      |   in|    1|  ap_ctrl_hs|      kernel_nlp_Pipeline_L22|  return value|
|ap_rst                                      |   in|    1|  ap_ctrl_hs|      kernel_nlp_Pipeline_L22|  return value|
|ap_start                                    |   in|    1|  ap_ctrl_hs|      kernel_nlp_Pipeline_L22|  return value|
|ap_done                                     |  out|    1|  ap_ctrl_hs|      kernel_nlp_Pipeline_L22|  return value|
|ap_idle                                     |  out|    1|  ap_ctrl_hs|      kernel_nlp_Pipeline_L22|  return value|
|ap_ready                                    |  out|    1|  ap_ctrl_hs|      kernel_nlp_Pipeline_L22|  return value|
|m_axi_merlin_gmem_kernel_2mm_64_1_AWVALID   |  out|    1|       m_axi|  merlin_gmem_kernel_2mm_64_1|       pointer|
|m_axi_merlin_gmem_kernel_2mm_64_1_AWREADY   |   in|    1|       m_axi|  merlin_gmem_kernel_2mm_64_1|       pointer|
|m_axi_merlin_gmem_kernel_2mm_64_1_AWADDR    |  out|   64|       m_axi|  merlin_gmem_kernel_2mm_64_1|       pointer|
|m_axi_merlin_gmem_kernel_2mm_64_1_AWID      |  out|    1|       m_axi|  merlin_gmem_kernel_2mm_64_1|       pointer|
|m_axi_merlin_gmem_kernel_2mm_64_1_AWLEN     |  out|   32|       m_axi|  merlin_gmem_kernel_2mm_64_1|       pointer|
|m_axi_merlin_gmem_kernel_2mm_64_1_AWSIZE    |  out|    3|       m_axi|  merlin_gmem_kernel_2mm_64_1|       pointer|
|m_axi_merlin_gmem_kernel_2mm_64_1_AWBURST   |  out|    2|       m_axi|  merlin_gmem_kernel_2mm_64_1|       pointer|
|m_axi_merlin_gmem_kernel_2mm_64_1_AWLOCK    |  out|    2|       m_axi|  merlin_gmem_kernel_2mm_64_1|       pointer|
|m_axi_merlin_gmem_kernel_2mm_64_1_AWCACHE   |  out|    4|       m_axi|  merlin_gmem_kernel_2mm_64_1|       pointer|
|m_axi_merlin_gmem_kernel_2mm_64_1_AWPROT    |  out|    3|       m_axi|  merlin_gmem_kernel_2mm_64_1|       pointer|
|m_axi_merlin_gmem_kernel_2mm_64_1_AWQOS     |  out|    4|       m_axi|  merlin_gmem_kernel_2mm_64_1|       pointer|
|m_axi_merlin_gmem_kernel_2mm_64_1_AWREGION  |  out|    4|       m_axi|  merlin_gmem_kernel_2mm_64_1|       pointer|
|m_axi_merlin_gmem_kernel_2mm_64_1_AWUSER    |  out|    1|       m_axi|  merlin_gmem_kernel_2mm_64_1|       pointer|
|m_axi_merlin_gmem_kernel_2mm_64_1_WVALID    |  out|    1|       m_axi|  merlin_gmem_kernel_2mm_64_1|       pointer|
|m_axi_merlin_gmem_kernel_2mm_64_1_WREADY    |   in|    1|       m_axi|  merlin_gmem_kernel_2mm_64_1|       pointer|
|m_axi_merlin_gmem_kernel_2mm_64_1_WDATA     |  out|  128|       m_axi|  merlin_gmem_kernel_2mm_64_1|       pointer|
|m_axi_merlin_gmem_kernel_2mm_64_1_WSTRB     |  out|   16|       m_axi|  merlin_gmem_kernel_2mm_64_1|       pointer|
|m_axi_merlin_gmem_kernel_2mm_64_1_WLAST     |  out|    1|       m_axi|  merlin_gmem_kernel_2mm_64_1|       pointer|
|m_axi_merlin_gmem_kernel_2mm_64_1_WID       |  out|    1|       m_axi|  merlin_gmem_kernel_2mm_64_1|       pointer|
|m_axi_merlin_gmem_kernel_2mm_64_1_WUSER     |  out|    1|       m_axi|  merlin_gmem_kernel_2mm_64_1|       pointer|
|m_axi_merlin_gmem_kernel_2mm_64_1_ARVALID   |  out|    1|       m_axi|  merlin_gmem_kernel_2mm_64_1|       pointer|
|m_axi_merlin_gmem_kernel_2mm_64_1_ARREADY   |   in|    1|       m_axi|  merlin_gmem_kernel_2mm_64_1|       pointer|
|m_axi_merlin_gmem_kernel_2mm_64_1_ARADDR    |  out|   64|       m_axi|  merlin_gmem_kernel_2mm_64_1|       pointer|
|m_axi_merlin_gmem_kernel_2mm_64_1_ARID      |  out|    1|       m_axi|  merlin_gmem_kernel_2mm_64_1|       pointer|
|m_axi_merlin_gmem_kernel_2mm_64_1_ARLEN     |  out|   32|       m_axi|  merlin_gmem_kernel_2mm_64_1|       pointer|
|m_axi_merlin_gmem_kernel_2mm_64_1_ARSIZE    |  out|    3|       m_axi|  merlin_gmem_kernel_2mm_64_1|       pointer|
|m_axi_merlin_gmem_kernel_2mm_64_1_ARBURST   |  out|    2|       m_axi|  merlin_gmem_kernel_2mm_64_1|       pointer|
|m_axi_merlin_gmem_kernel_2mm_64_1_ARLOCK    |  out|    2|       m_axi|  merlin_gmem_kernel_2mm_64_1|       pointer|
|m_axi_merlin_gmem_kernel_2mm_64_1_ARCACHE   |  out|    4|       m_axi|  merlin_gmem_kernel_2mm_64_1|       pointer|
|m_axi_merlin_gmem_kernel_2mm_64_1_ARPROT    |  out|    3|       m_axi|  merlin_gmem_kernel_2mm_64_1|       pointer|
|m_axi_merlin_gmem_kernel_2mm_64_1_ARQOS     |  out|    4|       m_axi|  merlin_gmem_kernel_2mm_64_1|       pointer|
|m_axi_merlin_gmem_kernel_2mm_64_1_ARREGION  |  out|    4|       m_axi|  merlin_gmem_kernel_2mm_64_1|       pointer|
|m_axi_merlin_gmem_kernel_2mm_64_1_ARUSER    |  out|    1|       m_axi|  merlin_gmem_kernel_2mm_64_1|       pointer|
|m_axi_merlin_gmem_kernel_2mm_64_1_RVALID    |   in|    1|       m_axi|  merlin_gmem_kernel_2mm_64_1|       pointer|
|m_axi_merlin_gmem_kernel_2mm_64_1_RREADY    |  out|    1|       m_axi|  merlin_gmem_kernel_2mm_64_1|       pointer|
|m_axi_merlin_gmem_kernel_2mm_64_1_RDATA     |   in|  128|       m_axi|  merlin_gmem_kernel_2mm_64_1|       pointer|
|m_axi_merlin_gmem_kernel_2mm_64_1_RLAST     |   in|    1|       m_axi|  merlin_gmem_kernel_2mm_64_1|       pointer|
|m_axi_merlin_gmem_kernel_2mm_64_1_RID       |   in|    1|       m_axi|  merlin_gmem_kernel_2mm_64_1|       pointer|
|m_axi_merlin_gmem_kernel_2mm_64_1_RFIFONUM  |   in|    9|       m_axi|  merlin_gmem_kernel_2mm_64_1|       pointer|
|m_axi_merlin_gmem_kernel_2mm_64_1_RUSER     |   in|    1|       m_axi|  merlin_gmem_kernel_2mm_64_1|       pointer|
|m_axi_merlin_gmem_kernel_2mm_64_1_RRESP     |   in|    2|       m_axi|  merlin_gmem_kernel_2mm_64_1|       pointer|
|m_axi_merlin_gmem_kernel_2mm_64_1_BVALID    |   in|    1|       m_axi|  merlin_gmem_kernel_2mm_64_1|       pointer|
|m_axi_merlin_gmem_kernel_2mm_64_1_BREADY    |  out|    1|       m_axi|  merlin_gmem_kernel_2mm_64_1|       pointer|
|m_axi_merlin_gmem_kernel_2mm_64_1_BRESP     |   in|    2|       m_axi|  merlin_gmem_kernel_2mm_64_1|       pointer|
|m_axi_merlin_gmem_kernel_2mm_64_1_BID       |   in|    1|       m_axi|  merlin_gmem_kernel_2mm_64_1|       pointer|
|m_axi_merlin_gmem_kernel_2mm_64_1_BUSER     |   in|    1|       m_axi|  merlin_gmem_kernel_2mm_64_1|       pointer|
|sext_ln1705_1                               |   in|   60|     ap_none|                sext_ln1705_1|        scalar|
|B_8_0_buf_6_address0                        |  out|   14|   ap_memory|                  B_8_0_buf_6|         array|
|B_8_0_buf_6_ce0                             |  out|    1|   ap_memory|                  B_8_0_buf_6|         array|
|B_8_0_buf_6_we0                             |  out|    1|   ap_memory|                  B_8_0_buf_6|         array|
|B_8_0_buf_6_d0                              |  out|   32|   ap_memory|                  B_8_0_buf_6|         array|
|B_8_0_buf_5_address0                        |  out|   14|   ap_memory|                  B_8_0_buf_5|         array|
|B_8_0_buf_5_ce0                             |  out|    1|   ap_memory|                  B_8_0_buf_5|         array|
|B_8_0_buf_5_we0                             |  out|    1|   ap_memory|                  B_8_0_buf_5|         array|
|B_8_0_buf_5_d0                              |  out|   32|   ap_memory|                  B_8_0_buf_5|         array|
|B_8_0_buf_4_address0                        |  out|   14|   ap_memory|                  B_8_0_buf_4|         array|
|B_8_0_buf_4_ce0                             |  out|    1|   ap_memory|                  B_8_0_buf_4|         array|
|B_8_0_buf_4_we0                             |  out|    1|   ap_memory|                  B_8_0_buf_4|         array|
|B_8_0_buf_4_d0                              |  out|   32|   ap_memory|                  B_8_0_buf_4|         array|
|B_8_0_buf_address0                          |  out|   14|   ap_memory|                    B_8_0_buf|         array|
|B_8_0_buf_ce0                               |  out|    1|   ap_memory|                    B_8_0_buf|         array|
|B_8_0_buf_we0                               |  out|    1|   ap_memory|                    B_8_0_buf|         array|
|B_8_0_buf_d0                                |  out|   32|   ap_memory|                    B_8_0_buf|         array|
+--------------------------------------------+-----+-----+------------+-----------------------------+--------------+

