DSE Summary
+----------------------------+------+
| Total Explored             | 1130 |
+----------------------------+------+
| Level 1 Timeout            | 0    |
+----------------------------+------+
| Level 1 Analysis Error     | 0    |
+----------------------------+------+
| Level 1 Early Reject       | 887  |
+----------------------------+------+
| Level 1 Result Unavailable | 0    |
+----------------------------+------+
| Level 2 Timeout            | 8    |
+----------------------------+------+
| Level 2 Analysis Error     | 0    |
+----------------------------+------+
| Level 2 Duplicate          | 30   |
+----------------------------+------+
| Level 2 Result Unavailable | 59   |
+----------------------------+------+

Level 2 Result Details
+-----+----------+-------------------------------+-------------+-------+------+
| ID  |  Perf.   |      BRAM, DSP, LUT, FF       |   Status    | Valid | Time |
+=====+==========+===============================+=============+=======+======+
|  0  | 2.33e+04 |  21.0%, 58.0%, 73.0%, 37.0%   |  Finished   |  Yes  | 0.0  |
+-----+----------+-------------------------------+-------------+-------+------+
|  1  | 2.36e+06 |    22.0%, 0.0%, 3.0%, 1.0%    |  Finished   |  Yes  | 0.0  |
+-----+----------+-------------------------------+-------------+-------+------+
|  2  |   ----   |             ----              | Unavailable |  No   | 0.0  |
+-----+----------+-------------------------------+-------------+-------+------+
|  3  | 1.24e+06 |  10.0%, 58.0%, 63.0%, 31.0%   |  Finished   |  Yes  | 0.0  |
+-----+----------+-------------------------------+-------------+-------+------+
|  4  | 2.36e+06 |    22.0%, 0.0%, 2.0%, 1.0%    |  Finished   |  Yes  | 0.0  |
+-----+----------+-------------------------------+-------------+-------+------+
|  5  | 2.45e+06 |    22.0%, 0.0%, 2.0%, 1.0%    |  Finished   |  Yes  | 0.0  |
+-----+----------+-------------------------------+-------------+-------+------+
|  6  |   ----   |             ----              | Unavailable |  No   | 0.0  |
+-----+----------+-------------------------------+-------------+-------+------+
|  7  | 2.81e+06 |    22.0%, 0.0%, 2.0%, 1.0%    |  Duplicate  |  Yes  | 0.0  |
+-----+----------+-------------------------------+-------------+-------+------+
|  8  | 2.81e+06 |    22.0%, 0.0%, 2.0%, 1.0%    |  Finished   |  Yes  | 0.0  |
+-----+----------+-------------------------------+-------------+-------+------+
|  9  | 1.24e+06 |  24.0%, 29.0%, 13.0%, 11.0%   |  Finished   |  Yes  | 0.0  |
+-----+----------+-------------------------------+-------------+-------+------+
| 10  | 2.36e+06 |    10.0%, 0.0%, 2.0%, 1.0%    |  Finished   |  Yes  | 0.0  |
+-----+----------+-------------------------------+-------------+-------+------+
| 11  |   ----   |             ----              | Unavailable |  No   | 0.0  |
+-----+----------+-------------------------------+-------------+-------+------+
| 12  |   ----   |             ----              | Unavailable |  No   | 0.0  |
+-----+----------+-------------------------------+-------------+-------+------+
| 13  |   ----   |             ----              | Unavailable |  No   | 0.0  |
+-----+----------+-------------------------------+-------------+-------+------+
| 14  | 1.25e+06 |  15.0%, 87.0%, 59.0%, 37.0%   |  Finished   |  Yes  | 0.0  |
+-----+----------+-------------------------------+-------------+-------+------+
| 15  | 1.24e+06 |  21.0%, 76.0%, 69.0%, 36.0%   |  Finished   |  Yes  | 0.0  |
+-----+----------+-------------------------------+-------------+-------+------+
| 16  | 2.45e+06 |    22.0%, 0.0%, 2.0%, 1.0%    |  Duplicate  |  Yes  | 0.0  |
+-----+----------+-------------------------------+-------------+-------+------+
| 17  |   ----   |             ----              | Unavailable |  No   | 0.0  |
+-----+----------+-------------------------------+-------------+-------+------+
| 18  | 2.45e+06 |    22.0%, 0.0%, 2.0%, 1.0%    |  Finished   |  Yes  | 0.0  |
+-----+----------+-------------------------------+-------------+-------+------+
| 19  |   ----   |             ----              | Unavailable |  No   | 0.0  |
+-----+----------+-------------------------------+-------------+-------+------+
| 20  | 1.24e+06 |  33.0%, 58.0%, 26.0%, 23.0%   |  Duplicate  |  Yes  | 0.0  |
+-----+----------+-------------------------------+-------------+-------+------+
| 21  | 2.81e+06 |    22.0%, 0.0%, 2.0%, 1.0%    |  Duplicate  |  Yes  | 0.0  |
+-----+----------+-------------------------------+-------------+-------+------+
| 22  | 2.20e+06 |    18.0%, 0.0%, 2.0%, 1.0%    |  Finished   |  Yes  | 0.0  |
+-----+----------+-------------------------------+-------------+-------+------+
| 23  | 2.35e+04 |  3.0%, 116.0%, 101.0%, 58.0%  |  Finished   |  No   | 0.0  |
+-----+----------+-------------------------------+-------------+-------+------+
| 24  | 2.81e+06 |    22.0%, 0.0%, 3.0%, 1.0%    |  Finished   |  Yes  | 0.0  |
+-----+----------+-------------------------------+-------------+-------+------+
| 25  | 2.33e+04 |  21.0%, 58.0%, 73.0%, 37.0%   |  Finished   |  Yes  | 0.0  |
+-----+----------+-------------------------------+-------------+-------+------+
| 26  |   ----   |             ----              | Unavailable |  No   | 0.0  |
+-----+----------+-------------------------------+-------------+-------+------+
| 27  | 2.45e+06 |    10.0%, 0.0%, 2.0%, 1.0%    |  Finished   |  Yes  | 0.0  |
+-----+----------+-------------------------------+-------------+-------+------+
| 28  |   ----   |             ----              | Unavailable |  No   | 0.0  |
+-----+----------+-------------------------------+-------------+-------+------+
| 29  |   ----   |             ----              | Unavailable |  No   | 0.0  |
+-----+----------+-------------------------------+-------------+-------+------+
| 30  | 2.45e+06 |    22.0%, 0.0%, 3.0%, 1.0%    |  Finished   |  Yes  | 0.0  |
+-----+----------+-------------------------------+-------------+-------+------+
| 31  | 2.81e+06 |    22.0%, 0.0%, 3.0%, 1.0%    |  Duplicate  |  Yes  | 0.0  |
+-----+----------+-------------------------------+-------------+-------+------+
| 32  | 2.45e+06 |    22.0%, 0.0%, 3.0%, 1.0%    |  Finished   |  Yes  | 0.0  |
+-----+----------+-------------------------------+-------------+-------+------+
| 33  | 1.24e+06 |  33.0%, 58.0%, 26.0%, 23.0%   |  Finished   |  Yes  | 0.0  |
+-----+----------+-------------------------------+-------------+-------+------+
| 34  |   ----   |             ----              | Unavailable |  No   | 0.0  |
+-----+----------+-------------------------------+-------------+-------+------+
| 35  |   ----   |             ----              |   Timeout   |  No   | 0.0  |
+-----+----------+-------------------------------+-------------+-------+------+
| 36  | 1.15e+06 |  24.0%, 29.0%, 13.0%, 11.0%   |  Finished   |  Yes  | 0.0  |
+-----+----------+-------------------------------+-------------+-------+------+
| 37  | 1.24e+06 |  10.0%, 29.0%, 52.0%, 21.0%   |  Finished   |  Yes  | 0.0  |
+-----+----------+-------------------------------+-------------+-------+------+
| 38  | 1.24e+06 |  10.0%, 29.0%, 52.0%, 21.0%   |  Finished   |  Yes  | 0.0  |
+-----+----------+-------------------------------+-------------+-------+------+
| 39  | 2.45e+06 |    22.0%, 0.0%, 3.0%, 1.0%    |  Duplicate  |  Yes  | 0.0  |
+-----+----------+-------------------------------+-------------+-------+------+
| 40  | 9.89e+05 |  10.0%, 29.0%, 52.0%, 21.0%   |  Finished   |  Yes  | 0.0  |
+-----+----------+-------------------------------+-------------+-------+------+
| 41  | 1.15e+06 |  10.0%, 29.0%, 52.0%, 21.0%   |  Finished   |  Yes  | 0.0  |
+-----+----------+-------------------------------+-------------+-------+------+
| 42  |   ----   |             ----              | Unavailable |  No   | 0.0  |
+-----+----------+-------------------------------+-------------+-------+------+
| 43  | 2.36e+06 |    22.0%, 0.0%, 3.0%, 1.0%    |  Duplicate  |  Yes  | 0.0  |
+-----+----------+-------------------------------+-------------+-------+------+
| 44  | 2.81e+06 |    22.0%, 0.0%, 2.0%, 1.0%    |  Duplicate  |  Yes  | 0.0  |
+-----+----------+-------------------------------+-------------+-------+------+
| 45  |   ----   |             ----              | Unavailable |  No   | 0.0  |
+-----+----------+-------------------------------+-------------+-------+------+
| 46  |   ----   |             ----              | Unavailable |  No   | 0.0  |
+-----+----------+-------------------------------+-------------+-------+------+
| 47  | 2.81e+06 |    22.0%, 0.0%, 2.0%, 1.0%    |  Duplicate  |  Yes  | 0.0  |
+-----+----------+-------------------------------+-------------+-------+------+
| 48  |   ----   |             ----              | Unavailable |  No   | 0.0  |
+-----+----------+-------------------------------+-------------+-------+------+
| 49  | 2.81e+06 |    22.0%, 0.0%, 3.0%, 1.0%    |  Finished   |  Yes  | 0.0  |
+-----+----------+-------------------------------+-------------+-------+------+
| 50  |   ----   |             ----              | Unavailable |  No   | 0.0  |
+-----+----------+-------------------------------+-------------+-------+------+
| 51  | 2.11e+06 |    18.0%, 0.0%, 2.0%, 1.0%    |  Finished   |  Yes  | 0.0  |
+-----+----------+-------------------------------+-------------+-------+------+
| 52  |   ----   |             ----              | Unavailable |  No   | 0.0  |
+-----+----------+-------------------------------+-------------+-------+------+
| 53  | 1.24e+06 |  15.0%, 117.0%, 58.0%, 46.0%  |  Finished   |  No   | 0.0  |
+-----+----------+-------------------------------+-------------+-------+------+
| 54  | 1.24e+06 |  33.0%, 58.0%, 26.0%, 23.0%   |  Finished   |  Yes  | 0.0  |
+-----+----------+-------------------------------+-------------+-------+------+
| 55  | 2.20e+06 |    18.0%, 0.0%, 2.0%, 1.0%    |  Finished   |  Yes  | 0.0  |
+-----+----------+-------------------------------+-------------+-------+------+
| 56  | 2.35e+04 |  12.0%, 29.0%, 56.0%, 23.0%   |  Finished   |  Yes  | 0.0  |
+-----+----------+-------------------------------+-------------+-------+------+
| 57  |   ----   |             ----              | Unavailable |  No   | 0.0  |
+-----+----------+-------------------------------+-------------+-------+------+
| 58  | 2.54e+06 |  33.0%, 35.0%, 14.0%, 11.0%   |  Duplicate  |  Yes  | 0.0  |
+-----+----------+-------------------------------+-------------+-------+------+
| 59  |   ----   |             ----              | Unavailable |  No   | 0.0  |
+-----+----------+-------------------------------+-------------+-------+------+
| 60  | 2.45e+06 |    22.0%, 0.0%, 2.0%, 1.0%    |  Finished   |  Yes  | 0.0  |
+-----+----------+-------------------------------+-------------+-------+------+
| 61  | 1.24e+06 | 15.0%, 292.0%, 130.0%, 112.0% |  Finished   |  No   | 0.0  |
+-----+----------+-------------------------------+-------------+-------+------+
| 62  |   ----   |             ----              | Unavailable |  No   | 0.0  |
+-----+----------+-------------------------------+-------------+-------+------+
| 63  | 2.45e+06 |    22.0%, 0.0%, 3.0%, 1.0%    |  Finished   |  Yes  | 0.0  |
+-----+----------+-------------------------------+-------------+-------+------+
| 64  | 2.33e+04 |  12.0%, 58.0%, 67.0%, 33.0%   |  Finished   |  Yes  | 0.0  |
+-----+----------+-------------------------------+-------------+-------+------+
| 65  | 2.81e+06 |    22.0%, 0.0%, 3.0%, 1.0%    |  Duplicate  |  Yes  | 0.0  |
+-----+----------+-------------------------------+-------------+-------+------+
| 66  | 2.11e+06 |    18.0%, 0.0%, 2.0%, 1.0%    |  Finished   |  Yes  | 0.0  |
+-----+----------+-------------------------------+-------------+-------+------+
| 67  | 2.81e+06 |    22.0%, 0.0%, 3.0%, 1.0%    |  Finished   |  Yes  | 0.0  |
+-----+----------+-------------------------------+-------------+-------+------+
| 68  |   ----   |             ----              | Unavailable |  No   | 0.0  |
+-----+----------+-------------------------------+-------------+-------+------+
| 69  | 2.81e+06 |    22.0%, 0.0%, 3.0%, 1.0%    |  Duplicate  |  Yes  | 0.0  |
+-----+----------+-------------------------------+-------------+-------+------+
| 70  | 2.45e+06 |   33.0%, 17.0%, 9.0%, 6.0%    |  Duplicate  |  Yes  | 0.0  |
+-----+----------+-------------------------------+-------------+-------+------+
| 71  | 1.24e+06 |  15.0%, 58.0%, 39.0%, 26.0%   |  Finished   |  Yes  | 0.0  |
+-----+----------+-------------------------------+-------------+-------+------+
| 72  |   ----   |             ----              | Unavailable |  No   | 0.0  |
+-----+----------+-------------------------------+-------------+-------+------+
| 73  | 2.81e+06 |    22.0%, 0.0%, 2.0%, 1.0%    |  Duplicate  |  Yes  | 0.0  |
+-----+----------+-------------------------------+-------------+-------+------+
| 74  | 2.45e+06 |    10.0%, 0.0%, 2.0%, 1.0%    |  Finished   |  Yes  | 0.0  |
+-----+----------+-------------------------------+-------------+-------+------+
| 75  | 2.36e+06 |    22.0%, 0.0%, 3.0%, 1.0%    |  Finished   |  Yes  | 0.0  |
+-----+----------+-------------------------------+-------------+-------+------+
| 76  | 1.24e+06 |  24.0%, 29.0%, 13.0%, 11.0%   |  Finished   |  Yes  | 0.0  |
+-----+----------+-------------------------------+-------------+-------+------+
| 77  | 2.36e+06 |    22.0%, 0.0%, 2.0%, 1.0%    |  Duplicate  |  Yes  | 0.0  |
+-----+----------+-------------------------------+-------------+-------+------+
| 78  | 2.36e+06 |    22.0%, 0.0%, 2.0%, 1.0%    |  Finished   |  Yes  | 0.0  |
+-----+----------+-------------------------------+-------------+-------+------+
| 79  | 2.54e+06 |  33.0%, 35.0%, 14.0%, 11.0%   |  Finished   |  Yes  | 0.0  |
+-----+----------+-------------------------------+-------------+-------+------+
| 80  | 2.45e+06 |    10.0%, 0.0%, 2.0%, 1.0%    |  Finished   |  Yes  | 0.0  |
+-----+----------+-------------------------------+-------------+-------+------+
| 81  | 2.81e+06 |    22.0%, 0.0%, 2.0%, 1.0%    |  Finished   |  Yes  | 0.0  |
+-----+----------+-------------------------------+-------------+-------+------+
| 82  |   ----   |             ----              |   Timeout   |  No   | 0.0  |
+-----+----------+-------------------------------+-------------+-------+------+
| 83  |   ----   |             ----              | Unavailable |  No   | 0.0  |
+-----+----------+-------------------------------+-------------+-------+------+
| 84  |   ----   |             ----              | Unavailable |  No   | 0.0  |
+-----+----------+-------------------------------+-------------+-------+------+
| 85  | 2.45e+06 |    22.0%, 0.0%, 3.0%, 1.0%    |  Finished   |  Yes  | 0.0  |
+-----+----------+-------------------------------+-------------+-------+------+
| 86  |   ----   |             ----              |   Timeout   |  No   | 0.0  |
+-----+----------+-------------------------------+-------------+-------+------+
| 87  | 1.24e+06 |  24.0%, 29.0%, 13.0%, 11.0%   |  Duplicate  |  Yes  | 0.0  |
+-----+----------+-------------------------------+-------------+-------+------+
| 88  |   ----   |             ----              | Unavailable |  No   | 0.0  |
+-----+----------+-------------------------------+-------------+-------+------+
| 89  | 2.36e+06 |    22.0%, 0.0%, 3.0%, 1.0%    |  Finished   |  Yes  | 0.0  |
+-----+----------+-------------------------------+-------------+-------+------+
| 90  |   ----   |             ----              | Unavailable |  No   | 0.0  |
+-----+----------+-------------------------------+-------------+-------+------+
| 91  | 2.36e+06 |    10.0%, 0.0%, 2.0%, 1.0%    |  Finished   |  Yes  | 0.0  |
+-----+----------+-------------------------------+-------------+-------+------+
| 92  |   ----   |             ----              | Unavailable |  No   | 0.0  |
+-----+----------+-------------------------------+-------------+-------+------+
| 93  | 2.36e+06 |    22.0%, 0.0%, 2.0%, 1.0%    |  Finished   |  Yes  | 0.0  |
+-----+----------+-------------------------------+-------------+-------+------+
| 94  | 1.15e+06 |  12.0%, 29.0%, 12.0%, 11.0%   |  Finished   |  Yes  | 0.0  |
+-----+----------+-------------------------------+-------------+-------+------+
| 95  | 1.24e+06 |  10.0%, 58.0%, 63.0%, 31.0%   |  Finished   |  Yes  | 0.0  |
+-----+----------+-------------------------------+-------------+-------+------+
| 96  | 2.45e+06 |    22.0%, 0.0%, 2.0%, 1.0%    |  Duplicate  |  Yes  | 0.0  |
+-----+----------+-------------------------------+-------------+-------+------+
| 97  | 2.45e+06 |   33.0%, 17.0%, 9.0%, 6.0%    |  Finished   |  Yes  | 0.0  |
+-----+----------+-------------------------------+-------------+-------+------+
| 98  |   ----   |             ----              | Unavailable |  No   | 0.0  |
+-----+----------+-------------------------------+-------------+-------+------+
| 99  | 2.45e+06 |    22.0%, 0.0%, 3.0%, 1.0%    |  Duplicate  |  Yes  | 0.0  |
+-----+----------+-------------------------------+-------------+-------+------+
| 100 |   ----   |             ----              | Unavailable |  No   | 0.0  |
+-----+----------+-------------------------------+-------------+-------+------+
| 101 |   ----   |             ----              | Unavailable |  No   | 0.0  |
+-----+----------+-------------------------------+-------------+-------+------+
| 102 |   ----   |             ----              |   Timeout   |  No   | 0.0  |
+-----+----------+-------------------------------+-------------+-------+------+
| 103 | 1.15e+06 |  10.0%, 29.0%, 52.0%, 21.0%   |  Finished   |  Yes  | 0.0  |
+-----+----------+-------------------------------+-------------+-------+------+
| 104 | 2.45e+06 |    10.0%, 0.0%, 2.0%, 1.0%    |  Finished   |  Yes  | 0.0  |
+-----+----------+-------------------------------+-------------+-------+------+
| 105 | 2.36e+06 |    22.0%, 0.0%, 2.0%, 1.0%    |  Finished   |  Yes  | 0.0  |
+-----+----------+-------------------------------+-------------+-------+------+
| 106 | 2.36e+06 |    22.0%, 0.0%, 2.0%, 1.0%    |  Finished   |  Yes  | 0.0  |
+-----+----------+-------------------------------+-------------+-------+------+
| 107 |   ----   |             ----              | Unavailable |  No   | 0.0  |
+-----+----------+-------------------------------+-------------+-------+------+
| 108 |   ----   |             ----              | Unavailable |  No   | 0.0  |
+-----+----------+-------------------------------+-------------+-------+------+
| 109 | 2.45e+06 |    10.0%, 0.0%, 2.0%, 1.0%    |  Duplicate  |  Yes  | 0.0  |
+-----+----------+-------------------------------+-------------+-------+------+
| 110 | 2.11e+06 |    18.0%, 0.0%, 2.0%, 1.0%    |  Finished   |  Yes  | 0.0  |
+-----+----------+-------------------------------+-------------+-------+------+
| 111 | 6.29e+05 |  12.0%, 64.0%, 59.0%, 35.0%   |  Finished   |  Yes  | 0.0  |
+-----+----------+-------------------------------+-------------+-------+------+
| 112 | 2.33e+04 |  12.0%, 58.0%, 67.0%, 33.0%   |  Finished   |  Yes  | 0.0  |
+-----+----------+-------------------------------+-------------+-------+------+
| 113 | 2.35e+04 |  12.0%, 29.0%, 56.0%, 23.0%   |  Finished   |  Yes  | 0.0  |
+-----+----------+-------------------------------+-------------+-------+------+
| 114 | 9.89e+05 |  20.0%, 29.0%, 12.0%, 11.0%   |  Finished   |  Yes  | 0.0  |
+-----+----------+-------------------------------+-------------+-------+------+
| 115 | 2.45e+06 |    22.0%, 0.0%, 3.0%, 1.0%    |  Duplicate  |  Yes  | 0.0  |
+-----+----------+-------------------------------+-------------+-------+------+
| 116 |   ----   |             ----              | Unavailable |  No   | 0.0  |
+-----+----------+-------------------------------+-------------+-------+------+
| 117 | 1.24e+06 |  15.0%, 117.0%, 58.0%, 46.0%  |  Finished   |  No   | 0.0  |
+-----+----------+-------------------------------+-------------+-------+------+
| 118 | 2.45e+06 |    22.0%, 0.0%, 2.0%, 1.0%    |  Finished   |  Yes  | 0.0  |
+-----+----------+-------------------------------+-------------+-------+------+
| 119 |   ----   |             ----              | Unavailable |  No   | 0.0  |
+-----+----------+-------------------------------+-------------+-------+------+
| 120 | 2.45e+06 |    22.0%, 0.0%, 3.0%, 1.0%    |  Duplicate  |  Yes  | 0.0  |
+-----+----------+-------------------------------+-------------+-------+------+
| 121 | 2.36e+06 |    22.0%, 0.0%, 3.0%, 1.0%    |  Finished   |  Yes  | 0.0  |
+-----+----------+-------------------------------+-------------+-------+------+
| 122 | 2.45e+06 |    22.0%, 0.0%, 3.0%, 1.0%    |  Finished   |  Yes  | 0.0  |
+-----+----------+-------------------------------+-------------+-------+------+
| 123 | 1.24e+06 |  15.0%, 58.0%, 39.0%, 26.0%   |  Duplicate  |  Yes  | 0.0  |
+-----+----------+-------------------------------+-------------+-------+------+
| 124 | 1.84e+06 |  10.0%, 35.0%, 49.0%, 25.0%   |  Finished   |  Yes  | 0.0  |
+-----+----------+-------------------------------+-------------+-------+------+
| 125 | 1.15e+06 |  24.0%, 29.0%, 12.0%, 11.0%   |  Finished   |  Yes  | 0.0  |
+-----+----------+-------------------------------+-------------+-------+------+
| 126 |   ----   |             ----              | Unavailable |  No   | 0.0  |
+-----+----------+-------------------------------+-------------+-------+------+
| 127 |   ----   |             ----              | Unavailable |  No   | 0.0  |
+-----+----------+-------------------------------+-------------+-------+------+
| 128 | 2.81e+06 |    22.0%, 0.0%, 3.0%, 1.0%    |  Finished   |  Yes  | 0.0  |
+-----+----------+-------------------------------+-------------+-------+------+
| 129 | 1.24e+06 |  10.0%, 117.0%, 84.0%, 52.0%  |  Finished   |  No   | 0.0  |
+-----+----------+-------------------------------+-------------+-------+------+
| 130 | 1.24e+06 |  10.0%, 29.0%, 52.0%, 21.0%   |  Finished   |  Yes  | 0.0  |
+-----+----------+-------------------------------+-------------+-------+------+
| 131 | 1.15e+06 |  24.0%, 29.0%, 13.0%, 11.0%   |  Finished   |  Yes  | 0.0  |
+-----+----------+-------------------------------+-------------+-------+------+
| 132 | 1.15e+06 |  10.0%, 29.0%, 52.0%, 21.0%   |  Finished   |  Yes  | 0.0  |
+-----+----------+-------------------------------+-------------+-------+------+
| 133 | 2.45e+06 |    22.0%, 0.0%, 3.0%, 1.0%    |  Finished   |  Yes  | 0.0  |
+-----+----------+-------------------------------+-------------+-------+------+
| 134 | 2.45e+06 |    22.0%, 0.0%, 2.0%, 1.0%    |  Duplicate  |  Yes  | 0.0  |
+-----+----------+-------------------------------+-------------+-------+------+
| 135 | 2.81e+06 |    22.0%, 0.0%, 3.0%, 1.0%    |  Duplicate  |  Yes  | 0.0  |
+-----+----------+-------------------------------+-------------+-------+------+
| 136 |   ----   |             ----              |   Timeout   |  No   | 0.0  |
+-----+----------+-------------------------------+-------------+-------+------+
| 137 |   ----   |             ----              | Unavailable |  No   | 0.0  |
+-----+----------+-------------------------------+-------------+-------+------+
| 138 |   ----   |             ----              | Unavailable |  No   | 0.0  |
+-----+----------+-------------------------------+-------------+-------+------+
| 139 | 1.24e+06 |  15.0%, 146.0%, 72.0%, 57.0%  |  Finished   |  No   | 0.0  |
+-----+----------+-------------------------------+-------------+-------+------+
| 140 | 1.24e+06 | 15.0%, 234.0%, 105.0%, 90.0%  |  Finished   |  No   | 0.0  |
+-----+----------+-------------------------------+-------------+-------+------+
| 141 | 2.45e+06 |    22.0%, 0.0%, 3.0%, 1.0%    |  Finished   |  Yes  | 0.0  |
+-----+----------+-------------------------------+-------------+-------+------+
| 142 |   ----   |             ----              | Unavailable |  No   | 0.0  |
+-----+----------+-------------------------------+-------------+-------+------+
| 143 | 2.35e+04 |  21.0%, 58.0%, 69.0%, 35.0%   |  Finished   |  Yes  | 0.0  |
+-----+----------+-------------------------------+-------------+-------+------+
| 144 |   ----   |             ----              | Unavailable |  No   | 0.0  |
+-----+----------+-------------------------------+-------------+-------+------+
| 145 | 2.81e+06 |    22.0%, 0.0%, 2.0%, 1.0%    |  Finished   |  Yes  | 0.0  |
+-----+----------+-------------------------------+-------------+-------+------+
| 146 | 2.45e+06 |    22.0%, 0.0%, 2.0%, 1.0%    |  Finished   |  Yes  | 0.0  |
+-----+----------+-------------------------------+-------------+-------+------+
| 147 |   ----   |             ----              |   Timeout   |  No   | 0.0  |
+-----+----------+-------------------------------+-------------+-------+------+
| 148 | 1.24e+06 |  24.0%, 29.0%, 13.0%, 11.0%   |  Finished   |  Yes  | 0.0  |
+-----+----------+-------------------------------+-------------+-------+------+
| 149 |   ----   |             ----              | Unavailable |  No   | 0.0  |
+-----+----------+-------------------------------+-------------+-------+------+
| 150 |   ----   |             ----              | Unavailable |  No   | 0.0  |
+-----+----------+-------------------------------+-------------+-------+------+
| 151 | 2.81e+06 |    22.0%, 0.0%, 3.0%, 1.0%    |  Finished   |  Yes  | 0.0  |
+-----+----------+-------------------------------+-------------+-------+------+
| 152 | 2.81e+06 |    22.0%, 0.0%, 2.0%, 1.0%    |  Duplicate  |  Yes  | 0.0  |
+-----+----------+-------------------------------+-------------+-------+------+
| 153 | 2.81e+06 |    22.0%, 0.0%, 2.0%, 1.0%    |  Finished   |  Yes  | 0.0  |
+-----+----------+-------------------------------+-------------+-------+------+
| 154 |   ----   |             ----              | Unavailable |  No   | 0.0  |
+-----+----------+-------------------------------+-------------+-------+------+
| 155 | 2.45e+06 |    10.0%, 0.0%, 2.0%, 1.0%    |  Finished   |  Yes  | 0.0  |
+-----+----------+-------------------------------+-------------+-------+------+
| 156 | 2.45e+06 |    22.0%, 0.0%, 2.0%, 1.0%    |  Finished   |  Yes  | 0.0  |
+-----+----------+-------------------------------+-------------+-------+------+
| 157 |   ----   |             ----              | Unavailable |  No   | 0.0  |
+-----+----------+-------------------------------+-------------+-------+------+
| 158 | 2.45e+06 |    22.0%, 0.0%, 2.0%, 1.0%    |  Finished   |  Yes  | 0.0  |
+-----+----------+-------------------------------+-------------+-------+------+
| 159 | 2.81e+06 |    22.0%, 0.0%, 2.0%, 1.0%    |  Finished   |  Yes  | 0.0  |
+-----+----------+-------------------------------+-------------+-------+------+
| 160 | 2.81e+06 |    22.0%, 0.0%, 3.0%, 1.0%    |  Finished   |  Yes  | 0.0  |
+-----+----------+-------------------------------+-------------+-------+------+
| 161 | 2.11e+06 |    18.0%, 0.0%, 2.0%, 1.0%    |  Finished   |  Yes  | 0.0  |
+-----+----------+-------------------------------+-------------+-------+------+
| 162 | 2.45e+06 |    22.0%, 0.0%, 2.0%, 1.0%    |  Duplicate  |  Yes  | 0.0  |
+-----+----------+-------------------------------+-------------+-------+------+
| 163 |   ----   |             ----              | Unavailable |  No   | 0.0  |
+-----+----------+-------------------------------+-------------+-------+------+
| 164 |   ----   |             ----              | Unavailable |  No   | 0.0  |
+-----+----------+-------------------------------+-------------+-------+------+
| 165 |   ----   |             ----              |   Timeout   |  No   | 0.0  |
+-----+----------+-------------------------------+-------------+-------+------+
| 166 |   ----   |             ----              | Unavailable |  No   | 0.0  |
+-----+----------+-------------------------------+-------------+-------+------+
| 167 |   ----   |             ----              | Unavailable |  No   | 0.0  |
+-----+----------+-------------------------------+-------------+-------+------+
| 168 |   ----   |             ----              | Unavailable |  No   | 0.0  |
+-----+----------+-------------------------------+-------------+-------+------+
| 169 | 2.45e+06 |    10.0%, 0.0%, 2.0%, 1.0%    |  Finished   |  Yes  | 0.0  |
+-----+----------+-------------------------------+-------------+-------+------+
| 170 | 2.45e+06 |    22.0%, 0.0%, 2.0%, 1.0%    |  Finished   |  Yes  | 0.0  |
+-----+----------+-------------------------------+-------------+-------+------+
| 171 | 2.81e+06 |    22.0%, 0.0%, 2.0%, 1.0%    |  Finished   |  Yes  | 0.0  |
+-----+----------+-------------------------------+-------------+-------+------+
| 172 | 1.95e+06 |    18.0%, 0.0%, 2.0%, 1.0%    |  Finished   |  Yes  | 0.0  |
+-----+----------+-------------------------------+-------------+-------+------+
| 173 |   ----   |             ----              | Unavailable |  No   | 0.0  |
+-----+----------+-------------------------------+-------------+-------+------+
| 174 |   ----   |             ----              | Unavailable |  No   | 0.0  |
+-----+----------+-------------------------------+-------------+-------+------+
| 175 |   ----   |             ----              |   Timeout   |  No   | 0.0  |
+-----+----------+-------------------------------+-------------+-------+------+
| 176 | 2.81e+06 |    22.0%, 0.0%, 3.0%, 1.0%    |  Duplicate  |  Yes  | 0.0  |
+-----+----------+-------------------------------+-------------+-------+------+
| 177 |   ----   |             ----              | Unavailable |  No   | 0.0  |
+-----+----------+-------------------------------+-------------+-------+------+
| 178 | 1.24e+06 |  24.0%, 29.0%, 13.0%, 11.0%   |  Finished   |  Yes  | 0.0  |
+-----+----------+-------------------------------+-------------+-------+------+
| 179 |   ----   |             ----              | Unavailable |  No   | 0.0  |
+-----+----------+-------------------------------+-------------+-------+------+
| 180 | 1.15e+06 |  10.0%, 29.0%, 52.0%, 21.0%   |  Finished   |  Yes  | 0.0  |
+-----+----------+-------------------------------+-------------+-------+------+
| 181 | 2.31e+04 | 21.0%, 233.0%, 142.0%, 100.0% |  Finished   |  No   | 0.0  |
+-----+----------+-------------------------------+-------------+-------+------+
| 182 | 2.36e+06 |    22.0%, 0.0%, 2.0%, 1.0%    |  Finished   |  Yes  | 0.0  |
+-----+----------+-------------------------------+-------------+-------+------+
| 183 |   ----   |             ----              | Unavailable |  No   | 0.0  |
+-----+----------+-------------------------------+-------------+-------+------+
| 184 | 2.81e+06 |    22.0%, 0.0%, 3.0%, 1.0%    |  Duplicate  |  Yes  | 0.0  |
+-----+----------+-------------------------------+-------------+-------+------+
| 185 | 3.33e+04 |  3.0%, 116.0%, 100.0%, 56.0%  |  Finished   |  No   | 0.0  |
+-----+----------+-------------------------------+-------------+-------+------+
| 186 |   ----   |             ----              | Unavailable |  No   | 0.0  |
+-----+----------+-------------------------------+-------------+-------+------+
| 187 | 2.36e+06 |    22.0%, 0.0%, 3.0%, 1.0%    |  Finished   |  Yes  | 0.0  |
+-----+----------+-------------------------------+-------------+-------+------+
| 188 |   ----   |             ----              | Unavailable |  No   | 0.0  |
+-----+----------+-------------------------------+-------------+-------+------+
| 189 | 1.25e+06 |  15.0%, 87.0%, 59.0%, 37.0%   |  Duplicate  |  Yes  | 0.0  |
+-----+----------+-------------------------------+-------------+-------+------+
| 190 |   ----   |             ----              | Unavailable |  No   | 0.0  |
+-----+----------+-------------------------------+-------------+-------+------+
| 191 |   ----   |             ----              | Unavailable |  No   | 0.0  |
+-----+----------+-------------------------------+-------------+-------+------+
| 192 | 1.24e+06 |  33.0%, 58.0%, 26.0%, 23.0%   |  Duplicate  |  Yes  | 0.0  |
+-----+----------+-------------------------------+-------------+-------+------+
| 193 |   ----   |             ----              | Unavailable |  No   | 0.0  |
+-----+----------+-------------------------------+-------------+-------+------+
| 194 | 1.24e+06 |  10.0%, 58.0%, 63.0%, 31.0%   |  Finished   |  Yes  | 0.0  |
+-----+----------+-------------------------------+-------------+-------+------+
| 195 | 2.45e+06 |    22.0%, 0.0%, 3.0%, 1.0%    |  Finished   |  Yes  | 0.0  |
+-----+----------+-------------------------------+-------------+-------+------+
| 196 | 1.24e+06 | 15.0%, 234.0%, 105.0%, 90.0%  |  Finished   |  No   | 0.0  |
+-----+----------+-------------------------------+-------------+-------+------+

Explored Points
+-----+-----------+-----------+-----------+-----------+-----------+----------+----------+----------+
| ID  | __PARA__L | __PARA__L | __PARA__L | __PARA__L | __PIPE__L | __PIPE__ | __TILE__ | __TILE__ |
|     |     0     |     1     |     2     |     3     |     0     |    L1    |    L0    |    L1    |
+=====+===========+===========+===========+===========+===========+==========+==========+==========+
|  0  |     2     |     2     |     1     |     1     |  flatten  | flatten  |   200    |    1     |
+-----+-----------+-----------+-----------+-----------+-----------+----------+----------+----------+
|  1  |    16     |     1     |    16     |    16     |           |   off    |    1     |   400    |
+-----+-----------+-----------+-----------+-----------+-----------+----------+----------+----------+
|  2  |    16     |    16     |    16     |     4     |           |          |    5     |    25    |
+-----+-----------+-----------+-----------+-----------+-----------+----------+----------+----------+
|  3  |    16     |     2     |    16     |     1     |           | flatten  |    25    |   200    |
+-----+-----------+-----------+-----------+-----------+-----------+----------+----------+----------+
|  4  |    16     |     1     |    16     |     2     |           |   off    |    25    |    1     |
+-----+-----------+-----------+-----------+-----------+-----------+----------+----------+----------+
|  5  |    16     |     1     |    16     |     2     |           |   off    |    1     |    16    |
+-----+-----------+-----------+-----------+-----------+-----------+----------+----------+----------+
|  6  |    20     |    16     |     1     |    16     |  flatten  |          |    1     |    1     |
+-----+-----------+-----------+-----------+-----------+-----------+----------+----------+----------+
|  7  |    16     |     1     |    16     |     2     |           |   off    |    25    |    80    |
+-----+-----------+-----------+-----------+-----------+-----------+----------+----------+----------+
|  8  |    16     |     1     |    16     |     2     |           |   off    |    1     |    80    |
+-----+-----------+-----------+-----------+-----------+-----------+----------+----------+----------+
|  9  |     1     |    16     |     1     |    16     |  flatten  |   off    |    1     |    1     |
+-----+-----------+-----------+-----------+-----------+-----------+----------+----------+----------+
| 10  |    16     |     1     |    16     |     4     |           |   off    |    1     |    1     |
+-----+-----------+-----------+-----------+-----------+-----------+----------+----------+----------+
| 11  |    16     |     8     |    16     |     1     |           | flatten  |    1     |    1     |
+-----+-----------+-----------+-----------+-----------+-----------+----------+----------+----------+
| 12  |    16     |     1     |    16     |    16     |           |   off    |    5     |    1     |
+-----+-----------+-----------+-----------+-----------+-----------+----------+----------+----------+
| 13  |    16     |    400    |    16     |     2     |           |   off    |    5     |    1     |
+-----+-----------+-----------+-----------+-----------+-----------+----------+----------+----------+
| 14  |     2     |    16     |     1     |    16     |  flatten  |          |    80    |    1     |
+-----+-----------+-----------+-----------+-----------+-----------+----------+----------+----------+
| 15  |     2     |     2     |     1     |     1     |  flatten  | flatten  |    8     |    1     |
+-----+-----------+-----------+-----------+-----------+-----------+----------+----------+----------+
| 16  |    16     |    16     |    16     |     2     |           |   off    |    25    |    25    |
+-----+-----------+-----------+-----------+-----------+-----------+----------+----------+----------+
| 17  |    16     |    16     |    16     |     1     |           | flatten  |    1     |    1     |
+-----+-----------+-----------+-----------+-----------+-----------+----------+----------+----------+
| 18  |    16     |     1     |    16     |     2     |           |          |    1     |    16    |
+-----+-----------+-----------+-----------+-----------+-----------+----------+----------+----------+
| 19  |    20     |    16     |     1     |    16     |  flatten  |          |    1     |    25    |
+-----+-----------+-----------+-----------+-----------+-----------+----------+----------+----------+
| 20  |     2     |    16     |     1     |    16     |  flatten  |          |   200    |    25    |
+-----+-----------+-----------+-----------+-----------+-----------+----------+----------+----------+
| 21  |    16     |    80     |    16     |     2     |           |          |    1     |    5     |
+-----+-----------+-----------+-----------+-----------+-----------+----------+----------+----------+
| 22  |    16     |     1     |    16     |     1     |    off    |   off    |    1     |    1     |
+-----+-----------+-----------+-----------+-----------+-----------+----------+----------+----------+
| 23  |     4     |     1     |     1     |     1     |  flatten  | flatten  |    1     |    1     |
+-----+-----------+-----------+-----------+-----------+-----------+----------+----------+----------+
| 24  |    16     |     1     |    16     |    16     |           |          |    1     |    80    |
+-----+-----------+-----------+-----------+-----------+-----------+----------+----------+----------+
| 25  |     2     |     2     |     1     |     1     |  flatten  | flatten  |    1     |    1     |
+-----+-----------+-----------+-----------+-----------+-----------+----------+----------+----------+
| 26  |    16     |     1     |    16     |    16     |           |          |    5     |    16    |
+-----+-----------+-----------+-----------+-----------+-----------+----------+----------+----------+
| 27  |    16     |    16     |    16     |     4     |           |   off    |    1     |    1     |
+-----+-----------+-----------+-----------+-----------+-----------+----------+----------+----------+
| 28  |     2     |    16     |     1     |     1     |  flatten  | flatten  |    1     |    1     |
+-----+-----------+-----------+-----------+-----------+-----------+----------+----------+----------+
| 29  |    16     |    80     |    16     |    16     |           |          |    5     |    5     |
+-----+-----------+-----------+-----------+-----------+-----------+----------+----------+----------+
| 30  |    16     |    16     |    16     |    16     |           |          |    1     |    1     |
+-----+-----------+-----------+-----------+-----------+-----------+----------+----------+----------+
| 31  |    16     |    80     |    16     |    16     |           |          |    1     |    5     |
+-----+-----------+-----------+-----------+-----------+-----------+----------+----------+----------+
| 32  |    16     |    16     |    16     |    16     |           |   off    |    1     |    1     |
+-----+-----------+-----------+-----------+-----------+-----------+----------+----------+----------+
| 33  |     2     |    16     |     1     |    16     |  flatten  |          |    1     |    1     |
+-----+-----------+-----------+-----------+-----------+-----------+----------+----------+----------+
| 34  |    16     |    16     |    16     |    16     |           |   off    |    5     |    25    |
+-----+-----------+-----------+-----------+-----------+-----------+----------+----------+----------+
| 35  |    200    |    16     |     1     |    16     |  flatten  |          |    1     |    25    |
+-----+-----------+-----------+-----------+-----------+-----------+----------+----------+----------+
| 36  |     1     |     1     |     1     |    16     |  flatten  |   off    |    1     |    1     |
+-----+-----------+-----------+-----------+-----------+-----------+----------+----------+----------+
| 37  |    16     |     1     |    16     |     1     |           | flatten  |    25    |   400    |
+-----+-----------+-----------+-----------+-----------+-----------+----------+----------+----------+
| 38  |    16     |     1     |    16     |     1     |    off    | flatten  |    1     |    1     |
+-----+-----------+-----------+-----------+-----------+-----------+----------+----------+----------+
| 39  |    16     |    16     |    16     |    16     |           |   off    |    25    |    25    |
+-----+-----------+-----------+-----------+-----------+-----------+----------+----------+----------+
| 40  |     1     |     1     |     1     |     1     |    off    | flatten  |    1     |    1     |
+-----+-----------+-----------+-----------+-----------+-----------+----------+----------+----------+
| 41  |     1     |     1     |     8     |     1     |    off    | flatten  |    1     |    1     |
+-----+-----------+-----------+-----------+-----------+-----------+----------+----------+----------+
| 42  |     2     |     2     |     1     |     1     |  flatten  | flatten  |    80    |    1     |
+-----+-----------+-----------+-----------+-----------+-----------+----------+----------+----------+
| 43  |    16     |     1     |    16     |    16     |           |   off    |    25    |   400    |
+-----+-----------+-----------+-----------+-----------+-----------+----------+----------+----------+
| 44  |    16     |    80     |    16     |     2     |           |   off    |    25    |    5     |
+-----+-----------+-----------+-----------+-----------+-----------+----------+----------+----------+
| 45  |    100    |    16     |     1     |    16     |  flatten  |          |    1     |    25    |
+-----+-----------+-----------+-----------+-----------+-----------+----------+----------+----------+
| 46  |    16     |     1     |     1     |     1     |  flatten  | flatten  |    1     |    1     |
+-----+-----------+-----------+-----------+-----------+-----------+----------+----------+----------+
| 47  |    16     |    80     |    16     |     2     |           |   off    |    25    |    1     |
+-----+-----------+-----------+-----------+-----------+-----------+----------+----------+----------+
| 48  |    25     |    16     |     1     |    16     |  flatten  |          |    1     |    1     |
+-----+-----------+-----------+-----------+-----------+-----------+----------+----------+----------+
| 49  |    16     |    80     |    16     |    16     |           |   off    |    1     |    1     |
+-----+-----------+-----------+-----------+-----------+-----------+----------+----------+----------+
| 50  |    16     |    80     |    16     |     2     |           |          |    5     |    5     |
+-----+-----------+-----------+-----------+-----------+-----------+----------+----------+----------+
| 51  |     1     |     1     |    16     |     1     |    off    |   off    |    1     |    1     |
+-----+-----------+-----------+-----------+-----------+-----------+----------+----------+----------+
| 52  |    16     |     1     |    16     |     2     |           |   off    |    5     |    16    |
+-----+-----------+-----------+-----------+-----------+-----------+----------+----------+----------+
| 53  |     4     |    16     |     1     |    16     |  flatten  |          |    1     |    1     |
+-----+-----------+-----------+-----------+-----------+-----------+----------+----------+----------+
| 54  |     2     |    16     |     1     |    16     |  flatten  |          |   200    |    1     |
+-----+-----------+-----------+-----------+-----------+-----------+----------+----------+----------+
| 55  |    16     |     1     |    16     |     1     |           |   off    |    1     |    1     |
+-----+-----------+-----------+-----------+-----------+-----------+----------+----------+----------+
| 56  |     1     |     1     |     1     |     1     |  flatten  | flatten  |   400    |   400    |
+-----+-----------+-----------+-----------+-----------+-----------+----------+----------+----------+
| 57  |    16     |    16     |    16     |     2     |           |          |    5     |    1     |
+-----+-----------+-----------+-----------+-----------+-----------+----------+----------+----------+
| 58  |     2     |    16     |     1     |    16     |  flatten  |          |    16    |    25    |
+-----+-----------+-----------+-----------+-----------+-----------+----------+----------+----------+
| 59  |    40     |    16     |     1     |    16     |  flatten  |          |    1     |    25    |
+-----+-----------+-----------+-----------+-----------+-----------+----------+----------+----------+
| 60  |    16     |    16     |    16     |     2     |           |   off    |    25    |    1     |
+-----+-----------+-----------+-----------+-----------+-----------+----------+----------+----------+
| 61  |    10     |    16     |     1     |    16     |  flatten  |          |    1     |    25    |
+-----+-----------+-----------+-----------+-----------+-----------+----------+----------+----------+
| 62  |    16     |     1     |    16     |     2     |           |   off    |    5     |    1     |
+-----+-----------+-----------+-----------+-----------+-----------+----------+----------+----------+
| 63  |    16     |     1     |    16     |    16     |           |   off    |    1     |    16    |
+-----+-----------+-----------+-----------+-----------+-----------+----------+----------+----------+
| 64  |     1     |     2     |     1     |     1     |  flatten  | flatten  |   400    |   200    |
+-----+-----------+-----------+-----------+-----------+-----------+----------+----------+----------+
| 65  |    16     |     1     |    16     |    16     |           |   off    |    25    |    80    |
+-----+-----------+-----------+-----------+-----------+-----------+----------+----------+----------+
| 66  |     1     |     1     |     2     |     1     |    off    |   off    |    1     |    1     |
+-----+-----------+-----------+-----------+-----------+-----------+----------+----------+----------+
| 67  |    16     |    80     |    16     |    16     |           |          |    25    |    1     |
+-----+-----------+-----------+-----------+-----------+-----------+----------+----------+----------+
| 68  |    25     |    16     |     1     |    16     |  flatten  |          |    1     |    25    |
+-----+-----------+-----------+-----------+-----------+-----------+----------+----------+----------+
| 69  |    16     |    80     |    16     |    16     |           |   off    |    25    |    5     |
+-----+-----------+-----------+-----------+-----------+-----------+----------+----------+----------+
| 70  |     2     |    16     |     1     |    16     |  flatten  |          |    8     |    25    |
+-----+-----------+-----------+-----------+-----------+-----------+----------+----------+----------+
| 71  |     2     |    16     |     1     |    16     |  flatten  |          |    40    |    1     |
+-----+-----------+-----------+-----------+-----------+-----------+----------+----------+----------+
| 72  |    16     |     1     |    16     |    16     |           |          |    5     |    80    |
+-----+-----------+-----------+-----------+-----------+-----------+----------+----------+----------+
| 73  |    16     |    80     |    16     |     2     |           |          |    25    |    5     |
+-----+-----------+-----------+-----------+-----------+-----------+----------+----------+----------+
| 74  |    16     |    16     |    16     |     4     |           |   off    |    25    |    1     |
+-----+-----------+-----------+-----------+-----------+-----------+----------+----------+----------+
| 75  |    16     |     1     |    16     |    16     |           |   off    |    25    |    1     |
+-----+-----------+-----------+-----------+-----------+-----------+----------+----------+----------+
| 76  |     1     |    16     |     1     |    16     |  flatten  |          |    1     |    1     |
+-----+-----------+-----------+-----------+-----------+-----------+----------+----------+----------+
| 77  |    16     |     1     |    16     |     2     |           |   off    |    25    |   400    |
+-----+-----------+-----------+-----------+-----------+-----------+----------+----------+----------+
| 78  |    16     |    400    |    16     |     2     |           |   off    |    1     |    1     |
+-----+-----------+-----------+-----------+-----------+-----------+----------+----------+----------+
| 79  |     2     |    16     |     1     |    16     |  flatten  |          |    16    |    1     |
+-----+-----------+-----------+-----------+-----------+-----------+----------+----------+----------+
| 80  |    16     |    16     |    16     |     4     |           |          |    1     |    25    |
+-----+-----------+-----------+-----------+-----------+-----------+----------+----------+----------+
| 81  |    16     |    80     |    16     |     2     |           |          |    25    |    1     |
+-----+-----------+-----------+-----------+-----------+-----------+----------+----------+----------+
| 82  |    16     |     2     |    16     |     1     |           | flatten  |    25    |    16    |
+-----+-----------+-----------+-----------+-----------+-----------+----------+----------+----------+
| 83  |    40     |    16     |     1     |    16     |  flatten  |          |    1     |    1     |
+-----+-----------+-----------+-----------+-----------+-----------+----------+----------+----------+
| 84  |    16     |    80     |    16     |     2     |           |   off    |    5     |    1     |
+-----+-----------+-----------+-----------+-----------+-----------+----------+----------+----------+
| 85  |    16     |    16     |    16     |    16     |           |          |    25    |    1     |
+-----+-----------+-----------+-----------+-----------+-----------+----------+----------+----------+
| 86  |     1     |     2     |     1     |     1     |  flatten  | flatten  |   400    |    80    |
+-----+-----------+-----------+-----------+-----------+-----------+----------+----------+----------+
| 87  |     1     |    16     |     1     |    16     |  flatten  |          |   400    |    25    |
+-----+-----------+-----------+-----------+-----------+-----------+----------+----------+----------+
| 88  |    400    |    16     |     1     |    16     |  flatten  |          |    1     |    1     |
+-----+-----------+-----------+-----------+-----------+-----------+----------+----------+----------+
| 89  |    16     |    400    |    16     |    16     |           |   off    |    25    |    1     |
+-----+-----------+-----------+-----------+-----------+-----------+----------+----------+----------+
| 90  |     8     |     1     |     1     |     1     |  flatten  | flatten  |    1     |    1     |
+-----+-----------+-----------+-----------+-----------+-----------+----------+----------+----------+
| 91  |    16     |     1     |    16     |     4     |           |   off    |    25    |   400    |
+-----+-----------+-----------+-----------+-----------+-----------+----------+----------+----------+
| 92  |    16     |     1     |    16     |    16     |           |   off    |    5     |   400    |
+-----+-----------+-----------+-----------+-----------+-----------+----------+----------+----------+
| 93  |    16     |     1     |    16     |     2     |           |   off    |    1     |   400    |
+-----+-----------+-----------+-----------+-----------+-----------+----------+----------+----------+
| 94  |     1     |     1     |     1     |     4     |  flatten  |   off    |    1     |    1     |
+-----+-----------+-----------+-----------+-----------+-----------+----------+----------+----------+
| 95  |    16     |     2     |    16     |     1     |           | flatten  |    1     |    1     |
+-----+-----------+-----------+-----------+-----------+-----------+----------+----------+----------+
| 96  |    16     |    16     |    16     |     2     |           |          |    25    |    25    |
+-----+-----------+-----------+-----------+-----------+-----------+----------+----------+----------+
| 97  |     2     |    16     |     1     |    16     |  flatten  |          |    8     |    1     |
+-----+-----------+-----------+-----------+-----------+-----------+----------+----------+----------+
| 98  |     2     |     4     |     1     |     1     |  flatten  | flatten  |    1     |    1     |
+-----+-----------+-----------+-----------+-----------+-----------+----------+----------+----------+
| 99  |    16     |     1     |    16     |    16     |           |          |    25    |    16    |
+-----+-----------+-----------+-----------+-----------+-----------+----------+----------+----------+
| 100 |    16     |     2     |    16     |     1     |           | flatten  |    5     |    1     |
+-----+-----------+-----------+-----------+-----------+-----------+----------+----------+----------+
| 101 |    16     |    80     |    16     |     2     |           |   off    |    5     |    5     |
+-----+-----------+-----------+-----------+-----------+-----------+----------+----------+----------+
| 102 |    16     |     2     |    16     |     1     |           | flatten  |    25    |    80    |
+-----+-----------+-----------+-----------+-----------+-----------+----------+----------+----------+
| 103 |     1     |     1     |    16     |     1     |    off    | flatten  |    1     |    1     |
+-----+-----------+-----------+-----------+-----------+-----------+----------+----------+----------+
| 104 |    16     |    16     |    16     |     4     |           |          |    25    |    1     |
+-----+-----------+-----------+-----------+-----------+-----------+----------+----------+----------+
| 105 |    16     |     1     |    16     |     2     |           |   off    |    1     |    1     |
+-----+-----------+-----------+-----------+-----------+-----------+----------+----------+----------+
| 106 |    16     |    400    |    16     |     2     |           |   off    |    25    |    1     |
+-----+-----------+-----------+-----------+-----------+-----------+----------+----------+----------+
| 107 |    16     |    16     |    16     |     2     |           |   off    |    5     |    1     |
+-----+-----------+-----------+-----------+-----------+-----------+----------+----------+----------+
| 108 |    16     |    400    |    16     |    16     |           |   off    |    5     |    1     |
+-----+-----------+-----------+-----------+-----------+-----------+----------+----------+----------+
| 109 |    16     |    16     |    16     |     4     |           |          |    25    |    25    |
+-----+-----------+-----------+-----------+-----------+-----------+----------+----------+----------+
| 110 |     1     |     1     |     8     |     1     |    off    |   off    |    1     |    1     |
+-----+-----------+-----------+-----------+-----------+-----------+----------+----------+----------+
| 111 |     1     |     2     |     1     |     1     |  flatten  | flatten  |   400    |    8     |
+-----+-----------+-----------+-----------+-----------+-----------+----------+----------+----------+
| 112 |     1     |     2     |     1     |     1     |  flatten  | flatten  |   400    |    1     |
+-----+-----------+-----------+-----------+-----------+-----------+----------+----------+----------+
| 113 |     1     |     1     |     1     |     1     |  flatten  | flatten  |    1     |    1     |
+-----+-----------+-----------+-----------+-----------+-----------+----------+----------+----------+
| 114 |     1     |     1     |     1     |     1     |  flatten  |   off    |    1     |    1     |
+-----+-----------+-----------+-----------+-----------+-----------+----------+----------+----------+
| 115 |    16     |     1     |    16     |    16     |           |   off    |    25    |    16    |
+-----+-----------+-----------+-----------+-----------+-----------+----------+----------+----------+
| 116 |    50     |    16     |     1     |    16     |  flatten  |          |    1     |    25    |
+-----+-----------+-----------+-----------+-----------+-----------+----------+----------+----------+
| 117 |     4     |    16     |     1     |    16     |  flatten  |          |    1     |    25    |
+-----+-----------+-----------+-----------+-----------+-----------+----------+----------+----------+
| 118 |    16     |    16     |    16     |     2     |           |   off    |    1     |    1     |
+-----+-----------+-----------+-----------+-----------+-----------+----------+----------+----------+
| 119 |    400    |    16     |     1     |    16     |  flatten  |          |    1     |    25    |
+-----+-----------+-----------+-----------+-----------+-----------+----------+----------+----------+
| 120 |    16     |    16     |    16     |    16     |           |          |    25    |    25    |
+-----+-----------+-----------+-----------+-----------+-----------+----------+----------+----------+
| 121 |    16     |    400    |    16     |    16     |           |   off    |    1     |    1     |
+-----+-----------+-----------+-----------+-----------+-----------+----------+----------+----------+
| 122 |    16     |     1     |    16     |    16     |           |          |    1     |    16    |
+-----+-----------+-----------+-----------+-----------+-----------+----------+----------+----------+
| 123 |     2     |    16     |     1     |    16     |  flatten  |          |    40    |    25    |
+-----+-----------+-----------+-----------+-----------+-----------+----------+----------+----------+
| 124 |    16     |     2     |    16     |     1     |           | flatten  |    25    |    8     |
+-----+-----------+-----------+-----------+-----------+-----------+----------+----------+----------+
| 125 |     1     |     1     |     1     |     2     |  flatten  |   off    |    1     |    1     |
+-----+-----------+-----------+-----------+-----------+-----------+----------+----------+----------+
| 126 |    80     |    16     |     1     |    16     |  flatten  |          |    1     |    25    |
+-----+-----------+-----------+-----------+-----------+-----------+----------+----------+----------+
| 127 |    16     |    16     |    16     |     2     |           |          |    5     |    25    |
+-----+-----------+-----------+-----------+-----------+-----------+----------+----------+----------+
| 128 |    16     |    80     |    16     |    16     |           |   off    |    1     |    5     |
+-----+-----------+-----------+-----------+-----------+-----------+----------+----------+----------+
| 129 |    16     |     4     |    16     |     1     |           | flatten  |    1     |    1     |
+-----+-----------+-----------+-----------+-----------+-----------+----------+----------+----------+
| 130 |    16     |     1     |    16     |     1     |           | flatten  |    1     |    1     |
+-----+-----------+-----------+-----------+-----------+-----------+----------+----------+----------+
| 131 |     1     |     1     |     1     |     8     |  flatten  |   off    |    1     |    1     |
+-----+-----------+-----------+-----------+-----------+-----------+----------+----------+----------+
| 132 |     1     |     1     |     2     |     1     |    off    | flatten  |    1     |    1     |
+-----+-----------+-----------+-----------+-----------+-----------+----------+----------+----------+
| 133 |    16     |    16     |    16     |    16     |           |   off    |    1     |    25    |
+-----+-----------+-----------+-----------+-----------+-----------+----------+----------+----------+
| 134 |    16     |     1     |    16     |     2     |           |   off    |    25    |    16    |
+-----+-----------+-----------+-----------+-----------+-----------+----------+----------+----------+
| 135 |    16     |     1     |    16     |    16     |           |          |    25    |    80    |
+-----+-----------+-----------+-----------+-----------+-----------+----------+----------+----------+
| 136 |     1     |     2     |     1     |     1     |  flatten  | flatten  |   400    |    16    |
+-----+-----------+-----------+-----------+-----------+-----------+----------+----------+----------+
| 137 |     2     |     2     |     1     |     1     |  flatten  | flatten  |    16    |    1     |
+-----+-----------+-----------+-----------+-----------+-----------+----------+----------+----------+
| 138 |    16     |    16     |    16     |    16     |           |   off    |    5     |    1     |
+-----+-----------+-----------+-----------+-----------+-----------+----------+----------+----------+
| 139 |     5     |    16     |     1     |    16     |  flatten  |          |    1     |    25    |
+-----+-----------+-----------+-----------+-----------+-----------+----------+----------+----------+
| 140 |     8     |    16     |     1     |    16     |  flatten  |          |    1     |    1     |
+-----+-----------+-----------+-----------+-----------+-----------+----------+----------+----------+
| 141 |    16     |    16     |    16     |    16     |           |          |    1     |    25    |
+-----+-----------+-----------+-----------+-----------+-----------+----------+----------+----------+
| 142 |    16     |     1     |    16     |     2     |           |          |    5     |    16    |
+-----+-----------+-----------+-----------+-----------+-----------+----------+----------+----------+
| 143 |     2     |     1     |     1     |     1     |  flatten  | flatten  |    1     |    1     |
+-----+-----------+-----------+-----------+-----------+-----------+----------+----------+----------+
| 144 |    16     |    80     |    16     |    16     |           |   off    |    5     |    1     |
+-----+-----------+-----------+-----------+-----------+-----------+----------+----------+----------+
| 145 |    16     |     1     |    16     |     2     |           |          |    1     |    80    |
+-----+-----------+-----------+-----------+-----------+-----------+----------+----------+----------+
| 146 |    16     |    16     |    16     |     2     |           |          |    1     |    1     |
+-----+-----------+-----------+-----------+-----------+-----------+----------+----------+----------+
| 147 |    200    |    16     |     1     |    16     |  flatten  |          |    1     |    1     |
+-----+-----------+-----------+-----------+-----------+-----------+----------+----------+----------+
| 148 |     1     |    16     |     1     |    16     |  flatten  |          |    1     |    25    |
+-----+-----------+-----------+-----------+-----------+-----------+----------+----------+----------+
| 149 |    16     |    16     |    16     |     4     |           |          |    5     |    1     |
+-----+-----------+-----------+-----------+-----------+-----------+----------+----------+----------+
| 150 |    16     |     1     |    16     |     2     |           |   off    |    5     |   400    |
+-----+-----------+-----------+-----------+-----------+-----------+----------+----------+----------+
| 151 |    16     |    80     |    16     |    16     |           |          |    1     |    1     |
+-----+-----------+-----------+-----------+-----------+-----------+----------+----------+----------+
| 152 |    16     |     1     |    16     |     2     |           |          |    25    |    80    |
+-----+-----------+-----------+-----------+-----------+-----------+----------+----------+----------+
| 153 |    16     |    80     |    16     |     2     |           |   off    |    1     |    5     |
+-----+-----------+-----------+-----------+-----------+-----------+----------+----------+----------+
| 154 |    10     |    16     |     1     |    16     |  flatten  |          |    1     |    1     |
+-----+-----------+-----------+-----------+-----------+-----------+----------+----------+----------+
| 155 |    16     |    16     |    16     |     4     |           |   off    |    25    |    25    |
+-----+-----------+-----------+-----------+-----------+-----------+----------+----------+----------+
| 156 |    16     |    16     |    16     |     2     |           |          |    25    |    1     |
+-----+-----------+-----------+-----------+-----------+-----------+----------+----------+----------+
| 157 |    16     |    16     |    16     |    16     |           |          |    5     |    1     |
+-----+-----------+-----------+-----------+-----------+-----------+----------+----------+----------+
| 158 |    16     |    16     |    16     |     2     |           |          |    1     |    25    |
+-----+-----------+-----------+-----------+-----------+-----------+----------+----------+----------+
| 159 |    16     |    80     |    16     |     2     |           |   off    |    1     |    1     |
+-----+-----------+-----------+-----------+-----------+-----------+----------+----------+----------+
| 160 |    16     |     1     |    16     |    16     |           |   off    |    1     |    80    |
+-----+-----------+-----------+-----------+-----------+-----------+----------+----------+----------+
| 161 |     1     |     1     |     4     |     1     |    off    |   off    |    1     |    1     |
+-----+-----------+-----------+-----------+-----------+-----------+----------+----------+----------+
| 162 |    16     |     1     |    16     |     2     |           |          |    25    |    16    |
+-----+-----------+-----------+-----------+-----------+-----------+----------+----------+----------+
| 163 |    16     |    16     |    16     |     2     |           |   off    |    5     |    25    |
+-----+-----------+-----------+-----------+-----------+-----------+----------+----------+----------+
| 164 |    16     |    16     |    16     |     4     |           |   off    |    5     |    1     |
+-----+-----------+-----------+-----------+-----------+-----------+----------+----------+----------+
| 165 |    16     |     2     |    16     |     1     |           | flatten  |    25    |    40    |
+-----+-----------+-----------+-----------+-----------+-----------+----------+----------+----------+
| 166 |    16     |     1     |    16     |    16     |           |   off    |    5     |    16    |
+-----+-----------+-----------+-----------+-----------+-----------+----------+----------+----------+
| 167 |    16     |    80     |    16     |    16     |           |          |    5     |    1     |
+-----+-----------+-----------+-----------+-----------+-----------+----------+----------+----------+
| 168 |    100    |    16     |     1     |    16     |  flatten  |          |    1     |    1     |
+-----+-----------+-----------+-----------+-----------+-----------+----------+----------+----------+
| 169 |    16     |    16     |    16     |     4     |           |          |    1     |    1     |
+-----+-----------+-----------+-----------+-----------+-----------+----------+----------+----------+
| 170 |    16     |    16     |    16     |     2     |           |   off    |    1     |    25    |
+-----+-----------+-----------+-----------+-----------+-----------+----------+----------+----------+
| 171 |    16     |    80     |    16     |     2     |           |          |    1     |    1     |
+-----+-----------+-----------+-----------+-----------+-----------+----------+----------+----------+
| 172 |     1     |     1     |     1     |     1     |    off    |   off    |    1     |    1     |
+-----+-----------+-----------+-----------+-----------+-----------+----------+----------+----------+
| 173 |    16     |     1     |    16     |     2     |           |          |    5     |    80    |
+-----+-----------+-----------+-----------+-----------+-----------+----------+----------+----------+
| 174 |     5     |    16     |     1     |    16     |  flatten  |          |    1     |    1     |
+-----+-----------+-----------+-----------+-----------+-----------+----------+----------+----------+
| 175 |     1     |     2     |     1     |     1     |  flatten  | flatten  |   400    |    40    |
+-----+-----------+-----------+-----------+-----------+-----------+----------+----------+----------+
| 176 |    16     |    80     |    16     |    16     |           |          |    25    |    5     |
+-----+-----------+-----------+-----------+-----------+-----------+----------+----------+----------+
| 177 |    16     |     1     |    16     |    16     |           |   off    |    5     |    80    |
+-----+-----------+-----------+-----------+-----------+-----------+----------+----------+----------+
| 178 |     1     |    16     |     1     |    16     |  flatten  |          |   400    |    1     |
+-----+-----------+-----------+-----------+-----------+-----------+----------+----------+----------+
| 179 |    50     |    16     |     1     |    16     |  flatten  |          |    1     |    1     |
+-----+-----------+-----------+-----------+-----------+-----------+----------+----------+----------+
| 180 |     1     |     1     |     4     |     1     |    off    | flatten  |    1     |    1     |
+-----+-----------+-----------+-----------+-----------+-----------+----------+----------+----------+
| 181 |     2     |     8     |     1     |     1     |  flatten  | flatten  |    1     |    1     |
+-----+-----------+-----------+-----------+-----------+-----------+----------+----------+----------+
| 182 |    16     |     1     |    16     |     8     |           |   off    |    1     |    1     |
+-----+-----------+-----------+-----------+-----------+-----------+----------+----------+----------+
| 183 |    80     |    16     |     1     |    16     |  flatten  |          |    1     |    1     |
+-----+-----------+-----------+-----------+-----------+-----------+----------+----------+----------+
| 184 |    16     |    80     |    16     |    16     |           |   off    |    25    |    1     |
+-----+-----------+-----------+-----------+-----------+-----------+----------+----------+----------+
| 185 |     2     |     2     |     1     |     1     |  flatten  | flatten  |    40    |    1     |
+-----+-----------+-----------+-----------+-----------+-----------+----------+----------+----------+
| 186 |    16     |    16     |    16     |    16     |           |          |    5     |    25    |
+-----+-----------+-----------+-----------+-----------+-----------+----------+----------+----------+
| 187 |    16     |     1     |    16     |    16     |           |   off    |    1     |    1     |
+-----+-----------+-----------+-----------+-----------+-----------+----------+----------+----------+
| 188 |    16     |     1     |    16     |     2     |           |   off    |    5     |    80    |
+-----+-----------+-----------+-----------+-----------+-----------+----------+----------+----------+
| 189 |     2     |    16     |     1     |    16     |  flatten  |          |    80    |    25    |
+-----+-----------+-----------+-----------+-----------+-----------+----------+----------+----------+
| 190 |    16     |    16     |     1     |    16     |  flatten  |          |    1     |    1     |
+-----+-----------+-----------+-----------+-----------+-----------+----------+----------+----------+
| 191 |    16     |    80     |    16     |     2     |           |          |    5     |    1     |
+-----+-----------+-----------+-----------+-----------+-----------+----------+----------+----------+
| 192 |     2     |    16     |     1     |    16     |  flatten  |          |    1     |    25    |
+-----+-----------+-----------+-----------+-----------+-----------+----------+----------+----------+
| 193 |    16     |    80     |    16     |    16     |           |   off    |    5     |    5     |
+-----+-----------+-----------+-----------+-----------+-----------+----------+----------+----------+
| 194 |    16     |     2     |    16     |     1     |           | flatten  |    25    |    1     |
+-----+-----------+-----------+-----------+-----------+-----------+----------+----------+----------+
| 195 |    16     |    16     |    16     |    16     |           |   off    |    25    |    1     |
+-----+-----------+-----------+-----------+-----------+-----------+----------+----------+----------+
| 196 |     8     |    16     |     1     |    16     |  flatten  |          |    1     |    25    |
+-----+-----------+-----------+-----------+-----------+-----------+----------+----------+----------+
