debug mode
Warning: this is an empty file (no tokens found): not even a CR present! (but not an error using the token stream unparsing) 
==============================================
-----=# wide bus Interface Optimization Start#=----
==============================================
found the kenerl function

 Total BRAM size is 3145728 byte.
==============================================
-----=# Memory Burst Optimization Start#=----
==============================================

infer small caching in fine grained scope for coalescing: 
============================================
-----=# Memory Burst Optimization End#=----
============================================

Current is in function kernel_gemver
basic type is float
A need to enlarge bit width
basic type is float
u1 need to enlarge bit width
basic type is float
v1 need to enlarge bit width
basic type is float
u2 need to enlarge bit width
basic type is float
v2 need to enlarge bit width
basic type is float
w need to enlarge bit width
basic type is float
x need to enlarge bit width
basic type is float
y need to enlarge bit width
basic type is float
z need to enlarge bit width
basic type is float
basic type is float
basic type is float
basic type is float
basic type is float
basic type is float
basic type is float
basic type is float
basic type is float
============================================
-----=# wide bus Interface Optimization End#=----
============================================

mars_opt __dummy__.c __merlinwrapper_kernel_gemver.c __merlinkernel_kernel_gemver.c  -e c -p bitwidth_opt -a cstd=c99 -a cxxstd=c++11  -a impl_tool=sdaccel -a tool_version=vitis -a effort=standard -a generate_l2_api=on -a bus_length_threshold= -a lift_fine_grained_cache= -a debug_mode=debug   -I /opt/merlin/sources/merlin-compiler/trunk/source-opt/include/apint_include -I/home/spouget/iccad_24/autodse_without_tree_reduction/gemver_MEDIUM/_done/work_dir/output/fast/0 -I/home/spouget/iccad_24/autodse_without_tree_reduction/gemver_MEDIUM/_done/work_dir/output/fast/0/gemver_MEDIUM/ -I/opt/merlin/sources/merlin-compiler/trunk//mars-gen/lib/merlin -I /opt/merlin/sources/merlin-compiler/trunk/mars-gen/lib/merlin -a cflags=" -D__SYNTHESIS__  -D_MARS_COMPILER_FLOW_ "
