[   0m]    INFO Main: Workspace initialized
[   0m]    INFO Main: Loading configurations
[   0m]    INFO Main: Initializing the database at port 6007
[   0m]    INFO Main: Initializing the evaluator
[   0m]    INFO Main: Compiling design space for scope map
[   0m]    INFO DSProc: Design space contains 83151 valid design points
[   0m]    INFO DSProc: Finished design space compilation
[   0m]    INFO Main: Building the scope map
[   2m]    INFO Report: DSE Configure
[   2m]    INFO Report: +--------------------+--------------+
[   2m]    INFO Report: |       Config       |    Value     |
[   2m]    INFO Report: +====================+==============+
[   2m]    INFO Report: | Project            | dse_project  |
[   2m]    INFO Report: +--------------------+--------------+
[   2m]    INFO Report: | Backup mode        | BACKUP_ERROR |
[   2m]    INFO Report: +--------------------+--------------+
[   2m]    INFO Report: | Fast mode output # | 4            |
[   2m]    INFO Report: +--------------------+--------------+
[   2m]    INFO Report: | Execution mode     | fast-dse     |
[   2m]    INFO Report: +--------------------+--------------+
[   2m]    INFO Report: | Search approach    | gradient     |
[   2m]    INFO Report: +--------------------+--------------+
[   2m]    INFO Report: | DSE time           | 1000         |
[   2m]    INFO Report: +--------------------+--------------+
[   2m]    INFO Report: | HLS time           | 180          |
[   2m]    INFO Report: +--------------------+--------------+
[   2m]    INFO Report: The actual elapsed time may be over the set up exploration time
[   2m]    INFO Report: because we do not abandon the effort of running cases
[   2m]    INFO Main: Compiling design space
[   2m]    INFO DSProc: Design space contains 83151 valid design points
[   2m]    INFO DSProc: Finished design space compilation
[   2m]    INFO Main: Partitioning the design space to at maximum 4 parts
[   2m]    INFO Main: 3 parts generated
[   2m]    INFO Main: Start the exploration
[   2m]    INFO Main: 3 explorers have been launched
[   3m]    INFO Report: Best result reporting...
[   3m]    INFO Report: +-------+-------+-------------------------------------------+
[   3m]    INFO Report: |Quality|Perf.  |Resource                                   |
[   3m]    INFO Report: +-------+-------+-------------------------------------------+
[   6m]    INFO Report: |2.1e-08|4.7e+07|BRAM:13.0%, DSP:0.0%, LUT:1.0%, FF:0.0%    |
[   6m]    INFO Report: +-------+-------+-------------------------------------------+
[   9m]    INFO Report: |1.2e-05|8.7e+04|BRAM:8.0%, DSP:7.0%, LUT:14.0%, FF:5.0%    |
[   9m]    INFO Report: +-------+-------+-------------------------------------------+
[ 145m]    INFO Report: |9.1e-05|1.1e+04|BRAM:8.0%, DSP:465.0%, LUT:193.0%, FF:164.0%|
[ 145m]    INFO Report: +-------+-------+-------------------------------------------+
[ 584m]    INFO Report: |9.3e-05|1.1e+04|BRAM:5.0%, DSP:582.0%, LUT:206.0%, FF:184.0%|
[ 584m]    INFO Report: +-------+-------+-------------------------------------------+
[1013m]    INFO Main: DSE Summary
[1013m]    INFO Main: +----------------------------+------+
[1013m]    INFO Main: | Total Explored             | 1026 |
[1013m]    INFO Main: +----------------------------+------+
[1013m]    INFO Main: | Level 1 Timeout            | 0    |
[1013m]    INFO Main: +----------------------------+------+
[1013m]    INFO Main: | Level 1 Analysis Error     | 0    |
[1013m]    INFO Main: +----------------------------+------+
[1013m]    INFO Main: | Level 1 Early Reject       | 877  |
[1013m]    INFO Main: +----------------------------+------+
[1013m]    INFO Main: | Level 1 Result Unavailable | 0    |
[1013m]    INFO Main: +----------------------------+------+
[1013m]    INFO Main: | Level 2 Timeout            | 12   |
[1013m]    INFO Main: +----------------------------+------+
[1013m]    INFO Main: | Level 2 Analysis Error     | 0    |
[1013m]    INFO Main: +----------------------------+------+
[1013m]    INFO Main: | Level 2 Duplicate          | 0    |
[1013m]    INFO Main: +----------------------------+------+
[1013m]    INFO Main: | Level 2 Result Unavailable | 12   |
[1013m]    INFO Main: +----------------------------+------+
[1013m]    INFO Main: Outputs of fast exploration are generated
[1013m]    INFO Main: Finish the exploration
