DSE Summary
+----------------------------+------+
| Total Explored             | 1052 |
+----------------------------+------+
| Level 1 Timeout            | 0    |
+----------------------------+------+
| Level 1 Analysis Error     | 0    |
+----------------------------+------+
| Level 1 Early Reject       | 979  |
+----------------------------+------+
| Level 1 Result Unavailable | 0    |
+----------------------------+------+
| Level 2 Timeout            | 28   |
+----------------------------+------+
| Level 2 Analysis Error     | 0    |
+----------------------------+------+
| Level 2 Duplicate          | 4    |
+----------------------------+------+
| Level 2 Result Unavailable | 9    |
+----------------------------+------+

Level 2 Result Details
+----+----------+------------------------+-------------+-------+------+
| ID |  Perf.   |   BRAM, DSP, LUT, FF   |   Status    | Valid | Time |
+====+==========+========================+=============+=======+======+
| 0  |   ----   |          ----          | Unavailable |  No   | 0.0  |
+----+----------+------------------------+-------------+-------+------+
| 1  | 1.35e+08 | 3.0%, 0.0%, 1.0%, 0.0% |  Finished   |  Yes  | 0.0  |
+----+----------+------------------------+-------------+-------+------+
| 2  | 1.35e+08 | 1.0%, 0.0%, 5.0%, 1.0% |  Finished   |  Yes  | 0.0  |
+----+----------+------------------------+-------------+-------+------+
| 3  |   ----   |          ----          |   Timeout   |  No   | 0.0  |
+----+----------+------------------------+-------------+-------+------+
| 4  | 1.35e+08 | 3.0%, 0.0%, 1.0%, 0.0% |  Duplicate  |  Yes  | 0.0  |
+----+----------+------------------------+-------------+-------+------+
| 5  | 1.35e+08 | 3.0%, 0.0%, 1.0%, 0.0% |  Duplicate  |  Yes  | 0.0  |
+----+----------+------------------------+-------------+-------+------+
| 6  | 1.35e+08 | 1.0%, 0.0%, 1.0%, 0.0% |  Finished   |  Yes  | 0.0  |
+----+----------+------------------------+-------------+-------+------+
| 7  |   ----   |          ----          |   Timeout   |  No   | 0.0  |
+----+----------+------------------------+-------------+-------+------+
| 8  |   ----   |          ----          |   Timeout   |  No   | 0.0  |
+----+----------+------------------------+-------------+-------+------+
| 9  |   ----   |          ----          |   Timeout   |  No   | 0.0  |
+----+----------+------------------------+-------------+-------+------+
| 10 |   ----   |          ----          |   Timeout   |  No   | 0.0  |
+----+----------+------------------------+-------------+-------+------+
| 11 |   ----   |          ----          |   Timeout   |  No   | 0.0  |
+----+----------+------------------------+-------------+-------+------+
| 12 | 1.35e+08 | 6.0%, 0.0%, 2.0%, 0.0% |  Finished   |  Yes  | 0.0  |
+----+----------+------------------------+-------------+-------+------+
| 13 | 1.35e+08 | 3.0%, 0.0%, 1.0%, 0.0% |  Finished   |  Yes  | 0.0  |
+----+----------+------------------------+-------------+-------+------+
| 14 |   ----   |          ----          |   Timeout   |  No   | 0.0  |
+----+----------+------------------------+-------------+-------+------+
| 15 | 1.35e+08 | 1.0%, 0.0%, 4.0%, 1.0% |  Finished   |  Yes  | 0.0  |
+----+----------+------------------------+-------------+-------+------+
| 16 |   ----   |          ----          | Unavailable |  No   | 0.0  |
+----+----------+------------------------+-------------+-------+------+
| 17 |   ----   |          ----          |   Timeout   |  No   | 0.0  |
+----+----------+------------------------+-------------+-------+------+
| 18 | 1.35e+08 | 4.0%, 0.0%, 0.0%, 0.0% |  Finished   |  Yes  | 0.0  |
+----+----------+------------------------+-------------+-------+------+
| 19 |   ----   |          ----          |   Timeout   |  No   | 0.0  |
+----+----------+------------------------+-------------+-------+------+
| 20 |   ----   |          ----          | Unavailable |  No   | 0.0  |
+----+----------+------------------------+-------------+-------+------+
| 21 |   ----   |          ----          |   Timeout   |  No   | 0.0  |
+----+----------+------------------------+-------------+-------+------+
| 22 |   ----   |          ----          |   Timeout   |  No   | 0.0  |
+----+----------+------------------------+-------------+-------+------+
| 23 |   ----   |          ----          |   Timeout   |  No   | 0.0  |
+----+----------+------------------------+-------------+-------+------+
| 24 | 1.35e+08 | 4.0%, 0.0%, 1.0%, 0.0% |  Finished   |  Yes  | 0.0  |
+----+----------+------------------------+-------------+-------+------+
| 25 | 1.35e+08 | 4.0%, 0.0%, 1.0%, 0.0% |  Finished   |  Yes  | 0.0  |
+----+----------+------------------------+-------------+-------+------+
| 26 |   ----   |          ----          |   Timeout   |  No   | 0.0  |
+----+----------+------------------------+-------------+-------+------+
| 27 |   ----   |          ----          |   Timeout   |  No   | 0.0  |
+----+----------+------------------------+-------------+-------+------+
| 28 |   ----   |          ----          | Unavailable |  No   | 0.0  |
+----+----------+------------------------+-------------+-------+------+
| 29 | 1.35e+08 | 1.0%, 0.0%, 1.0%, 0.0% |  Finished   |  Yes  | 0.0  |
+----+----------+------------------------+-------------+-------+------+
| 30 |   ----   |          ----          |   Timeout   |  No   | 0.0  |
+----+----------+------------------------+-------------+-------+------+
| 31 |   ----   |          ----          | Unavailable |  No   | 0.0  |
+----+----------+------------------------+-------------+-------+------+
| 32 | 1.35e+08 | 3.0%, 0.0%, 1.0%, 0.0% |  Duplicate  |  Yes  | 0.0  |
+----+----------+------------------------+-------------+-------+------+
| 33 | 1.35e+08 | 1.0%, 0.0%, 5.0%, 1.0% |  Finished   |  Yes  | 0.0  |
+----+----------+------------------------+-------------+-------+------+
| 34 |   ----   |          ----          |   Timeout   |  No   | 0.0  |
+----+----------+------------------------+-------------+-------+------+
| 35 | 1.35e+08 | 4.0%, 0.0%, 1.0%, 0.0% |  Finished   |  Yes  | 0.0  |
+----+----------+------------------------+-------------+-------+------+
| 36 | 1.35e+08 | 4.0%, 0.0%, 1.0%, 0.0% |  Finished   |  Yes  | 0.0  |
+----+----------+------------------------+-------------+-------+------+
| 37 | 1.35e+08 | 1.0%, 0.0%, 4.0%, 1.0% |  Finished   |  Yes  | 0.0  |
+----+----------+------------------------+-------------+-------+------+
| 38 | 1.35e+08 | 3.0%, 0.0%, 1.0%, 0.0% |  Duplicate  |  Yes  | 0.0  |
+----+----------+------------------------+-------------+-------+------+
| 39 |   ----   |          ----          |   Timeout   |  No   | 0.0  |
+----+----------+------------------------+-------------+-------+------+
| 40 |   ----   |          ----          |   Timeout   |  No   | 0.0  |
+----+----------+------------------------+-------------+-------+------+
| 41 | 1.35e+08 | 4.0%, 0.0%, 0.0%, 0.0% |  Finished   |  Yes  | 0.0  |
+----+----------+------------------------+-------------+-------+------+
| 42 | 1.35e+08 | 1.0%, 0.0%, 5.0%, 1.0% |  Finished   |  Yes  | 0.0  |
+----+----------+------------------------+-------------+-------+------+
| 43 | 1.35e+08 | 5.0%, 0.0%, 2.0%, 0.0% |  Finished   |  Yes  | 0.0  |
+----+----------+------------------------+-------------+-------+------+
| 44 |   ----   |          ----          | Unavailable |  No   | 0.0  |
+----+----------+------------------------+-------------+-------+------+
| 45 | 1.35e+08 | 6.0%, 0.0%, 2.0%, 0.0% |  Finished   |  Yes  | 0.0  |
+----+----------+------------------------+-------------+-------+------+
| 46 |   ----   |          ----          |   Timeout   |  No   | 0.0  |
+----+----------+------------------------+-------------+-------+------+
| 47 |   ----   |          ----          | Unavailable |  No   | 0.0  |
+----+----------+------------------------+-------------+-------+------+
| 48 |   ----   |          ----          |   Timeout   |  No   | 0.0  |
+----+----------+------------------------+-------------+-------+------+
| 49 |   ----   |          ----          |   Timeout   |  No   | 0.0  |
+----+----------+------------------------+-------------+-------+------+
| 50 |   ----   |          ----          | Unavailable |  No   | 0.0  |
+----+----------+------------------------+-------------+-------+------+
| 51 |   ----   |          ----          |   Timeout   |  No   | 0.0  |
+----+----------+------------------------+-------------+-------+------+
| 52 |   ----   |          ----          |   Timeout   |  No   | 0.0  |
+----+----------+------------------------+-------------+-------+------+
| 53 | 1.35e+08 | 6.0%, 0.0%, 2.0%, 0.0% |  Finished   |  Yes  | 0.0  |
+----+----------+------------------------+-------------+-------+------+
| 54 | 1.35e+08 | 5.0%, 0.0%, 2.0%, 0.0% |  Finished   |  Yes  | 0.0  |
+----+----------+------------------------+-------------+-------+------+
| 55 |   ----   |          ----          |   Timeout   |  No   | 0.0  |
+----+----------+------------------------+-------------+-------+------+
| 56 |   ----   |          ----          |   Timeout   |  No   | 0.0  |
+----+----------+------------------------+-------------+-------+------+
| 57 |   ----   |          ----          |   Timeout   |  No   | 0.0  |
+----+----------+------------------------+-------------+-------+------+
| 58 |   ----   |          ----          | Unavailable |  No   | 0.0  |
+----+----------+------------------------+-------------+-------+------+
| 59 | 1.35e+08 | 4.0%, 0.0%, 0.0%, 0.0% |  Finished   |  Yes  | 0.0  |
+----+----------+------------------------+-------------+-------+------+
| 60 | 1.35e+08 | 4.0%, 0.0%, 1.0%, 0.0% |  Finished   |  Yes  | 0.0  |
+----+----------+------------------------+-------------+-------+------+
| 61 |   ----   |          ----          |   Timeout   |  No   | 0.0  |
+----+----------+------------------------+-------------+-------+------+
| 62 | 1.35e+08 | 4.0%, 0.0%, 1.0%, 0.0% |  Finished   |  Yes  | 0.0  |
+----+----------+------------------------+-------------+-------+------+
| 63 | 1.35e+08 | 5.0%, 0.0%, 2.0%, 0.0% |  Finished   |  Yes  | 0.0  |
+----+----------+------------------------+-------------+-------+------+
| 64 | 1.35e+08 | 1.0%, 0.0%, 1.0%, 0.0% |  Finished   |  Yes  | 0.0  |
+----+----------+------------------------+-------------+-------+------+
| 65 |   ----   |          ----          |   Timeout   |  No   | 0.0  |
+----+----------+------------------------+-------------+-------+------+
| 66 | 1.35e+08 | 1.0%, 0.0%, 4.0%, 1.0% |  Finished   |  Yes  | 0.0  |
+----+----------+------------------------+-------------+-------+------+

Explored Points
+----+------------+------------+------------+------------+------------+------------+------------+
| ID | __PARA__L0 | __PARA__L1 | __PARA__L2 | __PIPE__L0 | __PIPE__L1 | __TILE__L0 | __TILE__L1 |
+====+============+============+============+============+============+============+============+
| 0  |     1      |     1      |     1      |  flatten   |    off     |    200     |     1      |
+----+------------+------------+------------+------------+------------+------------+------------+
| 1  |     1      |     1      |     10     |    off     |    off     |     1      |     1      |
+----+------------+------------+------------+------------+------------+------------+------------+
| 2  |     1      |     1      |     50     |    off     |    off     |     1      |     1      |
+----+------------+------------+------------+------------+------------+------------+------------+
| 3  |    100     |     1      |     1      |  flatten   |    off     |     1      |     1      |
+----+------------+------------+------------+------------+------------+------------+------------+
| 4  |     1      |     1      |     10     |    off     |    off     |    200     |     1      |
+----+------------+------------+------------+------------+------------+------------+------------+
| 5  |     1      |     1      |     5      |    off     |    off     |     1      |    240     |
+----+------------+------------+------------+------------+------------+------------+------------+
| 6  |     1      |     1      |     2      |    off     |    off     |     1      |    240     |
+----+------------+------------+------------+------------+------------+------------+------------+
| 7  |     1      |     3      |     1      |    off     |  flatten   |     1      |     1      |
+----+------------+------------+------------+------------+------------+------------+------------+
| 8  |     1      |     24     |     1      |    off     |  flatten   |     1      |     1      |
+----+------------+------------+------------+------------+------------+------------+------------+
| 9  |     1      |     6      |     1      |    off     |  flatten   |     1      |     1      |
+----+------------+------------+------------+------------+------------+------------+------------+
| 10 |     50     |     1      |     1      |  flatten   |    off     |     1      |     1      |
+----+------------+------------+------------+------------+------------+------------+------------+
| 11 |     1      |     12     |     1      |    off     |  flatten   |     1      |     1      |
+----+------------+------------+------------+------------+------------+------------+------------+
| 12 |     1      |     1      |     25     |    off     |    off     |     1      |     1      |
+----+------------+------------+------------+------------+------------+------------+------------+
| 13 |     1      |     1      |     5      |    off     |    off     |     1      |     1      |
+----+------------+------------+------------+------------+------------+------------+------------+
| 14 |     1      |     1      |     1      |    off     |  flatten   |     1      |     1      |
+----+------------+------------+------------+------------+------------+------------+------------+
| 15 |     1      |     1      |     40     |    off     |    off     |     1      |    240     |
+----+------------+------------+------------+------------+------------+------------+------------+
| 16 |     1      |     1      |     1      |  flatten   |    off     |     1      |     1      |
+----+------------+------------+------------+------------+------------+------------+------------+
| 17 |     5      |     1      |     1      |  flatten   |    off     |     1      |     1      |
+----+------------+------------+------------+------------+------------+------------+------------+
| 18 |     1      |     1      |     1      |    off     |    off     |     1      |     1      |
+----+------------+------------+------------+------------+------------+------------+------------+
| 19 |     1      |     5      |     1      |    off     |  flatten   |     1      |     1      |
+----+------------+------------+------------+------------+------------+------------+------------+
| 20 |     1      |    240     |     1      |    off     |  flatten   |     1      |     1      |
+----+------------+------------+------------+------------+------------+------------+------------+
| 21 |     40     |     1      |     1      |  flatten   |    off     |     1      |     1      |
+----+------------+------------+------------+------------+------------+------------+------------+
| 22 |     1      |     2      |     1      |    off     |  flatten   |     1      |     1      |
+----+------------+------------+------------+------------+------------+------------+------------+
| 23 |     20     |     1      |     1      |  flatten   |    off     |     1      |     1      |
+----+------------+------------+------------+------------+------------+------------+------------+
| 24 |     1      |     1      |     8      |    off     |    off     |    200     |     1      |
+----+------------+------------+------------+------------+------------+------------+------------+
| 25 |     1      |     1      |     8      |    off     |    off     |     1      |     1      |
+----+------------+------------+------------+------------+------------+------------+------------+
| 26 |     8      |     1      |     1      |  flatten   |    off     |     1      |     1      |
+----+------------+------------+------------+------------+------------+------------+------------+
| 27 |     4      |     1      |     1      |  flatten   |    off     |     1      |     1      |
+----+------------+------------+------------+------------+------------+------------+------------+
| 28 |     1      |     40     |     1      |    off     |  flatten   |     1      |     1      |
+----+------------+------------+------------+------------+------------+------------+------------+
| 29 |     1      |     1      |     2      |    off     |    off     |     1      |     1      |
+----+------------+------------+------------+------------+------------+------------+------------+
| 30 |     1      |     1      |    200     |    off     |    off     |     1      |     1      |
+----+------------+------------+------------+------------+------------+------------+------------+
| 31 |     1      |    120     |     1      |    off     |  flatten   |     1      |     1      |
+----+------------+------------+------------+------------+------------+------------+------------+
| 32 |     1      |     1      |     10     |    off     |    off     |     1      |    240     |
+----+------------+------------+------------+------------+------------+------------+------------+
| 33 |     1      |     1      |     50     |    off     |    off     |    200     |     1      |
+----+------------+------------+------------+------------+------------+------------+------------+
| 34 |     1      |     15     |     1      |    off     |  flatten   |     1      |     1      |
+----+------------+------------+------------+------------+------------+------------+------------+
| 35 |     1      |     1      |     8      |    off     |    off     |     1      |    240     |
+----+------------+------------+------------+------------+------------+------------+------------+
| 36 |     1      |     1      |     4      |    off     |    off     |     1      |     1      |
+----+------------+------------+------------+------------+------------+------------+------------+
| 37 |     1      |     1      |     40     |    off     |    off     |     1      |     1      |
+----+------------+------------+------------+------------+------------+------------+------------+
| 38 |     1      |     1      |     5      |    off     |    off     |    200     |     1      |
+----+------------+------------+------------+------------+------------+------------+------------+
| 39 |     1      |     30     |     1      |    off     |  flatten   |     1      |     1      |
+----+------------+------------+------------+------------+------------+------------+------------+
| 40 |     1      |     8      |     1      |    off     |  flatten   |     1      |     1      |
+----+------------+------------+------------+------------+------------+------------+------------+
| 41 |     1      |     1      |     1      |    off     |    off     |    200     |     1      |
+----+------------+------------+------------+------------+------------+------------+------------+
| 42 |     1      |     1      |     50     |    off     |    off     |     1      |    240     |
+----+------------+------------+------------+------------+------------+------------+------------+
| 43 |     1      |     1      |     20     |    off     |    off     |    200     |     1      |
+----+------------+------------+------------+------------+------------+------------+------------+
| 44 |     1      |     48     |     1      |    off     |  flatten   |     1      |     1      |
+----+------------+------------+------------+------------+------------+------------+------------+
| 45 |     1      |     1      |     25     |    off     |    off     |     1      |    240     |
+----+------------+------------+------------+------------+------------+------------+------------+
| 46 |    200     |     1      |     1      |  flatten   |    off     |     1      |     1      |
+----+------------+------------+------------+------------+------------+------------+------------+
| 47 |     2      |     1      |     1      |  flatten   |    off     |     1      |     1      |
+----+------------+------------+------------+------------+------------+------------+------------+
| 48 |     1      |     16     |     1      |    off     |  flatten   |     1      |     1      |
+----+------------+------------+------------+------------+------------+------------+------------+
| 49 |     25     |     1      |     1      |  flatten   |    off     |     1      |     1      |
+----+------------+------------+------------+------------+------------+------------+------------+
| 50 |     1      |     80     |     1      |    off     |  flatten   |     1      |     1      |
+----+------------+------------+------------+------------+------------+------------+------------+
| 51 |     1      |     1      |    100     |    off     |    off     |     1      |     1      |
+----+------------+------------+------------+------------+------------+------------+------------+
| 52 |     1      |     20     |     1      |    off     |  flatten   |     1      |     1      |
+----+------------+------------+------------+------------+------------+------------+------------+
| 53 |     1      |     1      |     25     |    off     |    off     |    200     |     1      |
+----+------------+------------+------------+------------+------------+------------+------------+
| 54 |     1      |     1      |     20     |    off     |    off     |     1      |    240     |
+----+------------+------------+------------+------------+------------+------------+------------+
| 55 |     1      |     4      |     1      |    off     |  flatten   |     1      |     1      |
+----+------------+------------+------------+------------+------------+------------+------------+
| 56 |     1      |     1      |     1      |    off     |  flatten   |    200     |     1      |
+----+------------+------------+------------+------------+------------+------------+------------+
| 57 |     10     |     1      |     1      |  flatten   |    off     |     1      |     1      |
+----+------------+------------+------------+------------+------------+------------+------------+
| 58 |     1      |     60     |     1      |    off     |  flatten   |     1      |     1      |
+----+------------+------------+------------+------------+------------+------------+------------+
| 59 |     1      |     1      |     1      |    off     |    off     |     1      |    240     |
+----+------------+------------+------------+------------+------------+------------+------------+
| 60 |     1      |     1      |     4      |    off     |    off     |     1      |    240     |
+----+------------+------------+------------+------------+------------+------------+------------+
| 61 |     1      |     1      |     1      |    off     |  flatten   |     1      |    240     |
+----+------------+------------+------------+------------+------------+------------+------------+
| 62 |     1      |     1      |     4      |    off     |    off     |    200     |     1      |
+----+------------+------------+------------+------------+------------+------------+------------+
| 63 |     1      |     1      |     20     |    off     |    off     |     1      |     1      |
+----+------------+------------+------------+------------+------------+------------+------------+
| 64 |     1      |     1      |     2      |    off     |    off     |    200     |     1      |
+----+------------+------------+------------+------------+------------+------------+------------+
| 65 |     1      |     10     |     1      |    off     |  flatten   |     1      |     1      |
+----+------------+------------+------------+------------+------------+------------+------------+
| 66 |     1      |     1      |     40     |    off     |    off     |    200     |     1      |
+----+------------+------------+------------+------------+------------+------------+------------+
