[   2m]    INFO Search: Computation order (high to low): ['PARALLEL', 'PIPELINE']
[   2m]    INFO Search: Communication order (high to low): ['INTERFACE', 'CACHE', 'PIPELINE', 'TILE', 'TILING']
[   2m]    INFO Search: Launch gradient search algorithm
[  71m]    INFO Search: Focus parameters (high order goes to tail): ['__TILE__L1', '__TILE__L0', '__PIPE__L1', '__PARA__L1', '__PIPE__L0', '__PARA__L0']
[  71m]    INFO Search: === ITERATION 1 ===
[  71m]    INFO Search: Tree Level 0
[  71m]    INFO Search: Working Node:
[  71m]    INFO Search: +---------+------------------------------------------------------------------------------------------------------------+
[  71m]    INFO Search: | Point   | __PARA__L0-1.__PARA__L1-1.__PARA__L2-1.__PARA__L3-1.__PIPE__L0-flatten.__PIPE__L1-flatten.__TILE__L0-      |
[  71m]    INFO Search: |         | 1.__TILE__L1-1                                                                                             |
[  71m]    INFO Search: +---------+------------------------------------------------------------------------------------------------------------+
[  71m]    INFO Search: | Quality | 0.00e+00                                                                                                   |
[  71m]    INFO Search: +---------+------------------------------------------------------------------------------------------------------------+
[  71m]    INFO Search: | Perf.   | 2.07e+04                                                                                                   |
[  71m]    INFO Search: +---------+------------------------------------------------------------------------------------------------------------+
[  71m]    INFO Search: | Child   | ('__TILE__L1', '14')<-('__TILE__L0', '14')<-('__PIPE__L1', '')<-('__PARA__L1', '10,4')<-('__PIPE__L0',     |
[  71m]    INFO Search: |         | '')<-('__PARA__L0', '10,4')                                                                                |
[  71m]    INFO Search: +---------+------------------------------------------------------------------------------------------------------------+
[  71m]    INFO Search: | Tuned   |                                                                                                            |
[  71m]    INFO Search: +---------+------------------------------------------------------------------------------------------------------------+
[  71m]    INFO Search: Working batch: __PARA__L0
[  71m]    INFO Search: Evaluating 4 poitns
[ 337m]    INFO Search: Received results from evaluator
[ 337m]    INFO Search: Results
[ 337m]    INFO Search: +--------------+----------+----------+--------------------+--------+-------+
[ 337m]    INFO Search: |     Tag      | Quality  |  Perf.   | BRAM, DSP, LUT, FF | Status | Valid |
[ 337m]    INFO Search: +==============+==========+==========+====================+========+=======+
[ 337m]    INFO Search: | __PARA__L0-2 | 4.83e-05 | 2.07e+04 | 0.2, 0.6, 0.7, 0.3 | PASS   | True  |
[ 337m]    INFO Search: +--------------+----------+----------+--------------------+--------+-------+
[ 337m]    INFO Search: -> Add to level 1 with 5 tunable parameters: ['__TILE__L0', '__TILE__L1', '__PIPE__L0', '__PIPE__L1', '__PARA__L1']
[ 337m]    INFO Search: +--------------+---------+----------+--------------------+--------+-------+
[ 337m]    INFO Search: |     Tag      | Quality |  Perf.   | BRAM, DSP, LUT, FF | Status | Valid |
[ 337m]    INFO Search: +==============+=========+==========+====================+========+=======+
[ 337m]    INFO Search: | __PARA__L0-4 | -inf    | 2.07e+04 | 0.0, 1.2, 1.0, 0.5 | PASS   | False |
[ 337m]    INFO Search: +--------------+---------+----------+--------------------+--------+-------+
[ 337m]    INFO Search: -> No quality, abandon
[ 337m]    INFO Search: +--------------+---------+----------+--------------------+--------+-------+
[ 337m]    INFO Search: |     Tag      | Quality |  Perf.   | BRAM, DSP, LUT, FF | Status | Valid |
[ 337m]    INFO Search: +==============+=========+==========+====================+========+=======+
[ 337m]    INFO Search: | __PARA__L0-8 | -inf    | 2.07e+04 | 0.0, 2.3, 1.4, 0.9 | PASS   | False |
[ 337m]    INFO Search: +--------------+---------+----------+--------------------+--------+-------+
[ 337m]    INFO Search: -> No quality, abandon
[ 337m]    INFO Search: +---------------+---------+----------+--------------------+---------+-------+
[ 337m]    INFO Search: |      Tag      | Quality |  Perf.   | BRAM, DSP, LUT, FF | Status  | Valid |
[ 337m]    INFO Search: +===============+=========+==========+====================+=========+=======+
[ 337m]    INFO Search: | __PARA__L0-16 | -inf    | 0.00e+00 | 0.0, 0.0, 0.0, 0.0 | TIMEOUT | False |
[ 337m]    INFO Search: +---------------+---------+----------+--------------------+---------+-------+
[ 337m]    INFO Search: -> No quality, abandon
[ 337m]    INFO Search: === ITERATION 2 ===
[ 337m]    INFO Search: Tree Level 1
[ 337m]    INFO Search: Working Node:
[ 337m]    INFO Search: +---------+------------------------------------------------------------------------------------------------------------+
[ 337m]    INFO Search: | Point   | __PARA__L0-2.__PARA__L1-1.__PARA__L2-1.__PARA__L3-1.__PIPE__L0-flatten.__PIPE__L1-flatten.__TILE__L0-      |
[ 337m]    INFO Search: |         | 1.__TILE__L1-1                                                                                             |
[ 337m]    INFO Search: +---------+------------------------------------------------------------------------------------------------------------+
[ 337m]    INFO Search: | Quality | 4.83e-05                                                                                                   |
[ 337m]    INFO Search: +---------+------------------------------------------------------------------------------------------------------------+
[ 337m]    INFO Search: | Perf.   | 2.07e+04                                                                                                   |
[ 337m]    INFO Search: +---------+------------------------------------------------------------------------------------------------------------+
[ 337m]    INFO Search: | Child   | ('__TILE__L0', '14')<-('__TILE__L1', '14')<-('__PIPE__L0', '')<-('__PIPE__L1', '')<-('__PARA__L1', '10,4') |
[ 337m]    INFO Search: +---------+------------------------------------------------------------------------------------------------------------+
[ 337m]    INFO Search: | Tuned   | __PARA__L0                                                                                                 |
[ 337m]    INFO Search: +---------+------------------------------------------------------------------------------------------------------------+
[ 337m]    INFO Search: Working batch: __PARA__L1
[ 337m]    INFO Search: Evaluating 4 poitns
[ 547m]    INFO Search: Received results from evaluator
[ 547m]    INFO Search: Results
[ 547m]    INFO Search: +--------------+----------+----------+--------------------+--------+-------+
[ 547m]    INFO Search: |     Tag      | Quality  |  Perf.   | BRAM, DSP, LUT, FF | Status | Valid |
[ 547m]    INFO Search: +==============+==========+==========+====================+========+=======+
[ 547m]    INFO Search: | __PARA__L1-2 | 4.87e-05 | 2.05e+04 | 0.2, 0.6, 0.7, 0.3 | PASS   | True  |
[ 547m]    INFO Search: +--------------+----------+----------+--------------------+--------+-------+
[ 547m]    INFO Search: -> Add to level 2 with 4 tunable parameters: ['__TILE__L1', '__TILE__L0', '__PIPE__L1', '__PIPE__L0']
[ 547m]    INFO Search: +--------------+---------+----------+--------------------+--------+-------+
[ 547m]    INFO Search: |     Tag      | Quality |  Perf.   | BRAM, DSP, LUT, FF | Status | Valid |
[ 547m]    INFO Search: +==============+=========+==========+====================+========+=======+
[ 547m]    INFO Search: | __PARA__L1-4 | -inf    | 2.04e+04 | 0.2, 1.2, 0.9, 0.5 | PASS   | False |
[ 547m]    INFO Search: +--------------+---------+----------+--------------------+--------+-------+
[ 547m]    INFO Search: -> No quality, abandon
[ 547m]    INFO Search: +--------------+---------+----------+--------------------+-------------+-------+
[ 547m]    INFO Search: |     Tag      | Quality |  Perf.   | BRAM, DSP, LUT, FF |   Status    | Valid |
[ 547m]    INFO Search: +==============+=========+==========+====================+=============+=======+
[ 547m]    INFO Search: | __PARA__L1-8 | -inf    | 0.00e+00 | 0.0, 0.0, 0.0, 0.0 | UNAVAILABLE | False |
[ 547m]    INFO Search: +--------------+---------+----------+--------------------+-------------+-------+
[ 547m]    INFO Search: -> No quality, abandon
[ 547m]    INFO Search: +---------------+---------+----------+--------------------+--------+-------+
[ 547m]    INFO Search: |      Tag      | Quality |  Perf.   | BRAM, DSP, LUT, FF | Status | Valid |
[ 547m]    INFO Search: +===============+=========+==========+====================+========+=======+
[ 547m]    INFO Search: | __PARA__L1-16 | -inf    | 2.03e+04 | 0.2, 4.7, 2.0, 1.7 | PASS   | False |
[ 547m]    INFO Search: +---------------+---------+----------+--------------------+--------+-------+
[ 547m]    INFO Search: -> No quality, abandon
[ 547m]    INFO Search: === ITERATION 3 ===
[ 547m]    INFO Search: Tree Level 2
[ 547m]    INFO Search: Working Node:
[ 547m]    INFO Search: +---------+------------------------------------------------------------------------------------------------------------+
[ 547m]    INFO Search: | Point   | __PARA__L0-2.__PARA__L1-2.__PARA__L2-1.__PARA__L3-1.__PIPE__L0-flatten.__PIPE__L1-flatten.__TILE__L0-      |
[ 547m]    INFO Search: |         | 1.__TILE__L1-1                                                                                             |
[ 547m]    INFO Search: +---------+------------------------------------------------------------------------------------------------------------+
[ 547m]    INFO Search: | Quality | 4.87e-05                                                                                                   |
[ 547m]    INFO Search: +---------+------------------------------------------------------------------------------------------------------------+
[ 547m]    INFO Search: | Perf.   | 2.05e+04                                                                                                   |
[ 547m]    INFO Search: +---------+------------------------------------------------------------------------------------------------------------+
[ 547m]    INFO Search: | Child   | ('__TILE__L1', '14')<-('__TILE__L0', '14')<-('__PIPE__L1', '')<-('__PIPE__L0', '')                         |
[ 547m]    INFO Search: +---------+------------------------------------------------------------------------------------------------------------+
[ 547m]    INFO Search: | Tuned   | __PARA__L0,__PARA__L1                                                                                      |
[ 547m]    INFO Search: +---------+------------------------------------------------------------------------------------------------------------+
[ 547m]    INFO Search: No batch to be worked
[ 547m]    INFO Search: Run out of batches of parameter __PIPE__L0
[ 547m]    INFO Search: === ITERATION 4 ===
[ 547m]    INFO Search: Tree Level 2
[ 547m]    INFO Search: Working Node:
[ 547m]    INFO Search: +---------+------------------------------------------------------------------------------------------------------------+
[ 547m]    INFO Search: | Point   | __PARA__L0-2.__PARA__L1-2.__PARA__L2-1.__PARA__L3-1.__PIPE__L0-flatten.__PIPE__L1-flatten.__TILE__L0-      |
[ 547m]    INFO Search: |         | 1.__TILE__L1-1                                                                                             |
[ 547m]    INFO Search: +---------+------------------------------------------------------------------------------------------------------------+
[ 547m]    INFO Search: | Quality | 4.87e-05                                                                                                   |
[ 547m]    INFO Search: +---------+------------------------------------------------------------------------------------------------------------+
[ 547m]    INFO Search: | Perf.   | 2.05e+04                                                                                                   |
[ 547m]    INFO Search: +---------+------------------------------------------------------------------------------------------------------------+
[ 547m]    INFO Search: | Child   | ('__TILE__L1', '14')<-('__TILE__L0', '14')<-('__PIPE__L1', '')                                             |
[ 547m]    INFO Search: +---------+------------------------------------------------------------------------------------------------------------+
[ 547m]    INFO Search: | Tuned   | __PARA__L0,__PARA__L1                                                                                      |
[ 547m]    INFO Search: +---------+------------------------------------------------------------------------------------------------------------+
[ 547m]    INFO Search: No batch to be worked
[ 547m]    INFO Search: Run out of batches of parameter __PIPE__L1
[ 547m]    INFO Search: === ITERATION 5 ===
[ 547m]    INFO Search: Tree Level 2
[ 547m]    INFO Search: Working Node:
[ 547m]    INFO Search: +---------+------------------------------------------------------------------------------------------------------------+
[ 547m]    INFO Search: | Point   | __PARA__L0-2.__PARA__L1-2.__PARA__L2-1.__PARA__L3-1.__PIPE__L0-flatten.__PIPE__L1-flatten.__TILE__L0-      |
[ 547m]    INFO Search: |         | 1.__TILE__L1-1                                                                                             |
[ 547m]    INFO Search: +---------+------------------------------------------------------------------------------------------------------------+
[ 547m]    INFO Search: | Quality | 4.87e-05                                                                                                   |
[ 547m]    INFO Search: +---------+------------------------------------------------------------------------------------------------------------+
[ 547m]    INFO Search: | Perf.   | 2.05e+04                                                                                                   |
[ 547m]    INFO Search: +---------+------------------------------------------------------------------------------------------------------------+
[ 547m]    INFO Search: | Child   | ('__TILE__L1', '14')<-('__TILE__L0', '14')                                                                 |
[ 547m]    INFO Search: +---------+------------------------------------------------------------------------------------------------------------+
[ 547m]    INFO Search: | Tuned   | __PARA__L0,__PARA__L1                                                                                      |
[ 547m]    INFO Search: +---------+------------------------------------------------------------------------------------------------------------+
[ 547m]    INFO Search: Working batch: __TILE__L0
[ 547m]    INFO Search: Evaluating 14 poitns
[ 922m]    INFO Search: Received results from evaluator
[ 922m]    INFO Search: Results
[ 922m]    INFO Search: +--------------+---------+----------+--------------------+--------------+-------+
[ 922m]    INFO Search: |     Tag      | Quality |  Perf.   | BRAM, DSP, LUT, FF |    Status    | Valid |
[ 922m]    INFO Search: +==============+=========+==========+====================+==============+=======+
[ 922m]    INFO Search: | __TILE__L0-2 | -inf    | 0.00e+00 | 0.0, 0.0, 0.0, 0.0 | EARLY_REJECT | False |
[ 922m]    INFO Search: +--------------+---------+----------+--------------------+--------------+-------+
[ 922m]    INFO Search: -> No quality, abandon
[ 922m]    INFO Search: +--------------+---------+----------+--------------------+--------------+-------+
[ 922m]    INFO Search: |     Tag      | Quality |  Perf.   | BRAM, DSP, LUT, FF |    Status    | Valid |
[ 922m]    INFO Search: +==============+=========+==========+====================+==============+=======+
[ 922m]    INFO Search: | __TILE__L0-4 | -inf    | 0.00e+00 | 0.0, 0.0, 0.0, 0.0 | EARLY_REJECT | False |
[ 922m]    INFO Search: +--------------+---------+----------+--------------------+--------------+-------+
[ 922m]    INFO Search: -> No quality, abandon
[ 922m]    INFO Search: +--------------+---------+----------+--------------------+--------------+-------+
[ 922m]    INFO Search: |     Tag      | Quality |  Perf.   | BRAM, DSP, LUT, FF |    Status    | Valid |
[ 922m]    INFO Search: +==============+=========+==========+====================+==============+=======+
[ 922m]    INFO Search: | __TILE__L0-5 | -inf    | 0.00e+00 | 0.0, 0.0, 0.0, 0.0 | EARLY_REJECT | False |
[ 922m]    INFO Search: +--------------+---------+----------+--------------------+--------------+-------+
[ 922m]    INFO Search: -> No quality, abandon
[ 922m]    INFO Search: +---------------+---------+----------+--------------------+--------------+-------+
[ 922m]    INFO Search: |      Tag      | Quality |  Perf.   | BRAM, DSP, LUT, FF |    Status    | Valid |
[ 922m]    INFO Search: +===============+=========+==========+====================+==============+=======+
[ 922m]    INFO Search: | __TILE__L0-10 | -inf    | 0.00e+00 | 0.0, 0.0, 0.0, 0.0 | EARLY_REJECT | False |
[ 922m]    INFO Search: +---------------+---------+----------+--------------------+--------------+-------+
[ 922m]    INFO Search: -> No quality, abandon
[ 922m]    INFO Search: +---------------+---------+----------+--------------------+--------------+-------+
[ 922m]    INFO Search: |      Tag      | Quality |  Perf.   | BRAM, DSP, LUT, FF |    Status    | Valid |
[ 922m]    INFO Search: +===============+=========+==========+====================+==============+=======+
[ 922m]    INFO Search: | __TILE__L0-20 | -inf    | 0.00e+00 | 0.0, 0.0, 0.0, 0.0 | EARLY_REJECT | False |
[ 922m]    INFO Search: +---------------+---------+----------+--------------------+--------------+-------+
[ 922m]    INFO Search: -> No quality, abandon
[ 922m]    INFO Search: +---------------+---------+----------+--------------------+--------------+-------+
[ 922m]    INFO Search: |      Tag      | Quality |  Perf.   | BRAM, DSP, LUT, FF |    Status    | Valid |
[ 922m]    INFO Search: +===============+=========+==========+====================+==============+=======+
[ 922m]    INFO Search: | __TILE__L0-25 | -inf    | 0.00e+00 | 0.0, 0.0, 0.0, 0.0 | EARLY_REJECT | False |
[ 922m]    INFO Search: +---------------+---------+----------+--------------------+--------------+-------+
[ 922m]    INFO Search: -> No quality, abandon
[ 922m]    INFO Search: +---------------+---------+----------+--------------------+--------------+-------+
[ 922m]    INFO Search: |      Tag      | Quality |  Perf.   | BRAM, DSP, LUT, FF |    Status    | Valid |
[ 922m]    INFO Search: +===============+=========+==========+====================+==============+=======+
[ 922m]    INFO Search: | __TILE__L0-50 | -inf    | 0.00e+00 | 0.0, 0.0, 0.0, 0.0 | EARLY_REJECT | False |
[ 922m]    INFO Search: +---------------+---------+----------+--------------------+--------------+-------+
[ 922m]    INFO Search: -> No quality, abandon
[ 922m]    INFO Search: +----------------+---------+----------+--------------------+--------------+-------+
[ 922m]    INFO Search: |      Tag       | Quality |  Perf.   | BRAM, DSP, LUT, FF |    Status    | Valid |
[ 922m]    INFO Search: +================+=========+==========+====================+==============+=======+
[ 922m]    INFO Search: | __TILE__L0-100 | -inf    | 0.00e+00 | 0.0, 0.0, 0.0, 0.0 | EARLY_REJECT | False |
[ 922m]    INFO Search: +----------------+---------+----------+--------------------+--------------+-------+
[ 922m]    INFO Search: -> No quality, abandon
[ 922m]    INFO Search: +--------------+----------+----------+--------------------+--------+-------+
[ 922m]    INFO Search: |     Tag      | Quality  |  Perf.   | BRAM, DSP, LUT, FF | Status | Valid |
[ 922m]    INFO Search: +==============+==========+==========+====================+========+=======+
[ 922m]    INFO Search: | __TILE__L0-8 | 2.90e-05 | 3.45e+04 | 0.2, 0.6, 0.7, 0.3 | PASS   | True  |
[ 922m]    INFO Search: +--------------+----------+----------+--------------------+--------+-------+
[ 922m]    INFO Search: -> Add to level 3 with 3 tunable parameters: ['__TILE__L1', '__PIPE__L1', '__PIPE__L0']
[ 922m]    INFO Search: +---------------+----------+----------+--------------------+--------+-------+
[ 922m]    INFO Search: |      Tag      | Quality  |  Perf.   | BRAM, DSP, LUT, FF | Status | Valid |
[ 922m]    INFO Search: +===============+==========+==========+====================+========+=======+
[ 922m]    INFO Search: | __TILE__L0-16 | 2.92e-05 | 3.42e+04 | 0.2, 0.6, 0.7, 0.3 | PASS   | True  |
[ 922m]    INFO Search: +---------------+----------+----------+--------------------+--------+-------+
[ 922m]    INFO Search: -> Add to level 3 with 3 tunable parameters: ['__TILE__L1', '__PIPE__L1', '__PIPE__L0']
[ 922m]    INFO Search: +---------------+---------+----------+--------------------+--------+-------+
[ 922m]    INFO Search: |      Tag      | Quality |  Perf.   | BRAM, DSP, LUT, FF | Status | Valid |
[ 922m]    INFO Search: +===============+=========+==========+====================+========+=======+
[ 922m]    INFO Search: | __TILE__L0-40 | -inf    | 2.57e+04 | 0.0, 1.2, 1.0, 0.5 | PASS   | False |
[ 922m]    INFO Search: +---------------+---------+----------+--------------------+--------+-------+
[ 922m]    INFO Search: -> No quality, abandon
[ 922m]    INFO Search: +---------------+---------+----------+--------------------+--------+-------+
[ 922m]    INFO Search: |      Tag      | Quality |  Perf.   | BRAM, DSP, LUT, FF | Status | Valid |
[ 922m]    INFO Search: +===============+=========+==========+====================+========+=======+
[ 922m]    INFO Search: | __TILE__L0-80 | -inf    | 2.93e+04 | 0.0, 1.2, 1.1, 0.6 | PASS   | False |
[ 922m]    INFO Search: +---------------+---------+----------+--------------------+--------+-------+
[ 922m]    INFO Search: -> No quality, abandon
[ 922m]    INFO Search: +----------------+----------+----------+--------------------+--------+-------+
[ 922m]    INFO Search: |      Tag       | Quality  |  Perf.   | BRAM, DSP, LUT, FF | Status | Valid |
[ 922m]    INFO Search: +================+==========+==========+====================+========+=======+
[ 922m]    INFO Search: | __TILE__L0-200 | 4.87e-05 | 2.05e+04 | 0.2, 0.6, 0.7, 0.3 | PASS   | True  |
[ 922m]    INFO Search: +----------------+----------+----------+--------------------+--------+-------+
[ 922m]    INFO Search: -> Add to level 3 with 3 tunable parameters: ['__TILE__L1', '__PIPE__L1', '__PIPE__L0']
[ 922m]    INFO Search: +----------------+----------+----------+--------------------+--------+-------+
[ 922m]    INFO Search: |      Tag       | Quality  |  Perf.   | BRAM, DSP, LUT, FF | Status | Valid |
[ 922m]    INFO Search: +================+==========+==========+====================+========+=======+
[ 922m]    INFO Search: | __TILE__L0-400 | 4.87e-05 | 2.05e+04 | 0.1, 0.6, 0.7, 0.3 | PASS   | True  |
[ 922m]    INFO Search: +----------------+----------+----------+--------------------+--------+-------+
[ 922m]    INFO Search: -> Add to level 3 with 3 tunable parameters: ['__TILE__L1', '__PIPE__L1', '__PIPE__L0']
[ 922m]    INFO Search: Run out of batches of parameter __TILE__L0
[ 922m]    INFO Search: === ITERATION 6 ===
[ 922m]    INFO Search: Tree Level 3
[ 922m]    INFO Search: Working Node:
[ 922m]    INFO Search: +---------+------------------------------------------------------------------------------------------------------------+
[ 922m]    INFO Search: | Point   | __PARA__L0-1.__PARA__L1-2.__PARA__L2-1.__PARA__L3-1.__PIPE__L0-flatten.__PIPE__L1-flatten.__TILE__L0-      |
[ 922m]    INFO Search: |         | 400.__TILE__L1-1                                                                                           |
[ 922m]    INFO Search: +---------+------------------------------------------------------------------------------------------------------------+
[ 922m]    INFO Search: | Quality | 4.87e-05                                                                                                   |
[ 922m]    INFO Search: +---------+------------------------------------------------------------------------------------------------------------+
[ 922m]    INFO Search: | Perf.   | 2.05e+04                                                                                                   |
[ 922m]    INFO Search: +---------+------------------------------------------------------------------------------------------------------------+
[ 922m]    INFO Search: | Child   | ('__TILE__L1', '14')<-('__PIPE__L1', '')<-('__PIPE__L0', '')                                               |
[ 922m]    INFO Search: +---------+------------------------------------------------------------------------------------------------------------+
[ 922m]    INFO Search: | Tuned   | __TILE__L0,__PARA__L0,__PARA__L1                                                                           |
[ 922m]    INFO Search: +---------+------------------------------------------------------------------------------------------------------------+
[ 922m]    INFO Search: No batch to be worked
[ 922m]    INFO Search: Run out of batches of parameter __PIPE__L0
[ 922m]    INFO Search: === ITERATION 7 ===
[ 922m]    INFO Search: Tree Level 3
[ 922m]    INFO Search: Working Node:
[ 922m]    INFO Search: +---------+------------------------------------------------------------------------------------------------------------+
[ 922m]    INFO Search: | Point   | __PARA__L0-1.__PARA__L1-2.__PARA__L2-1.__PARA__L3-1.__PIPE__L0-flatten.__PIPE__L1-flatten.__TILE__L0-      |
[ 922m]    INFO Search: |         | 400.__TILE__L1-1                                                                                           |
[ 922m]    INFO Search: +---------+------------------------------------------------------------------------------------------------------------+
[ 922m]    INFO Search: | Quality | 4.87e-05                                                                                                   |
[ 922m]    INFO Search: +---------+------------------------------------------------------------------------------------------------------------+
[ 922m]    INFO Search: | Perf.   | 2.05e+04                                                                                                   |
[ 922m]    INFO Search: +---------+------------------------------------------------------------------------------------------------------------+
[ 922m]    INFO Search: | Child   | ('__TILE__L1', '14')<-('__PIPE__L1', '')                                                                   |
[ 922m]    INFO Search: +---------+------------------------------------------------------------------------------------------------------------+
[ 922m]    INFO Search: | Tuned   | __TILE__L0,__PARA__L0,__PARA__L1                                                                           |
[ 922m]    INFO Search: +---------+------------------------------------------------------------------------------------------------------------+
[ 922m]    INFO Search: No batch to be worked
[ 922m]    INFO Search: Run out of batches of parameter __PIPE__L1
[ 922m]    INFO Search: === ITERATION 8 ===
[ 922m]    INFO Search: Tree Level 3
[ 922m]    INFO Search: Working Node:
[ 922m]    INFO Search: +---------+------------------------------------------------------------------------------------------------------------+
[ 922m]    INFO Search: | Point   | __PARA__L0-1.__PARA__L1-2.__PARA__L2-1.__PARA__L3-1.__PIPE__L0-flatten.__PIPE__L1-flatten.__TILE__L0-      |
[ 922m]    INFO Search: |         | 400.__TILE__L1-1                                                                                           |
[ 922m]    INFO Search: +---------+------------------------------------------------------------------------------------------------------------+
[ 922m]    INFO Search: | Quality | 4.87e-05                                                                                                   |
[ 922m]    INFO Search: +---------+------------------------------------------------------------------------------------------------------------+
[ 922m]    INFO Search: | Perf.   | 2.05e+04                                                                                                   |
[ 922m]    INFO Search: +---------+------------------------------------------------------------------------------------------------------------+
[ 922m]    INFO Search: | Child   | ('__TILE__L1', '14')                                                                                       |
[ 922m]    INFO Search: +---------+------------------------------------------------------------------------------------------------------------+
[ 922m]    INFO Search: | Tuned   | __TILE__L0,__PARA__L0,__PARA__L1                                                                           |
[ 922m]    INFO Search: +---------+------------------------------------------------------------------------------------------------------------+
[ 922m]    INFO Search: Working batch: __TILE__L1
[ 922m]    INFO Search: Evaluating 14 poitns
