#-----------------------------------------------------------
# Vivado v2023.2 (64-bit)
# SW Build 4029153 on Fri Oct 13 20:13:54 MDT 2023
# IP Build 4028589 on Sat Oct 14 00:45:43 MDT 2023
# SharedData Build 4025554 on Tue Oct 10 17:18:54 MDT 2023
# Start of session at: Thu Sep 26 15:12:34 2024
# Process ID: 716496
# Current directory: /home/spouget/iccad_24/autodse_tree_reduction/bert_100_64/_done/work_dir/output/fast/0/.merlin_prj/run/implement/exec/hls/_x/kernel_gemm/kernel_gemm/kernel_gemm/solution/impl/ip
# Command line: vivado -notrace -mode batch -source run_ippack.tcl
# Log file: /home/spouget/iccad_24/autodse_tree_reduction/bert_100_64/_done/work_dir/output/fast/0/.merlin_prj/run/implement/exec/hls/_x/kernel_gemm/kernel_gemm/kernel_gemm/solution/impl/ip/vivado.log
# Journal file: /home/spouget/iccad_24/autodse_tree_reduction/bert_100_64/_done/work_dir/output/fast/0/.merlin_prj/run/implement/exec/hls/_x/kernel_gemm/kernel_gemm/kernel_gemm/solution/impl/ip/vivado.jou
# Running On: c01, OS: Linux, CPU Frequency: 3626.321 MHz, CPU Physical cores: 2, Host memory: 540848 MB
#-----------------------------------------------------------
source run_ippack.tcl -notrace
create_project: Time (s): cpu = 00:00:05 ; elapsed = 00:00:05 . Memory (MB): peak = 1336.797 ; gain = 61.875 ; free physical = 91922 ; free virtual = 391279
INFO: [IP_Flow 19-234] Refreshing IP repositories
INFO: [IP_Flow 19-1704] No user IP repositories specified
INFO: [IP_Flow 19-2313] Loaded Vivado IP repository '/mnt/software/xilinx/Vivado/2023.2/data/ip'.
INFO: [IP_Flow 19-1686] Generating 'Synthesis' target for IP 'kernel_gemm_fadd_32ns_32ns_32_7_full_dsp_1_ip'...
INFO: [IP_Flow 19-1686] Generating 'Simulation' target for IP 'kernel_gemm_fadd_32ns_32ns_32_7_full_dsp_1_ip'...
INFO: [IP_Flow 19-1686] Generating 'Synthesis' target for IP 'kernel_gemm_fmul_32ns_32ns_32_4_max_dsp_1_ip'...
INFO: [IP_Flow 19-1686] Generating 'Simulation' target for IP 'kernel_gemm_fmul_32ns_32ns_32_4_max_dsp_1_ip'...
INFO: [IP_Flow 19-234] Refreshing IP repositories
INFO: [IP_Flow 19-1704] No user IP repositories specified
INFO: [IP_Flow 19-2313] Loaded Vivado IP repository '/mnt/software/xilinx/Vivado/2023.2/data/ip'.
Running package_xo -xo_path /home/spouget/iccad_24/autodse_tree_reduction/bert_100_64/_done/work_dir/output/fast/0/.merlin_prj/run/implement/exec/hls/_x/kernel_gemm/kernel_gemm/kernel_gemm/solution/impl/export.xo -kernel_name kernel_gemm -kernel_xml /home/spouget/iccad_24/autodse_tree_reduction/bert_100_64/_done/work_dir/output/fast/0/.merlin_prj/run/implement/exec/hls/_x/kernel_gemm/kernel_gemm/kernel_gemm/solution/impl/ip/../kernel/kernel.xml -kernel_files /home/spouget/iccad_24/autodse_tree_reduction/bert_100_64/_done/work_dir/output/fast/0/.merlin_prj/run/implement/exec/hls/__merlinkernel_kernel_gemm.c -ip_directory /home/spouget/iccad_24/autodse_tree_reduction/bert_100_64/_done/work_dir/output/fast/0/.merlin_prj/run/implement/exec/hls/_x/kernel_gemm/kernel_gemm/kernel_gemm/solution/impl/ip/ip_unzip_dir -design_xml /home/spouget/iccad_24/autodse_tree_reduction/bert_100_64/_done/work_dir/output/fast/0/.merlin_prj/run/implement/exec/hls/_x/kernel_gemm/kernel_gemm/kernel_gemm/solution/.autopilot/db/kernel_gemm.design.xml -debug_directory /home/spouget/iccad_24/autodse_tree_reduction/bert_100_64/_done/work_dir/output/fast/0/.merlin_prj/run/implement/exec/hls/_x/kernel_gemm/kernel_gemm/kernel_gemm/solution/.debug -hls_directory /home/spouget/iccad_24/autodse_tree_reduction/bert_100_64/_done/work_dir/output/fast/0/.merlin_prj/run/implement/exec/hls/_x/kernel_gemm/kernel_gemm/kernel_gemm/solution/impl/ip/hls_files -kernel_json /home/spouget/iccad_24/autodse_tree_reduction/bert_100_64/_done/work_dir/output/fast/0/.merlin_prj/run/implement/exec/hls/_x/kernel_gemm/kernel_gemm/kernel_gemm/solution/solution_data.json
INFO: [Common 17-206] Exiting Vivado at Thu Sep 26 15:13:17 2024...
