
****** Vitis HLS - High-Level Synthesis from C, C++ and OpenCL v2023.2 (64-bit)
  **** SW Build 4023990 on Oct 11 2023
  **** IP Build 4028589 on Sat Oct 14 00:45:43 MDT 2023
  **** SharedData Build 4025554 on Tue Oct 10 17:18:54 MDT 2023
    ** Copyright 1986-2022 Xilinx, Inc. All Rights Reserved.
    ** Copyright 2022-2023 Advanced Micro Devices, Inc. All Rights Reserved.

source /mnt/software/xilinx/Vitis_HLS/2023.2/scripts/vitis_hls/hls.tcl -notrace
INFO: [HLS 200-10] Running '/mnt/software/xilinx/Vitis_HLS/2023.2/bin/unwrapped/lnx64.o/vitis_hls'
INFO: [HLS 200-10] For user 'spouget' on host 'amx2' (Linux_x86_64 version 5.15.0-119-generic) on Tue Sep 17 03:03:27 PDT 2024
INFO: [HLS 200-10] On os Ubuntu 22.04.4 LTS
INFO: [HLS 200-10] In directory '/home/spouget/CodeGenerationGurobiWithoutTree/bert_100_3072'
INFO: [HLS 200-2053] The vitis_hls executable is being deprecated. Consider using vitis-run --mode hls --tcl
Sourcing Tcl script 'vitis.tcl'
INFO: [HLS 200-1510] Running: source vitis.tcl
INFO: [HLS 200-1510] Running: open_project kernel_nlp 
INFO: [HLS 200-10] Creating and opening project '/home/spouget/CodeGenerationGurobiWithoutTree/bert_100_3072/kernel_nlp'.
INFO: [HLS 200-1510] Running: set_top kernel_nlp 
INFO: [HLS 200-1510] Running: add_files code_generated.cpp -cflags  -O3 -D XILINX  
INFO: [HLS 200-10] Adding design file 'code_generated.cpp' to the project
INFO: [HLS 200-1510] Running: add_files -tb csim.cpp 
INFO: [HLS 200-10] Adding test bench file 'csim.cpp' to the project
INFO: [HLS 200-1510] Running: open_solution -flow_target vitis solution 
INFO: [HLS 200-10] Creating and opening solution '/home/spouget/CodeGenerationGurobiWithoutTree/bert_100_3072/kernel_nlp/solution'.
INFO: [HLS 200-1505] Using flow_target 'vitis'
Resolution: For help on HLS 200-1505 see docs.xilinx.com/access/sources/dita/topic?Doc_Version=2023.2%20English&url=ug1448-hls-guidance&resourceid=200-1505.html
INFO: [HLS 200-435] Setting 'open_solution -flow_target vitis' configuration: config_interface -m_axi_latency=64
INFO: [HLS 200-435] Setting 'open_solution -flow_target vitis' configuration: config_interface -m_axi_alignment_byte_size=64
INFO: [HLS 200-435] Setting 'open_solution -flow_target vitis' configuration: config_interface -m_axi_max_widen_bitwidth=512
INFO: [HLS 200-435] Setting 'open_solution -flow_target vitis' configuration: config_rtl -register_reset_num=3
INFO: [HLS 200-1510] Running: set_part xcu200-fsgd2104-2-e 
INFO: [HLS 200-1611] Setting target device to 'xcu200-fsgd2104-2-e'
INFO: [HLS 200-1510] Running: create_clock -period 250MHz -name default 
INFO: [SYN 201-201] Setting up clock 'default' with a period of 4ns.
INFO: [HLS 200-1510] Running: config_dataflow -strict_mode warning 
INFO: [HLS 200-1510] Running: config_export -disable_deadlock_detection=true 
WARNING: [HLS 200-483] The 'config_export -disable_deadlock_detection' command is deprecated and will be removed in a future release. Use 'config_rtl -deadlock_detection none' as its replacement.
INFO: [HLS 200-1510] Running: config_rtl -m_axi_conservative_mode=1 
WARNING: [HLS 200-483] The 'config_rtl -m_axi_conservative_mode' command is deprecated and will be removed in a future release. Use 'config_interface -m_axi_conservative_mode' as its replacement.
INFO: [HLS 200-1907] Replacing 'config_rtl -m_axi_conservative_mode=1' with 'config_interface -m_axi_conservative_mode=1' in current solution file
INFO: [HLS 200-1510] Running: config_interface -m_axi_addr64 
INFO: [HLS 200-1510] Running: config_interface -m_axi_auto_max_ports=0 
INFO: [HLS 200-1510] Running: config_export -format ip_catalog -ipname kernel_nlp 
INFO: [HLS 200-1510] Running: csynth_design 
INFO: [HLS 200-111] Finished File checks and directory preparation: CPU user time: 0.06 seconds. CPU system time: 0.02 seconds. Elapsed time: 0.1 seconds; current allocated memory: 242.879 MB.
INFO: [HLS 200-10] Analyzing design file 'code_generated.cpp' ... 
WARNING: [HLS 207-5292] unused parameter 'vC' (code_generated.cpp:102:40)
WARNING: [HLS 207-5292] unused parameter 'vA' (code_generated.cpp:102:58)
WARNING: [HLS 207-5292] unused parameter 'vB' (code_generated.cpp:102:76)
WARNING: [HLS 207-5292] unused parameter 'vC' (code_generated.cpp:121:79)
WARNING: [HLS 207-5292] unused parameter 'vA' (code_generated.cpp:121:97)
WARNING: [HLS 207-5292] unused parameter 'vB' (code_generated.cpp:121:115)
INFO: [HLS 200-111] Finished Source Code Analysis and Preprocessing: CPU user time: 3.18 seconds. CPU system time: 0.67 seconds. Elapsed time: 9.12 seconds; current allocated memory: 246.043 MB.
INFO: [HLS 200-777] Using interface defaults for 'Vitis' flow target.
INFO: [HLS 200-1995] There were 1,305 instructions in the design after the 'Compile/Link' phase of compilation. See the Design Size Report for more details: /home/spouget/CodeGenerationGurobiWithoutTree/bert_100_3072/kernel_nlp/solution/syn/report/csynth_design_size.rpt
INFO: [HLS 200-1995] There were 15,864 instructions in the design after the 'Unroll/Inline (step 1)' phase of compilation. See the Design Size Report for more details: /home/spouget/CodeGenerationGurobiWithoutTree/bert_100_3072/kernel_nlp/solution/syn/report/csynth_design_size.rpt
INFO: [HLS 200-1995] There were 7,388 instructions in the design after the 'Unroll/Inline (step 2)' phase of compilation. See the Design Size Report for more details: /home/spouget/CodeGenerationGurobiWithoutTree/bert_100_3072/kernel_nlp/solution/syn/report/csynth_design_size.rpt
INFO: [HLS 200-1995] There were 6,640 instructions in the design after the 'Unroll/Inline (step 3)' phase of compilation. See the Design Size Report for more details: /home/spouget/CodeGenerationGurobiWithoutTree/bert_100_3072/kernel_nlp/solution/syn/report/csynth_design_size.rpt
INFO: [HLS 200-1995] There were 6,380 instructions in the design after the 'Unroll/Inline (step 4)' phase of compilation. See the Design Size Report for more details: /home/spouget/CodeGenerationGurobiWithoutTree/bert_100_3072/kernel_nlp/solution/syn/report/csynth_design_size.rpt
WARNING: [HLS 200-1995] There were 1,228,930 instructions in the design after the 'Array/Struct' phase of compilation. See the Design Size Report for more details: /home/spouget/CodeGenerationGurobiWithoutTree/bert_100_3072/kernel_nlp/solution/syn/report/csynth_design_size.rpt
INFO: [HLS 200-1995] There were 38,949 instructions in the design after the 'Array/Struct (step 2)' phase of compilation. See the Design Size Report for more details: /home/spouget/CodeGenerationGurobiWithoutTree/bert_100_3072/kernel_nlp/solution/syn/report/csynth_design_size.rpt
INFO: [HLS 200-1995] There were 38,950 instructions in the design after the 'Array/Struct (step 3)' phase of compilation. See the Design Size Report for more details: /home/spouget/CodeGenerationGurobiWithoutTree/bert_100_3072/kernel_nlp/solution/syn/report/csynth_design_size.rpt
INFO: [HLS 200-1995] There were 39,180 instructions in the design after the 'Array/Struct (step 4)' phase of compilation. See the Design Size Report for more details: /home/spouget/CodeGenerationGurobiWithoutTree/bert_100_3072/kernel_nlp/solution/syn/report/csynth_design_size.rpt
INFO: [HLS 200-1995] There were 38,843 instructions in the design after the 'Array/Struct (step 5)' phase of compilation. See the Design Size Report for more details: /home/spouget/CodeGenerationGurobiWithoutTree/bert_100_3072/kernel_nlp/solution/syn/report/csynth_design_size.rpt
INFO: [HLS 200-1995] There were 38,849 instructions in the design after the 'Performance' phase of compilation. See the Design Size Report for more details: /home/spouget/CodeGenerationGurobiWithoutTree/bert_100_3072/kernel_nlp/solution/syn/report/csynth_design_size.rpt
INFO: [HLS 200-1995] There were 38,840 instructions in the design after the 'Performance (step 2)' phase of compilation. See the Design Size Report for more details: /home/spouget/CodeGenerationGurobiWithoutTree/bert_100_3072/kernel_nlp/solution/syn/report/csynth_design_size.rpt
INFO: [HLS 200-1995] There were 38,840 instructions in the design after the 'Performance (step 3)' phase of compilation. See the Design Size Report for more details: /home/spouget/CodeGenerationGurobiWithoutTree/bert_100_3072/kernel_nlp/solution/syn/report/csynth_design_size.rpt
INFO: [HLS 200-1995] There were 38,840 instructions in the design after the 'Performance (step 4)' phase of compilation. See the Design Size Report for more details: /home/spouget/CodeGenerationGurobiWithoutTree/bert_100_3072/kernel_nlp/solution/syn/report/csynth_design_size.rpt
INFO: [HLS 200-1995] There were 38,869 instructions in the design after the 'HW Transforms (step 1)' phase of compilation. See the Design Size Report for more details: /home/spouget/CodeGenerationGurobiWithoutTree/bert_100_3072/kernel_nlp/solution/syn/report/csynth_design_size.rpt
INFO: [HLS 200-1995] There were 38,973 instructions in the design after the 'HW Transforms (step 2)' phase of compilation. See the Design Size Report for more details: /home/spouget/CodeGenerationGurobiWithoutTree/bert_100_3072/kernel_nlp/solution/syn/report/csynth_design_size.rpt
INFO: [HLS 214-291] Loop 'VITIS_LOOP_130_5' is marked as complete unroll implied by the pipeline pragma (code_generated.cpp:130:20)
INFO: [HLS 214-291] Loop 'VITIS_LOOP_131_6' is marked as complete unroll implied by the pipeline pragma (code_generated.cpp:131:47)
INFO: [HLS 214-291] Loop 'VITIS_LOOP_132_7' is marked as complete unroll implied by the pipeline pragma (code_generated.cpp:132:39)
INFO: [HLS 214-291] Loop 'VITIS_LOOP_109_4' is marked as complete unroll implied by the pipeline pragma (code_generated.cpp:109:20)
INFO: [HLS 214-291] Loop 'VITIS_LOOP_110_5' is marked as complete unroll implied by the pipeline pragma (code_generated.cpp:110:39)
INFO: [HLS 214-186] Unrolling loop 'VITIS_LOOP_130_5' (code_generated.cpp:130:20) in function 'task1' completely with a factor of 2 (code_generated.cpp:121:0)
INFO: [HLS 214-186] Unrolling loop 'VITIS_LOOP_131_6' (code_generated.cpp:131:47) in function 'task1' completely with a factor of 25 (code_generated.cpp:121:0)
INFO: [HLS 214-186] Unrolling loop 'VITIS_LOOP_132_7' (code_generated.cpp:132:39) in function 'task1' completely with a factor of 25 (code_generated.cpp:121:0)
INFO: [HLS 214-186] Unrolling loop 'VITIS_LOOP_109_4' (code_generated.cpp:109:20) in function 'task0' completely with a factor of 50 (code_generated.cpp:102:0)
INFO: [HLS 214-186] Unrolling loop 'VITIS_LOOP_110_5' (code_generated.cpp:110:39) in function 'task0' completely with a factor of 16 (code_generated.cpp:102:0)
INFO: [HLS 214-178] Inlining function 'std::__array_traits<float, 16ul>::_S_ref(float const (&) [16], unsigned long)' into 'std::array<float, 16ul>::operator[](unsigned long)' (/mnt/software/xilinx/Vitis_HLS/2023.2/tps/lnx64/gcc-8.3.0/lib/gcc/x86_64-pc-linux-gnu/8.3.0/../../../../include/c++/8.3.0/array:186:0)
INFO: [HLS 214-178] Inlining function 'std::array<float, 16ul>::operator[](unsigned long)' into 'load_C(float (*) [3072], hls::vector<float, 16ul>*)' (code_generated.cpp:12:0)
INFO: [HLS 214-178] Inlining function 'std::__array_traits<float, 4ul>::_S_ref(float const (&) [4], unsigned long)' into 'std::array<float, 4ul>::operator[](unsigned long)' (/mnt/software/xilinx/Vitis_HLS/2023.2/tps/lnx64/gcc-8.3.0/lib/gcc/x86_64-pc-linux-gnu/8.3.0/../../../../include/c++/8.3.0/array:186:0)
INFO: [HLS 214-178] Inlining function 'std::array<float, 4ul>::operator[](unsigned long)' into 'load_A(float (*) [100], hls::vector<float, 4ul>*)' (code_generated.cpp:37:0)
INFO: [HLS 214-178] Inlining function 'std::array<float, 16ul>::operator[](unsigned long)' into 'load_B(float (*) [3072], hls::vector<float, 16ul>*)' (code_generated.cpp:50:0)
INFO: [HLS 214-178] Inlining function 'std::array<float, 16ul>::operator[](unsigned long)' into 'store_C(float (*) [3072], hls::vector<float, 16ul>*)' (code_generated.cpp:75:0)
INFO: [HLS 214-248] Applying array_partition to 'A': Cyclic partitioning with factor 25 on dimension 1. Cyclic partitioning with factor 25 on dimension 2. (code_generated.cpp:156:8)
INFO: [HLS 214-248] Applying array_partition to 'B': Cyclic partitioning with factor 25 on dimension 1. Cyclic partitioning with factor 32 on dimension 2. (code_generated.cpp:157:11)
INFO: [HLS 214-248] Applying array_partition to 'C': Cyclic partitioning with factor 50 on dimension 1. Cyclic partitioning with factor 16 on dimension 2. (code_generated.cpp:158:11)
INFO: [HLS 214-241] Aggregating maxi variable 'vC' with compact=none mode in 512-bits
INFO: [HLS 214-241] Aggregating maxi variable 'vA' with compact=none mode in 128-bits
INFO: [HLS 214-241] Aggregating maxi variable 'vB' with compact=none mode in 512-bits
INFO: [HLS 214-115] Multiple burst reads of length 19200 and bit width 512 in loop 'VITIS_LOOP_14_1'(code_generated.cpp:14:19) has been inferred on bundle 'kernel_C'. These burst requests might be further partitioned into multiple requests during RTL generation, based on max_read_burst_length or max_write_burst_length settings. (code_generated.cpp:14:19)
INFO: [HLS 214-115] Multiple burst reads of length 2500 and bit width 128 in loop 'VITIS_LOOP_39_1'(code_generated.cpp:39:19) has been inferred on bundle 'kernel_A'. These burst requests might be further partitioned into multiple requests during RTL generation, based on max_read_burst_length or max_write_burst_length settings. (code_generated.cpp:39:19)
INFO: [HLS 214-115] Multiple burst reads of length 19200 and bit width 512 in loop 'VITIS_LOOP_52_1'(code_generated.cpp:52:19) has been inferred on bundle 'kernel_B'. These burst requests might be further partitioned into multiple requests during RTL generation, based on max_read_burst_length or max_write_burst_length settings. (code_generated.cpp:52:19)
INFO: [HLS 214-115] Multiple burst writes of length 19200 and bit width 512 in loop 'VITIS_LOOP_77_1'(code_generated.cpp:77:19) has been inferred on bundle 'kernel_C'. These burst requests might be further partitioned into multiple requests during RTL generation, based on max_read_burst_length or max_write_burst_length settings. (code_generated.cpp:77:19)
INFO: [HLS 200-111] Finished Compiling Optimization and Transform: CPU user time: 75.06 seconds. CPU system time: 1.27 seconds. Elapsed time: 93.74 seconds; current allocated memory: 249.555 MB.
INFO: [HLS 200-111] Finished Checking Pragmas: CPU user time: 0 seconds. CPU system time: 0 seconds. Elapsed time: 0.01 seconds; current allocated memory: 249.555 MB.
INFO: [HLS 200-10] Starting code transformations ...
INFO: [HLS 200-111] Finished Standard Transforms: CPU user time: 60.88 seconds. CPU system time: 0.04 seconds. Elapsed time: 61.77 seconds; current allocated memory: 294.355 MB.
INFO: [HLS 200-10] Checking synthesizability ...
INFO: [HLS 200-111] Finished Checking Synthesizability: CPU user time: 15.15 seconds. CPU system time: 0.04 seconds. Elapsed time: 15.62 seconds; current allocated memory: 340.457 MB.
INFO: [HLS 200-111] Finished Loop, function and other optimizations: CPU user time: 155.03 seconds. CPU system time: 0.08 seconds. Elapsed time: 155.36 seconds; current allocated memory: 391.918 MB.
INFO: [HLS 200-2061] Successfully converted nested loops 'VITIS_LOOP_127_3'(code_generated.cpp:127:31) and 'VITIS_LOOP_128_4'(code_generated.cpp:128:35) in function 'task1' into perfectly nested loops.
INFO: [HLS 200-2061] Successfully converted nested loops 'VITIS_LOOP_106_2'(code_generated.cpp:106:27) and 'VITIS_LOOP_107_3'(code_generated.cpp:107:31) in function 'task0' into perfectly nested loops.
INFO: [HLS 200-2061] Successfully converted nested loops 'VITIS_LOOP_105_1'(code_generated.cpp:105:23) and 'VITIS_LOOP_106_2'(code_generated.cpp:106:27) in function 'task0' into perfectly nested loops.
INFO: [HLS 200-2061] Successfully converted nested loops 'VITIS_LOOP_77_1'(code_generated.cpp:77:19) and 'VITIS_LOOP_78_2'(code_generated.cpp:78:26) in function 'store_C' into perfectly nested loops.
INFO: [HLS 200-2061] Successfully converted nested loops 'VITIS_LOOP_14_1'(code_generated.cpp:14:19) and 'VITIS_LOOP_15_2'(code_generated.cpp:15:26) in function 'load_C' into perfectly nested loops.
INFO: [HLS 200-2061] Successfully converted nested loops 'VITIS_LOOP_52_1'(code_generated.cpp:52:19) and 'VITIS_LOOP_53_2'(code_generated.cpp:53:26) in function 'load_B' into perfectly nested loops.
INFO: [HLS 200-2061] Successfully converted nested loops 'VITIS_LOOP_39_1'(code_generated.cpp:39:19) and 'VITIS_LOOP_40_2'(code_generated.cpp:40:26) in function 'load_A' into perfectly nested loops.
INFO: [XFORM 203-541] Flattening a loop nest 'VITIS_LOOP_127_3' (code_generated.cpp:127:31) in function 'task1'.
INFO: [XFORM 203-541] Flattening a loop nest 'VITIS_LOOP_125_1' (code_generated.cpp:125:23) in function 'task1'.
INFO: [XFORM 203-541] Flattening a loop nest 'VITIS_LOOP_106_2' (code_generated.cpp:106:27) in function 'task0'.
INFO: [XFORM 203-541] Flattening a loop nest 'VITIS_LOOP_105_1' (code_generated.cpp:105:23) in function 'task0'.
INFO: [XFORM 203-541] Flattening a loop nest 'VITIS_LOOP_77_1' (code_generated.cpp:77:19) in function 'store_C'.
INFO: [XFORM 203-541] Flattening a loop nest 'VITIS_LOOP_14_1' (code_generated.cpp:14:19) in function 'load_C'.
INFO: [XFORM 203-541] Flattening a loop nest 'VITIS_LOOP_52_1' (code_generated.cpp:52:19) in function 'load_B'.
INFO: [XFORM 203-541] Flattening a loop nest 'VITIS_LOOP_39_1' (code_generated.cpp:39:19) in function 'load_A'.
INFO: [HLS 200-111] Finished Architecture Synthesis: CPU user time: 97.21 seconds. CPU system time: 0.08 seconds. Elapsed time: 98.39 seconds; current allocated memory: 588.062 MB.
INFO: [HLS 200-10] Starting hardware synthesis ...
INFO: [HLS 200-10] Synthesizing 'kernel_nlp' ...
INFO: [HLS 200-10] ----------------------------------------------------------------
INFO: [HLS 200-42] -- Implementing module 'load_C_Pipeline_VITIS_LOOP_14_1_VITIS_LOOP_15_2' 
INFO: [HLS 200-10] ----------------------------------------------------------------
INFO: [SCHED 204-11] Starting scheduling ...
INFO: [SCHED 204-61] Pipelining loop 'VITIS_LOOP_14_1_VITIS_LOOP_15_2'.
INFO: [HLS 200-1470] Pipelining result : Target II = 1, Final II = 1, Depth = 12, loop 'VITIS_LOOP_14_1_VITIS_LOOP_15_2'
INFO: [SCHED 204-11] Finished scheduling.
INFO: [HLS 200-111] Finished Scheduling: CPU user time: 13.37 seconds. CPU system time: 0.13 seconds. Elapsed time: 14.07 seconds; current allocated memory: 671.648 MB.
INFO: [BIND 205-100] Starting micro-architecture generation ...
INFO: [BIND 205-101] Performing variable lifetime analysis.
INFO: [BIND 205-101] Exploring resource sharing.
INFO: [BIND 205-101] Binding ...
INFO: [BIND 205-100] Finished micro-architecture generation.
INFO: [HLS 200-111] Finished Binding: CPU user time: 0.15 seconds. CPU system time: 0.02 seconds. Elapsed time: 1.69 seconds; current allocated memory: 671.648 MB.
INFO: [HLS 200-10] ----------------------------------------------------------------
INFO: [HLS 200-42] -- Implementing module 'load_C' 
INFO: [HLS 200-10] ----------------------------------------------------------------
INFO: [SCHED 204-11] Starting scheduling ...
INFO: [SCHED 204-11] Finished scheduling.
INFO: [HLS 200-111] Finished Scheduling: CPU user time: 0.12 seconds. CPU system time: 0.02 seconds. Elapsed time: 3.84 seconds; current allocated memory: 671.648 MB.
INFO: [BIND 205-100] Starting micro-architecture generation ...
INFO: [BIND 205-101] Performing variable lifetime analysis.
INFO: [BIND 205-101] Exploring resource sharing.
INFO: [BIND 205-101] Binding ...
INFO: [BIND 205-100] Finished micro-architecture generation.
INFO: [HLS 200-111] Finished Binding: CPU user time: 0.04 seconds. CPU system time: 0.01 seconds. Elapsed time: 0.06 seconds; current allocated memory: 671.648 MB.
INFO: [HLS 200-10] ----------------------------------------------------------------
INFO: [HLS 200-42] -- Implementing module 'load_A_Pipeline_VITIS_LOOP_39_1_VITIS_LOOP_40_2' 
INFO: [HLS 200-10] ----------------------------------------------------------------
INFO: [SCHED 204-11] Starting scheduling ...
INFO: [SCHED 204-61] Pipelining loop 'VITIS_LOOP_39_1_VITIS_LOOP_40_2'.
INFO: [HLS 200-1470] Pipelining result : Target II = 1, Final II = 1, Depth = 11, loop 'VITIS_LOOP_39_1_VITIS_LOOP_40_2'
INFO: [SCHED 204-11] Finished scheduling.
INFO: [HLS 200-111] Finished Scheduling: CPU user time: 13.01 seconds. CPU system time: 0.04 seconds. Elapsed time: 18.37 seconds; current allocated memory: 769.223 MB.
INFO: [BIND 205-100] Starting micro-architecture generation ...
INFO: [BIND 205-101] Performing variable lifetime analysis.
INFO: [BIND 205-101] Exploring resource sharing.
INFO: [BIND 205-101] Binding ...
INFO: [BIND 205-100] Finished micro-architecture generation.
INFO: [HLS 200-111] Finished Binding: CPU user time: 0.63 seconds. CPU system time: 0.02 seconds. Elapsed time: 1.08 seconds; current allocated memory: 769.223 MB.
INFO: [HLS 200-10] ----------------------------------------------------------------
INFO: [HLS 200-42] -- Implementing module 'load_A' 
INFO: [HLS 200-10] ----------------------------------------------------------------
INFO: [SCHED 204-11] Starting scheduling ...
INFO: [SCHED 204-11] Finished scheduling.
INFO: [HLS 200-111] Finished Scheduling: CPU user time: 0.36 seconds. CPU system time: 0.05 seconds. Elapsed time: 3.38 seconds; current allocated memory: 769.223 MB.
INFO: [BIND 205-100] Starting micro-architecture generation ...
INFO: [BIND 205-101] Performing variable lifetime analysis.
INFO: [BIND 205-101] Exploring resource sharing.
INFO: [BIND 205-101] Binding ...
INFO: [BIND 205-100] Finished micro-architecture generation.
INFO: [HLS 200-111] Finished Binding: CPU user time: 0.04 seconds. CPU system time: 0 seconds. Elapsed time: 1.3 seconds; current allocated memory: 769.223 MB.
INFO: [HLS 200-10] ----------------------------------------------------------------
INFO: [HLS 200-42] -- Implementing module 'load_B_Pipeline_VITIS_LOOP_52_1_VITIS_LOOP_53_2' 
INFO: [HLS 200-10] ----------------------------------------------------------------
INFO: [SCHED 204-11] Starting scheduling ...
INFO: [SCHED 204-61] Pipelining loop 'VITIS_LOOP_52_1_VITIS_LOOP_53_2'.
INFO: [HLS 200-1470] Pipelining result : Target II = 1, Final II = 1, Depth = 11, loop 'VITIS_LOOP_52_1_VITIS_LOOP_53_2'
INFO: [SCHED 204-11] Finished scheduling.
INFO: [HLS 200-111] Finished Scheduling: CPU user time: 3.85 seconds. CPU system time: 0.02 seconds. Elapsed time: 7.1 seconds; current allocated memory: 769.223 MB.
INFO: [BIND 205-100] Starting micro-architecture generation ...
INFO: [BIND 205-101] Performing variable lifetime analysis.
INFO: [BIND 205-101] Exploring resource sharing.
INFO: [BIND 205-101] Binding ...
INFO: [BIND 205-100] Finished micro-architecture generation.
INFO: [HLS 200-111] Finished Binding: CPU user time: 0.17 seconds. CPU system time: 0 seconds. Elapsed time: 4.13 seconds; current allocated memory: 769.223 MB.
INFO: [HLS 200-10] ----------------------------------------------------------------
INFO: [HLS 200-42] -- Implementing module 'load_B' 
INFO: [HLS 200-10] ----------------------------------------------------------------
INFO: [SCHED 204-11] Starting scheduling ...
INFO: [SCHED 204-11] Finished scheduling.
INFO: [HLS 200-111] Finished Scheduling: CPU user time: 0.13 seconds. CPU system time: 0.02 seconds. Elapsed time: 2.62 seconds; current allocated memory: 769.223 MB.
INFO: [BIND 205-100] Starting micro-architecture generation ...
INFO: [BIND 205-101] Performing variable lifetime analysis.
INFO: [BIND 205-101] Exploring resource sharing.
INFO: [BIND 205-101] Binding ...
INFO: [BIND 205-100] Finished micro-architecture generation.
INFO: [HLS 200-111] Finished Binding: CPU user time: 0.04 seconds. CPU system time: 0 seconds. Elapsed time: 3.74 seconds; current allocated memory: 769.223 MB.
INFO: [HLS 200-10] ----------------------------------------------------------------
INFO: [HLS 200-42] -- Implementing module 'task0' 
INFO: [HLS 200-10] ----------------------------------------------------------------
INFO: [SCHED 204-11] Starting scheduling ...
INFO: [SCHED 204-61] Pipelining loop 'VITIS_LOOP_105_1_VITIS_LOOP_106_2_VITIS_LOOP_107_3'.
INFO: [HLS 200-1470] Pipelining result : Target II = NA, Final II = 1, Depth = 2, loop 'VITIS_LOOP_105_1_VITIS_LOOP_106_2_VITIS_LOOP_107_3'
WARNING: [HLS 200-871] Estimated clock period (3.129 ns) exceeds the target (target clock period: 4.000 ns, clock uncertainty: 1.080 ns, effective delay budget: 2.920 ns).
Resolution: For help on HLS 200-871 see docs.xilinx.com/access/sources/dita/topic?Doc_Version=2023.2%20English&url=ug1448-hls-guidance&resourceid=200-871.html
WARNING: [HLS 200-1016] The critical path in module 'task0' consists of the following:
	'store' operation 0 bit ('indvar_flatten_write_ln0') of constant 0 on local variable 'indvar_flatten' [808]  (0.387 ns)
	'load' operation 9 bit ('indvar_flatten_load', code_generated.cpp:106) on local variable 'indvar_flatten' [820]  (0.000 ns)
	'icmp' operation 1 bit ('icmp_ln106', code_generated.cpp:106) [825]  (0.715 ns)
	'select' operation 7 bit ('select_ln105', code_generated.cpp:105) [826]  (0.308 ns)
	'add' operation 7 bit ('add_ln106', code_generated.cpp:106) [832]  (0.706 ns)
	'select' operation 7 bit ('select_ln106_1', code_generated.cpp:106) [835]  (0.308 ns)
	'add' operation 8 bit ('add_ln113', code_generated.cpp:113) [843]  (0.705 ns)

Resolution: For help on HLS 200-1016 see docs.xilinx.com/access/sources/dita/topic?Doc_Version=2023.2%20English&url=ug1448-hls-guidance&resourceid=200-1016.html
INFO: [SCHED 204-11] Finished scheduling.
INFO: [HLS 200-111] Finished Scheduling: CPU user time: 34.63 seconds. CPU system time: 0.03 seconds. Elapsed time: 40.13 seconds; current allocated memory: 769.262 MB.
INFO: [BIND 205-100] Starting micro-architecture generation ...
INFO: [BIND 205-101] Performing variable lifetime analysis.
INFO: [BIND 205-101] Exploring resource sharing.
INFO: [BIND 205-101] Binding ...
INFO: [BIND 205-100] Finished micro-architecture generation.
INFO: [HLS 200-111] Finished Binding: CPU user time: 0.13 seconds. CPU system time: 0.01 seconds. Elapsed time: 8.17 seconds; current allocated memory: 769.262 MB.
INFO: [HLS 200-10] ----------------------------------------------------------------
INFO: [HLS 200-42] -- Implementing module 'task1' 
INFO: [HLS 200-10] ----------------------------------------------------------------
INFO: [SCHED 204-11] Starting scheduling ...
INFO: [SCHED 204-61] Pipelining loop 'VITIS_LOOP_125_1_VITIS_LOOP_127_3_VITIS_LOOP_128_4'.
INFO: [HLS 200-1470] Pipelining result : Target II = NA, Final II = 1, Depth = 184, loop 'VITIS_LOOP_125_1_VITIS_LOOP_127_3_VITIS_LOOP_128_4'
INFO: [SCHED 204-11] Finished scheduling.
INFO: [HLS 200-111] Finished Scheduling: CPU user time: 1074.97 seconds. CPU system time: 0.33 seconds. Elapsed time: 1078.21 seconds; current allocated memory: 923.238 MB.
INFO: [BIND 205-100] Starting micro-architecture generation ...
INFO: [BIND 205-101] Performing variable lifetime analysis.
INFO: [BIND 205-101] Exploring resource sharing.
INFO: [BIND 205-101] Binding ...
INFO: [BIND 205-100] Finished micro-architecture generation.
INFO: [HLS 200-111] Finished Binding: CPU user time: 4.01 seconds. CPU system time: 0.07 seconds. Elapsed time: 10.26 seconds; current allocated memory: 923.238 MB.
INFO: [HLS 200-10] ----------------------------------------------------------------
INFO: [HLS 200-42] -- Implementing module 'store_C_Pipeline_VITIS_LOOP_77_1_VITIS_LOOP_78_2' 
INFO: [HLS 200-10] ----------------------------------------------------------------
INFO: [SCHED 204-11] Starting scheduling ...
INFO: [SCHED 204-61] Pipelining loop 'VITIS_LOOP_77_1_VITIS_LOOP_78_2'.
INFO: [HLS 200-1470] Pipelining result : Target II = 1, Final II = 1, Depth = 12, loop 'VITIS_LOOP_77_1_VITIS_LOOP_78_2'
INFO: [SCHED 204-11] Finished scheduling.
INFO: [HLS 200-111] Finished Scheduling: CPU user time: 9.8 seconds. CPU system time: 0.08 seconds. Elapsed time: 17.11 seconds; current allocated memory: 923.238 MB.
INFO: [BIND 205-100] Starting micro-architecture generation ...
INFO: [BIND 205-101] Performing variable lifetime analysis.
INFO: [BIND 205-101] Exploring resource sharing.
INFO: [BIND 205-101] Binding ...
INFO: [BIND 205-100] Finished micro-architecture generation.
INFO: [HLS 200-111] Finished Binding: CPU user time: 0.19 seconds. CPU system time: 0.02 seconds. Elapsed time: 2.45 seconds; current allocated memory: 923.238 MB.
INFO: [HLS 200-10] ----------------------------------------------------------------
INFO: [HLS 200-42] -- Implementing module 'store_C' 
INFO: [HLS 200-10] ----------------------------------------------------------------
INFO: [SCHED 204-11] Starting scheduling ...
INFO: [SCHED 204-11] Finished scheduling.
INFO: [HLS 200-111] Finished Scheduling: CPU user time: 0.15 seconds. CPU system time: 0.02 seconds. Elapsed time: 1.27 seconds; current allocated memory: 923.238 MB.
INFO: [BIND 205-100] Starting micro-architecture generation ...
INFO: [BIND 205-101] Performing variable lifetime analysis.
INFO: [BIND 205-101] Exploring resource sharing.
INFO: [BIND 205-101] Binding ...
INFO: [BIND 205-100] Finished micro-architecture generation.
INFO: [HLS 200-111] Finished Binding: CPU user time: 0.04 seconds. CPU system time: 0 seconds. Elapsed time: 3.49 seconds; current allocated memory: 923.238 MB.
INFO: [HLS 200-10] ----------------------------------------------------------------
INFO: [HLS 200-42] -- Implementing module 'kernel_nlp' 
INFO: [HLS 200-10] ----------------------------------------------------------------
INFO: [SCHED 204-11] Starting scheduling ...
INFO: [SCHED 204-11] Finished scheduling.
INFO: [HLS 200-111] Finished Scheduling: CPU user time: 0.93 seconds. CPU system time: 0.01 seconds. Elapsed time: 4.12 seconds; current allocated memory: 923.238 MB.
INFO: [BIND 205-100] Starting micro-architecture generation ...
INFO: [BIND 205-101] Performing variable lifetime analysis.
INFO: [BIND 205-101] Exploring resource sharing.
INFO: [BIND 205-101] Binding ...
INFO: [BIND 205-100] Finished micro-architecture generation.
INFO: [HLS 200-111] Finished Binding: CPU user time: 2.34 seconds. CPU system time: 0.03 seconds. Elapsed time: 2.48 seconds; current allocated memory: 923.238 MB.
INFO: [HLS 200-10] ----------------------------------------------------------------
INFO: [HLS 200-10] -- Generating RTL for module 'load_C_Pipeline_VITIS_LOOP_14_1_VITIS_LOOP_15_2' 
INFO: [HLS 200-10] ----------------------------------------------------------------
INFO: [HLS 200-1030] Apply Unified Pipeline Control on module 'load_C_Pipeline_VITIS_LOOP_14_1_VITIS_LOOP_15_2' pipeline 'VITIS_LOOP_14_1_VITIS_LOOP_15_2' pipeline type 'loop pipeline'
WARNING: [RTGEN 206-101] Setting dangling out port 'load_C_Pipeline_VITIS_LOOP_14_1_VITIS_LOOP_15_2/m_axi_kernel_C_ARVALID' to 0.
WARNING: [RTGEN 206-101] Setting dangling out port 'load_C_Pipeline_VITIS_LOOP_14_1_VITIS_LOOP_15_2/m_axi_kernel_C_ARADDR' to 0.
WARNING: [RTGEN 206-101] Setting dangling out port 'load_C_Pipeline_VITIS_LOOP_14_1_VITIS_LOOP_15_2/m_axi_kernel_C_ARID' to 0.
WARNING: [RTGEN 206-101] Setting dangling out port 'load_C_Pipeline_VITIS_LOOP_14_1_VITIS_LOOP_15_2/m_axi_kernel_C_ARLEN' to 0.
WARNING: [RTGEN 206-101] Setting dangling out port 'load_C_Pipeline_VITIS_LOOP_14_1_VITIS_LOOP_15_2/m_axi_kernel_C_ARSIZE' to 0.
WARNING: [RTGEN 206-101] Setting dangling out port 'load_C_Pipeline_VITIS_LOOP_14_1_VITIS_LOOP_15_2/m_axi_kernel_C_ARBURST' to 0.
WARNING: [RTGEN 206-101] Setting dangling out port 'load_C_Pipeline_VITIS_LOOP_14_1_VITIS_LOOP_15_2/m_axi_kernel_C_ARLOCK' to 0.
WARNING: [RTGEN 206-101] Setting dangling out port 'load_C_Pipeline_VITIS_LOOP_14_1_VITIS_LOOP_15_2/m_axi_kernel_C_ARCACHE' to 0.
WARNING: [RTGEN 206-101] Setting dangling out port 'load_C_Pipeline_VITIS_LOOP_14_1_VITIS_LOOP_15_2/m_axi_kernel_C_ARPROT' to 0.
WARNING: [RTGEN 206-101] Setting dangling out port 'load_C_Pipeline_VITIS_LOOP_14_1_VITIS_LOOP_15_2/m_axi_kernel_C_ARQOS' to 0.
WARNING: [RTGEN 206-101] Setting dangling out port 'load_C_Pipeline_VITIS_LOOP_14_1_VITIS_LOOP_15_2/m_axi_kernel_C_ARREGION' to 0.
WARNING: [RTGEN 206-101] Setting dangling out port 'load_C_Pipeline_VITIS_LOOP_14_1_VITIS_LOOP_15_2/m_axi_kernel_C_ARUSER' to 0.
INFO: [RTGEN 206-104] Estimated max fanout for 'load_C_Pipeline_VITIS_LOOP_14_1_VITIS_LOOP_15_2' is 32800 from HDL expression: ((ap_enable_reg_pp0_iter11 == 1'b1) & (1'b0 == ap_block_pp0_stage0))
INFO: [RTGEN 206-100] Generating core module 'mul_7ns_9ns_15_1_1': 1 instance(s).
INFO: [RTGEN 206-100] Generating core module 'urem_7ns_7ns_6_11_1': 1 instance(s).
INFO: [RTGEN 206-100] Finished creating RTL model for 'load_C_Pipeline_VITIS_LOOP_14_1_VITIS_LOOP_15_2'.
INFO: [HLS 200-111] Finished Creating RTL model: CPU user time: 0.61 seconds. CPU system time: 0.03 seconds. Elapsed time: 0.82 seconds; current allocated memory: 923.238 MB.
INFO: [HLS 200-10] ----------------------------------------------------------------
INFO: [HLS 200-10] -- Generating RTL for module 'load_C' 
INFO: [HLS 200-10] ----------------------------------------------------------------
INFO: [RTGEN 206-104] Estimated max fanout for 'load_C' is 34400 from HDL expression: (1'b1 == ap_CS_fsm_state73)
INFO: [RTGEN 206-100] Finished creating RTL model for 'load_C'.
INFO: [HLS 200-111] Finished Creating RTL model: CPU user time: 0.66 seconds. CPU system time: 0.07 seconds. Elapsed time: 0.92 seconds; current allocated memory: 954.918 MB.
INFO: [HLS 200-10] ----------------------------------------------------------------
INFO: [HLS 200-10] -- Generating RTL for module 'load_A_Pipeline_VITIS_LOOP_39_1_VITIS_LOOP_40_2' 
INFO: [HLS 200-10] ----------------------------------------------------------------
INFO: [HLS 200-1030] Apply Unified Pipeline Control on module 'load_A_Pipeline_VITIS_LOOP_39_1_VITIS_LOOP_40_2' pipeline 'VITIS_LOOP_39_1_VITIS_LOOP_40_2' pipeline type 'loop pipeline'
WARNING: [RTGEN 206-101] Setting dangling out port 'load_A_Pipeline_VITIS_LOOP_39_1_VITIS_LOOP_40_2/m_axi_kernel_A_ARVALID' to 0.
WARNING: [RTGEN 206-101] Setting dangling out port 'load_A_Pipeline_VITIS_LOOP_39_1_VITIS_LOOP_40_2/m_axi_kernel_A_ARADDR' to 0.
WARNING: [RTGEN 206-101] Setting dangling out port 'load_A_Pipeline_VITIS_LOOP_39_1_VITIS_LOOP_40_2/m_axi_kernel_A_ARID' to 0.
WARNING: [RTGEN 206-101] Setting dangling out port 'load_A_Pipeline_VITIS_LOOP_39_1_VITIS_LOOP_40_2/m_axi_kernel_A_ARLEN' to 0.
WARNING: [RTGEN 206-101] Setting dangling out port 'load_A_Pipeline_VITIS_LOOP_39_1_VITIS_LOOP_40_2/m_axi_kernel_A_ARSIZE' to 0.
WARNING: [RTGEN 206-101] Setting dangling out port 'load_A_Pipeline_VITIS_LOOP_39_1_VITIS_LOOP_40_2/m_axi_kernel_A_ARBURST' to 0.
WARNING: [RTGEN 206-101] Setting dangling out port 'load_A_Pipeline_VITIS_LOOP_39_1_VITIS_LOOP_40_2/m_axi_kernel_A_ARLOCK' to 0.
WARNING: [RTGEN 206-101] Setting dangling out port 'load_A_Pipeline_VITIS_LOOP_39_1_VITIS_LOOP_40_2/m_axi_kernel_A_ARCACHE' to 0.
WARNING: [RTGEN 206-101] Setting dangling out port 'load_A_Pipeline_VITIS_LOOP_39_1_VITIS_LOOP_40_2/m_axi_kernel_A_ARPROT' to 0.
WARNING: [RTGEN 206-101] Setting dangling out port 'load_A_Pipeline_VITIS_LOOP_39_1_VITIS_LOOP_40_2/m_axi_kernel_A_ARQOS' to 0.
WARNING: [RTGEN 206-101] Setting dangling out port 'load_A_Pipeline_VITIS_LOOP_39_1_VITIS_LOOP_40_2/m_axi_kernel_A_ARREGION' to 0.
WARNING: [RTGEN 206-101] Setting dangling out port 'load_A_Pipeline_VITIS_LOOP_39_1_VITIS_LOOP_40_2/m_axi_kernel_A_ARUSER' to 0.
INFO: [RTGEN 206-100] Generating core module 'mul_7ns_9ns_15_1_1': 5 instance(s).
INFO: [RTGEN 206-100] Generating core module 'urem_7ns_6ns_5_11_1': 2 instance(s).
INFO: [RTGEN 206-100] Finished creating RTL model for 'load_A_Pipeline_VITIS_LOOP_39_1_VITIS_LOOP_40_2'.
INFO: [HLS 200-111] Finished Creating RTL model: CPU user time: 1.16 seconds. CPU system time: 0.07 seconds. Elapsed time: 1.62 seconds; current allocated memory: 1005.172 MB.
INFO: [HLS 200-10] ----------------------------------------------------------------
INFO: [HLS 200-10] -- Generating RTL for module 'load_A' 
INFO: [HLS 200-10] ----------------------------------------------------------------
INFO: [RTGEN 206-104] Estimated max fanout for 'load_A' is 23750 from HDL expression: (1'b1 == ap_CS_fsm_state73)
INFO: [RTGEN 206-100] Finished creating RTL model for 'load_A'.
INFO: [HLS 200-111] Finished Creating RTL model: CPU user time: 1.62 seconds. CPU system time: 0.29 seconds. Elapsed time: 2.18 seconds; current allocated memory: 1.092 GB.
INFO: [HLS 200-10] ----------------------------------------------------------------
INFO: [HLS 200-10] -- Generating RTL for module 'load_B_Pipeline_VITIS_LOOP_52_1_VITIS_LOOP_53_2' 
INFO: [HLS 200-10] ----------------------------------------------------------------
INFO: [HLS 200-1030] Apply Unified Pipeline Control on module 'load_B_Pipeline_VITIS_LOOP_52_1_VITIS_LOOP_53_2' pipeline 'VITIS_LOOP_52_1_VITIS_LOOP_53_2' pipeline type 'loop pipeline'
WARNING: [RTGEN 206-101] Setting dangling out port 'load_B_Pipeline_VITIS_LOOP_52_1_VITIS_LOOP_53_2/m_axi_kernel_B_ARVALID' to 0.
WARNING: [RTGEN 206-101] Setting dangling out port 'load_B_Pipeline_VITIS_LOOP_52_1_VITIS_LOOP_53_2/m_axi_kernel_B_ARADDR' to 0.
WARNING: [RTGEN 206-101] Setting dangling out port 'load_B_Pipeline_VITIS_LOOP_52_1_VITIS_LOOP_53_2/m_axi_kernel_B_ARID' to 0.
WARNING: [RTGEN 206-101] Setting dangling out port 'load_B_Pipeline_VITIS_LOOP_52_1_VITIS_LOOP_53_2/m_axi_kernel_B_ARLEN' to 0.
WARNING: [RTGEN 206-101] Setting dangling out port 'load_B_Pipeline_VITIS_LOOP_52_1_VITIS_LOOP_53_2/m_axi_kernel_B_ARSIZE' to 0.
WARNING: [RTGEN 206-101] Setting dangling out port 'load_B_Pipeline_VITIS_LOOP_52_1_VITIS_LOOP_53_2/m_axi_kernel_B_ARBURST' to 0.
WARNING: [RTGEN 206-101] Setting dangling out port 'load_B_Pipeline_VITIS_LOOP_52_1_VITIS_LOOP_53_2/m_axi_kernel_B_ARLOCK' to 0.
WARNING: [RTGEN 206-101] Setting dangling out port 'load_B_Pipeline_VITIS_LOOP_52_1_VITIS_LOOP_53_2/m_axi_kernel_B_ARCACHE' to 0.
WARNING: [RTGEN 206-101] Setting dangling out port 'load_B_Pipeline_VITIS_LOOP_52_1_VITIS_LOOP_53_2/m_axi_kernel_B_ARPROT' to 0.
WARNING: [RTGEN 206-101] Setting dangling out port 'load_B_Pipeline_VITIS_LOOP_52_1_VITIS_LOOP_53_2/m_axi_kernel_B_ARQOS' to 0.
WARNING: [RTGEN 206-101] Setting dangling out port 'load_B_Pipeline_VITIS_LOOP_52_1_VITIS_LOOP_53_2/m_axi_kernel_B_ARREGION' to 0.
WARNING: [RTGEN 206-101] Setting dangling out port 'load_B_Pipeline_VITIS_LOOP_52_1_VITIS_LOOP_53_2/m_axi_kernel_B_ARUSER' to 0.
INFO: [RTGEN 206-104] Estimated max fanout for 'load_B_Pipeline_VITIS_LOOP_52_1_VITIS_LOOP_53_2' is 32800 from HDL expression: ((ap_enable_reg_pp0_iter10 == 1'b1) & (1'b0 == ap_block_pp0_stage0))
INFO: [RTGEN 206-100] Generating core module 'mul_7ns_9ns_15_1_1': 1 instance(s).
INFO: [RTGEN 206-100] Generating core module 'urem_7ns_6ns_5_11_1': 1 instance(s).
INFO: [RTGEN 206-100] Finished creating RTL model for 'load_B_Pipeline_VITIS_LOOP_52_1_VITIS_LOOP_53_2'.
INFO: [HLS 200-111] Finished Creating RTL model: CPU user time: 0.49 seconds. CPU system time: 0.01 seconds. Elapsed time: 0.94 seconds; current allocated memory: 1.112 GB.
INFO: [HLS 200-10] ----------------------------------------------------------------
INFO: [HLS 200-10] -- Generating RTL for module 'load_B' 
INFO: [HLS 200-10] ----------------------------------------------------------------
INFO: [RTGEN 206-104] Estimated max fanout for 'load_B' is 34400 from HDL expression: (1'b1 == ap_CS_fsm_state73)
INFO: [RTGEN 206-100] Finished creating RTL model for 'load_B'.
INFO: [HLS 200-111] Finished Creating RTL model: CPU user time: 0.67 seconds. CPU system time: 0.08 seconds. Elapsed time: 0.93 seconds; current allocated memory: 1.162 GB.
INFO: [HLS 200-10] ----------------------------------------------------------------
INFO: [HLS 200-10] -- Generating RTL for module 'task0' 
INFO: [HLS 200-10] ----------------------------------------------------------------
INFO: [HLS 200-1030] Apply Unified Pipeline Control on module 'task0' pipeline 'VITIS_LOOP_105_1_VITIS_LOOP_106_2_VITIS_LOOP_107_3' pipeline type 'loop pipeline'
INFO: [RTGEN 206-104] Estimated max fanout for 'task0' is 32800 from HDL expression: ((1'b0 == ap_block_pp0_stage0) & (ap_enable_reg_pp0_iter1 == 1'b1) & (1'b1 == ap_CS_fsm_pp0_stage0))
INFO: [RTGEN 206-100] Finished creating RTL model for 'task0'.
INFO: [HLS 200-111] Finished Creating RTL model: CPU user time: 0.46 seconds. CPU system time: 0.03 seconds. Elapsed time: 0.67 seconds; current allocated memory: 1.181 GB.
INFO: [HLS 200-10] ----------------------------------------------------------------
INFO: [HLS 200-10] -- Generating RTL for module 'task1' 
INFO: [HLS 200-10] ----------------------------------------------------------------
INFO: [HLS 200-1030] Apply Unified Pipeline Control on module 'task1' pipeline 'VITIS_LOOP_125_1_VITIS_LOOP_127_3_VITIS_LOOP_128_4' pipeline type 'loop pipeline'
INFO: [RTGEN 206-104] Estimated max fanout for 'task1' is 3228108 from HDL expression: (1'b0 == ap_block_pp0_stage0_11001)
INFO: [RTGEN 206-100] Generating core module 'fadd_32ns_32ns_32_7_full_dsp_1': 1250 instance(s).
INFO: [RTGEN 206-100] Generating core module 'fmul_32ns_32ns_32_4_max_dsp_1': 1250 instance(s).
INFO: [RTGEN 206-100] Generating core module 'sparsemux_17_3_32_1_1': 100 instance(s).
INFO: [RTGEN 206-100] Generating core module 'sparsemux_33_4_32_1_1': 50 instance(s).
INFO: [RTGEN 206-100] Finished creating RTL model for 'task1'.
INFO: [HLS 200-111] Finished Creating RTL model: CPU user time: 14.36 seconds. CPU system time: 0.47 seconds. Elapsed time: 19.84 seconds; current allocated memory: 1.705 GB.
INFO: [HLS 200-10] ----------------------------------------------------------------
INFO: [HLS 200-10] -- Generating RTL for module 'store_C_Pipeline_VITIS_LOOP_77_1_VITIS_LOOP_78_2' 
INFO: [HLS 200-10] ----------------------------------------------------------------
INFO: [HLS 200-1030] Apply Unified Pipeline Control on module 'store_C_Pipeline_VITIS_LOOP_77_1_VITIS_LOOP_78_2' pipeline 'VITIS_LOOP_77_1_VITIS_LOOP_78_2' pipeline type 'loop pipeline'
WARNING: [RTGEN 206-101] Setting dangling out port 'store_C_Pipeline_VITIS_LOOP_77_1_VITIS_LOOP_78_2/m_axi_kernel_C_AWVALID' to 0.
WARNING: [RTGEN 206-101] Setting dangling out port 'store_C_Pipeline_VITIS_LOOP_77_1_VITIS_LOOP_78_2/m_axi_kernel_C_AWADDR' to 0.
WARNING: [RTGEN 206-101] Setting dangling out port 'store_C_Pipeline_VITIS_LOOP_77_1_VITIS_LOOP_78_2/m_axi_kernel_C_AWID' to 0.
WARNING: [RTGEN 206-101] Setting dangling out port 'store_C_Pipeline_VITIS_LOOP_77_1_VITIS_LOOP_78_2/m_axi_kernel_C_AWLEN' to 0.
WARNING: [RTGEN 206-101] Setting dangling out port 'store_C_Pipeline_VITIS_LOOP_77_1_VITIS_LOOP_78_2/m_axi_kernel_C_AWSIZE' to 0.
WARNING: [RTGEN 206-101] Setting dangling out port 'store_C_Pipeline_VITIS_LOOP_77_1_VITIS_LOOP_78_2/m_axi_kernel_C_AWBURST' to 0.
WARNING: [RTGEN 206-101] Setting dangling out port 'store_C_Pipeline_VITIS_LOOP_77_1_VITIS_LOOP_78_2/m_axi_kernel_C_AWLOCK' to 0.
WARNING: [RTGEN 206-101] Setting dangling out port 'store_C_Pipeline_VITIS_LOOP_77_1_VITIS_LOOP_78_2/m_axi_kernel_C_AWCACHE' to 0.
WARNING: [RTGEN 206-101] Setting dangling out port 'store_C_Pipeline_VITIS_LOOP_77_1_VITIS_LOOP_78_2/m_axi_kernel_C_AWPROT' to 0.
WARNING: [RTGEN 206-101] Setting dangling out port 'store_C_Pipeline_VITIS_LOOP_77_1_VITIS_LOOP_78_2/m_axi_kernel_C_AWQOS' to 0.
WARNING: [RTGEN 206-101] Setting dangling out port 'store_C_Pipeline_VITIS_LOOP_77_1_VITIS_LOOP_78_2/m_axi_kernel_C_AWREGION' to 0.
WARNING: [RTGEN 206-101] Setting dangling out port 'store_C_Pipeline_VITIS_LOOP_77_1_VITIS_LOOP_78_2/m_axi_kernel_C_AWUSER' to 0.
WARNING: [RTGEN 206-101] Setting dangling out port 'store_C_Pipeline_VITIS_LOOP_77_1_VITIS_LOOP_78_2/m_axi_kernel_C_BREADY' to 0.
INFO: [RTGEN 206-104] Estimated max fanout for 'store_C_Pipeline_VITIS_LOOP_77_1_VITIS_LOOP_78_2' is 7200 from HDL expression: ((ap_enable_reg_pp0_iter9 == 1'b1) & (1'b0 == ap_block_pp0_stage0))
INFO: [RTGEN 206-100] Generating core module 'mul_7ns_9ns_15_1_1': 1 instance(s).
INFO: [RTGEN 206-100] Generating core module 'sparsemux_101_6_32_1_1': 16 instance(s).
INFO: [RTGEN 206-100] Generating core module 'urem_7ns_7ns_6_11_1': 1 instance(s).
INFO: [RTGEN 206-100] Finished creating RTL model for 'store_C_Pipeline_VITIS_LOOP_77_1_VITIS_LOOP_78_2'.
INFO: [HLS 200-111] Finished Creating RTL model: CPU user time: 14.28 seconds. CPU system time: 0.43 seconds. Elapsed time: 21.78 seconds; current allocated memory: 1.832 GB.
INFO: [HLS 200-10] ----------------------------------------------------------------
INFO: [HLS 200-10] -- Generating RTL for module 'store_C' 
INFO: [HLS 200-10] ----------------------------------------------------------------
INFO: [RTGEN 206-104] Estimated max fanout for 'store_C' is 8000 from HDL expression: (1'b1 == ap_CS_fsm_state3)
INFO: [RTGEN 206-100] Finished creating RTL model for 'store_C'.
INFO: [HLS 200-111] Finished Creating RTL model: CPU user time: 0.71 seconds. CPU system time: 0.1 seconds. Elapsed time: 6 seconds; current allocated memory: 1.864 GB.
INFO: [HLS 200-10] ----------------------------------------------------------------
INFO: [HLS 200-10] -- Generating RTL for module 'kernel_nlp' 
INFO: [HLS 200-10] ----------------------------------------------------------------
WARNING: [RTGEN 206-101] Design contains AXI ports. Reset is fixed to synchronous and active low.
INFO: [RTGEN 206-500] Setting interface mode on port 'kernel_nlp/kernel_C' to 'm_axi'.
INFO: [RTGEN 206-500] Setting interface mode on port 'kernel_nlp/kernel_A' to 'm_axi'.
INFO: [RTGEN 206-500] Setting interface mode on port 'kernel_nlp/kernel_B' to 'm_axi'.
INFO: [RTGEN 206-500] Setting interface mode on port 'kernel_nlp/vC' to 's_axilite & ap_none'.
INFO: [RTGEN 206-500] Setting interface mode on port 'kernel_nlp/vA' to 's_axilite & ap_none'.
INFO: [RTGEN 206-500] Setting interface mode on port 'kernel_nlp/vB' to 's_axilite & ap_none'.
INFO: [RTGEN 206-500] Setting interface mode on function 'kernel_nlp' to 's_axilite & ap_ctrl_chain'.
INFO: [RTGEN 206-100] Bundling port 'vC', 'vA', 'vB' and 'return' to AXI-Lite port control.
INFO: [RTGEN 206-104] Estimated max fanout for 'kernel_nlp' is 46950 from HDL expression: (1'b1 == ap_CS_fsm_state3)
INFO: [RTGEN 206-100] Finished creating RTL model for 'kernel_nlp'.
INFO: [RTMG 210-278] Implementing memory 'kernel_nlp_A_RAM_AUTO_1R1W' using auto RAMs.
INFO: [RTMG 210-278] Implementing memory 'kernel_nlp_B_RAM_AUTO_1R1W' using auto RAMs.
INFO: [RTMG 210-278] Implementing memory 'kernel_nlp_C_RAM_AUTO_1R1W' using auto RAMs.
INFO: [HLS 200-111] Finished Creating RTL model: CPU user time: 1.43 seconds. CPU system time: 0.13 seconds. Elapsed time: 11.88 seconds; current allocated memory: 2.018 GB.
INFO: [HLS 200-111] Finished Generating all RTL models: CPU user time: 6.61 seconds. CPU system time: 0.39 seconds. Elapsed time: 9 seconds; current allocated memory: 2.097 GB.
INFO: [HLS 200-1603] Design has inferred MAXI bursts and missed bursts, see Vitis HLS GUI synthesis summary report for detailed information.
INFO: [HLS 200-111] Finished Updating report files: CPU user time: 7.81 seconds. CPU system time: 0.14 seconds. Elapsed time: 8.07 seconds; current allocated memory: 2.232 GB.
INFO: [VHDL 208-304] Generating VHDL RTL for kernel_nlp.
INFO: [VLOG 209-307] Generating Verilog RTL for kernel_nlp.
INFO: [HLS 200-790] **** Loop Constraint Status: All loop constraints were satisfied.
INFO: [HLS 200-789] **** Estimated Fmax: 319.62 MHz
INFO: [HLS 200-111] Finished Command csynth_design CPU user time: 1616.67 seconds. CPU system time: 5.38 seconds. Elapsed time: 1760.93 seconds; current allocated memory: 1.996 GB.
INFO: [HLS 200-1510] Running: export_design 
INFO: [IMPL 213-8] Exporting RTL as a Vivado IP.

****** Vivado v2023.2 (64-bit)
  **** SW Build 4029153 on Fri Oct 13 20:13:54 MDT 2023
  **** IP Build 4028589 on Sat Oct 14 00:45:43 MDT 2023
  **** SharedData Build 4025554 on Tue Oct 10 17:18:54 MDT 2023
    ** Copyright 1986-2022 Xilinx, Inc. All Rights Reserved.
    ** Copyright 2022-2023 Advanced Micro Devices, Inc. All Rights Reserved.

source run_ippack.tcl -notrace
create_project: Time (s): cpu = 00:00:05 ; elapsed = 00:00:05 . Memory (MB): peak = 1328.469 ; gain = 24.867 ; free physical = 46049 ; free virtual = 382529
INFO: [IP_Flow 19-234] Refreshing IP repositories
INFO: [IP_Flow 19-1704] No user IP repositories specified
INFO: [IP_Flow 19-2313] Loaded Vivado IP repository '/mnt/software/xilinx/Vivado/2023.2/data/ip'.
INFO: [IP_Flow 19-1686] Generating 'Synthesis' target for IP 'kernel_nlp_fadd_32ns_32ns_32_7_full_dsp_1_ip'...
INFO: [IP_Flow 19-1686] Generating 'Simulation' target for IP 'kernel_nlp_fadd_32ns_32ns_32_7_full_dsp_1_ip'...
INFO: [IP_Flow 19-1686] Generating 'Synthesis' target for IP 'kernel_nlp_fmul_32ns_32ns_32_4_max_dsp_1_ip'...
INFO: [IP_Flow 19-1686] Generating 'Simulation' target for IP 'kernel_nlp_fmul_32ns_32ns_32_4_max_dsp_1_ip'...
INFO: [IP_Flow 19-234] Refreshing IP repositories
INFO: [IP_Flow 19-1704] No user IP repositories specified
INFO: [IP_Flow 19-2313] Loaded Vivado IP repository '/mnt/software/xilinx/Vivado/2023.2/data/ip'.
INFO: [Common 17-206] Exiting Vivado at Tue Sep 17 03:34:37 2024...
INFO: [HLS 200-802] Generated output file kernel_nlp/solution/impl/export.zip
INFO: [HLS 200-111] Finished Command export_design CPU user time: 77.91 seconds. CPU system time: 2.2 seconds. Elapsed time: 108.57 seconds; current allocated memory: 13.555 MB.
INFO: [HLS 200-1510] Running: close_project 
HLS completed successfully
INFO: [HLS 200-112] Total CPU user time: 1697 seconds. Total CPU system time: 8.21 seconds. Total elapsed time: 1884.75 seconds; peak allocated memory: 2.232 GB.
INFO: [Common 17-206] Exiting vitis_hls at Tue Sep 17 03:34:52 2024...
