[   2m]    INFO Search: Computation order (high to low): ['PARALLEL', 'PIPELINE']
[   2m]    INFO Search: Communication order (high to low): ['INTERFACE', 'CACHE', 'PIPELINE', 'TILE', 'TILING']
[   2m]    INFO Search: Launch gradient search algorithm
[ 183m] WARNING Search: Default point is invalid: {'__PARA__L0': 1, '__PARA__L1': 1, '__PARA__L2': 1, '__PIPE__L0': 'off', '__PIPE__L1': 'flatten', '__TILE__L0': 1, '__TILE__L1': 1}
[ 183m] WARNING Search: This exploration is low confidence to achieve high QoR.
[ 183m]    INFO Search: Focus parameters (high order goes to tail): ['__PARA__L0', '__PARA__L1', '__PARA__L2', '__PIPE__L0', '__PIPE__L1', '__TILE__L0', '__TILE__L1']
[ 183m]    INFO Search: === ITERATION 1 ===
[ 183m]    INFO Search: Tree Level 0
[ 183m]    INFO Search: Working Node:
[ 183m]    INFO Search: +---------+------------------------------------------------------------------------------------------------------------+
[ 183m]    INFO Search: | Point   | __PARA__L0-1.__PARA__L1-1.__PARA__L2-1.__PIPE__L0-off.__PIPE__L1-flatten.__TILE__L0-1.__TILE__L1-1         |
[ 183m]    INFO Search: +---------+------------------------------------------------------------------------------------------------------------+
[ 183m]    INFO Search: | Quality | 0.00e+00                                                                                                   |
[ 183m]    INFO Search: +---------+------------------------------------------------------------------------------------------------------------+
[ 183m]    INFO Search: | Perf.   | 0.00e+00                                                                                                   |
[ 183m]    INFO Search: +---------+------------------------------------------------------------------------------------------------------------+
[ 183m]    INFO Search: | Child   | ('__PARA__L0', '8,3')<-('__PARA__L1', '15,4')<-('__PARA__L2', '')<-('__PIPE__L0', '1')<-('__PIPE__L1',     |
[ 183m]    INFO Search: |         | '')<-('__TILE__L0', '11')<-('__TILE__L1', '19')                                                            |
[ 183m]    INFO Search: +---------+------------------------------------------------------------------------------------------------------------+
[ 183m]    INFO Search: | Tuned   |                                                                                                            |
[ 183m]    INFO Search: +---------+------------------------------------------------------------------------------------------------------------+
[ 183m]    INFO Search: Working batch: __TILE__L1
[ 183m]    INFO Search: Evaluating 19 poitns
[ 375m]    INFO Search: Received results from evaluator
[ 375m]    INFO Search: Results
[ 375m]    INFO Search: +--------------+---------+----------+--------------------+--------------+-------+
[ 375m]    INFO Search: |     Tag      | Quality |  Perf.   | BRAM, DSP, LUT, FF |    Status    | Valid |
[ 375m]    INFO Search: +==============+=========+==========+====================+==============+=======+
[ 375m]    INFO Search: | __TILE__L1-2 | -inf    | 0.00e+00 | 0.0, 0.0, 0.0, 0.0 | EARLY_REJECT | False |
[ 375m]    INFO Search: +--------------+---------+----------+--------------------+--------------+-------+
[ 375m]    INFO Search: -> No quality, abandon
[ 375m]    INFO Search: +--------------+---------+----------+--------------------+--------------+-------+
[ 375m]    INFO Search: |     Tag      | Quality |  Perf.   | BRAM, DSP, LUT, FF |    Status    | Valid |
[ 375m]    INFO Search: +==============+=========+==========+====================+==============+=======+
[ 375m]    INFO Search: | __TILE__L1-3 | -inf    | 0.00e+00 | 0.0, 0.0, 0.0, 0.0 | EARLY_REJECT | False |
[ 375m]    INFO Search: +--------------+---------+----------+--------------------+--------------+-------+
[ 375m]    INFO Search: -> No quality, abandon
[ 375m]    INFO Search: +--------------+---------+----------+--------------------+--------------+-------+
[ 375m]    INFO Search: |     Tag      | Quality |  Perf.   | BRAM, DSP, LUT, FF |    Status    | Valid |
[ 375m]    INFO Search: +==============+=========+==========+====================+==============+=======+
[ 375m]    INFO Search: | __TILE__L1-4 | -inf    | 0.00e+00 | 0.0, 0.0, 0.0, 0.0 | EARLY_REJECT | False |
[ 375m]    INFO Search: +--------------+---------+----------+--------------------+--------------+-------+
[ 375m]    INFO Search: -> No quality, abandon
[ 375m]    INFO Search: +--------------+---------+----------+--------------------+--------------+-------+
[ 375m]    INFO Search: |     Tag      | Quality |  Perf.   | BRAM, DSP, LUT, FF |    Status    | Valid |
[ 375m]    INFO Search: +==============+=========+==========+====================+==============+=======+
[ 375m]    INFO Search: | __TILE__L1-5 | -inf    | 0.00e+00 | 0.0, 0.0, 0.0, 0.0 | EARLY_REJECT | False |
[ 375m]    INFO Search: +--------------+---------+----------+--------------------+--------------+-------+
[ 375m]    INFO Search: -> No quality, abandon
[ 375m]    INFO Search: +--------------+---------+----------+--------------------+--------------+-------+
[ 375m]    INFO Search: |     Tag      | Quality |  Perf.   | BRAM, DSP, LUT, FF |    Status    | Valid |
[ 375m]    INFO Search: +==============+=========+==========+====================+==============+=======+
[ 375m]    INFO Search: | __TILE__L1-6 | -inf    | 0.00e+00 | 0.0, 0.0, 0.0, 0.0 | EARLY_REJECT | False |
[ 375m]    INFO Search: +--------------+---------+----------+--------------------+--------------+-------+
[ 375m]    INFO Search: -> No quality, abandon
[ 375m]    INFO Search: +--------------+---------+----------+--------------------+--------------+-------+
[ 375m]    INFO Search: |     Tag      | Quality |  Perf.   | BRAM, DSP, LUT, FF |    Status    | Valid |
[ 375m]    INFO Search: +==============+=========+==========+====================+==============+=======+
[ 375m]    INFO Search: | __TILE__L1-8 | -inf    | 0.00e+00 | 0.0, 0.0, 0.0, 0.0 | EARLY_REJECT | False |
[ 375m]    INFO Search: +--------------+---------+----------+--------------------+--------------+-------+
[ 375m]    INFO Search: -> No quality, abandon
[ 375m]    INFO Search: +---------------+---------+----------+--------------------+--------------+-------+
[ 375m]    INFO Search: |      Tag      | Quality |  Perf.   | BRAM, DSP, LUT, FF |    Status    | Valid |
[ 375m]    INFO Search: +===============+=========+==========+====================+==============+=======+
[ 375m]    INFO Search: | __TILE__L1-10 | -inf    | 0.00e+00 | 0.0, 0.0, 0.0, 0.0 | EARLY_REJECT | False |
[ 375m]    INFO Search: +---------------+---------+----------+--------------------+--------------+-------+
[ 375m]    INFO Search: -> No quality, abandon
[ 375m]    INFO Search: +---------------+---------+----------+--------------------+--------------+-------+
[ 375m]    INFO Search: |      Tag      | Quality |  Perf.   | BRAM, DSP, LUT, FF |    Status    | Valid |
[ 375m]    INFO Search: +===============+=========+==========+====================+==============+=======+
[ 375m]    INFO Search: | __TILE__L1-12 | -inf    | 0.00e+00 | 0.0, 0.0, 0.0, 0.0 | EARLY_REJECT | False |
[ 375m]    INFO Search: +---------------+---------+----------+--------------------+--------------+-------+
[ 375m]    INFO Search: -> No quality, abandon
[ 375m]    INFO Search: +---------------+---------+----------+--------------------+--------------+-------+
[ 375m]    INFO Search: |      Tag      | Quality |  Perf.   | BRAM, DSP, LUT, FF |    Status    | Valid |
[ 375m]    INFO Search: +===============+=========+==========+====================+==============+=======+
[ 375m]    INFO Search: | __TILE__L1-15 | -inf    | 0.00e+00 | 0.0, 0.0, 0.0, 0.0 | EARLY_REJECT | False |
[ 375m]    INFO Search: +---------------+---------+----------+--------------------+--------------+-------+
[ 375m]    INFO Search: -> No quality, abandon
[ 375m]    INFO Search: +---------------+---------+----------+--------------------+--------------+-------+
[ 375m]    INFO Search: |      Tag      | Quality |  Perf.   | BRAM, DSP, LUT, FF |    Status    | Valid |
[ 375m]    INFO Search: +===============+=========+==========+====================+==============+=======+
[ 375m]    INFO Search: | __TILE__L1-16 | -inf    | 0.00e+00 | 0.0, 0.0, 0.0, 0.0 | EARLY_REJECT | False |
[ 375m]    INFO Search: +---------------+---------+----------+--------------------+--------------+-------+
[ 375m]    INFO Search: -> No quality, abandon
[ 375m]    INFO Search: +---------------+---------+----------+--------------------+--------------+-------+
[ 375m]    INFO Search: |      Tag      | Quality |  Perf.   | BRAM, DSP, LUT, FF |    Status    | Valid |
[ 375m]    INFO Search: +===============+=========+==========+====================+==============+=======+
[ 375m]    INFO Search: | __TILE__L1-20 | -inf    | 0.00e+00 | 0.0, 0.0, 0.0, 0.0 | EARLY_REJECT | False |
[ 375m]    INFO Search: +---------------+---------+----------+--------------------+--------------+-------+
[ 375m]    INFO Search: -> No quality, abandon
[ 375m]    INFO Search: +---------------+---------+----------+--------------------+--------------+-------+
[ 375m]    INFO Search: |      Tag      | Quality |  Perf.   | BRAM, DSP, LUT, FF |    Status    | Valid |
[ 375m]    INFO Search: +===============+=========+==========+====================+==============+=======+
[ 375m]    INFO Search: | __TILE__L1-24 | -inf    | 0.00e+00 | 0.0, 0.0, 0.0, 0.0 | EARLY_REJECT | False |
[ 375m]    INFO Search: +---------------+---------+----------+--------------------+--------------+-------+
[ 375m]    INFO Search: -> No quality, abandon
[ 375m]    INFO Search: +---------------+---------+----------+--------------------+--------------+-------+
[ 375m]    INFO Search: |      Tag      | Quality |  Perf.   | BRAM, DSP, LUT, FF |    Status    | Valid |
[ 375m]    INFO Search: +===============+=========+==========+====================+==============+=======+
[ 375m]    INFO Search: | __TILE__L1-30 | -inf    | 0.00e+00 | 0.0, 0.0, 0.0, 0.0 | EARLY_REJECT | False |
[ 375m]    INFO Search: +---------------+---------+----------+--------------------+--------------+-------+
[ 375m]    INFO Search: -> No quality, abandon
[ 375m]    INFO Search: +---------------+---------+----------+--------------------+--------------+-------+
[ 375m]    INFO Search: |      Tag      | Quality |  Perf.   | BRAM, DSP, LUT, FF |    Status    | Valid |
[ 375m]    INFO Search: +===============+=========+==========+====================+==============+=======+
[ 375m]    INFO Search: | __TILE__L1-40 | -inf    | 0.00e+00 | 0.0, 0.0, 0.0, 0.0 | EARLY_REJECT | False |
[ 375m]    INFO Search: +---------------+---------+----------+--------------------+--------------+-------+
[ 375m]    INFO Search: -> No quality, abandon
[ 375m]    INFO Search: +---------------+---------+----------+--------------------+--------------+-------+
[ 375m]    INFO Search: |      Tag      | Quality |  Perf.   | BRAM, DSP, LUT, FF |    Status    | Valid |
[ 375m]    INFO Search: +===============+=========+==========+====================+==============+=======+
[ 375m]    INFO Search: | __TILE__L1-48 | -inf    | 0.00e+00 | 0.0, 0.0, 0.0, 0.0 | EARLY_REJECT | False |
[ 375m]    INFO Search: +---------------+---------+----------+--------------------+--------------+-------+
[ 375m]    INFO Search: -> No quality, abandon
[ 375m]    INFO Search: +---------------+---------+----------+--------------------+--------------+-------+
[ 375m]    INFO Search: |      Tag      | Quality |  Perf.   | BRAM, DSP, LUT, FF |    Status    | Valid |
[ 375m]    INFO Search: +===============+=========+==========+====================+==============+=======+
[ 375m]    INFO Search: | __TILE__L1-60 | -inf    | 0.00e+00 | 0.0, 0.0, 0.0, 0.0 | EARLY_REJECT | False |
[ 375m]    INFO Search: +---------------+---------+----------+--------------------+--------------+-------+
[ 375m]    INFO Search: -> No quality, abandon
[ 375m]    INFO Search: +---------------+---------+----------+--------------------+--------------+-------+
[ 375m]    INFO Search: |      Tag      | Quality |  Perf.   | BRAM, DSP, LUT, FF |    Status    | Valid |
[ 375m]    INFO Search: +===============+=========+==========+====================+==============+=======+
[ 375m]    INFO Search: | __TILE__L1-80 | -inf    | 0.00e+00 | 0.0, 0.0, 0.0, 0.0 | EARLY_REJECT | False |
[ 375m]    INFO Search: +---------------+---------+----------+--------------------+--------------+-------+
[ 375m]    INFO Search: -> No quality, abandon
[ 375m]    INFO Search: +----------------+---------+----------+--------------------+--------------+-------+
[ 375m]    INFO Search: |      Tag       | Quality |  Perf.   | BRAM, DSP, LUT, FF |    Status    | Valid |
[ 375m]    INFO Search: +================+=========+==========+====================+==============+=======+
[ 375m]    INFO Search: | __TILE__L1-120 | -inf    | 0.00e+00 | 0.0, 0.0, 0.0, 0.0 | EARLY_REJECT | False |
[ 375m]    INFO Search: +----------------+---------+----------+--------------------+--------------+-------+
[ 375m]    INFO Search: -> No quality, abandon
[ 375m]    INFO Search: +----------------+---------+----------+--------------------+---------+-------+
[ 375m]    INFO Search: |      Tag       | Quality |  Perf.   | BRAM, DSP, LUT, FF | Status  | Valid |
[ 375m]    INFO Search: +================+=========+==========+====================+=========+=======+
[ 375m]    INFO Search: | __TILE__L1-240 | -inf    | 0.00e+00 | 0.0, 0.0, 0.0, 0.0 | TIMEOUT | False |
[ 375m]    INFO Search: +----------------+---------+----------+--------------------+---------+-------+
[ 375m]    INFO Search: -> No quality, abandon
[ 375m]    INFO Search: Run out of batches of parameter __TILE__L1
[ 375m]    INFO Search: === ITERATION 2 ===
[ 375m]    INFO Search: Tree Level 0
[ 375m]    INFO Search: Working Node:
[ 375m]    INFO Search: +---------+------------------------------------------------------------------------------------------------------------+
[ 375m]    INFO Search: | Point   | __PARA__L0-1.__PARA__L1-1.__PARA__L2-1.__PIPE__L0-off.__PIPE__L1-flatten.__TILE__L0-1.__TILE__L1-1         |
[ 375m]    INFO Search: +---------+------------------------------------------------------------------------------------------------------------+
[ 375m]    INFO Search: | Quality | 0.00e+00                                                                                                   |
[ 375m]    INFO Search: +---------+------------------------------------------------------------------------------------------------------------+
[ 375m]    INFO Search: | Perf.   | 0.00e+00                                                                                                   |
[ 375m]    INFO Search: +---------+------------------------------------------------------------------------------------------------------------+
[ 375m]    INFO Search: | Child   | ('__PARA__L0', '8,3')<-('__PARA__L1', '15,4')<-('__PARA__L2', '')<-('__PIPE__L0', '1')<-('__PIPE__L1',     |
[ 375m]    INFO Search: |         | '')<-('__TILE__L0', '11')                                                                                  |
[ 375m]    INFO Search: +---------+------------------------------------------------------------------------------------------------------------+
[ 375m]    INFO Search: | Tuned   |                                                                                                            |
[ 375m]    INFO Search: +---------+------------------------------------------------------------------------------------------------------------+
[ 375m]    INFO Search: Working batch: __TILE__L0
[ 375m]    INFO Search: Evaluating 11 poitns
[ 562m]    INFO Search: Received results from evaluator
[ 562m]    INFO Search: Results
[ 562m]    INFO Search: +--------------+---------+----------+--------------------+--------------+-------+
[ 562m]    INFO Search: |     Tag      | Quality |  Perf.   | BRAM, DSP, LUT, FF |    Status    | Valid |
[ 562m]    INFO Search: +==============+=========+==========+====================+==============+=======+
[ 562m]    INFO Search: | __TILE__L0-2 | -inf    | 0.00e+00 | 0.0, 0.0, 0.0, 0.0 | EARLY_REJECT | False |
[ 562m]    INFO Search: +--------------+---------+----------+--------------------+--------------+-------+
[ 562m]    INFO Search: -> No quality, abandon
[ 562m]    INFO Search: +--------------+---------+----------+--------------------+--------------+-------+
[ 562m]    INFO Search: |     Tag      | Quality |  Perf.   | BRAM, DSP, LUT, FF |    Status    | Valid |
[ 562m]    INFO Search: +==============+=========+==========+====================+==============+=======+
[ 562m]    INFO Search: | __TILE__L0-4 | -inf    | 0.00e+00 | 0.0, 0.0, 0.0, 0.0 | EARLY_REJECT | False |
[ 562m]    INFO Search: +--------------+---------+----------+--------------------+--------------+-------+
[ 562m]    INFO Search: -> No quality, abandon
[ 562m]    INFO Search: +--------------+---------+----------+--------------------+--------------+-------+
[ 562m]    INFO Search: |     Tag      | Quality |  Perf.   | BRAM, DSP, LUT, FF |    Status    | Valid |
[ 562m]    INFO Search: +==============+=========+==========+====================+==============+=======+
[ 562m]    INFO Search: | __TILE__L0-5 | -inf    | 0.00e+00 | 0.0, 0.0, 0.0, 0.0 | EARLY_REJECT | False |
[ 562m]    INFO Search: +--------------+---------+----------+--------------------+--------------+-------+
[ 562m]    INFO Search: -> No quality, abandon
[ 562m]    INFO Search: +--------------+---------+----------+--------------------+--------------+-------+
[ 562m]    INFO Search: |     Tag      | Quality |  Perf.   | BRAM, DSP, LUT, FF |    Status    | Valid |
[ 562m]    INFO Search: +==============+=========+==========+====================+==============+=======+
[ 562m]    INFO Search: | __TILE__L0-8 | -inf    | 0.00e+00 | 0.0, 0.0, 0.0, 0.0 | EARLY_REJECT | False |
[ 562m]    INFO Search: +--------------+---------+----------+--------------------+--------------+-------+
[ 562m]    INFO Search: -> No quality, abandon
[ 562m]    INFO Search: +---------------+---------+----------+--------------------+--------------+-------+
[ 562m]    INFO Search: |      Tag      | Quality |  Perf.   | BRAM, DSP, LUT, FF |    Status    | Valid |
[ 562m]    INFO Search: +===============+=========+==========+====================+==============+=======+
[ 562m]    INFO Search: | __TILE__L0-10 | -inf    | 0.00e+00 | 0.0, 0.0, 0.0, 0.0 | EARLY_REJECT | False |
[ 562m]    INFO Search: +---------------+---------+----------+--------------------+--------------+-------+
[ 562m]    INFO Search: -> No quality, abandon
[ 562m]    INFO Search: +---------------+---------+----------+--------------------+--------------+-------+
[ 562m]    INFO Search: |      Tag      | Quality |  Perf.   | BRAM, DSP, LUT, FF |    Status    | Valid |
[ 562m]    INFO Search: +===============+=========+==========+====================+==============+=======+
[ 562m]    INFO Search: | __TILE__L0-20 | -inf    | 0.00e+00 | 0.0, 0.0, 0.0, 0.0 | EARLY_REJECT | False |
[ 562m]    INFO Search: +---------------+---------+----------+--------------------+--------------+-------+
[ 562m]    INFO Search: -> No quality, abandon
[ 562m]    INFO Search: +---------------+---------+----------+--------------------+--------------+-------+
[ 562m]    INFO Search: |      Tag      | Quality |  Perf.   | BRAM, DSP, LUT, FF |    Status    | Valid |
[ 562m]    INFO Search: +===============+=========+==========+====================+==============+=======+
[ 562m]    INFO Search: | __TILE__L0-25 | -inf    | 0.00e+00 | 0.0, 0.0, 0.0, 0.0 | EARLY_REJECT | False |
[ 562m]    INFO Search: +---------------+---------+----------+--------------------+--------------+-------+
[ 562m]    INFO Search: -> No quality, abandon
[ 562m]    INFO Search: +---------------+---------+----------+--------------------+--------------+-------+
[ 562m]    INFO Search: |      Tag      | Quality |  Perf.   | BRAM, DSP, LUT, FF |    Status    | Valid |
[ 562m]    INFO Search: +===============+=========+==========+====================+==============+=======+
[ 562m]    INFO Search: | __TILE__L0-40 | -inf    | 0.00e+00 | 0.0, 0.0, 0.0, 0.0 | EARLY_REJECT | False |
[ 562m]    INFO Search: +---------------+---------+----------+--------------------+--------------+-------+
[ 562m]    INFO Search: -> No quality, abandon
[ 562m]    INFO Search: +---------------+---------+----------+--------------------+--------------+-------+
[ 562m]    INFO Search: |      Tag      | Quality |  Perf.   | BRAM, DSP, LUT, FF |    Status    | Valid |
[ 562m]    INFO Search: +===============+=========+==========+====================+==============+=======+
[ 562m]    INFO Search: | __TILE__L0-50 | -inf    | 0.00e+00 | 0.0, 0.0, 0.0, 0.0 | EARLY_REJECT | False |
[ 562m]    INFO Search: +---------------+---------+----------+--------------------+--------------+-------+
[ 562m]    INFO Search: -> No quality, abandon
[ 562m]    INFO Search: +----------------+---------+----------+--------------------+--------------+-------+
[ 562m]    INFO Search: |      Tag       | Quality |  Perf.   | BRAM, DSP, LUT, FF |    Status    | Valid |
[ 562m]    INFO Search: +================+=========+==========+====================+==============+=======+
[ 562m]    INFO Search: | __TILE__L0-100 | -inf    | 0.00e+00 | 0.0, 0.0, 0.0, 0.0 | EARLY_REJECT | False |
[ 562m]    INFO Search: +----------------+---------+----------+--------------------+--------------+-------+
[ 562m]    INFO Search: -> No quality, abandon
[ 562m]    INFO Search: +----------------+---------+----------+--------------------+---------+-------+
[ 562m]    INFO Search: |      Tag       | Quality |  Perf.   | BRAM, DSP, LUT, FF | Status  | Valid |
[ 562m]    INFO Search: +================+=========+==========+====================+=========+=======+
[ 562m]    INFO Search: | __TILE__L0-200 | -inf    | 0.00e+00 | 0.0, 0.0, 0.0, 0.0 | TIMEOUT | False |
[ 562m]    INFO Search: +----------------+---------+----------+--------------------+---------+-------+
[ 562m]    INFO Search: -> No quality, abandon
[ 562m]    INFO Search: Run out of batches of parameter __TILE__L0
[ 562m]    INFO Search: === ITERATION 3 ===
[ 562m]    INFO Search: Tree Level 0
[ 562m]    INFO Search: Working Node:
[ 562m]    INFO Search: +---------+------------------------------------------------------------------------------------------------------------+
[ 562m]    INFO Search: | Point   | __PARA__L0-1.__PARA__L1-1.__PARA__L2-1.__PIPE__L0-off.__PIPE__L1-flatten.__TILE__L0-1.__TILE__L1-1         |
[ 562m]    INFO Search: +---------+------------------------------------------------------------------------------------------------------------+
[ 562m]    INFO Search: | Quality | 0.00e+00                                                                                                   |
[ 562m]    INFO Search: +---------+------------------------------------------------------------------------------------------------------------+
[ 562m]    INFO Search: | Perf.   | 0.00e+00                                                                                                   |
[ 562m]    INFO Search: +---------+------------------------------------------------------------------------------------------------------------+
[ 562m]    INFO Search: | Child   | ('__PARA__L0', '8,3')<-('__PARA__L1', '15,4')<-('__PARA__L2', '')<-('__PIPE__L0', '1')<-('__PIPE__L1', '') |
[ 562m]    INFO Search: +---------+------------------------------------------------------------------------------------------------------------+
[ 562m]    INFO Search: | Tuned   |                                                                                                            |
[ 562m]    INFO Search: +---------+------------------------------------------------------------------------------------------------------------+
[ 562m]    INFO Search: No batch to be worked
[ 562m]    INFO Search: Run out of batches of parameter __PIPE__L1
[ 562m]    INFO Search: === ITERATION 4 ===
[ 562m]    INFO Search: Tree Level 0
[ 562m]    INFO Search: Working Node:
[ 562m]    INFO Search: +---------+----------------------------------------------------------------------------------------------------+
[ 562m]    INFO Search: | Point   | __PARA__L0-1.__PARA__L1-1.__PARA__L2-1.__PIPE__L0-off.__PIPE__L1-flatten.__TILE__L0-1.__TILE__L1-1 |
[ 562m]    INFO Search: +---------+----------------------------------------------------------------------------------------------------+
[ 562m]    INFO Search: | Quality | 0.00e+00                                                                                           |
[ 562m]    INFO Search: +---------+----------------------------------------------------------------------------------------------------+
[ 562m]    INFO Search: | Perf.   | 0.00e+00                                                                                           |
[ 562m]    INFO Search: +---------+----------------------------------------------------------------------------------------------------+
[ 562m]    INFO Search: | Child   | ('__PARA__L0', '8,3')<-('__PARA__L1', '15,4')<-('__PARA__L2', '')<-('__PIPE__L0', '1')             |
[ 562m]    INFO Search: +---------+----------------------------------------------------------------------------------------------------+
[ 562m]    INFO Search: | Tuned   |                                                                                                    |
[ 562m]    INFO Search: +---------+----------------------------------------------------------------------------------------------------+
[ 562m]    INFO Search: Working batch: __PIPE__L0
[ 562m]    INFO Search: Evaluating 1 poitns
[ 563m]    INFO Search: Received results from evaluator
[ 563m]    INFO Search: Results
[ 563m]    INFO Search: +-------------+---------+----------+--------------------+--------------+-------+
[ 563m]    INFO Search: |     Tag     | Quality |  Perf.   | BRAM, DSP, LUT, FF |    Status    | Valid |
[ 563m]    INFO Search: +=============+=========+==========+====================+==============+=======+
[ 563m]    INFO Search: | __PIPE__L0- | -inf    | 0.00e+00 | 0.0, 0.0, 0.0, 0.0 | EARLY_REJECT | False |
[ 563m]    INFO Search: +-------------+---------+----------+--------------------+--------------+-------+
[ 563m]    INFO Search: -> No quality, abandon
[ 563m]    INFO Search: Run out of batches of parameter __PIPE__L0
[ 563m]    INFO Search: === ITERATION 5 ===
[ 563m]    INFO Search: Tree Level 0
[ 563m]    INFO Search: Working Node:
[ 563m]    INFO Search: +---------+----------------------------------------------------------------------------------------------------+
[ 563m]    INFO Search: | Point   | __PARA__L0-1.__PARA__L1-1.__PARA__L2-1.__PIPE__L0-off.__PIPE__L1-flatten.__TILE__L0-1.__TILE__L1-1 |
[ 563m]    INFO Search: +---------+----------------------------------------------------------------------------------------------------+
[ 563m]    INFO Search: | Quality | 0.00e+00                                                                                           |
[ 563m]    INFO Search: +---------+----------------------------------------------------------------------------------------------------+
[ 563m]    INFO Search: | Perf.   | 0.00e+00                                                                                           |
[ 563m]    INFO Search: +---------+----------------------------------------------------------------------------------------------------+
[ 563m]    INFO Search: | Child   | ('__PARA__L0', '8,3')<-('__PARA__L1', '15,4')<-('__PARA__L2', '')                                  |
[ 563m]    INFO Search: +---------+----------------------------------------------------------------------------------------------------+
[ 563m]    INFO Search: | Tuned   |                                                                                                    |
[ 563m]    INFO Search: +---------+----------------------------------------------------------------------------------------------------+
[ 563m]    INFO Search: No batch to be worked
[ 563m]    INFO Search: Run out of batches of parameter __PARA__L2
[ 563m]    INFO Search: === ITERATION 6 ===
[ 563m]    INFO Search: Tree Level 0
[ 563m]    INFO Search: Working Node:
[ 563m]    INFO Search: +---------+----------------------------------------------------------------------------------------------------+
[ 563m]    INFO Search: | Point   | __PARA__L0-1.__PARA__L1-1.__PARA__L2-1.__PIPE__L0-off.__PIPE__L1-flatten.__TILE__L0-1.__TILE__L1-1 |
[ 563m]    INFO Search: +---------+----------------------------------------------------------------------------------------------------+
[ 563m]    INFO Search: | Quality | 0.00e+00                                                                                           |
[ 563m]    INFO Search: +---------+----------------------------------------------------------------------------------------------------+
[ 563m]    INFO Search: | Perf.   | 0.00e+00                                                                                           |
[ 563m]    INFO Search: +---------+----------------------------------------------------------------------------------------------------+
[ 563m]    INFO Search: | Child   | ('__PARA__L0', '8,3')<-('__PARA__L1', '15,4')                                                      |
[ 563m]    INFO Search: +---------+----------------------------------------------------------------------------------------------------+
[ 563m]    INFO Search: | Tuned   |                                                                                                    |
[ 563m]    INFO Search: +---------+----------------------------------------------------------------------------------------------------+
[ 563m]    INFO Search: Working batch: __PARA__L1
[ 563m]    INFO Search: Evaluating 4 poitns
[ 926m]    INFO Search: Received results from evaluator
[ 926m]    INFO Search: Results
[ 926m]    INFO Search: +--------------+---------+----------+--------------------+---------+-------+
[ 926m]    INFO Search: |     Tag      | Quality |  Perf.   | BRAM, DSP, LUT, FF | Status  | Valid |
[ 926m]    INFO Search: +==============+=========+==========+====================+=========+=======+
[ 926m]    INFO Search: | __PARA__L1-2 | -inf    | 0.00e+00 | 0.0, 0.0, 0.0, 0.0 | TIMEOUT | False |
[ 926m]    INFO Search: +--------------+---------+----------+--------------------+---------+-------+
[ 926m]    INFO Search: -> No quality, abandon
[ 926m]    INFO Search: +--------------+---------+----------+--------------------+---------+-------+
[ 926m]    INFO Search: |     Tag      | Quality |  Perf.   | BRAM, DSP, LUT, FF | Status  | Valid |
[ 926m]    INFO Search: +==============+=========+==========+====================+=========+=======+
[ 926m]    INFO Search: | __PARA__L1-4 | -inf    | 0.00e+00 | 0.0, 0.0, 0.0, 0.0 | TIMEOUT | False |
[ 926m]    INFO Search: +--------------+---------+----------+--------------------+---------+-------+
[ 926m]    INFO Search: -> No quality, abandon
[ 926m]    INFO Search: +--------------+---------+----------+--------------------+---------+-------+
[ 926m]    INFO Search: |     Tag      | Quality |  Perf.   | BRAM, DSP, LUT, FF | Status  | Valid |
[ 926m]    INFO Search: +==============+=========+==========+====================+=========+=======+
[ 926m]    INFO Search: | __PARA__L1-8 | -inf    | 0.00e+00 | 0.0, 0.0, 0.0, 0.0 | TIMEOUT | False |
[ 926m]    INFO Search: +--------------+---------+----------+--------------------+---------+-------+
[ 926m]    INFO Search: -> No quality, abandon
[ 926m]    INFO Search: +---------------+---------+----------+--------------------+---------+-------+
[ 926m]    INFO Search: |      Tag      | Quality |  Perf.   | BRAM, DSP, LUT, FF | Status  | Valid |
[ 926m]    INFO Search: +===============+=========+==========+====================+=========+=======+
[ 926m]    INFO Search: | __PARA__L1-16 | -inf    | 0.00e+00 | 0.0, 0.0, 0.0, 0.0 | TIMEOUT | False |
[ 926m]    INFO Search: +---------------+---------+----------+--------------------+---------+-------+
[ 926m]    INFO Search: -> No quality, abandon
[ 926m]    INFO Search: === ITERATION 7 ===
[ 926m]    INFO Search: Tree Level 0
[ 926m]    INFO Search: Working Node:
[ 926m]    INFO Search: +---------+----------------------------------------------------------------------------------------------------+
[ 926m]    INFO Search: | Point   | __PARA__L0-1.__PARA__L1-1.__PARA__L2-1.__PIPE__L0-off.__PIPE__L1-flatten.__TILE__L0-1.__TILE__L1-1 |
[ 926m]    INFO Search: +---------+----------------------------------------------------------------------------------------------------+
[ 926m]    INFO Search: | Quality | 0.00e+00                                                                                           |
[ 926m]    INFO Search: +---------+----------------------------------------------------------------------------------------------------+
[ 926m]    INFO Search: | Perf.   | 0.00e+00                                                                                           |
[ 926m]    INFO Search: +---------+----------------------------------------------------------------------------------------------------+
[ 926m]    INFO Search: | Child   | ('__PARA__L0', '8,3')<-('__PARA__L1', '15')                                                        |
[ 926m]    INFO Search: +---------+----------------------------------------------------------------------------------------------------+
[ 926m]    INFO Search: | Tuned   |                                                                                                    |
[ 926m]    INFO Search: +---------+----------------------------------------------------------------------------------------------------+
[ 926m]    INFO Search: Working batch: __PARA__L1
[ 926m]    INFO Search: Evaluating 15 poitns
