[   6m]    INFO Explorer: Found a better result at #0000: Quality 7.4e-09, Perf 1.3e+08
[  18m]    INFO Explorer: All points are stopped at level 1
[  28m]    INFO Explorer: All points are stopped at level 1
[  30m]    INFO Explorer: All points are stopped at level 1
[  32m]    INFO Explorer: All points are stopped at level 1
[  38m]    INFO Explorer: All points are stopped at level 1
[  39m]    INFO Explorer: All points are stopped at level 1
[  55m]    INFO Explorer: All points are stopped at level 1
[  58m]    INFO Explorer: All points are stopped at level 1
[  63m]    INFO Explorer: All points are stopped at level 1
[  65m]    INFO Explorer: All points are stopped at level 1
[  78m]    INFO Explorer: All points are stopped at level 1
[  89m]    INFO Explorer: All points are stopped at level 1
[  90m]    INFO Explorer: All points are stopped at level 1
[  91m]    INFO Explorer: All points are stopped at level 1
[  94m]    INFO Explorer: All points are stopped at level 1
[ 105m]    INFO Explorer: All points are stopped at level 1
[ 106m]    INFO Explorer: All points are stopped at level 1
[ 109m]    INFO Explorer: All points are stopped at level 1
[ 114m]    INFO Explorer: All points are stopped at level 1
[ 115m]    INFO Explorer: All points are stopped at level 1
[ 131m]    INFO Explorer: All points are stopped at level 1
[ 134m]    INFO Explorer: All points are stopped at level 1
[ 140m]    INFO Explorer: All points are stopped at level 1
[ 141m]    INFO Explorer: All points are stopped at level 1
[ 153m]    INFO Explorer: All points are stopped at level 1
[ 164m]    INFO Explorer: All points are stopped at level 1
[ 165m]    INFO Explorer: All points are stopped at level 1
[ 166m]    INFO Explorer: All points are stopped at level 1
[ 169m]    INFO Explorer: All points are stopped at level 1
[ 179m]    INFO Explorer: All points are stopped at level 1
[ 180m]    INFO Explorer: All points are stopped at level 1
[ 183m]    INFO Explorer: All points are stopped at level 1
[ 188m]    INFO Explorer: All points are stopped at level 1
[ 189m]    INFO Explorer: All points are stopped at level 1
[ 204m]    INFO Explorer: All points are stopped at level 1
[ 207m]    INFO Explorer: All points are stopped at level 1
[ 212m]    INFO Explorer: All points are stopped at level 1
[ 213m]    INFO Explorer: All points are stopped at level 1
[ 225m]    INFO Explorer: All points are stopped at level 1
[ 235m]    INFO Explorer: All points are stopped at level 1
[ 237m]    INFO Explorer: All points are stopped at level 1
[ 238m]    INFO Explorer: All points are stopped at level 1
[ 433m]    INFO Explorer: Found a better result at #0292: Quality 7.4e-09, Perf 1.3e+08
[ 436m]    INFO Explorer: All points are stopped at level 1
[ 447m]    INFO Explorer: All points are stopped at level 1
[ 448m]    INFO Explorer: All points are stopped at level 1
[ 451m]    INFO Explorer: All points are stopped at level 1
[ 456m]    INFO Explorer: All points are stopped at level 1
[ 457m]    INFO Explorer: All points are stopped at level 1
[ 474m]    INFO Explorer: All points are stopped at level 1
[ 476m]    INFO Explorer: All points are stopped at level 1
[ 482m]    INFO Explorer: All points are stopped at level 1
[ 483m]    INFO Explorer: All points are stopped at level 1
[ 496m]    INFO Explorer: All points are stopped at level 1
[ 507m]    INFO Explorer: All points are stopped at level 1
[ 508m]    INFO Explorer: All points are stopped at level 1
[ 509m]    INFO Explorer: All points are stopped at level 1
[ 512m]    INFO Explorer: All points are stopped at level 1
[ 522m]    INFO Explorer: All points are stopped at level 1
[ 524m]    INFO Explorer: All points are stopped at level 1
[ 526m]    INFO Explorer: All points are stopped at level 1
[ 532m]    INFO Explorer: All points are stopped at level 1
[ 533m]    INFO Explorer: All points are stopped at level 1
[ 550m]    INFO Explorer: All points are stopped at level 1
[ 553m]    INFO Explorer: All points are stopped at level 1
[ 558m]    INFO Explorer: All points are stopped at level 1
[ 559m]    INFO Explorer: All points are stopped at level 1
[ 574m]    INFO Explorer: All points are stopped at level 1
[ 584m]    INFO Explorer: All points are stopped at level 1
[ 586m]    INFO Explorer: All points are stopped at level 1
[ 587m]    INFO Explorer: All points are stopped at level 1
[ 590m]    INFO Explorer: All points are stopped at level 1
[ 600m]    INFO Explorer: All points are stopped at level 1
[ 601m]    INFO Explorer: All points are stopped at level 1
[ 604m]    INFO Explorer: All points are stopped at level 1
[ 609m]    INFO Explorer: All points are stopped at level 1
[ 611m]    INFO Explorer: All points are stopped at level 1
[ 627m]    INFO Explorer: All points are stopped at level 1
[ 630m]    INFO Explorer: All points are stopped at level 1
[ 635m]    INFO Explorer: All points are stopped at level 1
[ 636m]    INFO Explorer: All points are stopped at level 1
[ 650m]    INFO Explorer: All points are stopped at level 1
[ 660m]    INFO Explorer: All points are stopped at level 1
[ 662m]    INFO Explorer: All points are stopped at level 1
[ 663m]    INFO Explorer: All points are stopped at level 1
[ 666m]    INFO Explorer: All points are stopped at level 1
[ 676m]    INFO Explorer: All points are stopped at level 1
[ 678m]    INFO Explorer: All points are stopped at level 1
[ 680m]    INFO Explorer: All points are stopped at level 1
[ 686m]    INFO Explorer: All points are stopped at level 1
[ 687m]    INFO Explorer: All points are stopped at level 1
[ 704m]    INFO Explorer: All points are stopped at level 1
[ 706m]    INFO Explorer: All points are stopped at level 1
[ 712m]    INFO Explorer: All points are stopped at level 1
[ 713m]    INFO Explorer: All points are stopped at level 1
[ 726m]    INFO Explorer: All points are stopped at level 1
[ 737m]    INFO Explorer: All points are stopped at level 1
[ 738m]    INFO Explorer: All points are stopped at level 1
[ 740m]    INFO Explorer: All points are stopped at level 1
[ 742m]    INFO Explorer: All points are stopped at level 1
[ 753m]    INFO Explorer: All points are stopped at level 1
[ 754m]    INFO Explorer: All points are stopped at level 1
[ 757m]    INFO Explorer: All points are stopped at level 1
[ 763m]    INFO Explorer: All points are stopped at level 1
[ 764m]    INFO Explorer: All points are stopped at level 1
[ 781m]    INFO Explorer: All points are stopped at level 1
[ 784m]    INFO Explorer: All points are stopped at level 1
[ 789m]    INFO Explorer: All points are stopped at level 1
[ 791m]    INFO Explorer: All points are stopped at level 1
[ 805m]    INFO Explorer: All points are stopped at level 1
[ 816m]    INFO Explorer: All points are stopped at level 1
[ 817m]    INFO Explorer: All points are stopped at level 1
[ 818m]    INFO Explorer: All points are stopped at level 1
[ 821m]    INFO Explorer: All points are stopped at level 1
[ 832m]    INFO Explorer: All points are stopped at level 1
[ 833m]    INFO Explorer: All points are stopped at level 1
[ 836m]    INFO Explorer: All points are stopped at level 1
[ 842m]    INFO Explorer: All points are stopped at level 1
[ 843m]    INFO Explorer: All points are stopped at level 1
[ 860m]    INFO Explorer: All points are stopped at level 1
[ 862m]    INFO Explorer: All points are stopped at level 1
[ 868m]    INFO Explorer: All points are stopped at level 1
[ 869m]    INFO Explorer: All points are stopped at level 1
[ 883m]    INFO Explorer: All points are stopped at level 1
[ 894m]    INFO Explorer: All points are stopped at level 1
[ 895m]    INFO Explorer: All points are stopped at level 1
[ 896m]    INFO Explorer: All points are stopped at level 1
[ 899m]    INFO Explorer: All points are stopped at level 1
[ 910m]    INFO Explorer: All points are stopped at level 1
[ 911m]    INFO Explorer: All points are stopped at level 1
[ 914m]    INFO Explorer: All points are stopped at level 1
[ 919m]    INFO Explorer: All points are stopped at level 1
[ 920m]    INFO Explorer: All points are stopped at level 1
[ 938m]    INFO Explorer: All points are stopped at level 1
[ 941m]    INFO Explorer: All points are stopped at level 1
[ 946m]    INFO Explorer: All points are stopped at level 1
[ 948m]    INFO Explorer: All points are stopped at level 1
[ 962m]    INFO Explorer: All points are stopped at level 1
[ 972m]    INFO Explorer: All points are stopped at level 1
[ 974m]    INFO Explorer: All points are stopped at level 1
[ 975m]    INFO Explorer: All points are stopped at level 1
[ 976m]    INFO Explorer: Explored 978 points
