[   6m]    INFO Explorer: Found a better result at #0000: Quality 8.6e-08, Perf 1.2e+07
[  14m]    INFO Explorer: Found a better result at #0001: Quality 1.7e-07, Perf 5.8e+06
[  14m]    INFO Explorer: Found a better result at #0001: Quality 3.4e-07, Perf 3.0e+06
[  14m]    INFO Explorer: Found a better result at #0001: Quality 6.6e-07, Perf 1.5e+06
[  14m]    INFO Explorer: Found a better result at #0001: Quality 1.2e-06, Perf 8.0e+05
[  17m]    INFO Explorer: All points are stopped at level 1
[  22m]    INFO Explorer: All points are stopped at level 1
[  23m]    INFO Explorer: All points are stopped at level 1
[  26m]    INFO Explorer: All points are stopped at level 1
[  37m]    INFO Explorer: All points are stopped at level 1
[  38m]    INFO Explorer: All points are stopped at level 1
[  47m]    INFO Explorer: Found a better result at #0037: Quality 1.3e-06, Perf 7.7e+05
[  47m]    INFO Explorer: Found a better result at #0037: Quality 1.3e-06, Perf 7.6e+05
[  47m]    INFO Explorer: Found a better result at #0037: Quality 1.3e-06, Perf 7.5e+05
[  47m]    INFO Explorer: Found a better result at #0037: Quality 1.3e-06, Perf 7.5e+05
[  50m]    INFO Explorer: All points are stopped at level 1
[  55m]    INFO Explorer: All points are stopped at level 1
[  56m]    INFO Explorer: All points are stopped at level 1
[  59m]    INFO Explorer: All points are stopped at level 1
[  69m]    INFO Explorer: All points are stopped at level 1
[  70m]    INFO Explorer: All points are stopped at level 1
[  81m]    INFO Explorer: All points are stopped at level 1
[  84m]    INFO Explorer: All points are stopped at level 1
[  94m]    INFO Explorer: All points are stopped at level 1
[  96m]    INFO Explorer: All points are stopped at level 1
[ 113m]    INFO Explorer: All points are stopped at level 1
[ 119m]    INFO Explorer: All points are stopped at level 1
[ 120m]    INFO Explorer: All points are stopped at level 1
[ 121m]    INFO Explorer: All points are stopped at level 1
[ 123m]    INFO Explorer: All points are stopped at level 1
[ 129m]    INFO Explorer: All points are stopped at level 1
[ 130m]    INFO Explorer: All points are stopped at level 1
[ 132m]    INFO Explorer: All points are stopped at level 1
[ 143m]    INFO Explorer: All points are stopped at level 1
[ 144m]    INFO Explorer: All points are stopped at level 1
[ 156m]    INFO Explorer: All points are stopped at level 1
[ 159m]    INFO Explorer: All points are stopped at level 1
[ 171m]    INFO Explorer: All points are stopped at level 1
[ 173m]    INFO Explorer: All points are stopped at level 1
[ 194m]    INFO Explorer: All points are stopped at level 1
[ 200m]    INFO Explorer: All points are stopped at level 1
[ 201m]    INFO Explorer: All points are stopped at level 1
[ 203m]    INFO Explorer: All points are stopped at level 1
[ 206m]    INFO Explorer: All points are stopped at level 1
[ 212m]    INFO Explorer: All points are stopped at level 1
[ 213m]    INFO Explorer: All points are stopped at level 1
[ 216m]    INFO Explorer: All points are stopped at level 1
[ 228m]    INFO Explorer: All points are stopped at level 1
[ 229m]    INFO Explorer: All points are stopped at level 1
[ 242m]    INFO Explorer: All points are stopped at level 1
[ 245m]    INFO Explorer: All points are stopped at level 1
[ 257m]    INFO Explorer: All points are stopped at level 1
[ 258m]    INFO Explorer: All points are stopped at level 1
[ 278m]    INFO Explorer: All points are stopped at level 1
[ 284m]    INFO Explorer: All points are stopped at level 1
[ 285m]    INFO Explorer: All points are stopped at level 1
[ 287m]    INFO Explorer: All points are stopped at level 1
[ 290m]    INFO Explorer: All points are stopped at level 1
[ 296m]    INFO Explorer: All points are stopped at level 1
[ 297m]    INFO Explorer: All points are stopped at level 1
[ 301m]    INFO Explorer: All points are stopped at level 1
[ 314m]    INFO Explorer: All points are stopped at level 1
[ 316m]    INFO Explorer: All points are stopped at level 1
[ 329m]    INFO Explorer: All points are stopped at level 1
[ 332m]    INFO Explorer: All points are stopped at level 1
[ 345m]    INFO Explorer: All points are stopped at level 1
[ 346m]    INFO Explorer: All points are stopped at level 1
[ 366m]    INFO Explorer: All points are stopped at level 1
[ 373m]    INFO Explorer: All points are stopped at level 1
[ 375m]    INFO Explorer: All points are stopped at level 1
[ 376m]    INFO Explorer: All points are stopped at level 1
[ 419m]    INFO Explorer: Found a better result at #0425: Quality 1.3e-06, Perf 7.5e+05
[ 419m]    INFO Explorer: Found a better result at #0425: Quality 1.3e-06, Perf 7.5e+05
[ 419m]    INFO Explorer: Found a better result at #0425: Quality 1.3e-06, Perf 7.5e+05
[ 419m]    INFO Explorer: Found a better result at #0425: Quality 1.3e-06, Perf 7.5e+05
[ 422m]    INFO Explorer: All points are stopped at level 1
[ 428m]    INFO Explorer: All points are stopped at level 1
[ 430m]    INFO Explorer: All points are stopped at level 1
[ 433m]    INFO Explorer: All points are stopped at level 1
[ 445m]    INFO Explorer: All points are stopped at level 1
[ 446m]    INFO Explorer: All points are stopped at level 1
[ 460m]    INFO Explorer: All points are stopped at level 1
[ 463m]    INFO Explorer: All points are stopped at level 1
[ 475m]    INFO Explorer: All points are stopped at level 1
[ 476m]    INFO Explorer: All points are stopped at level 1
[ 497m]    INFO Explorer: All points are stopped at level 1
[ 504m]    INFO Explorer: All points are stopped at level 1
[ 505m]    INFO Explorer: All points are stopped at level 1
[ 506m]    INFO Explorer: All points are stopped at level 1
[ 509m]    INFO Explorer: All points are stopped at level 1
[ 515m]    INFO Explorer: All points are stopped at level 1
[ 516m]    INFO Explorer: All points are stopped at level 1
[ 519m]    INFO Explorer: All points are stopped at level 1
[ 531m]    INFO Explorer: All points are stopped at level 1
[ 532m]    INFO Explorer: All points are stopped at level 1
[ 544m]    INFO Explorer: All points are stopped at level 1
[ 547m]    INFO Explorer: All points are stopped at level 1
[ 559m]    INFO Explorer: All points are stopped at level 1
[ 560m]    INFO Explorer: All points are stopped at level 1
[ 581m]    INFO Explorer: All points are stopped at level 1
[ 588m]    INFO Explorer: All points are stopped at level 1
[ 590m]    INFO Explorer: All points are stopped at level 1
[ 591m]    INFO Explorer: All points are stopped at level 1
[ 595m]    INFO Explorer: All points are stopped at level 1
[ 601m]    INFO Explorer: All points are stopped at level 1
[ 603m]    INFO Explorer: All points are stopped at level 1
[ 606m]    INFO Explorer: All points are stopped at level 1
[ 619m]    INFO Explorer: All points are stopped at level 1
[ 621m]    INFO Explorer: All points are stopped at level 1
[ 633m]    INFO Explorer: All points are stopped at level 1
[ 636m]    INFO Explorer: All points are stopped at level 1
[ 648m]    INFO Explorer: All points are stopped at level 1
[ 649m]    INFO Explorer: All points are stopped at level 1
[ 669m]    INFO Explorer: All points are stopped at level 1
[ 675m]    INFO Explorer: All points are stopped at level 1
[ 676m]    INFO Explorer: All points are stopped at level 1
[ 677m]    INFO Explorer: All points are stopped at level 1
[ 680m]    INFO Explorer: All points are stopped at level 1
[ 686m]    INFO Explorer: All points are stopped at level 1
[ 687m]    INFO Explorer: All points are stopped at level 1
[ 690m]    INFO Explorer: All points are stopped at level 1
[ 701m]    INFO Explorer: All points are stopped at level 1
[ 702m]    INFO Explorer: All points are stopped at level 1
[ 714m]    INFO Explorer: All points are stopped at level 1
[ 717m]    INFO Explorer: All points are stopped at level 1
[ 729m]    INFO Explorer: All points are stopped at level 1
[ 730m]    INFO Explorer: All points are stopped at level 1
[ 749m]    INFO Explorer: All points are stopped at level 1
[ 755m]    INFO Explorer: All points are stopped at level 1
[ 757m]    INFO Explorer: All points are stopped at level 1
[ 758m]    INFO Explorer: All points are stopped at level 1
[ 760m]    INFO Explorer: All points are stopped at level 1
[ 766m]    INFO Explorer: All points are stopped at level 1
[ 767m]    INFO Explorer: All points are stopped at level 1
[ 770m]    INFO Explorer: All points are stopped at level 1
[ 781m]    INFO Explorer: All points are stopped at level 1
[ 782m]    INFO Explorer: All points are stopped at level 1
[ 794m]    INFO Explorer: All points are stopped at level 1
[ 797m]    INFO Explorer: All points are stopped at level 1
[ 808m]    INFO Explorer: All points are stopped at level 1
[ 809m]    INFO Explorer: All points are stopped at level 1
[ 828m]    INFO Explorer: All points are stopped at level 1
[ 834m]    INFO Explorer: All points are stopped at level 1
[ 835m]    INFO Explorer: All points are stopped at level 1
[ 836m]    INFO Explorer: All points are stopped at level 1
[ 839m]    INFO Explorer: All points are stopped at level 1
[ 845m]    INFO Explorer: All points are stopped at level 1
[ 846m]    INFO Explorer: All points are stopped at level 1
[ 848m]    INFO Explorer: All points are stopped at level 1
[ 860m]    INFO Explorer: All points are stopped at level 1
[ 862m]    INFO Explorer: All points are stopped at level 1
[ 875m]    INFO Explorer: All points are stopped at level 1
[ 877m]    INFO Explorer: All points are stopped at level 1
[ 888m]    INFO Explorer: All points are stopped at level 1
[ 890m]    INFO Explorer: All points are stopped at level 1
[ 910m]    INFO Explorer: All points are stopped at level 1
[ 915m]    INFO Explorer: All points are stopped at level 1
[ 917m]    INFO Explorer: All points are stopped at level 1
[ 918m]    INFO Explorer: All points are stopped at level 1
[ 921m]    INFO Explorer: All points are stopped at level 1
[ 926m]    INFO Explorer: All points are stopped at level 1
[ 928m]    INFO Explorer: All points are stopped at level 1
[ 931m]    INFO Explorer: All points are stopped at level 1
[ 942m]    INFO Explorer: All points are stopped at level 1
[ 944m]    INFO Explorer: All points are stopped at level 1
[ 957m]    INFO Explorer: All points are stopped at level 1
[ 960m]    INFO Explorer: All points are stopped at level 1
[ 972m]    INFO Explorer: All points are stopped at level 1
[ 973m]    INFO Explorer: All points are stopped at level 1
[ 993m]    INFO Explorer: All points are stopped at level 1
[ 999m]    INFO Explorer: All points are stopped at level 1
[1000m]    INFO Explorer: All points are stopped at level 1
[1002m]    INFO Explorer: All points are stopped at level 1
[1004m]    INFO Explorer: All points are stopped at level 1
[1004m]    INFO Explorer: Explored 1115 points
