================================================================
== Design Size Report
================================================================

* Total Instructions per Compilation Phase
+---------------+-----------------------------+--------------+----------------------------------------------------------------------------------------+
| Phase         | Step                        | Instructions | Description                                                                            |
+---------------+-----------------------------+--------------+----------------------------------------------------------------------------------------+
| Compile/Link  |                             |     1,407    | After all functions are compiled and linked into a single design                       |
|               |                             |              |                                                                                        |
| Unroll/Inline |                             |              | After user unroll and inline pragmas are applied                                       |
|               | (1) unroll                  |    27,954    | user unroll pragmas are applied                                                        |
|               | (2) simplification          |    14,198    | simplification of applied user unroll pragmas                                          |
|               | (3) inline                  |    13,908    | user inline pragmas are applied                                                        |
|               | (4) simplification          |    13,628    | simplification of applied user inline pragmas                                          |
|               |                             |              |                                                                                        |
| Array/Struct  |                             |              | After user array partition and struct aggregate/disaggregate pragmas are applied       |
|               | (1) array partition         | 2,179,302 *  | user array partition pragmas are applied                                               |
|               | (2) simplification          |    36,718    | simplification of applied user array partition & struct aggregate/disaggregate pragmas |
|               | (3) aggregate/disaggregate  |    36,719    | user struct aggregate/disaggregate pragmas are applied                                 |
|               | (4) array reshape           |    36,966    | apply array reshape pragmas                                                            |
|               | (5) access patterns         |    36,279    | array access pattern optmizations                                                      |
|               |                             |              |                                                                                        |
| Performance   |                             |              | After transformations are applied to meet performance pragma targets                   |
|               | (1) loop simplification     |    36,285    | loop and instruction simplification                                                    |
|               | (2) parallelization         |    36,276    | loops are unrolled or pipelined to meet performance targets                            |
|               | (3) array partition         |    36,276    | arrays are partitioned to meet performance targets                                     |
|               | (4) simplification          |    36,276    | simplification of design after performance transformations                             |
|               |                             |              |                                                                                        |
| HW Transforms |                             |              | After hardware transfomations                                                          |
|               | (1) lowering                |    36,310    | initial conversion to HW specific instructions                                         |
|               | (2) optimizations           |    36,409    | high level synthesis optimizations                                                     |
+---------------+-----------------------------+--------------+----------------------------------------------------------------------------------------+
    * - Exceeded design size warning message threshold

* Instructions per Function for each Compilation Phase
+-----------------------------+------------------------+--------------+-------------------+-------------------+-------------------+-------------------+
| Function                    | Location               | Compile/Link | Unroll/Inline     | Array/Struct      | Performance       | HW Transforms     |
+-----------------------------+------------------------+--------------+-------------------+-------------------+-------------------+-------------------+
| + kernel_nlp                | code_generated.cpp:159 | 1,407        | 13,628            | 36,279            | 36,276            | 36,409            |
|    load_B2                  | code_generated.cpp:12  |  335         |    99             | 4,023             | 4,022             | 4,056             |
|    load_B                   | code_generated.cpp:37  |  335         |    99             | 4,023             | 4,022             | 4,056             |
|    load_A                   | code_generated.cpp:62  |  183         |    59             | 1,236             | 1,235             | 1,253             |
|  + task0                    | code_generated.cpp:114 |  107         | 9,388             | 12,947            | 12,947            | 12,954            |
|     compute_operation_task0 | code_generated.cpp:106 |    9         | 5,760 (960 calls) | 5,760 (960 calls) | 5,760 (960 calls) | 5,760 (960 calls) |
|    task1                    | code_generated.cpp:140 |   63         | 3,850             | 4,806             | 4,806             | 4,810             |
|    store_B                  | code_generated.cpp:79  |  335         |    99             | 2,120             | 2,120             | 2,151             |
+-----------------------------+------------------------+--------------+-------------------+-------------------+-------------------+-------------------+

* Design Size Message Settings
+---------------------------------------------+--------+------------------------------------------------------------------+
| Message Setting                             | Value  | Description                                                      |
+---------------------------------------------+--------+------------------------------------------------------------------+
| config_compile -design_size_maximum_warning | 100000 | Show a warning when total design instructions exceeds this value |
+---------------------------------------------+--------+------------------------------------------------------------------+


