

================================================================
== Vitis HLS Report for 'load_p'
================================================================
* Date:           Tue Sep 17 02:56:53 2024

* Version:        2023.2 (Build 4023990 on Oct 11 2023)
* Project:        kernel_nlp
* Solution:       solution (Vitis Kernel Flow Target)
* Product family: virtexuplus
* Target device:  xcu200-fsgd2104-2-e


================================================================
== Performance Estimates
================================================================
+ Timing: 
    * Summary: 
    +--------+---------+----------+------------+
    |  Clock |  Target | Estimated| Uncertainty|
    +--------+---------+----------+------------+
    |ap_clk  |  4.00 ns|  2.920 ns|     1.08 ns|
    +--------+---------+----------+------------+

+ Latency: 
    * Summary: 
    +---------+---------+----------+----------+-----+-----+---------+
    |  Latency (cycles) |  Latency (absolute) |  Interval | Pipeline|
    |   min   |   max   |    min   |    max   | min | max |   Type  |
    +---------+---------+----------+----------+-----+-----+---------+
    |      270|      270|  1.080 us|  1.080 us|  270|  270|       no|
    +---------+---------+----------+----------+-----+-----+---------+

    + Detail: 
        * Instance: 
        +-------------------------------------------+---------------------------------+---------+---------+----------+----------+-----+-----+---------+
        |                                           |                                 |  Latency (cycles) |  Latency (absolute) |  Interval | Pipeline|
        |                  Instance                 |              Module             |   min   |   max   |    min   |    max   | min | max |   Type  |
        +-------------------------------------------+---------------------------------+---------+---------+----------+----------+-----+-----+---------+
        |grp_load_p_Pipeline_VITIS_LOOP_52_1_fu_53  |load_p_Pipeline_VITIS_LOOP_52_1  |      198|      198|  0.792 us|  0.792 us|  198|  198|       no|
        +-------------------------------------------+---------------------------------+---------+---------+----------+----------+-----+-----+---------+

        * Loop: 
        N/A



================================================================
== Utilization Estimates
================================================================
* Summary: 
+---------------------+---------+------+---------+---------+-----+
|         Name        | BRAM_18K|  DSP |    FF   |   LUT   | URAM|
+---------------------+---------+------+---------+---------+-----+
|DSP                  |        -|     -|        -|        -|    -|
|Expression           |        -|     -|        -|        -|    -|
|FIFO                 |        -|     -|        -|        -|    -|
|Instance             |        -|     -|       86|      104|    -|
|Memory               |        -|     -|        -|        -|    -|
|Multiplexer          |        -|     -|        -|      479|    -|
|Register             |        -|     -|      135|        -|    -|
+---------------------+---------+------+---------+---------+-----+
|Total                |        0|     0|      221|      583|    0|
+---------------------+---------+------+---------+---------+-----+
|Available SLR        |     1440|  2280|   788160|   394080|  320|
+---------------------+---------+------+---------+---------+-----+
|Utilization SLR (%)  |        0|     0|       ~0|       ~0|    0|
+---------------------+---------+------+---------+---------+-----+
|Available            |     4320|  6840|  2364480|  1182240|  960|
+---------------------+---------+------+---------+---------+-----+
|Utilization (%)      |        0|     0|       ~0|       ~0|    0|
+---------------------+---------+------+---------+---------+-----+

+ Detail: 
    * Instance: 
    +-------------------------------------------+---------------------------------+---------+----+----+-----+-----+
    |                  Instance                 |              Module             | BRAM_18K| DSP| FF | LUT | URAM|
    +-------------------------------------------+---------------------------------+---------+----+----+-----+-----+
    |grp_load_p_Pipeline_VITIS_LOOP_52_1_fu_53  |load_p_Pipeline_VITIS_LOOP_52_1  |        0|   0|  86|  104|    0|
    +-------------------------------------------+---------------------------------+---------+----+----+-----+-----+
    |Total                                      |                                 |        0|   0|  86|  104|    0|
    +-------------------------------------------+---------------------------------+---------+----+----+-----+-----+

    * DSP: 
    N/A

    * Memory: 
    N/A

    * FIFO: 
    N/A

    * Expression: 
    N/A

    * Multiplexer: 
    +-------------------------+-----+-----------+-----+-----------+
    |           Name          | LUT | Input Size| Bits| Total Bits|
    +-------------------------+-----+-----------+-----+-----------+
    |ap_NS_fsm                |  338|         74|    1|         74|
    |kernel_p_blk_n_AR        |    9|          2|    1|          2|
    |m_axi_kernel_p_ARADDR    |   14|          3|   64|        192|
    |m_axi_kernel_p_ARBURST   |    9|          2|    2|          4|
    |m_axi_kernel_p_ARCACHE   |    9|          2|    4|          8|
    |m_axi_kernel_p_ARID      |    9|          2|    1|          2|
    |m_axi_kernel_p_ARLEN     |   14|          3|   32|         96|
    |m_axi_kernel_p_ARLOCK    |    9|          2|    2|          4|
    |m_axi_kernel_p_ARPROT    |    9|          2|    3|          6|
    |m_axi_kernel_p_ARQOS     |    9|          2|    4|          8|
    |m_axi_kernel_p_ARREGION  |    9|          2|    4|          8|
    |m_axi_kernel_p_ARSIZE    |    9|          2|    3|          6|
    |m_axi_kernel_p_ARUSER    |    9|          2|    1|          2|
    |m_axi_kernel_p_ARVALID   |   14|          3|    1|          3|
    |m_axi_kernel_p_RREADY    |    9|          2|    1|          2|
    +-------------------------+-----+-----------+-----+-----------+
    |Total                    |  479|        105|  124|        417|
    +-------------------------+-----+-----------+-----+-----------+

    * Register: 
    +--------------------------------------------------------+----+----+-----+-----------+
    |                          Name                          | FF | LUT| Bits| Const Bits|
    +--------------------------------------------------------+----+----+-----+-----------+
    |ap_CS_fsm                                               |  73|   0|   73|          0|
    |grp_load_p_Pipeline_VITIS_LOOP_52_1_fu_53_ap_start_reg  |   1|   0|    1|          0|
    |trunc_ln_reg_85                                         |  61|   0|   61|          0|
    +--------------------------------------------------------+----+----+-----+-----------+
    |Total                                                   | 135|   0|  135|          0|
    +--------------------------------------------------------+----+----+-----+-----------+



================================================================
== Interface
================================================================
* Summary: 
+-------------------------+-----+-----+------------+--------------+--------------+
|        RTL Ports        | Dir | Bits|  Protocol  | Source Object|    C Type    |
+-------------------------+-----+-----+------------+--------------+--------------+
|ap_clk                   |   in|    1|  ap_ctrl_hs|        load_p|  return value|
|ap_rst                   |   in|    1|  ap_ctrl_hs|        load_p|  return value|
|ap_start                 |   in|    1|  ap_ctrl_hs|        load_p|  return value|
|ap_done                  |  out|    1|  ap_ctrl_hs|        load_p|  return value|
|ap_idle                  |  out|    1|  ap_ctrl_hs|        load_p|  return value|
|ap_ready                 |  out|    1|  ap_ctrl_hs|        load_p|  return value|
|p_0_address0             |  out|    8|   ap_memory|           p_0|         array|
|p_0_ce0                  |  out|    1|   ap_memory|           p_0|         array|
|p_0_we0                  |  out|    1|   ap_memory|           p_0|         array|
|p_0_d0                   |  out|   32|   ap_memory|           p_0|         array|
|p_1_address0             |  out|    8|   ap_memory|           p_1|         array|
|p_1_ce0                  |  out|    1|   ap_memory|           p_1|         array|
|p_1_we0                  |  out|    1|   ap_memory|           p_1|         array|
|p_1_d0                   |  out|   32|   ap_memory|           p_1|         array|
|m_axi_kernel_p_AWVALID   |  out|    1|       m_axi|      kernel_p|       pointer|
|m_axi_kernel_p_AWREADY   |   in|    1|       m_axi|      kernel_p|       pointer|
|m_axi_kernel_p_AWADDR    |  out|   64|       m_axi|      kernel_p|       pointer|
|m_axi_kernel_p_AWID      |  out|    1|       m_axi|      kernel_p|       pointer|
|m_axi_kernel_p_AWLEN     |  out|   32|       m_axi|      kernel_p|       pointer|
|m_axi_kernel_p_AWSIZE    |  out|    3|       m_axi|      kernel_p|       pointer|
|m_axi_kernel_p_AWBURST   |  out|    2|       m_axi|      kernel_p|       pointer|
|m_axi_kernel_p_AWLOCK    |  out|    2|       m_axi|      kernel_p|       pointer|
|m_axi_kernel_p_AWCACHE   |  out|    4|       m_axi|      kernel_p|       pointer|
|m_axi_kernel_p_AWPROT    |  out|    3|       m_axi|      kernel_p|       pointer|
|m_axi_kernel_p_AWQOS     |  out|    4|       m_axi|      kernel_p|       pointer|
|m_axi_kernel_p_AWREGION  |  out|    4|       m_axi|      kernel_p|       pointer|
|m_axi_kernel_p_AWUSER    |  out|    1|       m_axi|      kernel_p|       pointer|
|m_axi_kernel_p_WVALID    |  out|    1|       m_axi|      kernel_p|       pointer|
|m_axi_kernel_p_WREADY    |   in|    1|       m_axi|      kernel_p|       pointer|
|m_axi_kernel_p_WDATA     |  out|   64|       m_axi|      kernel_p|       pointer|
|m_axi_kernel_p_WSTRB     |  out|    8|       m_axi|      kernel_p|       pointer|
|m_axi_kernel_p_WLAST     |  out|    1|       m_axi|      kernel_p|       pointer|
|m_axi_kernel_p_WID       |  out|    1|       m_axi|      kernel_p|       pointer|
|m_axi_kernel_p_WUSER     |  out|    1|       m_axi|      kernel_p|       pointer|
|m_axi_kernel_p_ARVALID   |  out|    1|       m_axi|      kernel_p|       pointer|
|m_axi_kernel_p_ARREADY   |   in|    1|       m_axi|      kernel_p|       pointer|
|m_axi_kernel_p_ARADDR    |  out|   64|       m_axi|      kernel_p|       pointer|
|m_axi_kernel_p_ARID      |  out|    1|       m_axi|      kernel_p|       pointer|
|m_axi_kernel_p_ARLEN     |  out|   32|       m_axi|      kernel_p|       pointer|
|m_axi_kernel_p_ARSIZE    |  out|    3|       m_axi|      kernel_p|       pointer|
|m_axi_kernel_p_ARBURST   |  out|    2|       m_axi|      kernel_p|       pointer|
|m_axi_kernel_p_ARLOCK    |  out|    2|       m_axi|      kernel_p|       pointer|
|m_axi_kernel_p_ARCACHE   |  out|    4|       m_axi|      kernel_p|       pointer|
|m_axi_kernel_p_ARPROT    |  out|    3|       m_axi|      kernel_p|       pointer|
|m_axi_kernel_p_ARQOS     |  out|    4|       m_axi|      kernel_p|       pointer|
|m_axi_kernel_p_ARREGION  |  out|    4|       m_axi|      kernel_p|       pointer|
|m_axi_kernel_p_ARUSER    |  out|    1|       m_axi|      kernel_p|       pointer|
|m_axi_kernel_p_RVALID    |   in|    1|       m_axi|      kernel_p|       pointer|
|m_axi_kernel_p_RREADY    |  out|    1|       m_axi|      kernel_p|       pointer|
|m_axi_kernel_p_RDATA     |   in|   64|       m_axi|      kernel_p|       pointer|
|m_axi_kernel_p_RLAST     |   in|    1|       m_axi|      kernel_p|       pointer|
|m_axi_kernel_p_RID       |   in|    1|       m_axi|      kernel_p|       pointer|
|m_axi_kernel_p_RFIFONUM  |   in|    9|       m_axi|      kernel_p|       pointer|
|m_axi_kernel_p_RUSER     |   in|    1|       m_axi|      kernel_p|       pointer|
|m_axi_kernel_p_RRESP     |   in|    2|       m_axi|      kernel_p|       pointer|
|m_axi_kernel_p_BVALID    |   in|    1|       m_axi|      kernel_p|       pointer|
|m_axi_kernel_p_BREADY    |  out|    1|       m_axi|      kernel_p|       pointer|
|m_axi_kernel_p_BRESP     |   in|    2|       m_axi|      kernel_p|       pointer|
|m_axi_kernel_p_BID       |   in|    1|       m_axi|      kernel_p|       pointer|
|m_axi_kernel_p_BUSER     |   in|    1|       m_axi|      kernel_p|       pointer|
|vp                       |   in|   64|     ap_none|            vp|        scalar|
+-------------------------+-----+-----+------------+--------------+--------------+

