debug mode
Warning: this is an empty file (no tokens found): not even a CR present! (but not an error using the token stream unparsing) 
Check existing HLS partition pragma...
variable: s_buf
found arr: s_buf
   Add HLS array partition pragma: HLS array_partition variable=s_buf cyclic factor = 16 dim=1
variable: q_buf
found arr: q_buf
   Add HLS array partition pragma: HLS array_partition variable=q_buf cyclic factor = 16 dim=1
variable: r_5_0_buf
found arr: r_5_0_buf
   Add HLS array partition pragma: HLS array_partition variable=r_5_0_buf cyclic factor = 16 dim=1
variable: A_5_0_buf
found arr: A_5_0_buf
   Add HLS array partition pragma: HLS array_partition variable=A_5_0_buf cyclic factor = 2 dim=2
variable: A_5_1_buf
found arr: A_5_1_buf
   Add HLS array partition pragma: HLS array_partition variable=A_5_1_buf cyclic factor = 2 dim=2
variable: p_5_0_buf
found arr: p_5_0_buf
   Add HLS array partition pragma: HLS array_partition variable=p_5_0_buf cyclic factor = 16 dim=1
variable: q_buf
found arr: q_buf
   Add HLS array partition pragma: HLS array_partition variable=q_buf cyclic factor = 16 dim=1
variable: s_buf
found arr: s_buf
   Add HLS array partition pragma: HLS array_partition variable=s_buf cyclic factor = 16 dim=1
==============================================
-----=# Coarse Pipeline Optimization Start#=----
==============================================
============================================
-----=# Coarse Pipeline Optimization End#=----
============================================

mars_opt __dummy__.c __merlinwrapper_kernel_bicg.c __merlinkernel_kernel_bicg.c  -e c -p coarse_pipeline -a cstd=c99 -a cxxstd=c++11  -a impl_tool=sdaccel -a tool_version=vitis -a effort=standard -a generate_l2_api=on -a debug_mode=debug   -I /opt/merlin/sources/merlin-compiler/trunk/source-opt/include/apint_include -I/home/spouget/iccad_24/autodse_without_tree_reduction/bicg_MEDIUM/_done/work_dir/output/fast/0 -I/home/spouget/iccad_24/autodse_without_tree_reduction/bicg_MEDIUM/_done/work_dir/output/fast/0/bicg_MEDIUM/ -I/opt/merlin/sources/merlin-compiler/trunk//mars-gen/lib/merlin -I /opt/merlin/sources/merlin-compiler/trunk/mars-gen/lib/merlin -a cflags=" -D__SYNTHESIS__  -D_MARS_COMPILER_FLOW_ "
