debug mode
Warning: this is an empty file (no tokens found): not even a CR present! (but not an error using the token stream unparsing) 
[MARS-PARALLEL-MSG] Xilinx flow mode.
==============================================
-----=# Fine-grained Parallel Optimization Start#=----
==============================================
==============================================
-----=# Loop Parallel Xilinx Optimization Start#=----
==============================================
Merlin Pass [Dependency Resolve: Multiply Assign Reduce] started ... 
[DER ALGO][getPipelinedLoops]find a pipelined loop: SgForStatement:for(i = 0;i < 195;i++) {...}
[DER ALGO][getPipelinedLoops]find a pipelined loop: SgForStatement:for(i = 0;i < 410;i++) {...}
[MARS-PARALLEL-MSG] Xilinx flow mode.
===============================================
=========>  Memory Partition Optimization Start
Check existing HLS partition pragma...
variable: s_buf
found arr: s_buf
   Add HLS array partition pragma: HLS array_partition variable=s_buf cyclic factor = 16 dim=1
variable: q_buf
found arr: q_buf
   Add HLS array partition pragma: HLS array_partition variable=q_buf cyclic factor = 16 dim=1
variable: r_5_0_buf
found arr: r_5_0_buf
   Add HLS array partition pragma: HLS array_partition variable=r_5_0_buf cyclic factor = 16 dim=1
variable: A_5_0_buf
found arr: A_5_0_buf
   Add HLS array partition pragma: HLS array_partition variable=A_5_0_buf cyclic factor = 2 dim=2
variable: A_5_1_buf
found arr: A_5_1_buf
   Add HLS array partition pragma: HLS array_partition variable=A_5_1_buf cyclic factor = 2 dim=2
variable: p_5_0_buf
found arr: p_5_0_buf
   Add HLS array partition pragma: HLS array_partition variable=p_5_0_buf cyclic factor = 16 dim=1
variable: q_buf
found arr: q_buf
   Add HLS array partition pragma: HLS array_partition variable=q_buf cyclic factor = 16 dim=1
variable: s_buf
found arr: s_buf
   Add HLS array partition pragma: HLS array_partition variable=s_buf cyclic factor = 16 dim=1
CHECK HLS resource pragma
[print] Existing partition pragmas:
arr: p_5_0_buf
1
#pragma HLS array_partition variable=p_5_0_buf cyclic factor = 16 dim=1
arr: A_5_1_buf
1
#pragma HLS array_partition variable=A_5_1_buf cyclic factor = 2 dim=2
arr: A_5_0_buf
1
#pragma HLS array_partition variable=A_5_0_buf cyclic factor = 2 dim=2
arr: r_5_0_buf
1
#pragma HLS array_partition variable=r_5_0_buf cyclic factor = 16 dim=1
arr: q_buf
2
#pragma HLS array_partition variable=q_buf cyclic factor = 16 dim=1
#pragma HLS array_partition variable=q_buf cyclic factor = 16 dim=1
arr: s_buf
2
#pragma HLS array_partition variable=s_buf cyclic factor = 16 dim=1
#pragma HLS array_partition variable=s_buf cyclic factor = 16 dim=1


 ###### Partition analysis...


Partition analysis node...
Partition opt is: -2

==>Array: p_5_0_buf

 ==> choose dimension priority for variable: SgInitializedName:p_5_0_buf

 ==> parse access in dimension 0
priority: 102
[print ==>] Unroll the references:
 original refs: 1
[print ==>] Unroll the references, repeated refs: 0
         ==> dimension 1==> factor partition factor: 1

==>Array: A_5_1_buf

 ==> choose dimension priority for variable: SgInitializedName:A_5_1_buf

==>Array: A_5_0_buf

 ==> choose dimension priority for variable: SgInitializedName:A_5_0_buf

==>Array: r_5_0_buf

 ==> choose dimension priority for variable: SgInitializedName:r_5_0_buf

 ==> parse access in dimension 0
priority: 102
[print ==>] Unroll the references:
 original refs: 1
[print ==>] Unroll the references, repeated refs: 0
         ==> dimension 1==> factor partition factor: 1

==>Array: q_buf

 ==> choose dimension priority for variable: SgInitializedName:q_buf

 ==> parse access in dimension 0
priority: 104
[print ==>] Unroll the references:
 original refs: 2
[print ==>] Unroll the references, repeated refs: 1
         ==> dimension 1==> factor partition factor: 1

==>Array: s_buf

 ==> choose dimension priority for variable: SgInitializedName:s_buf

 ==> parse access in dimension 0
priority: 104
[print ==>] Unroll the references:
 original refs: 2
[print ==>] Unroll the references, repeated refs: 1
         ==> dimension 1==> factor partition factor: 1


Partition analysis node...
Partition opt is: -1

==>Array: s_buf

 ==> choose dimension priority for variable: SgInitializedName:s_buf

 ==> parse access in dimension 0
priority: 103
[print ==>] Unroll the references:
 original refs: 1
[print ==>] Unroll the references, repeated refs: 0
         ==> dimension 1==> partition factor: 2
dual: s_buf,0, 2


Partition analysis node...
Partition opt is: -1

==>Array: p_5_0_buf

 ==> choose dimension priority for variable: SgInitializedName:p_5_0_buf

 ==> parse access in dimension 0
priority: 102
[print ==>] Unroll the references:
 original refs: 1
[print ==>] Unroll the references, repeated refs: 0
         ==> dimension 1 ==> complete partition 

==>Array: A_5_1_buf

 ==> choose dimension priority for variable: SgInitializedName:A_5_1_buf

 ==> parse access in dimension 0
priority: 102

 ==> parse access in dimension 1
priority: 102
[print ==>] Unroll the references:
 original refs: 1
[print ==>] Unroll the references, repeated refs: 0
         ==> dimension 1==> factor partition factor: 1
[print ==>] Unroll the references:
 original refs: 1
[print ==>] Unroll the references, repeated refs: 0
         ==> dimension 2 ==> complete partition 

==>Array: A_5_0_buf

 ==> choose dimension priority for variable: SgInitializedName:A_5_0_buf

 ==> parse access in dimension 0
priority: 102

 ==> parse access in dimension 1
priority: 102
[print ==>] Unroll the references:
 original refs: 1
[print ==>] Unroll the references, repeated refs: 0
         ==> dimension 1==> factor partition factor: 1
[print ==>] Unroll the references:
 original refs: 1
[print ==>] Unroll the references, repeated refs: 0
         ==> dimension 2 ==> complete partition 

==>Array: r_5_0_buf

 ==> choose dimension priority for variable: SgInitializedName:r_5_0_buf

 ==> parse access in dimension 0
priority: 102
[print ==>] Unroll the references:
 original refs: 1
[print ==>] Unroll the references, repeated refs: 0
         ==> dimension 1==> factor partition factor: 1

==>Array: q_buf

 ==> choose dimension priority for variable: SgInitializedName:q_buf

 ==> parse access in dimension 0
priority: 106
[print ==>] Unroll the references:
 original refs: 3
[print ==>] Unroll the references, repeated refs: 2
         ==> dimension 1==> factor partition factor: 1

==>Array: s_buf

 ==> choose dimension priority for variable: SgInitializedName:s_buf

 ==> parse access in dimension 0
priority: 104
[print ==>] Unroll the references:
 original refs: 2
[print ==>] Unroll the references, repeated refs: 390
         ==> dimension 1 ==> complete partition 


Partition analysis node...
Partition opt is: 0

==>Array: s_buf

 ==> choose dimension priority for variable: SgInitializedName:s_buf

 ==> parse access in dimension 0
priority: 103
[print ==>] Unroll the references:
 original refs: 1
[print ==>] Unroll the references, repeated refs: 0
         ==> dimension 1==> partition factor: 2
dual: s_buf,0, 2


Partition analysis node...
Partition opt is: 0

==>Array: p_5_0_buf

 ==> choose dimension priority for variable: SgInitializedName:p_5_0_buf

 ==> parse access in dimension 0
priority: 103
[print ==>] Unroll the references:
 original refs: 1
[print ==>] Unroll the references, repeated refs: 0
         ==> dimension 1 ==> complete partition 

==>Array: A_5_1_buf

 ==> choose dimension priority for variable: SgInitializedName:A_5_1_buf

 ==> parse access in dimension 0
priority: 101

 ==> parse access in dimension 1
priority: 103
[print ==>] Unroll the references:
 original refs: 1
[print ==>] Unroll the references, repeated refs: 0
         ==> dimension 2 ==> complete partition 
[print ==>] Unroll the references:
 original refs: 1
[print ==>] Unroll the references, repeated refs: 0
Hooray! Indices are different!! 
         ==> dimension 1==> factor partition factor: 1

==>Array: A_5_0_buf

 ==> choose dimension priority for variable: SgInitializedName:A_5_0_buf

 ==> parse access in dimension 0
priority: 101

 ==> parse access in dimension 1
priority: 103
[print ==>] Unroll the references:
 original refs: 1
[print ==>] Unroll the references, repeated refs: 0
         ==> dimension 2 ==> complete partition 
[print ==>] Unroll the references:
 original refs: 1
[print ==>] Unroll the references, repeated refs: 0
Hooray! Indices are different!! 
         ==> dimension 1==> factor partition factor: 1

==>Array: r_5_0_buf

 ==> choose dimension priority for variable: SgInitializedName:r_5_0_buf

 ==> parse access in dimension 0
priority: 101
[print ==>] Unroll the references:
 original refs: 1
[print ==>] Unroll the references, repeated refs: 0
         ==> dimension 1==> factor partition factor: 1

==>Array: q_buf

 ==> choose dimension priority for variable: SgInitializedName:q_buf

 ==> parse access in dimension 0
priority: 102
[print ==>] Unroll the references:
 original refs: 2
[print ==>] Unroll the references, repeated refs: 1
         ==> dimension 1==> factor partition factor: 1

==>Array: s_buf

 ==> choose dimension priority for variable: SgInitializedName:s_buf

 ==> parse access in dimension 0
priority: 106
[print ==>] Unroll the references:
 original refs: 2
[print ==>] Unroll the references, repeated refs: 390
         ==> dimension 1 ==> complete partition 


 ######Partition merge...
Get partition table for p_5_0_buf
Pragma extract: SgPragmaDeclaration:#pragma HLS array_partition variable=p_5_0_buf cyclic factor = 16 dim=1
[INFO] dim-0, factor-16
Get partition table for A_5_1_buf
Pragma extract: SgPragmaDeclaration:#pragma HLS array_partition variable=A_5_1_buf cyclic factor = 2 dim=2
[INFO] dim-1, factor-2
Get partition table for A_5_0_buf
Pragma extract: SgPragmaDeclaration:#pragma HLS array_partition variable=A_5_0_buf cyclic factor = 2 dim=2
[INFO] dim-1, factor-2
Get partition table for r_5_0_buf
Pragma extract: SgPragmaDeclaration:#pragma HLS array_partition variable=r_5_0_buf cyclic factor = 16 dim=1
[INFO] dim-0, factor-16
Get partition table for q_buf
Pragma extract: SgPragmaDeclaration:#pragma HLS array_partition variable=q_buf cyclic factor = 16 dim=1
[INFO] dim-0, factor-16
Pragma extract: SgPragmaDeclaration:#pragma HLS array_partition variable=q_buf cyclic factor = 16 dim=1
[INFO] dim-0, factor-16
Get partition table for s_buf
Pragma extract: SgPragmaDeclaration:#pragma HLS array_partition variable=s_buf cyclic factor = 16 dim=1
[INFO] dim-0, factor-16
Pragma extract: SgPragmaDeclaration:#pragma HLS array_partition variable=s_buf cyclic factor = 16 dim=1
[INFO] dim-0, factor-16
==> Array merge: SgInitializedName:p_5_0_buf
Choose factors
dim-0, factor-0
dim-0, factor-0
dim-0, factor-16
dim-0, size-390, choose-0
==> Array merge: SgInitializedName:A_5_1_buf
Choose factors
dim-1, factor-0
dim-1, factor-0
dim-1, factor-2
dim-1, size-390, choose-0
==> Array merge: SgInitializedName:A_5_0_buf
Choose factors
dim-1, factor-0
dim-1, factor-0
dim-1, factor-2
dim-1, size-390, choose-0
==> Array merge: SgInitializedName:r_5_0_buf
==> Array merge: SgInitializedName:q_buf
Choose factors
dim-0, factor-16
dim-0, factor-16
dim-0, size-410, choose-16
==> Array merge: SgInitializedName:s_buf
Choose factors
dim-0, factor-1
dim-0, factor-1
dim-0, factor-0
dim-0, factor-0
dim-0, factor-16
dim-0, factor-16
dim-0, size-390, choose-0
Check init: s_buf
check  (1 , 0)
Check init: s_buf
check  (1 , 0)
Check init: p_5_0_buf
check  (0 , 0)
Check init: A_5_1_buf
check  (0 , 0)
Check init: A_5_0_buf
check  (0 , 0)
Check init: s_buf
check  (0 , 0)
Check init: p_5_0_buf
check  (0 , 0)
Check init: A_5_1_buf
check  (0 , 0)
Check init: A_5_0_buf
check  (0 , 0)
Check init: s_buf
check  (0 , 0)


 ######Partition transform...
[pragma gen] HLS array_partition variable=p_5_0_buf complete dim=1
[pragma gen] HLS array_partition variable=A_5_1_buf complete dim=2
[pragma gen] HLS array_partition variable=A_5_0_buf complete dim=2
[pragma gen] HLS array_partition variable=r_5_0_buf cyclic factor=16 dim=1
[pragma gen] HLS array_partition variable=q_buf cyclic factor=16 dim=1
[pragma gen] HLS array_partition variable=s_buf complete dim=1
INFO: [FGPIP-101] Partitioning array 'p_5_0_buf' on dimension 1 completely


INFO: [FGPIP-101] Partitioning array 'A_5_1_buf' on dimension 2 completely


INFO: [FGPIP-101] Partitioning array 'A_5_0_buf' on dimension 2 completely


INFO: [FGPIP-101] Partitioning array 'r_5_0_buf' on dimension 1 with factor 16


INFO: [FGPIP-101] Partitioning array 'q_buf' on dimension 1 with factor 16


INFO: [FGPIP-101] Partitioning array 's_buf' on dimension 1 completely


==============================================
============================================
============================================
============================================

==> INSERT PIPELINE ANALYSIS
Check: SgInitializedName:s_buf
outside can be flatten
[MARS-PARALLEL-CODEGEN] no loop-carried dependency on Array 's_buf'

==> INSERT PARALLEL ANALYSIS

==> INSERT PIPELINE ANALYSIS
Check: SgInitializedName:p_5_0_buf
outside can be flatten
Check: SgInitializedName:A_5_1_buf
outside can be flatten
Check: SgInitializedName:A_5_0_buf
outside can be flatten
Check: SgInitializedName:r_5_0_buf
outside can be flatten
Check: SgInitializedName:q_buf
outside can be flatten
[MARS-PARALLEL-CODEGEN] no loop-carried dependency on Array 'q_buf'
Check: SgInitializedName:s_buf
dep on loop SgForStatement:for(i = 0;i < 410;i++) {...}

==> INSERT PARALLEL ANALYSIS
============================================
============================================

-----=# Loop Parallel Optimization End#=----
============================================

Check false dependency pragma for Xilinx flow
====>  index transform: 
SgForStatement:for(i = 0;i < 195;i++) {...}
====>  index transform: 
SgForStatement:for(int i_sub = 0;i_sub < 2;++i_sub) {...}
====>  index transform: 
SgForStatement:for(i = 0;i < 410;i++) {...}
====>  index transform: 
SgForStatement:for(j = 0;j < 390;j++) {...}
mars_opt __dummy__.c __merlinwrapper_kernel_bicg.c __merlinkernel_kernel_bicg.c  -e c -p loop_parallel -a cstd=c99 -a cxxstd=c++11   -a impl_tool=sdaccel -a tool_version=vitis -a effort=standard -a generate_l2_api=on -a debug_mode=debug   -I /opt/merlin/sources/merlin-compiler/trunk/source-opt/include/apint_include -I/home/spouget/iccad_24/autodse_without_tree_reduction/bicg_MEDIUM/_done/work_dir/output/fast/0 -I/home/spouget/iccad_24/autodse_without_tree_reduction/bicg_MEDIUM/_done/work_dir/output/fast/0/bicg_MEDIUM/ -I/opt/merlin/sources/merlin-compiler/trunk//mars-gen/lib/merlin -I /opt/merlin/sources/merlin-compiler/trunk/mars-gen/lib/merlin -a cflags=" -D__SYNTHESIS__  -D_MARS_COMPILER_FLOW_ "
