debug mode
1 ...
[MARS-PARALLEL-MSG] Enable xilinx flow mode.
    Enter check old style function definition...

-----------------------------------------------
Found an IR node with preprocessing Info attached:
(memaddr: 0x7f65f97ef128 Sage type: SgGlobal) in file 
/home/spouget/iccad_24/autodse_without_tree_reduction/bicg_MEDIUM/_done/work_dir/output/fast/0/.merlin_prj/run/implement/code_transform/__dummy__.c (line 0 col 0)
check overload function
    Enter check local variable with non-constant dimension ...
3 ...
    Enter simple dce...
4 ...
    Enter check function pointer statement...
    Enter check unsupported statement...
    Enter goto statement1...
5 ...
Hello kernel_pragma_gen...
Find a kernel pragma : ACCEL kernel
6 ...
Enter check task pragma legality.

====== Typedef replace ========>
Kernel Seperate ... 
rm -rf kernel.list
    Enter kernel_file_list_gen...
Kernel -- SgFunctionDeclaration:void kernel_bicg(int m,int n,float [410][390] A,float [390] s,float [410] q,float [390] p,float [410] r) {...}
filename : __merlinkernel_kernel_bicg.c

====== Typedef replace ========>
echo '__merlinkernel_kernel_bicg.c' >> kernel.list
echo 'bicg_MEDIUM.c' >> host.list
 Generating merlin_type_define.h...
7 ...
    Enter simple dce...
8 ...
mars_opt __dummy__.c bicg_MEDIUM.c  -e c -p lower_separate -a cstd=c99 -a cxxstd=c++11  -a skip_syntax_check= -a enable_cpp=  -a impl_tool=sdaccel -a tool_version=vitis -a effort=standard -a generate_l2_api=on -a pure_kernel=off -a debug_mode=debug   -I /opt/merlin/sources/merlin-compiler/trunk/source-opt/include/apint_include -I/home/spouget/iccad_24/autodse_without_tree_reduction/bicg_MEDIUM/_done/work_dir/output/fast/0 -I/home/spouget/iccad_24/autodse_without_tree_reduction/bicg_MEDIUM/_done/work_dir/output/fast/0/bicg_MEDIUM/ -I/opt/merlin/sources/merlin-compiler/trunk//mars-gen/lib/merlin -I /opt/merlin/sources/merlin-compiler/trunk/mars-gen/lib/merlin -a cflags=" -D__SYNTHESIS__  -D_MARS_COMPILER_FLOW_ "
