

================================================================
== Vitis HLS Report for 'load_s_Pipeline_VITIS_LOOP_14_1'
================================================================
* Date:           Tue Sep 17 01:47:41 2024

* Version:        2023.2 (Build 4023990 on Oct 11 2023)
* Project:        kernel_nlp
* Solution:       solution (Vitis Kernel Flow Target)
* Product family: virtexuplus
* Target device:  xcu200-fsgd2104-2-e


================================================================
== Performance Estimates
================================================================
+ Timing: 
    * Summary: 
    +--------+---------+----------+------------+
    |  Clock |  Target | Estimated| Uncertainty|
    +--------+---------+----------+------------+
    |ap_clk  |  4.00 ns|  2.920 ns|     1.08 ns|
    +--------+---------+----------+------------+

+ Latency: 
    * Summary: 
    +---------+---------+----------+----------+-----+-----+---------+
    |  Latency (cycles) |  Latency (absolute) |  Interval | Pipeline|
    |   min   |   max   |    min   |    max   | min | max |   Type  |
    +---------+---------+----------+----------+-----+-----+---------+
    |      197|      197|  0.788 us|  0.788 us|  197|  197|       no|
    +---------+---------+----------+----------+-----+-----+---------+

    + Detail: 
        * Instance: 
        N/A

        * Loop: 
        +-------------------+---------+---------+----------+-----------+-----------+------+----------+
        |                   |  Latency (cycles) | Iteration|  Initiation Interval  | Trip |          |
        |     Loop Name     |   min   |   max   |  Latency |  achieved |   target  | Count| Pipelined|
        +-------------------+---------+---------+----------+-----------+-----------+------+----------+
        |- VITIS_LOOP_14_1  |      195|      195|         2|          1|          1|   195|       yes|
        +-------------------+---------+---------+----------+-----------+-----------+------+----------+



================================================================
== Utilization Estimates
================================================================
* Summary: 
+---------------------+---------+------+---------+---------+-----+
|         Name        | BRAM_18K|  DSP |    FF   |   LUT   | URAM|
+---------------------+---------+------+---------+---------+-----+
|DSP                  |        -|     -|        -|        -|    -|
|Expression           |        -|     -|        0|       50|    -|
|FIFO                 |        -|     -|        -|        -|    -|
|Instance             |        -|     -|        -|        -|    -|
|Memory               |        -|     -|        -|        -|    -|
|Multiplexer          |        -|     -|        -|       63|    -|
|Register             |        -|     -|       29|        -|    -|
+---------------------+---------+------+---------+---------+-----+
|Total                |        0|     0|       29|      113|    0|
+---------------------+---------+------+---------+---------+-----+
|Available SLR        |     1440|  2280|   788160|   394080|  320|
+---------------------+---------+------+---------+---------+-----+
|Utilization SLR (%)  |        0|     0|       ~0|       ~0|    0|
+---------------------+---------+------+---------+---------+-----+
|Available            |     4320|  6840|  2364480|  1182240|  960|
+---------------------+---------+------+---------+---------+-----+
|Utilization (%)      |        0|     0|       ~0|       ~0|    0|
+---------------------+---------+------+---------+---------+-----+

+ Detail: 
    * Instance: 
    N/A

    * DSP: 
    N/A

    * Memory: 
    N/A

    * FIFO: 
    N/A

    * Expression: 
    +---------------------------+----------+----+---+----+------------+------------+
    |       Variable Name       | Operation| DSP| FF| LUT| Bitwidth P0| Bitwidth P1|
    +---------------------------+----------+----+---+----+------------+------------+
    |add_ln14_1_fu_3995_p2      |         +|   0|  0|  15|           8|           1|
    |add_ln14_fu_4001_p2        |         +|   0|  0|  16|           9|           2|
    |ap_block_pp0_stage0_01001  |       and|   0|  0|   2|           1|           1|
    |icmp_ln14_fu_3989_p2       |      icmp|   0|  0|  15|           8|           7|
    |ap_enable_pp0              |       xor|   0|  0|   2|           1|           2|
    +---------------------------+----------+----+---+----+------------+------------+
    |Total                      |          |   0|  0|  50|          27|          13|
    +---------------------------+----------+----+---+----+------------+------------+

    * Multiplexer: 
    +------------------------------+----+-----------+-----+-----------+
    |             Name             | LUT| Input Size| Bits| Total Bits|
    +------------------------------+----+-----------+-----+-----------+
    |ap_done_int                   |   9|          2|    1|          2|
    |ap_enable_reg_pp0_iter1       |   9|          2|    1|          2|
    |ap_sig_allocacmp_i0_1         |   9|          2|    9|         18|
    |ap_sig_allocacmp_indvar_load  |   9|          2|    8|         16|
    |i0_fu_1220                    |   9|          2|    9|         18|
    |indvar_fu_1224                |   9|          2|    8|         16|
    |kernel_s_blk_n_R              |   9|          2|    1|          2|
    +------------------------------+----+-----------+-----+-----------+
    |Total                         |  63|         14|   37|         74|
    +------------------------------+----+-----------+-----+-----------+

    * Register: 
    +-------------------------+---+----+-----+-----------+
    |           Name          | FF| LUT| Bits| Const Bits|
    +-------------------------+---+----+-----+-----------+
    |ap_CS_fsm                |  1|   0|    1|          0|
    |ap_done_reg              |  1|   0|    1|          0|
    |ap_enable_reg_pp0_iter1  |  1|   0|    1|          0|
    |i0_1_reg_4454            |  9|   0|    9|          0|
    |i0_fu_1220               |  9|   0|    9|          0|
    |indvar_fu_1224           |  8|   0|    8|          0|
    +-------------------------+---+----+-----+-----------+
    |Total                    | 29|   0|   29|          0|
    +-------------------------+---+----+-----+-----------+



================================================================
== Interface
================================================================
* Summary: 
+-------------------------+-----+-----+------------+---------------------------------+--------------+
|        RTL Ports        | Dir | Bits|  Protocol  |          Source Object          |    C Type    |
+-------------------------+-----+-----+------------+---------------------------------+--------------+
|ap_clk                   |   in|    1|  ap_ctrl_hs|  load_s_Pipeline_VITIS_LOOP_14_1|  return value|
|ap_rst                   |   in|    1|  ap_ctrl_hs|  load_s_Pipeline_VITIS_LOOP_14_1|  return value|
|ap_start                 |   in|    1|  ap_ctrl_hs|  load_s_Pipeline_VITIS_LOOP_14_1|  return value|
|ap_done                  |  out|    1|  ap_ctrl_hs|  load_s_Pipeline_VITIS_LOOP_14_1|  return value|
|ap_idle                  |  out|    1|  ap_ctrl_hs|  load_s_Pipeline_VITIS_LOOP_14_1|  return value|
|ap_ready                 |  out|    1|  ap_ctrl_hs|  load_s_Pipeline_VITIS_LOOP_14_1|  return value|
|m_axi_kernel_s_AWVALID   |  out|    1|       m_axi|                         kernel_s|       pointer|
|m_axi_kernel_s_AWREADY   |   in|    1|       m_axi|                         kernel_s|       pointer|
|m_axi_kernel_s_AWADDR    |  out|   64|       m_axi|                         kernel_s|       pointer|
|m_axi_kernel_s_AWID      |  out|    1|       m_axi|                         kernel_s|       pointer|
|m_axi_kernel_s_AWLEN     |  out|   32|       m_axi|                         kernel_s|       pointer|
|m_axi_kernel_s_AWSIZE    |  out|    3|       m_axi|                         kernel_s|       pointer|
|m_axi_kernel_s_AWBURST   |  out|    2|       m_axi|                         kernel_s|       pointer|
|m_axi_kernel_s_AWLOCK    |  out|    2|       m_axi|                         kernel_s|       pointer|
|m_axi_kernel_s_AWCACHE   |  out|    4|       m_axi|                         kernel_s|       pointer|
|m_axi_kernel_s_AWPROT    |  out|    3|       m_axi|                         kernel_s|       pointer|
|m_axi_kernel_s_AWQOS     |  out|    4|       m_axi|                         kernel_s|       pointer|
|m_axi_kernel_s_AWREGION  |  out|    4|       m_axi|                         kernel_s|       pointer|
|m_axi_kernel_s_AWUSER    |  out|    1|       m_axi|                         kernel_s|       pointer|
|m_axi_kernel_s_WVALID    |  out|    1|       m_axi|                         kernel_s|       pointer|
|m_axi_kernel_s_WREADY    |   in|    1|       m_axi|                         kernel_s|       pointer|
|m_axi_kernel_s_WDATA     |  out|   64|       m_axi|                         kernel_s|       pointer|
|m_axi_kernel_s_WSTRB     |  out|    8|       m_axi|                         kernel_s|       pointer|
|m_axi_kernel_s_WLAST     |  out|    1|       m_axi|                         kernel_s|       pointer|
|m_axi_kernel_s_WID       |  out|    1|       m_axi|                         kernel_s|       pointer|
|m_axi_kernel_s_WUSER     |  out|    1|       m_axi|                         kernel_s|       pointer|
|m_axi_kernel_s_ARVALID   |  out|    1|       m_axi|                         kernel_s|       pointer|
|m_axi_kernel_s_ARREADY   |   in|    1|       m_axi|                         kernel_s|       pointer|
|m_axi_kernel_s_ARADDR    |  out|   64|       m_axi|                         kernel_s|       pointer|
|m_axi_kernel_s_ARID      |  out|    1|       m_axi|                         kernel_s|       pointer|
|m_axi_kernel_s_ARLEN     |  out|   32|       m_axi|                         kernel_s|       pointer|
|m_axi_kernel_s_ARSIZE    |  out|    3|       m_axi|                         kernel_s|       pointer|
|m_axi_kernel_s_ARBURST   |  out|    2|       m_axi|                         kernel_s|       pointer|
|m_axi_kernel_s_ARLOCK    |  out|    2|       m_axi|                         kernel_s|       pointer|
|m_axi_kernel_s_ARCACHE   |  out|    4|       m_axi|                         kernel_s|       pointer|
|m_axi_kernel_s_ARPROT    |  out|    3|       m_axi|                         kernel_s|       pointer|
|m_axi_kernel_s_ARQOS     |  out|    4|       m_axi|                         kernel_s|       pointer|
|m_axi_kernel_s_ARREGION  |  out|    4|       m_axi|                         kernel_s|       pointer|
|m_axi_kernel_s_ARUSER    |  out|    1|       m_axi|                         kernel_s|       pointer|
|m_axi_kernel_s_RVALID    |   in|    1|       m_axi|                         kernel_s|       pointer|
|m_axi_kernel_s_RREADY    |  out|    1|       m_axi|                         kernel_s|       pointer|
|m_axi_kernel_s_RDATA     |   in|   64|       m_axi|                         kernel_s|       pointer|
|m_axi_kernel_s_RLAST     |   in|    1|       m_axi|                         kernel_s|       pointer|
|m_axi_kernel_s_RID       |   in|    1|       m_axi|                         kernel_s|       pointer|
|m_axi_kernel_s_RFIFONUM  |   in|    9|       m_axi|                         kernel_s|       pointer|
|m_axi_kernel_s_RUSER     |   in|    1|       m_axi|                         kernel_s|       pointer|
|m_axi_kernel_s_RRESP     |   in|    2|       m_axi|                         kernel_s|       pointer|
|m_axi_kernel_s_BVALID    |   in|    1|       m_axi|                         kernel_s|       pointer|
|m_axi_kernel_s_BREADY    |  out|    1|       m_axi|                         kernel_s|       pointer|
|m_axi_kernel_s_BRESP     |   in|    2|       m_axi|                         kernel_s|       pointer|
|m_axi_kernel_s_BID       |   in|    1|       m_axi|                         kernel_s|       pointer|
|m_axi_kernel_s_BUSER     |   in|    1|       m_axi|                         kernel_s|       pointer|
|s_0                      |  out|   32|      ap_vld|                              s_0|       pointer|
|s_0_ap_vld               |  out|    1|      ap_vld|                              s_0|       pointer|
|s_1                      |  out|   32|      ap_vld|                              s_1|       pointer|
|s_1_ap_vld               |  out|    1|      ap_vld|                              s_1|       pointer|
|sext_ln14                |   in|   61|     ap_none|                        sext_ln14|        scalar|
|s_389                    |  out|   32|      ap_vld|                            s_389|       pointer|
|s_389_ap_vld             |  out|    1|      ap_vld|                            s_389|       pointer|
|s_388                    |  out|   32|      ap_vld|                            s_388|       pointer|
|s_388_ap_vld             |  out|    1|      ap_vld|                            s_388|       pointer|
|s_387                    |  out|   32|      ap_vld|                            s_387|       pointer|
|s_387_ap_vld             |  out|    1|      ap_vld|                            s_387|       pointer|
|s_386                    |  out|   32|      ap_vld|                            s_386|       pointer|
|s_386_ap_vld             |  out|    1|      ap_vld|                            s_386|       pointer|
|s_385                    |  out|   32|      ap_vld|                            s_385|       pointer|
|s_385_ap_vld             |  out|    1|      ap_vld|                            s_385|       pointer|
|s_384                    |  out|   32|      ap_vld|                            s_384|       pointer|
|s_384_ap_vld             |  out|    1|      ap_vld|                            s_384|       pointer|
|s_383                    |  out|   32|      ap_vld|                            s_383|       pointer|
|s_383_ap_vld             |  out|    1|      ap_vld|                            s_383|       pointer|
|s_382                    |  out|   32|      ap_vld|                            s_382|       pointer|
|s_382_ap_vld             |  out|    1|      ap_vld|                            s_382|       pointer|
|s_381                    |  out|   32|      ap_vld|                            s_381|       pointer|
|s_381_ap_vld             |  out|    1|      ap_vld|                            s_381|       pointer|
|s_380                    |  out|   32|      ap_vld|                            s_380|       pointer|
|s_380_ap_vld             |  out|    1|      ap_vld|                            s_380|       pointer|
|s_379                    |  out|   32|      ap_vld|                            s_379|       pointer|
|s_379_ap_vld             |  out|    1|      ap_vld|                            s_379|       pointer|
|s_378                    |  out|   32|      ap_vld|                            s_378|       pointer|
|s_378_ap_vld             |  out|    1|      ap_vld|                            s_378|       pointer|
|s_377                    |  out|   32|      ap_vld|                            s_377|       pointer|
|s_377_ap_vld             |  out|    1|      ap_vld|                            s_377|       pointer|
|s_376                    |  out|   32|      ap_vld|                            s_376|       pointer|
|s_376_ap_vld             |  out|    1|      ap_vld|                            s_376|       pointer|
|s_375                    |  out|   32|      ap_vld|                            s_375|       pointer|
|s_375_ap_vld             |  out|    1|      ap_vld|                            s_375|       pointer|
|s_374                    |  out|   32|      ap_vld|                            s_374|       pointer|
|s_374_ap_vld             |  out|    1|      ap_vld|                            s_374|       pointer|
|s_373                    |  out|   32|      ap_vld|                            s_373|       pointer|
|s_373_ap_vld             |  out|    1|      ap_vld|                            s_373|       pointer|
|s_372                    |  out|   32|      ap_vld|                            s_372|       pointer|
|s_372_ap_vld             |  out|    1|      ap_vld|                            s_372|       pointer|
|s_371                    |  out|   32|      ap_vld|                            s_371|       pointer|
|s_371_ap_vld             |  out|    1|      ap_vld|                            s_371|       pointer|
|s_370                    |  out|   32|      ap_vld|                            s_370|       pointer|
|s_370_ap_vld             |  out|    1|      ap_vld|                            s_370|       pointer|
|s_369                    |  out|   32|      ap_vld|                            s_369|       pointer|
|s_369_ap_vld             |  out|    1|      ap_vld|                            s_369|       pointer|
|s_368                    |  out|   32|      ap_vld|                            s_368|       pointer|
|s_368_ap_vld             |  out|    1|      ap_vld|                            s_368|       pointer|
|s_367                    |  out|   32|      ap_vld|                            s_367|       pointer|
|s_367_ap_vld             |  out|    1|      ap_vld|                            s_367|       pointer|
|s_366                    |  out|   32|      ap_vld|                            s_366|       pointer|
|s_366_ap_vld             |  out|    1|      ap_vld|                            s_366|       pointer|
|s_365                    |  out|   32|      ap_vld|                            s_365|       pointer|
|s_365_ap_vld             |  out|    1|      ap_vld|                            s_365|       pointer|
|s_364                    |  out|   32|      ap_vld|                            s_364|       pointer|
|s_364_ap_vld             |  out|    1|      ap_vld|                            s_364|       pointer|
|s_363                    |  out|   32|      ap_vld|                            s_363|       pointer|
|s_363_ap_vld             |  out|    1|      ap_vld|                            s_363|       pointer|
|s_362                    |  out|   32|      ap_vld|                            s_362|       pointer|
|s_362_ap_vld             |  out|    1|      ap_vld|                            s_362|       pointer|
|s_361                    |  out|   32|      ap_vld|                            s_361|       pointer|
|s_361_ap_vld             |  out|    1|      ap_vld|                            s_361|       pointer|
|s_360                    |  out|   32|      ap_vld|                            s_360|       pointer|
|s_360_ap_vld             |  out|    1|      ap_vld|                            s_360|       pointer|
|s_359                    |  out|   32|      ap_vld|                            s_359|       pointer|
|s_359_ap_vld             |  out|    1|      ap_vld|                            s_359|       pointer|
|s_358                    |  out|   32|      ap_vld|                            s_358|       pointer|
|s_358_ap_vld             |  out|    1|      ap_vld|                            s_358|       pointer|
|s_357                    |  out|   32|      ap_vld|                            s_357|       pointer|
|s_357_ap_vld             |  out|    1|      ap_vld|                            s_357|       pointer|
|s_356                    |  out|   32|      ap_vld|                            s_356|       pointer|
|s_356_ap_vld             |  out|    1|      ap_vld|                            s_356|       pointer|
|s_355                    |  out|   32|      ap_vld|                            s_355|       pointer|
|s_355_ap_vld             |  out|    1|      ap_vld|                            s_355|       pointer|
|s_354                    |  out|   32|      ap_vld|                            s_354|       pointer|
|s_354_ap_vld             |  out|    1|      ap_vld|                            s_354|       pointer|
|s_353                    |  out|   32|      ap_vld|                            s_353|       pointer|
|s_353_ap_vld             |  out|    1|      ap_vld|                            s_353|       pointer|
|s_352                    |  out|   32|      ap_vld|                            s_352|       pointer|
|s_352_ap_vld             |  out|    1|      ap_vld|                            s_352|       pointer|
|s_351                    |  out|   32|      ap_vld|                            s_351|       pointer|
|s_351_ap_vld             |  out|    1|      ap_vld|                            s_351|       pointer|
|s_350                    |  out|   32|      ap_vld|                            s_350|       pointer|
|s_350_ap_vld             |  out|    1|      ap_vld|                            s_350|       pointer|
|s_349                    |  out|   32|      ap_vld|                            s_349|       pointer|
|s_349_ap_vld             |  out|    1|      ap_vld|                            s_349|       pointer|
|s_348                    |  out|   32|      ap_vld|                            s_348|       pointer|
|s_348_ap_vld             |  out|    1|      ap_vld|                            s_348|       pointer|
|s_347                    |  out|   32|      ap_vld|                            s_347|       pointer|
|s_347_ap_vld             |  out|    1|      ap_vld|                            s_347|       pointer|
|s_346                    |  out|   32|      ap_vld|                            s_346|       pointer|
|s_346_ap_vld             |  out|    1|      ap_vld|                            s_346|       pointer|
|s_345                    |  out|   32|      ap_vld|                            s_345|       pointer|
|s_345_ap_vld             |  out|    1|      ap_vld|                            s_345|       pointer|
|s_344                    |  out|   32|      ap_vld|                            s_344|       pointer|
|s_344_ap_vld             |  out|    1|      ap_vld|                            s_344|       pointer|
|s_343                    |  out|   32|      ap_vld|                            s_343|       pointer|
|s_343_ap_vld             |  out|    1|      ap_vld|                            s_343|       pointer|
|s_342                    |  out|   32|      ap_vld|                            s_342|       pointer|
|s_342_ap_vld             |  out|    1|      ap_vld|                            s_342|       pointer|
|s_341                    |  out|   32|      ap_vld|                            s_341|       pointer|
|s_341_ap_vld             |  out|    1|      ap_vld|                            s_341|       pointer|
|s_340                    |  out|   32|      ap_vld|                            s_340|       pointer|
|s_340_ap_vld             |  out|    1|      ap_vld|                            s_340|       pointer|
|s_339                    |  out|   32|      ap_vld|                            s_339|       pointer|
|s_339_ap_vld             |  out|    1|      ap_vld|                            s_339|       pointer|
|s_338                    |  out|   32|      ap_vld|                            s_338|       pointer|
|s_338_ap_vld             |  out|    1|      ap_vld|                            s_338|       pointer|
|s_337                    |  out|   32|      ap_vld|                            s_337|       pointer|
|s_337_ap_vld             |  out|    1|      ap_vld|                            s_337|       pointer|
|s_336                    |  out|   32|      ap_vld|                            s_336|       pointer|
|s_336_ap_vld             |  out|    1|      ap_vld|                            s_336|       pointer|
|s_335                    |  out|   32|      ap_vld|                            s_335|       pointer|
|s_335_ap_vld             |  out|    1|      ap_vld|                            s_335|       pointer|
|s_334                    |  out|   32|      ap_vld|                            s_334|       pointer|
|s_334_ap_vld             |  out|    1|      ap_vld|                            s_334|       pointer|
|s_333                    |  out|   32|      ap_vld|                            s_333|       pointer|
|s_333_ap_vld             |  out|    1|      ap_vld|                            s_333|       pointer|
|s_332                    |  out|   32|      ap_vld|                            s_332|       pointer|
|s_332_ap_vld             |  out|    1|      ap_vld|                            s_332|       pointer|
|s_331                    |  out|   32|      ap_vld|                            s_331|       pointer|
|s_331_ap_vld             |  out|    1|      ap_vld|                            s_331|       pointer|
|s_330                    |  out|   32|      ap_vld|                            s_330|       pointer|
|s_330_ap_vld             |  out|    1|      ap_vld|                            s_330|       pointer|
|s_329                    |  out|   32|      ap_vld|                            s_329|       pointer|
|s_329_ap_vld             |  out|    1|      ap_vld|                            s_329|       pointer|
|s_328                    |  out|   32|      ap_vld|                            s_328|       pointer|
|s_328_ap_vld             |  out|    1|      ap_vld|                            s_328|       pointer|
|s_327                    |  out|   32|      ap_vld|                            s_327|       pointer|
|s_327_ap_vld             |  out|    1|      ap_vld|                            s_327|       pointer|
|s_326                    |  out|   32|      ap_vld|                            s_326|       pointer|
|s_326_ap_vld             |  out|    1|      ap_vld|                            s_326|       pointer|
|s_325                    |  out|   32|      ap_vld|                            s_325|       pointer|
|s_325_ap_vld             |  out|    1|      ap_vld|                            s_325|       pointer|
|s_324                    |  out|   32|      ap_vld|                            s_324|       pointer|
|s_324_ap_vld             |  out|    1|      ap_vld|                            s_324|       pointer|
|s_323                    |  out|   32|      ap_vld|                            s_323|       pointer|
|s_323_ap_vld             |  out|    1|      ap_vld|                            s_323|       pointer|
|s_322                    |  out|   32|      ap_vld|                            s_322|       pointer|
|s_322_ap_vld             |  out|    1|      ap_vld|                            s_322|       pointer|
|s_321                    |  out|   32|      ap_vld|                            s_321|       pointer|
|s_321_ap_vld             |  out|    1|      ap_vld|                            s_321|       pointer|
|s_320                    |  out|   32|      ap_vld|                            s_320|       pointer|
|s_320_ap_vld             |  out|    1|      ap_vld|                            s_320|       pointer|
|s_319                    |  out|   32|      ap_vld|                            s_319|       pointer|
|s_319_ap_vld             |  out|    1|      ap_vld|                            s_319|       pointer|
|s_318                    |  out|   32|      ap_vld|                            s_318|       pointer|
|s_318_ap_vld             |  out|    1|      ap_vld|                            s_318|       pointer|
|s_317                    |  out|   32|      ap_vld|                            s_317|       pointer|
|s_317_ap_vld             |  out|    1|      ap_vld|                            s_317|       pointer|
|s_316                    |  out|   32|      ap_vld|                            s_316|       pointer|
|s_316_ap_vld             |  out|    1|      ap_vld|                            s_316|       pointer|
|s_315                    |  out|   32|      ap_vld|                            s_315|       pointer|
|s_315_ap_vld             |  out|    1|      ap_vld|                            s_315|       pointer|
|s_314                    |  out|   32|      ap_vld|                            s_314|       pointer|
|s_314_ap_vld             |  out|    1|      ap_vld|                            s_314|       pointer|
|s_313                    |  out|   32|      ap_vld|                            s_313|       pointer|
|s_313_ap_vld             |  out|    1|      ap_vld|                            s_313|       pointer|
|s_312                    |  out|   32|      ap_vld|                            s_312|       pointer|
|s_312_ap_vld             |  out|    1|      ap_vld|                            s_312|       pointer|
|s_311                    |  out|   32|      ap_vld|                            s_311|       pointer|
|s_311_ap_vld             |  out|    1|      ap_vld|                            s_311|       pointer|
|s_310                    |  out|   32|      ap_vld|                            s_310|       pointer|
|s_310_ap_vld             |  out|    1|      ap_vld|                            s_310|       pointer|
|s_309                    |  out|   32|      ap_vld|                            s_309|       pointer|
|s_309_ap_vld             |  out|    1|      ap_vld|                            s_309|       pointer|
|s_308                    |  out|   32|      ap_vld|                            s_308|       pointer|
|s_308_ap_vld             |  out|    1|      ap_vld|                            s_308|       pointer|
|s_307                    |  out|   32|      ap_vld|                            s_307|       pointer|
|s_307_ap_vld             |  out|    1|      ap_vld|                            s_307|       pointer|
|s_306                    |  out|   32|      ap_vld|                            s_306|       pointer|
|s_306_ap_vld             |  out|    1|      ap_vld|                            s_306|       pointer|
|s_305                    |  out|   32|      ap_vld|                            s_305|       pointer|
|s_305_ap_vld             |  out|    1|      ap_vld|                            s_305|       pointer|
|s_304                    |  out|   32|      ap_vld|                            s_304|       pointer|
|s_304_ap_vld             |  out|    1|      ap_vld|                            s_304|       pointer|
|s_303                    |  out|   32|      ap_vld|                            s_303|       pointer|
|s_303_ap_vld             |  out|    1|      ap_vld|                            s_303|       pointer|
|s_302                    |  out|   32|      ap_vld|                            s_302|       pointer|
|s_302_ap_vld             |  out|    1|      ap_vld|                            s_302|       pointer|
|s_301                    |  out|   32|      ap_vld|                            s_301|       pointer|
|s_301_ap_vld             |  out|    1|      ap_vld|                            s_301|       pointer|
|s_300                    |  out|   32|      ap_vld|                            s_300|       pointer|
|s_300_ap_vld             |  out|    1|      ap_vld|                            s_300|       pointer|
|s_299                    |  out|   32|      ap_vld|                            s_299|       pointer|
|s_299_ap_vld             |  out|    1|      ap_vld|                            s_299|       pointer|
|s_298                    |  out|   32|      ap_vld|                            s_298|       pointer|
|s_298_ap_vld             |  out|    1|      ap_vld|                            s_298|       pointer|
|s_297                    |  out|   32|      ap_vld|                            s_297|       pointer|
|s_297_ap_vld             |  out|    1|      ap_vld|                            s_297|       pointer|
|s_296                    |  out|   32|      ap_vld|                            s_296|       pointer|
|s_296_ap_vld             |  out|    1|      ap_vld|                            s_296|       pointer|
|s_295                    |  out|   32|      ap_vld|                            s_295|       pointer|
|s_295_ap_vld             |  out|    1|      ap_vld|                            s_295|       pointer|
|s_294                    |  out|   32|      ap_vld|                            s_294|       pointer|
|s_294_ap_vld             |  out|    1|      ap_vld|                            s_294|       pointer|
|s_293                    |  out|   32|      ap_vld|                            s_293|       pointer|
|s_293_ap_vld             |  out|    1|      ap_vld|                            s_293|       pointer|
|s_292                    |  out|   32|      ap_vld|                            s_292|       pointer|
|s_292_ap_vld             |  out|    1|      ap_vld|                            s_292|       pointer|
|s_291                    |  out|   32|      ap_vld|                            s_291|       pointer|
|s_291_ap_vld             |  out|    1|      ap_vld|                            s_291|       pointer|
|s_290                    |  out|   32|      ap_vld|                            s_290|       pointer|
|s_290_ap_vld             |  out|    1|      ap_vld|                            s_290|       pointer|
|s_289                    |  out|   32|      ap_vld|                            s_289|       pointer|
|s_289_ap_vld             |  out|    1|      ap_vld|                            s_289|       pointer|
|s_288                    |  out|   32|      ap_vld|                            s_288|       pointer|
|s_288_ap_vld             |  out|    1|      ap_vld|                            s_288|       pointer|
|s_287                    |  out|   32|      ap_vld|                            s_287|       pointer|
|s_287_ap_vld             |  out|    1|      ap_vld|                            s_287|       pointer|
|s_286                    |  out|   32|      ap_vld|                            s_286|       pointer|
|s_286_ap_vld             |  out|    1|      ap_vld|                            s_286|       pointer|
|s_285                    |  out|   32|      ap_vld|                            s_285|       pointer|
|s_285_ap_vld             |  out|    1|      ap_vld|                            s_285|       pointer|
|s_284                    |  out|   32|      ap_vld|                            s_284|       pointer|
|s_284_ap_vld             |  out|    1|      ap_vld|                            s_284|       pointer|
|s_283                    |  out|   32|      ap_vld|                            s_283|       pointer|
|s_283_ap_vld             |  out|    1|      ap_vld|                            s_283|       pointer|
|s_282                    |  out|   32|      ap_vld|                            s_282|       pointer|
|s_282_ap_vld             |  out|    1|      ap_vld|                            s_282|       pointer|
|s_281                    |  out|   32|      ap_vld|                            s_281|       pointer|
|s_281_ap_vld             |  out|    1|      ap_vld|                            s_281|       pointer|
|s_280                    |  out|   32|      ap_vld|                            s_280|       pointer|
|s_280_ap_vld             |  out|    1|      ap_vld|                            s_280|       pointer|
|s_279                    |  out|   32|      ap_vld|                            s_279|       pointer|
|s_279_ap_vld             |  out|    1|      ap_vld|                            s_279|       pointer|
|s_278                    |  out|   32|      ap_vld|                            s_278|       pointer|
|s_278_ap_vld             |  out|    1|      ap_vld|                            s_278|       pointer|
|s_277                    |  out|   32|      ap_vld|                            s_277|       pointer|
|s_277_ap_vld             |  out|    1|      ap_vld|                            s_277|       pointer|
|s_276                    |  out|   32|      ap_vld|                            s_276|       pointer|
|s_276_ap_vld             |  out|    1|      ap_vld|                            s_276|       pointer|
|s_275                    |  out|   32|      ap_vld|                            s_275|       pointer|
|s_275_ap_vld             |  out|    1|      ap_vld|                            s_275|       pointer|
|s_274                    |  out|   32|      ap_vld|                            s_274|       pointer|
|s_274_ap_vld             |  out|    1|      ap_vld|                            s_274|       pointer|
|s_273                    |  out|   32|      ap_vld|                            s_273|       pointer|
|s_273_ap_vld             |  out|    1|      ap_vld|                            s_273|       pointer|
|s_272                    |  out|   32|      ap_vld|                            s_272|       pointer|
|s_272_ap_vld             |  out|    1|      ap_vld|                            s_272|       pointer|
|s_271                    |  out|   32|      ap_vld|                            s_271|       pointer|
|s_271_ap_vld             |  out|    1|      ap_vld|                            s_271|       pointer|
|s_270                    |  out|   32|      ap_vld|                            s_270|       pointer|
|s_270_ap_vld             |  out|    1|      ap_vld|                            s_270|       pointer|
|s_269                    |  out|   32|      ap_vld|                            s_269|       pointer|
|s_269_ap_vld             |  out|    1|      ap_vld|                            s_269|       pointer|
|s_268                    |  out|   32|      ap_vld|                            s_268|       pointer|
|s_268_ap_vld             |  out|    1|      ap_vld|                            s_268|       pointer|
|s_267                    |  out|   32|      ap_vld|                            s_267|       pointer|
|s_267_ap_vld             |  out|    1|      ap_vld|                            s_267|       pointer|
|s_266                    |  out|   32|      ap_vld|                            s_266|       pointer|
|s_266_ap_vld             |  out|    1|      ap_vld|                            s_266|       pointer|
|s_265                    |  out|   32|      ap_vld|                            s_265|       pointer|
|s_265_ap_vld             |  out|    1|      ap_vld|                            s_265|       pointer|
|s_264                    |  out|   32|      ap_vld|                            s_264|       pointer|
|s_264_ap_vld             |  out|    1|      ap_vld|                            s_264|       pointer|
|s_263                    |  out|   32|      ap_vld|                            s_263|       pointer|
|s_263_ap_vld             |  out|    1|      ap_vld|                            s_263|       pointer|
|s_262                    |  out|   32|      ap_vld|                            s_262|       pointer|
|s_262_ap_vld             |  out|    1|      ap_vld|                            s_262|       pointer|
|s_261                    |  out|   32|      ap_vld|                            s_261|       pointer|
|s_261_ap_vld             |  out|    1|      ap_vld|                            s_261|       pointer|
|s_260                    |  out|   32|      ap_vld|                            s_260|       pointer|
|s_260_ap_vld             |  out|    1|      ap_vld|                            s_260|       pointer|
|s_259                    |  out|   32|      ap_vld|                            s_259|       pointer|
|s_259_ap_vld             |  out|    1|      ap_vld|                            s_259|       pointer|
|s_258                    |  out|   32|      ap_vld|                            s_258|       pointer|
|s_258_ap_vld             |  out|    1|      ap_vld|                            s_258|       pointer|
|s_257                    |  out|   32|      ap_vld|                            s_257|       pointer|
|s_257_ap_vld             |  out|    1|      ap_vld|                            s_257|       pointer|
|s_256                    |  out|   32|      ap_vld|                            s_256|       pointer|
|s_256_ap_vld             |  out|    1|      ap_vld|                            s_256|       pointer|
|s_255                    |  out|   32|      ap_vld|                            s_255|       pointer|
|s_255_ap_vld             |  out|    1|      ap_vld|                            s_255|       pointer|
|s_254                    |  out|   32|      ap_vld|                            s_254|       pointer|
|s_254_ap_vld             |  out|    1|      ap_vld|                            s_254|       pointer|
|s_253                    |  out|   32|      ap_vld|                            s_253|       pointer|
|s_253_ap_vld             |  out|    1|      ap_vld|                            s_253|       pointer|
|s_252                    |  out|   32|      ap_vld|                            s_252|       pointer|
|s_252_ap_vld             |  out|    1|      ap_vld|                            s_252|       pointer|
|s_251                    |  out|   32|      ap_vld|                            s_251|       pointer|
|s_251_ap_vld             |  out|    1|      ap_vld|                            s_251|       pointer|
|s_250                    |  out|   32|      ap_vld|                            s_250|       pointer|
|s_250_ap_vld             |  out|    1|      ap_vld|                            s_250|       pointer|
|s_249                    |  out|   32|      ap_vld|                            s_249|       pointer|
|s_249_ap_vld             |  out|    1|      ap_vld|                            s_249|       pointer|
|s_248                    |  out|   32|      ap_vld|                            s_248|       pointer|
|s_248_ap_vld             |  out|    1|      ap_vld|                            s_248|       pointer|
|s_247                    |  out|   32|      ap_vld|                            s_247|       pointer|
|s_247_ap_vld             |  out|    1|      ap_vld|                            s_247|       pointer|
|s_246                    |  out|   32|      ap_vld|                            s_246|       pointer|
|s_246_ap_vld             |  out|    1|      ap_vld|                            s_246|       pointer|
|s_245                    |  out|   32|      ap_vld|                            s_245|       pointer|
|s_245_ap_vld             |  out|    1|      ap_vld|                            s_245|       pointer|
|s_244                    |  out|   32|      ap_vld|                            s_244|       pointer|
|s_244_ap_vld             |  out|    1|      ap_vld|                            s_244|       pointer|
|s_243                    |  out|   32|      ap_vld|                            s_243|       pointer|
|s_243_ap_vld             |  out|    1|      ap_vld|                            s_243|       pointer|
|s_242                    |  out|   32|      ap_vld|                            s_242|       pointer|
|s_242_ap_vld             |  out|    1|      ap_vld|                            s_242|       pointer|
|s_241                    |  out|   32|      ap_vld|                            s_241|       pointer|
|s_241_ap_vld             |  out|    1|      ap_vld|                            s_241|       pointer|
|s_240                    |  out|   32|      ap_vld|                            s_240|       pointer|
|s_240_ap_vld             |  out|    1|      ap_vld|                            s_240|       pointer|
|s_239                    |  out|   32|      ap_vld|                            s_239|       pointer|
|s_239_ap_vld             |  out|    1|      ap_vld|                            s_239|       pointer|
|s_238                    |  out|   32|      ap_vld|                            s_238|       pointer|
|s_238_ap_vld             |  out|    1|      ap_vld|                            s_238|       pointer|
|s_237                    |  out|   32|      ap_vld|                            s_237|       pointer|
|s_237_ap_vld             |  out|    1|      ap_vld|                            s_237|       pointer|
|s_236                    |  out|   32|      ap_vld|                            s_236|       pointer|
|s_236_ap_vld             |  out|    1|      ap_vld|                            s_236|       pointer|
|s_235                    |  out|   32|      ap_vld|                            s_235|       pointer|
|s_235_ap_vld             |  out|    1|      ap_vld|                            s_235|       pointer|
|s_234                    |  out|   32|      ap_vld|                            s_234|       pointer|
|s_234_ap_vld             |  out|    1|      ap_vld|                            s_234|       pointer|
|s_233                    |  out|   32|      ap_vld|                            s_233|       pointer|
|s_233_ap_vld             |  out|    1|      ap_vld|                            s_233|       pointer|
|s_232                    |  out|   32|      ap_vld|                            s_232|       pointer|
|s_232_ap_vld             |  out|    1|      ap_vld|                            s_232|       pointer|
|s_231                    |  out|   32|      ap_vld|                            s_231|       pointer|
|s_231_ap_vld             |  out|    1|      ap_vld|                            s_231|       pointer|
|s_230                    |  out|   32|      ap_vld|                            s_230|       pointer|
|s_230_ap_vld             |  out|    1|      ap_vld|                            s_230|       pointer|
|s_229                    |  out|   32|      ap_vld|                            s_229|       pointer|
|s_229_ap_vld             |  out|    1|      ap_vld|                            s_229|       pointer|
|s_228                    |  out|   32|      ap_vld|                            s_228|       pointer|
|s_228_ap_vld             |  out|    1|      ap_vld|                            s_228|       pointer|
|s_227                    |  out|   32|      ap_vld|                            s_227|       pointer|
|s_227_ap_vld             |  out|    1|      ap_vld|                            s_227|       pointer|
|s_226                    |  out|   32|      ap_vld|                            s_226|       pointer|
|s_226_ap_vld             |  out|    1|      ap_vld|                            s_226|       pointer|
|s_225                    |  out|   32|      ap_vld|                            s_225|       pointer|
|s_225_ap_vld             |  out|    1|      ap_vld|                            s_225|       pointer|
|s_224                    |  out|   32|      ap_vld|                            s_224|       pointer|
|s_224_ap_vld             |  out|    1|      ap_vld|                            s_224|       pointer|
|s_223                    |  out|   32|      ap_vld|                            s_223|       pointer|
|s_223_ap_vld             |  out|    1|      ap_vld|                            s_223|       pointer|
|s_222                    |  out|   32|      ap_vld|                            s_222|       pointer|
|s_222_ap_vld             |  out|    1|      ap_vld|                            s_222|       pointer|
|s_221                    |  out|   32|      ap_vld|                            s_221|       pointer|
|s_221_ap_vld             |  out|    1|      ap_vld|                            s_221|       pointer|
|s_220                    |  out|   32|      ap_vld|                            s_220|       pointer|
|s_220_ap_vld             |  out|    1|      ap_vld|                            s_220|       pointer|
|s_219                    |  out|   32|      ap_vld|                            s_219|       pointer|
|s_219_ap_vld             |  out|    1|      ap_vld|                            s_219|       pointer|
|s_218                    |  out|   32|      ap_vld|                            s_218|       pointer|
|s_218_ap_vld             |  out|    1|      ap_vld|                            s_218|       pointer|
|s_217                    |  out|   32|      ap_vld|                            s_217|       pointer|
|s_217_ap_vld             |  out|    1|      ap_vld|                            s_217|       pointer|
|s_216                    |  out|   32|      ap_vld|                            s_216|       pointer|
|s_216_ap_vld             |  out|    1|      ap_vld|                            s_216|       pointer|
|s_215                    |  out|   32|      ap_vld|                            s_215|       pointer|
|s_215_ap_vld             |  out|    1|      ap_vld|                            s_215|       pointer|
|s_214                    |  out|   32|      ap_vld|                            s_214|       pointer|
|s_214_ap_vld             |  out|    1|      ap_vld|                            s_214|       pointer|
|s_213                    |  out|   32|      ap_vld|                            s_213|       pointer|
|s_213_ap_vld             |  out|    1|      ap_vld|                            s_213|       pointer|
|s_212                    |  out|   32|      ap_vld|                            s_212|       pointer|
|s_212_ap_vld             |  out|    1|      ap_vld|                            s_212|       pointer|
|s_211                    |  out|   32|      ap_vld|                            s_211|       pointer|
|s_211_ap_vld             |  out|    1|      ap_vld|                            s_211|       pointer|
|s_210                    |  out|   32|      ap_vld|                            s_210|       pointer|
|s_210_ap_vld             |  out|    1|      ap_vld|                            s_210|       pointer|
|s_209                    |  out|   32|      ap_vld|                            s_209|       pointer|
|s_209_ap_vld             |  out|    1|      ap_vld|                            s_209|       pointer|
|s_208                    |  out|   32|      ap_vld|                            s_208|       pointer|
|s_208_ap_vld             |  out|    1|      ap_vld|                            s_208|       pointer|
|s_207                    |  out|   32|      ap_vld|                            s_207|       pointer|
|s_207_ap_vld             |  out|    1|      ap_vld|                            s_207|       pointer|
|s_206                    |  out|   32|      ap_vld|                            s_206|       pointer|
|s_206_ap_vld             |  out|    1|      ap_vld|                            s_206|       pointer|
|s_205                    |  out|   32|      ap_vld|                            s_205|       pointer|
|s_205_ap_vld             |  out|    1|      ap_vld|                            s_205|       pointer|
|s_204                    |  out|   32|      ap_vld|                            s_204|       pointer|
|s_204_ap_vld             |  out|    1|      ap_vld|                            s_204|       pointer|
|s_203                    |  out|   32|      ap_vld|                            s_203|       pointer|
|s_203_ap_vld             |  out|    1|      ap_vld|                            s_203|       pointer|
|s_202                    |  out|   32|      ap_vld|                            s_202|       pointer|
|s_202_ap_vld             |  out|    1|      ap_vld|                            s_202|       pointer|
|s_201                    |  out|   32|      ap_vld|                            s_201|       pointer|
|s_201_ap_vld             |  out|    1|      ap_vld|                            s_201|       pointer|
|s_200                    |  out|   32|      ap_vld|                            s_200|       pointer|
|s_200_ap_vld             |  out|    1|      ap_vld|                            s_200|       pointer|
|s_199                    |  out|   32|      ap_vld|                            s_199|       pointer|
|s_199_ap_vld             |  out|    1|      ap_vld|                            s_199|       pointer|
|s_198                    |  out|   32|      ap_vld|                            s_198|       pointer|
|s_198_ap_vld             |  out|    1|      ap_vld|                            s_198|       pointer|
|s_197                    |  out|   32|      ap_vld|                            s_197|       pointer|
|s_197_ap_vld             |  out|    1|      ap_vld|                            s_197|       pointer|
|s_196                    |  out|   32|      ap_vld|                            s_196|       pointer|
|s_196_ap_vld             |  out|    1|      ap_vld|                            s_196|       pointer|
|s_195                    |  out|   32|      ap_vld|                            s_195|       pointer|
|s_195_ap_vld             |  out|    1|      ap_vld|                            s_195|       pointer|
|s_194                    |  out|   32|      ap_vld|                            s_194|       pointer|
|s_194_ap_vld             |  out|    1|      ap_vld|                            s_194|       pointer|
|s_193                    |  out|   32|      ap_vld|                            s_193|       pointer|
|s_193_ap_vld             |  out|    1|      ap_vld|                            s_193|       pointer|
|s_192                    |  out|   32|      ap_vld|                            s_192|       pointer|
|s_192_ap_vld             |  out|    1|      ap_vld|                            s_192|       pointer|
|s_191                    |  out|   32|      ap_vld|                            s_191|       pointer|
|s_191_ap_vld             |  out|    1|      ap_vld|                            s_191|       pointer|
|s_190                    |  out|   32|      ap_vld|                            s_190|       pointer|
|s_190_ap_vld             |  out|    1|      ap_vld|                            s_190|       pointer|
|s_189                    |  out|   32|      ap_vld|                            s_189|       pointer|
|s_189_ap_vld             |  out|    1|      ap_vld|                            s_189|       pointer|
|s_188                    |  out|   32|      ap_vld|                            s_188|       pointer|
|s_188_ap_vld             |  out|    1|      ap_vld|                            s_188|       pointer|
|s_187                    |  out|   32|      ap_vld|                            s_187|       pointer|
|s_187_ap_vld             |  out|    1|      ap_vld|                            s_187|       pointer|
|s_186                    |  out|   32|      ap_vld|                            s_186|       pointer|
|s_186_ap_vld             |  out|    1|      ap_vld|                            s_186|       pointer|
|s_185                    |  out|   32|      ap_vld|                            s_185|       pointer|
|s_185_ap_vld             |  out|    1|      ap_vld|                            s_185|       pointer|
|s_184                    |  out|   32|      ap_vld|                            s_184|       pointer|
|s_184_ap_vld             |  out|    1|      ap_vld|                            s_184|       pointer|
|s_183                    |  out|   32|      ap_vld|                            s_183|       pointer|
|s_183_ap_vld             |  out|    1|      ap_vld|                            s_183|       pointer|
|s_182                    |  out|   32|      ap_vld|                            s_182|       pointer|
|s_182_ap_vld             |  out|    1|      ap_vld|                            s_182|       pointer|
|s_181                    |  out|   32|      ap_vld|                            s_181|       pointer|
|s_181_ap_vld             |  out|    1|      ap_vld|                            s_181|       pointer|
|s_180                    |  out|   32|      ap_vld|                            s_180|       pointer|
|s_180_ap_vld             |  out|    1|      ap_vld|                            s_180|       pointer|
|s_179                    |  out|   32|      ap_vld|                            s_179|       pointer|
|s_179_ap_vld             |  out|    1|      ap_vld|                            s_179|       pointer|
|s_178                    |  out|   32|      ap_vld|                            s_178|       pointer|
|s_178_ap_vld             |  out|    1|      ap_vld|                            s_178|       pointer|
|s_177                    |  out|   32|      ap_vld|                            s_177|       pointer|
|s_177_ap_vld             |  out|    1|      ap_vld|                            s_177|       pointer|
|s_176                    |  out|   32|      ap_vld|                            s_176|       pointer|
|s_176_ap_vld             |  out|    1|      ap_vld|                            s_176|       pointer|
|s_175                    |  out|   32|      ap_vld|                            s_175|       pointer|
|s_175_ap_vld             |  out|    1|      ap_vld|                            s_175|       pointer|
|s_174                    |  out|   32|      ap_vld|                            s_174|       pointer|
|s_174_ap_vld             |  out|    1|      ap_vld|                            s_174|       pointer|
|s_173                    |  out|   32|      ap_vld|                            s_173|       pointer|
|s_173_ap_vld             |  out|    1|      ap_vld|                            s_173|       pointer|
|s_172                    |  out|   32|      ap_vld|                            s_172|       pointer|
|s_172_ap_vld             |  out|    1|      ap_vld|                            s_172|       pointer|
|s_171                    |  out|   32|      ap_vld|                            s_171|       pointer|
|s_171_ap_vld             |  out|    1|      ap_vld|                            s_171|       pointer|
|s_170                    |  out|   32|      ap_vld|                            s_170|       pointer|
|s_170_ap_vld             |  out|    1|      ap_vld|                            s_170|       pointer|
|s_169                    |  out|   32|      ap_vld|                            s_169|       pointer|
|s_169_ap_vld             |  out|    1|      ap_vld|                            s_169|       pointer|
|s_168                    |  out|   32|      ap_vld|                            s_168|       pointer|
|s_168_ap_vld             |  out|    1|      ap_vld|                            s_168|       pointer|
|s_167                    |  out|   32|      ap_vld|                            s_167|       pointer|
|s_167_ap_vld             |  out|    1|      ap_vld|                            s_167|       pointer|
|s_166                    |  out|   32|      ap_vld|                            s_166|       pointer|
|s_166_ap_vld             |  out|    1|      ap_vld|                            s_166|       pointer|
|s_165                    |  out|   32|      ap_vld|                            s_165|       pointer|
|s_165_ap_vld             |  out|    1|      ap_vld|                            s_165|       pointer|
|s_164                    |  out|   32|      ap_vld|                            s_164|       pointer|
|s_164_ap_vld             |  out|    1|      ap_vld|                            s_164|       pointer|
|s_163                    |  out|   32|      ap_vld|                            s_163|       pointer|
|s_163_ap_vld             |  out|    1|      ap_vld|                            s_163|       pointer|
|s_162                    |  out|   32|      ap_vld|                            s_162|       pointer|
|s_162_ap_vld             |  out|    1|      ap_vld|                            s_162|       pointer|
|s_161                    |  out|   32|      ap_vld|                            s_161|       pointer|
|s_161_ap_vld             |  out|    1|      ap_vld|                            s_161|       pointer|
|s_160                    |  out|   32|      ap_vld|                            s_160|       pointer|
|s_160_ap_vld             |  out|    1|      ap_vld|                            s_160|       pointer|
|s_159                    |  out|   32|      ap_vld|                            s_159|       pointer|
|s_159_ap_vld             |  out|    1|      ap_vld|                            s_159|       pointer|
|s_158                    |  out|   32|      ap_vld|                            s_158|       pointer|
|s_158_ap_vld             |  out|    1|      ap_vld|                            s_158|       pointer|
|s_157                    |  out|   32|      ap_vld|                            s_157|       pointer|
|s_157_ap_vld             |  out|    1|      ap_vld|                            s_157|       pointer|
|s_156                    |  out|   32|      ap_vld|                            s_156|       pointer|
|s_156_ap_vld             |  out|    1|      ap_vld|                            s_156|       pointer|
|s_155                    |  out|   32|      ap_vld|                            s_155|       pointer|
|s_155_ap_vld             |  out|    1|      ap_vld|                            s_155|       pointer|
|s_154                    |  out|   32|      ap_vld|                            s_154|       pointer|
|s_154_ap_vld             |  out|    1|      ap_vld|                            s_154|       pointer|
|s_153                    |  out|   32|      ap_vld|                            s_153|       pointer|
|s_153_ap_vld             |  out|    1|      ap_vld|                            s_153|       pointer|
|s_152                    |  out|   32|      ap_vld|                            s_152|       pointer|
|s_152_ap_vld             |  out|    1|      ap_vld|                            s_152|       pointer|
|s_151                    |  out|   32|      ap_vld|                            s_151|       pointer|
|s_151_ap_vld             |  out|    1|      ap_vld|                            s_151|       pointer|
|s_150                    |  out|   32|      ap_vld|                            s_150|       pointer|
|s_150_ap_vld             |  out|    1|      ap_vld|                            s_150|       pointer|
|s_149                    |  out|   32|      ap_vld|                            s_149|       pointer|
|s_149_ap_vld             |  out|    1|      ap_vld|                            s_149|       pointer|
|s_148                    |  out|   32|      ap_vld|                            s_148|       pointer|
|s_148_ap_vld             |  out|    1|      ap_vld|                            s_148|       pointer|
|s_147                    |  out|   32|      ap_vld|                            s_147|       pointer|
|s_147_ap_vld             |  out|    1|      ap_vld|                            s_147|       pointer|
|s_146                    |  out|   32|      ap_vld|                            s_146|       pointer|
|s_146_ap_vld             |  out|    1|      ap_vld|                            s_146|       pointer|
|s_145                    |  out|   32|      ap_vld|                            s_145|       pointer|
|s_145_ap_vld             |  out|    1|      ap_vld|                            s_145|       pointer|
|s_144                    |  out|   32|      ap_vld|                            s_144|       pointer|
|s_144_ap_vld             |  out|    1|      ap_vld|                            s_144|       pointer|
|s_143                    |  out|   32|      ap_vld|                            s_143|       pointer|
|s_143_ap_vld             |  out|    1|      ap_vld|                            s_143|       pointer|
|s_142                    |  out|   32|      ap_vld|                            s_142|       pointer|
|s_142_ap_vld             |  out|    1|      ap_vld|                            s_142|       pointer|
|s_141                    |  out|   32|      ap_vld|                            s_141|       pointer|
|s_141_ap_vld             |  out|    1|      ap_vld|                            s_141|       pointer|
|s_140                    |  out|   32|      ap_vld|                            s_140|       pointer|
|s_140_ap_vld             |  out|    1|      ap_vld|                            s_140|       pointer|
|s_139                    |  out|   32|      ap_vld|                            s_139|       pointer|
|s_139_ap_vld             |  out|    1|      ap_vld|                            s_139|       pointer|
|s_138                    |  out|   32|      ap_vld|                            s_138|       pointer|
|s_138_ap_vld             |  out|    1|      ap_vld|                            s_138|       pointer|
|s_137                    |  out|   32|      ap_vld|                            s_137|       pointer|
|s_137_ap_vld             |  out|    1|      ap_vld|                            s_137|       pointer|
|s_136                    |  out|   32|      ap_vld|                            s_136|       pointer|
|s_136_ap_vld             |  out|    1|      ap_vld|                            s_136|       pointer|
|s_135                    |  out|   32|      ap_vld|                            s_135|       pointer|
|s_135_ap_vld             |  out|    1|      ap_vld|                            s_135|       pointer|
|s_134                    |  out|   32|      ap_vld|                            s_134|       pointer|
|s_134_ap_vld             |  out|    1|      ap_vld|                            s_134|       pointer|
|s_133                    |  out|   32|      ap_vld|                            s_133|       pointer|
|s_133_ap_vld             |  out|    1|      ap_vld|                            s_133|       pointer|
|s_132                    |  out|   32|      ap_vld|                            s_132|       pointer|
|s_132_ap_vld             |  out|    1|      ap_vld|                            s_132|       pointer|
|s_131                    |  out|   32|      ap_vld|                            s_131|       pointer|
|s_131_ap_vld             |  out|    1|      ap_vld|                            s_131|       pointer|
|s_130                    |  out|   32|      ap_vld|                            s_130|       pointer|
|s_130_ap_vld             |  out|    1|      ap_vld|                            s_130|       pointer|
|s_129                    |  out|   32|      ap_vld|                            s_129|       pointer|
|s_129_ap_vld             |  out|    1|      ap_vld|                            s_129|       pointer|
|s_128                    |  out|   32|      ap_vld|                            s_128|       pointer|
|s_128_ap_vld             |  out|    1|      ap_vld|                            s_128|       pointer|
|s_127                    |  out|   32|      ap_vld|                            s_127|       pointer|
|s_127_ap_vld             |  out|    1|      ap_vld|                            s_127|       pointer|
|s_126                    |  out|   32|      ap_vld|                            s_126|       pointer|
|s_126_ap_vld             |  out|    1|      ap_vld|                            s_126|       pointer|
|s_125                    |  out|   32|      ap_vld|                            s_125|       pointer|
|s_125_ap_vld             |  out|    1|      ap_vld|                            s_125|       pointer|
|s_124                    |  out|   32|      ap_vld|                            s_124|       pointer|
|s_124_ap_vld             |  out|    1|      ap_vld|                            s_124|       pointer|
|s_123                    |  out|   32|      ap_vld|                            s_123|       pointer|
|s_123_ap_vld             |  out|    1|      ap_vld|                            s_123|       pointer|
|s_122                    |  out|   32|      ap_vld|                            s_122|       pointer|
|s_122_ap_vld             |  out|    1|      ap_vld|                            s_122|       pointer|
|s_121                    |  out|   32|      ap_vld|                            s_121|       pointer|
|s_121_ap_vld             |  out|    1|      ap_vld|                            s_121|       pointer|
|s_120                    |  out|   32|      ap_vld|                            s_120|       pointer|
|s_120_ap_vld             |  out|    1|      ap_vld|                            s_120|       pointer|
|s_119                    |  out|   32|      ap_vld|                            s_119|       pointer|
|s_119_ap_vld             |  out|    1|      ap_vld|                            s_119|       pointer|
|s_118                    |  out|   32|      ap_vld|                            s_118|       pointer|
|s_118_ap_vld             |  out|    1|      ap_vld|                            s_118|       pointer|
|s_117                    |  out|   32|      ap_vld|                            s_117|       pointer|
|s_117_ap_vld             |  out|    1|      ap_vld|                            s_117|       pointer|
|s_116                    |  out|   32|      ap_vld|                            s_116|       pointer|
|s_116_ap_vld             |  out|    1|      ap_vld|                            s_116|       pointer|
|s_115                    |  out|   32|      ap_vld|                            s_115|       pointer|
|s_115_ap_vld             |  out|    1|      ap_vld|                            s_115|       pointer|
|s_114                    |  out|   32|      ap_vld|                            s_114|       pointer|
|s_114_ap_vld             |  out|    1|      ap_vld|                            s_114|       pointer|
|s_113                    |  out|   32|      ap_vld|                            s_113|       pointer|
|s_113_ap_vld             |  out|    1|      ap_vld|                            s_113|       pointer|
|s_112                    |  out|   32|      ap_vld|                            s_112|       pointer|
|s_112_ap_vld             |  out|    1|      ap_vld|                            s_112|       pointer|
|s_111                    |  out|   32|      ap_vld|                            s_111|       pointer|
|s_111_ap_vld             |  out|    1|      ap_vld|                            s_111|       pointer|
|s_110                    |  out|   32|      ap_vld|                            s_110|       pointer|
|s_110_ap_vld             |  out|    1|      ap_vld|                            s_110|       pointer|
|s_109                    |  out|   32|      ap_vld|                            s_109|       pointer|
|s_109_ap_vld             |  out|    1|      ap_vld|                            s_109|       pointer|
|s_108                    |  out|   32|      ap_vld|                            s_108|       pointer|
|s_108_ap_vld             |  out|    1|      ap_vld|                            s_108|       pointer|
|s_107                    |  out|   32|      ap_vld|                            s_107|       pointer|
|s_107_ap_vld             |  out|    1|      ap_vld|                            s_107|       pointer|
|s_106                    |  out|   32|      ap_vld|                            s_106|       pointer|
|s_106_ap_vld             |  out|    1|      ap_vld|                            s_106|       pointer|
|s_105                    |  out|   32|      ap_vld|                            s_105|       pointer|
|s_105_ap_vld             |  out|    1|      ap_vld|                            s_105|       pointer|
|s_104                    |  out|   32|      ap_vld|                            s_104|       pointer|
|s_104_ap_vld             |  out|    1|      ap_vld|                            s_104|       pointer|
|s_103                    |  out|   32|      ap_vld|                            s_103|       pointer|
|s_103_ap_vld             |  out|    1|      ap_vld|                            s_103|       pointer|
|s_102                    |  out|   32|      ap_vld|                            s_102|       pointer|
|s_102_ap_vld             |  out|    1|      ap_vld|                            s_102|       pointer|
|s_101                    |  out|   32|      ap_vld|                            s_101|       pointer|
|s_101_ap_vld             |  out|    1|      ap_vld|                            s_101|       pointer|
|s_100                    |  out|   32|      ap_vld|                            s_100|       pointer|
|s_100_ap_vld             |  out|    1|      ap_vld|                            s_100|       pointer|
|s_99                     |  out|   32|      ap_vld|                             s_99|       pointer|
|s_99_ap_vld              |  out|    1|      ap_vld|                             s_99|       pointer|
|s_98                     |  out|   32|      ap_vld|                             s_98|       pointer|
|s_98_ap_vld              |  out|    1|      ap_vld|                             s_98|       pointer|
|s_97                     |  out|   32|      ap_vld|                             s_97|       pointer|
|s_97_ap_vld              |  out|    1|      ap_vld|                             s_97|       pointer|
|s_96                     |  out|   32|      ap_vld|                             s_96|       pointer|
|s_96_ap_vld              |  out|    1|      ap_vld|                             s_96|       pointer|
|s_95                     |  out|   32|      ap_vld|                             s_95|       pointer|
|s_95_ap_vld              |  out|    1|      ap_vld|                             s_95|       pointer|
|s_94                     |  out|   32|      ap_vld|                             s_94|       pointer|
|s_94_ap_vld              |  out|    1|      ap_vld|                             s_94|       pointer|
|s_93                     |  out|   32|      ap_vld|                             s_93|       pointer|
|s_93_ap_vld              |  out|    1|      ap_vld|                             s_93|       pointer|
|s_92                     |  out|   32|      ap_vld|                             s_92|       pointer|
|s_92_ap_vld              |  out|    1|      ap_vld|                             s_92|       pointer|
|s_91                     |  out|   32|      ap_vld|                             s_91|       pointer|
|s_91_ap_vld              |  out|    1|      ap_vld|                             s_91|       pointer|
|s_90                     |  out|   32|      ap_vld|                             s_90|       pointer|
|s_90_ap_vld              |  out|    1|      ap_vld|                             s_90|       pointer|
|s_89                     |  out|   32|      ap_vld|                             s_89|       pointer|
|s_89_ap_vld              |  out|    1|      ap_vld|                             s_89|       pointer|
|s_88                     |  out|   32|      ap_vld|                             s_88|       pointer|
|s_88_ap_vld              |  out|    1|      ap_vld|                             s_88|       pointer|
|s_87                     |  out|   32|      ap_vld|                             s_87|       pointer|
|s_87_ap_vld              |  out|    1|      ap_vld|                             s_87|       pointer|
|s_86                     |  out|   32|      ap_vld|                             s_86|       pointer|
|s_86_ap_vld              |  out|    1|      ap_vld|                             s_86|       pointer|
|s_85                     |  out|   32|      ap_vld|                             s_85|       pointer|
|s_85_ap_vld              |  out|    1|      ap_vld|                             s_85|       pointer|
|s_84                     |  out|   32|      ap_vld|                             s_84|       pointer|
|s_84_ap_vld              |  out|    1|      ap_vld|                             s_84|       pointer|
|s_83                     |  out|   32|      ap_vld|                             s_83|       pointer|
|s_83_ap_vld              |  out|    1|      ap_vld|                             s_83|       pointer|
|s_82                     |  out|   32|      ap_vld|                             s_82|       pointer|
|s_82_ap_vld              |  out|    1|      ap_vld|                             s_82|       pointer|
|s_81                     |  out|   32|      ap_vld|                             s_81|       pointer|
|s_81_ap_vld              |  out|    1|      ap_vld|                             s_81|       pointer|
|s_80                     |  out|   32|      ap_vld|                             s_80|       pointer|
|s_80_ap_vld              |  out|    1|      ap_vld|                             s_80|       pointer|
|s_79                     |  out|   32|      ap_vld|                             s_79|       pointer|
|s_79_ap_vld              |  out|    1|      ap_vld|                             s_79|       pointer|
|s_78                     |  out|   32|      ap_vld|                             s_78|       pointer|
|s_78_ap_vld              |  out|    1|      ap_vld|                             s_78|       pointer|
|s_77                     |  out|   32|      ap_vld|                             s_77|       pointer|
|s_77_ap_vld              |  out|    1|      ap_vld|                             s_77|       pointer|
|s_76                     |  out|   32|      ap_vld|                             s_76|       pointer|
|s_76_ap_vld              |  out|    1|      ap_vld|                             s_76|       pointer|
|s_75                     |  out|   32|      ap_vld|                             s_75|       pointer|
|s_75_ap_vld              |  out|    1|      ap_vld|                             s_75|       pointer|
|s_74                     |  out|   32|      ap_vld|                             s_74|       pointer|
|s_74_ap_vld              |  out|    1|      ap_vld|                             s_74|       pointer|
|s_73                     |  out|   32|      ap_vld|                             s_73|       pointer|
|s_73_ap_vld              |  out|    1|      ap_vld|                             s_73|       pointer|
|s_72                     |  out|   32|      ap_vld|                             s_72|       pointer|
|s_72_ap_vld              |  out|    1|      ap_vld|                             s_72|       pointer|
|s_71                     |  out|   32|      ap_vld|                             s_71|       pointer|
|s_71_ap_vld              |  out|    1|      ap_vld|                             s_71|       pointer|
|s_70                     |  out|   32|      ap_vld|                             s_70|       pointer|
|s_70_ap_vld              |  out|    1|      ap_vld|                             s_70|       pointer|
|s_69                     |  out|   32|      ap_vld|                             s_69|       pointer|
|s_69_ap_vld              |  out|    1|      ap_vld|                             s_69|       pointer|
|s_68                     |  out|   32|      ap_vld|                             s_68|       pointer|
|s_68_ap_vld              |  out|    1|      ap_vld|                             s_68|       pointer|
|s_67                     |  out|   32|      ap_vld|                             s_67|       pointer|
|s_67_ap_vld              |  out|    1|      ap_vld|                             s_67|       pointer|
|s_66                     |  out|   32|      ap_vld|                             s_66|       pointer|
|s_66_ap_vld              |  out|    1|      ap_vld|                             s_66|       pointer|
|s_65                     |  out|   32|      ap_vld|                             s_65|       pointer|
|s_65_ap_vld              |  out|    1|      ap_vld|                             s_65|       pointer|
|s_64                     |  out|   32|      ap_vld|                             s_64|       pointer|
|s_64_ap_vld              |  out|    1|      ap_vld|                             s_64|       pointer|
|s_63                     |  out|   32|      ap_vld|                             s_63|       pointer|
|s_63_ap_vld              |  out|    1|      ap_vld|                             s_63|       pointer|
|s_62                     |  out|   32|      ap_vld|                             s_62|       pointer|
|s_62_ap_vld              |  out|    1|      ap_vld|                             s_62|       pointer|
|s_61                     |  out|   32|      ap_vld|                             s_61|       pointer|
|s_61_ap_vld              |  out|    1|      ap_vld|                             s_61|       pointer|
|s_60                     |  out|   32|      ap_vld|                             s_60|       pointer|
|s_60_ap_vld              |  out|    1|      ap_vld|                             s_60|       pointer|
|s_59                     |  out|   32|      ap_vld|                             s_59|       pointer|
|s_59_ap_vld              |  out|    1|      ap_vld|                             s_59|       pointer|
|s_58                     |  out|   32|      ap_vld|                             s_58|       pointer|
|s_58_ap_vld              |  out|    1|      ap_vld|                             s_58|       pointer|
|s_57                     |  out|   32|      ap_vld|                             s_57|       pointer|
|s_57_ap_vld              |  out|    1|      ap_vld|                             s_57|       pointer|
|s_56                     |  out|   32|      ap_vld|                             s_56|       pointer|
|s_56_ap_vld              |  out|    1|      ap_vld|                             s_56|       pointer|
|s_55                     |  out|   32|      ap_vld|                             s_55|       pointer|
|s_55_ap_vld              |  out|    1|      ap_vld|                             s_55|       pointer|
|s_54                     |  out|   32|      ap_vld|                             s_54|       pointer|
|s_54_ap_vld              |  out|    1|      ap_vld|                             s_54|       pointer|
|s_53                     |  out|   32|      ap_vld|                             s_53|       pointer|
|s_53_ap_vld              |  out|    1|      ap_vld|                             s_53|       pointer|
|s_52                     |  out|   32|      ap_vld|                             s_52|       pointer|
|s_52_ap_vld              |  out|    1|      ap_vld|                             s_52|       pointer|
|s_51                     |  out|   32|      ap_vld|                             s_51|       pointer|
|s_51_ap_vld              |  out|    1|      ap_vld|                             s_51|       pointer|
|s_50                     |  out|   32|      ap_vld|                             s_50|       pointer|
|s_50_ap_vld              |  out|    1|      ap_vld|                             s_50|       pointer|
|s_49                     |  out|   32|      ap_vld|                             s_49|       pointer|
|s_49_ap_vld              |  out|    1|      ap_vld|                             s_49|       pointer|
|s_48                     |  out|   32|      ap_vld|                             s_48|       pointer|
|s_48_ap_vld              |  out|    1|      ap_vld|                             s_48|       pointer|
|s_47                     |  out|   32|      ap_vld|                             s_47|       pointer|
|s_47_ap_vld              |  out|    1|      ap_vld|                             s_47|       pointer|
|s_46                     |  out|   32|      ap_vld|                             s_46|       pointer|
|s_46_ap_vld              |  out|    1|      ap_vld|                             s_46|       pointer|
|s_45                     |  out|   32|      ap_vld|                             s_45|       pointer|
|s_45_ap_vld              |  out|    1|      ap_vld|                             s_45|       pointer|
|s_44                     |  out|   32|      ap_vld|                             s_44|       pointer|
|s_44_ap_vld              |  out|    1|      ap_vld|                             s_44|       pointer|
|s_43                     |  out|   32|      ap_vld|                             s_43|       pointer|
|s_43_ap_vld              |  out|    1|      ap_vld|                             s_43|       pointer|
|s_42                     |  out|   32|      ap_vld|                             s_42|       pointer|
|s_42_ap_vld              |  out|    1|      ap_vld|                             s_42|       pointer|
|s_41                     |  out|   32|      ap_vld|                             s_41|       pointer|
|s_41_ap_vld              |  out|    1|      ap_vld|                             s_41|       pointer|
|s_40                     |  out|   32|      ap_vld|                             s_40|       pointer|
|s_40_ap_vld              |  out|    1|      ap_vld|                             s_40|       pointer|
|s_39                     |  out|   32|      ap_vld|                             s_39|       pointer|
|s_39_ap_vld              |  out|    1|      ap_vld|                             s_39|       pointer|
|s_38                     |  out|   32|      ap_vld|                             s_38|       pointer|
|s_38_ap_vld              |  out|    1|      ap_vld|                             s_38|       pointer|
|s_37                     |  out|   32|      ap_vld|                             s_37|       pointer|
|s_37_ap_vld              |  out|    1|      ap_vld|                             s_37|       pointer|
|s_36                     |  out|   32|      ap_vld|                             s_36|       pointer|
|s_36_ap_vld              |  out|    1|      ap_vld|                             s_36|       pointer|
|s_35                     |  out|   32|      ap_vld|                             s_35|       pointer|
|s_35_ap_vld              |  out|    1|      ap_vld|                             s_35|       pointer|
|s_34                     |  out|   32|      ap_vld|                             s_34|       pointer|
|s_34_ap_vld              |  out|    1|      ap_vld|                             s_34|       pointer|
|s_33                     |  out|   32|      ap_vld|                             s_33|       pointer|
|s_33_ap_vld              |  out|    1|      ap_vld|                             s_33|       pointer|
|s_32                     |  out|   32|      ap_vld|                             s_32|       pointer|
|s_32_ap_vld              |  out|    1|      ap_vld|                             s_32|       pointer|
|s_31                     |  out|   32|      ap_vld|                             s_31|       pointer|
|s_31_ap_vld              |  out|    1|      ap_vld|                             s_31|       pointer|
|s_30                     |  out|   32|      ap_vld|                             s_30|       pointer|
|s_30_ap_vld              |  out|    1|      ap_vld|                             s_30|       pointer|
|s_29                     |  out|   32|      ap_vld|                             s_29|       pointer|
|s_29_ap_vld              |  out|    1|      ap_vld|                             s_29|       pointer|
|s_28                     |  out|   32|      ap_vld|                             s_28|       pointer|
|s_28_ap_vld              |  out|    1|      ap_vld|                             s_28|       pointer|
|s_27                     |  out|   32|      ap_vld|                             s_27|       pointer|
|s_27_ap_vld              |  out|    1|      ap_vld|                             s_27|       pointer|
|s_26                     |  out|   32|      ap_vld|                             s_26|       pointer|
|s_26_ap_vld              |  out|    1|      ap_vld|                             s_26|       pointer|
|s_25                     |  out|   32|      ap_vld|                             s_25|       pointer|
|s_25_ap_vld              |  out|    1|      ap_vld|                             s_25|       pointer|
|s_24                     |  out|   32|      ap_vld|                             s_24|       pointer|
|s_24_ap_vld              |  out|    1|      ap_vld|                             s_24|       pointer|
|s_23                     |  out|   32|      ap_vld|                             s_23|       pointer|
|s_23_ap_vld              |  out|    1|      ap_vld|                             s_23|       pointer|
|s_22                     |  out|   32|      ap_vld|                             s_22|       pointer|
|s_22_ap_vld              |  out|    1|      ap_vld|                             s_22|       pointer|
|s_21                     |  out|   32|      ap_vld|                             s_21|       pointer|
|s_21_ap_vld              |  out|    1|      ap_vld|                             s_21|       pointer|
|s_20                     |  out|   32|      ap_vld|                             s_20|       pointer|
|s_20_ap_vld              |  out|    1|      ap_vld|                             s_20|       pointer|
|s_19                     |  out|   32|      ap_vld|                             s_19|       pointer|
|s_19_ap_vld              |  out|    1|      ap_vld|                             s_19|       pointer|
|s_18                     |  out|   32|      ap_vld|                             s_18|       pointer|
|s_18_ap_vld              |  out|    1|      ap_vld|                             s_18|       pointer|
|s_17                     |  out|   32|      ap_vld|                             s_17|       pointer|
|s_17_ap_vld              |  out|    1|      ap_vld|                             s_17|       pointer|
|s_16                     |  out|   32|      ap_vld|                             s_16|       pointer|
|s_16_ap_vld              |  out|    1|      ap_vld|                             s_16|       pointer|
|s_15                     |  out|   32|      ap_vld|                             s_15|       pointer|
|s_15_ap_vld              |  out|    1|      ap_vld|                             s_15|       pointer|
|s_14                     |  out|   32|      ap_vld|                             s_14|       pointer|
|s_14_ap_vld              |  out|    1|      ap_vld|                             s_14|       pointer|
|s_13                     |  out|   32|      ap_vld|                             s_13|       pointer|
|s_13_ap_vld              |  out|    1|      ap_vld|                             s_13|       pointer|
|s_12                     |  out|   32|      ap_vld|                             s_12|       pointer|
|s_12_ap_vld              |  out|    1|      ap_vld|                             s_12|       pointer|
|s_11                     |  out|   32|      ap_vld|                             s_11|       pointer|
|s_11_ap_vld              |  out|    1|      ap_vld|                             s_11|       pointer|
|s_10                     |  out|   32|      ap_vld|                             s_10|       pointer|
|s_10_ap_vld              |  out|    1|      ap_vld|                             s_10|       pointer|
|s_9                      |  out|   32|      ap_vld|                              s_9|       pointer|
|s_9_ap_vld               |  out|    1|      ap_vld|                              s_9|       pointer|
|s_8                      |  out|   32|      ap_vld|                              s_8|       pointer|
|s_8_ap_vld               |  out|    1|      ap_vld|                              s_8|       pointer|
|s_7                      |  out|   32|      ap_vld|                              s_7|       pointer|
|s_7_ap_vld               |  out|    1|      ap_vld|                              s_7|       pointer|
|s_6                      |  out|   32|      ap_vld|                              s_6|       pointer|
|s_6_ap_vld               |  out|    1|      ap_vld|                              s_6|       pointer|
|s_5                      |  out|   32|      ap_vld|                              s_5|       pointer|
|s_5_ap_vld               |  out|    1|      ap_vld|                              s_5|       pointer|
|s_4                      |  out|   32|      ap_vld|                              s_4|       pointer|
|s_4_ap_vld               |  out|    1|      ap_vld|                              s_4|       pointer|
|s_3                      |  out|   32|      ap_vld|                              s_3|       pointer|
|s_3_ap_vld               |  out|    1|      ap_vld|                              s_3|       pointer|
|s_2                      |  out|   32|      ap_vld|                              s_2|       pointer|
|s_2_ap_vld               |  out|    1|      ap_vld|                              s_2|       pointer|
+-------------------------+-----+-----+------------+---------------------------------+--------------+

